[main][1/14] rm -rf repo clover clover.xml git.log tests.sh
[main][2/14] git clone --depth 1 --recursive https://github.com/addthis/stream-lib repo
'repo'에 복제합니다...
[main][3/14] java -version
openjdk version "1.8.0_312"
OpenJDK Runtime Environment (Zulu 8.58.0.13-CA-macos-aarch64) (build 1.8.0_312-b07)
OpenJDK 64-Bit Server VM (Zulu 8.58.0.13-CA-macos-aarch64) (build 25.312-b07, mixed mode)
[main][4/14] mvn --version
Apache Maven 3.8.4 (9b656c72d54e5bacbed989b64718c159fe39b537)
Maven home: /opt/homebrew/Cellar/maven/3.8.4/libexec
Java version: 1.8.0_312, vendor: Azul Systems, Inc., runtime: /Library/Java/JavaVirtualMachines/zulu-8.jdk/Contents/Home/jre
Default locale: ko_KR, platform encoding: UTF-8
OS name: "mac os x", version: "11.6", arch: "aarch64", family: "mac"
[main][5/14] git --version
git version 2.33.1
[main][6/14] git --git-dir repo/.git config --get remote.origin.url > git.log
[main][7/14] git --git-dir repo/.git log -n 1 --format=%ct%n%H >> git.log
[main][8/14] mvn --file repo/pom.xml --fail-never clean test
[INFO] Scanning for projects...
[INFO] 
[INFO] ------------------< com.clearspring.analytics:stream >------------------
[INFO] Building stream-lib 2.9.9-SNAPSHOT
[INFO] --------------------------------[ jar ]---------------------------------
[INFO] 
[INFO] --- maven-clean-plugin:2.5:clean (default-clean) @ stream ---
[INFO] 
[INFO] --- jacoco-maven-plugin:0.7.6.201602180812:prepare-agent (default) @ stream ---
[WARNING] The artifact xml-apis:xml-apis:jar:2.0.2 has been relocated to xml-apis:xml-apis:jar:1.0.b2
[INFO] argLine set to -javaagent:/Users/seyoung/.m2/repository/org/jacoco/org.jacoco.agent/0.7.6.201602180812/org.jacoco.agent-0.7.6.201602180812-runtime.jar=destfile=/Users/seyoung/data/repo/target/jacoco.exec
[INFO] 
[INFO] --- maven-resources-plugin:2.6:resources (default-resources) @ stream ---
[INFO] Using 'UTF-8' encoding to copy filtered resources.
[INFO] skip non existing resourceDirectory /Users/seyoung/data/repo/src/main/resources
[INFO] 
[INFO] --- maven-compiler-plugin:3.5.1:compile (default-compile) @ stream ---
[INFO] Changes detected - recompiling the module!
[INFO] Compiling 48 source files to /Users/seyoung/data/repo/target/classes
[INFO] 
[INFO] --- maven-resources-plugin:2.6:testResources (default-testResources) @ stream ---
[INFO] Using 'UTF-8' encoding to copy filtered resources.
[INFO] Copying 1 resource
[INFO] 
[INFO] --- maven-compiler-plugin:3.5.1:testCompile (default-testCompile) @ stream ---
[INFO] Changes detected - recompiling the module!
[INFO] Compiling 29 source files to /Users/seyoung/data/repo/target/test-classes
[WARNING] /Users/seyoung/data/repo/src/test/java/com/clearspring/analytics/stream/cardinality/TestHyperLogLog.java:[146,29] HyperLogLog(int,com.clearspring.analytics.stream.cardinality.RegisterSet) in com.clearspring.analytics.stream.cardinality.HyperLogLog has been deprecated
[WARNING] /Users/seyoung/data/repo/src/test/java/com/clearspring/analytics/stream/cardinality/TestHyperLogLog.java:[147,30] HyperLogLog(int,com.clearspring.analytics.stream.cardinality.RegisterSet) in com.clearspring.analytics.stream.cardinality.HyperLogLog has been deprecated
[WARNING] /Users/seyoung/data/repo/src/test/java/com/clearspring/analytics/stream/cardinality/TestCountThenEstimate.java:[169,58] Builder(double) in com.clearspring.analytics.stream.cardinality.HyperLogLog.Builder has been deprecated
[WARNING] /Users/seyoung/data/repo/src/test/java/com/clearspring/analytics/stream/cardinality/TestCountThenEstimate.java:[209,58] Builder(double) in com.clearspring.analytics.stream.cardinality.HyperLogLog.Builder has been deprecated
[INFO] 
[INFO] --- maven-surefire-plugin:2.19.1:test (default-test) @ stream ---

-------------------------------------------------------
 T E S T S
-------------------------------------------------------
Running com.clearspring.experimental.stream.cardinality.TestHyperBitBit
Tests run: 3, Failures: 0, Errors: 0, Skipped: 3, Time elapsed: 0.057 sec - in com.clearspring.experimental.stream.cardinality.TestHyperBitBit
Running com.clearspring.analytics.util.TestDoublyLinkedList
Tests run: 7, Failures: 0, Errors: 0, Skipped: 0, Time elapsed: 0.001 sec - in com.clearspring.analytics.util.TestDoublyLinkedList
Running com.clearspring.analytics.hash.TestLookup3Hash
Tests run: 2, Failures: 0, Errors: 0, Skipped: 0, Time elapsed: 0.018 sec - in com.clearspring.analytics.hash.TestLookup3Hash
Running com.clearspring.analytics.hash.TestMurmurHash
Tests run: 4, Failures: 0, Errors: 0, Skipped: 0, Time elapsed: 0.001 sec - in com.clearspring.analytics.hash.TestMurmurHash
Running com.clearspring.analytics.stream.TestStreamSummary
Geometric:
0
1
2
3
4
[{24736:[{0:0}]},{19007:[{1:0}]},{13988:[{2:0}]},{10427:[{3:0}]},{8026:[{4:1}]},{5922:[{5:0}]},{4495:[{6:2897}]},{4467:[{11:4460}]},{4466:[{7:4462},{20:4465}]}]
[{1:[{X:0}]}]
[{2:[{X:0}]}]
[{2:[{X:0}]},{1:[{Y:0}]}]
[{2:[{X:0}]},{1:[{Y:0},{Z:0}]}]
[{2:[{X:0},{A:1}]},{1:[{Z:0}]}]
[{2:[{X:0},{A:1},{B:1}]}]
[{3:[{C:2}]},{2:[{A:1},{B:1}]}]
[{3:[{C:2},{X:2}]},{2:[{B:1}]}]
[{4:[{X:2}]},{3:[{C:2}]},{2:[{B:1}]}]
[{4:[{X:2}]},{3:[{C:2},{A:2}]}]
[{4:[{X:2},{A:2}]},{3:[{C:2}]}]
[{5:[{A:2}]},{4:[{X:2}]},{3:[{C:2}]}]
Insert with counts vs. single inserts:
[{45:[{D:15}]},{25:[{C:0}]},{21:[{A:20}]}]
[{45:[{D:15}]},{25:[{C:0}]},{21:[{A:20}]}]
Tests run: 8, Failures: 0, Errors: 0, Skipped: 0, Time elapsed: 0.107 sec - in com.clearspring.analytics.stream.TestStreamSummary
Running com.clearspring.analytics.stream.cardinality.TestLinearCounting
Tests run: 8, Failures: 0, Errors: 0, Skipped: 0, Time elapsed: 0.015 sec - in com.clearspring.analytics.stream.cardinality.TestLinearCounting
Running com.clearspring.analytics.stream.cardinality.TestICardinality
size: 65536 bytes
996512
% Error: 0.3488
Tests run: 2, Failures: 0, Errors: 0, Skipped: 0, Time elapsed: 0.177 sec - in com.clearspring.analytics.stream.cardinality.TestICardinality
Running com.clearspring.analytics.stream.cardinality.TestCountThenEstimate
Tests run: 7, Failures: 0, Errors: 0, Skipped: 0, Time elapsed: 0.026 sec - in com.clearspring.analytics.stream.cardinality.TestCountThenEstimate
Running com.clearspring.analytics.stream.cardinality.RegisterSetTest
Tests run: 5, Failures: 0, Errors: 0, Skipped: 0, Time elapsed: 0.001 sec - in com.clearspring.analytics.stream.cardinality.RegisterSetTest
Running com.clearspring.analytics.stream.cardinality.TestAndGraphResults
Tests run: 1, Failures: 0, Errors: 0, Skipped: 1, Time elapsed: 0 sec - in com.clearspring.analytics.stream.cardinality.TestAndGraphResults
Running com.clearspring.analytics.stream.cardinality.TestAdaptiveCounting
Tests run: 6, Failures: 0, Errors: 0, Skipped: 1, Time elapsed: 0.208 sec - in com.clearspring.analytics.stream.cardinality.TestAdaptiveCounting
Running com.clearspring.analytics.stream.cardinality.TestHyperLogLogPlus
Size: 13726
4-16: 0 -> 0
4-17: 0 -> 0
4-18: 0 -> 0
4-19: 0 -> 0
4-20: 0 -> 0
4-21: 0 -> 0
4-22: 0 -> 0
4-23: 0 -> 0
4-24: 0 -> 0
4-25: 0 -> 0
4-26: 0 -> 0
4-27: 0 -> 0
4-28: 0 -> 0
4-29: 0 -> 0
4-30: 0 -> 0
4-31: 0 -> 0
4-32: 0 -> 0
5-16: 0 -> 0
5-17: 0 -> 0
5-18: 0 -> 0
5-19: 0 -> 0
5-20: 0 -> 0
5-21: 0 -> 0
5-22: 0 -> 0
5-23: 0 -> 0
5-24: 0 -> 0
5-25: 0 -> 0
5-26: 0 -> 0
5-27: 0 -> 0
5-28: 0 -> 0
5-29: 0 -> 0
5-30: 0 -> 0
5-31: 0 -> 0
5-32: 0 -> 0
6-16: 0 -> 0
6-17: 0 -> 0
6-18: 0 -> 0
6-19: 0 -> 0
6-20: 0 -> 0
6-21: 0 -> 0
6-22: 0 -> 0
6-23: 0 -> 0
6-24: 0 -> 0
6-25: 0 -> 0
6-26: 0 -> 0
6-27: 0 -> 0
6-28: 0 -> 0
6-29: 0 -> 0
6-30: 0 -> 0
6-31: 0 -> 0
6-32: 0 -> 0
7-16: 0 -> 0
7-17: 0 -> 0
7-18: 0 -> 0
7-19: 0 -> 0
7-20: 0 -> 0
7-21: 0 -> 0
7-22: 0 -> 0
7-23: 0 -> 0
7-24: 0 -> 0
7-25: 0 -> 0
7-26: 0 -> 0
7-27: 0 -> 0
7-28: 0 -> 0
7-29: 0 -> 0
7-30: 0 -> 0
7-31: 0 -> 0
7-32: 0 -> 0
8-16: 0 -> 0
8-17: 0 -> 0
8-18: 0 -> 0
8-19: 0 -> 0
8-20: 0 -> 0
8-21: 0 -> 0
8-22: 0 -> 0
8-23: 0 -> 0
8-24: 0 -> 0
8-25: 0 -> 0
8-26: 0 -> 0
8-27: 0 -> 0
8-28: 0 -> 0
8-29: 0 -> 0
8-30: 0 -> 0
8-31: 0 -> 0
8-32: 0 -> 0
9-16: 0 -> 0
9-17: 0 -> 0
9-18: 0 -> 0
9-19: 0 -> 0
9-20: 0 -> 0
9-21: 0 -> 0
9-22: 0 -> 0
9-23: 0 -> 0
9-24: 0 -> 0
9-25: 0 -> 0
9-26: 0 -> 0
9-27: 0 -> 0
9-28: 0 -> 0
9-29: 0 -> 0
9-30: 0 -> 0
9-31: 0 -> 0
9-32: 0 -> 0
10-16: 0 -> 0
10-17: 0 -> 0
10-18: 0 -> 0
10-19: 0 -> 0
10-20: 0 -> 0
10-21: 0 -> 0
10-22: 0 -> 0
10-23: 0 -> 0
10-24: 0 -> 0
10-25: 0 -> 0
10-26: 0 -> 0
10-27: 0 -> 0
10-28: 0 -> 0
10-29: 0 -> 0
10-30: 0 -> 0
10-31: 0 -> 0
10-32: 0 -> 0
11-16: 0 -> 0
11-17: 0 -> 0
11-18: 0 -> 0
11-19: 0 -> 0
11-20: 0 -> 0
11-21: 0 -> 0
11-22: 0 -> 0
11-23: 0 -> 0
11-24: 0 -> 0
11-25: 0 -> 0
11-26: 0 -> 0
11-27: 0 -> 0
11-28: 0 -> 0
11-29: 0 -> 0
11-30: 0 -> 0
11-31: 0 -> 0
11-32: 0 -> 0
12-16: 0 -> 0
12-17: 0 -> 0
12-18: 0 -> 0
12-19: 0 -> 0
12-20: 0 -> 0
12-21: 0 -> 0
12-22: 0 -> 0
12-23: 0 -> 0
12-24: 0 -> 0
12-25: 0 -> 0
12-26: 0 -> 0
12-27: 0 -> 0
12-28: 0 -> 0
12-29: 0 -> 0
12-30: 0 -> 0
12-31: 0 -> 0
12-32: 0 -> 0
13-16: 0 -> 0
13-17: 0 -> 0
13-18: 0 -> 0
13-19: 0 -> 0
13-20: 0 -> 0
13-21: 0 -> 0
13-22: 0 -> 0
13-23: 0 -> 0
13-24: 0 -> 0
13-25: 0 -> 0
13-26: 0 -> 0
13-27: 0 -> 0
13-28: 0 -> 0
13-29: 0 -> 0
13-30: 0 -> 0
13-31: 0 -> 0
13-32: 0 -> 0
14-16: 0 -> 0
14-17: 0 -> 0
14-18: 0 -> 0
14-19: 0 -> 0
14-20: 0 -> 0
14-21: 0 -> 0
14-22: 0 -> 0
14-23: 0 -> 0
14-24: 0 -> 0
14-25: 0 -> 0
14-26: 0 -> 0
14-27: 0 -> 0
14-28: 0 -> 0
14-29: 0 -> 0
14-30: 0 -> 0
14-31: 0 -> 0
14-32: 0 -> 0
15-16: 0 -> 0
15-17: 0 -> 0
15-18: 0 -> 0
15-19: 0 -> 0
15-20: 0 -> 0
15-21: 0 -> 0
15-22: 0 -> 0
15-23: 0 -> 0
15-24: 0 -> 0
15-25: 0 -> 0
15-26: 0 -> 0
15-27: 0 -> 0
15-28: 0 -> 0
15-29: 0 -> 0
15-30: 0 -> 0
15-31: 0 -> 0
15-32: 0 -> 0
16-16: 0 -> 0
16-17: 0 -> 0
16-18: 0 -> 0
16-19: 0 -> 0
16-20: 0 -> 0
16-21: 0 -> 0
16-22: 0 -> 0
16-23: 0 -> 0
16-24: 0 -> 0
16-25: 0 -> 0
16-26: 0 -> 0
16-27: 0 -> 0
16-28: 0 -> 0
16-29: 0 -> 0
16-30: 0 -> 0
16-31: 0 -> 0
16-32: 0 -> 0
17-17: 0 -> 0
17-18: 0 -> 0
17-19: 0 -> 0
17-20: 0 -> 0
17-21: 0 -> 0
17-22: 0 -> 0
17-23: 0 -> 0
17-24: 0 -> 0
17-25: 0 -> 0
17-26: 0 -> 0
17-27: 0 -> 0
17-28: 0 -> 0
17-29: 0 -> 0
17-30: 0 -> 0
17-31: 0 -> 0
17-32: 0 -> 0
18-18: 0 -> 0
18-19: 0 -> 0
18-20: 0 -> 0
18-21: 0 -> 0
18-22: 0 -> 0
18-23: 0 -> 0
18-24: 0 -> 0
18-25: 0 -> 0
18-26: 0 -> 0
18-27: 0 -> 0
18-28: 0 -> 0
18-29: 0 -> 0
18-30: 0 -> 0
18-31: 0 -> 0
18-32: 0 -> 0
19-19: 0 -> 0
19-20: 0 -> 0
19-21: 0 -> 0
19-22: 0 -> 0
19-23: 0 -> 0
19-24: 0 -> 0
19-25: 0 -> 0
19-26: 0 -> 0
19-27: 0 -> 0
19-28: 0 -> 0
19-29: 0 -> 0
19-30: 0 -> 0
19-31: 0 -> 0
19-32: 0 -> 0
20-20: 0 -> 0
20-21: 0 -> 0
20-22: 0 -> 0
20-23: 0 -> 0
20-24: 0 -> 0
20-25: 0 -> 0
20-26: 0 -> 0
20-27: 0 -> 0
20-28: 0 -> 0
20-29: 0 -> 0
20-30: 0 -> 0
20-31: 0 -> 0
20-32: 0 -> 0
4-16: 1 -> 1
4-17: 1 -> 1
4-18: 1 -> 1
4-19: 1 -> 1
4-20: 1 -> 1
4-21: 1 -> 1
4-22: 1 -> 1
4-23: 1 -> 1
4-24: 1 -> 1
4-25: 1 -> 1
4-26: 1 -> 1
4-27: 1 -> 1
4-28: 1 -> 1
4-29: 1 -> 1
4-30: 1 -> 1
4-31: 1 -> 1
4-32: 1 -> 1
5-16: 1 -> 1
5-17: 1 -> 1
5-18: 1 -> 1
5-19: 1 -> 1
5-20: 1 -> 1
5-21: 1 -> 1
5-22: 1 -> 1
5-23: 1 -> 1
5-24: 1 -> 1
5-25: 1 -> 1
5-26: 1 -> 1
5-27: 1 -> 1
5-28: 1 -> 1
5-29: 1 -> 1
5-30: 1 -> 1
5-31: 1 -> 1
5-32: 1 -> 1
6-16: 1 -> 1
6-17: 1 -> 1
6-18: 1 -> 1
6-19: 1 -> 1
6-20: 1 -> 1
6-21: 1 -> 1
6-22: 1 -> 1
6-23: 1 -> 1
6-24: 1 -> 1
6-25: 1 -> 1
6-26: 1 -> 1
6-27: 1 -> 1
6-28: 1 -> 1
6-29: 1 -> 1
6-30: 1 -> 1
6-31: 1 -> 1
6-32: 1 -> 1
7-16: 1 -> 1
7-17: 1 -> 1
7-18: 1 -> 1
7-19: 1 -> 1
7-20: 1 -> 1
7-21: 1 -> 1
7-22: 1 -> 1
7-23: 1 -> 1
7-24: 1 -> 1
7-25: 1 -> 1
7-26: 1 -> 1
7-27: 1 -> 1
7-28: 1 -> 1
7-29: 1 -> 1
7-30: 1 -> 1
7-31: 1 -> 1
7-32: 1 -> 1
8-16: 1 -> 1
8-17: 1 -> 1
8-18: 1 -> 1
8-19: 1 -> 1
8-20: 1 -> 1
8-21: 1 -> 1
8-22: 1 -> 1
8-23: 1 -> 1
8-24: 1 -> 1
8-25: 1 -> 1
8-26: 1 -> 1
8-27: 1 -> 1
8-28: 1 -> 1
8-29: 1 -> 1
8-30: 1 -> 1
8-31: 1 -> 1
8-32: 1 -> 1
9-16: 1 -> 1
9-17: 1 -> 1
9-18: 1 -> 1
9-19: 1 -> 1
9-20: 1 -> 1
9-21: 1 -> 1
9-22: 1 -> 1
9-23: 1 -> 1
9-24: 1 -> 1
9-25: 1 -> 1
9-26: 1 -> 1
9-27: 1 -> 1
9-28: 1 -> 1
9-29: 1 -> 1
9-30: 1 -> 1
9-31: 1 -> 1
9-32: 1 -> 1
10-16: 1 -> 1
10-17: 1 -> 1
10-18: 1 -> 1
10-19: 1 -> 1
10-20: 1 -> 1
10-21: 1 -> 1
10-22: 1 -> 1
10-23: 1 -> 1
10-24: 1 -> 1
10-25: 1 -> 1
10-26: 1 -> 1
10-27: 1 -> 1
10-28: 1 -> 1
10-29: 1 -> 1
10-30: 1 -> 1
10-31: 1 -> 1
10-32: 1 -> 1
11-16: 1 -> 1
11-17: 1 -> 1
11-18: 1 -> 1
11-19: 1 -> 1
11-20: 1 -> 1
11-21: 1 -> 1
11-22: 1 -> 1
11-23: 1 -> 1
11-24: 1 -> 1
11-25: 1 -> 1
11-26: 1 -> 1
11-27: 1 -> 1
11-28: 1 -> 1
11-29: 1 -> 1
11-30: 1 -> 1
11-31: 1 -> 1
11-32: 1 -> 1
12-16: 1 -> 1
12-17: 1 -> 1
12-18: 1 -> 1
12-19: 1 -> 1
12-20: 1 -> 1
12-21: 1 -> 1
12-22: 1 -> 1
12-23: 1 -> 1
12-24: 1 -> 1
12-25: 1 -> 1
12-26: 1 -> 1
12-27: 1 -> 1
12-28: 1 -> 1
12-29: 1 -> 1
12-30: 1 -> 1
12-31: 1 -> 1
12-32: 1 -> 1
13-16: 1 -> 1
13-17: 1 -> 1
13-18: 1 -> 1
13-19: 1 -> 1
13-20: 1 -> 1
13-21: 1 -> 1
13-22: 1 -> 1
13-23: 1 -> 1
13-24: 1 -> 1
13-25: 1 -> 1
13-26: 1 -> 1
13-27: 1 -> 1
13-28: 1 -> 1
13-29: 1 -> 1
13-30: 1 -> 1
13-31: 1 -> 1
13-32: 1 -> 1
14-16: 1 -> 1
14-17: 1 -> 1
14-18: 1 -> 1
14-19: 1 -> 1
14-20: 1 -> 1
14-21: 1 -> 1
14-22: 1 -> 1
14-23: 1 -> 1
14-24: 1 -> 1
14-25: 1 -> 1
14-26: 1 -> 1
14-27: 1 -> 1
14-28: 1 -> 1
14-29: 1 -> 1
14-30: 1 -> 1
14-31: 1 -> 1
14-32: 1 -> 1
15-16: 1 -> 1
15-17: 1 -> 1
15-18: 1 -> 1
15-19: 1 -> 1
15-20: 1 -> 1
15-21: 1 -> 1
15-22: 1 -> 1
15-23: 1 -> 1
15-24: 1 -> 1
15-25: 1 -> 1
15-26: 1 -> 1
15-27: 1 -> 1
15-28: 1 -> 1
15-29: 1 -> 1
15-30: 1 -> 1
15-31: 1 -> 1
15-32: 1 -> 1
16-16: 1 -> 1
16-17: 1 -> 1
16-18: 1 -> 1
16-19: 1 -> 1
16-20: 1 -> 1
16-21: 1 -> 1
16-22: 1 -> 1
16-23: 1 -> 1
16-24: 1 -> 1
16-25: 1 -> 1
16-26: 1 -> 1
16-27: 1 -> 1
16-28: 1 -> 1
16-29: 1 -> 1
16-30: 1 -> 1
16-31: 1 -> 1
16-32: 1 -> 1
17-17: 1 -> 1
17-18: 1 -> 1
17-19: 1 -> 1
17-20: 1 -> 1
17-21: 1 -> 1
17-22: 1 -> 1
17-23: 1 -> 1
17-24: 1 -> 1
17-25: 1 -> 1
17-26: 1 -> 1
17-27: 1 -> 1
17-28: 1 -> 1
17-29: 1 -> 1
17-30: 1 -> 1
17-31: 1 -> 1
17-32: 1 -> 1
18-18: 1 -> 1
18-19: 1 -> 1
18-20: 1 -> 1
18-21: 1 -> 1
18-22: 1 -> 1
18-23: 1 -> 1
18-24: 1 -> 1
18-25: 1 -> 1
18-26: 1 -> 1
18-27: 1 -> 1
18-28: 1 -> 1
18-29: 1 -> 1
18-30: 1 -> 1
18-31: 1 -> 1
18-32: 1 -> 1
19-19: 1 -> 1
19-20: 1 -> 1
19-21: 1 -> 1
19-22: 1 -> 1
19-23: 1 -> 1
19-24: 1 -> 1
19-25: 1 -> 1
19-26: 1 -> 1
19-27: 1 -> 1
19-28: 1 -> 1
19-29: 1 -> 1
19-30: 1 -> 1
19-31: 1 -> 1
19-32: 1 -> 1
20-20: 1 -> 1
20-21: 1 -> 1
20-22: 1 -> 1
20-23: 1 -> 1
20-24: 1 -> 1
20-25: 1 -> 1
20-26: 1 -> 1
20-27: 1 -> 1
20-28: 1 -> 1
20-29: 1 -> 1
20-30: 1 -> 1
20-31: 1 -> 1
20-32: 1 -> 1
4-16: 10 -> 10
4-17: 10 -> 10
4-18: 10 -> 10
4-19: 10 -> 10
4-20: 10 -> 10
4-21: 10 -> 10
4-22: 10 -> 10
4-23: 10 -> 10
4-24: 10 -> 10
4-25: 10 -> 10
4-26: 10 -> 10
4-27: 10 -> 10
4-28: 10 -> 10
4-29: 10 -> 10
4-30: 10 -> 10
4-31: 10 -> 10
4-32: 10 -> 10
5-16: 10 -> 10
5-17: 10 -> 10
5-18: 10 -> 10
5-19: 10 -> 10
5-20: 10 -> 10
5-21: 10 -> 10
5-22: 10 -> 10
5-23: 10 -> 10
5-24: 10 -> 10
5-25: 10 -> 10
5-26: 10 -> 10
5-27: 10 -> 10
5-28: 10 -> 10
5-29: 10 -> 10
5-30: 10 -> 10
5-31: 10 -> 10
5-32: 10 -> 10
6-16: 10 -> 10
6-17: 10 -> 10
6-18: 10 -> 10
6-19: 10 -> 10
6-20: 10 -> 10
6-21: 10 -> 10
6-22: 10 -> 10
6-23: 10 -> 10
6-24: 10 -> 10
6-25: 10 -> 10
6-26: 10 -> 10
6-27: 10 -> 10
6-28: 10 -> 10
6-29: 10 -> 10
6-30: 10 -> 10
6-31: 10 -> 10
6-32: 10 -> 10
7-16: 10 -> 10
7-17: 10 -> 10
7-18: 10 -> 10
7-19: 10 -> 10
7-20: 10 -> 10
7-21: 10 -> 10
7-22: 10 -> 10
7-23: 10 -> 10
7-24: 10 -> 10
7-25: 10 -> 10
7-26: 10 -> 10
7-27: 10 -> 10
7-28: 10 -> 10
7-29: 10 -> 10
7-30: 10 -> 10
7-31: 10 -> 10
7-32: 10 -> 10
8-16: 10 -> 10
8-17: 10 -> 10
8-18: 10 -> 10
8-19: 10 -> 10
8-20: 10 -> 10
8-21: 10 -> 10
8-22: 10 -> 10
8-23: 10 -> 10
8-24: 10 -> 10
8-25: 10 -> 10
8-26: 10 -> 10
8-27: 10 -> 10
8-28: 10 -> 10
8-29: 10 -> 10
8-30: 10 -> 10
8-31: 10 -> 10
8-32: 10 -> 10
9-16: 10 -> 10
9-17: 10 -> 10
9-18: 10 -> 10
9-19: 10 -> 10
9-20: 10 -> 10
9-21: 10 -> 10
9-22: 10 -> 10
9-23: 10 -> 10
9-24: 10 -> 10
9-25: 10 -> 10
9-26: 10 -> 10
9-27: 10 -> 10
9-28: 10 -> 10
9-29: 10 -> 10
9-30: 10 -> 10
9-31: 10 -> 10
9-32: 10 -> 10
10-16: 10 -> 10
10-17: 10 -> 10
10-18: 10 -> 10
10-19: 10 -> 10
10-20: 10 -> 10
10-21: 10 -> 10
10-22: 10 -> 10
10-23: 10 -> 10
10-24: 10 -> 10
10-25: 10 -> 10
10-26: 10 -> 10
10-27: 10 -> 10
10-28: 10 -> 10
10-29: 10 -> 10
10-30: 10 -> 10
10-31: 10 -> 10
10-32: 10 -> 10
11-16: 10 -> 10
11-17: 10 -> 10
11-18: 10 -> 10
11-19: 10 -> 10
11-20: 10 -> 10
11-21: 10 -> 10
11-22: 10 -> 10
11-23: 10 -> 10
11-24: 10 -> 10
11-25: 10 -> 10
11-26: 10 -> 10
11-27: 10 -> 10
11-28: 10 -> 10
11-29: 10 -> 10
11-30: 10 -> 10
11-31: 10 -> 10
11-32: 10 -> 10
12-16: 10 -> 10
12-17: 10 -> 10
12-18: 10 -> 10
12-19: 10 -> 10
12-20: 10 -> 10
12-21: 10 -> 10
12-22: 10 -> 10
12-23: 10 -> 10
12-24: 10 -> 10
12-25: 10 -> 10
12-26: 10 -> 10
12-27: 10 -> 10
12-28: 10 -> 10
12-29: 10 -> 10
12-30: 10 -> 10
12-31: 10 -> 10
12-32: 10 -> 10
13-16: 10 -> 10
13-17: 10 -> 10
13-18: 10 -> 10
13-19: 10 -> 10
13-20: 10 -> 10
13-21: 10 -> 10
13-22: 10 -> 10
13-23: 10 -> 10
13-24: 10 -> 10
13-25: 10 -> 10
13-26: 10 -> 10
13-27: 10 -> 10
13-28: 10 -> 10
13-29: 10 -> 10
13-30: 10 -> 10
13-31: 10 -> 10
13-32: 10 -> 10
14-16: 10 -> 10
14-17: 10 -> 10
14-18: 10 -> 10
14-19: 10 -> 10
14-20: 10 -> 10
14-21: 10 -> 10
14-22: 10 -> 10
14-23: 10 -> 10
14-24: 10 -> 10
14-25: 10 -> 10
14-26: 10 -> 10
14-27: 10 -> 10
14-28: 10 -> 10
14-29: 10 -> 10
14-30: 10 -> 10
14-31: 10 -> 10
14-32: 10 -> 10
15-16: 10 -> 10
15-17: 10 -> 10
15-18: 10 -> 10
15-19: 10 -> 10
15-20: 10 -> 10
15-21: 10 -> 10
15-22: 10 -> 10
15-23: 10 -> 10
15-24: 10 -> 10
15-25: 10 -> 10
15-26: 10 -> 10
15-27: 10 -> 10
15-28: 10 -> 10
15-29: 10 -> 10
15-30: 10 -> 10
15-31: 10 -> 10
15-32: 10 -> 10
16-16: 10 -> 10
16-17: 10 -> 10
16-18: 10 -> 10
16-19: 10 -> 10
16-20: 10 -> 10
16-21: 10 -> 10
16-22: 10 -> 10
16-23: 10 -> 10
16-24: 10 -> 10
16-25: 10 -> 10
16-26: 10 -> 10
16-27: 10 -> 10
16-28: 10 -> 10
16-29: 10 -> 10
16-30: 10 -> 10
16-31: 10 -> 10
16-32: 10 -> 10
17-17: 10 -> 10
17-18: 10 -> 10
17-19: 10 -> 10
17-20: 10 -> 10
17-21: 10 -> 10
17-22: 10 -> 10
17-23: 10 -> 10
17-24: 10 -> 10
17-25: 10 -> 10
17-26: 10 -> 10
17-27: 10 -> 10
17-28: 10 -> 10
17-29: 10 -> 10
17-30: 10 -> 10
17-31: 10 -> 10
17-32: 10 -> 10
18-18: 10 -> 10
18-19: 10 -> 10
18-20: 10 -> 10
18-21: 10 -> 10
18-22: 10 -> 10
18-23: 10 -> 10
18-24: 10 -> 10
18-25: 10 -> 10
18-26: 10 -> 10
18-27: 10 -> 10
18-28: 10 -> 10
18-29: 10 -> 10
18-30: 10 -> 10
18-31: 10 -> 10
18-32: 10 -> 10
19-19: 10 -> 10
19-20: 10 -> 10
19-21: 10 -> 10
19-22: 10 -> 10
19-23: 10 -> 10
19-24: 10 -> 10
19-25: 10 -> 10
19-26: 10 -> 10
19-27: 10 -> 10
19-28: 10 -> 10
19-29: 10 -> 10
19-30: 10 -> 10
19-31: 10 -> 10
19-32: 10 -> 10
20-20: 10 -> 10
20-21: 10 -> 10
20-22: 10 -> 10
20-23: 10 -> 10
20-24: 10 -> 10
20-25: 10 -> 10
20-26: 10 -> 10
20-27: 10 -> 10
20-28: 10 -> 10
20-29: 10 -> 10
20-30: 10 -> 10
20-31: 10 -> 10
20-32: 10 -> 10
4-16: 100 -> 105
4-17: 100 -> 120
4-18: 100 -> 92
4-19: 100 -> 92
4-20: 100 -> 74
4-21: 100 -> 117
4-22: 100 -> 101
4-23: 100 -> 94
4-24: 100 -> 70
4-25: 100 -> 90
4-26: 100 -> 113
4-27: 100 -> 98
4-28: 100 -> 83
4-29: 100 -> 84
4-30: 100 -> 97
4-31: 100 -> 88
4-32: 100 -> 111
5-16: 100 -> 89
5-17: 100 -> 111
5-18: 100 -> 87
5-19: 100 -> 93
5-20: 100 -> 124
5-21: 100 -> 92
5-22: 100 -> 116
5-23: 100 -> 80
5-24: 100 -> 73
5-25: 100 -> 100
5-26: 100 -> 97
5-27: 100 -> 63
5-28: 100 -> 74
5-29: 100 -> 67
5-30: 100 -> 94
5-31: 100 -> 81
5-32: 100 -> 73
6-16: 100 -> 94
6-17: 100 -> 97
6-18: 100 -> 83
6-19: 100 -> 90
6-20: 100 -> 89
6-21: 100 -> 90
6-22: 100 -> 89
6-23: 100 -> 100
6-24: 100 -> 108
6-25: 100 -> 104
6-26: 100 -> 73
6-27: 100 -> 72
6-28: 100 -> 63
6-29: 100 -> 48
6-30: 100 -> 48
6-31: 100 -> 45
6-32: 100 -> 47
7-16: 100 -> 106
7-17: 100 -> 107
7-18: 100 -> 100
7-19: 100 -> 96
7-20: 100 -> 82
7-21: 100 -> 99
7-22: 100 -> 95
7-23: 100 -> 99
7-24: 100 -> 93
7-25: 100 -> 104
7-26: 100 -> 67
7-27: 100 -> 35
7-28: 100 -> 17
7-29: 100 -> 8
7-30: 100 -> 4
7-31: 100 -> 2
7-32: 100 -> 1
8-16: 100 -> 100
8-17: 100 -> 100
8-18: 100 -> 100
8-19: 100 -> 100
8-20: 100 -> 100
8-21: 100 -> 100
8-22: 100 -> 100
8-23: 100 -> 100
8-24: 100 -> 100
8-25: 100 -> 100
8-26: 100 -> 100
8-27: 100 -> 100
8-28: 100 -> 100
8-29: 100 -> 100
8-30: 100 -> 100
8-31: 100 -> 100
8-32: 100 -> 100
9-16: 100 -> 100
9-17: 100 -> 100
9-18: 100 -> 100
9-19: 100 -> 100
9-20: 100 -> 100
9-21: 100 -> 100
9-22: 100 -> 100
9-23: 100 -> 100
9-24: 100 -> 100
9-25: 100 -> 100
9-26: 100 -> 100
9-27: 100 -> 100
9-28: 100 -> 100
9-29: 100 -> 100
9-30: 100 -> 100
9-31: 100 -> 100
9-32: 100 -> 100
10-16: 100 -> 100
10-17: 100 -> 100
10-18: 100 -> 100
10-19: 100 -> 100
10-20: 100 -> 100
10-21: 100 -> 100
10-22: 100 -> 100
10-23: 100 -> 100
10-24: 100 -> 100
10-25: 100 -> 100
10-26: 100 -> 100
10-27: 100 -> 100
10-28: 100 -> 100
10-29: 100 -> 100
10-30: 100 -> 100
10-31: 100 -> 100
10-32: 100 -> 100
11-16: 100 -> 100
11-17: 100 -> 100
11-18: 100 -> 100
11-19: 100 -> 100
11-20: 100 -> 100
11-21: 100 -> 100
11-22: 100 -> 100
11-23: 100 -> 100
11-24: 100 -> 100
11-25: 100 -> 100
11-26: 100 -> 100
11-27: 100 -> 100
11-28: 100 -> 100
11-29: 100 -> 100
11-30: 100 -> 100
11-31: 100 -> 100
11-32: 100 -> 100
12-16: 100 -> 100
12-17: 100 -> 100
12-18: 100 -> 100
12-19: 100 -> 100
12-20: 100 -> 100
12-21: 100 -> 100
12-22: 100 -> 100
12-23: 100 -> 100
12-24: 100 -> 100
12-25: 100 -> 100
12-26: 100 -> 100
12-27: 100 -> 100
12-28: 100 -> 100
12-29: 100 -> 100
12-30: 100 -> 100
12-31: 100 -> 100
12-32: 100 -> 100
13-16: 100 -> 100
13-17: 100 -> 100
13-18: 100 -> 100
13-19: 100 -> 100
13-20: 100 -> 100
13-21: 100 -> 100
13-22: 100 -> 100
13-23: 100 -> 100
13-24: 100 -> 100
13-25: 100 -> 100
13-26: 100 -> 100
13-27: 100 -> 100
13-28: 100 -> 100
13-29: 100 -> 100
13-30: 100 -> 100
13-31: 100 -> 100
13-32: 100 -> 100
14-16: 100 -> 100
14-17: 100 -> 100
14-18: 100 -> 100
14-19: 100 -> 100
14-20: 100 -> 100
14-21: 100 -> 100
14-22: 100 -> 100
14-23: 100 -> 100
14-24: 100 -> 100
14-25: 100 -> 100
14-26: 100 -> 100
14-27: 100 -> 100
14-28: 100 -> 99
14-29: 100 -> 100
14-30: 100 -> 100
14-31: 100 -> 100
14-32: 100 -> 100
15-16: 100 -> 100
15-17: 100 -> 100
15-18: 100 -> 100
15-19: 100 -> 100
15-20: 100 -> 100
15-21: 100 -> 100
15-22: 100 -> 100
15-23: 100 -> 100
15-24: 100 -> 100
15-25: 100 -> 100
15-26: 100 -> 100
15-27: 100 -> 100
15-28: 100 -> 100
15-29: 100 -> 100
15-30: 100 -> 100
15-31: 100 -> 100
15-32: 100 -> 100
16-16: 100 -> 100
16-17: 100 -> 100
16-18: 100 -> 99
16-19: 100 -> 100
16-20: 100 -> 100
16-21: 100 -> 100
16-22: 100 -> 100
16-23: 100 -> 100
16-24: 100 -> 100
16-25: 100 -> 100
16-26: 100 -> 100
16-27: 100 -> 100
16-28: 100 -> 100
16-29: 100 -> 100
16-30: 100 -> 100
16-31: 100 -> 100
16-32: 100 -> 100
17-17: 100 -> 100
17-18: 100 -> 100
17-19: 100 -> 100
17-20: 100 -> 100
17-21: 100 -> 100
17-22: 100 -> 100
17-23: 100 -> 100
17-24: 100 -> 100
17-25: 100 -> 100
17-26: 100 -> 100
17-27: 100 -> 100
17-28: 100 -> 100
17-29: 100 -> 100
17-30: 100 -> 100
17-31: 100 -> 100
17-32: 100 -> 100
18-18: 100 -> 100
18-19: 100 -> 100
18-20: 100 -> 100
18-21: 100 -> 100
18-22: 100 -> 100
18-23: 100 -> 100
18-24: 100 -> 100
18-25: 100 -> 100
18-26: 100 -> 100
18-27: 100 -> 100
18-28: 100 -> 100
18-29: 100 -> 100
18-30: 100 -> 100
18-31: 100 -> 100
18-32: 100 -> 100
19-19: 100 -> 100
19-20: 100 -> 100
19-21: 100 -> 100
19-22: 100 -> 100
19-23: 100 -> 100
19-24: 100 -> 100
19-25: 100 -> 100
19-26: 100 -> 100
19-27: 100 -> 100
19-28: 100 -> 100
19-29: 100 -> 100
19-30: 100 -> 100
19-31: 100 -> 100
19-32: 100 -> 100
20-20: 100 -> 100
20-21: 100 -> 100
20-22: 100 -> 100
20-23: 100 -> 100
20-24: 100 -> 100
20-25: 100 -> 100
20-26: 100 -> 100
20-27: 100 -> 100
20-28: 100 -> 100
20-29: 100 -> 100
20-30: 100 -> 100
20-31: 100 -> 100
20-32: 100 -> 100
4-16: 1000 -> 1216
4-17: 1000 -> 795
4-18: 1000 -> 642
4-19: 1000 -> 959
4-20: 1000 -> 1315
4-21: 1000 -> 553
4-22: 1000 -> 1476
4-23: 1000 -> 1464
4-24: 1000 -> 767
4-25: 1000 -> 679
4-26: 1000 -> 635
4-27: 1000 -> 1362
4-28: 1000 -> 844
4-29: 1000 -> 880
4-30: 1000 -> 1204
4-31: 1000 -> 1312
4-32: 1000 -> 1568
5-16: 1000 -> 870
5-17: 1000 -> 1237
5-18: 1000 -> 1498
5-19: 1000 -> 903
5-20: 1000 -> 885
5-21: 1000 -> 797
5-22: 1000 -> 1152
5-23: 1000 -> 1189
5-24: 1000 -> 808
5-25: 1000 -> 1029
5-26: 1000 -> 1123
5-27: 1000 -> 1433
5-28: 1000 -> 877
5-29: 1000 -> 744
5-30: 1000 -> 1116
5-31: 1000 -> 1257
5-32: 1000 -> 1110
6-16: 1000 -> 856
6-17: 1000 -> 1082
6-18: 1000 -> 1140
6-19: 1000 -> 1138
6-20: 1000 -> 984
6-21: 1000 -> 1021
6-22: 1000 -> 937
6-23: 1000 -> 919
6-24: 1000 -> 974
6-25: 1000 -> 1150
6-26: 1000 -> 908
6-27: 1000 -> 1007
6-28: 1000 -> 921
6-29: 1000 -> 835
6-30: 1000 -> 986
6-31: 1000 -> 972
6-32: 1000 -> 1177
7-16: 1000 -> 891
7-17: 1000 -> 1081
7-18: 1000 -> 962
7-19: 1000 -> 1035
7-20: 1000 -> 903
7-21: 1000 -> 942
7-22: 1000 -> 1014
7-23: 1000 -> 849
7-24: 1000 -> 841
7-25: 1000 -> 1002
7-26: 1000 -> 996
7-27: 1000 -> 1036
7-28: 1000 -> 980
7-29: 1000 -> 1034
7-30: 1000 -> 987
7-31: 1000 -> 910
7-32: 1000 -> 898
8-16: 1000 -> 956
8-17: 1000 -> 972
8-18: 1000 -> 978
8-19: 1000 -> 1029
8-20: 1000 -> 1007
8-21: 1000 -> 979
8-22: 1000 -> 961
8-23: 1000 -> 1042
8-24: 1000 -> 1087
8-25: 1000 -> 993
8-26: 1000 -> 959
8-27: 1000 -> 895
8-28: 1000 -> 844
8-29: 1000 -> 889
8-30: 1000 -> 753
8-31: 1000 -> 762
8-32: 1000 -> 789
9-16: 1000 -> 1014
9-17: 1000 -> 1071
9-18: 1000 -> 1023
9-19: 1000 -> 1018
9-20: 1000 -> 1020
9-21: 1000 -> 1010
9-22: 1000 -> 1038
9-23: 1000 -> 1010
9-24: 1000 -> 962
9-25: 1000 -> 1034
9-26: 1000 -> 875
9-27: 1000 -> 828
9-28: 1000 -> 702
9-29: 1000 -> 670
9-30: 1000 -> 626
9-31: 1000 -> 595
9-32: 1000 -> 585
10-16: 1000 -> 1045
10-17: 1000 -> 989
10-18: 1000 -> 968
10-19: 1000 -> 1013
10-20: 1000 -> 980
10-21: 1000 -> 978
10-22: 1000 -> 1033
10-23: 1000 -> 994
10-24: 1000 -> 967
10-25: 1000 -> 967
10-26: 1000 -> 732
10-27: 1000 -> 473
10-28: 1000 -> 319
10-29: 1000 -> 255
10-30: 1000 -> 219
10-31: 1000 -> 206
10-32: 1000 -> 198
11-16: 1000 -> 1002
11-17: 1000 -> 999
11-18: 1000 -> 998
11-19: 1000 -> 998
11-20: 1000 -> 1000
11-21: 1000 -> 1000
11-22: 1000 -> 1000
11-23: 1000 -> 1000
11-24: 1000 -> 1000
11-25: 1000 -> 1000
11-26: 1000 -> 1000
11-27: 1000 -> 1000
11-28: 1000 -> 1000
11-29: 1000 -> 1000
11-30: 1000 -> 1000
11-31: 1000 -> 1000
11-32: 1000 -> 1000
12-16: 1000 -> 998
12-17: 1000 -> 999
12-18: 1000 -> 1001
12-19: 1000 -> 1000
12-20: 1000 -> 1000
12-21: 1000 -> 1000
12-22: 1000 -> 999
12-23: 1000 -> 1000
12-24: 1000 -> 999
12-25: 1000 -> 1000
12-26: 1000 -> 1000
12-27: 1000 -> 1000
12-28: 1000 -> 1000
12-29: 1000 -> 999
12-30: 1000 -> 1000
12-31: 1000 -> 1000
12-32: 1000 -> 1000
13-16: 1000 -> 999
13-17: 1000 -> 1000
13-18: 1000 -> 1000
13-19: 1000 -> 1000
13-20: 1000 -> 1000
13-21: 1000 -> 1000
13-22: 1000 -> 1000
13-23: 1000 -> 999
13-24: 1000 -> 1000
13-25: 1000 -> 1000
13-26: 1000 -> 1000
13-27: 1000 -> 1000
13-28: 1000 -> 1000
13-29: 1000 -> 1000
13-30: 1000 -> 1000
13-31: 1000 -> 1000
13-32: 1000 -> 1000
14-16: 1000 -> 998
14-17: 1000 -> 1001
14-18: 1000 -> 999
14-19: 1000 -> 1000
14-20: 1000 -> 1000
14-21: 1000 -> 1000
14-22: 1000 -> 1000
14-23: 1000 -> 999
14-24: 1000 -> 1000
14-25: 1000 -> 1000
14-26: 1000 -> 1000
14-27: 1000 -> 1000
14-28: 1000 -> 1000
14-29: 1000 -> 1000
14-30: 1000 -> 1000
14-31: 1000 -> 1000
14-32: 1000 -> 1000
15-16: 1000 -> 998
15-17: 1000 -> 1000
15-18: 1000 -> 998
15-19: 1000 -> 1000
15-20: 1000 -> 1000
15-21: 1000 -> 999
15-22: 1000 -> 999
15-23: 1000 -> 1000
15-24: 1000 -> 1000
15-25: 1000 -> 1000
15-26: 1000 -> 1000
15-27: 1000 -> 1000
15-28: 1000 -> 1000
15-29: 1000 -> 1000
15-30: 1000 -> 1000
15-31: 1000 -> 1000
15-32: 1000 -> 1000
16-16: 1000 -> 999
16-17: 1000 -> 999
16-18: 1000 -> 1002
16-19: 1000 -> 1000
16-20: 1000 -> 1000
16-21: 1000 -> 1000
16-22: 1000 -> 1000
16-23: 1000 -> 1000
16-24: 1000 -> 1000
16-25: 1000 -> 1000
16-26: 1000 -> 1000
16-27: 1000 -> 1000
16-28: 1000 -> 1000
16-29: 1000 -> 1000
16-30: 1000 -> 1000
16-31: 1000 -> 1000
16-32: 1000 -> 1000
17-17: 1000 -> 998
17-18: 1000 -> 1001
17-19: 1000 -> 1001
17-20: 1000 -> 1000
17-21: 1000 -> 999
17-22: 1000 -> 1000
17-23: 1000 -> 1000
17-24: 1000 -> 1000
17-25: 1000 -> 1000
17-26: 1000 -> 1000
17-27: 1000 -> 1000
17-28: 1000 -> 1000
17-29: 1000 -> 1000
17-30: 1000 -> 1000
17-31: 1000 -> 1000
17-32: 1000 -> 1000
18-18: 1000 -> 1000
18-19: 1000 -> 999
18-20: 1000 -> 999
18-21: 1000 -> 1000
18-22: 1000 -> 1000
18-23: 1000 -> 1000
18-24: 1000 -> 1000
18-25: 1000 -> 1000
18-26: 1000 -> 1000
18-27: 1000 -> 1000
18-28: 1000 -> 1000
18-29: 1000 -> 1000
18-30: 1000 -> 1000
18-31: 1000 -> 1000
18-32: 1000 -> 1000
19-19: 1000 -> 1001
19-20: 1000 -> 1000
19-21: 1000 -> 1000
19-22: 1000 -> 1000
19-23: 1000 -> 1000
19-24: 1000 -> 1000
19-25: 1000 -> 1000
19-26: 1000 -> 1000
19-27: 1000 -> 1000
19-28: 1000 -> 1000
19-29: 1000 -> 1000
19-30: 1000 -> 1000
19-31: 1000 -> 1000
19-32: 1000 -> 1000
20-20: 1000 -> 999
20-21: 1000 -> 1000
20-22: 1000 -> 1000
20-23: 1000 -> 1000
20-24: 1000 -> 1000
20-25: 1000 -> 1000
20-26: 1000 -> 1000
20-27: 1000 -> 1000
20-28: 1000 -> 1000
20-29: 1000 -> 1000
20-30: 1000 -> 1000
20-31: 1000 -> 1000
20-32: 1000 -> 1000
4-16: 10000 -> 10533
4-17: 10000 -> 9801
4-18: 10000 -> 7428
4-19: 10000 -> 10302
4-20: 10000 -> 8502
4-21: 10000 -> 9374
4-22: 10000 -> 7487
4-23: 10000 -> 18495
4-24: 10000 -> 9801
4-25: 10000 -> 8203
4-26: 10000 -> 12273
4-27: 10000 -> 8632
4-28: 10000 -> 15666
4-29: 10000 -> 8793
4-30: 10000 -> 13125
4-31: 10000 -> 11382
4-32: 10000 -> 9378
5-16: 10000 -> 7796
5-17: 10000 -> 7693
5-18: 10000 -> 6895
5-19: 10000 -> 8832
5-20: 10000 -> 7616
5-21: 10000 -> 10063
5-22: 10000 -> 12414
5-23: 10000 -> 8258
5-24: 10000 -> 7974
5-25: 10000 -> 13189
5-26: 10000 -> 9051
5-27: 10000 -> 8968
5-28: 10000 -> 13693
5-29: 10000 -> 6990
5-30: 10000 -> 9107
5-31: 10000 -> 10160
5-32: 10000 -> 9593
6-16: 10000 -> 9262
6-17: 10000 -> 7474
6-18: 10000 -> 8007
6-19: 10000 -> 10040
6-20: 10000 -> 7760
6-21: 10000 -> 10422
6-22: 10000 -> 10963
6-23: 10000 -> 10414
6-24: 10000 -> 11851
6-25: 10000 -> 11451
6-26: 10000 -> 10210
6-27: 10000 -> 7361
6-28: 10000 -> 10919
6-29: 10000 -> 9612
6-30: 10000 -> 10685
6-31: 10000 -> 9234
6-32: 10000 -> 8562
7-16: 10000 -> 9770
7-17: 10000 -> 9692
7-18: 10000 -> 9868
7-19: 10000 -> 9261
7-20: 10000 -> 10582
7-21: 10000 -> 9270
7-22: 10000 -> 12088
7-23: 10000 -> 9432
7-24: 10000 -> 9567
7-25: 10000 -> 8886
7-26: 10000 -> 9461
7-27: 10000 -> 10261
7-28: 10000 -> 8612
7-29: 10000 -> 9996
7-30: 10000 -> 10662
7-31: 10000 -> 10198
7-32: 10000 -> 10739
8-16: 10000 -> 8887
8-17: 10000 -> 10288
8-18: 10000 -> 9698
8-19: 10000 -> 10183
8-20: 10000 -> 11052
8-21: 10000 -> 10515
8-22: 10000 -> 10078
8-23: 10000 -> 10350
8-24: 10000 -> 9666
8-25: 10000 -> 10081
8-26: 10000 -> 10262
8-27: 10000 -> 9512
8-28: 10000 -> 9371
8-29: 10000 -> 11041
8-30: 10000 -> 9843
8-31: 10000 -> 10450
8-32: 10000 -> 10366
9-16: 10000 -> 9600
9-17: 10000 -> 9905
9-18: 10000 -> 9865
9-19: 10000 -> 9846
9-20: 10000 -> 9483
9-21: 10000 -> 10419
9-22: 10000 -> 9679
9-23: 10000 -> 9632
9-24: 10000 -> 9871
9-25: 10000 -> 9729
9-26: 10000 -> 9884
9-27: 10000 -> 9700
9-28: 10000 -> 10049
9-29: 10000 -> 9957
9-30: 10000 -> 10459
9-31: 10000 -> 10002
9-32: 10000 -> 9494
10-16: 10000 -> 9816
10-17: 10000 -> 10416
10-18: 10000 -> 9975
10-19: 10000 -> 10435
10-20: 10000 -> 10017
10-21: 10000 -> 10037
10-22: 10000 -> 9858
10-23: 10000 -> 9681
10-24: 10000 -> 10032
10-25: 10000 -> 10392
10-26: 10000 -> 10872
10-27: 10000 -> 9757
10-28: 10000 -> 8954
10-29: 10000 -> 9591
10-30: 10000 -> 9280
10-31: 10000 -> 9672
10-32: 10000 -> 9460
11-16: 10000 -> 9567
11-17: 10000 -> 10301
11-18: 10000 -> 10226
11-19: 10000 -> 10301
11-20: 10000 -> 9941
11-21: 10000 -> 10041
11-22: 10000 -> 9848
11-23: 10000 -> 10175
11-24: 10000 -> 9892
11-25: 10000 -> 10318
11-26: 10000 -> 9896
11-27: 10000 -> 9605
11-28: 10000 -> 8986
11-29: 10000 -> 8728
11-30: 10000 -> 8761
11-31: 10000 -> 8740
11-32: 10000 -> 8334
12-16: 10000 -> 9954
12-17: 10000 -> 9923
12-18: 10000 -> 10076
12-19: 10000 -> 9837
12-20: 10000 -> 9947
12-21: 10000 -> 10258
12-22: 10000 -> 9893
12-23: 10000 -> 9951
12-24: 10000 -> 10008
12-25: 10000 -> 10058
12-26: 10000 -> 9052
12-27: 10000 -> 8083
12-28: 10000 -> 7441
12-29: 10000 -> 6996
12-30: 10000 -> 6676
12-31: 10000 -> 6603
12-32: 10000 -> 6629
13-16: 10000 -> 9968
13-17: 10000 -> 9895
13-18: 10000 -> 9965
13-19: 10000 -> 9996
13-20: 10000 -> 9993
13-21: 10000 -> 9974
13-22: 10000 -> 10011
13-23: 10000 -> 10102
13-24: 10000 -> 10001
13-25: 10000 -> 10094
13-26: 10000 -> 7858
13-27: 10000 -> 5355
13-28: 10000 -> 4187
13-29: 10000 -> 3682
13-30: 10000 -> 3310
13-31: 10000 -> 3200
13-32: 10000 -> 3154
14-16: 10000 -> 9946
14-17: 10000 -> 10017
14-18: 10000 -> 10025
14-19: 10000 -> 10006
14-20: 10000 -> 9991
14-21: 10000 -> 9999
14-22: 10000 -> 10003
14-23: 10000 -> 10004
14-24: 10000 -> 10000
14-25: 10000 -> 9997
14-26: 10000 -> 10001
14-27: 10000 -> 9999
14-28: 10000 -> 9997
14-29: 10000 -> 9997
14-30: 10000 -> 9999
14-31: 10000 -> 10000
14-32: 10000 -> 9999
15-16: 10000 -> 9984
15-17: 10000 -> 9978
15-18: 10000 -> 10006
15-19: 10000 -> 9988
15-20: 10000 -> 10000
15-21: 10000 -> 10001
15-22: 10000 -> 10001
15-23: 10000 -> 10000
15-24: 10000 -> 10001
15-25: 10000 -> 9998
15-26: 10000 -> 10000
15-27: 10000 -> 9999
15-28: 10000 -> 9999
15-29: 10000 -> 10000
15-30: 10000 -> 9999
15-31: 10000 -> 10000
15-32: 10000 -> 9999
16-16: 10000 -> 10025
16-17: 10000 -> 10003
16-18: 10000 -> 10007
16-19: 10000 -> 9996
16-20: 10000 -> 9989
16-21: 10000 -> 9999
16-22: 10000 -> 10002
16-23: 10000 -> 10000
16-24: 10000 -> 10000
16-25: 10000 -> 10000
16-26: 10000 -> 9999
16-27: 10000 -> 9998
16-28: 10000 -> 9997
16-29: 10000 -> 9999
16-30: 10000 -> 9999
16-31: 10000 -> 9999
16-32: 10000 -> 9999
17-17: 10000 -> 9974
17-18: 10000 -> 9988
17-19: 10000 -> 10006
17-20: 10000 -> 10015
17-21: 10000 -> 9999
17-22: 10000 -> 10000
17-23: 10000 -> 10001
17-24: 10000 -> 9998
17-25: 10000 -> 9999
17-26: 10000 -> 9999
17-27: 10000 -> 9999
17-28: 10000 -> 9999
17-29: 10000 -> 10000
17-30: 10000 -> 9999
17-31: 10000 -> 10000
17-32: 10000 -> 9999
18-18: 10000 -> 9985
18-19: 10000 -> 9996
18-20: 10000 -> 9988
18-21: 10000 -> 10010
18-22: 10000 -> 9999
18-23: 10000 -> 10001
18-24: 10000 -> 10000
18-25: 10000 -> 10001
18-26: 10000 -> 9998
18-27: 10000 -> 9999
18-28: 10000 -> 9999
18-29: 10000 -> 9999
18-30: 10000 -> 10000
18-31: 10000 -> 9999
18-32: 10000 -> 9998
19-19: 10000 -> 9991
19-20: 10000 -> 9991
19-21: 10000 -> 10002
19-22: 10000 -> 10008
19-23: 10000 -> 9998
19-24: 10000 -> 10000
19-25: 10000 -> 9999
19-26: 10000 -> 10000
19-27: 10000 -> 9999
19-28: 10000 -> 10000
19-29: 10000 -> 10000
19-30: 10000 -> 9999
19-31: 10000 -> 9996
19-32: 10000 -> 9999
20-20: 10000 -> 10003
20-21: 10000 -> 10004
20-22: 10000 -> 9999
20-23: 10000 -> 10003
20-24: 10000 -> 10001
20-25: 10000 -> 9999
20-26: 10000 -> 9999
20-27: 10000 -> 9997
20-28: 10000 -> 10000
20-29: 10000 -> 9997
20-30: 10000 -> 9999
20-31: 10000 -> 10000
20-32: 10000 -> 9997
4-16: 100000 -> 95687
4-17: 100000 -> 128673
4-18: 100000 -> 68431
4-19: 100000 -> 97758
4-20: 100000 -> 73319
4-21: 100000 -> 116403
4-22: 100000 -> 97970
4-23: 100000 -> 111242
4-24: 100000 -> 107279
4-25: 100000 -> 103886
4-26: 100000 -> 80650
4-27: 100000 -> 108568
4-28: 100000 -> 130533
4-29: 100000 -> 96919
4-30: 100000 -> 98936
4-31: 100000 -> 114630
4-32: 100000 -> 87698
5-16: 100000 -> 83155
5-17: 100000 -> 105945
5-18: 100000 -> 94447
5-19: 100000 -> 85278
5-20: 100000 -> 130725
5-21: 100000 -> 77554
5-22: 100000 -> 86301
5-23: 100000 -> 127452
5-24: 100000 -> 79753
5-25: 100000 -> 106549
5-26: 100000 -> 79617
5-27: 100000 -> 120283
5-28: 100000 -> 99840
5-29: 100000 -> 132601
5-30: 100000 -> 97441
5-31: 100000 -> 98681
5-32: 100000 -> 108150
6-16: 100000 -> 77807
6-17: 100000 -> 104572
6-18: 100000 -> 102595
6-19: 100000 -> 100274
6-20: 100000 -> 110012
6-21: 100000 -> 109047
6-22: 100000 -> 96134
6-23: 100000 -> 98230
6-24: 100000 -> 88270
6-25: 100000 -> 91347
6-26: 100000 -> 89180
6-27: 100000 -> 91809
6-28: 100000 -> 103986
6-29: 100000 -> 113557
6-30: 100000 -> 102925
6-31: 100000 -> 103986
6-32: 100000 -> 76561
7-16: 100000 -> 99060
7-17: 100000 -> 95988
7-18: 100000 -> 98615
7-19: 100000 -> 94444
7-20: 100000 -> 97087
7-21: 100000 -> 96134
7-22: 100000 -> 95459
7-23: 100000 -> 94548
7-24: 100000 -> 99985
7-25: 100000 -> 106728
7-26: 100000 -> 83819
7-27: 100000 -> 91470
7-28: 100000 -> 111842
7-29: 100000 -> 106159
7-30: 100000 -> 101670
7-31: 100000 -> 105780
7-32: 100000 -> 95501
8-16: 100000 -> 95842
8-17: 100000 -> 100463
8-18: 100000 -> 86516
8-19: 100000 -> 87467
8-20: 100000 -> 99633
8-21: 100000 -> 90314
8-22: 100000 -> 100125
8-23: 100000 -> 102964
8-24: 100000 -> 103795
8-25: 100000 -> 93091
8-26: 100000 -> 110370
8-27: 100000 -> 94575
8-28: 100000 -> 97797
8-29: 100000 -> 96650
8-30: 100000 -> 101090
8-31: 100000 -> 106580
8-32: 100000 -> 104103
9-16: 100000 -> 92493
9-17: 100000 -> 108572
9-18: 100000 -> 98838
9-19: 100000 -> 100901
9-20: 100000 -> 100217
9-21: 100000 -> 94363
9-22: 100000 -> 106898
9-23: 100000 -> 97637
9-24: 100000 -> 97851
9-25: 100000 -> 97058
9-26: 100000 -> 98772
9-27: 100000 -> 96299
9-28: 100000 -> 95261
9-29: 100000 -> 100894
9-30: 100000 -> 100206
9-31: 100000 -> 97683
9-32: 100000 -> 89660
10-16: 100000 -> 101980
10-17: 100000 -> 99009
10-18: 100000 -> 99769
10-19: 100000 -> 100713
10-20: 100000 -> 99463
10-21: 100000 -> 98637
10-22: 100000 -> 105277
10-23: 100000 -> 94889
10-24: 100000 -> 101482
10-25: 100000 -> 102545
10-26: 100000 -> 99027
10-27: 100000 -> 99648
10-28: 100000 -> 97210
10-29: 100000 -> 96458
10-30: 100000 -> 104597
10-31: 100000 -> 98777
10-32: 100000 -> 95948
11-16: 100000 -> 100838
11-17: 100000 -> 100139
11-18: 100000 -> 96882
11-19: 100000 -> 99515
11-20: 100000 -> 100233
11-21: 100000 -> 98776
11-22: 100000 -> 98298
11-23: 100000 -> 97535
11-24: 100000 -> 103161
11-25: 100000 -> 99316
11-26: 100000 -> 100113
11-27: 100000 -> 95092
11-28: 100000 -> 98930
11-29: 100000 -> 102308
11-30: 100000 -> 95374
11-31: 100000 -> 96405
11-32: 100000 -> 100886
12-16: 100000 -> 99630
12-17: 100000 -> 101362
12-18: 100000 -> 100015
12-19: 100000 -> 100608
12-20: 100000 -> 101393
12-21: 100000 -> 102542
12-22: 100000 -> 97049
12-23: 100000 -> 104449
12-24: 100000 -> 101277
12-25: 100000 -> 100484
12-26: 100000 -> 98945
12-27: 100000 -> 101191
12-28: 100000 -> 99358
12-29: 100000 -> 97755
12-30: 100000 -> 100862
12-31: 100000 -> 96218
12-32: 100000 -> 96405
13-16: 100000 -> 99303
13-17: 100000 -> 100475
13-18: 100000 -> 101045
13-19: 100000 -> 101978
13-20: 100000 -> 101747
13-21: 100000 -> 100206
13-22: 100000 -> 100267
13-23: 100000 -> 99257
13-24: 100000 -> 99732
13-25: 100000 -> 99989
13-26: 100000 -> 99510
13-27: 100000 -> 98934
13-28: 100000 -> 99436
13-29: 100000 -> 95912
13-30: 100000 -> 95375
13-31: 100000 -> 94579
13-32: 100000 -> 94943
14-16: 100000 -> 99684
14-17: 100000 -> 100233
14-18: 100000 -> 100097
14-19: 100000 -> 101505
14-20: 100000 -> 99190
14-21: 100000 -> 99647
14-22: 100000 -> 100772
14-23: 100000 -> 100689
14-24: 100000 -> 99869
14-25: 100000 -> 100921
14-26: 100000 -> 97632
14-27: 100000 -> 95381
14-28: 100000 -> 91424
14-29: 100000 -> 90784
14-30: 100000 -> 89818
14-31: 100000 -> 87563
14-32: 100000 -> 88147
15-16: 100000 -> 100242
15-17: 100000 -> 100276
15-18: 100000 -> 99827
15-19: 100000 -> 100209
15-20: 100000 -> 100940
15-21: 100000 -> 99833
15-22: 100000 -> 100130
15-23: 100000 -> 99706
15-24: 100000 -> 99831
15-25: 100000 -> 99523
15-26: 100000 -> 92872
15-27: 100000 -> 85669
15-28: 100000 -> 79168
15-29: 100000 -> 76145
15-30: 100000 -> 73506
15-31: 100000 -> 72568
15-32: 100000 -> 71850
16-16: 100000 -> 100286
16-17: 100000 -> 100168
16-18: 100000 -> 100276
16-19: 100000 -> 99758
16-20: 100000 -> 100292
16-21: 100000 -> 99706
16-22: 100000 -> 99700
16-23: 100000 -> 99416
16-24: 100000 -> 99739
16-25: 100000 -> 99585
16-26: 100000 -> 85710
16-27: 100000 -> 71125
16-28: 100000 -> 60321
16-29: 100000 -> 54738
16-30: 100000 -> 49850
16-31: 100000 -> 48635
16-32: 100000 -> 48332
17-17: 100000 -> 99852
17-18: 100000 -> 100072
17-19: 100000 -> 100021
17-20: 100000 -> 99942
17-21: 100000 -> 99996
17-22: 100000 -> 100210
17-23: 100000 -> 99895
17-24: 100000 -> 100473
17-25: 100000 -> 99897
17-26: 100000 -> 65358
17-27: 100000 -> 35630
17-28: 100000 -> 17462
17-29: 100000 -> 8459
17-30: 100000 -> 4161
17-31: 100000 -> 2064
17-32: 100000 -> 1028
18-18: 100000 -> 100025
18-19: 100000 -> 100049
18-20: 100000 -> 100038
18-21: 100000 -> 99989
18-22: 100000 -> 99995
18-23: 100000 -> 100008
18-24: 100000 -> 99990
18-25: 100000 -> 100018
18-26: 100000 -> 99899
18-27: 100000 -> 99873
18-28: 100000 -> 99885
18-29: 100000 -> 99852
18-30: 100000 -> 99839
18-31: 100000 -> 99854
18-32: 100000 -> 99840
19-19: 100000 -> 100021
19-20: 100000 -> 100027
19-21: 100000 -> 100037
19-22: 100000 -> 100037
19-23: 100000 -> 99953
19-24: 100000 -> 99996
19-25: 100000 -> 99996
19-26: 100000 -> 99951
19-27: 100000 -> 99901
19-28: 100000 -> 99869
19-29: 100000 -> 99873
19-30: 100000 -> 99879
19-31: 100000 -> 99855
19-32: 100000 -> 99854
20-20: 100000 -> 100047
20-21: 100000 -> 100017
20-22: 100000 -> 100014
20-23: 100000 -> 99953
20-24: 100000 -> 99994
20-25: 100000 -> 99993
20-26: 100000 -> 99932
20-27: 100000 -> 99873
20-28: 100000 -> 99858
20-29: 100000 -> 99850
20-30: 100000 -> 99869
20-31: 100000 -> 99852
20-32: 100000 -> 99844
104408
expected: 10000000, estimate: 10012740, time: 956
Percentage error  0.001274
Expect estimate: 70630 is between 68293.75 and 71706.25
104408
Expect estimate: 19997 is between 19878.125 and 20121.875
Expect estimate: 16000 is between 15902.5 and 16097.5
Percentage error  0.0
p=4
hllcardinality=0 cardinality=0
0 : 0
p=5
hllcardinality=0 cardinality=0
0 : 0
p=6
hllcardinality=0 cardinality=0
0 : 0
p=7
hllcardinality=0 cardinality=0
0 : 0
p=8
hllcardinality=0 cardinality=0
0 : 0
p=9
hllcardinality=0 cardinality=0
0 : 0
p=10
hllcardinality=0 cardinality=0
0 : 0
p=11
hllcardinality=0 cardinality=0
0 : 0
p=12
hllcardinality=0 cardinality=0
0 : 0
p=13
hllcardinality=0 cardinality=0
0 : 0
p=14
hllcardinality=0 cardinality=0
0 : 0
p=15
hllcardinality=0 cardinality=0
0 : 0
p=16
hllcardinality=0 cardinality=0
0 : 0
p=17
hllcardinality=0 cardinality=0
0 : 0
p=18
hllcardinality=0 cardinality=0
0 : 0
p=19
hllcardinality=0 cardinality=0
0 : 0
p=20
hllcardinality=0 cardinality=0
0 : 0
p=21
hllcardinality=0 cardinality=0
0 : 0
p=22
hllcardinality=0 cardinality=0
0 : 0
p=23
hllcardinality=0 cardinality=0
0 : 0
p=4
hllcardinality=1 cardinality=1
1 : 1
p=5
hllcardinality=1 cardinality=1
1 : 1
p=6
hllcardinality=1 cardinality=1
1 : 1
p=7
hllcardinality=1 cardinality=1
1 : 1
p=8
hllcardinality=1 cardinality=1
1 : 1
p=9
hllcardinality=1 cardinality=1
1 : 1
p=10
hllcardinality=1 cardinality=1
1 : 1
p=11
hllcardinality=1 cardinality=1
1 : 1
p=12
hllcardinality=1 cardinality=1
1 : 1
p=13
hllcardinality=1 cardinality=1
1 : 1
p=14
hllcardinality=1 cardinality=1
1 : 1
p=15
hllcardinality=1 cardinality=1
1 : 1
p=16
hllcardinality=1 cardinality=1
1 : 1
p=17
hllcardinality=1 cardinality=1
1 : 1
p=18
hllcardinality=1 cardinality=1
1 : 1
p=19
hllcardinality=1 cardinality=1
1 : 1
p=20
hllcardinality=1 cardinality=1
1 : 1
p=21
hllcardinality=1 cardinality=1
1 : 1
p=22
hllcardinality=1 cardinality=1
1 : 1
p=23
hllcardinality=1 cardinality=1
1 : 1
p=4
hllcardinality=8 cardinality=10
8 : 8
p=5
hllcardinality=8 cardinality=10
8 : 8
p=6
hllcardinality=11 cardinality=10
11 : 11
p=7
hllcardinality=8 cardinality=10
8 : 8
p=8
hllcardinality=10 cardinality=10
10 : 10
p=9
hllcardinality=10 cardinality=10
10 : 10
p=10
hllcardinality=10 cardinality=10
10 : 10
p=11
hllcardinality=10 cardinality=10
10 : 10
p=12
hllcardinality=10 cardinality=10
10 : 10
p=13
hllcardinality=10 cardinality=10
10 : 10
p=14
hllcardinality=10 cardinality=10
10 : 10
p=15
hllcardinality=10 cardinality=10
10 : 10
p=16
hllcardinality=10 cardinality=10
10 : 10
p=17
hllcardinality=10 cardinality=10
10 : 10
p=18
hllcardinality=10 cardinality=10
10 : 10
p=19
hllcardinality=10 cardinality=10
10 : 10
p=20
hllcardinality=10 cardinality=10
10 : 10
p=21
hllcardinality=10 cardinality=10
10 : 10
p=22
hllcardinality=10 cardinality=10
10 : 10
p=23
hllcardinality=10 cardinality=10
10 : 10
p=4
hllcardinality=137 cardinality=100
137 : 137
p=5
hllcardinality=100 cardinality=100
100 : 100
p=6
hllcardinality=106 cardinality=100
106 : 106
p=7
hllcardinality=95 cardinality=100
95 : 95
p=8
hllcardinality=96 cardinality=100
96 : 96
p=9
hllcardinality=101 cardinality=100
101 : 101
p=10
hllcardinality=97 cardinality=100
97 : 97
p=11
hllcardinality=100 cardinality=100
100 : 100
p=12
hllcardinality=100 cardinality=100
100 : 100
p=13
hllcardinality=101 cardinality=100
101 : 101
p=14
hllcardinality=100 cardinality=100
100 : 100
p=15
hllcardinality=100 cardinality=100
100 : 100
p=16
hllcardinality=100 cardinality=100
100 : 100
p=17
hllcardinality=100 cardinality=100
100 : 100
p=18
hllcardinality=100 cardinality=100
100 : 100
p=19
hllcardinality=100 cardinality=100
100 : 100
p=20
hllcardinality=100 cardinality=100
100 : 100
p=21
hllcardinality=100 cardinality=100
100 : 100
p=22
hllcardinality=100 cardinality=100
100 : 100
p=23
hllcardinality=100 cardinality=100
100 : 100
p=4
hllcardinality=834 cardinality=1000
834 : 834
p=5
hllcardinality=837 cardinality=1000
837 : 837
p=6
hllcardinality=866 cardinality=1000
866 : 866
p=7
hllcardinality=1020 cardinality=1000
1020 : 1020
p=8
hllcardinality=973 cardinality=1000
973 : 973
p=9
hllcardinality=1032 cardinality=1000
1032 : 1032
p=10
hllcardinality=980 cardinality=1000
980 : 980
p=11
hllcardinality=1001 cardinality=1000
1001 : 1001
p=12
hllcardinality=1006 cardinality=1000
1006 : 1006
p=13
hllcardinality=992 cardinality=1000
992 : 992
p=14
hllcardinality=1003 cardinality=1000
1003 : 1003
p=15
hllcardinality=1001 cardinality=1000
1001 : 1001
p=16
hllcardinality=1002 cardinality=1000
1002 : 1002
p=17
hllcardinality=1000 cardinality=1000
1000 : 1000
p=18
hllcardinality=998 cardinality=1000
998 : 998
p=19
hllcardinality=1000 cardinality=1000
1000 : 1000
p=20
hllcardinality=1000 cardinality=1000
1000 : 1000
p=21
hllcardinality=1000 cardinality=1000
1000 : 1000
p=22
hllcardinality=999 cardinality=1000
999 : 999
p=23
hllcardinality=1000 cardinality=1000
1000 : 1000
p=4
hllcardinality=8490 cardinality=10000
8490 : 8490
p=5
hllcardinality=10160 cardinality=10000
10160 : 10160
p=6
hllcardinality=9752 cardinality=10000
9752 : 9752
p=7
hllcardinality=9386 cardinality=10000
9386 : 9386
p=8
hllcardinality=9465 cardinality=10000
9465 : 9465
p=9
hllcardinality=10151 cardinality=10000
10151 : 10151
p=10
hllcardinality=9671 cardinality=10000
9671 : 9671
p=11
hllcardinality=9929 cardinality=10000
9929 : 9929
p=12
hllcardinality=9960 cardinality=10000
9960 : 9960
p=13
hllcardinality=9915 cardinality=10000
9915 : 9915
p=14
hllcardinality=9916 cardinality=10000
9916 : 9916
p=15
hllcardinality=9990 cardinality=10000
9990 : 9990
p=16
hllcardinality=10009 cardinality=10000
10009 : 10009
p=17
hllcardinality=9972 cardinality=10000
9972 : 9972
p=18
hllcardinality=10026 cardinality=10000
10026 : 10026
p=19
hllcardinality=9993 cardinality=10000
9993 : 9993
p=20
hllcardinality=9993 cardinality=10000
9993 : 9993
p=21
hllcardinality=10000 cardinality=10000
10000 : 10000
p=22
hllcardinality=9992 cardinality=10000
9992 : 9992
p=23
hllcardinality=9998 cardinality=10000
9998 : 9998
p=4
hllcardinality=97232 cardinality=100000
97232 : 97232
p=5
hllcardinality=114926 cardinality=100000
114926 : 114926
p=6
hllcardinality=98711 cardinality=100000
98711 : 98711
p=7
hllcardinality=104251 cardinality=100000
104251 : 104251
p=8
hllcardinality=88566 cardinality=100000
88566 : 88566
p=9
hllcardinality=108598 cardinality=100000
108598 : 108598
p=10
hllcardinality=96492 cardinality=100000
96492 : 96492
p=11
hllcardinality=96861 cardinality=100000
96861 : 96861
p=12
hllcardinality=100226 cardinality=100000
100226 : 100226
p=13
hllcardinality=100622 cardinality=100000
100622 : 100622
p=14
hllcardinality=99375 cardinality=100000
99375 : 99375
p=15
hllcardinality=100178 cardinality=100000
100178 : 100178
p=16
hllcardinality=100352 cardinality=100000
100352 : 100352
p=17
hllcardinality=100090 cardinality=100000
100090 : 100090
p=18
hllcardinality=100025 cardinality=100000
100025 : 100025
p=19
hllcardinality=99966 cardinality=100000
99966 : 99966
p=20
hllcardinality=100121 cardinality=100000
100121 : 100121
p=21
hllcardinality=100000 cardinality=100000
100000 : 100000
p=22
hllcardinality=99990 cardinality=100000
99990 : 99990
p=23
hllcardinality=99999 cardinality=100000
99999 : 99999
p=4
hllcardinality=1415530 cardinality=1000000
1415530 : 1415530
p=5
hllcardinality=832942 cardinality=1000000
832942 : 832942
p=6
hllcardinality=919979 cardinality=1000000
919979 : 919979
p=7
hllcardinality=879428 cardinality=1000000
879428 : 879428
p=8
hllcardinality=954615 cardinality=1000000
954615 : 954615
p=9
hllcardinality=989882 cardinality=1000000
989882 : 989882
p=10
hllcardinality=970704 cardinality=1000000
970704 : 970704
p=11
hllcardinality=957668 cardinality=1000000
957668 : 957668
p=12
hllcardinality=1016375 cardinality=1000000
1016375 : 1016375
p=13
hllcardinality=984357 cardinality=1000000
984357 : 984357
p=14
hllcardinality=989670 cardinality=1000000
989670 : 989670
p=15
hllcardinality=990951 cardinality=1000000
990951 : 990951
p=16
hllcardinality=997716 cardinality=1000000
997716 : 997716
p=17
hllcardinality=997753 cardinality=1000000
997753 : 997753
p=18
hllcardinality=1000005 cardinality=1000000
1000005 : 1000005
p=19
hllcardinality=998950 cardinality=1000000
998950 : 998950
p=20
hllcardinality=1001013 cardinality=1000000
1001013 : 1001013
p=21
hllcardinality=999880 cardinality=1000000
999880 : 999880
p=22
hllcardinality=999651 cardinality=1000000
999651 : 999651
p=23
hllcardinality=999876 cardinality=1000000
999876 : 999876
Expect estimate: 199441 is between 198781.25 and 201218.75
Expect estimate: 14988 is between 14634.375 and 15365.625
Tests run: 21, Failures: 0, Errors: 0, Skipped: 0, Time elapsed: 17.459 sec - in com.clearspring.analytics.stream.cardinality.TestHyperLogLogPlus
Running com.clearspring.analytics.stream.cardinality.TestHyperLogLog
Baseline estimate: 5045117
Expect estimate: 5045117 is between 4939062.5 and 5060937.5
time: 844
0.010026
time: 8401
0.01240201
Tests run: 8, Failures: 0, Errors: 0, Skipped: 1, Time elapsed: 9.423 sec - in com.clearspring.analytics.stream.cardinality.TestHyperLogLog
Running com.clearspring.analytics.stream.cardinality.TestLogLog
Baseline estimate: 5016726
time: 818
0.0270783
time: 14943
100000000
98567536
0.01432464
Tests run: 5, Failures: 0, Errors: 0, Skipped: 1, Time elapsed: 15.913 sec - in com.clearspring.analytics.stream.cardinality.TestLogLog
Running com.clearspring.analytics.stream.TestConcurrentStreamSummary
Geometric:
0
1
2
3
4
[(24680: 0, e: 0),(18851: 1, e: 0),(14089: 2, e: 0),(10544: 3, e: 1),(7990: 4, e: 0),(5935: 5, e: 12),(4478: 6, e: 4475),(4477: 8, e: 4475),(4478: 9, e: 4477),(4478: 10, e: 4475)]
[(1: X, e: 0)]
[(2: X, e: 0)]
[(2: X, e: 0),(1: Y, e: 0)]
[(2: X, e: 0),(1: Y, e: 0),(1: Z, e: 0)]
[(2: X, e: 0),(2: A, e: 1),(1: Z, e: 0)]
[(2: X, e: 0),(2: A, e: 1),(2: B, e: 1)]
[(2: A, e: 1),(2: B, e: 1),(3: C, e: 2)]
[(3: X, e: 2),(2: B, e: 1),(3: C, e: 2)]
[(4: X, e: 2),(2: B, e: 1),(3: C, e: 2)]
[(4: X, e: 2),(3: A, e: 2),(3: C, e: 2)]
[(4: X, e: 2),(4: A, e: 2),(3: C, e: 2)]
[(4: X, e: 2),(5: A, e: 2),(3: C, e: 2)]
Tests run: 4, Failures: 0, Errors: 0, Skipped: 0, Time elapsed: 0.037 sec - in com.clearspring.analytics.stream.TestConcurrentStreamSummary
Running com.clearspring.analytics.stream.frequency.CountMinSketchTest
1.0
Tests run: 13, Failures: 0, Errors: 0, Skipped: 0, Time elapsed: 6.4 sec - in com.clearspring.analytics.stream.frequency.CountMinSketchTest
Running com.clearspring.analytics.stream.frequency.ConservativeAddSketchTest
Confidence : 1.0   Errors : 0  Error margin : 7501
Total error : 13117189  Average error : 874
Beat base for : 99 percent of values with a total delta of 22878077
Confidence : 1.0   Errors : 0  Error margin : 101
Total error : 15160880  Average error : 16
Beat base for : 100 percent of values with a total delta of 20592544
Tests run: 3, Failures: 0, Errors: 0, Skipped: 0, Time elapsed: 3.031 sec - in com.clearspring.analytics.stream.frequency.ConservativeAddSketchTest
Running com.clearspring.analytics.stream.quantile.GroupTreeTest
0:0.0(1)	1:0.0(1)	2:1.0(1)	3:1.0(1)	4:2.0(1)	5:2.5(2)	6:3.0(1)	7:3.0(1)	8:4.0(1)	9:4.0(1)	10:5.0(1)	Tests run: 6, Failures: 0, Errors: 0, Skipped: 0, Time elapsed: 0.111 sec - in com.clearspring.analytics.stream.quantile.GroupTreeTest
Running com.clearspring.analytics.stream.quantile.QDigestTest
a: 0 .. 0: 3, 1 .. 1: 3
b: 0 .. 0: 4, 1 .. 1: 1, 0 .. 3: 1
ab: 0 .. 0: 4, 1 .. 1: 1, 0 .. 1: 6, 0 .. 3: 1
c: 0 .. 0: 7, 1 .. 1: 4, 0 .. 3: 1
Tests run: 3, Failures: 0, Errors: 0, Skipped: 0, Time elapsed: 0.354 sec - in com.clearspring.analytics.stream.quantile.QDigestTest
Running com.clearspring.analytics.stream.quantile.TDigestTest
# big 4506 bytes
# small 4506 bytes
# 1.674451us per point
# 852 centroids
quantile	2	0.001000	0.000016	-0.000010	-0.000010	0.009705
quantile	2	0.010000	0.000266	0.000044	-0.000435	0.043495
quantile	2	0.100000	0.001111	0.000777	0.004654	0.046542
quantile	2	0.200000	0.001048	-0.000857	-0.001655	0.008276
quantile	2	0.300000	0.001002	-0.005428	0.000597	0.001990
quantile	2	0.500000	0.002338	0.003358	0.003051	0.006103
cdf	2	0.001000	-0.000030	0.000006	0.000007	0.007173
cdf	2	0.010000	-0.000190	-0.000059	-0.000113	0.011324
cdf	2	0.100000	-0.001070	-0.000102	0.000222	0.002223
cdf	2	0.200000	-0.000950	0.000023	0.000353	0.001763
cdf	2	0.300000	-0.001110	-0.000750	0.000273	0.000909
cdf	2	0.500000	-0.002440	-0.000864	-0.000272	0.000543
quantile	5	0.001000	0.000219	-0.000003	-0.000011	0.010649
quantile	5	0.010000	-0.000117	0.000098	0.000045	0.004465
quantile	5	0.100000	0.000243	0.001113	-0.002944	0.029439
quantile	5	0.200000	-0.000056	0.001307	-0.003135	0.015673
quantile	5	0.300000	0.001073	-0.004081	0.004474	0.014913
quantile	5	0.500000	0.000891	0.001368	0.007740	0.015480
cdf	5	0.001000	-0.000230	0.000003	-0.000000	0.000326
cdf	5	0.010000	0.000100	-0.000003	-0.000015	0.001527
cdf	5	0.100000	-0.000190	-0.000116	-0.000473	0.004729
cdf	5	0.200000	0.000080	0.000001	-0.000456	0.002279
cdf	5	0.300000	-0.001230	-0.000538	0.000510	0.001699
cdf	5	0.500000	-0.001030	-0.000623	0.000738	0.001476
quantile	10	0.001000	-0.000128	-0.000037	-0.000050	0.050407
quantile	10	0.010000	-0.000259	-0.000004	-0.000040	0.003989
quantile	10	0.100000	-0.000484	0.000241	-0.004207	0.042075
quantile	10	0.200000	0.000581	0.000904	0.004575	0.022875
quantile	10	0.300000	0.002187	-0.001809	-0.001842	0.006141
quantile	10	0.500000	0.001205	-0.006186	-0.000823	0.001645
cdf	10	0.001000	0.000200	0.000002	0.000002	0.002264
cdf	10	0.010000	0.000290	-0.000030	-0.000054	0.005396
cdf	10	0.100000	0.000460	-0.000012	-0.000392	0.003918
cdf	10	0.200000	-0.000430	-0.000150	0.000170	0.000852
cdf	10	0.300000	-0.001990	0.000204	0.000320	0.001068
cdf	10	0.500000	-0.001250	-0.000520	0.001075	0.002150
quantile	20	0.001000	0.000025	-0.000027	-0.000002	0.001728
quantile	20	0.010000	0.000322	-0.000206	-0.000173	0.017287
quantile	20	0.100000	0.002969	0.000448	0.002265	0.022655
quantile	20	0.200000	0.001274	0.001016	0.001852	0.009260
quantile	20	0.300000	0.001187	-0.001313	-0.008982	0.029940
quantile	20	0.500000	-0.000285	-0.007642	0.009524	0.019049
cdf	20	0.001000	-0.000010	-0.000006	-0.000009	0.009441
cdf	20	0.010000	-0.000230	-0.000004	0.000018	0.001779
cdf	20	0.100000	-0.002640	-0.000046	0.000029	0.000293
cdf	20	0.200000	-0.001180	-0.000029	0.000119	0.000597
cdf	20	0.300000	-0.001140	-0.000393	-0.000328	0.001094
cdf	20	0.500000	0.000280	-0.000307	0.000501	0.001002
quantile	50	0.001000	-0.000204	-0.000024	-0.000024	0.023554
quantile	50	0.010000	-0.000009	-0.000031	-0.000050	0.004963
quantile	50	0.100000	-0.000574	0.000184	-0.002290	0.022904
quantile	50	0.200000	-0.000751	0.003277	0.004192	0.020962
quantile	50	0.300000	-0.001017	-0.000319	-0.013869	0.046229
quantile	50	0.500000	0.001029	0.000874	-0.001055	0.002110
cdf	50	0.001000	0.000160	0.000004	0.000006	0.006369
cdf	50	0.010000	0.000010	-0.000002	0.000001	0.000121
cdf	50	0.100000	0.000500	0.000019	-0.000006	0.000060
cdf	50	0.200000	0.000670	0.000385	0.000404	0.002021
cdf	50	0.300000	0.001220	-0.000565	-0.000313	0.001045
cdf	50	0.500000	-0.001130	0.000013	-0.000580	0.001159
quantile	100	0.001000	0.000135	-0.000056	-0.000035	0.035088
quantile	100	0.010000	0.000331	-0.000006	0.000042	0.004232
quantile	100	0.100000	0.000658	0.000751	0.001020	0.010201
quantile	100	0.200000	0.001183	0.000756	0.000565	0.002827
quantile	100	0.300000	0.000474	-0.000654	-0.000943	0.003144
quantile	100	0.500000	0.000067	-0.001080	0.008411	0.016823
cdf	100	0.001000	-0.000120	0.000007	-0.000003	0.003304
cdf	100	0.010000	-0.000390	-0.000030	-0.000038	0.003778
cdf	100	0.100000	-0.000540	-0.000041	0.000067	0.000668
cdf	100	0.200000	-0.001170	0.000323	-0.000462	0.002312
cdf	100	0.300000	-0.000430	-0.000095	0.000176	0.000586
cdf	100	0.500000	-0.000110	-0.000300	0.002432	0.004864
# 1.191754us per point
# 847 centroids
# 1.093154us per point
# 835 centroids
# 1.496167us per point
# 863 centroids
gamma	2	0.00100000	0.0008800000000	0.9978500000	188	108
gamma	2	0.01000000	-0.01000000000	0.9888500000	188	108
gamma	2	0.10000000	0.07174000000	0.8988500000	188	108
gamma	2	0.20000000	0.1724300000	0.7999900000	188	108
gamma	2	0.30000000	0.1041400000	0.6999900000	188	108
gamma	2	0.50000000	0.03798000000	0.4999900000	188	108
gamma	2	0.70000000	-0.0005100000000	0.3000000000	188	108
gamma	2	0.80000000	-0.8000000000	0.2000000000	188	108
gamma	2	0.90000000	0.06937000000	0.1000000000	188	108
gamma	2	0.99000000	0.008020000000	0.01000000000	188	108
gamma	2	0.99900000	-0.0009000000000	0.001000000000	188	108
gamma	5	0.00100000	0.0001700000000	0.8297000000	388	268
gamma	5	0.01000000	0.0006500000000	0.8207000000	388	268
gamma	5	0.10000000	-0.1000000000	0.7307000000	388	268
gamma	5	0.20000000	0.01033000000	0.6832200000	388	268
gamma	5	0.30000000	-0.3000000000	0.5832200000	388	268
gamma	5	0.50000000	0.02103000000	0.4676200000	388	268
gamma	5	0.70000000	0.01584000000	0.2988100000	388	268
gamma	5	0.80000000	0.01627000000	0.1988100000	388	268
gamma	5	0.90000000	0.02333000000	0.1000000000	388	268
gamma	5	0.99000000	0.001340000000	0.01000000000	388	268
gamma	5	0.99900000	9.000000000e-05	0.001000000000	388	268
gamma	10	0.00100000	7.000000000e-05	0.4793400000	664	492
gamma	10	0.01000000	-0.01000000000	0.4703400000	664	492
gamma	10	0.10000000	0.0003100000000	0.4151300000	664	492
gamma	10	0.20000000	0.005280000000	0.3521400000	664	492
gamma	10	0.30000000	-0.3000000000	0.3343500000	664	492
gamma	10	0.50000000	-0.5000000000	0.2752200000	664	492
gamma	10	0.70000000	0.009810000000	0.2274100000	664	492
gamma	10	0.80000000	0.001900000000	0.1663400000	664	492
gamma	10	0.90000000	-0.005280000000	0.09881000000	664	492
gamma	10	0.99000000	-0.002390000000	0.01000000000	664	492
gamma	10	0.99900000	-4.000000000e-05	0.001000000000	664	492
gamma	20	0.00100000	-0.001000000000	0.2064700000	1164	812
gamma	20	0.01000000	-0.003830000000	0.1974700000	1164	812
gamma	20	0.10000000	0.001700000000	0.1383700000	1164	812
gamma	20	0.20000000	2.000000000e-05	0.09286000000	1164	812
gamma	20	0.30000000	-0.003600000000	0.06034000000	1164	812
gamma	20	0.50000000	-0.002320000000	0.05039000000	1164	812
gamma	20	0.70000000	0.009350000000	0.02505000000	1164	812
gamma	20	0.80000000	-0.004190000000	0.005890000000	1164	812
gamma	20	0.90000000	0.004210000000	0.06667000000	1164	812
gamma	20	0.99000000	0.0005600000000	0.009990000000	1164	812
gamma	20	0.99900000	0.000000000	0.001000000000	1164	812
gamma	50	0.00100000	-1.000000000e-05	-0.001000000000	2463	2332
gamma	50	0.01000000	0.0001700000000	-0.01000000000	2463	2332
gamma	50	0.10000000	0.0006200000000	0.03656000000	2463	2332
gamma	50	0.20000000	-0.02591000000	0.007310000000	2463	2332
gamma	50	0.30000000	0.002660000000	0.007160000000	2463	2332
gamma	50	0.50000000	-0.02686000000	0.01387000000	2463	2332
gamma	50	0.70000000	0.0009500000000	0.005920000000	2463	2332
gamma	50	0.80000000	0.0004200000000	0.006990000000	2463	2332
gamma	50	0.90000000	-0.0007400000000	0.008450000000	2463	2332
gamma	50	0.99000000	0.0003400000000	0.009980000000	2463	2332
gamma	50	0.99900000	-5.000000000e-05	0.001000000000	2463	2332
gamma	100	0.00100000	0.000000000	-0.001000000000	4533	4268
gamma	100	0.01000000	0.0002200000000	-0.01000000000	4533	4268
gamma	100	0.10000000	-0.0009200000000	0.006220000000	4533	4268
gamma	100	0.20000000	-0.003420000000	0.008160000000	4533	4268
gamma	100	0.30000000	0.0001900000000	0.005820000000	4533	4268
gamma	100	0.50000000	-0.002890000000	0.01392000000	4533	4268
gamma	100	0.70000000	0.001640000000	0.01071000000	4533	4268
gamma	100	0.80000000	0.001210000000	0.005350000000	4533	4268
gamma	100	0.90000000	0.0005600000000	0.007760000000	4533	4268
gamma	100	0.99000000	-1.000000000e-05	0.008670000000	4533	4268
gamma	100	0.99900000	-3.000000000e-05	0.001000000000	4533	4268
gamma	200	0.00100000	-1.500000000e-05	-0.001000000000	8014	8972
gamma	200	0.01000000	-7.000000000e-05	-0.01000000000	8014	8972
gamma	200	0.10000000	-0.0002100000000	0.003170000000	8014	8972
gamma	200	0.20000000	0.000000000	0.001210000000	8014	8972
gamma	200	0.30000000	0.002030000000	0.001060000000	8014	8972
gamma	200	0.50000000	-0.0006200000000	0.002060000000	8014	8972
gamma	200	0.70000000	0.000000000	0.001010000000	8014	8972
gamma	200	0.80000000	-0.0002800000000	0.004860000000	8014	8972
gamma	200	0.90000000	-9.000000000e-05	0.002970000000	8014	8972
gamma	200	0.99000000	-5.000000000e-05	0.006780000000	8014	8972
gamma	200	0.99900000	-1.500000000e-05	0.001000000000	8014	8972
gamma	500	0.00100000	-1.500000000e-05	-0.001000000000	17230	21132
gamma	500	0.01000000	-3.000000000e-05	-0.01000000000	17230	21132
gamma	500	0.10000000	-0.0003100000000	0.001570000000	17230	21132
gamma	500	0.20000000	-7.000000000e-05	0.004610000000	17230	21132
gamma	500	0.30000000	-0.0004200000000	0.002590000000	17230	21132
gamma	500	0.50000000	-0.0002000000000	0.003200000000	17230	21132
gamma	500	0.70000000	0.001160000000	0.003070000000	17230	21132
gamma	500	0.80000000	0.0003100000000	0.002070000000	17230	21132
gamma	500	0.90000000	-0.0001400000000	0.004470000000	17230	21132
gamma	500	0.99000000	-4.000000000e-05	0.002720000000	17230	21132
gamma	500	0.99900000	-1.500000000e-05	0.0009600000000	17230	21132
gamma	1000	0.00100000	-1.500000000e-05	-0.001000000000	30626	46956
gamma	1000	0.01000000	-4.000000000e-05	-0.01000000000	30626	46956
gamma	1000	0.10000000	4.000000000e-05	0.0005500000000	30626	46956
gamma	1000	0.20000000	-0.0001800000000	0.001490000000	30626	46956
gamma	1000	0.30000000	6.000000000e-05	0.0006500000000	30626	46956
gamma	1000	0.50000000	-0.0003300000000	0.001440000000	30626	46956
gamma	1000	0.70000000	-0.0001400000000	0.001480000000	30626	46956
gamma	1000	0.80000000	-2.000000000e-05	0.001270000000	30626	46956
gamma	1000	0.90000000	1.000000000e-05	0.0009300000000	30626	46956
gamma	1000	0.99000000	-5.000000000e-05	0.0003500000000	30626	46956
gamma	1000	0.99900000	-1.500000000e-05	0.001000000000	30626	46956
gamma	2000	0.00100000	-1.500000000e-05	-0.001000000000	54881	88012
gamma	2000	0.01000000	-1.500000000e-05	-0.01000000000	54881	88012
gamma	2000	0.10000000	3.000000000e-05	0.0004400000000	54881	88012
gamma	2000	0.20000000	-0.0001000000000	0.0007700000000	54881	88012
gamma	2000	0.30000000	0.0002500000000	0.0008000000000	54881	88012
gamma	2000	0.50000000	5.000000000e-05	0.001020000000	54881	88012
gamma	2000	0.70000000	-0.0001700000000	0.001030000000	54881	88012
gamma	2000	0.80000000	-3.000000000e-05	0.0009800000000	54881	88012
gamma	2000	0.90000000	-6.000000000e-05	0.0008500000000	54881	88012
gamma	2000	0.99000000	-1.500000000e-05	0.0005300000000	54881	88012
gamma	2000	0.99900000	-1.500000000e-05	0.0004800000000	54881	88012
uniform	2	0.00100000	-0.0003800000000	0.2494600000	179	124
uniform	2	0.01000000	-0.009380000000	0.2404600000	179	124
uniform	2	0.10000000	0.02127000000	0.4002600000	179	124
uniform	2	0.20000000	-0.02844000000	0.3002600000	179	124
uniform	2	0.30000000	-0.04303000000	0.2002600000	179	124
uniform	2	0.50000000	-0.1464900000	0.0002600000000	179	124
uniform	2	0.70000000	-0.04894000000	0.3000000000	179	124
uniform	2	0.80000000	-0.03059000000	0.2000000000	179	124
uniform	2	0.90000000	-0.01745000000	0.1000000000	179	124
uniform	2	0.99000000	0.0004700000000	0.01000000000	179	124
uniform	2	0.99900000	0.0002400000000	0.001000000000	179	124
uniform	5	0.00100000	-0.0002300000000	0.1240900000	385	236
uniform	5	0.01000000	-0.003830000000	0.1150900000	385	236
uniform	5	0.10000000	-0.001980000000	0.02509000000	385	236
uniform	5	0.20000000	-0.03871000000	0.05050000000	385	236
uniform	5	0.30000000	0.04497000000	0.07565000000	385	236
uniform	5	0.50000000	0.1473700000	0.0009300000000	385	236
uniform	5	0.70000000	0.0002100000000	0.1755000000	385	236
uniform	5	0.80000000	-0.007560000000	0.07550000000	385	236
uniform	5	0.90000000	0.06830000000	0.1000000000	385	236
uniform	5	0.99000000	0.002160000000	0.01000000000	385	236
uniform	5	0.99900000	-7.000000000e-05	0.001000000000	385	236
uniform	10	0.00100000	-0.0001300000000	0.06288000000	622	476
uniform	10	0.01000000	0.0007100000000	0.05388000000	622	476
uniform	10	0.10000000	0.003620000000	0.02666000000	622	476
uniform	10	0.20000000	-0.007800000000	0.05005000000	622	476
uniform	10	0.30000000	0.01425000000	0.01329000000	622	476
uniform	10	0.50000000	-0.02350000000	0.0007800000000	622	476
uniform	10	0.70000000	0.04107000000	0.05098000000	622	476
uniform	10	0.80000000	-0.04723000000	0.01500000000	622	476
uniform	10	0.90000000	-0.01329000000	0.03921000000	622	476
uniform	10	0.99000000	-0.001410000000	0.01000000000	622	476
uniform	10	0.99900000	6.000000000e-05	0.001000000000	622	476
uniform	20	0.00100000	-0.0001100000000	0.06097000000	1114	844
uniform	20	0.01000000	-0.0002300000000	0.05197000000	1114	844
uniform	20	0.10000000	-0.004450000000	0.02562000000	1114	844
uniform	20	0.20000000	-0.003820000000	0.05008000000	1114	844
uniform	20	0.30000000	0.006590000000	0.07421000000	1114	844
uniform	20	0.50000000	-0.03528000000	0.03168000000	1114	844
uniform	20	0.70000000	-0.008910000000	0.05160000000	1114	844
uniform	20	0.80000000	-0.009070000000	0.07568000000	1114	844
uniform	20	0.90000000	-0.004470000000	0.1000000000	1114	844
uniform	20	0.99000000	-0.0002300000000	0.01000000000	1114	844
uniform	20	0.99900000	0.0001200000000	0.001000000000	1114	844
uniform	50	0.00100000	-8.000000000e-05	0.01441000000	2460	2380
uniform	50	0.01000000	1.000000000e-05	0.005410000000	2460	2380
uniform	50	0.10000000	0.0007000000000	0.009500000000	2460	2380
uniform	50	0.20000000	0.003660000000	0.004310000000	2460	2380
uniform	50	0.30000000	-0.01139000000	0.01324000000	2460	2380
uniform	50	0.50000000	0.005480000000	0.01406000000	2460	2380
uniform	50	0.70000000	0.009270000000	0.01858000000	2460	2380
uniform	50	0.80000000	-0.003900000000	0.01305000000	2460	2380
uniform	50	0.90000000	0.0008600000000	0.006450000000	2460	2380
uniform	50	0.99000000	7.000000000e-05	0.01000000000	2460	2380
uniform	50	0.99900000	-3.000000000e-05	0.001000000000	2460	2380
uniform	100	0.00100000	-4.000000000e-05	0.006550000000	4398	4620
uniform	100	0.01000000	-9.000000000e-05	0.005800000000	4398	4620
uniform	100	0.10000000	-0.0007000000000	0.001750000000	4398	4620
uniform	100	0.20000000	0.0004000000000	0.002210000000	4398	4620
uniform	100	0.30000000	-0.002120000000	0.002940000000	4398	4620
uniform	100	0.50000000	-0.001510000000	0.006930000000	4398	4620
uniform	100	0.70000000	-0.002000000000	0.002910000000	4398	4620
uniform	100	0.80000000	-0.001500000000	0.004430000000	4398	4620
uniform	100	0.90000000	-0.003180000000	0.006540000000	4398	4620
uniform	100	0.99000000	0.000000000	0.01000000000	4398	4620
uniform	100	0.99900000	-2.000000000e-05	0.001000000000	4398	4620
uniform	200	0.00100000	-1.500000000e-05	0.002880000000	8112	9388
uniform	200	0.01000000	-5.000000000e-05	0.001520000000	8112	9388
uniform	200	0.10000000	-0.001280000000	0.003960000000	8112	9388
uniform	200	0.20000000	-0.0003400000000	0.001110000000	8112	9388
uniform	200	0.30000000	-0.0002400000000	0.002290000000	8112	9388
uniform	200	0.50000000	0.0001100000000	0.003620000000	8112	9388
uniform	200	0.70000000	-0.0002100000000	0.003050000000	8112	9388
uniform	200	0.80000000	-4.000000000e-05	0.004470000000	8112	9388
uniform	200	0.90000000	-0.0005000000000	0.005230000000	8112	9388
uniform	200	0.99000000	2.000000000e-05	0.002170000000	8112	9388
uniform	200	0.99900000	-1.500000000e-05	0.001000000000	8112	9388
uniform	500	0.00100000	-1.500000000e-05	0.0009800000000	17356	23212
uniform	500	0.01000000	-3.000000000e-05	0.001630000000	17356	23212
uniform	500	0.10000000	-2.000000000e-05	0.002400000000	17356	23212
uniform	500	0.20000000	8.000000000e-05	0.002140000000	17356	23212
uniform	500	0.30000000	0.0005900000000	0.003700000000	17356	23212
uniform	500	0.50000000	0.0002800000000	0.0009100000000	17356	23212
uniform	500	0.70000000	-0.0001600000000	0.001520000000	17356	23212
uniform	500	0.80000000	8.000000000e-05	0.002240000000	17356	23212
uniform	500	0.90000000	0.0001400000000	0.001060000000	17356	23212
uniform	500	0.99000000	-7.000000000e-05	0.002440000000	17356	23212
uniform	500	0.99900000	-1.500000000e-05	0.001000000000	17356	23212
uniform	1000	0.00100000	-1.500000000e-05	9.000000000e-05	30666	46860
uniform	1000	0.01000000	-3.000000000e-05	0.001090000000	30666	46860
uniform	1000	0.10000000	-0.0001800000000	0.0005900000000	30666	46860
uniform	1000	0.20000000	0.0001400000000	0.0003500000000	30666	46860
uniform	1000	0.30000000	0.0005200000000	0.0007400000000	30666	46860
uniform	1000	0.50000000	-0.0002900000000	0.001030000000	30666	46860
uniform	1000	0.70000000	0.0001700000000	0.0008900000000	30666	46860
uniform	1000	0.80000000	0.0001300000000	0.001000000000	30666	46860
uniform	1000	0.90000000	0.0001800000000	0.001330000000	30666	46860
uniform	1000	0.99000000	0.000000000	0.002180000000	30666	46860
uniform	1000	0.99900000	-1.500000000e-05	0.001000000000	30666	46860
uniform	2000	0.00100000	-1.500000000e-05	0.0001100000000	54811	88220
uniform	2000	0.01000000	-1.500000000e-05	0.0007600000000	54811	88220
uniform	2000	0.10000000	-1.000000000e-05	0.0006200000000	54811	88220
uniform	2000	0.20000000	-0.0002600000000	0.001480000000	54811	88220
uniform	2000	0.30000000	-6.000000000e-05	0.0009300000000	54811	88220
uniform	2000	0.50000000	-0.0002100000000	0.0004300000000	54811	88220
uniform	2000	0.70000000	6.000000000e-05	0.0007600000000	54811	88220
uniform	2000	0.80000000	0.0002800000000	0.001970000000	54811	88220
uniform	2000	0.90000000	-6.000000000e-05	0.001120000000	54811	88220
uniform	2000	0.99000000	-1.500000000e-05	0.001790000000	54811	88220
uniform	2000	0.99900000	-1.500000000e-05	0.001000000000	54811	88220
# 18.496753us per point
# 4693 centroids
Tests run: 11, Failures: 0, Errors: 0, Skipped: 1, Time elapsed: 10.972 sec - in com.clearspring.analytics.stream.quantile.TDigestTest
Running com.clearspring.analytics.stream.TestStochasticTopper
Gaussian:
-6
-5
0
-3
7
Geometric:
0
1
3
2
4
Zipfian:
1
2
4
3
7
0: 25121
1: 18620
2: 13999
3: 10532
4: 7952
5: 6131
6: 4477
7: 3300
8: 2505
9: 1877
10: 1418
11: 1043
12: 736
13: 600
14: 442
15: 305
16: 239
17: 169
18: 139
19: 103
2147483638: 0
2147483639: 0
2147483640: 0
2147483641: 0
2147483642: 0
2147483643: 0
2147483644: 0
2147483645: 0
2147483646: 0
2147483647: 0
Tests run: 4, Failures: 0, Errors: 0, Skipped: 0, Time elapsed: 0.132 sec - in com.clearspring.analytics.stream.TestStochasticTopper
Running com.clearspring.analytics.stream.membership.FilterTest
Tests run: 1, Failures: 0, Errors: 0, Skipped: 0, Time elapsed: 0.047 sec - in com.clearspring.analytics.stream.membership.FilterTest
Running com.clearspring.analytics.stream.membership.Base64Test
Tests run: 1, Failures: 0, Errors: 0, Skipped: 0, Time elapsed: 0.04 sec - in com.clearspring.analytics.stream.membership.Base64Test
Running com.clearspring.analytics.stream.membership.BloomFilterTest
1/11 - got 0.00725, math says 0.00819
2/11 - got 0.00447, math says 0.00509
3/11 - got 0.00204, math says 0.00314
4/11 - got 0.00201, math says 0.00194
5/11 - got 0.00108, math says 0.0012
6/11 - got 7.0E-4, math says 7.44E-4
7/11 - got 4.9E-4, math says 4.59E-4
8/11 - got 3.2E-4, math says 2.84E-4
9/11 - got 3.2E-4, math says 1.76E-4
10/11 - got 2.2E-4, math says 1.09E-4
11/11 - got 1.7E-4, math says 6.71E-5
expectedFalsePositiveProbability
Tests run: 15, Failures: 0, Errors: 0, Skipped: 4, Time elapsed: 1.256 sec - in com.clearspring.analytics.stream.membership.BloomFilterTest
Running com.clearspring.analytics.stream.TestSampleSet
Tests run: 4, Failures: 0, Errors: 0, Skipped: 0, Time elapsed: 0 sec - in com.clearspring.analytics.stream.TestSampleSet

Results :

Tests run: 152, Failures: 0, Errors: 0, Skipped: 12

[INFO] ------------------------------------------------------------------------
[INFO] BUILD SUCCESS
[INFO] ------------------------------------------------------------------------
[INFO] Total time:  01:09 min
[INFO] Finished at: 2021-11-27T15:15:07+09:00
[INFO] ------------------------------------------------------------------------
[main][9/14] mvn --file repo/pom.xml --fail-never -Dmaven.clover.generateHtml=false clean clover:setup test clover:aggregate clover:clover
[INFO] Scanning for projects...
[INFO] 
[INFO] ------------------< com.clearspring.analytics:stream >------------------
[INFO] Building stream-lib 2.9.9-SNAPSHOT
[INFO] --------------------------------[ jar ]---------------------------------
[INFO] 
[INFO] --- maven-clean-plugin:2.5:clean (default-clean) @ stream ---
[INFO] Deleting /Users/seyoung/data/repo/target
[INFO] 
[INFO] --- clover-maven-plugin:4.4.1:setup (default-cli) @ stream ---
[INFO] OpenClover Version 4.4.1, built on October 11 2019 (build-1020)
[INFO] Creating new database at '/Users/seyoung/data/repo/target/clover/clover.db'.
[INFO] Processing files at 1.8 source level.
[INFO] Clover all over. Instrumented 48 files (8 packages).
[INFO] OpenClover Version 4.4.1, built on October 11 2019 (build-1020)
[INFO] Updating existing database at '/Users/seyoung/data/repo/target/clover/clover.db'.
[INFO] Processing files at 1.8 source level.
[INFO] Clover all over. Instrumented 29 files (10 packages).
[INFO] 151 test methods detected.
[INFO] 
[INFO] --- jacoco-maven-plugin:0.7.6.201602180812:prepare-agent (default) @ stream ---
[WARNING] The artifact xml-apis:xml-apis:jar:2.0.2 has been relocated to xml-apis:xml-apis:jar:1.0.b2
[INFO] argLine set to -javaagent:/Users/seyoung/.m2/repository/org/jacoco/org.jacoco.agent/0.7.6.201602180812/org.jacoco.agent-0.7.6.201602180812-runtime.jar=destfile=/Users/seyoung/data/repo/target/jacoco.exec
[INFO] 
[INFO] --- maven-resources-plugin:2.6:resources (default-resources) @ stream ---
[INFO] Using 'UTF-8' encoding to copy filtered resources.
[INFO] skip non existing resourceDirectory /Users/seyoung/data/repo/src/main/resources
[INFO] Copying 1 resource
[INFO] 
[INFO] --- maven-compiler-plugin:3.5.1:compile (default-compile) @ stream ---
[INFO] Changes detected - recompiling the module!
[INFO] Compiling 48 source files to /Users/seyoung/data/repo/target/classes
[INFO] 
[INFO] --- maven-resources-plugin:2.6:testResources (default-testResources) @ stream ---
[INFO] Using 'UTF-8' encoding to copy filtered resources.
[INFO] Copying 1 resource
[INFO] 
[INFO] --- maven-compiler-plugin:3.5.1:testCompile (default-testCompile) @ stream ---
[INFO] Changes detected - recompiling the module!
[INFO] Compiling 29 source files to /Users/seyoung/data/repo/target/test-classes
[WARNING] /Users/seyoung/data/repo/target/clover/src-test-instrumented/com/clearspring/analytics/stream/cardinality/TestHyperLogLog.java:[146,66] HyperLogLog(int,com.clearspring.analytics.stream.cardinality.RegisterSet) in com.clearspring.analytics.stream.cardinality.HyperLogLog has been deprecated
[WARNING] /Users/seyoung/data/repo/target/clover/src-test-instrumented/com/clearspring/analytics/stream/cardinality/TestHyperLogLog.java:[147,67] HyperLogLog(int,com.clearspring.analytics.stream.cardinality.RegisterSet) in com.clearspring.analytics.stream.cardinality.HyperLogLog has been deprecated
[WARNING] /Users/seyoung/data/repo/target/clover/src-test-instrumented/com/clearspring/analytics/stream/cardinality/TestCountThenEstimate.java:[169,95] Builder(double) in com.clearspring.analytics.stream.cardinality.HyperLogLog.Builder has been deprecated
[WARNING] /Users/seyoung/data/repo/target/clover/src-test-instrumented/com/clearspring/analytics/stream/cardinality/TestCountThenEstimate.java:[209,95] Builder(double) in com.clearspring.analytics.stream.cardinality.HyperLogLog.Builder has been deprecated
[INFO] /Users/seyoung/data/repo/target/clover/src-test-instrumented/com/clearspring/analytics/stream/TestStreamSummary.java: /Users/seyoung/data/repo/target/clover/src-test-instrumented/com/clearspring/analytics/stream/TestStreamSummary.java uses unchecked or unsafe operations.
[INFO] /Users/seyoung/data/repo/target/clover/src-test-instrumented/com/clearspring/analytics/stream/TestStreamSummary.java: Recompile with -Xlint:unchecked for details.
[INFO] 
[INFO] --- maven-surefire-plugin:2.19.1:test (default-test) @ stream ---

-------------------------------------------------------
 T E S T S
-------------------------------------------------------
Running com.clearspring.experimental.stream.cardinality.TestHyperBitBit
Tests run: 3, Failures: 0, Errors: 0, Skipped: 3, Time elapsed: 0.041 sec - in com.clearspring.experimental.stream.cardinality.TestHyperBitBit
Running com.clearspring.analytics.util.TestDoublyLinkedList
Tests run: 7, Failures: 0, Errors: 0, Skipped: 0, Time elapsed: 0.034 sec - in com.clearspring.analytics.util.TestDoublyLinkedList
Running com.clearspring.analytics.hash.TestLookup3Hash
Tests run: 2, Failures: 0, Errors: 0, Skipped: 0, Time elapsed: 0.104 sec - in com.clearspring.analytics.hash.TestLookup3Hash
Running com.clearspring.analytics.hash.TestMurmurHash
Tests run: 4, Failures: 0, Errors: 0, Skipped: 0, Time elapsed: 0.004 sec - in com.clearspring.analytics.hash.TestMurmurHash
Running com.clearspring.analytics.stream.TestStreamSummary
Geometric:
0
1
2
3
4
[{24773:[{0:0}]},{18723:[{1:0}]},{14041:[{2:0}]},{10636:[{3:0}]},{7855:[{4:0}]},{6031:[{5:1}]},{4536:[{6:449}]},{4470:[{8:4464}]},{4468:[{9:4467}]},{4467:[{15:4466}]}]
[{1:[{X:0}]}]
[{2:[{X:0}]}]
[{2:[{X:0}]},{1:[{Y:0}]}]
[{2:[{X:0}]},{1:[{Y:0},{Z:0}]}]
[{2:[{X:0},{A:1}]},{1:[{Z:0}]}]
[{2:[{X:0},{A:1},{B:1}]}]
[{3:[{C:2}]},{2:[{A:1},{B:1}]}]
[{3:[{C:2},{X:2}]},{2:[{B:1}]}]
[{4:[{X:2}]},{3:[{C:2}]},{2:[{B:1}]}]
[{4:[{X:2}]},{3:[{C:2},{A:2}]}]
[{4:[{X:2},{A:2}]},{3:[{C:2}]}]
[{5:[{A:2}]},{4:[{X:2}]},{3:[{C:2}]}]
Insert with counts vs. single inserts:
[{45:[{D:15}]},{25:[{C:0}]},{21:[{A:20}]}]
[{45:[{D:15}]},{25:[{C:0}]},{21:[{A:20}]}]
Tests run: 8, Failures: 0, Errors: 0, Skipped: 0, Time elapsed: 0.26 sec - in com.clearspring.analytics.stream.TestStreamSummary
Running com.clearspring.analytics.stream.cardinality.TestLinearCounting
Tests run: 8, Failures: 0, Errors: 0, Skipped: 0, Time elapsed: 0.061 sec - in com.clearspring.analytics.stream.cardinality.TestLinearCounting
Running com.clearspring.analytics.stream.cardinality.TestICardinality
size: 65536 bytes
1001075
% Error: 0.1075
Tests run: 2, Failures: 0, Errors: 0, Skipped: 0, Time elapsed: 1.506 sec - in com.clearspring.analytics.stream.cardinality.TestICardinality
Running com.clearspring.analytics.stream.cardinality.TestCountThenEstimate
Tests run: 7, Failures: 0, Errors: 0, Skipped: 0, Time elapsed: 0.035 sec - in com.clearspring.analytics.stream.cardinality.TestCountThenEstimate
Running com.clearspring.analytics.stream.cardinality.RegisterSetTest
Tests run: 5, Failures: 0, Errors: 0, Skipped: 0, Time elapsed: 0.003 sec - in com.clearspring.analytics.stream.cardinality.RegisterSetTest
Running com.clearspring.analytics.stream.cardinality.TestAndGraphResults
Tests run: 1, Failures: 0, Errors: 0, Skipped: 1, Time elapsed: 0 sec - in com.clearspring.analytics.stream.cardinality.TestAndGraphResults
Running com.clearspring.analytics.stream.cardinality.TestAdaptiveCounting
Tests run: 6, Failures: 0, Errors: 0, Skipped: 1, Time elapsed: 0.987 sec - in com.clearspring.analytics.stream.cardinality.TestAdaptiveCounting
Running com.clearspring.analytics.stream.cardinality.TestHyperLogLogPlus
Size: 13726
4-16: 0 -> 0
4-17: 0 -> 0
4-18: 0 -> 0
4-19: 0 -> 0
4-20: 0 -> 0
4-21: 0 -> 0
4-22: 0 -> 0
4-23: 0 -> 0
4-24: 0 -> 0
4-25: 0 -> 0
4-26: 0 -> 0
4-27: 0 -> 0
4-28: 0 -> 0
4-29: 0 -> 0
4-30: 0 -> 0
4-31: 0 -> 0
4-32: 0 -> 0
5-16: 0 -> 0
5-17: 0 -> 0
5-18: 0 -> 0
5-19: 0 -> 0
5-20: 0 -> 0
5-21: 0 -> 0
5-22: 0 -> 0
5-23: 0 -> 0
5-24: 0 -> 0
5-25: 0 -> 0
5-26: 0 -> 0
5-27: 0 -> 0
5-28: 0 -> 0
5-29: 0 -> 0
5-30: 0 -> 0
5-31: 0 -> 0
5-32: 0 -> 0
6-16: 0 -> 0
6-17: 0 -> 0
6-18: 0 -> 0
6-19: 0 -> 0
6-20: 0 -> 0
6-21: 0 -> 0
6-22: 0 -> 0
6-23: 0 -> 0
6-24: 0 -> 0
6-25: 0 -> 0
6-26: 0 -> 0
6-27: 0 -> 0
6-28: 0 -> 0
6-29: 0 -> 0
6-30: 0 -> 0
6-31: 0 -> 0
6-32: 0 -> 0
7-16: 0 -> 0
7-17: 0 -> 0
7-18: 0 -> 0
7-19: 0 -> 0
7-20: 0 -> 0
7-21: 0 -> 0
7-22: 0 -> 0
7-23: 0 -> 0
7-24: 0 -> 0
7-25: 0 -> 0
7-26: 0 -> 0
7-27: 0 -> 0
7-28: 0 -> 0
7-29: 0 -> 0
7-30: 0 -> 0
7-31: 0 -> 0
7-32: 0 -> 0
8-16: 0 -> 0
8-17: 0 -> 0
8-18: 0 -> 0
8-19: 0 -> 0
8-20: 0 -> 0
8-21: 0 -> 0
8-22: 0 -> 0
8-23: 0 -> 0
8-24: 0 -> 0
8-25: 0 -> 0
8-26: 0 -> 0
8-27: 0 -> 0
8-28: 0 -> 0
8-29: 0 -> 0
8-30: 0 -> 0
8-31: 0 -> 0
8-32: 0 -> 0
9-16: 0 -> 0
9-17: 0 -> 0
9-18: 0 -> 0
9-19: 0 -> 0
9-20: 0 -> 0
9-21: 0 -> 0
9-22: 0 -> 0
9-23: 0 -> 0
9-24: 0 -> 0
9-25: 0 -> 0
9-26: 0 -> 0
9-27: 0 -> 0
9-28: 0 -> 0
9-29: 0 -> 0
9-30: 0 -> 0
9-31: 0 -> 0
9-32: 0 -> 0
10-16: 0 -> 0
10-17: 0 -> 0
10-18: 0 -> 0
10-19: 0 -> 0
10-20: 0 -> 0
10-21: 0 -> 0
10-22: 0 -> 0
10-23: 0 -> 0
10-24: 0 -> 0
10-25: 0 -> 0
10-26: 0 -> 0
10-27: 0 -> 0
10-28: 0 -> 0
10-29: 0 -> 0
10-30: 0 -> 0
10-31: 0 -> 0
10-32: 0 -> 0
11-16: 0 -> 0
11-17: 0 -> 0
11-18: 0 -> 0
11-19: 0 -> 0
11-20: 0 -> 0
11-21: 0 -> 0
11-22: 0 -> 0
11-23: 0 -> 0
11-24: 0 -> 0
11-25: 0 -> 0
11-26: 0 -> 0
11-27: 0 -> 0
11-28: 0 -> 0
11-29: 0 -> 0
11-30: 0 -> 0
11-31: 0 -> 0
11-32: 0 -> 0
12-16: 0 -> 0
12-17: 0 -> 0
12-18: 0 -> 0
12-19: 0 -> 0
12-20: 0 -> 0
12-21: 0 -> 0
12-22: 0 -> 0
12-23: 0 -> 0
12-24: 0 -> 0
12-25: 0 -> 0
12-26: 0 -> 0
12-27: 0 -> 0
12-28: 0 -> 0
12-29: 0 -> 0
12-30: 0 -> 0
12-31: 0 -> 0
12-32: 0 -> 0
13-16: 0 -> 0
13-17: 0 -> 0
13-18: 0 -> 0
13-19: 0 -> 0
13-20: 0 -> 0
13-21: 0 -> 0
13-22: 0 -> 0
13-23: 0 -> 0
13-24: 0 -> 0
13-25: 0 -> 0
13-26: 0 -> 0
13-27: 0 -> 0
13-28: 0 -> 0
13-29: 0 -> 0
13-30: 0 -> 0
13-31: 0 -> 0
13-32: 0 -> 0
14-16: 0 -> 0
14-17: 0 -> 0
14-18: 0 -> 0
14-19: 0 -> 0
14-20: 0 -> 0
14-21: 0 -> 0
14-22: 0 -> 0
14-23: 0 -> 0
14-24: 0 -> 0
14-25: 0 -> 0
14-26: 0 -> 0
14-27: 0 -> 0
14-28: 0 -> 0
14-29: 0 -> 0
14-30: 0 -> 0
14-31: 0 -> 0
14-32: 0 -> 0
15-16: 0 -> 0
15-17: 0 -> 0
15-18: 0 -> 0
15-19: 0 -> 0
15-20: 0 -> 0
15-21: 0 -> 0
15-22: 0 -> 0
15-23: 0 -> 0
15-24: 0 -> 0
15-25: 0 -> 0
15-26: 0 -> 0
15-27: 0 -> 0
15-28: 0 -> 0
15-29: 0 -> 0
15-30: 0 -> 0
15-31: 0 -> 0
15-32: 0 -> 0
16-16: 0 -> 0
16-17: 0 -> 0
16-18: 0 -> 0
16-19: 0 -> 0
16-20: 0 -> 0
16-21: 0 -> 0
16-22: 0 -> 0
16-23: 0 -> 0
16-24: 0 -> 0
16-25: 0 -> 0
16-26: 0 -> 0
16-27: 0 -> 0
16-28: 0 -> 0
16-29: 0 -> 0
16-30: 0 -> 0
16-31: 0 -> 0
16-32: 0 -> 0
17-17: 0 -> 0
17-18: 0 -> 0
17-19: 0 -> 0
17-20: 0 -> 0
17-21: 0 -> 0
17-22: 0 -> 0
17-23: 0 -> 0
17-24: 0 -> 0
17-25: 0 -> 0
17-26: 0 -> 0
17-27: 0 -> 0
17-28: 0 -> 0
17-29: 0 -> 0
17-30: 0 -> 0
17-31: 0 -> 0
17-32: 0 -> 0
18-18: 0 -> 0
18-19: 0 -> 0
18-20: 0 -> 0
18-21: 0 -> 0
18-22: 0 -> 0
18-23: 0 -> 0
18-24: 0 -> 0
18-25: 0 -> 0
18-26: 0 -> 0
18-27: 0 -> 0
18-28: 0 -> 0
18-29: 0 -> 0
18-30: 0 -> 0
18-31: 0 -> 0
18-32: 0 -> 0
19-19: 0 -> 0
19-20: 0 -> 0
19-21: 0 -> 0
19-22: 0 -> 0
19-23: 0 -> 0
19-24: 0 -> 0
19-25: 0 -> 0
19-26: 0 -> 0
19-27: 0 -> 0
19-28: 0 -> 0
19-29: 0 -> 0
19-30: 0 -> 0
19-31: 0 -> 0
19-32: 0 -> 0
20-20: 0 -> 0
20-21: 0 -> 0
20-22: 0 -> 0
20-23: 0 -> 0
20-24: 0 -> 0
20-25: 0 -> 0
20-26: 0 -> 0
20-27: 0 -> 0
20-28: 0 -> 0
20-29: 0 -> 0
20-30: 0 -> 0
20-31: 0 -> 0
20-32: 0 -> 0
4-16: 1 -> 1
4-17: 1 -> 1
4-18: 1 -> 1
4-19: 1 -> 1
4-20: 1 -> 1
4-21: 1 -> 1
4-22: 1 -> 1
4-23: 1 -> 1
4-24: 1 -> 1
4-25: 1 -> 1
4-26: 1 -> 1
4-27: 1 -> 1
4-28: 1 -> 1
4-29: 1 -> 1
4-30: 1 -> 1
4-31: 1 -> 1
4-32: 1 -> 1
5-16: 1 -> 1
5-17: 1 -> 1
5-18: 1 -> 1
5-19: 1 -> 1
5-20: 1 -> 1
5-21: 1 -> 1
5-22: 1 -> 1
5-23: 1 -> 1
5-24: 1 -> 1
5-25: 1 -> 1
5-26: 1 -> 1
5-27: 1 -> 1
5-28: 1 -> 1
5-29: 1 -> 1
5-30: 1 -> 1
5-31: 1 -> 1
5-32: 1 -> 1
6-16: 1 -> 1
6-17: 1 -> 1
6-18: 1 -> 1
6-19: 1 -> 1
6-20: 1 -> 1
6-21: 1 -> 1
6-22: 1 -> 1
6-23: 1 -> 1
6-24: 1 -> 1
6-25: 1 -> 1
6-26: 1 -> 1
6-27: 1 -> 1
6-28: 1 -> 1
6-29: 1 -> 1
6-30: 1 -> 1
6-31: 1 -> 1
6-32: 1 -> 1
7-16: 1 -> 1
7-17: 1 -> 1
7-18: 1 -> 1
7-19: 1 -> 1
7-20: 1 -> 1
7-21: 1 -> 1
7-22: 1 -> 1
7-23: 1 -> 1
7-24: 1 -> 1
7-25: 1 -> 1
7-26: 1 -> 1
7-27: 1 -> 1
7-28: 1 -> 1
7-29: 1 -> 1
7-30: 1 -> 1
7-31: 1 -> 1
7-32: 1 -> 1
8-16: 1 -> 1
8-17: 1 -> 1
8-18: 1 -> 1
8-19: 1 -> 1
8-20: 1 -> 1
8-21: 1 -> 1
8-22: 1 -> 1
8-23: 1 -> 1
8-24: 1 -> 1
8-25: 1 -> 1
8-26: 1 -> 1
8-27: 1 -> 1
8-28: 1 -> 1
8-29: 1 -> 1
8-30: 1 -> 1
8-31: 1 -> 1
8-32: 1 -> 1
9-16: 1 -> 1
9-17: 1 -> 1
9-18: 1 -> 1
9-19: 1 -> 1
9-20: 1 -> 1
9-21: 1 -> 1
9-22: 1 -> 1
9-23: 1 -> 1
9-24: 1 -> 1
9-25: 1 -> 1
9-26: 1 -> 1
9-27: 1 -> 1
9-28: 1 -> 1
9-29: 1 -> 1
9-30: 1 -> 1
9-31: 1 -> 1
9-32: 1 -> 1
10-16: 1 -> 1
10-17: 1 -> 1
10-18: 1 -> 1
10-19: 1 -> 1
10-20: 1 -> 1
10-21: 1 -> 1
10-22: 1 -> 1
10-23: 1 -> 1
10-24: 1 -> 1
10-25: 1 -> 1
10-26: 1 -> 1
10-27: 1 -> 1
10-28: 1 -> 1
10-29: 1 -> 1
10-30: 1 -> 1
10-31: 1 -> 1
10-32: 1 -> 1
11-16: 1 -> 1
11-17: 1 -> 1
11-18: 1 -> 1
11-19: 1 -> 1
11-20: 1 -> 1
11-21: 1 -> 1
11-22: 1 -> 1
11-23: 1 -> 1
11-24: 1 -> 1
11-25: 1 -> 1
11-26: 1 -> 1
11-27: 1 -> 1
11-28: 1 -> 1
11-29: 1 -> 1
11-30: 1 -> 1
11-31: 1 -> 1
11-32: 1 -> 1
12-16: 1 -> 1
12-17: 1 -> 1
12-18: 1 -> 1
12-19: 1 -> 1
12-20: 1 -> 1
12-21: 1 -> 1
12-22: 1 -> 1
12-23: 1 -> 1
12-24: 1 -> 1
12-25: 1 -> 1
12-26: 1 -> 1
12-27: 1 -> 1
12-28: 1 -> 1
12-29: 1 -> 1
12-30: 1 -> 1
12-31: 1 -> 1
12-32: 1 -> 1
13-16: 1 -> 1
13-17: 1 -> 1
13-18: 1 -> 1
13-19: 1 -> 1
13-20: 1 -> 1
13-21: 1 -> 1
13-22: 1 -> 1
13-23: 1 -> 1
13-24: 1 -> 1
13-25: 1 -> 1
13-26: 1 -> 1
13-27: 1 -> 1
13-28: 1 -> 1
13-29: 1 -> 1
13-30: 1 -> 1
13-31: 1 -> 1
13-32: 1 -> 1
14-16: 1 -> 1
14-17: 1 -> 1
14-18: 1 -> 1
14-19: 1 -> 1
14-20: 1 -> 1
14-21: 1 -> 1
14-22: 1 -> 1
14-23: 1 -> 1
14-24: 1 -> 1
14-25: 1 -> 1
14-26: 1 -> 1
14-27: 1 -> 1
14-28: 1 -> 1
14-29: 1 -> 1
14-30: 1 -> 1
14-31: 1 -> 1
14-32: 1 -> 1
15-16: 1 -> 1
15-17: 1 -> 1
15-18: 1 -> 1
15-19: 1 -> 1
15-20: 1 -> 1
15-21: 1 -> 1
15-22: 1 -> 1
15-23: 1 -> 1
15-24: 1 -> 1
15-25: 1 -> 1
15-26: 1 -> 1
15-27: 1 -> 1
15-28: 1 -> 1
15-29: 1 -> 1
15-30: 1 -> 1
15-31: 1 -> 1
15-32: 1 -> 1
16-16: 1 -> 1
16-17: 1 -> 1
16-18: 1 -> 1
16-19: 1 -> 1
16-20: 1 -> 1
16-21: 1 -> 1
16-22: 1 -> 1
16-23: 1 -> 1
16-24: 1 -> 1
16-25: 1 -> 1
16-26: 1 -> 1
16-27: 1 -> 1
16-28: 1 -> 1
16-29: 1 -> 1
16-30: 1 -> 1
16-31: 1 -> 1
16-32: 1 -> 1
17-17: 1 -> 1
17-18: 1 -> 1
17-19: 1 -> 1
17-20: 1 -> 1
17-21: 1 -> 1
17-22: 1 -> 1
17-23: 1 -> 1
17-24: 1 -> 1
17-25: 1 -> 1
17-26: 1 -> 1
17-27: 1 -> 1
17-28: 1 -> 1
17-29: 1 -> 1
17-30: 1 -> 1
17-31: 1 -> 1
17-32: 1 -> 1
18-18: 1 -> 1
18-19: 1 -> 1
18-20: 1 -> 1
18-21: 1 -> 1
18-22: 1 -> 1
18-23: 1 -> 1
18-24: 1 -> 1
18-25: 1 -> 1
18-26: 1 -> 1
18-27: 1 -> 1
18-28: 1 -> 1
18-29: 1 -> 1
18-30: 1 -> 1
18-31: 1 -> 1
18-32: 1 -> 1
19-19: 1 -> 1
19-20: 1 -> 1
19-21: 1 -> 1
19-22: 1 -> 1
19-23: 1 -> 1
19-24: 1 -> 1
19-25: 1 -> 1
19-26: 1 -> 1
19-27: 1 -> 1
19-28: 1 -> 1
19-29: 1 -> 1
19-30: 1 -> 1
19-31: 1 -> 1
19-32: 1 -> 1
20-20: 1 -> 1
20-21: 1 -> 1
20-22: 1 -> 1
20-23: 1 -> 1
20-24: 1 -> 1
20-25: 1 -> 1
20-26: 1 -> 1
20-27: 1 -> 1
20-28: 1 -> 1
20-29: 1 -> 1
20-30: 1 -> 1
20-31: 1 -> 1
20-32: 1 -> 1
4-16: 10 -> 10
4-17: 10 -> 10
4-18: 10 -> 10
4-19: 10 -> 10
4-20: 10 -> 10
4-21: 10 -> 10
4-22: 10 -> 10
4-23: 10 -> 10
4-24: 10 -> 10
4-25: 10 -> 10
4-26: 10 -> 10
4-27: 10 -> 10
4-28: 10 -> 10
4-29: 10 -> 10
4-30: 10 -> 10
4-31: 10 -> 10
4-32: 10 -> 10
5-16: 10 -> 10
5-17: 10 -> 10
5-18: 10 -> 10
5-19: 10 -> 10
5-20: 10 -> 10
5-21: 10 -> 10
5-22: 10 -> 10
5-23: 10 -> 10
5-24: 10 -> 10
5-25: 10 -> 10
5-26: 10 -> 10
5-27: 10 -> 10
5-28: 10 -> 10
5-29: 10 -> 10
5-30: 10 -> 10
5-31: 10 -> 10
5-32: 10 -> 10
6-16: 10 -> 10
6-17: 10 -> 10
6-18: 10 -> 10
6-19: 10 -> 10
6-20: 10 -> 10
6-21: 10 -> 10
6-22: 10 -> 10
6-23: 10 -> 10
6-24: 10 -> 10
6-25: 10 -> 10
6-26: 10 -> 10
6-27: 10 -> 10
6-28: 10 -> 10
6-29: 10 -> 10
6-30: 10 -> 10
6-31: 10 -> 10
6-32: 10 -> 10
7-16: 10 -> 10
7-17: 10 -> 10
7-18: 10 -> 10
7-19: 10 -> 10
7-20: 10 -> 10
7-21: 10 -> 10
7-22: 10 -> 10
7-23: 10 -> 10
7-24: 10 -> 10
7-25: 10 -> 10
7-26: 10 -> 10
7-27: 10 -> 10
7-28: 10 -> 10
7-29: 10 -> 10
7-30: 10 -> 10
7-31: 10 -> 10
7-32: 10 -> 10
8-16: 10 -> 10
8-17: 10 -> 10
8-18: 10 -> 10
8-19: 10 -> 10
8-20: 10 -> 10
8-21: 10 -> 10
8-22: 10 -> 10
8-23: 10 -> 10
8-24: 10 -> 10
8-25: 10 -> 10
8-26: 10 -> 10
8-27: 10 -> 10
8-28: 10 -> 10
8-29: 10 -> 10
8-30: 10 -> 10
8-31: 10 -> 10
8-32: 10 -> 10
9-16: 10 -> 10
9-17: 10 -> 10
9-18: 10 -> 10
9-19: 10 -> 10
9-20: 10 -> 10
9-21: 10 -> 10
9-22: 10 -> 10
9-23: 10 -> 10
9-24: 10 -> 10
9-25: 10 -> 10
9-26: 10 -> 10
9-27: 10 -> 10
9-28: 10 -> 10
9-29: 10 -> 10
9-30: 10 -> 10
9-31: 10 -> 10
9-32: 10 -> 10
10-16: 10 -> 10
10-17: 10 -> 10
10-18: 10 -> 10
10-19: 10 -> 10
10-20: 10 -> 10
10-21: 10 -> 10
10-22: 10 -> 10
10-23: 10 -> 10
10-24: 10 -> 10
10-25: 10 -> 10
10-26: 10 -> 10
10-27: 10 -> 10
10-28: 10 -> 10
10-29: 10 -> 10
10-30: 10 -> 10
10-31: 10 -> 10
10-32: 10 -> 10
11-16: 10 -> 10
11-17: 10 -> 10
11-18: 10 -> 10
11-19: 10 -> 10
11-20: 10 -> 10
11-21: 10 -> 10
11-22: 10 -> 10
11-23: 10 -> 10
11-24: 10 -> 10
11-25: 10 -> 10
11-26: 10 -> 10
11-27: 10 -> 10
11-28: 10 -> 10
11-29: 10 -> 10
11-30: 10 -> 10
11-31: 10 -> 10
11-32: 10 -> 10
12-16: 10 -> 10
12-17: 10 -> 10
12-18: 10 -> 10
12-19: 10 -> 10
12-20: 10 -> 10
12-21: 10 -> 10
12-22: 10 -> 10
12-23: 10 -> 10
12-24: 10 -> 10
12-25: 10 -> 10
12-26: 10 -> 10
12-27: 10 -> 10
12-28: 10 -> 10
12-29: 10 -> 10
12-30: 10 -> 10
12-31: 10 -> 10
12-32: 10 -> 10
13-16: 10 -> 10
13-17: 10 -> 10
13-18: 10 -> 10
13-19: 10 -> 10
13-20: 10 -> 10
13-21: 10 -> 10
13-22: 10 -> 10
13-23: 10 -> 10
13-24: 10 -> 10
13-25: 10 -> 10
13-26: 10 -> 10
13-27: 10 -> 10
13-28: 10 -> 10
13-29: 10 -> 10
13-30: 10 -> 10
13-31: 10 -> 10
13-32: 10 -> 10
14-16: 10 -> 10
14-17: 10 -> 10
14-18: 10 -> 10
14-19: 10 -> 10
14-20: 10 -> 10
14-21: 10 -> 10
14-22: 10 -> 10
14-23: 10 -> 10
14-24: 10 -> 10
14-25: 10 -> 10
14-26: 10 -> 10
14-27: 10 -> 10
14-28: 10 -> 10
14-29: 10 -> 10
14-30: 10 -> 10
14-31: 10 -> 10
14-32: 10 -> 10
15-16: 10 -> 10
15-17: 10 -> 10
15-18: 10 -> 10
15-19: 10 -> 10
15-20: 10 -> 10
15-21: 10 -> 10
15-22: 10 -> 10
15-23: 10 -> 10
15-24: 10 -> 10
15-25: 10 -> 10
15-26: 10 -> 10
15-27: 10 -> 10
15-28: 10 -> 10
15-29: 10 -> 10
15-30: 10 -> 10
15-31: 10 -> 10
15-32: 10 -> 10
16-16: 10 -> 10
16-17: 10 -> 10
16-18: 10 -> 10
16-19: 10 -> 10
16-20: 10 -> 10
16-21: 10 -> 10
16-22: 10 -> 10
16-23: 10 -> 10
16-24: 10 -> 10
16-25: 10 -> 10
16-26: 10 -> 10
16-27: 10 -> 10
16-28: 10 -> 10
16-29: 10 -> 10
16-30: 10 -> 10
16-31: 10 -> 10
16-32: 10 -> 10
17-17: 10 -> 10
17-18: 10 -> 10
17-19: 10 -> 10
17-20: 10 -> 10
17-21: 10 -> 10
17-22: 10 -> 10
17-23: 10 -> 10
17-24: 10 -> 10
17-25: 10 -> 10
17-26: 10 -> 10
17-27: 10 -> 10
17-28: 10 -> 10
17-29: 10 -> 10
17-30: 10 -> 10
17-31: 10 -> 10
17-32: 10 -> 10
18-18: 10 -> 10
18-19: 10 -> 10
18-20: 10 -> 10
18-21: 10 -> 10
18-22: 10 -> 10
18-23: 10 -> 10
18-24: 10 -> 10
18-25: 10 -> 10
18-26: 10 -> 10
18-27: 10 -> 10
18-28: 10 -> 10
18-29: 10 -> 10
18-30: 10 -> 10
18-31: 10 -> 10
18-32: 10 -> 10
19-19: 10 -> 10
19-20: 10 -> 10
19-21: 10 -> 10
19-22: 10 -> 10
19-23: 10 -> 10
19-24: 10 -> 10
19-25: 10 -> 10
19-26: 10 -> 10
19-27: 10 -> 10
19-28: 10 -> 10
19-29: 10 -> 10
19-30: 10 -> 10
19-31: 10 -> 10
19-32: 10 -> 10
20-20: 10 -> 10
20-21: 10 -> 10
20-22: 10 -> 10
20-23: 10 -> 10
20-24: 10 -> 10
20-25: 10 -> 10
20-26: 10 -> 10
20-27: 10 -> 10
20-28: 10 -> 10
20-29: 10 -> 10
20-30: 10 -> 10
20-31: 10 -> 10
20-32: 10 -> 10
4-16: 100 -> 84
4-17: 100 -> 93
4-18: 100 -> 110
4-19: 100 -> 87
4-20: 100 -> 74
4-21: 100 -> 102
4-22: 100 -> 126
4-23: 100 -> 84
4-24: 100 -> 81
4-25: 100 -> 87
4-26: 100 -> 113
4-27: 100 -> 145
4-28: 100 -> 145
4-29: 100 -> 94
4-30: 100 -> 72
4-31: 100 -> 151
4-32: 100 -> 81
5-16: 100 -> 124
5-17: 100 -> 117
5-18: 100 -> 85
5-19: 100 -> 82
5-20: 100 -> 106
5-21: 100 -> 106
5-22: 100 -> 104
5-23: 100 -> 95
5-24: 100 -> 94
5-25: 100 -> 92
5-26: 100 -> 72
5-27: 100 -> 98
5-28: 100 -> 73
5-29: 100 -> 99
5-30: 100 -> 73
5-31: 100 -> 64
5-32: 100 -> 84
6-16: 100 -> 90
6-17: 100 -> 92
6-18: 100 -> 94
6-19: 100 -> 104
6-20: 100 -> 113
6-21: 100 -> 99
6-22: 100 -> 104
6-23: 100 -> 107
6-24: 100 -> 94
6-25: 100 -> 94
6-26: 100 -> 103
6-27: 100 -> 68
6-28: 100 -> 65
6-29: 100 -> 55
6-30: 100 -> 52
6-31: 100 -> 55
6-32: 100 -> 46
7-16: 100 -> 109
7-17: 100 -> 101
7-18: 100 -> 91
7-19: 100 -> 103
7-20: 100 -> 104
7-21: 100 -> 96
7-22: 100 -> 95
7-23: 100 -> 99
7-24: 100 -> 101
7-25: 100 -> 108
7-26: 100 -> 59
7-27: 100 -> 35
7-28: 100 -> 17
7-29: 100 -> 8
7-30: 100 -> 4
7-31: 100 -> 2
7-32: 100 -> 1
8-16: 100 -> 100
8-17: 100 -> 100
8-18: 100 -> 100
8-19: 100 -> 100
8-20: 100 -> 100
8-21: 100 -> 100
8-22: 100 -> 100
8-23: 100 -> 100
8-24: 100 -> 100
8-25: 100 -> 100
8-26: 100 -> 100
8-27: 100 -> 100
8-28: 100 -> 100
8-29: 100 -> 100
8-30: 100 -> 100
8-31: 100 -> 100
8-32: 100 -> 100
9-16: 100 -> 100
9-17: 100 -> 100
9-18: 100 -> 100
9-19: 100 -> 100
9-20: 100 -> 100
9-21: 100 -> 100
9-22: 100 -> 100
9-23: 100 -> 100
9-24: 100 -> 100
9-25: 100 -> 100
9-26: 100 -> 100
9-27: 100 -> 100
9-28: 100 -> 100
9-29: 100 -> 100
9-30: 100 -> 100
9-31: 100 -> 100
9-32: 100 -> 100
10-16: 100 -> 99
10-17: 100 -> 100
10-18: 100 -> 100
10-19: 100 -> 100
10-20: 100 -> 100
10-21: 100 -> 100
10-22: 100 -> 100
10-23: 100 -> 100
10-24: 100 -> 100
10-25: 100 -> 100
10-26: 100 -> 100
10-27: 100 -> 100
10-28: 100 -> 100
10-29: 100 -> 100
10-30: 100 -> 100
10-31: 100 -> 100
10-32: 100 -> 100
11-16: 100 -> 100
11-17: 100 -> 100
11-18: 100 -> 100
11-19: 100 -> 100
11-20: 100 -> 100
11-21: 100 -> 100
11-22: 100 -> 100
11-23: 100 -> 100
11-24: 100 -> 100
11-25: 100 -> 100
11-26: 100 -> 100
11-27: 100 -> 100
11-28: 100 -> 100
11-29: 100 -> 100
11-30: 100 -> 100
11-31: 100 -> 100
11-32: 100 -> 100
12-16: 100 -> 100
12-17: 100 -> 99
12-18: 100 -> 100
12-19: 100 -> 100
12-20: 100 -> 100
12-21: 100 -> 100
12-22: 100 -> 100
12-23: 100 -> 100
12-24: 100 -> 100
12-25: 100 -> 100
12-26: 100 -> 100
12-27: 100 -> 100
12-28: 100 -> 100
12-29: 100 -> 100
12-30: 100 -> 100
12-31: 100 -> 100
12-32: 100 -> 100
13-16: 100 -> 100
13-17: 100 -> 100
13-18: 100 -> 100
13-19: 100 -> 100
13-20: 100 -> 100
13-21: 100 -> 100
13-22: 100 -> 100
13-23: 100 -> 100
13-24: 100 -> 100
13-25: 100 -> 100
13-26: 100 -> 100
13-27: 100 -> 100
13-28: 100 -> 100
13-29: 100 -> 100
13-30: 100 -> 100
13-31: 100 -> 100
13-32: 100 -> 100
14-16: 100 -> 100
14-17: 100 -> 100
14-18: 100 -> 100
14-19: 100 -> 100
14-20: 100 -> 100
14-21: 100 -> 100
14-22: 100 -> 100
14-23: 100 -> 100
14-24: 100 -> 100
14-25: 100 -> 100
14-26: 100 -> 100
14-27: 100 -> 100
14-28: 100 -> 100
14-29: 100 -> 100
14-30: 100 -> 100
14-31: 100 -> 100
14-32: 100 -> 100
15-16: 100 -> 100
15-17: 100 -> 100
15-18: 100 -> 100
15-19: 100 -> 100
15-20: 100 -> 100
15-21: 100 -> 100
15-22: 100 -> 100
15-23: 100 -> 100
15-24: 100 -> 100
15-25: 100 -> 100
15-26: 100 -> 100
15-27: 100 -> 100
15-28: 100 -> 100
15-29: 100 -> 100
15-30: 100 -> 100
15-31: 100 -> 100
15-32: 100 -> 100
16-16: 100 -> 100
16-17: 100 -> 100
16-18: 100 -> 100
16-19: 100 -> 100
16-20: 100 -> 100
16-21: 100 -> 100
16-22: 100 -> 100
16-23: 100 -> 100
16-24: 100 -> 100
16-25: 100 -> 100
16-26: 100 -> 100
16-27: 100 -> 100
16-28: 100 -> 100
16-29: 100 -> 100
16-30: 100 -> 100
16-31: 100 -> 100
16-32: 100 -> 100
17-17: 100 -> 100
17-18: 100 -> 100
17-19: 100 -> 100
17-20: 100 -> 100
17-21: 100 -> 100
17-22: 100 -> 100
17-23: 100 -> 100
17-24: 100 -> 100
17-25: 100 -> 100
17-26: 100 -> 100
17-27: 100 -> 100
17-28: 100 -> 100
17-29: 100 -> 100
17-30: 100 -> 100
17-31: 100 -> 100
17-32: 100 -> 100
18-18: 100 -> 100
18-19: 100 -> 100
18-20: 100 -> 100
18-21: 100 -> 100
18-22: 100 -> 100
18-23: 100 -> 100
18-24: 100 -> 100
18-25: 100 -> 100
18-26: 100 -> 100
18-27: 100 -> 100
18-28: 100 -> 100
18-29: 100 -> 100
18-30: 100 -> 100
18-31: 100 -> 100
18-32: 100 -> 100
19-19: 100 -> 100
19-20: 100 -> 100
19-21: 100 -> 100
19-22: 100 -> 100
19-23: 100 -> 100
19-24: 100 -> 100
19-25: 100 -> 100
19-26: 100 -> 100
19-27: 100 -> 100
19-28: 100 -> 100
19-29: 100 -> 100
19-30: 100 -> 100
19-31: 100 -> 100
19-32: 100 -> 100
20-20: 100 -> 100
20-21: 100 -> 100
20-22: 100 -> 100
20-23: 100 -> 100
20-24: 100 -> 100
20-25: 100 -> 100
20-26: 100 -> 100
20-27: 100 -> 100
20-28: 100 -> 100
20-29: 100 -> 100
20-30: 100 -> 100
20-31: 100 -> 100
20-32: 100 -> 100
4-16: 1000 -> 1085
4-17: 1000 -> 802
4-18: 1000 -> 1238
4-19: 1000 -> 1224
4-20: 1000 -> 1099
4-21: 1000 -> 729
4-22: 1000 -> 711
4-23: 1000 -> 824
4-24: 1000 -> 795
4-25: 1000 -> 711
4-26: 1000 -> 798
4-27: 1000 -> 562
4-28: 1000 -> 1351
4-29: 1000 -> 558
4-30: 1000 -> 741
4-31: 1000 -> 1069
4-32: 1000 -> 926
5-16: 1000 -> 779
5-17: 1000 -> 637
5-18: 1000 -> 829
5-19: 1000 -> 1383
5-20: 1000 -> 964
5-21: 1000 -> 735
5-22: 1000 -> 830
5-23: 1000 -> 872
5-24: 1000 -> 703
5-25: 1000 -> 1495
5-26: 1000 -> 1292
5-27: 1000 -> 1245
5-28: 1000 -> 903
5-29: 1000 -> 979
5-30: 1000 -> 1228
5-31: 1000 -> 1207
5-32: 1000 -> 882
6-16: 1000 -> 1138
6-17: 1000 -> 918
6-18: 1000 -> 1097
6-19: 1000 -> 829
6-20: 1000 -> 974
6-21: 1000 -> 1240
6-22: 1000 -> 978
6-23: 1000 -> 910
6-24: 1000 -> 1032
6-25: 1000 -> 967
6-26: 1000 -> 1002
6-27: 1000 -> 1191
6-28: 1000 -> 976
6-29: 1000 -> 910
6-30: 1000 -> 1000
6-31: 1000 -> 1074
6-32: 1000 -> 994
7-16: 1000 -> 1142
7-17: 1000 -> 1033
7-18: 1000 -> 989
7-19: 1000 -> 1019
7-20: 1000 -> 967
7-21: 1000 -> 1228
7-22: 1000 -> 1107
7-23: 1000 -> 1175
7-24: 1000 -> 1014
7-25: 1000 -> 983
7-26: 1000 -> 1109
7-27: 1000 -> 1134
7-28: 1000 -> 855
7-29: 1000 -> 975
7-30: 1000 -> 896
7-31: 1000 -> 861
7-32: 1000 -> 1090
8-16: 1000 -> 959
8-17: 1000 -> 1023
8-18: 1000 -> 951
8-19: 1000 -> 997
8-20: 1000 -> 949
8-21: 1000 -> 1167
8-22: 1000 -> 862
8-23: 1000 -> 972
8-24: 1000 -> 1053
8-25: 1000 -> 1037
8-26: 1000 -> 1055
8-27: 1000 -> 935
8-28: 1000 -> 877
8-29: 1000 -> 681
8-30: 1000 -> 746
8-31: 1000 -> 745
8-32: 1000 -> 790
9-16: 1000 -> 969
9-17: 1000 -> 1017
9-18: 1000 -> 963
9-19: 1000 -> 1019
9-20: 1000 -> 994
9-21: 1000 -> 1019
9-22: 1000 -> 938
9-23: 1000 -> 1047
9-24: 1000 -> 1020
9-25: 1000 -> 1002
9-26: 1000 -> 923
9-27: 1000 -> 759
9-28: 1000 -> 719
9-29: 1000 -> 700
9-30: 1000 -> 634
9-31: 1000 -> 598
9-32: 1000 -> 570
10-16: 1000 -> 978
10-17: 1000 -> 1003
10-18: 1000 -> 1004
10-19: 1000 -> 969
10-20: 1000 -> 1007
10-21: 1000 -> 969
10-22: 1000 -> 1005
10-23: 1000 -> 1014
10-24: 1000 -> 1003
10-25: 1000 -> 987
10-26: 1000 -> 720
10-27: 1000 -> 472
10-28: 1000 -> 331
10-29: 1000 -> 259
10-30: 1000 -> 226
10-31: 1000 -> 202
10-32: 1000 -> 199
11-16: 1000 -> 1005
11-17: 1000 -> 1002
11-18: 1000 -> 999
11-19: 1000 -> 1000
11-20: 1000 -> 999
11-21: 1000 -> 1000
11-22: 1000 -> 1000
11-23: 1000 -> 1000
11-24: 1000 -> 1000
11-25: 1000 -> 1000
11-26: 1000 -> 999
11-27: 1000 -> 999
11-28: 1000 -> 1000
11-29: 1000 -> 1000
11-30: 1000 -> 1000
11-31: 1000 -> 1000
11-32: 1000 -> 999
12-16: 1000 -> 1004
12-17: 1000 -> 996
12-18: 1000 -> 999
12-19: 1000 -> 1001
12-20: 1000 -> 1000
12-21: 1000 -> 999
12-22: 1000 -> 1000
12-23: 1000 -> 1000
12-24: 1000 -> 1000
12-25: 1000 -> 1000
12-26: 1000 -> 1000
12-27: 1000 -> 1000
12-28: 1000 -> 1000
12-29: 1000 -> 1000
12-30: 1000 -> 1000
12-31: 1000 -> 1000
12-32: 1000 -> 1000
13-16: 1000 -> 1001
13-17: 1000 -> 998
13-18: 1000 -> 1002
13-19: 1000 -> 1000
13-20: 1000 -> 1000
13-21: 1000 -> 1000
13-22: 1000 -> 1000
13-23: 1000 -> 1000
13-24: 1000 -> 1000
13-25: 1000 -> 1000
13-26: 1000 -> 1000
13-27: 1000 -> 1000
13-28: 1000 -> 1000
13-29: 1000 -> 1000
13-30: 1000 -> 1000
13-31: 1000 -> 1000
13-32: 1000 -> 1000
14-16: 1000 -> 998
14-17: 1000 -> 1002
14-18: 1000 -> 1000
14-19: 1000 -> 1001
14-20: 1000 -> 999
14-21: 1000 -> 1000
14-22: 1000 -> 1000
14-23: 1000 -> 1000
14-24: 1000 -> 1000
14-25: 1000 -> 1000
14-26: 1000 -> 1000
14-27: 1000 -> 1000
14-28: 1000 -> 1000
14-29: 1000 -> 999
14-30: 1000 -> 1000
14-31: 1000 -> 1000
14-32: 1000 -> 1000
15-16: 1000 -> 998
15-17: 1000 -> 1000
15-18: 1000 -> 1000
15-19: 1000 -> 1001
15-20: 1000 -> 1000
15-21: 1000 -> 999
15-22: 1000 -> 1000
15-23: 1000 -> 1000
15-24: 1000 -> 1000
15-25: 1000 -> 1000
15-26: 1000 -> 1000
15-27: 1000 -> 1000
15-28: 1000 -> 1000
15-29: 1000 -> 1000
15-30: 1000 -> 1000
15-31: 1000 -> 1000
15-32: 1000 -> 1000
16-16: 1000 -> 1000
16-17: 1000 -> 998
16-18: 1000 -> 999
16-19: 1000 -> 1001
16-20: 1000 -> 1000
16-21: 1000 -> 1000
16-22: 1000 -> 1000
16-23: 1000 -> 1000
16-24: 1000 -> 1000
16-25: 1000 -> 1000
16-26: 1000 -> 1000
16-27: 1000 -> 1000
16-28: 1000 -> 1000
16-29: 1000 -> 1000
16-30: 1000 -> 999
16-31: 1000 -> 1000
16-32: 1000 -> 1000
17-17: 1000 -> 1003
17-18: 1000 -> 1000
17-19: 1000 -> 1001
17-20: 1000 -> 999
17-21: 1000 -> 999
17-22: 1000 -> 999
17-23: 1000 -> 1000
17-24: 1000 -> 1000
17-25: 1000 -> 1000
17-26: 1000 -> 1000
17-27: 1000 -> 1000
17-28: 1000 -> 1000
17-29: 1000 -> 1000
17-30: 1000 -> 1000
17-31: 1000 -> 1000
17-32: 1000 -> 1000
18-18: 1000 -> 1000
18-19: 1000 -> 999
18-20: 1000 -> 999
18-21: 1000 -> 1000
18-22: 1000 -> 1000
18-23: 1000 -> 1000
18-24: 1000 -> 1000
18-25: 1000 -> 1000
18-26: 1000 -> 1000
18-27: 1000 -> 1000
18-28: 1000 -> 1000
18-29: 1000 -> 1000
18-30: 1000 -> 1000
18-31: 1000 -> 1000
18-32: 1000 -> 1000
19-19: 1000 -> 1000
19-20: 1000 -> 1000
19-21: 1000 -> 999
19-22: 1000 -> 1000
19-23: 1000 -> 1000
19-24: 1000 -> 1000
19-25: 1000 -> 1000
19-26: 1000 -> 1000
19-27: 1000 -> 1000
19-28: 1000 -> 1000
19-29: 1000 -> 1000
19-30: 1000 -> 1000
19-31: 1000 -> 1000
19-32: 1000 -> 1000
20-20: 1000 -> 1000
20-21: 1000 -> 1000
20-22: 1000 -> 1000
20-23: 1000 -> 1000
20-24: 1000 -> 1000
20-25: 1000 -> 1000
20-26: 1000 -> 1000
20-27: 1000 -> 1000
20-28: 1000 -> 1000
20-29: 1000 -> 1000
20-30: 1000 -> 1000
20-31: 1000 -> 1000
20-32: 1000 -> 1000
4-16: 10000 -> 18270
4-17: 10000 -> 7487
4-18: 10000 -> 17005
4-19: 10000 -> 10202
4-20: 10000 -> 12860
4-21: 10000 -> 9347
4-22: 10000 -> 13770
4-23: 10000 -> 10733
4-24: 10000 -> 7928
4-25: 10000 -> 10692
4-26: 10000 -> 10416
4-27: 10000 -> 10774
4-28: 10000 -> 8794
4-29: 10000 -> 10301
4-30: 10000 -> 15595
4-31: 10000 -> 12490
4-32: 10000 -> 5832
5-16: 10000 -> 8714
5-17: 10000 -> 8185
5-18: 10000 -> 7185
5-19: 10000 -> 7439
5-20: 10000 -> 13345
5-21: 10000 -> 11561
5-22: 10000 -> 8940
5-23: 10000 -> 12467
5-24: 10000 -> 8964
5-25: 10000 -> 12374
5-26: 10000 -> 8235
5-27: 10000 -> 8442
5-28: 10000 -> 9014
5-29: 10000 -> 8536
5-30: 10000 -> 9362
5-31: 10000 -> 10818
5-32: 10000 -> 9347
6-16: 10000 -> 10380
6-17: 10000 -> 11783
6-18: 10000 -> 8700
6-19: 10000 -> 11138
6-20: 10000 -> 9450
6-21: 10000 -> 7917
6-22: 10000 -> 9811
6-23: 10000 -> 10613
6-24: 10000 -> 8406
6-25: 10000 -> 10115
6-26: 10000 -> 9626
6-27: 10000 -> 8950
6-28: 10000 -> 8946
6-29: 10000 -> 7734
6-30: 10000 -> 7904
6-31: 10000 -> 8762
6-32: 10000 -> 9958
7-16: 10000 -> 9273
7-17: 10000 -> 9834
7-18: 10000 -> 9017
7-19: 10000 -> 8990
7-20: 10000 -> 10344
7-21: 10000 -> 9047
7-22: 10000 -> 10225
7-23: 10000 -> 12156
7-24: 10000 -> 8331
7-25: 10000 -> 11029
7-26: 10000 -> 11020
7-27: 10000 -> 10381
7-28: 10000 -> 8833
7-29: 10000 -> 11569
7-30: 10000 -> 9757
7-31: 10000 -> 9213
7-32: 10000 -> 8284
8-16: 10000 -> 10664
8-17: 10000 -> 9796
8-18: 10000 -> 8854
8-19: 10000 -> 9938
8-20: 10000 -> 10501
8-21: 10000 -> 10000
8-22: 10000 -> 10303
8-23: 10000 -> 9613
8-24: 10000 -> 9777
8-25: 10000 -> 10844
8-26: 10000 -> 10032
8-27: 10000 -> 9640
8-28: 10000 -> 9122
8-29: 10000 -> 9600
8-30: 10000 -> 9934
8-31: 10000 -> 9442
8-32: 10000 -> 9932
9-16: 10000 -> 10201
9-17: 10000 -> 9061
9-18: 10000 -> 10383
9-19: 10000 -> 9812
9-20: 10000 -> 9881
9-21: 10000 -> 9929
9-22: 10000 -> 9349
9-23: 10000 -> 9591
9-24: 10000 -> 9800
9-25: 10000 -> 9851
9-26: 10000 -> 9885
9-27: 10000 -> 10815
9-28: 10000 -> 9545
9-29: 10000 -> 9480
9-30: 10000 -> 9618
9-31: 10000 -> 9220
9-32: 10000 -> 9225
10-16: 10000 -> 9910
10-17: 10000 -> 9465
10-18: 10000 -> 10525
10-19: 10000 -> 10146
10-20: 10000 -> 10063
10-21: 10000 -> 10041
10-22: 10000 -> 10121
10-23: 10000 -> 10003
10-24: 10000 -> 9336
10-25: 10000 -> 9968
10-26: 10000 -> 10001
10-27: 10000 -> 9855
10-28: 10000 -> 9434
10-29: 10000 -> 9753
10-30: 10000 -> 10175
10-31: 10000 -> 9103
10-32: 10000 -> 9159
11-16: 10000 -> 9894
11-17: 10000 -> 9811
11-18: 10000 -> 9893
11-19: 10000 -> 10180
11-20: 10000 -> 10210
11-21: 10000 -> 10463
11-22: 10000 -> 9903
11-23: 10000 -> 10082
11-24: 10000 -> 10040
11-25: 10000 -> 10088
11-26: 10000 -> 9724
11-27: 10000 -> 9659
11-28: 10000 -> 8780
11-29: 10000 -> 8957
11-30: 10000 -> 8795
11-31: 10000 -> 8363
11-32: 10000 -> 8455
12-16: 10000 -> 9985
12-17: 10000 -> 9966
12-18: 10000 -> 10051
12-19: 10000 -> 10229
12-20: 10000 -> 10161
12-21: 10000 -> 10015
12-22: 10000 -> 10113
12-23: 10000 -> 9982
12-24: 10000 -> 10052
12-25: 10000 -> 10016
12-26: 10000 -> 9075
12-27: 10000 -> 8104
12-28: 10000 -> 7434
12-29: 10000 -> 6916
12-30: 10000 -> 6622
12-31: 10000 -> 6636
12-32: 10000 -> 6380
13-16: 10000 -> 9958
13-17: 10000 -> 10124
13-18: 10000 -> 9981
13-19: 10000 -> 10101
13-20: 10000 -> 10081
13-21: 10000 -> 10136
13-22: 10000 -> 10135
13-23: 10000 -> 9953
13-24: 10000 -> 10145
13-25: 10000 -> 9965
13-26: 10000 -> 7852
13-27: 10000 -> 5386
13-28: 10000 -> 4160
13-29: 10000 -> 3629
13-30: 10000 -> 3384
13-31: 10000 -> 3262
13-32: 10000 -> 3187
14-16: 10000 -> 9954
14-17: 10000 -> 9984
14-18: 10000 -> 9967
14-19: 10000 -> 9990
14-20: 10000 -> 10003
14-21: 10000 -> 10009
14-22: 10000 -> 10003
14-23: 10000 -> 10001
14-24: 10000 -> 10001
14-25: 10000 -> 9993
14-26: 10000 -> 9997
14-27: 10000 -> 9999
14-28: 10000 -> 9999
14-29: 10000 -> 10000
14-30: 10000 -> 9999
14-31: 10000 -> 9996
14-32: 10000 -> 9999
15-16: 10000 -> 10003
15-17: 10000 -> 9981
15-18: 10000 -> 10007
15-19: 10000 -> 10010
15-20: 10000 -> 9990
15-21: 10000 -> 9994
15-22: 10000 -> 9999
15-23: 10000 -> 10003
15-24: 10000 -> 9998
15-25: 10000 -> 10001
15-26: 10000 -> 10000
15-27: 10000 -> 9998
15-28: 10000 -> 10000
15-29: 10000 -> 10000
15-30: 10000 -> 10000
15-31: 10000 -> 10000
15-32: 10000 -> 10000
16-16: 10000 -> 10022
16-17: 10000 -> 10009
16-18: 10000 -> 10006
16-19: 10000 -> 10009
16-20: 10000 -> 9999
16-21: 10000 -> 10004
16-22: 10000 -> 9997
16-23: 10000 -> 9998
16-24: 10000 -> 9998
16-25: 10000 -> 10001
16-26: 10000 -> 9999
16-27: 10000 -> 9998
16-28: 10000 -> 9998
16-29: 10000 -> 9998
16-30: 10000 -> 10000
16-31: 10000 -> 10000
16-32: 10000 -> 9996
17-17: 10000 -> 9982
17-18: 10000 -> 9993
17-19: 10000 -> 9997
17-20: 10000 -> 10009
17-21: 10000 -> 10007
17-22: 10000 -> 10003
17-23: 10000 -> 9995
17-24: 10000 -> 9997
17-25: 10000 -> 9997
17-26: 10000 -> 10000
17-27: 10000 -> 9998
17-28: 10000 -> 9999
17-29: 10000 -> 9999
17-30: 10000 -> 9998
17-31: 10000 -> 9998
17-32: 10000 -> 9998
18-18: 10000 -> 9984
18-19: 10000 -> 10000
18-20: 10000 -> 9998
18-21: 10000 -> 10003
18-22: 10000 -> 10002
18-23: 10000 -> 9999
18-24: 10000 -> 9998
18-25: 10000 -> 9999
18-26: 10000 -> 9994
18-27: 10000 -> 10000
18-28: 10000 -> 9997
18-29: 10000 -> 9998
18-30: 10000 -> 9998
18-31: 10000 -> 9997
18-32: 10000 -> 9997
19-19: 10000 -> 10001
19-20: 10000 -> 9995
19-21: 10000 -> 9998
19-22: 10000 -> 9999
19-23: 10000 -> 10002
19-24: 10000 -> 9993
19-25: 10000 -> 9997
19-26: 10000 -> 10001
19-27: 10000 -> 9999
19-28: 10000 -> 10000
19-29: 10000 -> 9998
19-30: 10000 -> 9997
19-31: 10000 -> 9999
19-32: 10000 -> 9998
20-20: 10000 -> 9993
20-21: 10000 -> 10003
20-22: 10000 -> 9999
20-23: 10000 -> 10001
20-24: 10000 -> 9997
20-25: 10000 -> 10000
20-26: 10000 -> 10000
20-27: 10000 -> 9997
20-28: 10000 -> 9999
20-29: 10000 -> 9996
20-30: 10000 -> 9998
20-31: 10000 -> 9997
20-32: 10000 -> 9999
4-16: 100000 -> 99481
4-17: 100000 -> 111758
4-18: 100000 -> 137906
4-19: 100000 -> 105771
4-20: 100000 -> 110157
4-21: 100000 -> 139827
4-22: 100000 -> 96094
4-23: 100000 -> 75652
4-24: 100000 -> 68431
4-25: 100000 -> 65266
4-26: 100000 -> 116704
4-27: 100000 -> 80795
4-28: 100000 -> 68639
4-29: 100000 -> 120118
4-30: 100000 -> 156278
4-31: 100000 -> 92931
4-32: 100000 -> 122066
5-16: 100000 -> 101685
5-17: 100000 -> 72632
5-18: 100000 -> 106883
5-19: 100000 -> 74364
5-20: 100000 -> 91090
5-21: 100000 -> 83821
5-22: 100000 -> 98009
5-23: 100000 -> 80925
5-24: 100000 -> 115209
5-25: 100000 -> 104642
5-26: 100000 -> 63039
5-27: 100000 -> 91536
5-28: 100000 -> 83601
5-29: 100000 -> 120787
5-30: 100000 -> 80025
5-31: 100000 -> 86620
5-32: 100000 -> 86142
6-16: 100000 -> 84249
6-17: 100000 -> 93633
6-18: 100000 -> 94599
6-19: 100000 -> 93426
6-20: 100000 -> 111855
6-21: 100000 -> 104214
6-22: 100000 -> 76037
6-23: 100000 -> 112499
6-24: 100000 -> 108291
6-25: 100000 -> 76066
6-26: 100000 -> 89647
6-27: 100000 -> 119097
6-28: 100000 -> 104932
6-29: 100000 -> 114050
6-30: 100000 -> 106176
6-31: 100000 -> 104961
6-32: 100000 -> 93109
7-16: 100000 -> 89458
7-17: 100000 -> 96436
7-18: 100000 -> 98984
7-19: 100000 -> 109248
7-20: 100000 -> 109942
7-21: 100000 -> 118774
7-22: 100000 -> 99163
7-23: 100000 -> 103796
7-24: 100000 -> 93217
7-25: 100000 -> 87533
7-26: 100000 -> 104990
7-27: 100000 -> 93637
7-28: 100000 -> 120828
7-29: 100000 -> 87079
7-30: 100000 -> 113035
7-31: 100000 -> 98793
7-32: 100000 -> 126819
8-16: 100000 -> 106023
8-17: 100000 -> 110309
8-18: 100000 -> 97854
8-19: 100000 -> 101704
8-20: 100000 -> 111081
8-21: 100000 -> 101849
8-22: 100000 -> 108272
8-23: 100000 -> 99652
8-24: 100000 -> 98325
8-25: 100000 -> 94108
8-26: 100000 -> 101469
8-27: 100000 -> 87300
8-28: 100000 -> 97351
8-29: 100000 -> 98799
8-30: 100000 -> 105095
8-31: 100000 -> 104179
8-32: 100000 -> 88491
9-16: 100000 -> 101929
9-17: 100000 -> 112732
9-18: 100000 -> 101662
9-19: 100000 -> 97296
9-20: 100000 -> 99689
9-21: 100000 -> 107382
9-22: 100000 -> 102606
9-23: 100000 -> 96407
9-24: 100000 -> 100974
9-25: 100000 -> 99182
9-26: 100000 -> 96708
9-27: 100000 -> 102527
9-28: 100000 -> 101725
9-29: 100000 -> 96853
9-30: 100000 -> 101220
9-31: 100000 -> 92790
9-32: 100000 -> 99961
10-16: 100000 -> 100916
10-17: 100000 -> 99492
10-18: 100000 -> 98544
10-19: 100000 -> 96953
10-20: 100000 -> 94536
10-21: 100000 -> 103104
10-22: 100000 -> 98948
10-23: 100000 -> 93304
10-24: 100000 -> 98900
10-25: 100000 -> 102010
10-26: 100000 -> 102088
10-27: 100000 -> 94371
10-28: 100000 -> 96161
10-29: 100000 -> 94210
10-30: 100000 -> 100105
10-31: 100000 -> 101693
10-32: 100000 -> 97619
11-16: 100000 -> 100664
11-17: 100000 -> 103563
11-18: 100000 -> 103083
11-19: 100000 -> 96518
11-20: 100000 -> 103946
11-21: 100000 -> 102772
11-22: 100000 -> 97941
11-23: 100000 -> 98924
11-24: 100000 -> 98201
11-25: 100000 -> 96457
11-26: 100000 -> 103239
11-27: 100000 -> 96627
11-28: 100000 -> 101563
11-29: 100000 -> 97125
11-30: 100000 -> 97897
11-31: 100000 -> 101407
11-32: 100000 -> 100590
12-16: 100000 -> 100608
12-17: 100000 -> 102133
12-18: 100000 -> 102941
12-19: 100000 -> 99757
12-20: 100000 -> 101249
12-21: 100000 -> 102699
12-22: 100000 -> 100799
12-23: 100000 -> 99121
12-24: 100000 -> 98376
12-25: 100000 -> 100886
12-26: 100000 -> 97829
12-27: 100000 -> 101588
12-28: 100000 -> 99145
12-29: 100000 -> 98545
12-30: 100000 -> 97011
12-31: 100000 -> 97401
12-32: 100000 -> 98163
13-16: 100000 -> 97847
13-17: 100000 -> 100132
13-18: 100000 -> 101039
13-19: 100000 -> 98905
13-20: 100000 -> 97994
13-21: 100000 -> 95988
13-22: 100000 -> 98673
13-23: 100000 -> 101649
13-24: 100000 -> 98496
13-25: 100000 -> 98414
13-26: 100000 -> 99880
13-27: 100000 -> 98304
13-28: 100000 -> 96863
13-29: 100000 -> 95396
13-30: 100000 -> 96180
13-31: 100000 -> 95983
13-32: 100000 -> 93718
14-16: 100000 -> 99929
14-17: 100000 -> 101410
14-18: 100000 -> 99218
14-19: 100000 -> 100840
14-20: 100000 -> 98988
14-21: 100000 -> 99936
14-22: 100000 -> 100349
14-23: 100000 -> 99625
14-24: 100000 -> 98752
14-25: 100000 -> 98905
14-26: 100000 -> 98437
14-27: 100000 -> 94868
14-28: 100000 -> 93299
14-29: 100000 -> 91535
14-30: 100000 -> 89897
14-31: 100000 -> 89041
14-32: 100000 -> 86938
15-16: 100000 -> 99427
15-17: 100000 -> 99007
15-18: 100000 -> 100092
15-19: 100000 -> 99979
15-20: 100000 -> 99022
15-21: 100000 -> 99733
15-22: 100000 -> 99760
15-23: 100000 -> 100987
15-24: 100000 -> 100636
15-25: 100000 -> 99800
15-26: 100000 -> 93004
15-27: 100000 -> 85108
15-28: 100000 -> 79765
15-29: 100000 -> 75982
15-30: 100000 -> 73445
15-31: 100000 -> 72393
15-32: 100000 -> 71642
16-16: 100000 -> 100237
16-17: 100000 -> 100483
16-18: 100000 -> 100246
16-19: 100000 -> 99658
16-20: 100000 -> 100216
16-21: 100000 -> 99797
16-22: 100000 -> 99373
16-23: 100000 -> 100140
16-24: 100000 -> 100295
16-25: 100000 -> 99738
16-26: 100000 -> 84941
16-27: 100000 -> 70862
16-28: 100000 -> 60242
16-29: 100000 -> 54651
16-30: 100000 -> 49602
16-31: 100000 -> 48528
16-32: 100000 -> 48183
17-17: 100000 -> 99737
17-18: 100000 -> 100085
17-19: 100000 -> 100120
17-20: 100000 -> 100018
17-21: 100000 -> 100010
17-22: 100000 -> 100028
17-23: 100000 -> 99760
17-24: 100000 -> 99837
17-25: 100000 -> 100142
17-26: 100000 -> 65403
17-27: 100000 -> 35672
17-28: 100000 -> 17446
17-29: 100000 -> 8459
17-30: 100000 -> 4161
17-31: 100000 -> 2064
17-32: 100000 -> 1028
18-18: 100000 -> 100126
18-19: 100000 -> 100062
18-20: 100000 -> 100018
18-21: 100000 -> 100053
18-22: 100000 -> 100018
18-23: 100000 -> 100021
18-24: 100000 -> 99996
18-25: 100000 -> 100006
18-26: 100000 -> 99909
18-27: 100000 -> 99900
18-28: 100000 -> 99847
18-29: 100000 -> 99862
18-30: 100000 -> 99853
18-31: 100000 -> 99853
18-32: 100000 -> 99857
19-19: 100000 -> 99894
19-20: 100000 -> 100030
19-21: 100000 -> 99974
19-22: 100000 -> 100046
19-23: 100000 -> 100012
19-24: 100000 -> 100010
19-25: 100000 -> 100020
19-26: 100000 -> 99938
19-27: 100000 -> 99884
19-28: 100000 -> 99854
19-29: 100000 -> 99831
19-30: 100000 -> 99868
19-31: 100000 -> 99867
19-32: 100000 -> 99867
20-20: 100000 -> 100008
20-21: 100000 -> 100024
20-22: 100000 -> 99982
20-23: 100000 -> 99971
20-24: 100000 -> 100020
20-25: 100000 -> 100011
20-26: 100000 -> 99913
20-27: 100000 -> 99887
20-28: 100000 -> 99860
20-29: 100000 -> 99848
20-30: 100000 -> 99873
20-31: 100000 -> 99845
20-32: 100000 -> 99848
104408
expected: 10000000, estimate: 9970259, time: 3675
Percentage error  0.0029741
Expect estimate: 70630 is between 68293.75 and 71706.25
104408
Expect estimate: 20001 is between 19878.125 and 20121.875
Expect estimate: 16000 is between 15902.5 and 16097.5
Percentage error  0.0
p=4
hllcardinality=0 cardinality=0
0 : 0
p=5
hllcardinality=0 cardinality=0
0 : 0
p=6
hllcardinality=0 cardinality=0
0 : 0
p=7
hllcardinality=0 cardinality=0
0 : 0
p=8
hllcardinality=0 cardinality=0
0 : 0
p=9
hllcardinality=0 cardinality=0
0 : 0
p=10
hllcardinality=0 cardinality=0
0 : 0
p=11
hllcardinality=0 cardinality=0
0 : 0
p=12
hllcardinality=0 cardinality=0
0 : 0
p=13
hllcardinality=0 cardinality=0
0 : 0
p=14
hllcardinality=0 cardinality=0
0 : 0
p=15
hllcardinality=0 cardinality=0
0 : 0
p=16
hllcardinality=0 cardinality=0
0 : 0
p=17
hllcardinality=0 cardinality=0
0 : 0
p=18
hllcardinality=0 cardinality=0
0 : 0
p=19
hllcardinality=0 cardinality=0
0 : 0
p=20
hllcardinality=0 cardinality=0
0 : 0
p=21
hllcardinality=0 cardinality=0
0 : 0
p=22
hllcardinality=0 cardinality=0
0 : 0
p=23
hllcardinality=0 cardinality=0
0 : 0
p=4
hllcardinality=1 cardinality=1
1 : 1
p=5
hllcardinality=1 cardinality=1
1 : 1
p=6
hllcardinality=1 cardinality=1
1 : 1
p=7
hllcardinality=1 cardinality=1
1 : 1
p=8
hllcardinality=1 cardinality=1
1 : 1
p=9
hllcardinality=1 cardinality=1
1 : 1
p=10
hllcardinality=1 cardinality=1
1 : 1
p=11
hllcardinality=1 cardinality=1
1 : 1
p=12
hllcardinality=1 cardinality=1
1 : 1
p=13
hllcardinality=1 cardinality=1
1 : 1
p=14
hllcardinality=1 cardinality=1
1 : 1
p=15
hllcardinality=1 cardinality=1
1 : 1
p=16
hllcardinality=1 cardinality=1
1 : 1
p=17
hllcardinality=1 cardinality=1
1 : 1
p=18
hllcardinality=1 cardinality=1
1 : 1
p=19
hllcardinality=1 cardinality=1
1 : 1
p=20
hllcardinality=1 cardinality=1
1 : 1
p=21
hllcardinality=1 cardinality=1
1 : 1
p=22
hllcardinality=1 cardinality=1
1 : 1
p=23
hllcardinality=1 cardinality=1
1 : 1
p=4
hllcardinality=12 cardinality=10
12 : 12
p=5
hllcardinality=11 cardinality=10
11 : 11
p=6
hllcardinality=10 cardinality=10
10 : 10
p=7
hllcardinality=9 cardinality=10
9 : 9
p=8
hllcardinality=9 cardinality=10
9 : 9
p=9
hllcardinality=10 cardinality=10
10 : 10
p=10
hllcardinality=10 cardinality=10
10 : 10
p=11
hllcardinality=10 cardinality=10
10 : 10
p=12
hllcardinality=10 cardinality=10
10 : 10
p=13
hllcardinality=10 cardinality=10
10 : 10
p=14
hllcardinality=10 cardinality=10
10 : 10
p=15
hllcardinality=10 cardinality=10
10 : 10
p=16
hllcardinality=10 cardinality=10
10 : 10
p=17
hllcardinality=10 cardinality=10
10 : 10
p=18
hllcardinality=10 cardinality=10
10 : 10
p=19
hllcardinality=10 cardinality=10
10 : 10
p=20
hllcardinality=10 cardinality=10
10 : 10
p=21
hllcardinality=10 cardinality=10
10 : 10
p=22
hllcardinality=10 cardinality=10
10 : 10
p=23
hllcardinality=10 cardinality=10
10 : 10
p=4
hllcardinality=108 cardinality=100
108 : 108
p=5
hllcardinality=172 cardinality=100
172 : 172
p=6
hllcardinality=105 cardinality=100
105 : 105
p=7
hllcardinality=98 cardinality=100
98 : 98
p=8
hllcardinality=103 cardinality=100
103 : 103
p=9
hllcardinality=97 cardinality=100
97 : 97
p=10
hllcardinality=103 cardinality=100
103 : 103
p=11
hllcardinality=99 cardinality=100
99 : 99
p=12
hllcardinality=98 cardinality=100
98 : 98
p=13
hllcardinality=101 cardinality=100
101 : 101
p=14
hllcardinality=98 cardinality=100
98 : 98
p=15
hllcardinality=99 cardinality=100
99 : 99
p=16
hllcardinality=100 cardinality=100
100 : 100
p=17
hllcardinality=100 cardinality=100
100 : 100
p=18
hllcardinality=100 cardinality=100
100 : 100
p=19
hllcardinality=100 cardinality=100
100 : 100
p=20
hllcardinality=100 cardinality=100
100 : 100
p=21
hllcardinality=100 cardinality=100
100 : 100
p=22
hllcardinality=100 cardinality=100
100 : 100
p=23
hllcardinality=100 cardinality=100
100 : 100
p=4
hllcardinality=884 cardinality=1000
884 : 884
p=5
hllcardinality=1063 cardinality=1000
1063 : 1063
p=6
hllcardinality=906 cardinality=1000
906 : 906
p=7
hllcardinality=999 cardinality=1000
999 : 999
p=8
hllcardinality=1131 cardinality=1000
1131 : 1131
p=9
hllcardinality=1020 cardinality=1000
1020 : 1020
p=10
hllcardinality=982 cardinality=1000
982 : 982
p=11
hllcardinality=1000 cardinality=1000
1000 : 1000
p=12
hllcardinality=1009 cardinality=1000
1009 : 1009
p=13
hllcardinality=1005 cardinality=1000
1005 : 1005
p=14
hllcardinality=1002 cardinality=1000
1002 : 1002
p=15
hllcardinality=1005 cardinality=1000
1005 : 1005
p=16
hllcardinality=1002 cardinality=1000
1002 : 1002
p=17
hllcardinality=1001 cardinality=1000
1001 : 1001
p=18
hllcardinality=1002 cardinality=1000
1002 : 1002
p=19
hllcardinality=999 cardinality=1000
999 : 999
p=20
hllcardinality=999 cardinality=1000
999 : 999
p=21
hllcardinality=1000 cardinality=1000
1000 : 1000
p=22
hllcardinality=1000 cardinality=1000
1000 : 1000
p=23
hllcardinality=1000 cardinality=1000
1000 : 1000
p=4
hllcardinality=12273 cardinality=10000
12273 : 12273
p=5
hllcardinality=9927 cardinality=10000
9927 : 9927
p=6
hllcardinality=9459 cardinality=10000
9459 : 9459
p=7
hllcardinality=9488 cardinality=10000
9488 : 9488
p=8
hllcardinality=10637 cardinality=10000
10637 : 10637
p=9
hllcardinality=10109 cardinality=10000
10109 : 10109
p=10
hllcardinality=9843 cardinality=10000
9843 : 9843
p=11
hllcardinality=10025 cardinality=10000
10025 : 10025
p=12
hllcardinality=9955 cardinality=10000
9955 : 9955
p=13
hllcardinality=10105 cardinality=10000
10105 : 10105
p=14
hllcardinality=9941 cardinality=10000
9941 : 9941
p=15
hllcardinality=10008 cardinality=10000
10008 : 10008
p=16
hllcardinality=10001 cardinality=10000
10001 : 10001
p=17
hllcardinality=9974 cardinality=10000
9974 : 9974
p=18
hllcardinality=10012 cardinality=10000
10012 : 10012
p=19
hllcardinality=10002 cardinality=10000
10002 : 10002
p=20
hllcardinality=10009 cardinality=10000
10009 : 10009
p=21
hllcardinality=9992 cardinality=10000
9992 : 9992
p=22
hllcardinality=10002 cardinality=10000
10002 : 10002
p=23
hllcardinality=10002 cardinality=10000
10002 : 10002
p=4
hllcardinality=108830 cardinality=100000
108830 : 108830
p=5
hllcardinality=109929 cardinality=100000
109929 : 109929
p=6
hllcardinality=120549 cardinality=100000
120549 : 120549
p=7
hllcardinality=102899 cardinality=100000
102899 : 102899
p=8
hllcardinality=98396 cardinality=100000
98396 : 98396
p=9
hllcardinality=100128 cardinality=100000
100128 : 100128
p=10
hllcardinality=95372 cardinality=100000
95372 : 95372
p=11
hllcardinality=101892 cardinality=100000
101892 : 101892
p=12
hllcardinality=100943 cardinality=100000
100943 : 100943
p=13
hllcardinality=102042 cardinality=100000
102042 : 102042
p=14
hllcardinality=100200 cardinality=100000
100200 : 100200
p=15
hllcardinality=100318 cardinality=100000
100318 : 100318
p=16
hllcardinality=99752 cardinality=100000
99752 : 99752
p=17
hllcardinality=100322 cardinality=100000
100322 : 100322
p=18
hllcardinality=100013 cardinality=100000
100013 : 100013
p=19
hllcardinality=99926 cardinality=100000
99926 : 99926
p=20
hllcardinality=100022 cardinality=100000
100022 : 100022
p=21
hllcardinality=99970 cardinality=100000
99970 : 99970
p=22
hllcardinality=99954 cardinality=100000
99954 : 99954
p=23
hllcardinality=99976 cardinality=100000
99976 : 99976
p=4
hllcardinality=544558 cardinality=1000000
544558 : 544558
p=5
hllcardinality=780394 cardinality=1000000
780394 : 780394
p=6
hllcardinality=821454 cardinality=1000000
821454 : 821454
p=7
hllcardinality=881890 cardinality=1000000
881890 : 881890
p=8
hllcardinality=974306 cardinality=1000000
974306 : 974306
p=9
hllcardinality=1084750 cardinality=1000000
1084750 : 1084750
p=10
hllcardinality=986161 cardinality=1000000
986161 : 986161
p=11
hllcardinality=991046 cardinality=1000000
991046 : 991046
p=12
hllcardinality=972212 cardinality=1000000
972212 : 972212
p=13
hllcardinality=992605 cardinality=1000000
992605 : 992605
p=14
hllcardinality=1009718 cardinality=1000000
1009718 : 1009718
p=15
hllcardinality=1009948 cardinality=1000000
1009948 : 1009948
p=16
hllcardinality=1000512 cardinality=1000000
1000512 : 1000512
p=17
hllcardinality=996728 cardinality=1000000
996728 : 996728
p=18
hllcardinality=1003955 cardinality=1000000
1003955 : 1003955
p=19
hllcardinality=1002430 cardinality=1000000
1002430 : 1002430
p=20
hllcardinality=1001267 cardinality=1000000
1001267 : 1001267
p=21
hllcardinality=1000240 cardinality=1000000
1000240 : 1000240
p=22
hllcardinality=999542 cardinality=1000000
999542 : 999542
p=23
hllcardinality=999729 cardinality=1000000
999729 : 999729
Expect estimate: 199576 is between 198781.25 and 201218.75
Expect estimate: 14988 is between 14634.375 and 15365.625
Tests run: 21, Failures: 0, Errors: 0, Skipped: 0, Time elapsed: 104.886 sec - in com.clearspring.analytics.stream.cardinality.TestHyperLogLogPlus
Running com.clearspring.analytics.stream.cardinality.TestHyperLogLog
Baseline estimate: 4989698
Expect estimate: 4989698 is between 4939062.5 and 5060937.5
time: 6250
0.0109296
time: 62662
0.02087174
Tests run: 8, Failures: 0, Errors: 0, Skipped: 1, Time elapsed: 70.748 sec - in com.clearspring.analytics.stream.cardinality.TestHyperLogLog
Running com.clearspring.analytics.stream.cardinality.TestLogLog
Baseline estimate: 4992642
time: 6084
0.0427394
time: 71927
100000000
98540642
0.01459358
Tests run: 5, Failures: 0, Errors: 0, Skipped: 1, Time elapsed: 79.533 sec - in com.clearspring.analytics.stream.cardinality.TestLogLog
Running com.clearspring.analytics.stream.TestConcurrentStreamSummary
Geometric:
0
1
2
3
4
[(25129: 0, e: 0),(18913: 1, e: 0),(14046: 2, e: 0),(10483: 3, e: 0),(7851: 4, e: 0),(5972: 5, e: 0),(4429: 6, e: 303),(4395: 7, e: 4382),(4391: 11, e: 4390),(4391: 13, e: 4390)]
[(1: X, e: 0)]
[(2: X, e: 0)]
[(2: X, e: 0),(1: Y, e: 0)]
[(2: X, e: 0),(1: Y, e: 0),(1: Z, e: 0)]
[(2: X, e: 0),(2: A, e: 1),(1: Z, e: 0)]
[(2: X, e: 0),(2: A, e: 1),(2: B, e: 1)]
[(2: A, e: 1),(2: B, e: 1),(3: C, e: 2)]
[(3: X, e: 2),(2: B, e: 1),(3: C, e: 2)]
[(4: X, e: 2),(2: B, e: 1),(3: C, e: 2)]
[(4: X, e: 2),(3: A, e: 2),(3: C, e: 2)]
[(4: X, e: 2),(4: A, e: 2),(3: C, e: 2)]
[(4: X, e: 2),(5: A, e: 2),(3: C, e: 2)]
Tests run: 4, Failures: 0, Errors: 0, Skipped: 0, Time elapsed: 0.105 sec - in com.clearspring.analytics.stream.TestConcurrentStreamSummary
Running com.clearspring.analytics.stream.frequency.CountMinSketchTest
1.0
Tests run: 13, Failures: 0, Errors: 0, Skipped: 0, Time elapsed: 35.517 sec - in com.clearspring.analytics.stream.frequency.CountMinSketchTest
Running com.clearspring.analytics.stream.frequency.ConservativeAddSketchTest
Confidence : 1.0   Errors : 0  Error margin : 7501
Total error : 13117189  Average error : 874
Beat base for : 99 percent of values with a total delta of 22878077
Confidence : 1.0   Errors : 0  Error margin : 101
Total error : 15121980  Average error : 16
Beat base for : 100 percent of values with a total delta of 20625186
Tests run: 3, Failures: 0, Errors: 0, Skipped: 0, Time elapsed: 21.128 sec - in com.clearspring.analytics.stream.frequency.ConservativeAddSketchTest
Running com.clearspring.analytics.stream.quantile.GroupTreeTest
0:0.0(1)	1:0.0(1)	2:1.0(1)	3:1.0(1)	4:2.0(1)	5:2.5(2)	6:3.0(1)	7:3.0(1)	8:4.0(1)	9:4.0(1)	10:5.0(1)	Tests run: 6, Failures: 0, Errors: 0, Skipped: 0, Time elapsed: 1.155 sec - in com.clearspring.analytics.stream.quantile.GroupTreeTest
Running com.clearspring.analytics.stream.quantile.QDigestTest
a: 0 .. 0: 3, 1 .. 1: 3
b: 0 .. 0: 4, 1 .. 1: 1, 0 .. 3: 1
ab: 0 .. 0: 4, 1 .. 1: 1, 0 .. 1: 6, 0 .. 3: 1
c: 0 .. 0: 7, 1 .. 1: 4, 0 .. 3: 1
Tests run: 3, Failures: 0, Errors: 0, Skipped: 0, Time elapsed: 1.811 sec - in com.clearspring.analytics.stream.quantile.QDigestTest
Running com.clearspring.analytics.stream.quantile.TDigestTest
# big 4506 bytes
# small 4506 bytes
# 10.653113us per point
# 852 centroids
quantile	2	0.001000	0.000016	-0.000010	-0.000010	0.009705
quantile	2	0.010000	0.000266	0.000044	-0.000435	0.043495
quantile	2	0.100000	0.001111	0.000777	0.004654	0.046542
quantile	2	0.200000	0.001048	-0.000857	-0.001655	0.008276
quantile	2	0.300000	0.001002	-0.005428	0.000597	0.001990
quantile	2	0.500000	0.002338	0.003358	0.003051	0.006103
cdf	2	0.001000	-0.000030	0.000006	0.000007	0.007173
cdf	2	0.010000	-0.000190	-0.000059	-0.000113	0.011324
cdf	2	0.100000	-0.001070	-0.000102	0.000222	0.002223
cdf	2	0.200000	-0.000950	0.000023	0.000353	0.001763
cdf	2	0.300000	-0.001110	-0.000750	0.000273	0.000909
cdf	2	0.500000	-0.002440	-0.000864	-0.000272	0.000543
quantile	5	0.001000	0.000219	-0.000003	-0.000011	0.010649
quantile	5	0.010000	-0.000117	0.000098	0.000045	0.004465
quantile	5	0.100000	0.000243	0.001113	-0.002944	0.029439
quantile	5	0.200000	-0.000056	0.001307	-0.003135	0.015673
quantile	5	0.300000	0.001073	-0.004081	0.004474	0.014913
quantile	5	0.500000	0.000891	0.001368	0.007740	0.015480
cdf	5	0.001000	-0.000230	0.000003	-0.000000	0.000326
cdf	5	0.010000	0.000100	-0.000003	-0.000015	0.001527
cdf	5	0.100000	-0.000190	-0.000116	-0.000473	0.004729
cdf	5	0.200000	0.000080	0.000001	-0.000456	0.002279
cdf	5	0.300000	-0.001230	-0.000538	0.000510	0.001699
cdf	5	0.500000	-0.001030	-0.000623	0.000738	0.001476
quantile	10	0.001000	-0.000128	-0.000037	-0.000050	0.050407
quantile	10	0.010000	-0.000259	-0.000004	-0.000040	0.003989
quantile	10	0.100000	-0.000484	0.000241	-0.004207	0.042075
quantile	10	0.200000	0.000581	0.000904	0.004575	0.022875
quantile	10	0.300000	0.002187	-0.001809	-0.001842	0.006141
quantile	10	0.500000	0.001205	-0.006186	-0.000823	0.001645
cdf	10	0.001000	0.000200	0.000002	0.000002	0.002264
cdf	10	0.010000	0.000290	-0.000030	-0.000054	0.005396
cdf	10	0.100000	0.000460	-0.000012	-0.000392	0.003918
cdf	10	0.200000	-0.000430	-0.000150	0.000170	0.000852
cdf	10	0.300000	-0.001990	0.000204	0.000320	0.001068
cdf	10	0.500000	-0.001250	-0.000520	0.001075	0.002150
quantile	20	0.001000	0.000025	-0.000027	-0.000002	0.001728
quantile	20	0.010000	0.000322	-0.000206	-0.000173	0.017287
quantile	20	0.100000	0.002969	0.000448	0.002265	0.022655
quantile	20	0.200000	0.001274	0.001016	0.001852	0.009260
quantile	20	0.300000	0.001187	-0.001313	-0.008982	0.029940
quantile	20	0.500000	-0.000285	-0.007642	0.009524	0.019049
cdf	20	0.001000	-0.000010	-0.000006	-0.000009	0.009441
cdf	20	0.010000	-0.000230	-0.000004	0.000018	0.001779
cdf	20	0.100000	-0.002640	-0.000046	0.000029	0.000293
cdf	20	0.200000	-0.001180	-0.000029	0.000119	0.000597
cdf	20	0.300000	-0.001140	-0.000393	-0.000328	0.001094
cdf	20	0.500000	0.000280	-0.000307	0.000501	0.001002
quantile	50	0.001000	-0.000204	-0.000024	-0.000024	0.023554
quantile	50	0.010000	-0.000009	-0.000031	-0.000050	0.004963
quantile	50	0.100000	-0.000574	0.000184	-0.002290	0.022904
quantile	50	0.200000	-0.000751	0.003277	0.004192	0.020962
quantile	50	0.300000	-0.001017	-0.000319	-0.013869	0.046229
quantile	50	0.500000	0.001029	0.000874	-0.001055	0.002110
cdf	50	0.001000	0.000160	0.000004	0.000006	0.006369
cdf	50	0.010000	0.000010	-0.000002	0.000001	0.000121
cdf	50	0.100000	0.000500	0.000019	-0.000006	0.000060
cdf	50	0.200000	0.000670	0.000385	0.000404	0.002021
cdf	50	0.300000	0.001220	-0.000565	-0.000313	0.001045
cdf	50	0.500000	-0.001130	0.000013	-0.000580	0.001159
quantile	100	0.001000	0.000135	-0.000056	-0.000035	0.035088
quantile	100	0.010000	0.000331	-0.000006	0.000042	0.004232
quantile	100	0.100000	0.000658	0.000751	0.001020	0.010201
quantile	100	0.200000	0.001183	0.000756	0.000565	0.002827
quantile	100	0.300000	0.000474	-0.000654	-0.000943	0.003144
quantile	100	0.500000	0.000067	-0.001080	0.008411	0.016823
cdf	100	0.001000	-0.000120	0.000007	-0.000003	0.003304
cdf	100	0.010000	-0.000390	-0.000030	-0.000038	0.003778
cdf	100	0.100000	-0.000540	-0.000041	0.000067	0.000668
cdf	100	0.200000	-0.001170	0.000323	-0.000462	0.002312
cdf	100	0.300000	-0.000430	-0.000095	0.000176	0.000586
cdf	100	0.500000	-0.000110	-0.000300	0.002432	0.004864
# 10.124494us per point
# 847 centroids
# 10.072085us per point
# 835 centroids
# 18.036942us per point
# 863 centroids
gamma	2	0.00100000	0.0008800000000	0.9978500000	188	108
gamma	2	0.01000000	-0.01000000000	0.9888500000	188	108
gamma	2	0.10000000	0.07174000000	0.8988500000	188	108
gamma	2	0.20000000	0.1724300000	0.7999900000	188	108
gamma	2	0.30000000	0.1041400000	0.6999900000	188	108
gamma	2	0.50000000	0.03798000000	0.4999900000	188	108
gamma	2	0.70000000	-0.0005100000000	0.3000000000	188	108
gamma	2	0.80000000	-0.8000000000	0.2000000000	188	108
gamma	2	0.90000000	0.06937000000	0.1000000000	188	108
gamma	2	0.99000000	0.008020000000	0.01000000000	188	108
gamma	2	0.99900000	-0.0009000000000	0.001000000000	188	108
gamma	5	0.00100000	0.0001700000000	0.8297000000	388	268
gamma	5	0.01000000	0.0006500000000	0.8207000000	388	268
gamma	5	0.10000000	-0.1000000000	0.7307000000	388	268
gamma	5	0.20000000	0.01033000000	0.6832200000	388	268
gamma	5	0.30000000	-0.3000000000	0.5832200000	388	268
gamma	5	0.50000000	0.02103000000	0.4676200000	388	268
gamma	5	0.70000000	0.01584000000	0.2988100000	388	268
gamma	5	0.80000000	0.01627000000	0.1988100000	388	268
gamma	5	0.90000000	0.02333000000	0.1000000000	388	268
gamma	5	0.99000000	0.001340000000	0.01000000000	388	268
gamma	5	0.99900000	9.000000000e-05	0.001000000000	388	268
gamma	10	0.00100000	7.000000000e-05	0.4793400000	664	492
gamma	10	0.01000000	-0.01000000000	0.4703400000	664	492
gamma	10	0.10000000	0.0003100000000	0.4151300000	664	492
gamma	10	0.20000000	0.005280000000	0.3521400000	664	492
gamma	10	0.30000000	-0.3000000000	0.3343500000	664	492
gamma	10	0.50000000	-0.5000000000	0.2752200000	664	492
gamma	10	0.70000000	0.009810000000	0.2274100000	664	492
gamma	10	0.80000000	0.001900000000	0.1663400000	664	492
gamma	10	0.90000000	-0.005280000000	0.09881000000	664	492
gamma	10	0.99000000	-0.002390000000	0.01000000000	664	492
gamma	10	0.99900000	-4.000000000e-05	0.001000000000	664	492
gamma	20	0.00100000	-0.001000000000	0.2064700000	1164	812
gamma	20	0.01000000	-0.003830000000	0.1974700000	1164	812
gamma	20	0.10000000	0.001700000000	0.1383700000	1164	812
gamma	20	0.20000000	2.000000000e-05	0.09286000000	1164	812
gamma	20	0.30000000	-0.003600000000	0.06034000000	1164	812
gamma	20	0.50000000	-0.002320000000	0.05039000000	1164	812
gamma	20	0.70000000	0.009350000000	0.02505000000	1164	812
gamma	20	0.80000000	-0.004190000000	0.005890000000	1164	812
gamma	20	0.90000000	0.004210000000	0.06667000000	1164	812
gamma	20	0.99000000	0.0005600000000	0.009990000000	1164	812
gamma	20	0.99900000	0.000000000	0.001000000000	1164	812
gamma	50	0.00100000	-1.000000000e-05	-0.001000000000	2463	2332
gamma	50	0.01000000	0.0001700000000	-0.01000000000	2463	2332
gamma	50	0.10000000	0.0006200000000	0.03656000000	2463	2332
gamma	50	0.20000000	-0.02591000000	0.007310000000	2463	2332
gamma	50	0.30000000	0.002660000000	0.007160000000	2463	2332
gamma	50	0.50000000	-0.02686000000	0.01387000000	2463	2332
gamma	50	0.70000000	0.0009500000000	0.005920000000	2463	2332
gamma	50	0.80000000	0.0004200000000	0.006990000000	2463	2332
gamma	50	0.90000000	-0.0007400000000	0.008450000000	2463	2332
gamma	50	0.99000000	0.0003400000000	0.009980000000	2463	2332
gamma	50	0.99900000	-5.000000000e-05	0.001000000000	2463	2332
gamma	100	0.00100000	0.000000000	-0.001000000000	4533	4268
gamma	100	0.01000000	0.0002200000000	-0.01000000000	4533	4268
gamma	100	0.10000000	-0.0009200000000	0.006220000000	4533	4268
gamma	100	0.20000000	-0.003420000000	0.008160000000	4533	4268
gamma	100	0.30000000	0.0001900000000	0.005820000000	4533	4268
gamma	100	0.50000000	-0.002890000000	0.01392000000	4533	4268
gamma	100	0.70000000	0.001640000000	0.01071000000	4533	4268
gamma	100	0.80000000	0.001210000000	0.005350000000	4533	4268
gamma	100	0.90000000	0.0005600000000	0.007760000000	4533	4268
gamma	100	0.99000000	-1.000000000e-05	0.008670000000	4533	4268
gamma	100	0.99900000	-3.000000000e-05	0.001000000000	4533	4268
gamma	200	0.00100000	-1.500000000e-05	-0.001000000000	8014	8972
gamma	200	0.01000000	-7.000000000e-05	-0.01000000000	8014	8972
gamma	200	0.10000000	-0.0002100000000	0.003170000000	8014	8972
gamma	200	0.20000000	0.000000000	0.001210000000	8014	8972
gamma	200	0.30000000	0.002030000000	0.001060000000	8014	8972
gamma	200	0.50000000	-0.0006200000000	0.002060000000	8014	8972
gamma	200	0.70000000	0.000000000	0.001010000000	8014	8972
gamma	200	0.80000000	-0.0002800000000	0.004860000000	8014	8972
gamma	200	0.90000000	-9.000000000e-05	0.002970000000	8014	8972
gamma	200	0.99000000	-5.000000000e-05	0.006780000000	8014	8972
gamma	200	0.99900000	-1.500000000e-05	0.001000000000	8014	8972
gamma	500	0.00100000	-1.500000000e-05	-0.001000000000	17230	21132
gamma	500	0.01000000	-3.000000000e-05	-0.01000000000	17230	21132
gamma	500	0.10000000	-0.0003100000000	0.001570000000	17230	21132
gamma	500	0.20000000	-7.000000000e-05	0.004610000000	17230	21132
gamma	500	0.30000000	-0.0004200000000	0.002590000000	17230	21132
gamma	500	0.50000000	-0.0002000000000	0.003200000000	17230	21132
gamma	500	0.70000000	0.001160000000	0.003070000000	17230	21132
gamma	500	0.80000000	0.0003100000000	0.002070000000	17230	21132
gamma	500	0.90000000	-0.0001400000000	0.004470000000	17230	21132
gamma	500	0.99000000	-4.000000000e-05	0.002720000000	17230	21132
gamma	500	0.99900000	-1.500000000e-05	0.0009600000000	17230	21132
gamma	1000	0.00100000	-1.500000000e-05	-0.001000000000	30626	46956
gamma	1000	0.01000000	-4.000000000e-05	-0.01000000000	30626	46956
gamma	1000	0.10000000	4.000000000e-05	0.0005500000000	30626	46956
gamma	1000	0.20000000	-0.0001800000000	0.001490000000	30626	46956
gamma	1000	0.30000000	6.000000000e-05	0.0006500000000	30626	46956
gamma	1000	0.50000000	-0.0003300000000	0.001440000000	30626	46956
gamma	1000	0.70000000	-0.0001400000000	0.001480000000	30626	46956
gamma	1000	0.80000000	-2.000000000e-05	0.001270000000	30626	46956
gamma	1000	0.90000000	1.000000000e-05	0.0009300000000	30626	46956
gamma	1000	0.99000000	-5.000000000e-05	0.0003500000000	30626	46956
gamma	1000	0.99900000	-1.500000000e-05	0.001000000000	30626	46956
gamma	2000	0.00100000	-1.500000000e-05	-0.001000000000	54881	88012
gamma	2000	0.01000000	-1.500000000e-05	-0.01000000000	54881	88012
gamma	2000	0.10000000	3.000000000e-05	0.0004400000000	54881	88012
gamma	2000	0.20000000	-0.0001000000000	0.0007700000000	54881	88012
gamma	2000	0.30000000	0.0002500000000	0.0008000000000	54881	88012
gamma	2000	0.50000000	5.000000000e-05	0.001020000000	54881	88012
gamma	2000	0.70000000	-0.0001700000000	0.001030000000	54881	88012
gamma	2000	0.80000000	-3.000000000e-05	0.0009800000000	54881	88012
gamma	2000	0.90000000	-6.000000000e-05	0.0008500000000	54881	88012
gamma	2000	0.99000000	-1.500000000e-05	0.0005300000000	54881	88012
gamma	2000	0.99900000	-1.500000000e-05	0.0004800000000	54881	88012
uniform	2	0.00100000	-0.0003800000000	0.2494600000	179	124
uniform	2	0.01000000	-0.009380000000	0.2404600000	179	124
uniform	2	0.10000000	0.02127000000	0.4002600000	179	124
uniform	2	0.20000000	-0.02844000000	0.3002600000	179	124
uniform	2	0.30000000	-0.04303000000	0.2002600000	179	124
uniform	2	0.50000000	-0.1464900000	0.0002600000000	179	124
uniform	2	0.70000000	-0.04894000000	0.3000000000	179	124
uniform	2	0.80000000	-0.03059000000	0.2000000000	179	124
uniform	2	0.90000000	-0.01745000000	0.1000000000	179	124
uniform	2	0.99000000	0.0004700000000	0.01000000000	179	124
uniform	2	0.99900000	0.0002400000000	0.001000000000	179	124
uniform	5	0.00100000	-0.0002300000000	0.1240900000	385	236
uniform	5	0.01000000	-0.003830000000	0.1150900000	385	236
uniform	5	0.10000000	-0.001980000000	0.02509000000	385	236
uniform	5	0.20000000	-0.03871000000	0.05050000000	385	236
uniform	5	0.30000000	0.04497000000	0.07565000000	385	236
uniform	5	0.50000000	0.1473700000	0.0009300000000	385	236
uniform	5	0.70000000	0.0002100000000	0.1755000000	385	236
uniform	5	0.80000000	-0.007560000000	0.07550000000	385	236
uniform	5	0.90000000	0.06830000000	0.1000000000	385	236
uniform	5	0.99000000	0.002160000000	0.01000000000	385	236
uniform	5	0.99900000	-7.000000000e-05	0.001000000000	385	236
uniform	10	0.00100000	-0.0001300000000	0.06288000000	622	476
uniform	10	0.01000000	0.0007100000000	0.05388000000	622	476
uniform	10	0.10000000	0.003620000000	0.02666000000	622	476
uniform	10	0.20000000	-0.007800000000	0.05005000000	622	476
uniform	10	0.30000000	0.01425000000	0.01329000000	622	476
uniform	10	0.50000000	-0.02350000000	0.0007800000000	622	476
uniform	10	0.70000000	0.04107000000	0.05098000000	622	476
uniform	10	0.80000000	-0.04723000000	0.01500000000	622	476
uniform	10	0.90000000	-0.01329000000	0.03921000000	622	476
uniform	10	0.99000000	-0.001410000000	0.01000000000	622	476
uniform	10	0.99900000	6.000000000e-05	0.001000000000	622	476
uniform	20	0.00100000	-0.0001100000000	0.06097000000	1114	844
uniform	20	0.01000000	-0.0002300000000	0.05197000000	1114	844
uniform	20	0.10000000	-0.004450000000	0.02562000000	1114	844
uniform	20	0.20000000	-0.003820000000	0.05008000000	1114	844
uniform	20	0.30000000	0.006590000000	0.07421000000	1114	844
uniform	20	0.50000000	-0.03528000000	0.03168000000	1114	844
uniform	20	0.70000000	-0.008910000000	0.05160000000	1114	844
uniform	20	0.80000000	-0.009070000000	0.07568000000	1114	844
uniform	20	0.90000000	-0.004470000000	0.1000000000	1114	844
uniform	20	0.99000000	-0.0002300000000	0.01000000000	1114	844
uniform	20	0.99900000	0.0001200000000	0.001000000000	1114	844
uniform	50	0.00100000	-8.000000000e-05	0.01441000000	2460	2380
uniform	50	0.01000000	1.000000000e-05	0.005410000000	2460	2380
uniform	50	0.10000000	0.0007000000000	0.009500000000	2460	2380
uniform	50	0.20000000	0.003660000000	0.004310000000	2460	2380
uniform	50	0.30000000	-0.01139000000	0.01324000000	2460	2380
uniform	50	0.50000000	0.005480000000	0.01406000000	2460	2380
uniform	50	0.70000000	0.009270000000	0.01858000000	2460	2380
uniform	50	0.80000000	-0.003900000000	0.01305000000	2460	2380
uniform	50	0.90000000	0.0008600000000	0.006450000000	2460	2380
uniform	50	0.99000000	7.000000000e-05	0.01000000000	2460	2380
uniform	50	0.99900000	-3.000000000e-05	0.001000000000	2460	2380
uniform	100	0.00100000	-4.000000000e-05	0.006550000000	4398	4620
uniform	100	0.01000000	-9.000000000e-05	0.005800000000	4398	4620
uniform	100	0.10000000	-0.0007000000000	0.001750000000	4398	4620
uniform	100	0.20000000	0.0004000000000	0.002210000000	4398	4620
uniform	100	0.30000000	-0.002120000000	0.002940000000	4398	4620
uniform	100	0.50000000	-0.001510000000	0.006930000000	4398	4620
uniform	100	0.70000000	-0.002000000000	0.002910000000	4398	4620
uniform	100	0.80000000	-0.001500000000	0.004430000000	4398	4620
uniform	100	0.90000000	-0.003180000000	0.006540000000	4398	4620
uniform	100	0.99000000	0.000000000	0.01000000000	4398	4620
uniform	100	0.99900000	-2.000000000e-05	0.001000000000	4398	4620
uniform	200	0.00100000	-1.500000000e-05	0.002880000000	8112	9388
uniform	200	0.01000000	-5.000000000e-05	0.001520000000	8112	9388
uniform	200	0.10000000	-0.001280000000	0.003960000000	8112	9388
uniform	200	0.20000000	-0.0003400000000	0.001110000000	8112	9388
uniform	200	0.30000000	-0.0002400000000	0.002290000000	8112	9388
uniform	200	0.50000000	0.0001100000000	0.003620000000	8112	9388
uniform	200	0.70000000	-0.0002100000000	0.003050000000	8112	9388
uniform	200	0.80000000	-4.000000000e-05	0.004470000000	8112	9388
uniform	200	0.90000000	-0.0005000000000	0.005230000000	8112	9388
uniform	200	0.99000000	2.000000000e-05	0.002170000000	8112	9388
uniform	200	0.99900000	-1.500000000e-05	0.001000000000	8112	9388
uniform	500	0.00100000	-1.500000000e-05	0.0009800000000	17356	23212
uniform	500	0.01000000	-3.000000000e-05	0.001630000000	17356	23212
uniform	500	0.10000000	-2.000000000e-05	0.002400000000	17356	23212
uniform	500	0.20000000	8.000000000e-05	0.002140000000	17356	23212
uniform	500	0.30000000	0.0005900000000	0.003700000000	17356	23212
uniform	500	0.50000000	0.0002800000000	0.0009100000000	17356	23212
uniform	500	0.70000000	-0.0001600000000	0.001520000000	17356	23212
uniform	500	0.80000000	8.000000000e-05	0.002240000000	17356	23212
uniform	500	0.90000000	0.0001400000000	0.001060000000	17356	23212
uniform	500	0.99000000	-7.000000000e-05	0.002440000000	17356	23212
uniform	500	0.99900000	-1.500000000e-05	0.001000000000	17356	23212
uniform	1000	0.00100000	-1.500000000e-05	9.000000000e-05	30666	46860
uniform	1000	0.01000000	-3.000000000e-05	0.001090000000	30666	46860
uniform	1000	0.10000000	-0.0001800000000	0.0005900000000	30666	46860
uniform	1000	0.20000000	0.0001400000000	0.0003500000000	30666	46860
uniform	1000	0.30000000	0.0005200000000	0.0007400000000	30666	46860
uniform	1000	0.50000000	-0.0002900000000	0.001030000000	30666	46860
uniform	1000	0.70000000	0.0001700000000	0.0008900000000	30666	46860
uniform	1000	0.80000000	0.0001300000000	0.001000000000	30666	46860
uniform	1000	0.90000000	0.0001800000000	0.001330000000	30666	46860
uniform	1000	0.99000000	0.000000000	0.002180000000	30666	46860
uniform	1000	0.99900000	-1.500000000e-05	0.001000000000	30666	46860
uniform	2000	0.00100000	-1.500000000e-05	0.0001100000000	54811	88220
uniform	2000	0.01000000	-1.500000000e-05	0.0007600000000	54811	88220
uniform	2000	0.10000000	-1.000000000e-05	0.0006200000000	54811	88220
uniform	2000	0.20000000	-0.0002600000000	0.001480000000	54811	88220
uniform	2000	0.30000000	-6.000000000e-05	0.0009300000000	54811	88220
uniform	2000	0.50000000	-0.0002100000000	0.0004300000000	54811	88220
uniform	2000	0.70000000	6.000000000e-05	0.0007600000000	54811	88220
uniform	2000	0.80000000	0.0002800000000	0.001970000000	54811	88220
uniform	2000	0.90000000	-6.000000000e-05	0.001120000000	54811	88220
uniform	2000	0.99000000	-1.500000000e-05	0.001790000000	54811	88220
uniform	2000	0.99900000	-1.500000000e-05	0.001000000000	54811	88220
# 174.868508us per point
# 4693 centroids
Tests run: 11, Failures: 0, Errors: 0, Skipped: 1, Time elapsed: 88.248 sec - in com.clearspring.analytics.stream.quantile.TDigestTest
Running com.clearspring.analytics.stream.TestStochasticTopper
Gaussian:
-1
5
-9
-11
9
Geometric:
1
0
2
3
4
Zipfian:
1
2
3
11
5
0: 24972
1: 18582
2: 14046
3: 10595
4: 7962
5: 5937
6: 4450
7: 3299
8: 2550
9: 1904
10: 1359
11: 1056
12: 813
13: 636
14: 427
15: 391
16: 253
17: 212
18: 134
19: 103
2147483638: 0
2147483639: 0
2147483640: 0
2147483641: 0
2147483642: 0
2147483643: 0
2147483644: 0
2147483645: 0
2147483646: 0
2147483647: 0
Tests run: 4, Failures: 0, Errors: 0, Skipped: 0, Time elapsed: 0.191 sec - in com.clearspring.analytics.stream.TestStochasticTopper
Running com.clearspring.analytics.stream.membership.FilterTest
Tests run: 1, Failures: 0, Errors: 0, Skipped: 0, Time elapsed: 0.077 sec - in com.clearspring.analytics.stream.membership.FilterTest
Running com.clearspring.analytics.stream.membership.Base64Test
Tests run: 1, Failures: 0, Errors: 0, Skipped: 0, Time elapsed: 0.047 sec - in com.clearspring.analytics.stream.membership.Base64Test
Running com.clearspring.analytics.stream.membership.BloomFilterTest
1/11 - got 0.00706, math says 0.00819
2/11 - got 0.00322, math says 0.00509
3/11 - got 0.00223, math says 0.00314
4/11 - got 0.00173, math says 0.00194
5/11 - got 0.00111, math says 0.0012
6/11 - got 8.1E-4, math says 7.44E-4
7/11 - got 3.4E-4, math says 4.59E-4
8/11 - got 3.2E-4, math says 2.84E-4
9/11 - got 3.6E-4, math says 1.76E-4
10/11 - got 2.4E-4, math says 1.09E-4
11/11 - got 2.5E-4, math says 6.71E-5
expectedFalsePositiveProbability
Tests run: 15, Failures: 0, Errors: 0, Skipped: 4, Time elapsed: 7.92 sec - in com.clearspring.analytics.stream.membership.BloomFilterTest
Running com.clearspring.analytics.stream.TestSampleSet
Tests run: 4, Failures: 0, Errors: 0, Skipped: 0, Time elapsed: 0.002 sec - in com.clearspring.analytics.stream.TestSampleSet

Results :

Tests run: 152, Failures: 0, Errors: 0, Skipped: 12

[INFO] 
[INFO] ------------------< com.clearspring.analytics:stream >------------------
[INFO] Building stream-lib 2.9.9-SNAPSHOT
[INFO] --------------------------------[ jar ]---------------------------------
[INFO] 
[INFO] --- clover-maven-plugin:4.4.1:aggregate (default-cli) @ stream ---
[INFO] 
[INFO] ------------------< com.clearspring.analytics:stream >------------------
[INFO] Building stream-lib 2.9.9-SNAPSHOT
[INFO] --------------------------------[ jar ]---------------------------------
[INFO] 
[INFO] --- clover-maven-plugin:4.4.1:clover (default-cli) @ stream ---
[INFO] Using default-clover-report descriptor.
[INFO] Using Clover report descriptor: /var/folders/c3/vd5gtpms4730p559wddlm0zw0000gn/T/mvn344944472858259443resource
[INFO] OpenClover Version 4.4.1, built on October 11 2019 (build-1020)
[INFO] Clover is enabled with initstring '/Users/seyoung/data/repo/target/clover/clover.db'
[INFO] OpenClover Version 4.4.1, built on October 11 2019 (build-1020)
[INFO] Loading coverage database from: '/Users/seyoung/data/repo/target/clover/clover.db'
[INFO] Writing report to '/Users/seyoung/data/repo/target/site/clover/clover.xml'
[INFO] ------------------------------------------------------------------------
[INFO] BUILD SUCCESS
[INFO] ------------------------------------------------------------------------
[INFO] Total time:  07:02 min
[INFO] Finished at: 2021-11-27T15:22:10+09:00
[INFO] ------------------------------------------------------------------------
[main][10/14] cp repo/target/site/clover/clover.xml ./clover.xml
[main][11/14] python identify_tests.py
Done.
[main][12/14] mkdir -p clover
[main][13/14] bash tests.sh
[test][1/142] com.clearspring.analytics.hash.TestLookup3Hash#testEqualsLOOKUP3
[test][2/142] com.clearspring.analytics.hash.TestLookup3Hash#testHash
[test][3/142] com.clearspring.analytics.hash.TestMurmurHash#testHash
[test][4/142] com.clearspring.analytics.hash.TestMurmurHash#testHash64
[test][5/142] com.clearspring.analytics.hash.TestMurmurHash#testHash64ByteArrayOverload
[test][6/142] com.clearspring.analytics.hash.TestMurmurHash#testHashByteArrayOverload
[test][7/142] com.clearspring.analytics.stream.TestConcurrentStreamSummary#testGeometricDistribution
[test][8/142] com.clearspring.analytics.stream.TestConcurrentStreamSummary#testStreamSummary
[test][9/142] com.clearspring.analytics.stream.TestConcurrentStreamSummary#testTopK
[test][10/142] com.clearspring.analytics.stream.TestConcurrentStreamSummary#testTopKWithIncrement
[test][11/142] com.clearspring.analytics.stream.TestSampleSet#testPeekK
[test][12/142] com.clearspring.analytics.stream.TestSampleSet#testPut
[test][13/142] com.clearspring.analytics.stream.TestSampleSet#testPutWithIncrement
[test][14/142] com.clearspring.analytics.stream.TestSampleSet#testRemoveMin
[test][15/142] com.clearspring.analytics.stream.TestStochasticTopper#testGaussianDistribution
[test][16/142] com.clearspring.analytics.stream.TestStochasticTopper#testGeometricDistribution
[test][17/142] com.clearspring.analytics.stream.TestStochasticTopper#testRandomEngine
[test][18/142] com.clearspring.analytics.stream.TestStochasticTopper#testZipfianDistribution
[test][19/142] com.clearspring.analytics.stream.TestStreamSummary#testByteSerialization
[test][20/142] com.clearspring.analytics.stream.TestStreamSummary#testCounterSerialization
[test][21/142] com.clearspring.analytics.stream.TestStreamSummary#testGeometricDistribution
[test][22/142] com.clearspring.analytics.stream.TestStreamSummary#testSerialization
[test][23/142] com.clearspring.analytics.stream.TestStreamSummary#testStreamSummary
[test][24/142] com.clearspring.analytics.stream.TestStreamSummary#testTopK
[test][25/142] com.clearspring.analytics.stream.TestStreamSummary#testTopKWithIncrement
[test][26/142] com.clearspring.analytics.stream.TestStreamSummary#testTopKWithIncrementOutOfOrder
[test][27/142] com.clearspring.analytics.stream.cardinality.RegisterSetTest#testGetAndSet
[test][28/142] com.clearspring.analytics.stream.cardinality.RegisterSetTest#testGetAndSet_allPositions
[test][29/142] com.clearspring.analytics.stream.cardinality.RegisterSetTest#testGetAndSet_withSmallBits
[test][30/142] com.clearspring.analytics.stream.cardinality.RegisterSetTest#testMerge
[test][31/142] com.clearspring.analytics.stream.cardinality.RegisterSetTest#testMergeUsingUpdate
[test][32/142] com.clearspring.analytics.stream.cardinality.TestAdaptiveCounting#testJ
[test][33/142] com.clearspring.analytics.stream.cardinality.TestAdaptiveCounting#testMerge
[test][34/142] com.clearspring.analytics.stream.cardinality.TestAdaptiveCounting#testRho
[test][35/142] com.clearspring.analytics.stream.cardinality.TestAdaptiveCounting#testRhoL
[test][36/142] com.clearspring.analytics.stream.cardinality.TestAdaptiveCounting#testSerialization
[test][37/142] com.clearspring.analytics.stream.cardinality.TestCountThenEstimate#testAdaptiveCountingSerialization
[test][38/142] com.clearspring.analytics.stream.cardinality.TestCountThenEstimate#testAdaptiveCountingSerialization_withHyperLogLog
[test][39/142] com.clearspring.analytics.stream.cardinality.TestCountThenEstimate#testHyperLogLogSerialization
[test][40/142] com.clearspring.analytics.stream.cardinality.TestCountThenEstimate#testLinearCountingSerialization
[test][41/142] com.clearspring.analytics.stream.cardinality.TestCountThenEstimate#testMerge
[test][42/142] com.clearspring.analytics.stream.cardinality.TestCountThenEstimate#testSmallMerge
[test][43/142] com.clearspring.analytics.stream.cardinality.TestCountThenEstimate#testTip
[test][44/142] com.clearspring.analytics.stream.cardinality.TestHyperLogLog#testComputeCount
[test][45/142] com.clearspring.analytics.stream.cardinality.TestHyperLogLog#testHighCardinality
[test][46/142] com.clearspring.analytics.stream.cardinality.TestHyperLogLog#testHighCardinality_withDefinedRSD
[test][47/142] com.clearspring.analytics.stream.cardinality.TestHyperLogLog#testMerge
[test][48/142] com.clearspring.analytics.stream.cardinality.TestHyperLogLog#testMergeWithRegisterSet
[test][49/142] com.clearspring.analytics.stream.cardinality.TestHyperLogLog#testSerialization
[test][50/142] com.clearspring.analytics.stream.cardinality.TestHyperLogLog#testSerializationUsingBuilder
[test][51/142] com.clearspring.analytics.stream.cardinality.TestHyperLogLogPlus#consistentBytes
[test][52/142] com.clearspring.analytics.stream.cardinality.TestHyperLogLogPlus#testComputeCount
[test][53/142] com.clearspring.analytics.stream.cardinality.TestHyperLogLogPlus#testEquals
[test][54/142] com.clearspring.analytics.stream.cardinality.TestHyperLogLogPlus#testHighCardinality
[test][55/142] com.clearspring.analytics.stream.cardinality.TestHyperLogLogPlus#testHighPrecisionInitialization
[test][56/142] com.clearspring.analytics.stream.cardinality.TestHyperLogLogPlus#testLegacyCodec_normal
[test][57/142] com.clearspring.analytics.stream.cardinality.TestHyperLogLogPlus#testLegacyCodec_sparse
[test][58/142] com.clearspring.analytics.stream.cardinality.TestHyperLogLogPlus#testMergeSelf
[test][59/142] com.clearspring.analytics.stream.cardinality.TestHyperLogLogPlus#testMergeSelf_forceNormal
[test][60/142] com.clearspring.analytics.stream.cardinality.TestHyperLogLogPlus#testMerge_ManySparse
[test][61/142] com.clearspring.analytics.stream.cardinality.TestHyperLogLogPlus#testMerge_Normal
[test][62/142] com.clearspring.analytics.stream.cardinality.TestHyperLogLogPlus#testMerge_Sparse
[test][63/142] com.clearspring.analytics.stream.cardinality.TestHyperLogLogPlus#testMerge_SparseIntersection
[test][64/142] com.clearspring.analytics.stream.cardinality.TestHyperLogLogPlus#testOne
[test][65/142] com.clearspring.analytics.stream.cardinality.TestHyperLogLogPlus#testSerialization
[test][66/142] com.clearspring.analytics.stream.cardinality.TestHyperLogLogPlus#testSerializationWithNewSortMethod
[test][67/142] com.clearspring.analytics.stream.cardinality.TestHyperLogLogPlus#testSerialization_Normal
[test][68/142] com.clearspring.analytics.stream.cardinality.TestHyperLogLogPlus#testSerialization_Sparse
[test][69/142] com.clearspring.analytics.stream.cardinality.TestHyperLogLogPlus#testSmallCardinalityRepeatedInsert
[test][70/142] com.clearspring.analytics.stream.cardinality.TestHyperLogLogPlus#testSortEncodedSet
[test][71/142] com.clearspring.analytics.stream.cardinality.TestHyperLogLogPlus#testSparseSpace
[test][72/142] com.clearspring.analytics.stream.cardinality.TestICardinality#testICardinality
[test][73/142] com.clearspring.analytics.stream.cardinality.TestICardinality#testOffer
[test][74/142] com.clearspring.analytics.stream.cardinality.TestLinearCounting#testArbitraryStdErrorSize
[test][75/142] com.clearspring.analytics.stream.cardinality.TestLinearCounting#testBuilder
[test][76/142] com.clearspring.analytics.stream.cardinality.TestLinearCounting#testBuilderIllegalArgumentNegative
[test][77/142] com.clearspring.analytics.stream.cardinality.TestLinearCounting#testBuilderIllegalArgumentZero
[test][78/142] com.clearspring.analytics.stream.cardinality.TestLinearCounting#testComputeCount
[test][79/142] com.clearspring.analytics.stream.cardinality.TestLinearCounting#testMerge
[test][80/142] com.clearspring.analytics.stream.cardinality.TestLinearCounting#testSaturation
[test][81/142] com.clearspring.analytics.stream.cardinality.TestLinearCounting#testSerialization
[test][82/142] com.clearspring.analytics.stream.cardinality.TestLogLog#testHighCardinality
[test][83/142] com.clearspring.analytics.stream.cardinality.TestLogLog#testHighCardinalityHighOrder
[test][84/142] com.clearspring.analytics.stream.cardinality.TestLogLog#testMerge
[test][85/142] com.clearspring.analytics.stream.cardinality.TestLogLog#testSerialization
[test][86/142] com.clearspring.analytics.stream.frequency.ConservativeAddSketchTest#merge
[test][87/142] com.clearspring.analytics.stream.frequency.ConservativeAddSketchTest#testAccuracy
[test][88/142] com.clearspring.analytics.stream.frequency.ConservativeAddSketchTest#testAccuracyStrings
[test][89/142] com.clearspring.analytics.stream.frequency.CountMinSketchTest#merge
[test][90/142] com.clearspring.analytics.stream.frequency.CountMinSketchTest#negativeSize
[test][91/142] com.clearspring.analytics.stream.frequency.CountMinSketchTest#sizeOverflow
[test][92/142] com.clearspring.analytics.stream.frequency.CountMinSketchTest#testAccuracy
[test][93/142] com.clearspring.analytics.stream.frequency.CountMinSketchTest#testAccuracyStrings
[test][94/142] com.clearspring.analytics.stream.frequency.CountMinSketchTest#testEquals
[test][95/142] com.clearspring.analytics.stream.frequency.CountMinSketchTest#testMergeEmpty
[test][96/142] com.clearspring.analytics.stream.frequency.CountMinSketchTest#testSerializationForConfidenceCms
[test][97/142] com.clearspring.analytics.stream.frequency.CountMinSketchTest#testSerializationForDepthCms
[test][98/142] com.clearspring.analytics.stream.frequency.CountMinSketchTest#testSize
[test][99/142] com.clearspring.analytics.stream.frequency.CountMinSketchTest#testSizeCanStoreLong
[test][100/142] com.clearspring.analytics.stream.frequency.CountMinSketchTest#testToString
[test][101/142] com.clearspring.analytics.stream.frequency.CountMinSketchTest#testUncompatibleMerge
[test][102/142] com.clearspring.analytics.stream.membership.Base64Test#testBase64EncodedBloomFilter
[test][103/142] com.clearspring.analytics.stream.membership.BloomFilterTest#testFalsePositiveRate
[test][104/142] com.clearspring.analytics.stream.membership.BloomFilterTest#testFalsePositivesInt
[test][105/142] com.clearspring.analytics.stream.membership.BloomFilterTest#testFalsePositivesRandom
[test][106/142] com.clearspring.analytics.stream.membership.BloomFilterTest#testGetFalsePositiveProbability
[test][107/142] com.clearspring.analytics.stream.membership.BloomFilterTest#testHashCount
[test][108/142] com.clearspring.analytics.stream.membership.BloomFilterTest#testMerge
[test][109/142] com.clearspring.analytics.stream.membership.BloomFilterTest#testMergeException
[test][110/142] com.clearspring.analytics.stream.membership.BloomFilterTest#testOne
[test][111/142] com.clearspring.analytics.stream.membership.BloomFilterTest#testSerialize
[test][112/142] com.clearspring.analytics.stream.membership.BloomFilterTest#testSizing
[test][113/142] com.clearspring.analytics.stream.membership.BloomFilterTest#testWords
[test][114/142] com.clearspring.analytics.stream.membership.FilterTest#testManyRandom
[test][115/142] com.clearspring.analytics.stream.quantile.GroupTreeTest#testBalancing
[test][116/142] com.clearspring.analytics.stream.quantile.GroupTreeTest#testFloor
[test][117/142] com.clearspring.analytics.stream.quantile.GroupTreeTest#testIterators
[test][118/142] com.clearspring.analytics.stream.quantile.GroupTreeTest#testRandomRebalance
[test][119/142] com.clearspring.analytics.stream.quantile.GroupTreeTest#testRemoveAndSums
[test][120/142] com.clearspring.analytics.stream.quantile.GroupTreeTest#testSimpleAdds
[test][121/142] com.clearspring.analytics.stream.quantile.QDigestTest#testComprehensiveOnMixture
[test][122/142] com.clearspring.analytics.stream.quantile.QDigestTest#testMerge
[test][123/142] com.clearspring.analytics.stream.quantile.QDigestTest#testSerialization
[test][124/142] com.clearspring.analytics.stream.quantile.TDigestTest#compareToQDigest
[test][125/142] com.clearspring.analytics.stream.quantile.TDigestTest#testGamma
[test][126/142] com.clearspring.analytics.stream.quantile.TDigestTest#testIntEncoding
[test][127/142] com.clearspring.analytics.stream.quantile.TDigestTest#testMerge
[test][128/142] com.clearspring.analytics.stream.quantile.TDigestTest#testNarrowNormal
[test][129/142] com.clearspring.analytics.stream.quantile.TDigestTest#testRepeatedValues
[test][130/142] com.clearspring.analytics.stream.quantile.TDigestTest#testScaling
[test][131/142] com.clearspring.analytics.stream.quantile.TDigestTest#testSequentialPoints
[test][132/142] com.clearspring.analytics.stream.quantile.TDigestTest#testSerialization
[test][133/142] com.clearspring.analytics.stream.quantile.TDigestTest#testSetUp
[test][134/142] com.clearspring.analytics.stream.quantile.TDigestTest#testSizeControl
[test][135/142] com.clearspring.analytics.stream.quantile.TDigestTest#testUniform
[test][136/142] com.clearspring.analytics.util.TestDoublyLinkedList#testAdd
[test][137/142] com.clearspring.analytics.util.TestDoublyLinkedList#testAddAfter
[test][138/142] com.clearspring.analytics.util.TestDoublyLinkedList#testAddNode
[test][139/142] com.clearspring.analytics.util.TestDoublyLinkedList#testConcurrentModification
[test][140/142] com.clearspring.analytics.util.TestDoublyLinkedList#testDoublyLinkedList
[test][141/142] com.clearspring.analytics.util.TestDoublyLinkedList#testEnqueue
[test][142/142] com.clearspring.analytics.util.TestDoublyLinkedList#testRemove
[main][14/14] python parse_data.py
  0%|          | 0/142 [00:00<?, ?it/s]  7%|▋         | 10/142 [00:00<00:01, 97.65it/s] 14%|█▍        | 20/142 [00:00<00:01, 98.05it/s] 22%|██▏       | 31/142 [00:00<00:01, 98.16it/s] 29%|██▉       | 41/142 [00:00<00:01, 97.86it/s] 36%|███▌      | 51/142 [00:00<00:00, 98.24it/s] 43%|████▎     | 61/142 [00:00<00:00, 98.20it/s] 50%|█████     | 71/142 [00:00<00:00, 98.23it/s] 58%|█████▊    | 82/142 [00:00<00:00, 99.72it/s] 65%|██████▍   | 92/142 [00:00<00:00, 99.68it/s] 72%|███████▏  | 102/142 [00:01<00:00, 99.60it/s] 79%|███████▉  | 112/142 [00:01<00:00, 98.41it/s] 86%|████████▌ | 122/142 [00:01<00:00, 98.65it/s] 93%|█████████▎| 132/142 [00:01<00:00, 98.53it/s]100%|██████████| 142/142 [00:01<00:00, 98.83it/s]
except: com.clearspring.analytics.stream.cardinality.TestICardinality#testICardinality
except: com.clearspring.analytics.stream.cardinality.TestICardinality#testOffer
except: com.clearspring.analytics.stream.quantile.TDigestTest#testSetUp
Done.
