[main][1/14] rm -rf repo clover clover.xml git.log tests.sh
[main][2/14] git clone --depth 1 --recursive https://github.com/apache/commons-cli repo
'repo'에 복제합니다...
[main][3/14] java -version
openjdk version "1.8.0_312"
OpenJDK Runtime Environment (Zulu 8.58.0.13-CA-macos-aarch64) (build 1.8.0_312-b07)
OpenJDK 64-Bit Server VM (Zulu 8.58.0.13-CA-macos-aarch64) (build 25.312-b07, mixed mode)
[main][4/14] mvn --version
Apache Maven 3.8.4 (9b656c72d54e5bacbed989b64718c159fe39b537)
Maven home: /opt/homebrew/Cellar/maven/3.8.4/libexec
Java version: 1.8.0_312, vendor: Azul Systems, Inc., runtime: /Library/Java/JavaVirtualMachines/zulu-8.jdk/Contents/Home/jre
Default locale: ko_KR, platform encoding: UTF-8
OS name: "mac os x", version: "11.6", arch: "aarch64", family: "mac"
[main][5/14] git --version
git version 2.33.1
[main][6/14] git --git-dir repo/.git config --get remote.origin.url > git.log
[main][7/14] git --git-dir repo/.git log -n 1 --format=%ct%n%H >> git.log
[main][8/14] mvn --file repo/pom.xml --fail-never clean test
[INFO] Scanning for projects...
[INFO] 
[INFO] ----------------------< commons-cli:commons-cli >-----------------------
[INFO] Building Apache Commons CLI 1.6-SNAPSHOT
[INFO] --------------------------------[ jar ]---------------------------------
Downloading from central: https://repo.maven.apache.org/maven2/org/apache/maven/plugins/maven-antrun-plugin/3.0.0/maven-antrun-plugin-3.0.0.pom
Downloaded from central: https://repo.maven.apache.org/maven2/org/apache/maven/plugins/maven-antrun-plugin/3.0.0/maven-antrun-plugin-3.0.0.pom (0 B at 0 B/s)
Downloading from central: https://repo.maven.apache.org/maven2/org/apache/maven/plugins/maven-antrun-plugin/3.0.0/maven-antrun-plugin-3.0.0.jar
Downloaded from central: https://repo.maven.apache.org/maven2/org/apache/maven/plugins/maven-antrun-plugin/3.0.0/maven-antrun-plugin-3.0.0.jar (0 B at 0 B/s)
Downloading from central: https://repo.maven.apache.org/maven2/junit/junit/4.13.2/junit-4.13.2.pom
Progress (1): 2.7/27 kBProgress (1): 5.5/27 kBProgress (1): 8.2/27 kBProgress (1): 11/27 kB Progress (1): 14/27 kBProgress (1): 16/27 kBProgress (1): 19/27 kBProgress (1): 22/27 kBProgress (1): 25/27 kBProgress (1): 27 kB                      Downloaded from central: https://repo.maven.apache.org/maven2/junit/junit/4.13.2/junit-4.13.2.pom (27 kB at 80 kB/s)
Downloading from central: https://repo.maven.apache.org/maven2/junit/junit/4.13.2/junit-4.13.2.jar
Progress (1): 2.7/385 kBProgress (1): 5.5/385 kBProgress (1): 8.2/385 kBProgress (1): 11/385 kB Progress (1): 14/385 kBProgress (1): 16/385 kBProgress (1): 19/385 kBProgress (1): 22/385 kBProgress (1): 25/385 kBProgress (1): 27/385 kBProgress (1): 30/385 kBProgress (1): 33/385 kBProgress (1): 36/385 kBProgress (1): 40/385 kBProgress (1): 44/385 kBProgress (1): 48/385 kBProgress (1): 52/385 kBProgress (1): 56/385 kBProgress (1): 60/385 kBProgress (1): 64/385 kBProgress (1): 68/385 kBProgress (1): 73/385 kBProgress (1): 77/385 kBProgress (1): 81/385 kBProgress (1): 85/385 kBProgress (1): 89/385 kBProgress (1): 93/385 kBProgress (1): 97/385 kBProgress (1): 101/385 kBProgress (1): 105/385 kBProgress (1): 109/385 kBProgress (1): 113/385 kBProgress (1): 117/385 kBProgress (1): 121/385 kBProgress (1): 125/385 kBProgress (1): 130/385 kBProgress (1): 134/385 kBProgress (1): 138/385 kBProgress (1): 142/385 kBProgress (1): 146/385 kBProgress (1): 150/385 kBProgress (1): 154/385 kBProgress (1): 158/385 kBProgress (1): 162/385 kBProgress (1): 166/385 kBProgress (1): 171/385 kBProgress (1): 175/385 kBProgress (1): 179/385 kBProgress (1): 183/385 kBProgress (1): 187/385 kBProgress (1): 191/385 kBProgress (1): 195/385 kBProgress (1): 199/385 kBProgress (1): 203/385 kBProgress (1): 207/385 kBProgress (1): 211/385 kBProgress (1): 216/385 kBProgress (1): 220/385 kBProgress (1): 224/385 kBProgress (1): 228/385 kBProgress (1): 232/385 kBProgress (1): 236/385 kBProgress (1): 240/385 kBProgress (1): 244/385 kBProgress (1): 248/385 kBProgress (1): 252/385 kBProgress (1): 257/385 kBProgress (1): 261/385 kBProgress (1): 265/385 kBProgress (1): 269/385 kBProgress (1): 273/385 kBProgress (1): 277/385 kBProgress (1): 281/385 kBProgress (1): 285/385 kBProgress (1): 289/385 kBProgress (1): 293/385 kBProgress (1): 298/385 kBProgress (1): 302/385 kBProgress (1): 306/385 kBProgress (1): 310/385 kBProgress (1): 314/385 kBProgress (1): 318/385 kBProgress (1): 322/385 kBProgress (1): 326/385 kBProgress (1): 328/385 kBProgress (1): 332/385 kBProgress (1): 337/385 kBProgress (1): 341/385 kBProgress (1): 345/385 kBProgress (1): 349/385 kBProgress (1): 353/385 kBProgress (1): 357/385 kBProgress (1): 361/385 kBProgress (1): 365/385 kBProgress (1): 369/385 kBProgress (1): 373/385 kBProgress (1): 378/385 kBProgress (1): 382/385 kBProgress (1): 385 kB                        Downloaded from central: https://repo.maven.apache.org/maven2/junit/junit/4.13.2/junit-4.13.2.jar (385 kB at 538 kB/s)
[INFO] 
[INFO] --- maven-clean-plugin:3.1.0:clean (default-clean) @ commons-cli ---
[INFO] 
[INFO] --- maven-enforcer-plugin:3.0.0-M3:enforce (enforce-maven-version) @ commons-cli ---
[INFO] 
[INFO] --- maven-enforcer-plugin:3.0.0-M3:enforce (enforce-maven-3) @ commons-cli ---
[INFO] 
[INFO] --- apache-rat-plugin:0.13:check (rat-check) @ commons-cli ---
[INFO] Enabled default license matchers.
[INFO] Will parse SCM ignores for exclusions...
[INFO] Parsing exclusions from /Users/seyoung/data/repo/.gitignore
[INFO] Finished adding exclusions from SCM ignore files.
[INFO] 76 implicit excludes (use -debug for more details).
[INFO] 10 explicit excludes (use -debug for more details).
[INFO] 97 resources included (use -debug for more details)
[INFO] Rat check: Summary over all files. Unapproved: 0, unknown: 0, generated: 0, approved: 90 licenses.
[INFO] 
[INFO] --- build-helper-maven-plugin:3.2.0:parse-version (parse-version) @ commons-cli ---
[INFO] 
[INFO] --- maven-antrun-plugin:3.0.0:run (javadoc.resources) @ commons-cli ---
Downloading from central: https://repo.maven.apache.org/maven2/org/apache/ant/ant/1.9.14/ant-1.9.14.pom
Progress (1): 4.1/10.0 kBProgress (1): 8.2/10.0 kBProgress (1): 10.0 kB                         Downloaded from central: https://repo.maven.apache.org/maven2/org/apache/ant/ant/1.9.14/ant-1.9.14.pom (10.0 kB at 36 kB/s)
Downloading from central: https://repo.maven.apache.org/maven2/org/apache/ant/ant-parent/1.9.14/ant-parent-1.9.14.pom
Progress (1): 4.1/5.6 kBProgress (1): 5.6 kB                        Downloaded from central: https://repo.maven.apache.org/maven2/org/apache/ant/ant-parent/1.9.14/ant-parent-1.9.14.pom (5.6 kB at 21 kB/s)
Downloading from central: https://repo.maven.apache.org/maven2/org/apache/ant/ant-launcher/1.9.14/ant-launcher-1.9.14.pom
Progress (1): 2.3 kB                    Downloaded from central: https://repo.maven.apache.org/maven2/org/apache/ant/ant-launcher/1.9.14/ant-launcher-1.9.14.pom (2.3 kB at 8.5 kB/s)
Downloading from central: https://repo.maven.apache.org/maven2/org/apache/ant/ant/1.9.14/ant-1.9.14.jar
Downloading from central: https://repo.maven.apache.org/maven2/org/apache/ant/ant-launcher/1.9.14/ant-launcher-1.9.14.jar
Progress (1): 0/2.1 MBProgress (1): 0/2.1 MBProgress (1): 0/2.1 MBProgress (1): 0.1/2.1 MBProgress (1): 0.1/2.1 MBProgress (1): 0.1/2.1 MBProgress (1): 0.1/2.1 MBProgress (1): 0.1/2.1 MBProgress (1): 0.1/2.1 MBProgress (1): 0.2/2.1 MBProgress (1): 0.2/2.1 MBProgress (1): 0.2/2.1 MBProgress (1): 0.2/2.1 MBProgress (1): 0.2/2.1 MBProgress (1): 0.2/2.1 MBProgress (1): 0.3/2.1 MBProgress (1): 0.3/2.1 MBProgress (1): 0.3/2.1 MBProgress (1): 0.3/2.1 MBProgress (1): 0.3/2.1 MBProgress (1): 0.3/2.1 MBProgress (1): 0.4/2.1 MBProgress (1): 0.4/2.1 MBProgress (1): 0.4/2.1 MBProgress (1): 0.4/2.1 MBProgress (1): 0.4/2.1 MBProgress (1): 0.4/2.1 MBProgress (1): 0.5/2.1 MBProgress (1): 0.5/2.1 MBProgress (1): 0.5/2.1 MBProgress (1): 0.5/2.1 MBProgress (1): 0.5/2.1 MBProgress (1): 0.5/2.1 MBProgress (1): 0.6/2.1 MBProgress (1): 0.6/2.1 MBProgress (1): 0.6/2.1 MBProgress (1): 0.6/2.1 MBProgress (1): 0.6/2.1 MBProgress (1): 0.6/2.1 MBProgress (1): 0.7/2.1 MBProgress (1): 0.7/2.1 MBProgress (1): 0.7/2.1 MBProgress (1): 0.7/2.1 MBProgress (1): 0.7/2.1 MBProgress (1): 0.7/2.1 MBProgress (1): 0.8/2.1 MBProgress (1): 0.8/2.1 MBProgress (1): 0.8/2.1 MBProgress (1): 0.8/2.1 MBProgress (1): 0.8/2.1 MBProgress (1): 0.8/2.1 MBProgress (2): 0.8/2.1 MB | 2.7/18 kBProgress (2): 0.8/2.1 MB | 5.5/18 kBProgress (2): 0.8/2.1 MB | 8.2/18 kBProgress (2): 0.8/2.1 MB | 11/18 kB Progress (2): 0.8/2.1 MB | 14/18 kBProgress (2): 0.8/2.1 MB | 16/18 kBProgress (2): 0.8/2.1 MB | 18 kB   Progress (2): 0.9/2.1 MB | 18 kBProgress (2): 0.9/2.1 MB | 18 kBProgress (2): 0.9/2.1 MB | 18 kBProgress (2): 0.9/2.1 MB | 18 kBProgress (2): 0.9/2.1 MB | 18 kBProgress (2): 0.9/2.1 MB | 18 kBProgress (2): 1.0/2.1 MB | 18 kBProgress (2): 1.0/2.1 MB | 18 kBProgress (2): 1.0/2.1 MB | 18 kBProgress (2): 1.0/2.1 MB | 18 kBProgress (2): 1.0/2.1 MB | 18 kBProgress (2): 1.0/2.1 MB | 18 kBProgress (2): 1.0/2.1 MB | 18 kBProgress (2): 1.1/2.1 MB | 18 kBProgress (2): 1.1/2.1 MB | 18 kBProgress (2): 1.1/2.1 MB | 18 kBProgress (2): 1.1/2.1 MB | 18 kBProgress (2): 1.1/2.1 MB | 18 kBProgress (2): 1.1/2.1 MB | 18 kBProgress (2): 1.2/2.1 MB | 18 kBProgress (2): 1.2/2.1 MB | 18 kBProgress (2): 1.2/2.1 MB | 18 kBProgress (2): 1.2/2.1 MB | 18 kBProgress (2): 1.2/2.1 MB | 18 kBProgress (2): 1.2/2.1 MB | 18 kBProgress (2): 1.3/2.1 MB | 18 kBProgress (2): 1.3/2.1 MB | 18 kBProgress (2): 1.3/2.1 MB | 18 kBProgress (2): 1.3/2.1 MB | 18 kBProgress (2): 1.3/2.1 MB | 18 kBProgress (2): 1.3/2.1 MB | 18 kBProgress (2): 1.4/2.1 MB | 18 kBProgress (2): 1.4/2.1 MB | 18 kBProgress (2): 1.4/2.1 MB | 18 kBProgress (2): 1.4/2.1 MB | 18 kBProgress (2): 1.4/2.1 MB | 18 kBProgress (2): 1.4/2.1 MB | 18 kBProgress (2): 1.5/2.1 MB | 18 kBProgress (2): 1.5/2.1 MB | 18 kBProgress (2): 1.5/2.1 MB | 18 kBProgress (2): 1.5/2.1 MB | 18 kBProgress (2): 1.5/2.1 MB | 18 kBProgress (2): 1.5/2.1 MB | 18 kBProgress (2): 1.6/2.1 MB | 18 kBProgress (2): 1.6/2.1 MB | 18 kBProgress (2): 1.6/2.1 MB | 18 kBProgress (2): 1.6/2.1 MB | 18 kBProgress (2): 1.6/2.1 MB | 18 kBProgress (2): 1.6/2.1 MB | 18 kBProgress (2): 1.7/2.1 MB | 18 kBProgress (2): 1.7/2.1 MB | 18 kBProgress (2): 1.7/2.1 MB | 18 kBProgress (2): 1.7/2.1 MB | 18 kBProgress (2): 1.7/2.1 MB | 18 kBProgress (2): 1.7/2.1 MB | 18 kBProgress (2): 1.8/2.1 MB | 18 kBProgress (2): 1.8/2.1 MB | 18 kBProgress (2): 1.8/2.1 MB | 18 kBProgress (2): 1.8/2.1 MB | 18 kBProgress (2): 1.8/2.1 MB | 18 kBProgress (2): 1.8/2.1 MB | 18 kBProgress (2): 1.9/2.1 MB | 18 kBProgress (2): 1.9/2.1 MB | 18 kBProgress (2): 1.9/2.1 MB | 18 kBProgress (2): 1.9/2.1 MB | 18 kBProgress (2): 1.9/2.1 MB | 18 kBProgress (2): 1.9/2.1 MB | 18 kBProgress (2): 1.9/2.1 MB | 18 kBProgress (2): 2.0/2.1 MB | 18 kBProgress (2): 2.0/2.1 MB | 18 kBProgress (2): 2.0/2.1 MB | 18 kBProgress (2): 2.0/2.1 MB | 18 kBProgress (2): 2.0/2.1 MB | 18 kBProgress (2): 2.0/2.1 MB | 18 kBProgress (2): 2.1/2.1 MB | 18 kBProgress (2): 2.1 MB | 18 kB                                Downloaded from central: https://repo.maven.apache.org/maven2/org/apache/ant/ant-launcher/1.9.14/ant-launcher-1.9.14.jar (18 kB at 33 kB/s)
Downloaded from central: https://repo.maven.apache.org/maven2/org/apache/ant/ant/1.9.14/ant-1.9.14.jar (2.1 MB at 3.0 MB/s)
[INFO] Executing tasks
[INFO]      [copy] Copying 2 files to /Users/seyoung/data/repo/target/apidocs/META-INF
[INFO] Executed tasks
[INFO] 
[INFO] --- maven-remote-resources-plugin:1.7.0:process (process-resource-bundles) @ commons-cli ---
[INFO] Skipping remote resources execution.
[INFO] 
[INFO] --- buildnumber-maven-plugin:1.4:create (default) @ commons-cli ---
[INFO] Executing: /bin/sh -c cd '/Users/seyoung/data/repo' && 'git' 'rev-parse' '--verify' 'HEAD'
[INFO] Working directory: /Users/seyoung/data/repo
[INFO] Storing buildNumber: ae7bc3f3cf57cabf3e663ba5df76affa36633255 at timestamp: 1637996038764
[INFO] Storing buildScmBranch: master
[INFO] 
[INFO] --- maven-resources-plugin:3.1.0:resources (default-resources) @ commons-cli ---
[INFO] Using 'utf-8' encoding to copy filtered resources.
[INFO] skip non existing resourceDirectory /Users/seyoung/data/repo/src/main/resources
[INFO] Copying 2 resources to META-INF
[INFO] 
[INFO] --- maven-compiler-plugin:3.8.1:compile (default-compile) @ commons-cli ---
[INFO] Changes detected - recompiling the module!
[INFO] Compiling 23 source files to /Users/seyoung/data/repo/target/classes
[INFO] /Users/seyoung/data/repo/src/main/java/org/apache/commons/cli/Parser.java: Some input files use unchecked or unsafe operations.
[INFO] /Users/seyoung/data/repo/src/main/java/org/apache/commons/cli/Parser.java: Recompile with -Xlint:unchecked for details.
[INFO] 
[INFO] --- maven-bundle-plugin:5.1.2:manifest (bundle-manifest) @ commons-cli ---
Downloading from central: https://repo.maven.apache.org/maven2/biz/aQute/bnd/biz.aQute.bndlib/6.0.0/biz.aQute.bndlib-6.0.0.pom
Progress (1): 4.1/4.7 kBProgress (1): 4.7 kB                        Downloaded from central: https://repo.maven.apache.org/maven2/biz/aQute/bnd/biz.aQute.bndlib/6.0.0/biz.aQute.bndlib-6.0.0.pom (4.7 kB at 16 kB/s)
Downloading from central: https://repo.maven.apache.org/maven2/biz/aQute/bnd/biz.aQute.bnd.util/6.0.0/biz.aQute.bnd.util-6.0.0.pom
Progress (1): 2.7 kB                    Downloaded from central: https://repo.maven.apache.org/maven2/biz/aQute/bnd/biz.aQute.bnd.util/6.0.0/biz.aQute.bnd.util-6.0.0.pom (2.7 kB at 9.8 kB/s)
Downloading from central: https://repo.maven.apache.org/maven2/biz/aQute/bnd/biz.aQute.bndlib/6.0.0/biz.aQute.bndlib-6.0.0.jar
Downloading from central: https://repo.maven.apache.org/maven2/biz/aQute/bnd/biz.aQute.bnd.util/6.0.0/biz.aQute.bnd.util-6.0.0.jar
Progress (1): 4.1/406 kBProgress (1): 8.2/406 kBProgress (1): 12/406 kB Progress (1): 16/406 kBProgress (1): 20/406 kBProgress (1): 25/406 kBProgress (1): 29/406 kBProgress (1): 33/406 kBProgress (1): 37/406 kBProgress (1): 41/406 kBProgress (1): 45/406 kBProgress (1): 49/406 kBProgress (1): 53/406 kBProgress (1): 57/406 kBProgress (1): 61/406 kBProgress (1): 66/406 kBProgress (1): 70/406 kBProgress (1): 74/406 kBProgress (1): 78/406 kBProgress (1): 82/406 kBProgress (1): 86/406 kBProgress (1): 90/406 kBProgress (1): 94/406 kBProgress (1): 98/406 kBProgress (1): 102/406 kBProgress (1): 106/406 kBProgress (1): 111/406 kBProgress (1): 115/406 kBProgress (1): 119/406 kBProgress (1): 123/406 kBProgress (1): 127/406 kBProgress (1): 131/406 kBProgress (1): 135/406 kBProgress (1): 139/406 kBProgress (1): 143/406 kBProgress (1): 147/406 kBProgress (1): 152/406 kBProgress (1): 156/406 kBProgress (1): 160/406 kBProgress (1): 164/406 kBProgress (1): 168/406 kBProgress (1): 172/406 kBProgress (1): 176/406 kBProgress (1): 180/406 kBProgress (1): 184/406 kBProgress (1): 188/406 kBProgress (1): 193/406 kBProgress (1): 197/406 kBProgress (1): 201/406 kBProgress (1): 205/406 kBProgress (1): 209/406 kBProgress (1): 213/406 kBProgress (1): 217/406 kBProgress (1): 221/406 kBProgress (1): 225/406 kBProgress (1): 229/406 kBProgress (1): 233/406 kBProgress (1): 238/406 kBProgress (1): 242/406 kBProgress (1): 246/406 kBProgress (1): 250/406 kBProgress (1): 254/406 kBProgress (1): 258/406 kBProgress (1): 262/406 kBProgress (1): 266/406 kBProgress (1): 270/406 kBProgress (1): 274/406 kBProgress (1): 279/406 kBProgress (1): 283/406 kBProgress (1): 287/406 kBProgress (1): 291/406 kBProgress (1): 295/406 kBProgress (1): 299/406 kBProgress (1): 303/406 kBProgress (1): 307/406 kBProgress (1): 311/406 kBProgress (1): 315/406 kBProgress (1): 319/406 kBProgress (1): 324/406 kBProgress (1): 328/406 kBProgress (1): 332/406 kBProgress (1): 336/406 kBProgress (1): 340/406 kBProgress (1): 344/406 kBProgress (1): 348/406 kBProgress (1): 352/406 kBProgress (1): 356/406 kBProgress (1): 360/406 kBProgress (1): 365/406 kBProgress (1): 369/406 kBProgress (1): 373/406 kBProgress (1): 377/406 kBProgress (1): 381/406 kBProgress (1): 385/406 kBProgress (1): 389/406 kBProgress (1): 393/406 kBProgress (1): 397/406 kBProgress (1): 401/406 kBProgress (1): 406/406 kBProgress (1): 406 kB    Progress (2): 406 kB | 0/3.5 MBProgress (2): 406 kB | 0/3.5 MB                               Downloaded from central: https://repo.maven.apache.org/maven2/biz/aQute/bnd/biz.aQute.bnd.util/6.0.0/biz.aQute.bnd.util-6.0.0.jar (406 kB at 1.5 MB/s)
Progress (1): 0.1/3.5 MBProgress (1): 0.1/3.5 MBProgress (1): 0.1/3.5 MBProgress (1): 0.1/3.5 MBProgress (1): 0.1/3.5 MBProgress (1): 0.1/3.5 MBProgress (1): 0.2/3.5 MBProgress (1): 0.2/3.5 MBProgress (1): 0.2/3.5 MBProgress (1): 0.2/3.5 MBProgress (1): 0.2/3.5 MBProgress (1): 0.2/3.5 MBProgress (1): 0.3/3.5 MBProgress (1): 0.3/3.5 MBProgress (1): 0.3/3.5 MBProgress (1): 0.3/3.5 MBProgress (1): 0.3/3.5 MBProgress (1): 0.3/3.5 MBProgress (1): 0.3/3.5 MBProgress (1): 0.4/3.5 MBProgress (1): 0.4/3.5 MBProgress (1): 0.4/3.5 MBProgress (1): 0.4/3.5 MBProgress (1): 0.4/3.5 MBProgress (1): 0.4/3.5 MBProgress (1): 0.5/3.5 MBProgress (1): 0.5/3.5 MBProgress (1): 0.5/3.5 MBProgress (1): 0.5/3.5 MBProgress (1): 0.5/3.5 MBProgress (1): 0.5/3.5 MBProgress (1): 0.6/3.5 MBProgress (1): 0.6/3.5 MBProgress (1): 0.6/3.5 MBProgress (1): 0.6/3.5 MBProgress (1): 0.6/3.5 MBProgress (1): 0.6/3.5 MBProgress (1): 0.7/3.5 MBProgress (1): 0.7/3.5 MBProgress (1): 0.7/3.5 MBProgress (1): 0.7/3.5 MBProgress (1): 0.7/3.5 MBProgress (1): 0.7/3.5 MBProgress (1): 0.8/3.5 MBProgress (1): 0.8/3.5 MBProgress (1): 0.8/3.5 MBProgress (1): 0.8/3.5 MBProgress (1): 0.8/3.5 MBProgress (1): 0.8/3.5 MBProgress (1): 0.9/3.5 MBProgress (1): 0.9/3.5 MBProgress (1): 0.9/3.5 MBProgress (1): 0.9/3.5 MBProgress (1): 0.9/3.5 MBProgress (1): 0.9/3.5 MBProgress (1): 1.0/3.5 MBProgress (1): 1.0/3.5 MBProgress (1): 1.0/3.5 MBProgress (1): 1.0/3.5 MBProgress (1): 1.0/3.5 MBProgress (1): 1.0/3.5 MBProgress (1): 1.1/3.5 MBProgress (1): 1.1/3.5 MBProgress (1): 1.1/3.5 MBProgress (1): 1.1/3.5 MBProgress (1): 1.1/3.5 MBProgress (1): 1.1/3.5 MBProgress (1): 1.2/3.5 MBProgress (1): 1.2/3.5 MBProgress (1): 1.2/3.5 MBProgress (1): 1.2/3.5 MBProgress (1): 1.2/3.5 MBProgress (1): 1.2/3.5 MBProgress (1): 1.3/3.5 MBProgress (1): 1.3/3.5 MBProgress (1): 1.3/3.5 MBProgress (1): 1.3/3.5 MBProgress (1): 1.3/3.5 MBProgress (1): 1.3/3.5 MBProgress (1): 1.4/3.5 MBProgress (1): 1.4/3.5 MBProgress (1): 1.4/3.5 MBProgress (1): 1.4/3.5 MBProgress (1): 1.4/3.5 MBProgress (1): 1.4/3.5 MBProgress (1): 1.5/3.5 MBProgress (1): 1.5/3.5 MBProgress (1): 1.5/3.5 MBProgress (1): 1.5/3.5 MBProgress (1): 1.5/3.5 MBProgress (1): 1.5/3.5 MBProgress (1): 1.6/3.5 MBProgress (1): 1.6/3.5 MBProgress (1): 1.6/3.5 MBProgress (1): 1.6/3.5 MBProgress (1): 1.6/3.5 MBProgress (1): 1.6/3.5 MBProgress (1): 1.7/3.5 MBProgress (1): 1.7/3.5 MBProgress (1): 1.7/3.5 MBProgress (1): 1.7/3.5 MBProgress (1): 1.7/3.5 MBProgress (1): 1.7/3.5 MBProgress (1): 1.8/3.5 MBProgress (1): 1.8/3.5 MBProgress (1): 1.8/3.5 MBProgress (1): 1.8/3.5 MBProgress (1): 1.8/3.5 MBProgress (1): 1.8/3.5 MBProgress (1): 1.9/3.5 MBProgress (1): 1.9/3.5 MBProgress (1): 1.9/3.5 MBProgress (1): 1.9/3.5 MBProgress (1): 1.9/3.5 MBProgress (1): 1.9/3.5 MBProgress (1): 2.0/3.5 MBProgress (1): 2.0/3.5 MBProgress (1): 2.0/3.5 MBProgress (1): 2.0/3.5 MBProgress (1): 2.0/3.5 MBProgress (1): 2.0/3.5 MBProgress (1): 2.1/3.5 MBProgress (1): 2.1/3.5 MBProgress (1): 2.1/3.5 MBProgress (1): 2.1/3.5 MBProgress (1): 2.1/3.5 MBProgress (1): 2.1/3.5 MBProgress (1): 2.2/3.5 MBProgress (1): 2.2/3.5 MBProgress (1): 2.2/3.5 MBProgress (1): 2.2/3.5 MBProgress (1): 2.2/3.5 MBProgress (1): 2.2/3.5 MBProgress (1): 2.3/3.5 MBProgress (1): 2.3/3.5 MBProgress (1): 2.3/3.5 MBProgress (1): 2.3/3.5 MBProgress (1): 2.3/3.5 MBProgress (1): 2.3/3.5 MBProgress (1): 2.4/3.5 MBProgress (1): 2.4/3.5 MBProgress (1): 2.4/3.5 MBProgress (1): 2.4/3.5 MBProgress (1): 2.4/3.5 MBProgress (1): 2.4/3.5 MBProgress (1): 2.5/3.5 MBProgress (1): 2.5/3.5 MBProgress (1): 2.5/3.5 MBProgress (1): 2.5/3.5 MBProgress (1): 2.5/3.5 MBProgress (1): 2.5/3.5 MBProgress (1): 2.6/3.5 MBProgress (1): 2.6/3.5 MBProgress (1): 2.6/3.5 MBProgress (1): 2.6/3.5 MBProgress (1): 2.6/3.5 MBProgress (1): 2.7/3.5 MBProgress (1): 2.7/3.5 MBProgress (1): 2.7/3.5 MBProgress (1): 2.7/3.5 MBProgress (1): 2.7/3.5 MBProgress (1): 2.7/3.5 MBProgress (1): 2.7/3.5 MBProgress (1): 2.8/3.5 MBProgress (1): 2.8/3.5 MBProgress (1): 2.8/3.5 MBProgress (1): 2.8/3.5 MBProgress (1): 2.8/3.5 MBProgress (1): 2.9/3.5 MBProgress (1): 2.9/3.5 MBProgress (1): 2.9/3.5 MBProgress (1): 2.9/3.5 MBProgress (1): 2.9/3.5 MBProgress (1): 2.9/3.5 MBProgress (1): 3.0/3.5 MBProgress (1): 3.0/3.5 MBProgress (1): 3.0/3.5 MBProgress (1): 3.0/3.5 MBProgress (1): 3.0/3.5 MBProgress (1): 3.0/3.5 MBProgress (1): 3.1/3.5 MBProgress (1): 3.1/3.5 MBProgress (1): 3.1/3.5 MBProgress (1): 3.1/3.5 MBProgress (1): 3.1/3.5 MBProgress (1): 3.1/3.5 MBProgress (1): 3.2/3.5 MBProgress (1): 3.2/3.5 MBProgress (1): 3.2/3.5 MBProgress (1): 3.2/3.5 MBProgress (1): 3.2/3.5 MBProgress (1): 3.2/3.5 MBProgress (1): 3.3/3.5 MBProgress (1): 3.3/3.5 MBProgress (1): 3.3/3.5 MBProgress (1): 3.3/3.5 MBProgress (1): 3.3/3.5 MBProgress (1): 3.3/3.5 MBProgress (1): 3.4/3.5 MBProgress (1): 3.4/3.5 MBProgress (1): 3.4/3.5 MBProgress (1): 3.4/3.5 MBProgress (1): 3.4/3.5 MBProgress (1): 3.4/3.5 MBProgress (1): 3.5/3.5 MBProgress (1): 3.5/3.5 MBProgress (1): 3.5/3.5 MBProgress (1): 3.5 MB                        Downloaded from central: https://repo.maven.apache.org/maven2/biz/aQute/bnd/biz.aQute.bndlib/6.0.0/biz.aQute.bndlib-6.0.0.jar (3.5 MB at 3.1 MB/s)
[INFO] 
[INFO] --- maven-resources-plugin:3.1.0:testResources (default-testResources) @ commons-cli ---
[INFO] Using 'utf-8' encoding to copy filtered resources.
[INFO] Copying 1 resource
[INFO] Copying 2 resources to META-INF
[INFO] 
[INFO] --- maven-compiler-plugin:3.8.1:testCompile (default-testCompile) @ commons-cli ---
[INFO] Changes detected - recompiling the module!
[INFO] Compiling 29 source files to /Users/seyoung/data/repo/target/test-classes
[INFO] /Users/seyoung/data/repo/src/test/java/org/apache/commons/cli/bug/BugCLI148Test.java: Some input files use or override a deprecated API.
[INFO] /Users/seyoung/data/repo/src/test/java/org/apache/commons/cli/bug/BugCLI148Test.java: Recompile with -Xlint:deprecation for details.
[INFO] 
[INFO] --- animal-sniffer-maven-plugin:1.20:check (checkAPIcompatibility) @ commons-cli ---
[INFO] Checking unresolved references to org.codehaus.mojo.signature:java17:1.0
Downloading from central: https://repo.maven.apache.org/maven2/org/codehaus/mojo/signature/java17/1.0/java17-1.0.signature
Progress (1): 4.1/664 kBProgress (1): 8.2/664 kBProgress (1): 12/664 kB Progress (1): 16/664 kBProgress (1): 20/664 kBProgress (1): 25/664 kBProgress (1): 29/664 kBProgress (1): 33/664 kBProgress (1): 37/664 kBProgress (1): 41/664 kBProgress (1): 45/664 kBProgress (1): 49/664 kBProgress (1): 53/664 kBProgress (1): 57/664 kBProgress (1): 61/664 kBProgress (1): 66/664 kBProgress (1): 70/664 kBProgress (1): 74/664 kBProgress (1): 78/664 kBProgress (1): 82/664 kBProgress (1): 86/664 kBProgress (1): 90/664 kBProgress (1): 94/664 kBProgress (1): 98/664 kBProgress (1): 102/664 kBProgress (1): 106/664 kBProgress (1): 111/664 kBProgress (1): 115/664 kBProgress (1): 119/664 kBProgress (1): 123/664 kBProgress (1): 127/664 kBProgress (1): 131/664 kBProgress (1): 135/664 kBProgress (1): 139/664 kBProgress (1): 143/664 kBProgress (1): 147/664 kBProgress (1): 152/664 kBProgress (1): 156/664 kBProgress (1): 160/664 kBProgress (1): 164/664 kBProgress (1): 168/664 kBProgress (1): 172/664 kBProgress (1): 176/664 kBProgress (1): 180/664 kBProgress (1): 184/664 kBProgress (1): 188/664 kBProgress (1): 193/664 kBProgress (1): 197/664 kBProgress (1): 201/664 kBProgress (1): 205/664 kBProgress (1): 209/664 kBProgress (1): 213/664 kBProgress (1): 217/664 kBProgress (1): 221/664 kBProgress (1): 225/664 kBProgress (1): 229/664 kBProgress (1): 233/664 kBProgress (1): 238/664 kBProgress (1): 242/664 kBProgress (1): 246/664 kBProgress (1): 250/664 kBProgress (1): 254/664 kBProgress (1): 258/664 kBProgress (1): 262/664 kBProgress (1): 266/664 kBProgress (1): 270/664 kBProgress (1): 274/664 kBProgress (1): 279/664 kBProgress (1): 283/664 kBProgress (1): 287/664 kBProgress (1): 291/664 kBProgress (1): 295/664 kBProgress (1): 299/664 kBProgress (1): 303/664 kBProgress (1): 307/664 kBProgress (1): 311/664 kBProgress (1): 315/664 kBProgress (1): 319/664 kBProgress (1): 324/664 kBProgress (1): 328/664 kBProgress (1): 332/664 kBProgress (1): 336/664 kBProgress (1): 340/664 kBProgress (1): 344/664 kBProgress (1): 348/664 kBProgress (1): 352/664 kBProgress (1): 356/664 kBProgress (1): 360/664 kBProgress (1): 365/664 kBProgress (1): 369/664 kBProgress (1): 373/664 kBProgress (1): 377/664 kBProgress (1): 381/664 kBProgress (1): 385/664 kBProgress (1): 389/664 kBProgress (1): 393/664 kBProgress (1): 397/664 kBProgress (1): 401/664 kBProgress (1): 406/664 kBProgress (1): 410/664 kBProgress (1): 414/664 kBProgress (1): 418/664 kBProgress (1): 422/664 kBProgress (1): 426/664 kBProgress (1): 430/664 kBProgress (1): 434/664 kBProgress (1): 438/664 kBProgress (1): 442/664 kBProgress (1): 446/664 kBProgress (1): 451/664 kBProgress (1): 455/664 kBProgress (1): 459/664 kBProgress (1): 463/664 kBProgress (1): 467/664 kBProgress (1): 471/664 kBProgress (1): 475/664 kBProgress (1): 479/664 kBProgress (1): 483/664 kBProgress (1): 487/664 kBProgress (1): 491/664 kBProgress (1): 495/664 kBProgress (1): 499/664 kBProgress (1): 503/664 kBProgress (1): 507/664 kBProgress (1): 511/664 kBProgress (1): 515/664 kBProgress (1): 520/664 kBProgress (1): 524/664 kBProgress (1): 528/664 kBProgress (1): 532/664 kBProgress (1): 536/664 kBProgress (1): 540/664 kBProgress (1): 544/664 kBProgress (1): 548/664 kBProgress (1): 552/664 kBProgress (1): 556/664 kBProgress (1): 561/664 kBProgress (1): 565/664 kBProgress (1): 569/664 kBProgress (1): 573/664 kBProgress (1): 577/664 kBProgress (1): 581/664 kBProgress (1): 585/664 kBProgress (1): 589/664 kBProgress (1): 593/664 kBProgress (1): 597/664 kBProgress (1): 602/664 kBProgress (1): 606/664 kBProgress (1): 610/664 kBProgress (1): 614/664 kBProgress (1): 618/664 kBProgress (1): 622/664 kBProgress (1): 626/664 kBProgress (1): 630/664 kBProgress (1): 634/664 kBProgress (1): 638/664 kBProgress (1): 642/664 kBProgress (1): 647/664 kBProgress (1): 651/664 kBProgress (1): 655/664 kBProgress (1): 659/664 kBProgress (1): 663/664 kBProgress (1): 664 kB                        Downloaded from central: https://repo.maven.apache.org/maven2/org/codehaus/mojo/signature/java17/1.0/java17-1.0.signature (664 kB at 1.9 MB/s)
[INFO] 
[INFO] --- jacoco-maven-plugin:0.8.7:prepare-agent (prepare-agent) @ commons-cli ---
[INFO] argLine set to -javaagent:/Users/seyoung/.m2/repository/org/jacoco/org.jacoco.agent/0.8.7/org.jacoco.agent-0.8.7-runtime.jar=destfile=/Users/seyoung/data/repo/target/jacoco.exec
[INFO] 
[INFO] --- maven-surefire-plugin:3.0.0-M5:test (default-test) @ commons-cli ---
[INFO] 
[INFO] -------------------------------------------------------
[INFO]  T E S T S
[INFO] -------------------------------------------------------
[INFO] Running org.apache.commons.cli.UtilTest
[INFO] Tests run: 2, Failures: 0, Errors: 0, Skipped: 0, Time elapsed: 0.057 s - in org.apache.commons.cli.UtilTest
[INFO] Running org.apache.commons.cli.DisablePartialMatchingTest
[INFO] Tests run: 2, Failures: 0, Errors: 0, Skipped: 0, Time elapsed: 0.001 s - in org.apache.commons.cli.DisablePartialMatchingTest
[INFO] Running org.apache.commons.cli.CommandLineTest
[INFO] Tests run: 8, Failures: 0, Errors: 0, Skipped: 0, Time elapsed: 0.001 s - in org.apache.commons.cli.CommandLineTest
[INFO] Running org.apache.commons.cli.PatternOptionBuilderTest
Exception found converting v to desired type: Unable to parse the URL: foo://commons.apache.org
Exception found converting d to desired type: Unable to find the class: System.DateTime
Exception found converting f to desired type: Unable to find file: non-existing.file
Exception found converting x to desired type: For input string: "3,5"
Exception found converting i to desired type: java.lang.IllegalAccessException; Unable to create an instance of: java.util.Calendar
Exception found converting n to desired type: Unable to find the class: System.DateTime
[INFO] Tests run: 10, Failures: 0, Errors: 0, Skipped: 0, Time elapsed: 0.067 s - in org.apache.commons.cli.PatternOptionBuilderTest
[INFO] Running org.apache.commons.cli.DefaultParserTest
[INFO] Tests run: 69, Failures: 0, Errors: 0, Skipped: 0, Time elapsed: 0.029 s - in org.apache.commons.cli.DefaultParserTest
[INFO] Running org.apache.commons.cli.HelpFormatterTest
[INFO] Tests run: 27, Failures: 0, Errors: 0, Skipped: 0, Time elapsed: 0 s - in org.apache.commons.cli.HelpFormatterTest
[INFO] Running org.apache.commons.cli.bug.BugCLI133Test
[INFO] Tests run: 1, Failures: 0, Errors: 0, Skipped: 0, Time elapsed: 0 s - in org.apache.commons.cli.bug.BugCLI133Test
[INFO] Running org.apache.commons.cli.bug.BugCLI13Test
[INFO] Tests run: 1, Failures: 0, Errors: 0, Skipped: 0, Time elapsed: 0 s - in org.apache.commons.cli.bug.BugCLI13Test
[INFO] Running org.apache.commons.cli.bug.BugCLI18Test
[INFO] Tests run: 1, Failures: 0, Errors: 0, Skipped: 0, Time elapsed: 0 s - in org.apache.commons.cli.bug.BugCLI18Test
[INFO] Running org.apache.commons.cli.bug.BugCLI148Test
[INFO] Tests run: 2, Failures: 0, Errors: 0, Skipped: 0, Time elapsed: 0 s - in org.apache.commons.cli.bug.BugCLI148Test
[INFO] Running org.apache.commons.cli.bug.BugCLI71Test
[INFO] Tests run: 4, Failures: 0, Errors: 0, Skipped: 0, Time elapsed: 0 s - in org.apache.commons.cli.bug.BugCLI71Test
[INFO] Running org.apache.commons.cli.bug.BugCLI265Test
[INFO] Tests run: 3, Failures: 0, Errors: 0, Skipped: 0, Time elapsed: 0 s - in org.apache.commons.cli.bug.BugCLI265Test
[INFO] Running org.apache.commons.cli.bug.BugCLI162Test
[INFO] Tests run: 4, Failures: 0, Errors: 0, Skipped: 0, Time elapsed: 0 s - in org.apache.commons.cli.bug.BugCLI162Test
[INFO] Running org.apache.commons.cli.bug.BugCLI266Test
[INFO] Tests run: 2, Failures: 0, Errors: 0, Skipped: 0, Time elapsed: 0.001 s - in org.apache.commons.cli.bug.BugCLI266Test
[INFO] Running org.apache.commons.cli.bug.BugsTest
[INFO] Tests run: 12, Failures: 0, Errors: 0, Skipped: 0, Time elapsed: 0.001 s - in org.apache.commons.cli.bug.BugsTest
[INFO] Running org.apache.commons.cli.bug.BugCLI252Test
[INFO] Tests run: 2, Failures: 0, Errors: 0, Skipped: 0, Time elapsed: 0 s - in org.apache.commons.cli.bug.BugCLI252Test
[INFO] Running org.apache.commons.cli.ApplicationTest
[INFO] Tests run: 5, Failures: 0, Errors: 0, Skipped: 0, Time elapsed: 0 s - in org.apache.commons.cli.ApplicationTest
[INFO] Running org.apache.commons.cli.OptionGroupTest
[INFO] Tests run: 13, Failures: 0, Errors: 0, Skipped: 0, Time elapsed: 0.001 s - in org.apache.commons.cli.OptionGroupTest
[INFO] Running org.apache.commons.cli.OptionTest
[INFO] Tests run: 14, Failures: 0, Errors: 0, Skipped: 0, Time elapsed: 0.003 s - in org.apache.commons.cli.OptionTest
[INFO] Running org.apache.commons.cli.ArgumentIsOptionTest
[INFO] Tests run: 3, Failures: 0, Errors: 0, Skipped: 0, Time elapsed: 0 s - in org.apache.commons.cli.ArgumentIsOptionTest
[INFO] Running org.apache.commons.cli.GnuParserTest
[WARNING] Tests run: 62, Failures: 0, Errors: 0, Skipped: 21, Time elapsed: 0.014 s - in org.apache.commons.cli.GnuParserTest
[INFO] Running org.apache.commons.cli.PosixParserTest
[WARNING] Tests run: 62, Failures: 0, Errors: 0, Skipped: 9, Time elapsed: 0.016 s - in org.apache.commons.cli.PosixParserTest
[INFO] Running org.apache.commons.cli.OptionBuilderTest
[INFO] Tests run: 9, Failures: 0, Errors: 0, Skipped: 0, Time elapsed: 0 s - in org.apache.commons.cli.OptionBuilderTest
[INFO] Running org.apache.commons.cli.TypeHandlerTest
[INFO] Tests run: 17, Failures: 0, Errors: 0, Skipped: 0, Time elapsed: 0 s - in org.apache.commons.cli.TypeHandlerTest
[INFO] Running org.apache.commons.cli.OptionsTest
[INFO] Tests run: 10, Failures: 0, Errors: 0, Skipped: 0, Time elapsed: 0 s - in org.apache.commons.cli.OptionsTest
[INFO] Running org.apache.commons.cli.BasicParserTest
[WARNING] Tests run: 62, Failures: 0, Errors: 0, Skipped: 26, Time elapsed: 0.002 s - in org.apache.commons.cli.BasicParserTest
[INFO] Running org.apache.commons.cli.ValueTest
[INFO] Tests run: 24, Failures: 0, Errors: 0, Skipped: 0, Time elapsed: 0.01 s - in org.apache.commons.cli.ValueTest
[INFO] Running org.apache.commons.cli.ValuesTest
[INFO] Tests run: 7, Failures: 0, Errors: 0, Skipped: 0, Time elapsed: 0.001 s - in org.apache.commons.cli.ValuesTest
[INFO] 
[INFO] Results:
[INFO] 
[WARNING] Tests run: 438, Failures: 0, Errors: 0, Skipped: 56
[INFO] 
[INFO] ------------------------------------------------------------------------
[INFO] BUILD SUCCESS
[INFO] ------------------------------------------------------------------------
[INFO] Total time:  10.189 s
[INFO] Finished at: 2021-11-27T15:54:03+09:00
[INFO] ------------------------------------------------------------------------
[main][9/14] mvn --file repo/pom.xml --fail-never -Dmaven.clover.generateHtml=false clean clover:setup test clover:aggregate clover:clover
[INFO] Scanning for projects...
Downloading from central: https://repo.maven.apache.org/maven2/org/apache/maven/plugins/maven-checkstyle-plugin/3.1.2/maven-checkstyle-plugin-3.1.2.pom
Progress (1): 2.7/15 kBProgress (1): 5.5/15 kBProgress (1): 8.2/15 kBProgress (1): 11/15 kB Progress (1): 14/15 kBProgress (1): 15 kB                      Downloaded from central: https://repo.maven.apache.org/maven2/org/apache/maven/plugins/maven-checkstyle-plugin/3.1.2/maven-checkstyle-plugin-3.1.2.pom (15 kB at 16 kB/s)
Downloading from central: https://repo.maven.apache.org/maven2/org/apache/maven/plugins/maven-checkstyle-plugin/3.1.2/maven-checkstyle-plugin-3.1.2.jar
Progress (1): 2.7/112 kBProgress (1): 5.5/112 kBProgress (1): 8.2/112 kBProgress (1): 11/112 kB Progress (1): 14/112 kBProgress (1): 16/112 kBProgress (1): 19/112 kBProgress (1): 22/112 kBProgress (1): 25/112 kBProgress (1): 27/112 kBProgress (1): 30/112 kBProgress (1): 33/112 kBProgress (1): 36/112 kBProgress (1): 38/112 kBProgress (1): 41/112 kBProgress (1): 44/112 kBProgress (1): 47/112 kBProgress (1): 49/112 kBProgress (1): 53/112 kBProgress (1): 58/112 kBProgress (1): 62/112 kBProgress (1): 66/112 kBProgress (1): 70/112 kBProgress (1): 74/112 kBProgress (1): 78/112 kBProgress (1): 82/112 kBProgress (1): 86/112 kBProgress (1): 90/112 kBProgress (1): 94/112 kBProgress (1): 99/112 kBProgress (1): 103/112 kBProgress (1): 107/112 kBProgress (1): 111/112 kBProgress (1): 112 kB                        Downloaded from central: https://repo.maven.apache.org/maven2/org/apache/maven/plugins/maven-checkstyle-plugin/3.1.2/maven-checkstyle-plugin-3.1.2.jar (112 kB at 207 kB/s)
Downloading from central: https://repo.maven.apache.org/maven2/com/github/spotbugs/spotbugs-maven-plugin/4.4.2.2/spotbugs-maven-plugin-4.4.2.2.pom
Progress (1): 4.1/34 kBProgress (1): 8.2/34 kBProgress (1): 12/34 kB Progress (1): 16/34 kBProgress (1): 20/34 kBProgress (1): 25/34 kBProgress (1): 29/34 kBProgress (1): 33/34 kBProgress (1): 34 kB                      Downloaded from central: https://repo.maven.apache.org/maven2/com/github/spotbugs/spotbugs-maven-plugin/4.4.2.2/spotbugs-maven-plugin-4.4.2.2.pom (34 kB at 113 kB/s)
Downloading from central: https://repo.maven.apache.org/maven2/com/github/hazendaz/base-parent/30/base-parent-30.pom
Progress (1): 4.1/91 kBProgress (1): 8.2/91 kBProgress (1): 12/91 kB Progress (1): 16/91 kBProgress (1): 20/91 kBProgress (1): 25/91 kBProgress (1): 29/91 kBProgress (1): 33/91 kBProgress (1): 37/91 kBProgress (1): 41/91 kBProgress (1): 45/91 kBProgress (1): 49/91 kBProgress (1): 53/91 kBProgress (1): 57/91 kBProgress (1): 61/91 kBProgress (1): 66/91 kBProgress (1): 70/91 kBProgress (1): 74/91 kBProgress (1): 78/91 kBProgress (1): 82/91 kBProgress (1): 86/91 kBProgress (1): 90/91 kBProgress (1): 91 kB                      Downloaded from central: https://repo.maven.apache.org/maven2/com/github/hazendaz/base-parent/30/base-parent-30.pom (91 kB at 281 kB/s)
Downloading from central: https://repo.maven.apache.org/maven2/com/github/spotbugs/spotbugs-maven-plugin/4.4.2.2/spotbugs-maven-plugin-4.4.2.2.jar
Progress (1): 4.1/151 kBProgress (1): 8.2/151 kBProgress (1): 12/151 kB Progress (1): 16/151 kBProgress (1): 20/151 kBProgress (1): 25/151 kBProgress (1): 29/151 kBProgress (1): 33/151 kBProgress (1): 37/151 kBProgress (1): 41/151 kBProgress (1): 45/151 kBProgress (1): 49/151 kBProgress (1): 53/151 kBProgress (1): 57/151 kBProgress (1): 61/151 kBProgress (1): 66/151 kBProgress (1): 70/151 kBProgress (1): 74/151 kBProgress (1): 78/151 kBProgress (1): 82/151 kBProgress (1): 86/151 kBProgress (1): 90/151 kBProgress (1): 94/151 kBProgress (1): 98/151 kBProgress (1): 102/151 kBProgress (1): 106/151 kBProgress (1): 111/151 kBProgress (1): 115/151 kBProgress (1): 119/151 kBProgress (1): 123/151 kBProgress (1): 127/151 kBProgress (1): 131/151 kBProgress (1): 135/151 kBProgress (1): 139/151 kBProgress (1): 143/151 kBProgress (1): 147/151 kBProgress (1): 151 kB                        Downloaded from central: https://repo.maven.apache.org/maven2/com/github/spotbugs/spotbugs-maven-plugin/4.4.2.2/spotbugs-maven-plugin-4.4.2.2.jar (151 kB at 442 kB/s)
Downloading from central: https://repo.maven.apache.org/maven2/org/apache/maven/plugins/maven-assembly-plugin/3.3.0/maven-assembly-plugin-3.3.0.pom
Downloaded from central: https://repo.maven.apache.org/maven2/org/apache/maven/plugins/maven-assembly-plugin/3.3.0/maven-assembly-plugin-3.3.0.pom (0 B at 0 B/s)
Downloading from central: https://repo.maven.apache.org/maven2/org/apache/maven/plugins/maven-assembly-plugin/3.3.0/maven-assembly-plugin-3.3.0.jar
Downloaded from central: https://repo.maven.apache.org/maven2/org/apache/maven/plugins/maven-assembly-plugin/3.3.0/maven-assembly-plugin-3.3.0.jar (0 B at 0 B/s)
Downloading from central: https://repo.maven.apache.org/maven2/org/apache/maven/plugins/maven-javadoc-plugin/3.3.1/maven-javadoc-plugin-3.3.1.pom
Progress (1): 4.1/21 kBProgress (1): 8.2/21 kBProgress (1): 12/21 kB Progress (1): 16/21 kBProgress (1): 20/21 kBProgress (1): 21 kB                      Downloaded from central: https://repo.maven.apache.org/maven2/org/apache/maven/plugins/maven-javadoc-plugin/3.3.1/maven-javadoc-plugin-3.3.1.pom (21 kB at 73 kB/s)
Downloading from central: https://repo.maven.apache.org/maven2/org/apache/maven/plugins/maven-javadoc-plugin/3.3.1/maven-javadoc-plugin-3.3.1.jar
Progress (1): 4.1/522 kBProgress (1): 8.2/522 kBProgress (1): 12/522 kB Progress (1): 16/522 kBProgress (1): 20/522 kBProgress (1): 25/522 kBProgress (1): 29/522 kBProgress (1): 33/522 kBProgress (1): 37/522 kBProgress (1): 41/522 kBProgress (1): 45/522 kBProgress (1): 49/522 kBProgress (1): 53/522 kBProgress (1): 57/522 kBProgress (1): 61/522 kBProgress (1): 66/522 kBProgress (1): 70/522 kBProgress (1): 74/522 kBProgress (1): 78/522 kBProgress (1): 82/522 kBProgress (1): 86/522 kBProgress (1): 90/522 kBProgress (1): 94/522 kBProgress (1): 98/522 kBProgress (1): 102/522 kBProgress (1): 106/522 kBProgress (1): 111/522 kBProgress (1): 115/522 kBProgress (1): 119/522 kBProgress (1): 123/522 kBProgress (1): 127/522 kBProgress (1): 131/522 kBProgress (1): 135/522 kBProgress (1): 139/522 kBProgress (1): 143/522 kBProgress (1): 147/522 kBProgress (1): 152/522 kBProgress (1): 156/522 kBProgress (1): 160/522 kBProgress (1): 164/522 kBProgress (1): 168/522 kBProgress (1): 172/522 kBProgress (1): 176/522 kBProgress (1): 180/522 kBProgress (1): 184/522 kBProgress (1): 188/522 kBProgress (1): 193/522 kBProgress (1): 197/522 kBProgress (1): 201/522 kBProgress (1): 205/522 kBProgress (1): 209/522 kBProgress (1): 213/522 kBProgress (1): 217/522 kBProgress (1): 221/522 kBProgress (1): 225/522 kBProgress (1): 229/522 kBProgress (1): 233/522 kBProgress (1): 238/522 kBProgress (1): 242/522 kBProgress (1): 246/522 kBProgress (1): 250/522 kBProgress (1): 254/522 kBProgress (1): 258/522 kBProgress (1): 262/522 kBProgress (1): 266/522 kBProgress (1): 270/522 kBProgress (1): 274/522 kBProgress (1): 279/522 kBProgress (1): 283/522 kBProgress (1): 287/522 kBProgress (1): 291/522 kBProgress (1): 295/522 kBProgress (1): 299/522 kBProgress (1): 303/522 kBProgress (1): 307/522 kBProgress (1): 311/522 kBProgress (1): 315/522 kBProgress (1): 319/522 kBProgress (1): 324/522 kBProgress (1): 328/522 kBProgress (1): 332/522 kBProgress (1): 336/522 kBProgress (1): 340/522 kBProgress (1): 344/522 kBProgress (1): 348/522 kBProgress (1): 352/522 kBProgress (1): 356/522 kBProgress (1): 360/522 kBProgress (1): 365/522 kBProgress (1): 369/522 kBProgress (1): 373/522 kBProgress (1): 377/522 kBProgress (1): 381/522 kBProgress (1): 385/522 kBProgress (1): 389/522 kBProgress (1): 393/522 kBProgress (1): 397/522 kBProgress (1): 401/522 kBProgress (1): 406/522 kBProgress (1): 410/522 kBProgress (1): 414/522 kBProgress (1): 418/522 kBProgress (1): 422/522 kBProgress (1): 426/522 kBProgress (1): 430/522 kBProgress (1): 434/522 kBProgress (1): 438/522 kBProgress (1): 442/522 kBProgress (1): 446/522 kBProgress (1): 451/522 kBProgress (1): 455/522 kBProgress (1): 459/522 kBProgress (1): 463/522 kBProgress (1): 467/522 kBProgress (1): 471/522 kBProgress (1): 475/522 kBProgress (1): 479/522 kBProgress (1): 483/522 kBProgress (1): 487/522 kBProgress (1): 491/522 kBProgress (1): 495/522 kBProgress (1): 499/522 kBProgress (1): 503/522 kBProgress (1): 507/522 kBProgress (1): 511/522 kBProgress (1): 515/522 kBProgress (1): 520/522 kBProgress (1): 522 kB                        Downloaded from central: https://repo.maven.apache.org/maven2/org/apache/maven/plugins/maven-javadoc-plugin/3.3.1/maven-javadoc-plugin-3.3.1.jar (522 kB at 1.1 MB/s)
Downloading from central: https://repo.maven.apache.org/maven2/com/github/siom79/japicmp/japicmp-maven-plugin/0.15.3/japicmp-maven-plugin-0.15.3.pom
Progress (1): 4.1/5.2 kBProgress (1): 5.2 kB                        Downloaded from central: https://repo.maven.apache.org/maven2/com/github/siom79/japicmp/japicmp-maven-plugin/0.15.3/japicmp-maven-plugin-0.15.3.pom (5.2 kB at 17 kB/s)
Downloading from central: https://repo.maven.apache.org/maven2/com/github/siom79/japicmp/japicmp-base/0.15.3/japicmp-base-0.15.3.pom
Progress (1): 4.1/15 kBProgress (1): 8.2/15 kBProgress (1): 12/15 kB Progress (1): 15 kB                      Downloaded from central: https://repo.maven.apache.org/maven2/com/github/siom79/japicmp/japicmp-base/0.15.3/japicmp-base-0.15.3.pom (15 kB at 55 kB/s)
Downloading from central: https://repo.maven.apache.org/maven2/com/github/siom79/japicmp/japicmp-maven-plugin/0.15.3/japicmp-maven-plugin-0.15.3.jar
Progress (1): 4.1/48 kBProgress (1): 8.2/48 kBProgress (1): 12/48 kB Progress (1): 16/48 kBProgress (1): 20/48 kBProgress (1): 25/48 kBProgress (1): 29/48 kBProgress (1): 33/48 kBProgress (1): 37/48 kBProgress (1): 41/48 kBProgress (1): 45/48 kBProgress (1): 48 kB                      Downloaded from central: https://repo.maven.apache.org/maven2/com/github/siom79/japicmp/japicmp-maven-plugin/0.15.3/japicmp-maven-plugin-0.15.3.jar (48 kB at 168 kB/s)
Downloading from central: https://repo.maven.apache.org/maven2/org/apache/commons/commons-build-plugin/1.11/commons-build-plugin-1.11.pom
Progress (1): 4.1/9.9 kBProgress (1): 8.2/9.9 kBProgress (1): 9.9 kB                        Downloaded from central: https://repo.maven.apache.org/maven2/org/apache/commons/commons-build-plugin/1.11/commons-build-plugin-1.11.pom (9.9 kB at 33 kB/s)
Downloading from central: https://repo.maven.apache.org/maven2/org/apache/commons/commons-build-plugin/1.11/commons-build-plugin-1.11.jar
Progress (1): 4.1/35 kBProgress (1): 8.2/35 kBProgress (1): 12/35 kB Progress (1): 16/35 kBProgress (1): 20/35 kBProgress (1): 25/35 kBProgress (1): 29/35 kBProgress (1): 33/35 kBProgress (1): 35 kB                      Downloaded from central: https://repo.maven.apache.org/maven2/org/apache/commons/commons-build-plugin/1.11/commons-build-plugin-1.11.jar (35 kB at 123 kB/s)
Downloading from central: https://repo.maven.apache.org/maven2/org/apache/maven/plugins/maven-scm-publish-plugin/3.0.0/maven-scm-publish-plugin-3.0.0.pom
Progress (1): 4.1/6.9 kBProgress (1): 6.9 kB                        Downloaded from central: https://repo.maven.apache.org/maven2/org/apache/maven/plugins/maven-scm-publish-plugin/3.0.0/maven-scm-publish-plugin-3.0.0.pom (6.9 kB at 20 kB/s)
Downloading from central: https://repo.maven.apache.org/maven2/org/apache/maven/plugins/maven-scm-publish-plugin/3.0.0/maven-scm-publish-plugin-3.0.0.jar
Progress (1): 4.1/40 kBProgress (1): 8.2/40 kBProgress (1): 12/40 kB Progress (1): 16/40 kBProgress (1): 20/40 kBProgress (1): 25/40 kBProgress (1): 29/40 kBProgress (1): 33/40 kBProgress (1): 37/40 kBProgress (1): 40 kB                      Downloaded from central: https://repo.maven.apache.org/maven2/org/apache/maven/plugins/maven-scm-publish-plugin/3.0.0/maven-scm-publish-plugin-3.0.0.jar (40 kB at 135 kB/s)
Downloading from central: https://repo.maven.apache.org/maven2/org/apache/maven/plugins/maven-install-plugin/2.5.2/maven-install-plugin-2.5.2.pom
Progress (1): 4.1/6.4 kBProgress (1): 6.4 kB                        Downloaded from central: https://repo.maven.apache.org/maven2/org/apache/maven/plugins/maven-install-plugin/2.5.2/maven-install-plugin-2.5.2.pom (6.4 kB at 23 kB/s)
Downloading from central: https://repo.maven.apache.org/maven2/org/apache/maven/plugins/maven-docck-plugin/1.1/maven-docck-plugin-1.1.pom
Progress (1): 4.1/5.9 kBProgress (1): 5.9 kB                        Downloaded from central: https://repo.maven.apache.org/maven2/org/apache/maven/plugins/maven-docck-plugin/1.1/maven-docck-plugin-1.1.pom (5.9 kB at 21 kB/s)
Downloading from central: https://repo.maven.apache.org/maven2/org/apache/maven/plugins/maven-docck-plugin/1.1/maven-docck-plugin-1.1.jar
Progress (1): 4.1/34 kBProgress (1): 8.2/34 kBProgress (1): 12/34 kB Progress (1): 16/34 kBProgress (1): 20/34 kBProgress (1): 25/34 kBProgress (1): 29/34 kBProgress (1): 33/34 kBProgress (1): 34 kB                      Downloaded from central: https://repo.maven.apache.org/maven2/org/apache/maven/plugins/maven-docck-plugin/1.1/maven-docck-plugin-1.1.jar (34 kB at 111 kB/s)
Downloading from central: https://repo.maven.apache.org/maven2/org/apache/maven/plugins/maven-ear-plugin/3.0.1/maven-ear-plugin-3.0.1.pom
Progress (1): 4.1/11 kBProgress (1): 8.2/11 kBProgress (1): 11 kB                       Downloaded from central: https://repo.maven.apache.org/maven2/org/apache/maven/plugins/maven-ear-plugin/3.0.1/maven-ear-plugin-3.0.1.pom (11 kB at 38 kB/s)
Downloading from central: https://repo.maven.apache.org/maven2/org/apache/maven/plugins/maven-ear-plugin/3.0.1/maven-ear-plugin-3.0.1.jar
Progress (1): 4.1/88 kBProgress (1): 8.2/88 kBProgress (1): 12/88 kB Progress (1): 16/88 kBProgress (1): 20/88 kBProgress (1): 25/88 kBProgress (1): 29/88 kBProgress (1): 33/88 kBProgress (1): 37/88 kBProgress (1): 41/88 kBProgress (1): 45/88 kBProgress (1): 49/88 kBProgress (1): 53/88 kBProgress (1): 57/88 kBProgress (1): 61/88 kBProgress (1): 66/88 kBProgress (1): 70/88 kBProgress (1): 74/88 kBProgress (1): 78/88 kBProgress (1): 82/88 kBProgress (1): 86/88 kBProgress (1): 88 kB                      Downloaded from central: https://repo.maven.apache.org/maven2/org/apache/maven/plugins/maven-ear-plugin/3.0.1/maven-ear-plugin-3.0.1.jar (88 kB at 294 kB/s)
Downloading from central: https://repo.maven.apache.org/maven2/org/apache/maven/plugins/maven-invoker-plugin/3.2.1/maven-invoker-plugin-3.2.1.pom
Downloaded from central: https://repo.maven.apache.org/maven2/org/apache/maven/plugins/maven-invoker-plugin/3.2.1/maven-invoker-plugin-3.2.1.pom (0 B at 0 B/s)
Downloading from central: https://repo.maven.apache.org/maven2/org/apache/maven/plugins/maven-invoker-plugin/3.2.1/maven-invoker-plugin-3.2.1.jar
Downloaded from central: https://repo.maven.apache.org/maven2/org/apache/maven/plugins/maven-invoker-plugin/3.2.1/maven-invoker-plugin-3.2.1.jar (0 B at 0 B/s)
Downloading from central: https://repo.maven.apache.org/maven2/org/apache/maven/plugins/maven-plugin-plugin/3.5.2/maven-plugin-plugin-3.5.2.pom
Progress (1): 4.1/14 kBProgress (1): 8.2/14 kBProgress (1): 12/14 kB Progress (1): 14 kB                      Downloaded from central: https://repo.maven.apache.org/maven2/org/apache/maven/plugins/maven-plugin-plugin/3.5.2/maven-plugin-plugin-3.5.2.pom (14 kB at 50 kB/s)
Downloading from central: https://repo.maven.apache.org/maven2/org/apache/maven/plugins/maven-plugin-plugin/3.5.2/maven-plugin-plugin-3.5.2.jar
Progress (1): 4.1/57 kBProgress (1): 8.2/57 kBProgress (1): 12/57 kB Progress (1): 16/57 kBProgress (1): 20/57 kBProgress (1): 25/57 kBProgress (1): 29/57 kBProgress (1): 33/57 kBProgress (1): 37/57 kBProgress (1): 41/57 kBProgress (1): 45/57 kBProgress (1): 49/57 kBProgress (1): 53/57 kBProgress (1): 57 kB                      Downloaded from central: https://repo.maven.apache.org/maven2/org/apache/maven/plugins/maven-plugin-plugin/3.5.2/maven-plugin-plugin-3.5.2.jar (57 kB at 197 kB/s)
Downloading from central: https://repo.maven.apache.org/maven2/org/codehaus/mojo/versions-maven-plugin/2.7/versions-maven-plugin-2.7.pom
Progress (1): 4.1/17 kBProgress (1): 8.2/17 kBProgress (1): 12/17 kB Progress (1): 16/17 kBProgress (1): 17 kB                      Downloaded from central: https://repo.maven.apache.org/maven2/org/codehaus/mojo/versions-maven-plugin/2.7/versions-maven-plugin-2.7.pom (17 kB at 59 kB/s)
Downloading from central: https://repo.maven.apache.org/maven2/org/codehaus/mojo/versions-maven-plugin/2.7/versions-maven-plugin-2.7.jar
Progress (1): 4.1/310 kBProgress (1): 8.2/310 kBProgress (1): 12/310 kB Progress (1): 16/310 kBProgress (1): 20/310 kBProgress (1): 25/310 kBProgress (1): 29/310 kBProgress (1): 33/310 kBProgress (1): 37/310 kBProgress (1): 41/310 kBProgress (1): 45/310 kBProgress (1): 49/310 kBProgress (1): 53/310 kBProgress (1): 57/310 kBProgress (1): 61/310 kBProgress (1): 66/310 kBProgress (1): 70/310 kBProgress (1): 74/310 kBProgress (1): 78/310 kBProgress (1): 82/310 kBProgress (1): 86/310 kBProgress (1): 90/310 kBProgress (1): 94/310 kBProgress (1): 98/310 kBProgress (1): 102/310 kBProgress (1): 106/310 kBProgress (1): 111/310 kBProgress (1): 115/310 kBProgress (1): 119/310 kBProgress (1): 123/310 kBProgress (1): 127/310 kBProgress (1): 131/310 kBProgress (1): 135/310 kBProgress (1): 139/310 kBProgress (1): 143/310 kBProgress (1): 147/310 kBProgress (1): 152/310 kBProgress (1): 156/310 kBProgress (1): 160/310 kBProgress (1): 164/310 kBProgress (1): 168/310 kBProgress (1): 172/310 kBProgress (1): 176/310 kBProgress (1): 180/310 kBProgress (1): 184/310 kBProgress (1): 188/310 kBProgress (1): 193/310 kBProgress (1): 197/310 kBProgress (1): 201/310 kBProgress (1): 205/310 kBProgress (1): 209/310 kBProgress (1): 213/310 kBProgress (1): 217/310 kBProgress (1): 221/310 kBProgress (1): 225/310 kBProgress (1): 229/310 kBProgress (1): 233/310 kBProgress (1): 238/310 kBProgress (1): 242/310 kBProgress (1): 246/310 kBProgress (1): 250/310 kBProgress (1): 254/310 kBProgress (1): 258/310 kBProgress (1): 262/310 kBProgress (1): 266/310 kBProgress (1): 270/310 kBProgress (1): 274/310 kBProgress (1): 279/310 kBProgress (1): 283/310 kBProgress (1): 287/310 kBProgress (1): 291/310 kBProgress (1): 295/310 kBProgress (1): 299/310 kBProgress (1): 303/310 kBProgress (1): 307/310 kBProgress (1): 310 kB                        Downloaded from central: https://repo.maven.apache.org/maven2/org/codehaus/mojo/versions-maven-plugin/2.7/versions-maven-plugin-2.7.jar (310 kB at 1.0 MB/s)
Downloading from central: https://repo.maven.apache.org/maven2/org/apache/maven/plugins/maven-project-info-reports-plugin/3.1.0/maven-project-info-reports-plugin-3.1.0.pom
Progress (1): 4.1/19 kBProgress (1): 8.2/19 kBProgress (1): 12/19 kB Progress (1): 16/19 kBProgress (1): 19 kB                      Downloaded from central: https://repo.maven.apache.org/maven2/org/apache/maven/plugins/maven-project-info-reports-plugin/3.1.0/maven-project-info-reports-plugin-3.1.0.pom (19 kB at 64 kB/s)
Downloading from central: https://repo.maven.apache.org/maven2/org/apache/maven/plugins/maven-project-info-reports-plugin/3.1.0/maven-project-info-reports-plugin-3.1.0.jar
Progress (1): 4.1/292 kBProgress (1): 8.2/292 kBProgress (1): 12/292 kB Progress (1): 16/292 kBProgress (1): 20/292 kBProgress (1): 25/292 kBProgress (1): 29/292 kBProgress (1): 33/292 kBProgress (1): 37/292 kBProgress (1): 41/292 kBProgress (1): 45/292 kBProgress (1): 49/292 kBProgress (1): 53/292 kBProgress (1): 57/292 kBProgress (1): 61/292 kBProgress (1): 66/292 kBProgress (1): 70/292 kBProgress (1): 74/292 kBProgress (1): 78/292 kBProgress (1): 82/292 kBProgress (1): 86/292 kBProgress (1): 90/292 kBProgress (1): 94/292 kBProgress (1): 98/292 kBProgress (1): 102/292 kBProgress (1): 106/292 kBProgress (1): 111/292 kBProgress (1): 115/292 kBProgress (1): 119/292 kBProgress (1): 123/292 kBProgress (1): 127/292 kBProgress (1): 131/292 kBProgress (1): 135/292 kBProgress (1): 139/292 kBProgress (1): 143/292 kBProgress (1): 147/292 kBProgress (1): 152/292 kBProgress (1): 156/292 kBProgress (1): 160/292 kBProgress (1): 164/292 kBProgress (1): 168/292 kBProgress (1): 172/292 kBProgress (1): 176/292 kBProgress (1): 180/292 kBProgress (1): 184/292 kBProgress (1): 188/292 kBProgress (1): 193/292 kBProgress (1): 197/292 kBProgress (1): 201/292 kBProgress (1): 205/292 kBProgress (1): 209/292 kBProgress (1): 213/292 kBProgress (1): 217/292 kBProgress (1): 221/292 kBProgress (1): 225/292 kBProgress (1): 229/292 kBProgress (1): 233/292 kBProgress (1): 238/292 kBProgress (1): 242/292 kBProgress (1): 246/292 kBProgress (1): 250/292 kBProgress (1): 254/292 kBProgress (1): 258/292 kBProgress (1): 262/292 kBProgress (1): 266/292 kBProgress (1): 270/292 kBProgress (1): 274/292 kBProgress (1): 279/292 kBProgress (1): 283/292 kBProgress (1): 287/292 kBProgress (1): 291/292 kBProgress (1): 292 kB                        Downloaded from central: https://repo.maven.apache.org/maven2/org/apache/maven/plugins/maven-project-info-reports-plugin/3.1.0/maven-project-info-reports-plugin-3.1.0.jar (292 kB at 938 kB/s)
Downloading from central: https://repo.maven.apache.org/maven2/org/apache/maven/plugins/maven-surefire-report-plugin/2.22.0/maven-surefire-report-plugin-2.22.0.pom
Progress (1): 4.1/8.0 kBProgress (1): 8.0 kB                        Downloaded from central: https://repo.maven.apache.org/maven2/org/apache/maven/plugins/maven-surefire-report-plugin/2.22.0/maven-surefire-report-plugin-2.22.0.pom (8.0 kB at 28 kB/s)
Downloading from central: https://repo.maven.apache.org/maven2/org/apache/maven/surefire/surefire/2.22.0/surefire-2.22.0.pom
Progress (1): 4.1/27 kBProgress (1): 8.2/27 kBProgress (1): 12/27 kB Progress (1): 16/27 kBProgress (1): 20/27 kBProgress (1): 25/27 kBProgress (1): 27 kB                      Downloaded from central: https://repo.maven.apache.org/maven2/org/apache/maven/surefire/surefire/2.22.0/surefire-2.22.0.pom (27 kB at 95 kB/s)
Downloading from central: https://repo.maven.apache.org/maven2/org/apache/maven/plugins/maven-surefire-report-plugin/2.22.0/maven-surefire-report-plugin-2.22.0.jar
Progress (1): 4.1/54 kBProgress (1): 8.2/54 kBProgress (1): 12/54 kB Progress (1): 16/54 kBProgress (1): 20/54 kBProgress (1): 25/54 kBProgress (1): 29/54 kBProgress (1): 33/54 kBProgress (1): 37/54 kBProgress (1): 41/54 kBProgress (1): 45/54 kBProgress (1): 49/54 kBProgress (1): 53/54 kBProgress (1): 54 kB                      Downloaded from central: https://repo.maven.apache.org/maven2/org/apache/maven/plugins/maven-surefire-report-plugin/2.22.0/maven-surefire-report-plugin-2.22.0.jar (54 kB at 138 kB/s)
Downloading from central: https://repo.maven.apache.org/maven2/org/apache/maven/plugins/maven-war-plugin/3.2.2/maven-war-plugin-3.2.2.pom
Progress (1): 4.1/9.7 kBProgress (1): 8.2/9.7 kBProgress (1): 9.7 kB                        Downloaded from central: https://repo.maven.apache.org/maven2/org/apache/maven/plugins/maven-war-plugin/3.2.2/maven-war-plugin-3.2.2.pom (9.7 kB at 32 kB/s)
Downloading from central: https://repo.maven.apache.org/maven2/org/apache/maven/plugins/maven-war-plugin/3.2.2/maven-war-plugin-3.2.2.jar
Progress (1): 4.1/91 kBProgress (1): 8.2/91 kBProgress (1): 12/91 kB Progress (1): 16/91 kBProgress (1): 20/91 kBProgress (1): 25/91 kBProgress (1): 29/91 kBProgress (1): 33/91 kBProgress (1): 37/91 kBProgress (1): 41/91 kBProgress (1): 45/91 kBProgress (1): 49/91 kBProgress (1): 53/91 kBProgress (1): 57/91 kBProgress (1): 61/91 kBProgress (1): 66/91 kBProgress (1): 70/91 kBProgress (1): 74/91 kBProgress (1): 78/91 kBProgress (1): 82/91 kBProgress (1): 86/91 kBProgress (1): 90/91 kBProgress (1): 91 kB                      Downloaded from central: https://repo.maven.apache.org/maven2/org/apache/maven/plugins/maven-war-plugin/3.2.2/maven-war-plugin-3.2.2.jar (91 kB at 317 kB/s)
Downloading from central: https://repo.maven.apache.org/maven2/org/apache/maven/plugins/maven-shade-plugin/3.1.1/maven-shade-plugin-3.1.1.pom
Progress (1): 4.1/9.4 kBProgress (1): 8.2/9.4 kBProgress (1): 9.4 kB                        Downloaded from central: https://repo.maven.apache.org/maven2/org/apache/maven/plugins/maven-shade-plugin/3.1.1/maven-shade-plugin-3.1.1.pom (9.4 kB at 33 kB/s)
Downloading from central: https://repo.maven.apache.org/maven2/org/apache/commons/commons-release-plugin/1.7/commons-release-plugin-1.7.pom
Progress (1): 4.1/27 kBProgress (1): 8.2/27 kBProgress (1): 12/27 kB Progress (1): 16/27 kBProgress (1): 20/27 kBProgress (1): 25/27 kBProgress (1): 27 kB                      Downloaded from central: https://repo.maven.apache.org/maven2/org/apache/commons/commons-release-plugin/1.7/commons-release-plugin-1.7.pom (27 kB at 79 kB/s)
Downloading from central: https://repo.maven.apache.org/maven2/org/apache/commons/commons-release-plugin/1.7/commons-release-plugin-1.7.jar
Progress (1): 4.1/53 kBProgress (1): 8.2/53 kBProgress (1): 12/53 kB Progress (1): 16/53 kBProgress (1): 20/53 kBProgress (1): 25/53 kBProgress (1): 29/53 kBProgress (1): 33/53 kBProgress (1): 37/53 kBProgress (1): 41/53 kBProgress (1): 45/53 kBProgress (1): 49/53 kBProgress (1): 53 kB                      Downloaded from central: https://repo.maven.apache.org/maven2/org/apache/commons/commons-release-plugin/1.7/commons-release-plugin-1.7.jar (53 kB at 132 kB/s)
Downloading from central: https://repo.maven.apache.org/maven2/org/codehaus/mojo/clirr-maven-plugin/2.8/clirr-maven-plugin-2.8.pom
Progress (1): 4.1/8.0 kBProgress (1): 8.0 kB                        Downloaded from central: https://repo.maven.apache.org/maven2/org/codehaus/mojo/clirr-maven-plugin/2.8/clirr-maven-plugin-2.8.pom (8.0 kB at 28 kB/s)
Downloading from central: https://repo.maven.apache.org/maven2/org/codehaus/mojo/clirr-maven-plugin/2.8/clirr-maven-plugin-2.8.jar
Progress (1): 4.1/75 kBProgress (1): 8.2/75 kBProgress (1): 12/75 kB Progress (1): 16/75 kBProgress (1): 20/75 kBProgress (1): 25/75 kBProgress (1): 29/75 kBProgress (1): 33/75 kBProgress (1): 37/75 kBProgress (1): 41/75 kBProgress (1): 45/75 kBProgress (1): 49/75 kBProgress (1): 53/75 kBProgress (1): 57/75 kBProgress (1): 61/75 kBProgress (1): 66/75 kBProgress (1): 70/75 kBProgress (1): 74/75 kBProgress (1): 75 kB                      Downloaded from central: https://repo.maven.apache.org/maven2/org/codehaus/mojo/clirr-maven-plugin/2.8/clirr-maven-plugin-2.8.jar (75 kB at 257 kB/s)
Downloading from apache.snapshots: https://repository.apache.org/snapshots/org/apache/maven/plugins/maven-metadata.xml
Downloading from apache.snapshots: https://repository.apache.org/snapshots/org/openclover/maven-metadata.xml
Downloading from apache.snapshots: https://repository.apache.org/snapshots/org/codehaus/mojo/maven-metadata.xml
Progress (1): 4.1/8.5 kBProgress (1): 7.7/8.5 kBProgress (1): 8.5 kB                        Downloaded from apache.snapshots: https://repository.apache.org/snapshots/org/apache/maven/plugins/maven-metadata.xml (8.5 kB at 5.6 kB/s)
Downloading from apache.snapshots: https://repository.apache.org/snapshots/org/openclover/clover-maven-plugin/maven-metadata.xml
[INFO] 
[INFO] ----------------------< commons-cli:commons-cli >-----------------------
[INFO] Building Apache Commons CLI 1.6-SNAPSHOT
[INFO] --------------------------------[ jar ]---------------------------------
[INFO] 
[INFO] --- maven-clean-plugin:3.1.0:clean (default-clean) @ commons-cli ---
[INFO] Deleting /Users/seyoung/data/repo/target
[INFO] 
[INFO] --- clover-maven-plugin:4.4.1:setup (default-cli) @ commons-cli ---
[INFO] OpenClover Version 4.4.1, built on October 11 2019 (build-1020)
[INFO] Creating new database at '/Users/seyoung/data/repo/target/clover/clover.db'.
[INFO] Processing files at 1.8 source level.
[INFO] Clover all over. Instrumented 23 files (1 package).
[INFO] OpenClover Version 4.4.1, built on October 11 2019 (build-1020)
[INFO] Updating existing database at '/Users/seyoung/data/repo/target/clover/clover.db'.
[INFO] Processing files at 1.8 source level.
[INFO] Clover all over. Instrumented 29 files (2 packages).
[INFO] 310 test methods detected.
[INFO] 
[INFO] --- maven-enforcer-plugin:3.0.0-M3:enforce (enforce-maven-version) @ commons-cli ---
[INFO] 
[INFO] --- maven-enforcer-plugin:3.0.0-M3:enforce (enforce-maven-3) @ commons-cli ---
[INFO] 
[INFO] --- apache-rat-plugin:0.13:check (rat-check) @ commons-cli ---
[INFO] Enabled default license matchers.
[INFO] Will parse SCM ignores for exclusions...
[INFO] Parsing exclusions from /Users/seyoung/data/repo/.gitignore
[INFO] Finished adding exclusions from SCM ignore files.
[INFO] 76 implicit excludes (use -debug for more details).
[INFO] 10 explicit excludes (use -debug for more details).
[INFO] 97 resources included (use -debug for more details)
[INFO] Rat check: Summary over all files. Unapproved: 0, unknown: 0, generated: 0, approved: 90 licenses.
[INFO] 
[INFO] --- build-helper-maven-plugin:3.2.0:parse-version (parse-version) @ commons-cli ---
[INFO] 
[INFO] --- maven-antrun-plugin:3.0.0:run (javadoc.resources) @ commons-cli ---
[INFO] Executing tasks
[INFO]      [copy] Copying 2 files to /Users/seyoung/data/repo/target/apidocs/META-INF
[INFO] Executed tasks
[INFO] 
[INFO] --- maven-remote-resources-plugin:1.7.0:process (process-resource-bundles) @ commons-cli ---
[INFO] Skipping remote resources execution.
[INFO] 
[INFO] --- buildnumber-maven-plugin:1.4:create (default) @ commons-cli ---
[INFO] Executing: /bin/sh -c cd '/Users/seyoung/data/repo' && 'git' 'rev-parse' '--verify' 'HEAD'
[INFO] Working directory: /Users/seyoung/data/repo
[INFO] Storing buildNumber: ae7bc3f3cf57cabf3e663ba5df76affa36633255 at timestamp: 1637996061881
[INFO] Storing buildScmBranch: master
[INFO] 
[INFO] --- maven-resources-plugin:3.1.0:resources (default-resources) @ commons-cli ---
[INFO] Using 'utf-8' encoding to copy filtered resources.
[INFO] skip non existing resourceDirectory /Users/seyoung/data/repo/src/main/resources
[INFO] Copying 2 resources to META-INF
[INFO] Copying 1 resource
[INFO] 
[INFO] --- maven-compiler-plugin:3.8.1:compile (default-compile) @ commons-cli ---
[INFO] Changes detected - recompiling the module!
[INFO] Compiling 23 source files to /Users/seyoung/data/repo/target/classes
[INFO] /Users/seyoung/data/repo/target/clover/src-instrumented/org/apache/commons/cli/Parser.java: Some input files use unchecked or unsafe operations.
[INFO] /Users/seyoung/data/repo/target/clover/src-instrumented/org/apache/commons/cli/Parser.java: Recompile with -Xlint:unchecked for details.
[INFO] 
[INFO] --- maven-bundle-plugin:5.1.2:manifest (bundle-manifest) @ commons-cli ---
[INFO] 
[INFO] --- maven-resources-plugin:3.1.0:testResources (default-testResources) @ commons-cli ---
[INFO] Using 'utf-8' encoding to copy filtered resources.
[INFO] Copying 1 resource
[INFO] Copying 2 resources to META-INF
[INFO] 
[INFO] --- maven-compiler-plugin:3.8.1:testCompile (default-testCompile) @ commons-cli ---
[INFO] Changes detected - recompiling the module!
[INFO] Compiling 29 source files to /Users/seyoung/data/repo/target/test-classes
[INFO] /Users/seyoung/data/repo/target/clover/src-test-instrumented/org/apache/commons/cli/bug/BugsTest.java: Some input files use or override a deprecated API.
[INFO] /Users/seyoung/data/repo/target/clover/src-test-instrumented/org/apache/commons/cli/bug/BugsTest.java: Recompile with -Xlint:deprecation for details.
[INFO] 
[INFO] --- animal-sniffer-maven-plugin:1.20:check (checkAPIcompatibility) @ commons-cli ---
[INFO] Checking unresolved references to org.codehaus.mojo.signature:java17:1.0
[INFO] 
[INFO] --- jacoco-maven-plugin:0.8.7:prepare-agent (prepare-agent) @ commons-cli ---
[INFO] argLine set to -javaagent:/Users/seyoung/.m2/repository/org/jacoco/org.jacoco.agent/0.8.7/org.jacoco.agent-0.8.7-runtime.jar=destfile=/Users/seyoung/data/repo/target/jacoco.exec
[INFO] 
[INFO] --- maven-surefire-plugin:3.0.0-M5:test (default-test) @ commons-cli ---
[INFO] 
[INFO] -------------------------------------------------------
[INFO]  T E S T S
[INFO] -------------------------------------------------------
[INFO] Running org.apache.commons.cli.UtilTest
[INFO] Tests run: 2, Failures: 0, Errors: 0, Skipped: 0, Time elapsed: 0.067 s - in org.apache.commons.cli.UtilTest
[INFO] Running org.apache.commons.cli.DisablePartialMatchingTest
[INFO] Tests run: 2, Failures: 0, Errors: 0, Skipped: 0, Time elapsed: 0.004 s - in org.apache.commons.cli.DisablePartialMatchingTest
[INFO] Running org.apache.commons.cli.CommandLineTest
[INFO] Tests run: 8, Failures: 0, Errors: 0, Skipped: 0, Time elapsed: 0.015 s - in org.apache.commons.cli.CommandLineTest
[INFO] Running org.apache.commons.cli.PatternOptionBuilderTest
Exception found converting v to desired type: Unable to parse the URL: foo://commons.apache.org
Exception found converting d to desired type: Unable to find the class: System.DateTime
Exception found converting f to desired type: Unable to find file: non-existing.file
Exception found converting x to desired type: For input string: "3,5"
Exception found converting i to desired type: java.lang.IllegalAccessException; Unable to create an instance of: java.util.Calendar
Exception found converting n to desired type: Unable to find the class: System.DateTime
[INFO] Tests run: 10, Failures: 0, Errors: 0, Skipped: 0, Time elapsed: 0.027 s - in org.apache.commons.cli.PatternOptionBuilderTest
[INFO] Running org.apache.commons.cli.DefaultParserTest
[INFO] Tests run: 69, Failures: 0, Errors: 0, Skipped: 0, Time elapsed: 0.05 s - in org.apache.commons.cli.DefaultParserTest
[INFO] Running org.apache.commons.cli.HelpFormatterTest
[INFO] Tests run: 27, Failures: 0, Errors: 0, Skipped: 0, Time elapsed: 0.03 s - in org.apache.commons.cli.HelpFormatterTest
[INFO] Running org.apache.commons.cli.bug.BugCLI133Test
[INFO] Tests run: 1, Failures: 0, Errors: 0, Skipped: 0, Time elapsed: 0.002 s - in org.apache.commons.cli.bug.BugCLI133Test
[INFO] Running org.apache.commons.cli.bug.BugCLI13Test
[INFO] Tests run: 1, Failures: 0, Errors: 0, Skipped: 0, Time elapsed: 0 s - in org.apache.commons.cli.bug.BugCLI13Test
[INFO] Running org.apache.commons.cli.bug.BugCLI18Test
[INFO] Tests run: 1, Failures: 0, Errors: 0, Skipped: 0, Time elapsed: 0.002 s - in org.apache.commons.cli.bug.BugCLI18Test
[INFO] Running org.apache.commons.cli.bug.BugCLI148Test
[INFO] Tests run: 2, Failures: 0, Errors: 0, Skipped: 0, Time elapsed: 0.002 s - in org.apache.commons.cli.bug.BugCLI148Test
[INFO] Running org.apache.commons.cli.bug.BugCLI71Test
[INFO] Tests run: 4, Failures: 0, Errors: 0, Skipped: 0, Time elapsed: 0.003 s - in org.apache.commons.cli.bug.BugCLI71Test
[INFO] Running org.apache.commons.cli.bug.BugCLI265Test
[INFO] Tests run: 3, Failures: 0, Errors: 0, Skipped: 0, Time elapsed: 0.001 s - in org.apache.commons.cli.bug.BugCLI265Test
[INFO] Running org.apache.commons.cli.bug.BugCLI162Test
[INFO] Tests run: 4, Failures: 0, Errors: 0, Skipped: 0, Time elapsed: 0.005 s - in org.apache.commons.cli.bug.BugCLI162Test
[INFO] Running org.apache.commons.cli.bug.BugCLI266Test
[INFO] Tests run: 2, Failures: 0, Errors: 0, Skipped: 0, Time elapsed: 0.002 s - in org.apache.commons.cli.bug.BugCLI266Test
[INFO] Running org.apache.commons.cli.bug.BugsTest
[INFO] Tests run: 12, Failures: 0, Errors: 0, Skipped: 0, Time elapsed: 0.012 s - in org.apache.commons.cli.bug.BugsTest
[INFO] Running org.apache.commons.cli.bug.BugCLI252Test
[INFO] Tests run: 2, Failures: 0, Errors: 0, Skipped: 0, Time elapsed: 0.002 s - in org.apache.commons.cli.bug.BugCLI252Test
[INFO] Running org.apache.commons.cli.ApplicationTest
[INFO] Tests run: 5, Failures: 0, Errors: 0, Skipped: 0, Time elapsed: 0.009 s - in org.apache.commons.cli.ApplicationTest
[INFO] Running org.apache.commons.cli.OptionGroupTest
[INFO] Tests run: 13, Failures: 0, Errors: 0, Skipped: 0, Time elapsed: 0.009 s - in org.apache.commons.cli.OptionGroupTest
[INFO] Running org.apache.commons.cli.OptionTest
[INFO] Tests run: 14, Failures: 0, Errors: 0, Skipped: 0, Time elapsed: 0.012 s - in org.apache.commons.cli.OptionTest
[INFO] Running org.apache.commons.cli.ArgumentIsOptionTest
[INFO] Tests run: 3, Failures: 0, Errors: 0, Skipped: 0, Time elapsed: 0.002 s - in org.apache.commons.cli.ArgumentIsOptionTest
[INFO] Running org.apache.commons.cli.GnuParserTest
[WARNING] Tests run: 62, Failures: 0, Errors: 0, Skipped: 21, Time elapsed: 0.025 s - in org.apache.commons.cli.GnuParserTest
[INFO] Running org.apache.commons.cli.PosixParserTest
[WARNING] Tests run: 62, Failures: 0, Errors: 0, Skipped: 9, Time elapsed: 0.032 s - in org.apache.commons.cli.PosixParserTest
[INFO] Running org.apache.commons.cli.OptionBuilderTest
[INFO] Tests run: 9, Failures: 0, Errors: 0, Skipped: 0, Time elapsed: 0.003 s - in org.apache.commons.cli.OptionBuilderTest
[INFO] Running org.apache.commons.cli.TypeHandlerTest
[INFO] Tests run: 17, Failures: 0, Errors: 0, Skipped: 0, Time elapsed: 0.009 s - in org.apache.commons.cli.TypeHandlerTest
[INFO] Running org.apache.commons.cli.OptionsTest
[INFO] Tests run: 10, Failures: 0, Errors: 0, Skipped: 0, Time elapsed: 0.005 s - in org.apache.commons.cli.OptionsTest
[INFO] Running org.apache.commons.cli.BasicParserTest
[WARNING] Tests run: 62, Failures: 0, Errors: 0, Skipped: 26, Time elapsed: 0.018 s - in org.apache.commons.cli.BasicParserTest
[INFO] Running org.apache.commons.cli.ValueTest
[INFO] Tests run: 24, Failures: 0, Errors: 0, Skipped: 0, Time elapsed: 0.015 s - in org.apache.commons.cli.ValueTest
[INFO] Running org.apache.commons.cli.ValuesTest
[INFO] Tests run: 7, Failures: 0, Errors: 0, Skipped: 0, Time elapsed: 0.006 s - in org.apache.commons.cli.ValuesTest
[INFO] 
[INFO] Results:
[INFO] 
[WARNING] Tests run: 438, Failures: 0, Errors: 0, Skipped: 56
[INFO] 
[INFO] 
[INFO] ----------------------< commons-cli:commons-cli >-----------------------
[INFO] Building Apache Commons CLI 1.6-SNAPSHOT
[INFO] --------------------------------[ jar ]---------------------------------
[INFO] 
[INFO] --- clover-maven-plugin:4.4.1:aggregate (default-cli) @ commons-cli ---
[INFO] 
[INFO] ----------------------< commons-cli:commons-cli >-----------------------
[INFO] Building Apache Commons CLI 1.6-SNAPSHOT
[INFO] --------------------------------[ jar ]---------------------------------
[INFO] 
[INFO] --- clover-maven-plugin:4.4.1:clover (default-cli) @ commons-cli ---
[INFO] Using default-clover-report descriptor.
[INFO] Using Clover report descriptor: /var/folders/c3/vd5gtpms4730p559wddlm0zw0000gn/T/mvn4178191866235065244resource
[INFO] OpenClover Version 4.4.1, built on October 11 2019 (build-1020)
[INFO] Clover is enabled with initstring '/Users/seyoung/data/repo/target/clover/clover.db'
[INFO] OpenClover Version 4.4.1, built on October 11 2019 (build-1020)
[INFO] Loading coverage database from: '/Users/seyoung/data/repo/target/clover/clover.db'
[INFO] Writing report to '/Users/seyoung/data/repo/target/site/clover/clover.xml'
[INFO] ------------------------------------------------------------------------
[INFO] BUILD SUCCESS
[INFO] ------------------------------------------------------------------------
[INFO] Total time:  22.449 s
[INFO] Finished at: 2021-11-27T15:54:27+09:00
[INFO] ------------------------------------------------------------------------
[main][10/14] cp repo/target/site/clover/clover.xml ./clover.xml
[main][11/14] python identify_tests.py
Done.
[main][12/14] mkdir -p clover
[main][13/14] bash tests.sh
[test][1/192] org.apache.commons.cli.ApplicationTest#testAnt
[test][2/192] org.apache.commons.cli.ApplicationTest#testGroovy
[test][3/192] org.apache.commons.cli.ApplicationTest#testLs
[test][4/192] org.apache.commons.cli.ApplicationTest#testMan
[test][5/192] org.apache.commons.cli.ApplicationTest#testNLT
[test][6/192] org.apache.commons.cli.ArgumentIsOptionTest#testOption
[test][7/192] org.apache.commons.cli.ArgumentIsOptionTest#testOptionAndOptionWithArgument
[test][8/192] org.apache.commons.cli.ArgumentIsOptionTest#testOptionWithArgument
[test][9/192] org.apache.commons.cli.CommandLineTest#testBuilder
[test][10/192] org.apache.commons.cli.CommandLineTest#testGetOptionProperties
[test][11/192] org.apache.commons.cli.CommandLineTest#testGetOptionPropertiesWithOption
[test][12/192] org.apache.commons.cli.CommandLineTest#testGetOptions
[test][13/192] org.apache.commons.cli.CommandLineTest#testGetParsedOptionValue
[test][14/192] org.apache.commons.cli.CommandLineTest#testGetParsedOptionValueWithChar
[test][15/192] org.apache.commons.cli.CommandLineTest#testGetParsedOptionValueWithOption
[test][16/192] org.apache.commons.cli.CommandLineTest#testNullhOption
[test][17/192] org.apache.commons.cli.DefaultParserTest#testBuilder
[test][18/192] org.apache.commons.cli.DefaultParserTest#testLongOptionQuoteHandlingWithStrip
[test][19/192] org.apache.commons.cli.DefaultParserTest#testLongOptionQuoteHandlingWithoutStrip
[test][20/192] org.apache.commons.cli.DefaultParserTest#testLongOptionWithEqualsQuoteHandling
[test][21/192] org.apache.commons.cli.DefaultParserTest#testLongOptionWithEqualsQuoteHandlingWithStrip
[test][22/192] org.apache.commons.cli.DefaultParserTest#testLongOptionWithEqualsQuoteHandlingWithoutStrip
[test][23/192] org.apache.commons.cli.DefaultParserTest#testShortOptionConcatenatedQuoteHandling
[test][24/192] org.apache.commons.cli.DefaultParserTest#testShortOptionQuoteHandlingWithStrip
[test][25/192] org.apache.commons.cli.DefaultParserTest#testShortOptionQuoteHandlingWithoutStrip
[test][26/192] org.apache.commons.cli.DisablePartialMatchingTest#testDisablePartialMatching
[test][27/192] org.apache.commons.cli.DisablePartialMatchingTest#testRegularPartialMatching
[test][28/192] org.apache.commons.cli.HelpFormatterTest#testAccessors
[test][29/192] org.apache.commons.cli.HelpFormatterTest#testAutomaticUsage
[test][30/192] org.apache.commons.cli.HelpFormatterTest#testDefaultArgName
[test][31/192] org.apache.commons.cli.HelpFormatterTest#testFindWrapPos
[test][32/192] org.apache.commons.cli.HelpFormatterTest#testHeaderStartingWithLineSeparator
[test][33/192] org.apache.commons.cli.HelpFormatterTest#testHelpWithLongOptSeparator
[test][34/192] org.apache.commons.cli.HelpFormatterTest#testIndentedHeaderAndFooter
[test][35/192] org.apache.commons.cli.HelpFormatterTest#testOptionWithoutShortFormat
[test][36/192] org.apache.commons.cli.HelpFormatterTest#testOptionWithoutShortFormat2
[test][37/192] org.apache.commons.cli.HelpFormatterTest#testPrintHelpNewlineFooter
[test][38/192] org.apache.commons.cli.HelpFormatterTest#testPrintHelpNewlineHeader
[test][39/192] org.apache.commons.cli.HelpFormatterTest#testPrintHelpWithEmptySyntax
[test][40/192] org.apache.commons.cli.HelpFormatterTest#testPrintOptionGroupUsage
[test][41/192] org.apache.commons.cli.HelpFormatterTest#testPrintOptionWithEmptyArgNameUsage
[test][42/192] org.apache.commons.cli.HelpFormatterTest#testPrintOptions
[test][43/192] org.apache.commons.cli.HelpFormatterTest#testPrintRequiredOptionGroupUsage
[test][44/192] org.apache.commons.cli.HelpFormatterTest#testPrintSortedUsage
[test][45/192] org.apache.commons.cli.HelpFormatterTest#testPrintSortedUsageWithNullComparator
[test][46/192] org.apache.commons.cli.HelpFormatterTest#testPrintUsage
[test][47/192] org.apache.commons.cli.HelpFormatterTest#testRenderWrappedTextMultiLine
[test][48/192] org.apache.commons.cli.HelpFormatterTest#testRenderWrappedTextMultiLinePadded
[test][49/192] org.apache.commons.cli.HelpFormatterTest#testRenderWrappedTextSingleLine
[test][50/192] org.apache.commons.cli.HelpFormatterTest#testRenderWrappedTextSingleLinePadded
[test][51/192] org.apache.commons.cli.HelpFormatterTest#testRenderWrappedTextSingleLinePadded2
[test][52/192] org.apache.commons.cli.HelpFormatterTest#testRenderWrappedTextWordCut
[test][53/192] org.apache.commons.cli.HelpFormatterTest#testRtrim
[test][54/192] org.apache.commons.cli.HelpFormatterTest#testUsageWithLongOptSeparator
[test][55/192] org.apache.commons.cli.OptionBuilderTest#testBaseOptionCharOpt
[test][56/192] org.apache.commons.cli.OptionBuilderTest#testBaseOptionStringOpt
[test][57/192] org.apache.commons.cli.OptionBuilderTest#testBuilderIsResettedAlways
[test][58/192] org.apache.commons.cli.OptionBuilderTest#testCompleteOption
[test][59/192] org.apache.commons.cli.OptionBuilderTest#testCreateIncompleteOption
[test][60/192] org.apache.commons.cli.OptionBuilderTest#testIllegalOptions
[test][61/192] org.apache.commons.cli.OptionBuilderTest#testOptionArgNumbers
[test][62/192] org.apache.commons.cli.OptionBuilderTest#testSpecialOptChars
[test][63/192] org.apache.commons.cli.OptionBuilderTest#testTwoCompleteOptions
[test][64/192] org.apache.commons.cli.OptionGroupTest#testGetNames
[test][65/192] org.apache.commons.cli.OptionGroupTest#testNoOptionsExtraArgs
[test][66/192] org.apache.commons.cli.OptionGroupTest#testSingleLongOption
[test][67/192] org.apache.commons.cli.OptionGroupTest#testSingleOption
[test][68/192] org.apache.commons.cli.OptionGroupTest#testSingleOptionFromGroup
[test][69/192] org.apache.commons.cli.OptionGroupTest#testToString
[test][70/192] org.apache.commons.cli.OptionGroupTest#testTwoLongOptionsFromGroup
[test][71/192] org.apache.commons.cli.OptionGroupTest#testTwoOptionsFromDifferentGroup
[test][72/192] org.apache.commons.cli.OptionGroupTest#testTwoOptionsFromGroup
[test][73/192] org.apache.commons.cli.OptionGroupTest#testTwoOptionsFromGroupWithProperties
[test][74/192] org.apache.commons.cli.OptionGroupTest#testTwoValidLongOptions
[test][75/192] org.apache.commons.cli.OptionGroupTest#testTwoValidOptions
[test][76/192] org.apache.commons.cli.OptionGroupTest#testValidLongOnlyOptions
[test][77/192] org.apache.commons.cli.OptionTest#testBuilderInsufficientParams1
[test][78/192] org.apache.commons.cli.OptionTest#testBuilderInsufficientParams2
[test][79/192] org.apache.commons.cli.OptionTest#testBuilderInvalidOptionName1
[test][80/192] org.apache.commons.cli.OptionTest#testBuilderInvalidOptionName2
[test][81/192] org.apache.commons.cli.OptionTest#testBuilderInvalidOptionName3
[test][82/192] org.apache.commons.cli.OptionTest#testBuilderInvalidOptionName4
[test][83/192] org.apache.commons.cli.OptionTest#testBuilderMethods
[test][84/192] org.apache.commons.cli.OptionTest#testClear
[test][85/192] org.apache.commons.cli.OptionTest#testClone
[test][86/192] org.apache.commons.cli.OptionTest#testGetValue
[test][87/192] org.apache.commons.cli.OptionTest#testHasArgName
[test][88/192] org.apache.commons.cli.OptionTest#testHasArgs
[test][89/192] org.apache.commons.cli.OptionTest#testHashCode
[test][90/192] org.apache.commons.cli.OptionTest#testSubclass
[test][91/192] org.apache.commons.cli.OptionsTest#testDuplicateLong
[test][92/192] org.apache.commons.cli.OptionsTest#testDuplicateSimple
[test][93/192] org.apache.commons.cli.OptionsTest#testGetMatchingOpts
[test][94/192] org.apache.commons.cli.OptionsTest#testGetOptionsGroups
[test][95/192] org.apache.commons.cli.OptionsTest#testHelpOptions
[test][96/192] org.apache.commons.cli.OptionsTest#testLong
[test][97/192] org.apache.commons.cli.OptionsTest#testMissingOptionException
[test][98/192] org.apache.commons.cli.OptionsTest#testMissingOptionsException
[test][99/192] org.apache.commons.cli.OptionsTest#testSimple
[test][100/192] org.apache.commons.cli.OptionsTest#testToString
[test][101/192] org.apache.commons.cli.PatternOptionBuilderTest#testClassPattern
[test][102/192] org.apache.commons.cli.PatternOptionBuilderTest#testEmptyPattern
[test][103/192] org.apache.commons.cli.PatternOptionBuilderTest#testExistingFilePattern
[test][104/192] org.apache.commons.cli.PatternOptionBuilderTest#testExistingFilePatternFileNotExist
[test][105/192] org.apache.commons.cli.PatternOptionBuilderTest#testNumberPattern
[test][106/192] org.apache.commons.cli.PatternOptionBuilderTest#testObjectPattern
[test][107/192] org.apache.commons.cli.PatternOptionBuilderTest#testRequiredOption
[test][108/192] org.apache.commons.cli.PatternOptionBuilderTest#testSimplePattern
[test][109/192] org.apache.commons.cli.PatternOptionBuilderTest#testURLPattern
[test][110/192] org.apache.commons.cli.PatternOptionBuilderTest#testUntypedPattern
[test][111/192] org.apache.commons.cli.TypeHandlerTest#testCreateValueClass
[test][112/192] org.apache.commons.cli.TypeHandlerTest#testCreateValueClass_notFound
[test][113/192] org.apache.commons.cli.TypeHandlerTest#testCreateValueDate
[test][114/192] org.apache.commons.cli.TypeHandlerTest#testCreateValueExistingFile
[test][115/192] org.apache.commons.cli.TypeHandlerTest#testCreateValueExistingFile_nonExistingFile
[test][116/192] org.apache.commons.cli.TypeHandlerTest#testCreateValueFile
[test][117/192] org.apache.commons.cli.TypeHandlerTest#testCreateValueFiles
[test][118/192] org.apache.commons.cli.TypeHandlerTest#testCreateValueInteger_failure
[test][119/192] org.apache.commons.cli.TypeHandlerTest#testCreateValueNumber_Double
[test][120/192] org.apache.commons.cli.TypeHandlerTest#testCreateValueNumber_Long
[test][121/192] org.apache.commons.cli.TypeHandlerTest#testCreateValueNumber_noNumber
[test][122/192] org.apache.commons.cli.TypeHandlerTest#testCreateValueObject_InstantiableClass
[test][123/192] org.apache.commons.cli.TypeHandlerTest#testCreateValueObject_notInstantiableClass
[test][124/192] org.apache.commons.cli.TypeHandlerTest#testCreateValueObject_unknownClass
[test][125/192] org.apache.commons.cli.TypeHandlerTest#testCreateValueString
[test][126/192] org.apache.commons.cli.TypeHandlerTest#testCreateValueURL
[test][127/192] org.apache.commons.cli.TypeHandlerTest#testCreateValueURL_malformed
[test][128/192] org.apache.commons.cli.UtilTest#testStripLeadingAndTrailingQuotes
[test][129/192] org.apache.commons.cli.UtilTest#testStripLeadingHyphens
[test][130/192] org.apache.commons.cli.ValueTest#testLongNoArg
[test][131/192] org.apache.commons.cli.ValueTest#testLongNoArgWithOption
[test][132/192] org.apache.commons.cli.ValueTest#testLongOptionalArgValue
[test][133/192] org.apache.commons.cli.ValueTest#testLongOptionalArgValueWithOption
[test][134/192] org.apache.commons.cli.ValueTest#testLongOptionalArgValues
[test][135/192] org.apache.commons.cli.ValueTest#testLongOptionalArgValuesWithOption
[test][136/192] org.apache.commons.cli.ValueTest#testLongOptionalNArgValues
[test][137/192] org.apache.commons.cli.ValueTest#testLongOptionalNArgValuesWithOption
[test][138/192] org.apache.commons.cli.ValueTest#testLongOptionalNoValue
[test][139/192] org.apache.commons.cli.ValueTest#testLongOptionalNoValueWithOption
[test][140/192] org.apache.commons.cli.ValueTest#testLongWithArg
[test][141/192] org.apache.commons.cli.ValueTest#testLongWithArgWithOption
[test][142/192] org.apache.commons.cli.ValueTest#testShortNoArg
[test][143/192] org.apache.commons.cli.ValueTest#testShortNoArgWithOption
[test][144/192] org.apache.commons.cli.ValueTest#testShortOptionalArgNoValue
[test][145/192] org.apache.commons.cli.ValueTest#testShortOptionalArgNoValueWithOption
[test][146/192] org.apache.commons.cli.ValueTest#testShortOptionalArgValue
[test][147/192] org.apache.commons.cli.ValueTest#testShortOptionalArgValueWithOption
[test][148/192] org.apache.commons.cli.ValueTest#testShortOptionalArgValues
[test][149/192] org.apache.commons.cli.ValueTest#testShortOptionalArgValuesWithOption
[test][150/192] org.apache.commons.cli.ValueTest#testShortOptionalNArgValues
[test][151/192] org.apache.commons.cli.ValueTest#testShortOptionalNArgValuesWithOption
[test][152/192] org.apache.commons.cli.ValueTest#testShortWithArg
[test][153/192] org.apache.commons.cli.ValueTest#testShortWithArgWithOption
[test][154/192] org.apache.commons.cli.ValuesTest#testCharSeparator
[test][155/192] org.apache.commons.cli.ValuesTest#testComplexValues
[test][156/192] org.apache.commons.cli.ValuesTest#testExtraArgs
[test][157/192] org.apache.commons.cli.ValuesTest#testMultipleArgValues
[test][158/192] org.apache.commons.cli.ValuesTest#testShortArgs
[test][159/192] org.apache.commons.cli.ValuesTest#testShortArgsWithValue
[test][160/192] org.apache.commons.cli.ValuesTest#testTwoArgValues
[test][161/192] org.apache.commons.cli.bug.BugCLI133Test#testOrder
[test][162/192] org.apache.commons.cli.bug.BugCLI13Test#testCLI13
[test][163/192] org.apache.commons.cli.bug.BugCLI148Test#testWorkaround1
[test][164/192] org.apache.commons.cli.bug.BugCLI148Test#testWorkaround2
[test][165/192] org.apache.commons.cli.bug.BugCLI162Test#testInfiniteLoop
[test][166/192] org.apache.commons.cli.bug.BugCLI162Test#testLongLineChunking
[test][167/192] org.apache.commons.cli.bug.BugCLI162Test#testLongLineChunkingIndentIgnored
[test][168/192] org.apache.commons.cli.bug.BugCLI162Test#testPrintHelpLongLines
[test][169/192] org.apache.commons.cli.bug.BugCLI18Test#testCLI18
[test][170/192] org.apache.commons.cli.bug.BugCLI252Test#testAmbiquousOptionName
[test][171/192] org.apache.commons.cli.bug.BugCLI252Test#testExactOptionNameMatch
[test][172/192] org.apache.commons.cli.bug.BugCLI265Test#shouldParseConcatenatedShortOptions
[test][173/192] org.apache.commons.cli.bug.BugCLI265Test#shouldParseShortOptionWithValue
[test][174/192] org.apache.commons.cli.bug.BugCLI265Test#shouldParseShortOptionWithoutValue
[test][175/192] org.apache.commons.cli.bug.BugCLI266Test#testOptionComparatorDefaultOrder
[test][176/192] org.apache.commons.cli.bug.BugCLI266Test#testOptionComparatorInsertedOrder
[test][177/192] org.apache.commons.cli.bug.BugCLI71Test#testBasic
[test][178/192] org.apache.commons.cli.bug.BugCLI71Test#testGetsDefaultIfOptional
[test][179/192] org.apache.commons.cli.bug.BugCLI71Test#testLackOfError
[test][180/192] org.apache.commons.cli.bug.BugCLI71Test#testMistakenArgument
[test][181/192] org.apache.commons.cli.bug.BugsTest#test11456
[test][182/192] org.apache.commons.cli.bug.BugsTest#test11457
[test][183/192] org.apache.commons.cli.bug.BugsTest#test11458
[test][184/192] org.apache.commons.cli.bug.BugsTest#test11680
[test][185/192] org.apache.commons.cli.bug.BugsTest#test12210
[test][186/192] org.apache.commons.cli.bug.BugsTest#test13425
[test][187/192] org.apache.commons.cli.bug.BugsTest#test13666
[test][188/192] org.apache.commons.cli.bug.BugsTest#test13935
[test][189/192] org.apache.commons.cli.bug.BugsTest#test14786
[test][190/192] org.apache.commons.cli.bug.BugsTest#test15046
[test][191/192] org.apache.commons.cli.bug.BugsTest#test15648
[test][192/192] org.apache.commons.cli.bug.BugsTest#test31148
[main][14/14] python parse_data.py
  0%|          | 0/192 [00:00<?, ?it/s]  8%|▊         | 16/192 [00:00<00:01, 155.86it/s] 17%|█▋        | 32/192 [00:00<00:01, 157.89it/s] 25%|██▌       | 48/192 [00:00<00:00, 158.26it/s] 33%|███▎      | 64/192 [00:00<00:00, 157.76it/s] 42%|████▏     | 80/192 [00:00<00:00, 157.96it/s] 50%|█████     | 96/192 [00:00<00:00, 158.29it/s] 58%|█████▊    | 112/192 [00:00<00:00, 157.77it/s] 67%|██████▋   | 129/192 [00:00<00:00, 158.86it/s] 76%|███████▌  | 145/192 [00:00<00:00, 157.16it/s] 84%|████████▍ | 161/192 [00:01<00:00, 155.13it/s] 92%|█████████▏| 177/192 [00:01<00:00, 156.40it/s]100%|██████████| 192/192 [00:01<00:00, 157.52it/s]
Done.
