[main][1/14] rm -rf repo clover clover.xml git.log tests.sh
[main][2/14] git clone --depth 1 --recursive https://github.com/avaje-metrics/metrics repo
'repo'에 복제합니다...
[main][3/14] java -version
openjdk version "1.8.0_312"
OpenJDK Runtime Environment (Zulu 8.58.0.13-CA-macos-aarch64) (build 1.8.0_312-b07)
OpenJDK 64-Bit Server VM (Zulu 8.58.0.13-CA-macos-aarch64) (build 25.312-b07, mixed mode)
[main][4/14] mvn --version
Apache Maven 3.8.4 (9b656c72d54e5bacbed989b64718c159fe39b537)
Maven home: /opt/homebrew/Cellar/maven/3.8.4/libexec
Java version: 1.8.0_312, vendor: Azul Systems, Inc., runtime: /Library/Java/JavaVirtualMachines/zulu-8.jdk/Contents/Home/jre
Default locale: ko_KR, platform encoding: UTF-8
OS name: "mac os x", version: "11.6", arch: "aarch64", family: "mac"
[main][5/14] git --version
git version 2.33.1
[main][6/14] git --git-dir repo/.git config --get remote.origin.url > git.log
[main][7/14] git --git-dir repo/.git log -n 1 --format=%ct%n%H >> git.log
[main][8/14] mvn --file repo/pom.xml --fail-never clean test
[INFO] Scanning for projects...
Downloading from central: https://repo.maven.apache.org/maven2/org/avaje/java8-oss/3.1/java8-oss-3.1.pom
Progress (1): 2.7/5.5 kBProgress (1): 5.5/5.5 kBProgress (1): 5.5 kB                        Downloaded from central: https://repo.maven.apache.org/maven2/org/avaje/java8-oss/3.1/java8-oss-3.1.pom (5.5 kB at 5.4 kB/s)
[INFO] Inspecting build with total of 1 modules...
[INFO] Installing Nexus Staging features:
[INFO]   ... total of 1 executions of maven-deploy-plugin replaced with nexus-staging-maven-plugin
[INFO] 
[INFO] ----------------------< io.avaje.metrics:metrics >----------------------
[INFO] Building metrics 8.7-SNAPSHOT
[INFO] --------------------------------[ jar ]---------------------------------
Downloading from central: https://repo.maven.apache.org/maven2/org/slf4j/slf4j-api/1.7.30/slf4j-api-1.7.30.pom
Progress (1): 2.7/3.8 kBProgress (1): 3.8 kB                        Downloaded from central: https://repo.maven.apache.org/maven2/org/slf4j/slf4j-api/1.7.30/slf4j-api-1.7.30.pom (3.8 kB at 14 kB/s)
Downloading from central: https://repo.maven.apache.org/maven2/org/slf4j/slf4j-parent/1.7.30/slf4j-parent-1.7.30.pom
Progress (1): 2.7/14 kBProgress (1): 5.5/14 kBProgress (1): 8.2/14 kBProgress (1): 11/14 kB Progress (1): 14/14 kBProgress (1): 14 kB                      Downloaded from central: https://repo.maven.apache.org/maven2/org/slf4j/slf4j-parent/1.7.30/slf4j-parent-1.7.30.pom (14 kB at 47 kB/s)
Downloading from central: https://repo.maven.apache.org/maven2/ch/qos/logback/logback-core/1.2.0/logback-core-1.2.0.pom
Progress (1): 2.7/4.4 kBProgress (1): 4.4 kB                        Downloaded from central: https://repo.maven.apache.org/maven2/ch/qos/logback/logback-core/1.2.0/logback-core-1.2.0.pom (4.4 kB at 15 kB/s)
Downloading from central: https://repo.maven.apache.org/maven2/ch/qos/logback/logback-parent/1.2.0/logback-parent-1.2.0.pom
Progress (1): 2.7/18 kBProgress (1): 5.5/18 kBProgress (1): 8.2/18 kBProgress (1): 11/18 kB Progress (1): 14/18 kBProgress (1): 16/18 kBProgress (1): 18 kB                      Downloaded from central: https://repo.maven.apache.org/maven2/ch/qos/logback/logback-parent/1.2.0/logback-parent-1.2.0.pom (18 kB at 59 kB/s)
Downloading from central: https://repo.maven.apache.org/maven2/ch/qos/logback/logback-classic/1.2.0/logback-classic-1.2.0.pom
Progress (1): 2.7/13 kBProgress (1): 5.5/13 kBProgress (1): 8.2/13 kBProgress (1): 11/13 kB Progress (1): 13 kB                      Downloaded from central: https://repo.maven.apache.org/maven2/ch/qos/logback/logback-classic/1.2.0/logback-classic-1.2.0.pom (13 kB at 43 kB/s)
Downloading from central: https://repo.maven.apache.org/maven2/org/slf4j/slf4j-api/1.7.22/slf4j-api-1.7.22.pom
Progress (1): 2.8 kB                    Downloaded from central: https://repo.maven.apache.org/maven2/org/slf4j/slf4j-api/1.7.22/slf4j-api-1.7.22.pom (2.8 kB at 9.8 kB/s)
Downloading from central: https://repo.maven.apache.org/maven2/org/slf4j/slf4j-parent/1.7.22/slf4j-parent-1.7.22.pom
Progress (1): 4.1/14 kBProgress (1): 8.2/14 kBProgress (1): 12/14 kB Progress (1): 14 kB                      Downloaded from central: https://repo.maven.apache.org/maven2/org/slf4j/slf4j-parent/1.7.22/slf4j-parent-1.7.22.pom (14 kB at 45 kB/s)
Downloading from central: https://repo.maven.apache.org/maven2/org/apache/logging/log4j/log4j-core/2.14.1/log4j-core-2.14.1.pom
Progress (1): 4.1/23 kBProgress (1): 8.2/23 kBProgress (1): 12/23 kB Progress (1): 16/23 kBProgress (1): 20/23 kBProgress (1): 23 kB                      Downloaded from central: https://repo.maven.apache.org/maven2/org/apache/logging/log4j/log4j-core/2.14.1/log4j-core-2.14.1.pom (23 kB at 75 kB/s)
Downloading from central: https://repo.maven.apache.org/maven2/org/apache/logging/log4j/log4j/2.14.1/log4j-2.14.1.pom
Progress (1): 4.1/68 kBProgress (1): 8.2/68 kBProgress (1): 12/68 kB Progress (1): 16/68 kBProgress (1): 20/68 kBProgress (1): 25/68 kBProgress (1): 29/68 kBProgress (1): 33/68 kBProgress (1): 37/68 kBProgress (1): 41/68 kBProgress (1): 45/68 kBProgress (1): 49/68 kBProgress (1): 53/68 kBProgress (1): 57/68 kBProgress (1): 61/68 kBProgress (1): 66/68 kBProgress (1): 68 kB                      Downloaded from central: https://repo.maven.apache.org/maven2/org/apache/logging/log4j/log4j/2.14.1/log4j-2.14.1.pom (68 kB at 158 kB/s)
Downloading from central: https://repo.maven.apache.org/maven2/org/apache/logging/logging-parent/3/logging-parent-3.pom
Progress (1): 3.1 kB                    Downloaded from central: https://repo.maven.apache.org/maven2/org/apache/logging/logging-parent/3/logging-parent-3.pom (3.1 kB at 11 kB/s)
Downloading from central: https://repo.maven.apache.org/maven2/org/apache/logging/log4j/log4j-api/2.14.1/log4j-api-2.14.1.pom
Progress (1): 4.1/14 kBProgress (1): 8.2/14 kBProgress (1): 12/14 kB Progress (1): 14 kB                      Downloaded from central: https://repo.maven.apache.org/maven2/org/apache/logging/log4j/log4j-api/2.14.1/log4j-api-2.14.1.pom (14 kB at 50 kB/s)
Downloading from central: https://repo.maven.apache.org/maven2/org/avaje/composite/junit/5.1/junit-5.1.pom
Progress (1): 1.3 kB                    Downloaded from central: https://repo.maven.apache.org/maven2/org/avaje/composite/junit/5.1/junit-5.1.pom (1.3 kB at 3.1 kB/s)
Downloading from central: https://repo.maven.apache.org/maven2/org/junit/jupiter/junit-jupiter-api/5.7.1/junit-jupiter-api-5.7.1.pom
Progress (1): 3.2 kB                    Downloaded from central: https://repo.maven.apache.org/maven2/org/junit/jupiter/junit-jupiter-api/5.7.1/junit-jupiter-api-5.7.1.pom (3.2 kB at 11 kB/s)
Downloading from central: https://repo.maven.apache.org/maven2/org/junit/junit-bom/5.7.1/junit-bom-5.7.1.pom
Progress (1): 4.1/5.1 kBProgress (1): 5.1 kB                        Downloaded from central: https://repo.maven.apache.org/maven2/org/junit/junit-bom/5.7.1/junit-bom-5.7.1.pom (5.1 kB at 18 kB/s)
Downloading from central: https://repo.maven.apache.org/maven2/org/junit/platform/junit-platform-commons/1.7.1/junit-platform-commons-1.7.1.pom
Progress (1): 2.8 kB                    Downloaded from central: https://repo.maven.apache.org/maven2/org/junit/platform/junit-platform-commons/1.7.1/junit-platform-commons-1.7.1.pom (2.8 kB at 9.9 kB/s)
Downloading from central: https://repo.maven.apache.org/maven2/org/junit/jupiter/junit-jupiter-engine/5.7.1/junit-jupiter-engine-5.7.1.pom
Progress (1): 3.2 kB                    Downloaded from central: https://repo.maven.apache.org/maven2/org/junit/jupiter/junit-jupiter-engine/5.7.1/junit-jupiter-engine-5.7.1.pom (3.2 kB at 11 kB/s)
Downloading from central: https://repo.maven.apache.org/maven2/org/junit/platform/junit-platform-engine/1.7.1/junit-platform-engine-1.7.1.pom
Progress (1): 3.2 kB                    Downloaded from central: https://repo.maven.apache.org/maven2/org/junit/platform/junit-platform-engine/1.7.1/junit-platform-engine-1.7.1.pom (3.2 kB at 11 kB/s)
Downloading from central: https://repo.maven.apache.org/maven2/org/assertj/assertj-core/3.19.0/assertj-core-3.19.0.pom
Progress (1): 4.1/24 kBProgress (1): 8.2/24 kBProgress (1): 12/24 kB Progress (1): 16/24 kBProgress (1): 20/24 kBProgress (1): 24 kB                      Downloaded from central: https://repo.maven.apache.org/maven2/org/assertj/assertj-core/3.19.0/assertj-core-3.19.0.pom (24 kB at 83 kB/s)
Downloading from central: https://repo.maven.apache.org/maven2/org/assertj/assertj-parent-pom/2.2.10/assertj-parent-pom-2.2.10.pom
Progress (1): 4.1/24 kBProgress (1): 8.2/24 kBProgress (1): 12/24 kB Progress (1): 16/24 kBProgress (1): 20/24 kBProgress (1): 24 kB                      Downloaded from central: https://repo.maven.apache.org/maven2/org/assertj/assertj-parent-pom/2.2.10/assertj-parent-pom-2.2.10.pom (24 kB at 83 kB/s)
Downloading from central: https://repo.maven.apache.org/maven2/org/junit/junit-bom/5.6.3/junit-bom-5.6.3.pom
Progress (1): 4.1/4.9 kBProgress (1): 4.9 kB                        Downloaded from central: https://repo.maven.apache.org/maven2/org/junit/junit-bom/5.6.3/junit-bom-5.6.3.pom (4.9 kB at 17 kB/s)
Downloading from central: https://repo.maven.apache.org/maven2/org/mockito/mockito-core/3.9.0/mockito-core-3.9.0.pom
Progress (1): 2.5 kB                    Downloaded from central: https://repo.maven.apache.org/maven2/org/mockito/mockito-core/3.9.0/mockito-core-3.9.0.pom (2.5 kB at 9.1 kB/s)
Downloading from central: https://repo.maven.apache.org/maven2/net/bytebuddy/byte-buddy/1.10.20/byte-buddy-1.10.20.pom
Progress (1): 4.1/11 kBProgress (1): 8.2/11 kBProgress (1): 11 kB                       Downloaded from central: https://repo.maven.apache.org/maven2/net/bytebuddy/byte-buddy/1.10.20/byte-buddy-1.10.20.pom (11 kB at 37 kB/s)
Downloading from central: https://repo.maven.apache.org/maven2/net/bytebuddy/byte-buddy-parent/1.10.20/byte-buddy-parent-1.10.20.pom
Progress (1): 4.1/41 kBProgress (1): 8.2/41 kBProgress (1): 12/41 kB Progress (1): 16/41 kBProgress (1): 20/41 kBProgress (1): 25/41 kBProgress (1): 29/41 kBProgress (1): 33/41 kBProgress (1): 37/41 kBProgress (1): 41 kB                      Downloaded from central: https://repo.maven.apache.org/maven2/net/bytebuddy/byte-buddy-parent/1.10.20/byte-buddy-parent-1.10.20.pom (41 kB at 134 kB/s)
Downloading from central: https://repo.maven.apache.org/maven2/net/bytebuddy/byte-buddy-agent/1.10.20/byte-buddy-agent-1.10.20.pom
Progress (1): 4.1/9.6 kBProgress (1): 8.2/9.6 kBProgress (1): 9.6 kB                        Downloaded from central: https://repo.maven.apache.org/maven2/net/bytebuddy/byte-buddy-agent/1.10.20/byte-buddy-agent-1.10.20.pom (9.6 kB at 33 kB/s)
Downloading from central: https://repo.maven.apache.org/maven2/org/objenesis/objenesis/3.2/objenesis-3.2.pom
Progress (1): 3.0 kB                    Downloaded from central: https://repo.maven.apache.org/maven2/org/objenesis/objenesis/3.2/objenesis-3.2.pom (3.0 kB at 10 kB/s)
Downloading from central: https://repo.maven.apache.org/maven2/org/objenesis/objenesis-parent/3.2/objenesis-parent-3.2.pom
Progress (1): 4.1/18 kBProgress (1): 8.2/18 kBProgress (1): 12/18 kB Progress (1): 16/18 kBProgress (1): 18 kB                      Downloaded from central: https://repo.maven.apache.org/maven2/org/objenesis/objenesis-parent/3.2/objenesis-parent-3.2.pom (18 kB at 64 kB/s)
Downloading from central: https://repo.maven.apache.org/maven2/com/fasterxml/jackson/core/jackson-core/2.12.3/jackson-core-2.12.3.pom
Progress (1): 4.1/5.5 kBProgress (1): 5.5 kB                        Downloaded from central: https://repo.maven.apache.org/maven2/com/fasterxml/jackson/core/jackson-core/2.12.3/jackson-core-2.12.3.pom (5.5 kB at 19 kB/s)
Downloading from central: https://repo.maven.apache.org/maven2/com/fasterxml/jackson/jackson-base/2.12.3/jackson-base-2.12.3.pom
Progress (1): 4.1/9.3 kBProgress (1): 8.2/9.3 kBProgress (1): 9.3 kB                        Downloaded from central: https://repo.maven.apache.org/maven2/com/fasterxml/jackson/jackson-base/2.12.3/jackson-base-2.12.3.pom (9.3 kB at 32 kB/s)
Downloading from central: https://repo.maven.apache.org/maven2/com/fasterxml/jackson/jackson-bom/2.12.3/jackson-bom-2.12.3.pom
Progress (1): 4.1/17 kBProgress (1): 8.2/17 kBProgress (1): 12/17 kB Progress (1): 16/17 kBProgress (1): 17 kB                      Downloaded from central: https://repo.maven.apache.org/maven2/com/fasterxml/jackson/jackson-bom/2.12.3/jackson-bom-2.12.3.pom (17 kB at 58 kB/s)
Downloading from central: https://repo.maven.apache.org/maven2/com/fasterxml/jackson/jackson-parent/2.12/jackson-parent-2.12.pom
Progress (1): 4.1/7.5 kBProgress (1): 7.5 kB                        Downloaded from central: https://repo.maven.apache.org/maven2/com/fasterxml/jackson/jackson-parent/2.12/jackson-parent-2.12.pom (7.5 kB at 26 kB/s)
Downloading from central: https://repo.maven.apache.org/maven2/com/fasterxml/jackson/core/jackson-databind/2.12.3/jackson-databind-2.12.3.pom
Progress (1): 4.1/15 kBProgress (1): 8.2/15 kBProgress (1): 12/15 kB Progress (1): 15 kB                      Downloaded from central: https://repo.maven.apache.org/maven2/com/fasterxml/jackson/core/jackson-databind/2.12.3/jackson-databind-2.12.3.pom (15 kB at 51 kB/s)
Downloading from central: https://repo.maven.apache.org/maven2/com/fasterxml/jackson/core/jackson-annotations/2.12.3/jackson-annotations-2.12.3.pom
Progress (1): 4.1/6.0 kBProgress (1): 6.0 kB                        Downloaded from central: https://repo.maven.apache.org/maven2/com/fasterxml/jackson/core/jackson-annotations/2.12.3/jackson-annotations-2.12.3.pom (6.0 kB at 21 kB/s)
Downloading from central: https://repo.maven.apache.org/maven2/org/slf4j/slf4j-api/1.7.30/slf4j-api-1.7.30.jar
Downloading from central: https://repo.maven.apache.org/maven2/ch/qos/logback/logback-core/1.2.0/logback-core-1.2.0.jar
Downloading from central: https://repo.maven.apache.org/maven2/ch/qos/logback/logback-classic/1.2.0/logback-classic-1.2.0.jar
Downloading from central: https://repo.maven.apache.org/maven2/org/apache/logging/log4j/log4j-core/2.14.1/log4j-core-2.14.1.jar
Downloading from central: https://repo.maven.apache.org/maven2/org/apache/logging/log4j/log4j-api/2.14.1/log4j-api-2.14.1.jar
Progress (1): 4.1/473 kBProgress (1): 8.2/473 kBProgress (1): 12/473 kB Progress (1): 16/473 kBProgress (1): 20/473 kBProgress (1): 25/473 kBProgress (1): 29/473 kBProgress (1): 33/473 kBProgress (1): 37/473 kBProgress (1): 41/473 kBProgress (1): 45/473 kBProgress (1): 49/473 kBProgress (1): 53/473 kBProgress (1): 57/473 kBProgress (1): 61/473 kBProgress (1): 66/473 kBProgress (1): 70/473 kBProgress (1): 74/473 kBProgress (1): 78/473 kBProgress (1): 82/473 kBProgress (1): 86/473 kBProgress (1): 90/473 kBProgress (1): 94/473 kBProgress (1): 98/473 kBProgress (1): 102/473 kBProgress (1): 106/473 kBProgress (1): 111/473 kBProgress (1): 115/473 kBProgress (1): 119/473 kBProgress (1): 123/473 kBProgress (1): 127/473 kBProgress (1): 131/473 kBProgress (1): 135/473 kBProgress (1): 139/473 kBProgress (1): 143/473 kBProgress (1): 147/473 kBProgress (1): 152/473 kBProgress (1): 156/473 kBProgress (1): 160/473 kBProgress (1): 164/473 kBProgress (1): 168/473 kBProgress (1): 172/473 kBProgress (1): 176/473 kBProgress (1): 180/473 kBProgress (1): 184/473 kBProgress (1): 188/473 kBProgress (1): 193/473 kBProgress (1): 197/473 kBProgress (1): 201/473 kBProgress (1): 205/473 kBProgress (1): 209/473 kBProgress (1): 213/473 kBProgress (1): 217/473 kBProgress (1): 221/473 kBProgress (1): 225/473 kBProgress (1): 229/473 kBProgress (1): 233/473 kBProgress (1): 238/473 kBProgress (1): 242/473 kBProgress (1): 246/473 kBProgress (1): 250/473 kBProgress (1): 254/473 kBProgress (1): 258/473 kBProgress (1): 262/473 kBProgress (1): 266/473 kBProgress (1): 270/473 kBProgress (1): 274/473 kBProgress (1): 279/473 kBProgress (1): 283/473 kBProgress (1): 287/473 kBProgress (1): 291/473 kBProgress (1): 295/473 kBProgress (1): 299/473 kBProgress (1): 303/473 kBProgress (1): 307/473 kBProgress (1): 311/473 kBProgress (1): 315/473 kBProgress (1): 319/473 kBProgress (1): 324/473 kBProgress (1): 328/473 kBProgress (1): 332/473 kBProgress (1): 336/473 kBProgress (1): 340/473 kBProgress (1): 344/473 kBProgress (1): 348/473 kBProgress (1): 352/473 kBProgress (1): 356/473 kBProgress (1): 360/473 kBProgress (1): 365/473 kBProgress (1): 369/473 kBProgress (1): 373/473 kBProgress (1): 377/473 kBProgress (1): 381/473 kBProgress (1): 385/473 kBProgress (1): 389/473 kBProgress (1): 393/473 kBProgress (1): 397/473 kBProgress (1): 401/473 kBProgress (1): 406/473 kBProgress (1): 410/473 kBProgress (1): 414/473 kBProgress (1): 418/473 kBProgress (1): 422/473 kBProgress (1): 426/473 kBProgress (1): 430/473 kBProgress (1): 434/473 kBProgress (1): 438/473 kBProgress (1): 442/473 kBProgress (1): 446/473 kBProgress (1): 451/473 kBProgress (1): 455/473 kBProgress (1): 459/473 kBProgress (1): 463/473 kBProgress (1): 467/473 kBProgress (1): 471/473 kBProgress (1): 473 kB    Progress (2): 473 kB | 2.7/300 kBProgress (2): 473 kB | 5.5/300 kBProgress (2): 473 kB | 8.2/300 kBProgress (2): 473 kB | 11/300 kB Progress (2): 473 kB | 14/300 kBProgress (2): 473 kB | 16/300 kBProgress (2): 473 kB | 19/300 kBProgress (2): 473 kB | 22/300 kBProgress (3): 473 kB | 22/300 kB | 2.7/310 kBProgress (4): 473 kB | 22/300 kB | 2.7/310 kB | 2.7/41 kBProgress (4): 473 kB | 22/300 kB | 5.5/310 kB | 2.7/41 kBProgress (4): 473 kB | 22/300 kB | 5.5/310 kB | 5.5/41 kBProgress (4): 473 kB | 22/300 kB | 8.2/310 kB | 5.5/41 kBProgress (4): 473 kB | 22/300 kB | 8.2/310 kB | 8.2/41 kBProgress (4): 473 kB | 22/300 kB | 11/310 kB | 8.2/41 kB Progress (4): 473 kB | 22/300 kB | 11/310 kB | 11/41 kB Progress (4): 473 kB | 25/300 kB | 11/310 kB | 11/41 kBProgress (4): 473 kB | 25/300 kB | 14/310 kB | 11/41 kBProgress (4): 473 kB | 25/300 kB | 14/310 kB | 14/41 kBProgress (4): 473 kB | 27/300 kB | 14/310 kB | 14/41 kBProgress (4): 473 kB | 27/300 kB | 16/310 kB | 14/41 kBProgress (4): 473 kB | 27/300 kB | 16/310 kB | 16/41 kBProgress (4): 473 kB | 30/300 kB | 16/310 kB | 16/41 kBProgress (4): 473 kB | 30/300 kB | 19/310 kB | 16/41 kBProgress (4): 473 kB | 33/300 kB | 19/310 kB | 16/41 kBProgress (4): 473 kB | 33/300 kB | 19/310 kB | 19/41 kBProgress (4): 473 kB | 36/300 kB | 19/310 kB | 19/41 kBProgress (4): 473 kB | 36/300 kB | 22/310 kB | 19/41 kBProgress (4): 473 kB | 38/300 kB | 22/310 kB | 19/41 kBProgress (4): 473 kB | 38/300 kB | 22/310 kB | 22/41 kBProgress (4): 473 kB | 38/300 kB | 25/310 kB | 22/41 kBProgress (4): 473 kB | 38/300 kB | 25/310 kB | 25/41 kBProgress (4): 473 kB | 38/300 kB | 27/310 kB | 25/41 kBProgress (4): 473 kB | 38/300 kB | 27/310 kB | 27/41 kBProgress (4): 473 kB | 38/300 kB | 30/310 kB | 27/41 kBProgress (4): 473 kB | 38/300 kB | 30/310 kB | 30/41 kBProgress (4): 473 kB | 38/300 kB | 33/310 kB | 30/41 kBProgress (4): 473 kB | 38/300 kB | 33/310 kB | 33/41 kBProgress (5): 473 kB | 38/300 kB | 33/310 kB | 33/41 kB | 0/1.7 MBProgress (5): 473 kB | 38/300 kB | 36/310 kB | 33/41 kB | 0/1.7 MBProgress (5): 473 kB | 38/300 kB | 36/310 kB | 36/41 kB | 0/1.7 MBProgress (5): 473 kB | 38/300 kB | 38/310 kB | 36/41 kB | 0/1.7 MBProgress (5): 473 kB | 38/300 kB | 38/310 kB | 38/41 kB | 0/1.7 MBProgress (5): 473 kB | 38/300 kB | 38/310 kB | 38/41 kB | 0/1.7 MBProgress (5): 473 kB | 38/300 kB | 38/310 kB | 38/41 kB | 0/1.7 MBProgress (5): 473 kB | 38/300 kB | 38/310 kB | 38/41 kB | 0/1.7 MBProgress (5): 473 kB | 41/300 kB | 38/310 kB | 38/41 kB | 0/1.7 MBProgress (5): 473 kB | 44/300 kB | 38/310 kB | 38/41 kB | 0/1.7 MBProgress (5): 473 kB | 47/300 kB | 38/310 kB | 38/41 kB | 0/1.7 MB                                                                  Downloaded from central: https://repo.maven.apache.org/maven2/ch/qos/logback/logback-core/1.2.0/logback-core-1.2.0.jar (473 kB at 794 kB/s)
Downloading from central: https://repo.maven.apache.org/maven2/org/avaje/composite/junit/5.1/junit-5.1.jar
Progress (4): 49/300 kB | 38/310 kB | 38/41 kB | 0/1.7 MBProgress (4): 52/300 kB | 38/310 kB | 38/41 kB | 0/1.7 MBProgress (4): 52/300 kB | 38/310 kB | 41/41 kB | 0/1.7 MBProgress (4): 52/300 kB | 38/310 kB | 41 kB | 0/1.7 MB   Progress (4): 55/300 kB | 38/310 kB | 41 kB | 0/1.7 MBProgress (4): 55/300 kB | 41/310 kB | 41 kB | 0/1.7 MBProgress (4): 55/300 kB | 44/310 kB | 41 kB | 0/1.7 MBProgress (4): 58/300 kB | 44/310 kB | 41 kB | 0/1.7 MBProgress (4): 58/300 kB | 47/310 kB | 41 kB | 0/1.7 MBProgress (4): 60/300 kB | 47/310 kB | 41 kB | 0/1.7 MBProgress (4): 60/300 kB | 49/310 kB | 41 kB | 0/1.7 MBProgress (4): 63/300 kB | 49/310 kB | 41 kB | 0/1.7 MBProgress (4): 66/300 kB | 49/310 kB | 41 kB | 0/1.7 MBProgress (4): 66/300 kB | 52/310 kB | 41 kB | 0/1.7 MBProgress (4): 66/300 kB | 55/310 kB | 41 kB | 0/1.7 MBProgress (4): 66/300 kB | 58/310 kB | 41 kB | 0/1.7 MBProgress (4): 66/300 kB | 60/310 kB | 41 kB | 0/1.7 MBProgress (4): 66/300 kB | 63/310 kB | 41 kB | 0/1.7 MBProgress (4): 66/300 kB | 66/310 kB | 41 kB | 0/1.7 MBProgress (4): 70/300 kB | 66/310 kB | 41 kB | 0/1.7 MBProgress (4): 74/300 kB | 66/310 kB | 41 kB | 0/1.7 MBProgress (4): 78/300 kB | 66/310 kB | 41 kB | 0/1.7 MBProgress (4): 82/300 kB | 66/310 kB | 41 kB | 0/1.7 MBProgress (4): 82/300 kB | 66/310 kB | 41 kB | 0/1.7 MBProgress (4): 82/300 kB | 70/310 kB | 41 kB | 0/1.7 MBProgress (4): 82/300 kB | 74/310 kB | 41 kB | 0/1.7 MBProgress (4): 82/300 kB | 78/310 kB | 41 kB | 0/1.7 MBProgress (4): 82/300 kB | 82/310 kB | 41 kB | 0/1.7 MBProgress (4): 82/300 kB | 82/310 kB | 41 kB | 0/1.7 MBProgress (4): 86/300 kB | 82/310 kB | 41 kB | 0/1.7 MBProgress (4): 90/300 kB | 82/310 kB | 41 kB | 0/1.7 MBProgress (4): 94/300 kB | 82/310 kB | 41 kB | 0/1.7 MBProgress (4): 99/300 kB | 82/310 kB | 41 kB | 0/1.7 MBProgress (4): 99/300 kB | 86/310 kB | 41 kB | 0/1.7 MBProgress (4): 99/300 kB | 90/310 kB | 41 kB | 0/1.7 MBProgress (4): 99/300 kB | 94/310 kB | 41 kB | 0/1.7 MBProgress (4): 99/300 kB | 99/310 kB | 41 kB | 0/1.7 MBProgress (4): 99/300 kB | 99/310 kB | 41 kB | 0.1/1.7 MBProgress (4): 99/300 kB | 103/310 kB | 41 kB | 0.1/1.7 MBProgress (4): 99/300 kB | 107/310 kB | 41 kB | 0.1/1.7 MBProgress (4): 99/300 kB | 111/310 kB | 41 kB | 0.1/1.7 MBProgress (4): 99/300 kB | 115/310 kB | 41 kB | 0.1/1.7 MBProgress (4): 99/300 kB | 115/310 kB | 41 kB | 0.1/1.7 MBProgress (4): 103/300 kB | 115/310 kB | 41 kB | 0.1/1.7 MBProgress (4): 107/300 kB | 115/310 kB | 41 kB | 0.1/1.7 MBProgress (4): 111/300 kB | 115/310 kB | 41 kB | 0.1/1.7 MBProgress (4): 115/300 kB | 115/310 kB | 41 kB | 0.1/1.7 MBProgress (4): 115/300 kB | 115/310 kB | 41 kB | 0.1/1.7 MBProgress (4): 115/300 kB | 115/310 kB | 41 kB | 0.1/1.7 MBProgress (4): 115/300 kB | 115/310 kB | 41 kB | 0.1/1.7 MBProgress (4): 115/300 kB | 115/310 kB | 41 kB | 0.1/1.7 MBProgress (4): 119/300 kB | 115/310 kB | 41 kB | 0.1/1.7 MBProgress (4): 123/300 kB | 115/310 kB | 41 kB | 0.1/1.7 MBProgress (4): 127/300 kB | 115/310 kB | 41 kB | 0.1/1.7 MBProgress (4): 131/300 kB | 115/310 kB | 41 kB | 0.1/1.7 MBProgress (4): 131/300 kB | 115/310 kB | 41 kB | 0.1/1.7 MBProgress (4): 131/300 kB | 115/310 kB | 41 kB | 0.1/1.7 MB                                                          Downloaded from central: https://repo.maven.apache.org/maven2/org/slf4j/slf4j-api/1.7.30/slf4j-api-1.7.30.jar (41 kB at 56 kB/s)
Downloading from central: https://repo.maven.apache.org/maven2/org/junit/jupiter/junit-jupiter-api/5.7.1/junit-jupiter-api-5.7.1.jar
Progress (3): 131/300 kB | 119/310 kB | 0.1/1.7 MBProgress (3): 131/300 kB | 123/310 kB | 0.1/1.7 MBProgress (3): 131/300 kB | 127/310 kB | 0.1/1.7 MBProgress (3): 131/300 kB | 131/310 kB | 0.1/1.7 MBProgress (3): 135/300 kB | 131/310 kB | 0.1/1.7 MBProgress (3): 140/300 kB | 131/310 kB | 0.1/1.7 MBProgress (3): 144/300 kB | 131/310 kB | 0.1/1.7 MBProgress (3): 148/300 kB | 131/310 kB | 0.1/1.7 MBProgress (3): 148/300 kB | 135/310 kB | 0.1/1.7 MBProgress (3): 148/300 kB | 140/310 kB | 0.1/1.7 MBProgress (3): 148/300 kB | 144/310 kB | 0.1/1.7 MBProgress (3): 148/300 kB | 148/310 kB | 0.1/1.7 MBProgress (3): 148/300 kB | 152/310 kB | 0.1/1.7 MBProgress (3): 148/300 kB | 156/310 kB | 0.1/1.7 MBProgress (3): 148/300 kB | 160/310 kB | 0.1/1.7 MBProgress (3): 148/300 kB | 164/310 kB | 0.1/1.7 MBProgress (4): 148/300 kB | 164/310 kB | 0.1/1.7 MB | 1.6 kBProgress (4): 152/300 kB | 164/310 kB | 0.1/1.7 MB | 1.6 kBProgress (4): 156/300 kB | 164/310 kB | 0.1/1.7 MB | 1.6 kBProgress (4): 160/300 kB | 164/310 kB | 0.1/1.7 MB | 1.6 kBProgress (4): 164/300 kB | 164/310 kB | 0.1/1.7 MB | 1.6 kBProgress (4): 164/300 kB | 168/310 kB | 0.1/1.7 MB | 1.6 kBProgress (4): 164/300 kB | 172/310 kB | 0.1/1.7 MB | 1.6 kBProgress (4): 164/300 kB | 176/310 kB | 0.1/1.7 MB | 1.6 kBProgress (4): 164/300 kB | 180/310 kB | 0.1/1.7 MB | 1.6 kBProgress (4): 164/300 kB | 185/310 kB | 0.1/1.7 MB | 1.6 kBProgress (4): 164/300 kB | 189/310 kB | 0.1/1.7 MB | 1.6 kBProgress (4): 164/300 kB | 193/310 kB | 0.1/1.7 MB | 1.6 kBProgress (4): 164/300 kB | 197/310 kB | 0.1/1.7 MB | 1.6 kBProgress (4): 168/300 kB | 197/310 kB | 0.1/1.7 MB | 1.6 kBProgress (4): 172/300 kB | 197/310 kB | 0.1/1.7 MB | 1.6 kBProgress (4): 176/300 kB | 197/310 kB | 0.1/1.7 MB | 1.6 kBProgress (4): 180/300 kB | 197/310 kB | 0.1/1.7 MB | 1.6 kBProgress (4): 180/300 kB | 201/310 kB | 0.1/1.7 MB | 1.6 kBProgress (4): 180/300 kB | 205/310 kB | 0.1/1.7 MB | 1.6 kBProgress (4): 180/300 kB | 209/310 kB | 0.1/1.7 MB | 1.6 kBProgress (4): 180/300 kB | 213/310 kB | 0.1/1.7 MB | 1.6 kBProgress (4): 180/300 kB | 213/310 kB | 0.1/1.7 MB | 1.6 kBProgress (4): 180/300 kB | 213/310 kB | 0.1/1.7 MB | 1.6 kBProgress (4): 180/300 kB | 217/310 kB | 0.1/1.7 MB | 1.6 kBProgress (4): 180/300 kB | 221/310 kB | 0.1/1.7 MB | 1.6 kBProgress (4): 180/300 kB | 226/310 kB | 0.1/1.7 MB | 1.6 kBProgress (4): 180/300 kB | 230/310 kB | 0.1/1.7 MB | 1.6 kBProgress (4): 185/300 kB | 230/310 kB | 0.1/1.7 MB | 1.6 kBProgress (4): 189/300 kB | 230/310 kB | 0.1/1.7 MB | 1.6 kBProgress (4): 193/300 kB | 230/310 kB | 0.1/1.7 MB | 1.6 kBProgress (4): 197/300 kB | 230/310 kB | 0.1/1.7 MB | 1.6 kBProgress (4): 197/300 kB | 230/310 kB | 0.1/1.7 MB | 1.6 kBProgress (4): 197/300 kB | 230/310 kB | 0.1/1.7 MB | 1.6 kBProgress (4): 197/300 kB | 234/310 kB | 0.1/1.7 MB | 1.6 kBProgress (4): 197/300 kB | 238/310 kB | 0.1/1.7 MB | 1.6 kBProgress (4): 197/300 kB | 242/310 kB | 0.1/1.7 MB | 1.6 kBProgress (4): 197/300 kB | 246/310 kB | 0.1/1.7 MB | 1.6 kBProgress (4): 197/300 kB | 246/310 kB | 0.2/1.7 MB | 1.6 kBProgress (4): 197/300 kB | 246/310 kB | 0.2/1.7 MB | 1.6 kBProgress (4): 201/300 kB | 246/310 kB | 0.2/1.7 MB | 1.6 kBProgress (4): 205/300 kB | 246/310 kB | 0.2/1.7 MB | 1.6 kBProgress (4): 205/300 kB | 246/310 kB | 0.2/1.7 MB | 1.6 kBProgress (4): 209/300 kB | 246/310 kB | 0.2/1.7 MB | 1.6 kBProgress (4): 209/300 kB | 246/310 kB | 0.2/1.7 MB | 1.6 kBProgress (4): 213/300 kB | 246/310 kB | 0.2/1.7 MB | 1.6 kBProgress (4): 213/300 kB | 246/310 kB | 0.2/1.7 MB | 1.6 kBProgress (4): 213/300 kB | 246/310 kB | 0.2/1.7 MB | 1.6 kBProgress (4): 217/300 kB | 246/310 kB | 0.2/1.7 MB | 1.6 kBProgress (4): 221/300 kB | 246/310 kB | 0.2/1.7 MB | 1.6 kBProgress (4): 226/300 kB | 246/310 kB | 0.2/1.7 MB | 1.6 kBProgress (4): 230/300 kB | 246/310 kB | 0.2/1.7 MB | 1.6 kBProgress (4): 230/300 kB | 246/310 kB | 0.2/1.7 MB | 1.6 kBProgress (4): 230/300 kB | 246/310 kB | 0.2/1.7 MB | 1.6 kBProgress (4): 234/300 kB | 246/310 kB | 0.2/1.7 MB | 1.6 kBProgress (4): 238/300 kB | 246/310 kB | 0.2/1.7 MB | 1.6 kBProgress (4): 242/300 kB | 246/310 kB | 0.2/1.7 MB | 1.6 kBProgress (4): 246/300 kB | 246/310 kB | 0.2/1.7 MB | 1.6 kBProgress (4): 250/300 kB | 246/310 kB | 0.2/1.7 MB | 1.6 kBProgress (4): 254/300 kB | 246/310 kB | 0.2/1.7 MB | 1.6 kBProgress (4): 258/300 kB | 246/310 kB | 0.2/1.7 MB | 1.6 kBProgress (4): 262/300 kB | 246/310 kB | 0.2/1.7 MB | 1.6 kBProgress (4): 267/300 kB | 246/310 kB | 0.2/1.7 MB | 1.6 kBProgress (4): 271/300 kB | 246/310 kB | 0.2/1.7 MB | 1.6 kBProgress (4): 275/300 kB | 246/310 kB | 0.2/1.7 MB | 1.6 kBProgress (4): 279/300 kB | 246/310 kB | 0.2/1.7 MB | 1.6 kBProgress (4): 283/300 kB | 246/310 kB | 0.2/1.7 MB | 1.6 kBProgress (4): 283/300 kB | 246/310 kB | 0.2/1.7 MB | 1.6 kBProgress (4): 287/300 kB | 246/310 kB | 0.2/1.7 MB | 1.6 kBProgress (4): 287/300 kB | 246/310 kB | 0.2/1.7 MB | 1.6 kBProgress (4): 291/300 kB | 246/310 kB | 0.2/1.7 MB | 1.6 kBProgress (5): 291/300 kB | 246/310 kB | 0.2/1.7 MB | 1.6 kB | 2.7/176 kBProgress (5): 295/300 kB | 246/310 kB | 0.2/1.7 MB | 1.6 kB | 2.7/176 kBProgress (5): 299/300 kB | 246/310 kB | 0.2/1.7 MB | 1.6 kB | 2.7/176 kBProgress (5): 300 kB | 246/310 kB | 0.2/1.7 MB | 1.6 kB | 2.7/176 kB    Progress (5): 300 kB | 250/310 kB | 0.2/1.7 MB | 1.6 kB | 2.7/176 kBProgress (5): 300 kB | 254/310 kB | 0.2/1.7 MB | 1.6 kB | 2.7/176 kBProgress (5): 300 kB | 258/310 kB | 0.2/1.7 MB | 1.6 kB | 2.7/176 kBProgress (5): 300 kB | 262/310 kB | 0.2/1.7 MB | 1.6 kB | 2.7/176 kBProgress (5): 300 kB | 262/310 kB | 0.2/1.7 MB | 1.6 kB | 5.5/176 kBProgress (5): 300 kB | 262/310 kB | 0.2/1.7 MB | 1.6 kB | 8.2/176 kBProgress (5): 300 kB | 267/310 kB | 0.2/1.7 MB | 1.6 kB | 8.2/176 kBProgress (5): 300 kB | 271/310 kB | 0.2/1.7 MB | 1.6 kB | 8.2/176 kBProgress (5): 300 kB | 275/310 kB | 0.2/1.7 MB | 1.6 kB | 8.2/176 kBProgress (5): 300 kB | 279/310 kB | 0.2/1.7 MB | 1.6 kB | 8.2/176 kBProgress (5): 300 kB | 279/310 kB | 0.2/1.7 MB | 1.6 kB | 11/176 kB Progress (5): 300 kB | 279/310 kB | 0.2/1.7 MB | 1.6 kB | 14/176 kBProgress (5): 300 kB | 279/310 kB | 0.2/1.7 MB | 1.6 kB | 16/176 kBProgress (5): 300 kB | 283/310 kB | 0.2/1.7 MB | 1.6 kB | 16/176 kBProgress (5): 300 kB | 287/310 kB | 0.2/1.7 MB | 1.6 kB | 16/176 kBProgress (5): 300 kB | 291/310 kB | 0.2/1.7 MB | 1.6 kB | 16/176 kBProgress (5): 300 kB | 295/310 kB | 0.2/1.7 MB | 1.6 kB | 16/176 kBProgress (5): 300 kB | 295/310 kB | 0.2/1.7 MB | 1.6 kB | 19/176 kBProgress (5): 300 kB | 295/310 kB | 0.2/1.7 MB | 1.6 kB | 22/176 kBProgress (5): 300 kB | 299/310 kB | 0.2/1.7 MB | 1.6 kB | 22/176 kBProgress (5): 300 kB | 303/310 kB | 0.2/1.7 MB | 1.6 kB | 22/176 kBProgress (5): 300 kB | 307/310 kB | 0.2/1.7 MB | 1.6 kB | 22/176 kBProgress (5): 300 kB | 310 kB | 0.2/1.7 MB | 1.6 kB | 22/176 kB    Progress (5): 300 kB | 310 kB | 0.2/1.7 MB | 1.6 kB | 26/176 kBProgress (5): 300 kB | 310 kB | 0.2/1.7 MB | 1.6 kB | 30/176 kBProgress (5): 300 kB | 310 kB | 0.2/1.7 MB | 1.6 kB | 34/176 kBProgress (5): 300 kB | 310 kB | 0.2/1.7 MB | 1.6 kB | 38/176 kBProgress (5): 300 kB | 310 kB | 0.2/1.7 MB | 1.6 kB | 38/176 kBProgress (5): 300 kB | 310 kB | 0.3/1.7 MB | 1.6 kB | 38/176 kBProgress (5): 300 kB | 310 kB | 0.3/1.7 MB | 1.6 kB | 42/176 kBProgress (5): 300 kB | 310 kB | 0.3/1.7 MB | 1.6 kB | 42/176 kBProgress (5): 300 kB | 310 kB | 0.3/1.7 MB | 1.6 kB | 47/176 kBProgress (5): 300 kB | 310 kB | 0.3/1.7 MB | 1.6 kB | 47/176 kBProgress (5): 300 kB | 310 kB | 0.3/1.7 MB | 1.6 kB | 51/176 kBProgress (5): 300 kB | 310 kB | 0.3/1.7 MB | 1.6 kB | 55/176 kBProgress (5): 300 kB | 310 kB | 0.3/1.7 MB | 1.6 kB | 55/176 kBProgress (5): 300 kB | 310 kB | 0.3/1.7 MB | 1.6 kB | 55/176 kBProgress (5): 300 kB | 310 kB | 0.3/1.7 MB | 1.6 kB | 55/176 kBProgress (5): 300 kB | 310 kB | 0.3/1.7 MB | 1.6 kB | 55/176 kBProgress (5): 300 kB | 310 kB | 0.3/1.7 MB | 1.6 kB | 59/176 kBProgress (5): 300 kB | 310 kB | 0.3/1.7 MB | 1.6 kB | 63/176 kBProgress (5): 300 kB | 310 kB | 0.3/1.7 MB | 1.6 kB | 67/176 kBProgress (5): 300 kB | 310 kB | 0.3/1.7 MB | 1.6 kB | 71/176 kBProgress (5): 300 kB | 310 kB | 0.3/1.7 MB | 1.6 kB | 71/176 kBProgress (5): 300 kB | 310 kB | 0.3/1.7 MB | 1.6 kB | 71/176 kBProgress (5): 300 kB | 310 kB | 0.3/1.7 MB | 1.6 kB | 71/176 kBProgress (5): 300 kB | 310 kB | 0.3/1.7 MB | 1.6 kB | 71/176 kB                                                               Downloaded from central: https://repo.maven.apache.org/maven2/org/avaje/composite/junit/5.1/junit-5.1.jar (1.6 kB at 1.7 kB/s)
Downloading from central: https://repo.maven.apache.org/maven2/org/junit/platform/junit-platform-commons/1.7.1/junit-platform-commons-1.7.1.jar
Progress (4): 300 kB | 310 kB | 0.3/1.7 MB | 71/176 kBProgress (4): 300 kB | 310 kB | 0.3/1.7 MB | 71/176 kBProgress (4): 300 kB | 310 kB | 0.4/1.7 MB | 71/176 kBProgress (4): 300 kB | 310 kB | 0.4/1.7 MB | 71/176 kBProgress (4): 300 kB | 310 kB | 0.4/1.7 MB | 71/176 kBProgress (4): 300 kB | 310 kB | 0.4/1.7 MB | 71/176 kBProgress (4): 300 kB | 310 kB | 0.4/1.7 MB | 71/176 kBProgress (4): 300 kB | 310 kB | 0.4/1.7 MB | 71/176 kBProgress (4): 300 kB | 310 kB | 0.4/1.7 MB | 71/176 kBProgress (4): 300 kB | 310 kB | 0.4/1.7 MB | 71/176 kBProgress (4): 300 kB | 310 kB | 0.4/1.7 MB | 71/176 kBProgress (4): 300 kB | 310 kB | 0.4/1.7 MB | 71/176 kBProgress (4): 300 kB | 310 kB | 0.4/1.7 MB | 71/176 kBProgress (4): 300 kB | 310 kB | 0.5/1.7 MB | 71/176 kBProgress (4): 300 kB | 310 kB | 0.5/1.7 MB | 71/176 kBProgress (4): 300 kB | 310 kB | 0.5/1.7 MB | 71/176 kBProgress (4): 300 kB | 310 kB | 0.5/1.7 MB | 71/176 kBProgress (4): 300 kB | 310 kB | 0.5/1.7 MB | 71/176 kBProgress (4): 300 kB | 310 kB | 0.5/1.7 MB | 71/176 kBProgress (4): 300 kB | 310 kB | 0.5/1.7 MB | 71/176 kBProgress (4): 300 kB | 310 kB | 0.5/1.7 MB | 75/176 kBProgress (4): 300 kB | 310 kB | 0.5/1.7 MB | 79/176 kBProgress (4): 300 kB | 310 kB | 0.5/1.7 MB | 83/176 kBProgress (4): 300 kB | 310 kB | 0.5/1.7 MB | 87/176 kBProgress (4): 300 kB | 310 kB | 0.5/1.7 MB | 87/176 kBProgress (4): 300 kB | 310 kB | 0.5/1.7 MB | 87/176 kB                                                      Downloaded from central: https://repo.maven.apache.org/maven2/org/apache/logging/log4j/log4j-api/2.14.1/log4j-api-2.14.1.jar (300 kB at 291 kB/s)
Downloading from central: https://repo.maven.apache.org/maven2/org/junit/jupiter/junit-jupiter-engine/5.7.1/junit-jupiter-engine-5.7.1.jar
Progress (3): 310 kB | 0.5/1.7 MB | 92/176 kBProgress (3): 310 kB | 0.5/1.7 MB | 96/176 kBProgress (3): 310 kB | 0.5/1.7 MB | 100/176 kBProgress (3): 310 kB | 0.5/1.7 MB | 104/176 kB                                              Downloaded from central: https://repo.maven.apache.org/maven2/ch/qos/logback/logback-classic/1.2.0/logback-classic-1.2.0.jar (310 kB at 297 kB/s)
Downloading from central: https://repo.maven.apache.org/maven2/org/junit/platform/junit-platform-engine/1.7.1/junit-platform-engine-1.7.1.jar
Progress (2): 0.5/1.7 MB | 108/176 kBProgress (2): 0.5/1.7 MB | 112/176 kBProgress (2): 0.5/1.7 MB | 116/176 kBProgress (2): 0.5/1.7 MB | 120/176 kBProgress (2): 0.5/1.7 MB | 124/176 kBProgress (2): 0.5/1.7 MB | 128/176 kBProgress (2): 0.5/1.7 MB | 133/176 kBProgress (2): 0.5/1.7 MB | 137/176 kBProgress (2): 0.5/1.7 MB | 137/176 kBProgress (2): 0.5/1.7 MB | 137/176 kBProgress (2): 0.5/1.7 MB | 141/176 kBProgress (2): 0.5/1.7 MB | 141/176 kBProgress (2): 0.5/1.7 MB | 145/176 kBProgress (2): 0.5/1.7 MB | 149/176 kBProgress (2): 0.6/1.7 MB | 149/176 kBProgress (2): 0.6/1.7 MB | 153/176 kBProgress (2): 0.6/1.7 MB | 153/176 kBProgress (2): 0.6/1.7 MB | 153/176 kBProgress (2): 0.6/1.7 MB | 157/176 kBProgress (2): 0.6/1.7 MB | 157/176 kBProgress (2): 0.6/1.7 MB | 161/176 kBProgress (2): 0.6/1.7 MB | 161/176 kBProgress (2): 0.6/1.7 MB | 165/176 kBProgress (2): 0.6/1.7 MB | 169/176 kBProgress (2): 0.6/1.7 MB | 173/176 kBProgress (2): 0.6/1.7 MB | 176 kB    Progress (2): 0.6/1.7 MB | 176 kBProgress (2): 0.6/1.7 MB | 176 kBProgress (2): 0.6/1.7 MB | 176 kBProgress (2): 0.6/1.7 MB | 176 kBProgress (2): 0.6/1.7 MB | 176 kBProgress (2): 0.6/1.7 MB | 176 kBProgress (2): 0.6/1.7 MB | 176 kBProgress (2): 0.7/1.7 MB | 176 kBProgress (2): 0.7/1.7 MB | 176 kBProgress (2): 0.7/1.7 MB | 176 kBProgress (2): 0.7/1.7 MB | 176 kBProgress (2): 0.7/1.7 MB | 176 kBProgress (3): 0.7/1.7 MB | 176 kB | 4.1/100 kBProgress (3): 0.7/1.7 MB | 176 kB | 8.2/100 kBProgress (3): 0.7/1.7 MB | 176 kB | 8.2/100 kBProgress (3): 0.7/1.7 MB | 176 kB | 12/100 kB Progress (3): 0.7/1.7 MB | 176 kB | 16/100 kBProgress (3): 0.7/1.7 MB | 176 kB | 16/100 kBProgress (3): 0.7/1.7 MB | 176 kB | 20/100 kBProgress (3): 0.7/1.7 MB | 176 kB | 25/100 kBProgress (3): 0.7/1.7 MB | 176 kB | 29/100 kBProgress (3): 0.7/1.7 MB | 176 kB | 33/100 kBProgress (3): 0.7/1.7 MB | 176 kB | 37/100 kBProgress (3): 0.7/1.7 MB | 176 kB | 41/100 kBProgress (3): 0.7/1.7 MB | 176 kB | 45/100 kBProgress (3): 0.7/1.7 MB | 176 kB | 49/100 kBProgress (3): 0.7/1.7 MB | 176 kB | 53/100 kBProgress (3): 0.7/1.7 MB | 176 kB | 53/100 kBProgress (3): 0.7/1.7 MB | 176 kB | 57/100 kBProgress (3): 0.7/1.7 MB | 176 kB | 61/100 kBProgress (3): 0.7/1.7 MB | 176 kB | 61/100 kBProgress (3): 0.7/1.7 MB | 176 kB | 66/100 kBProgress (3): 0.7/1.7 MB | 176 kB | 66/100 kBProgress (3): 0.7/1.7 MB | 176 kB | 66/100 kBProgress (3): 0.7/1.7 MB | 176 kB | 70/100 kBProgress (3): 0.7/1.7 MB | 176 kB | 74/100 kBProgress (3): 0.7/1.7 MB | 176 kB | 78/100 kBProgress (3): 0.7/1.7 MB | 176 kB | 82/100 kBProgress (3): 0.7/1.7 MB | 176 kB | 82/100 kBProgress (3): 0.7/1.7 MB | 176 kB | 86/100 kBProgress (3): 0.8/1.7 MB | 176 kB | 86/100 kBProgress (3): 0.8/1.7 MB | 176 kB | 90/100 kBProgress (3): 0.8/1.7 MB | 176 kB | 94/100 kBProgress (3): 0.8/1.7 MB | 176 kB | 98/100 kBProgress (3): 0.8/1.7 MB | 176 kB | 100 kB   Progress (3): 0.8/1.7 MB | 176 kB | 100 kBProgress (3): 0.8/1.7 MB | 176 kB | 100 kBProgress (3): 0.8/1.7 MB | 176 kB | 100 kBProgress (3): 0.8/1.7 MB | 176 kB | 100 kBProgress (3): 0.8/1.7 MB | 176 kB | 100 kBProgress (3): 0.8/1.7 MB | 176 kB | 100 kBProgress (3): 0.8/1.7 MB | 176 kB | 100 kBProgress (3): 0.8/1.7 MB | 176 kB | 100 kBProgress (3): 0.8/1.7 MB | 176 kB | 100 kBProgress (3): 0.8/1.7 MB | 176 kB | 100 kBProgress (3): 0.8/1.7 MB | 176 kB | 100 kBProgress (3): 0.9/1.7 MB | 176 kB | 100 kBProgress (3): 0.9/1.7 MB | 176 kB | 100 kBProgress (3): 0.9/1.7 MB | 176 kB | 100 kBProgress (3): 0.9/1.7 MB | 176 kB | 100 kBProgress (3): 0.9/1.7 MB | 176 kB | 100 kBProgress (3): 0.9/1.7 MB | 176 kB | 100 kBProgress (3): 0.9/1.7 MB | 176 kB | 100 kBProgress (3): 0.9/1.7 MB | 176 kB | 100 kBProgress (3): 0.9/1.7 MB | 176 kB | 100 kBProgress (3): 0.9/1.7 MB | 176 kB | 100 kBProgress (3): 0.9/1.7 MB | 176 kB | 100 kBProgress (3): 0.9/1.7 MB | 176 kB | 100 kBProgress (3): 1.0/1.7 MB | 176 kB | 100 kBProgress (3): 1.0/1.7 MB | 176 kB | 100 kBProgress (3): 1.0/1.7 MB | 176 kB | 100 kBProgress (3): 1.0/1.7 MB | 176 kB | 100 kBProgress (3): 1.0/1.7 MB | 176 kB | 100 kBProgress (3): 1.0/1.7 MB | 176 kB | 100 kBProgress (3): 1.0/1.7 MB | 176 kB | 100 kBProgress (3): 1.0/1.7 MB | 176 kB | 100 kBProgress (3): 1.0/1.7 MB | 176 kB | 100 kBProgress (4): 1.0/1.7 MB | 176 kB | 100 kB | 4.1/213 kBProgress (4): 1.0/1.7 MB | 176 kB | 100 kB | 8.2/213 kBProgress (4): 1.0/1.7 MB | 176 kB | 100 kB | 12/213 kB Progress (4): 1.0/1.7 MB | 176 kB | 100 kB | 16/213 kBProgress (4): 1.0/1.7 MB | 176 kB | 100 kB | 20/213 kBProgress (4): 1.0/1.7 MB | 176 kB | 100 kB | 25/213 kBProgress (4): 1.0/1.7 MB | 176 kB | 100 kB | 29/213 kBProgress (4): 1.0/1.7 MB | 176 kB | 100 kB | 33/213 kBProgress (4): 1.0/1.7 MB | 176 kB | 100 kB | 37/213 kBProgress (5): 1.0/1.7 MB | 176 kB | 100 kB | 37/213 kB | 4.1/181 kBProgress (5): 1.0/1.7 MB | 176 kB | 100 kB | 41/213 kB | 4.1/181 kBProgress (5): 1.0/1.7 MB | 176 kB | 100 kB | 45/213 kB | 4.1/181 kBProgress (5): 1.0/1.7 MB | 176 kB | 100 kB | 45/213 kB | 8.2/181 kBProgress (5): 1.0/1.7 MB | 176 kB | 100 kB | 49/213 kB | 8.2/181 kBProgress (5): 1.0/1.7 MB | 176 kB | 100 kB | 49/213 kB | 12/181 kB Progress (5): 1.0/1.7 MB | 176 kB | 100 kB | 49/213 kB | 16/181 kBProgress (5): 1.0/1.7 MB | 176 kB | 100 kB | 53/213 kB | 16/181 kBProgress (5): 1.0/1.7 MB | 176 kB | 100 kB | 53/213 kB | 20/181 kBProgress (5): 1.0/1.7 MB | 176 kB | 100 kB | 57/213 kB | 20/181 kBProgress (5): 1.0/1.7 MB | 176 kB | 100 kB | 57/213 kB | 25/181 kBProgress (5): 1.0/1.7 MB | 176 kB | 100 kB | 61/213 kB | 25/181 kBProgress (5): 1.0/1.7 MB | 176 kB | 100 kB | 61/213 kB | 29/181 kBProgress (5): 1.0/1.7 MB | 176 kB | 100 kB | 66/213 kB | 29/181 kBProgress (5): 1.0/1.7 MB | 176 kB | 100 kB | 66/213 kB | 33/181 kBProgress (5): 1.0/1.7 MB | 176 kB | 100 kB | 66/213 kB | 37/181 kBProgress (5): 1.0/1.7 MB | 176 kB | 100 kB | 66/213 kB | 41/181 kBProgress (5): 1.0/1.7 MB | 176 kB | 100 kB | 66/213 kB | 45/181 kBProgress (5): 1.0/1.7 MB | 176 kB | 100 kB | 66/213 kB | 49/181 kBProgress (5): 1.0/1.7 MB | 176 kB | 100 kB | 70/213 kB | 49/181 kBProgress (5): 1.0/1.7 MB | 176 kB | 100 kB | 74/213 kB | 49/181 kBProgress (5): 1.0/1.7 MB | 176 kB | 100 kB | 78/213 kB | 49/181 kBProgress (5): 1.0/1.7 MB | 176 kB | 100 kB | 82/213 kB | 49/181 kBProgress (5): 1.0/1.7 MB | 176 kB | 100 kB | 82/213 kB | 53/181 kBProgress (5): 1.0/1.7 MB | 176 kB | 100 kB | 82/213 kB | 57/181 kBProgress (5): 1.0/1.7 MB | 176 kB | 100 kB | 82/213 kB | 61/181 kBProgress (5): 1.0/1.7 MB | 176 kB | 100 kB | 82/213 kB | 66/181 kBProgress (5): 1.0/1.7 MB | 176 kB | 100 kB | 82/213 kB | 70/181 kBProgress (5): 1.0/1.7 MB | 176 kB | 100 kB | 86/213 kB | 70/181 kBProgress (5): 1.0/1.7 MB | 176 kB | 100 kB | 86/213 kB | 70/181 kBProgress (5): 1.0/1.7 MB | 176 kB | 100 kB | 86/213 kB | 74/181 kBProgress (5): 1.0/1.7 MB | 176 kB | 100 kB | 86/213 kB | 74/181 kBProgress (5): 1.0/1.7 MB | 176 kB | 100 kB | 86/213 kB | 78/181 kBProgress (5): 1.0/1.7 MB | 176 kB | 100 kB | 90/213 kB | 78/181 kBProgress (5): 1.0/1.7 MB | 176 kB | 100 kB | 90/213 kB | 82/181 kBProgress (5): 1.0/1.7 MB | 176 kB | 100 kB | 94/213 kB | 82/181 kBProgress (5): 1.0/1.7 MB | 176 kB | 100 kB | 98/213 kB | 82/181 kBProgress (5): 1.0/1.7 MB | 176 kB | 100 kB | 98/213 kB | 82/181 kBProgress (5): 1.1/1.7 MB | 176 kB | 100 kB | 98/213 kB | 82/181 kBProgress (5): 1.1/1.7 MB | 176 kB | 100 kB | 98/213 kB | 86/181 kBProgress (5): 1.1/1.7 MB | 176 kB | 100 kB | 98/213 kB | 86/181 kBProgress (5): 1.1/1.7 MB | 176 kB | 100 kB | 98/213 kB | 90/181 kBProgress (5): 1.1/1.7 MB | 176 kB | 100 kB | 98/213 kB | 94/181 kBProgress (5): 1.1/1.7 MB | 176 kB | 100 kB | 98/213 kB | 94/181 kBProgress (5): 1.1/1.7 MB | 176 kB | 100 kB | 98/213 kB | 98/181 kBProgress (5): 1.1/1.7 MB | 176 kB | 100 kB | 102/213 kB | 98/181 kBProgress (5): 1.1/1.7 MB | 176 kB | 100 kB | 106/213 kB | 98/181 kBProgress (5): 1.1/1.7 MB | 176 kB | 100 kB | 106/213 kB | 98/181 kBProgress (5): 1.1/1.7 MB | 176 kB | 100 kB | 111/213 kB | 98/181 kBProgress (5): 1.1/1.7 MB | 176 kB | 100 kB | 115/213 kB | 98/181 kBProgress (5): 1.1/1.7 MB | 176 kB | 100 kB | 115/213 kB | 98/181 kBProgress (5): 1.1/1.7 MB | 176 kB | 100 kB | 115/213 kB | 102/181 kBProgress (5): 1.1/1.7 MB | 176 kB | 100 kB | 115/213 kB | 102/181 kBProgress (5): 1.1/1.7 MB | 176 kB | 100 kB | 115/213 kB | 106/181 kBProgress (5): 1.1/1.7 MB | 176 kB | 100 kB | 115/213 kB | 111/181 kBProgress (5): 1.1/1.7 MB | 176 kB | 100 kB | 115/213 kB | 111/181 kBProgress (5): 1.1/1.7 MB | 176 kB | 100 kB | 115/213 kB | 115/181 kBProgress (5): 1.1/1.7 MB | 176 kB | 100 kB | 115/213 kB | 115/181 kBProgress (5): 1.1/1.7 MB | 176 kB | 100 kB | 115/213 kB | 115/181 kBProgress (5): 1.1/1.7 MB | 176 kB | 100 kB | 115/213 kB | 119/181 kBProgress (5): 1.1/1.7 MB | 176 kB | 100 kB | 119/213 kB | 119/181 kBProgress (5): 1.1/1.7 MB | 176 kB | 100 kB | 119/213 kB | 119/181 kBProgress (5): 1.1/1.7 MB | 176 kB | 100 kB | 123/213 kB | 119/181 kBProgress (5): 1.1/1.7 MB | 176 kB | 100 kB | 123/213 kB | 123/181 kBProgress (5): 1.1/1.7 MB | 176 kB | 100 kB | 127/213 kB | 123/181 kBProgress (5): 1.1/1.7 MB | 176 kB | 100 kB | 131/213 kB | 123/181 kBProgress (5): 1.1/1.7 MB | 176 kB | 100 kB | 131/213 kB | 127/181 kBProgress (5): 1.1/1.7 MB | 176 kB | 100 kB | 131/213 kB | 131/181 kBProgress (5): 1.1/1.7 MB | 176 kB | 100 kB | 131/213 kB | 131/181 kBProgress (5): 1.1/1.7 MB | 176 kB | 100 kB | 131/213 kB | 131/181 kBProgress (5): 1.1/1.7 MB | 176 kB | 100 kB | 131/213 kB | 135/181 kBProgress (5): 1.1/1.7 MB | 176 kB | 100 kB | 135/213 kB | 135/181 kBProgress (5): 1.1/1.7 MB | 176 kB | 100 kB | 135/213 kB | 139/181 kBProgress (5): 1.1/1.7 MB | 176 kB | 100 kB | 135/213 kB | 143/181 kBProgress (5): 1.1/1.7 MB | 176 kB | 100 kB | 135/213 kB | 147/181 kBProgress (5): 1.2/1.7 MB | 176 kB | 100 kB | 135/213 kB | 147/181 kBProgress (5): 1.2/1.7 MB | 176 kB | 100 kB | 139/213 kB | 147/181 kBProgress (5): 1.2/1.7 MB | 176 kB | 100 kB | 139/213 kB | 147/181 kBProgress (5): 1.2/1.7 MB | 176 kB | 100 kB | 143/213 kB | 147/181 kBProgress (5): 1.2/1.7 MB | 176 kB | 100 kB | 147/213 kB | 147/181 kBProgress (5): 1.2/1.7 MB | 176 kB | 100 kB | 147/213 kB | 147/181 kBProgress (5): 1.2/1.7 MB | 176 kB | 100 kB | 147/213 kB | 147/181 kBProgress (5): 1.2/1.7 MB | 176 kB | 100 kB | 147/213 kB | 147/181 kBProgress (5): 1.2/1.7 MB | 176 kB | 100 kB | 147/213 kB | 147/181 kBProgress (5): 1.2/1.7 MB | 176 kB | 100 kB | 147/213 kB | 152/181 kBProgress (5): 1.2/1.7 MB | 176 kB | 100 kB | 147/213 kB | 156/181 kBProgress (5): 1.2/1.7 MB | 176 kB | 100 kB | 147/213 kB | 156/181 kBProgress (5): 1.2/1.7 MB | 176 kB | 100 kB | 147/213 kB | 160/181 kBProgress (5): 1.2/1.7 MB | 176 kB | 100 kB | 147/213 kB | 164/181 kBProgress (5): 1.2/1.7 MB | 176 kB | 100 kB | 147/213 kB | 164/181 kB                                                                    Downloaded from central: https://repo.maven.apache.org/maven2/org/junit/jupiter/junit-jupiter-api/5.7.1/junit-jupiter-api-5.7.1.jar (176 kB at 144 kB/s)
Downloading from central: https://repo.maven.apache.org/maven2/org/assertj/assertj-core/3.19.0/assertj-core-3.19.0.jar
Progress (4): 1.2/1.7 MB | 100 kB | 147/213 kB | 168/181 kBProgress (4): 1.2/1.7 MB | 100 kB | 152/213 kB | 168/181 kBProgress (4): 1.2/1.7 MB | 100 kB | 152/213 kB | 168/181 kBProgress (4): 1.2/1.7 MB | 100 kB | 156/213 kB | 168/181 kBProgress (4): 1.2/1.7 MB | 100 kB | 156/213 kB | 172/181 kBProgress (4): 1.2/1.7 MB | 100 kB | 156/213 kB | 172/181 kBProgress (4): 1.2/1.7 MB | 100 kB | 156/213 kB | 176/181 kBProgress (4): 1.2/1.7 MB | 100 kB | 160/213 kB | 176/181 kBProgress (4): 1.2/1.7 MB | 100 kB | 160/213 kB | 180/181 kBProgress (4): 1.2/1.7 MB | 100 kB | 164/213 kB | 180/181 kBProgress (4): 1.2/1.7 MB | 100 kB | 164/213 kB | 181 kB    Progress (4): 1.2/1.7 MB | 100 kB | 164/213 kB | 181 kBProgress (4): 1.2/1.7 MB | 100 kB | 164/213 kB | 181 kBProgress (4): 1.3/1.7 MB | 100 kB | 164/213 kB | 181 kBProgress (4): 1.3/1.7 MB | 100 kB | 164/213 kB | 181 kBProgress (4): 1.3/1.7 MB | 100 kB | 168/213 kB | 181 kBProgress (4): 1.3/1.7 MB | 100 kB | 168/213 kB | 181 kBProgress (4): 1.3/1.7 MB | 100 kB | 172/213 kB | 181 kBProgress (4): 1.3/1.7 MB | 100 kB | 172/213 kB | 181 kBProgress (4): 1.3/1.7 MB | 100 kB | 176/213 kB | 181 kBProgress (4): 1.3/1.7 MB | 100 kB | 180/213 kB | 181 kBProgress (4): 1.3/1.7 MB | 100 kB | 180/213 kB | 181 kBProgress (4): 1.3/1.7 MB | 100 kB | 180/213 kB | 181 kBProgress (4): 1.3/1.7 MB | 100 kB | 180/213 kB | 181 kBProgress (4): 1.3/1.7 MB | 100 kB | 180/213 kB | 181 kBProgress (4): 1.3/1.7 MB | 100 kB | 184/213 kB | 181 kBProgress (4): 1.3/1.7 MB | 100 kB | 184/213 kB | 181 kBProgress (4): 1.3/1.7 MB | 100 kB | 188/213 kB | 181 kBProgress (4): 1.3/1.7 MB | 100 kB | 188/213 kB | 181 kBProgress (4): 1.3/1.7 MB | 100 kB | 193/213 kB | 181 kBProgress (4): 1.3/1.7 MB | 100 kB | 197/213 kB | 181 kBProgress (4): 1.3/1.7 MB | 100 kB | 197/213 kB | 181 kBProgress (4): 1.3/1.7 MB | 100 kB | 197/213 kB | 181 kBProgress (4): 1.4/1.7 MB | 100 kB | 197/213 kB | 181 kBProgress (4): 1.4/1.7 MB | 100 kB | 197/213 kB | 181 kBProgress (4): 1.4/1.7 MB | 100 kB | 201/213 kB | 181 kBProgress (4): 1.4/1.7 MB | 100 kB | 205/213 kB | 181 kBProgress (4): 1.4/1.7 MB | 100 kB | 205/213 kB | 181 kBProgress (4): 1.4/1.7 MB | 100 kB | 209/213 kB | 181 kBProgress (4): 1.4/1.7 MB | 100 kB | 209/213 kB | 181 kBProgress (4): 1.4/1.7 MB | 100 kB | 213 kB | 181 kB    Progress (4): 1.4/1.7 MB | 100 kB | 213 kB | 181 kBProgress (4): 1.4/1.7 MB | 100 kB | 213 kB | 181 kBProgress (4): 1.4/1.7 MB | 100 kB | 213 kB | 181 kBProgress (4): 1.4/1.7 MB | 100 kB | 213 kB | 181 kBProgress (4): 1.4/1.7 MB | 100 kB | 213 kB | 181 kBProgress (4): 1.4/1.7 MB | 100 kB | 213 kB | 181 kBProgress (4): 1.4/1.7 MB | 100 kB | 213 kB | 181 kBProgress (4): 1.4/1.7 MB | 100 kB | 213 kB | 181 kBProgress (4): 1.5/1.7 MB | 100 kB | 213 kB | 181 kBProgress (4): 1.5/1.7 MB | 100 kB | 213 kB | 181 kB                                                   Downloaded from central: https://repo.maven.apache.org/maven2/org/junit/platform/junit-platform-commons/1.7.1/junit-platform-commons-1.7.1.jar (100 kB at 80 kB/s)
Downloading from central: https://repo.maven.apache.org/maven2/org/mockito/mockito-core/3.9.0/mockito-core-3.9.0.jar
Progress (3): 1.5/1.7 MB | 213 kB | 181 kBProgress (3): 1.5/1.7 MB | 213 kB | 181 kBProgress (3): 1.5/1.7 MB | 213 kB | 181 kBProgress (3): 1.5/1.7 MB | 213 kB | 181 kBProgress (3): 1.5/1.7 MB | 213 kB | 181 kBProgress (3): 1.5/1.7 MB | 213 kB | 181 kBProgress (3): 1.5/1.7 MB | 213 kB | 181 kBProgress (3): 1.5/1.7 MB | 213 kB | 181 kBProgress (3): 1.5/1.7 MB | 213 kB | 181 kBProgress (3): 1.5/1.7 MB | 213 kB | 181 kBProgress (3): 1.6/1.7 MB | 213 kB | 181 kBProgress (3): 1.6/1.7 MB | 213 kB | 181 kBProgress (3): 1.6/1.7 MB | 213 kB | 181 kBProgress (3): 1.6/1.7 MB | 213 kB | 181 kBProgress (3): 1.6/1.7 MB | 213 kB | 181 kBProgress (3): 1.6/1.7 MB | 213 kB | 181 kBProgress (3): 1.6/1.7 MB | 213 kB | 181 kBProgress (3): 1.6/1.7 MB | 213 kB | 181 kBProgress (3): 1.6/1.7 MB | 213 kB | 181 kBProgress (3): 1.6/1.7 MB | 213 kB | 181 kBProgress (3): 1.6/1.7 MB | 213 kB | 181 kBProgress (3): 1.6/1.7 MB | 213 kB | 181 kBProgress (3): 1.7/1.7 MB | 213 kB | 181 kBProgress (3): 1.7/1.7 MB | 213 kB | 181 kBProgress (3): 1.7/1.7 MB | 213 kB | 181 kBProgress (3): 1.7/1.7 MB | 213 kB | 181 kBProgress (3): 1.7/1.7 MB | 213 kB | 181 kBProgress (3): 1.7/1.7 MB | 213 kB | 181 kBProgress (3): 1.7/1.7 MB | 213 kB | 181 kBProgress (3): 1.7/1.7 MB | 213 kB | 181 kBProgress (3): 1.7/1.7 MB | 213 kB | 181 kBProgress (3): 1.7/1.7 MB | 213 kB | 181 kBProgress (3): 1.7/1.7 MB | 213 kB | 181 kBProgress (3): 1.7 MB | 213 kB | 181 kB                                          Downloaded from central: https://repo.maven.apache.org/maven2/org/junit/platform/junit-platform-engine/1.7.1/junit-platform-engine-1.7.1.jar (181 kB at 133 kB/s)
Downloading from central: https://repo.maven.apache.org/maven2/net/bytebuddy/byte-buddy/1.10.20/byte-buddy-1.10.20.jar
Downloaded from central: https://repo.maven.apache.org/maven2/org/junit/jupiter/junit-jupiter-engine/5.7.1/junit-jupiter-engine-5.7.1.jar (213 kB at 155 kB/s)
Downloading from central: https://repo.maven.apache.org/maven2/net/bytebuddy/byte-buddy-agent/1.10.20/byte-buddy-agent-1.10.20.jar
Progress (2): 1.7 MB | 4.1/666 kBProgress (2): 1.7 MB | 8.2/666 kBProgress (2): 1.7 MB | 12/666 kB Progress (2): 1.7 MB | 16/666 kBProgress (2): 1.7 MB | 20/666 kBProgress (2): 1.7 MB | 25/666 kBProgress (2): 1.7 MB | 29/666 kBProgress (2): 1.7 MB | 33/666 kBProgress (2): 1.7 MB | 37/666 kBProgress (2): 1.7 MB | 41/666 kBProgress (2): 1.7 MB | 45/666 kBProgress (2): 1.7 MB | 49/666 kBProgress (2): 1.7 MB | 53/666 kBProgress (2): 1.7 MB | 57/666 kBProgress (2): 1.7 MB | 61/666 kBProgress (2): 1.7 MB | 66/666 kBProgress (2): 1.7 MB | 70/666 kBProgress (2): 1.7 MB | 74/666 kBProgress (2): 1.7 MB | 78/666 kBProgress (3): 1.7 MB | 78/666 kB | 0/4.8 MBProgress (3): 1.7 MB | 82/666 kB | 0/4.8 MBProgress (3): 1.7 MB | 86/666 kB | 0/4.8 MBProgress (3): 1.7 MB | 90/666 kB | 0/4.8 MBProgress (3): 1.7 MB | 94/666 kB | 0/4.8 MBProgress (3): 1.7 MB | 98/666 kB | 0/4.8 MBProgress (3): 1.7 MB | 102/666 kB | 0/4.8 MBProgress (3): 1.7 MB | 106/666 kB | 0/4.8 MBProgress (3): 1.7 MB | 111/666 kB | 0/4.8 MBProgress (3): 1.7 MB | 115/666 kB | 0/4.8 MBProgress (3): 1.7 MB | 115/666 kB | 0/4.8 MBProgress (3): 1.7 MB | 119/666 kB | 0/4.8 MBProgress (3): 1.7 MB | 123/666 kB | 0/4.8 MBProgress (3): 1.7 MB | 127/666 kB | 0/4.8 MBProgress (3): 1.7 MB | 131/666 kB | 0/4.8 MBProgress (3): 1.7 MB | 135/666 kB | 0/4.8 MBProgress (3): 1.7 MB | 139/666 kB | 0/4.8 MBProgress (3): 1.7 MB | 143/666 kB | 0/4.8 MBProgress (3): 1.7 MB | 147/666 kB | 0/4.8 MBProgress (3): 1.7 MB | 152/666 kB | 0/4.8 MBProgress (3): 1.7 MB | 156/666 kB | 0/4.8 MBProgress (3): 1.7 MB | 160/666 kB | 0/4.8 MBProgress (3): 1.7 MB | 164/666 kB | 0/4.8 MBProgress (3): 1.7 MB | 168/666 kB | 0/4.8 MBProgress (3): 1.7 MB | 172/666 kB | 0/4.8 MBProgress (3): 1.7 MB | 176/666 kB | 0/4.8 MBProgress (3): 1.7 MB | 180/666 kB | 0/4.8 MBProgress (3): 1.7 MB | 184/666 kB | 0/4.8 MBProgress (3): 1.7 MB | 188/666 kB | 0/4.8 MBProgress (3): 1.7 MB | 193/666 kB | 0/4.8 MBProgress (3): 1.7 MB | 193/666 kB | 0.1/4.8 MBProgress (3): 1.7 MB | 197/666 kB | 0.1/4.8 MBProgress (3): 1.7 MB | 201/666 kB | 0.1/4.8 MBProgress (3): 1.7 MB | 205/666 kB | 0.1/4.8 MBProgress (3): 1.7 MB | 209/666 kB | 0.1/4.8 MBProgress (3): 1.7 MB | 213/666 kB | 0.1/4.8 MB                                              Downloaded from central: https://repo.maven.apache.org/maven2/org/apache/logging/log4j/log4j-core/2.14.1/log4j-core-2.14.1.jar (1.7 MB at 1.2 MB/s)
Downloading from central: https://repo.maven.apache.org/maven2/org/objenesis/objenesis/3.2/objenesis-3.2.jar
Progress (2): 217/666 kB | 0.1/4.8 MBProgress (2): 221/666 kB | 0.1/4.8 MBProgress (2): 225/666 kB | 0.1/4.8 MBProgress (2): 229/666 kB | 0.1/4.8 MBProgress (2): 229/666 kB | 0.1/4.8 MBProgress (2): 233/666 kB | 0.1/4.8 MBProgress (2): 238/666 kB | 0.1/4.8 MBProgress (2): 242/666 kB | 0.1/4.8 MBProgress (2): 246/666 kB | 0.1/4.8 MBProgress (2): 250/666 kB | 0.1/4.8 MBProgress (2): 254/666 kB | 0.1/4.8 MBProgress (2): 258/666 kB | 0.1/4.8 MBProgress (2): 262/666 kB | 0.1/4.8 MBProgress (2): 266/666 kB | 0.1/4.8 MBProgress (2): 270/666 kB | 0.1/4.8 MBProgress (2): 274/666 kB | 0.1/4.8 MBProgress (2): 279/666 kB | 0.1/4.8 MBProgress (2): 283/666 kB | 0.1/4.8 MBProgress (2): 287/666 kB | 0.1/4.8 MBProgress (2): 291/666 kB | 0.1/4.8 MBProgress (2): 295/666 kB | 0.1/4.8 MBProgress (2): 299/666 kB | 0.1/4.8 MBProgress (2): 303/666 kB | 0.1/4.8 MBProgress (2): 307/666 kB | 0.1/4.8 MBProgress (2): 311/666 kB | 0.1/4.8 MBProgress (2): 315/666 kB | 0.1/4.8 MBProgress (2): 319/666 kB | 0.1/4.8 MBProgress (2): 324/666 kB | 0.1/4.8 MBProgress (2): 324/666 kB | 0.1/4.8 MBProgress (2): 328/666 kB | 0.1/4.8 MBProgress (2): 332/666 kB | 0.1/4.8 MBProgress (2): 336/666 kB | 0.1/4.8 MBProgress (2): 340/666 kB | 0.1/4.8 MBProgress (2): 344/666 kB | 0.1/4.8 MBProgress (2): 347/666 kB | 0.1/4.8 MBProgress (2): 351/666 kB | 0.1/4.8 MBProgress (2): 355/666 kB | 0.1/4.8 MBProgress (2): 359/666 kB | 0.1/4.8 MBProgress (2): 363/666 kB | 0.1/4.8 MBProgress (2): 363/666 kB | 0.1/4.8 MBProgress (2): 367/666 kB | 0.1/4.8 MBProgress (2): 371/666 kB | 0.1/4.8 MBProgress (2): 376/666 kB | 0.1/4.8 MBProgress (2): 380/666 kB | 0.1/4.8 MBProgress (2): 384/666 kB | 0.1/4.8 MBProgress (2): 388/666 kB | 0.1/4.8 MBProgress (2): 392/666 kB | 0.1/4.8 MBProgress (2): 396/666 kB | 0.1/4.8 MBProgress (2): 400/666 kB | 0.1/4.8 MBProgress (2): 404/666 kB | 0.1/4.8 MBProgress (2): 408/666 kB | 0.1/4.8 MBProgress (2): 412/666 kB | 0.1/4.8 MBProgress (2): 416/666 kB | 0.1/4.8 MBProgress (2): 421/666 kB | 0.1/4.8 MBProgress (2): 425/666 kB | 0.1/4.8 MBProgress (2): 429/666 kB | 0.1/4.8 MBProgress (2): 433/666 kB | 0.1/4.8 MBProgress (2): 437/666 kB | 0.1/4.8 MBProgress (2): 441/666 kB | 0.1/4.8 MBProgress (2): 445/666 kB | 0.1/4.8 MBProgress (2): 445/666 kB | 0.2/4.8 MBProgress (2): 449/666 kB | 0.2/4.8 MBProgress (2): 453/666 kB | 0.2/4.8 MBProgress (2): 457/666 kB | 0.2/4.8 MBProgress (2): 462/666 kB | 0.2/4.8 MBProgress (2): 466/666 kB | 0.2/4.8 MBProgress (2): 470/666 kB | 0.2/4.8 MBProgress (2): 474/666 kB | 0.2/4.8 MBProgress (2): 474/666 kB | 0.2/4.8 MBProgress (2): 478/666 kB | 0.2/4.8 MBProgress (2): 482/666 kB | 0.2/4.8 MBProgress (2): 486/666 kB | 0.2/4.8 MBProgress (2): 490/666 kB | 0.2/4.8 MBProgress (2): 494/666 kB | 0.2/4.8 MBProgress (2): 498/666 kB | 0.2/4.8 MBProgress (2): 502/666 kB | 0.2/4.8 MBProgress (2): 507/666 kB | 0.2/4.8 MBProgress (2): 511/666 kB | 0.2/4.8 MBProgress (2): 515/666 kB | 0.2/4.8 MBProgress (2): 519/666 kB | 0.2/4.8 MBProgress (2): 523/666 kB | 0.2/4.8 MBProgress (2): 527/666 kB | 0.2/4.8 MBProgress (2): 531/666 kB | 0.2/4.8 MBProgress (2): 535/666 kB | 0.2/4.8 MBProgress (2): 539/666 kB | 0.2/4.8 MBProgress (2): 543/666 kB | 0.2/4.8 MBProgress (2): 548/666 kB | 0.2/4.8 MBProgress (2): 552/666 kB | 0.2/4.8 MBProgress (2): 556/666 kB | 0.2/4.8 MBProgress (2): 556/666 kB | 0.2/4.8 MBProgress (2): 560/666 kB | 0.2/4.8 MBProgress (2): 564/666 kB | 0.2/4.8 MBProgress (2): 568/666 kB | 0.2/4.8 MBProgress (2): 572/666 kB | 0.2/4.8 MBProgress (2): 576/666 kB | 0.2/4.8 MBProgress (3): 576/666 kB | 0.2/4.8 MB | 4.1/259 kBProgress (3): 580/666 kB | 0.2/4.8 MB | 4.1/259 kBProgress (3): 584/666 kB | 0.2/4.8 MB | 4.1/259 kBProgress (3): 584/666 kB | 0.2/4.8 MB | 8.2/259 kBProgress (3): 589/666 kB | 0.2/4.8 MB | 8.2/259 kBProgress (3): 589/666 kB | 0.2/4.8 MB | 12/259 kB Progress (3): 593/666 kB | 0.2/4.8 MB | 12/259 kBProgress (3): 593/666 kB | 0.2/4.8 MB | 16/259 kBProgress (3): 597/666 kB | 0.2/4.8 MB | 16/259 kBProgress (3): 601/666 kB | 0.2/4.8 MB | 16/259 kBProgress (3): 605/666 kB | 0.2/4.8 MB | 16/259 kBProgress (3): 609/666 kB | 0.2/4.8 MB | 16/259 kBProgress (3): 613/666 kB | 0.2/4.8 MB | 16/259 kBProgress (3): 613/666 kB | 0.2/4.8 MB | 16/259 kBProgress (3): 617/666 kB | 0.2/4.8 MB | 16/259 kBProgress (3): 621/666 kB | 0.2/4.8 MB | 16/259 kBProgress (3): 625/666 kB | 0.2/4.8 MB | 16/259 kBProgress (3): 629/666 kB | 0.2/4.8 MB | 16/259 kBProgress (3): 629/666 kB | 0.2/4.8 MB | 20/259 kBProgress (3): 629/666 kB | 0.2/4.8 MB | 25/259 kBProgress (3): 629/666 kB | 0.2/4.8 MB | 29/259 kBProgress (3): 629/666 kB | 0.2/4.8 MB | 33/259 kBProgress (3): 634/666 kB | 0.2/4.8 MB | 33/259 kBProgress (3): 638/666 kB | 0.2/4.8 MB | 33/259 kBProgress (3): 642/666 kB | 0.2/4.8 MB | 33/259 kBProgress (3): 646/666 kB | 0.2/4.8 MB | 33/259 kBProgress (3): 650/666 kB | 0.2/4.8 MB | 33/259 kBProgress (3): 654/666 kB | 0.2/4.8 MB | 33/259 kBProgress (3): 658/666 kB | 0.2/4.8 MB | 33/259 kBProgress (3): 662/666 kB | 0.2/4.8 MB | 33/259 kBProgress (3): 666 kB | 0.2/4.8 MB | 33/259 kB    Progress (4): 666 kB | 0.2/4.8 MB | 33/259 kB | 0/3.5 MBProgress (4): 666 kB | 0.3/4.8 MB | 33/259 kB | 0/3.5 MBProgress (4): 666 kB | 0.3/4.8 MB | 37/259 kB | 0/3.5 MBProgress (4): 666 kB | 0.3/4.8 MB | 41/259 kB | 0/3.5 MBProgress (4): 666 kB | 0.3/4.8 MB | 41/259 kB | 0/3.5 MBProgress (4): 666 kB | 0.3/4.8 MB | 45/259 kB | 0/3.5 MBProgress (4): 666 kB | 0.3/4.8 MB | 49/259 kB | 0/3.5 MBProgress (4): 666 kB | 0.3/4.8 MB | 49/259 kB | 0/3.5 MBProgress (4): 666 kB | 0.3/4.8 MB | 49/259 kB | 0/3.5 MBProgress (4): 666 kB | 0.3/4.8 MB | 53/259 kB | 0/3.5 MBProgress (4): 666 kB | 0.3/4.8 MB | 57/259 kB | 0/3.5 MBProgress (4): 666 kB | 0.3/4.8 MB | 61/259 kB | 0/3.5 MBProgress (4): 666 kB | 0.3/4.8 MB | 66/259 kB | 0/3.5 MBProgress (4): 666 kB | 0.3/4.8 MB | 66/259 kB | 0.1/3.5 MBProgress (4): 666 kB | 0.3/4.8 MB | 66/259 kB | 0.1/3.5 MBProgress (4): 666 kB | 0.3/4.8 MB | 70/259 kB | 0.1/3.5 MBProgress (4): 666 kB | 0.3/4.8 MB | 74/259 kB | 0.1/3.5 MBProgress (4): 666 kB | 0.3/4.8 MB | 78/259 kB | 0.1/3.5 MBProgress (4): 666 kB | 0.3/4.8 MB | 82/259 kB | 0.1/3.5 MBProgress (4): 666 kB | 0.3/4.8 MB | 82/259 kB | 0.1/3.5 MBProgress (4): 666 kB | 0.3/4.8 MB | 82/259 kB | 0.1/3.5 MBProgress (4): 666 kB | 0.3/4.8 MB | 86/259 kB | 0.1/3.5 MBProgress (4): 666 kB | 0.3/4.8 MB | 90/259 kB | 0.1/3.5 MBProgress (4): 666 kB | 0.3/4.8 MB | 94/259 kB | 0.1/3.5 MBProgress (4): 666 kB | 0.3/4.8 MB | 98/259 kB | 0.1/3.5 MBProgress (4): 666 kB | 0.3/4.8 MB | 98/259 kB | 0.1/3.5 MBProgress (4): 666 kB | 0.3/4.8 MB | 98/259 kB | 0.1/3.5 MBProgress (4): 666 kB | 0.3/4.8 MB | 98/259 kB | 0.1/3.5 MBProgress (5): 666 kB | 0.3/4.8 MB | 98/259 kB | 0.1/3.5 MB | 4.1/49 kBProgress (5): 666 kB | 0.3/4.8 MB | 98/259 kB | 0.1/3.5 MB | 8.2/49 kBProgress (5): 666 kB | 0.3/4.8 MB | 98/259 kB | 0.1/3.5 MB | 12/49 kB Progress (5): 666 kB | 0.3/4.8 MB | 98/259 kB | 0.1/3.5 MB | 16/49 kBProgress (5): 666 kB | 0.3/4.8 MB | 98/259 kB | 0.1/3.5 MB | 20/49 kBProgress (5): 666 kB | 0.3/4.8 MB | 98/259 kB | 0.1/3.5 MB | 25/49 kBProgress (5): 666 kB | 0.3/4.8 MB | 98/259 kB | 0.1/3.5 MB | 29/49 kBProgress (5): 666 kB | 0.3/4.8 MB | 98/259 kB | 0.1/3.5 MB | 33/49 kBProgress (5): 666 kB | 0.3/4.8 MB | 98/259 kB | 0.1/3.5 MB | 33/49 kBProgress (5): 666 kB | 0.3/4.8 MB | 102/259 kB | 0.1/3.5 MB | 33/49 kBProgress (5): 666 kB | 0.3/4.8 MB | 106/259 kB | 0.1/3.5 MB | 33/49 kBProgress (5): 666 kB | 0.3/4.8 MB | 111/259 kB | 0.1/3.5 MB | 33/49 kBProgress (5): 666 kB | 0.4/4.8 MB | 111/259 kB | 0.1/3.5 MB | 33/49 kBProgress (5): 666 kB | 0.4/4.8 MB | 115/259 kB | 0.1/3.5 MB | 33/49 kBProgress (5): 666 kB | 0.4/4.8 MB | 115/259 kB | 0.1/3.5 MB | 37/49 kBProgress (5): 666 kB | 0.4/4.8 MB | 115/259 kB | 0.1/3.5 MB | 41/49 kBProgress (5): 666 kB | 0.4/4.8 MB | 115/259 kB | 0.1/3.5 MB | 45/49 kBProgress (5): 666 kB | 0.4/4.8 MB | 115/259 kB | 0.1/3.5 MB | 49/49 kBProgress (5): 666 kB | 0.4/4.8 MB | 115/259 kB | 0.1/3.5 MB | 49 kB   Progress (5): 666 kB | 0.4/4.8 MB | 115/259 kB | 0.2/3.5 MB | 49 kBProgress (5): 666 kB | 0.4/4.8 MB | 115/259 kB | 0.2/3.5 MB | 49 kBProgress (5): 666 kB | 0.4/4.8 MB | 119/259 kB | 0.2/3.5 MB | 49 kBProgress (5): 666 kB | 0.4/4.8 MB | 123/259 kB | 0.2/3.5 MB | 49 kBProgress (5): 666 kB | 0.4/4.8 MB | 127/259 kB | 0.2/3.5 MB | 49 kBProgress (5): 666 kB | 0.4/4.8 MB | 131/259 kB | 0.2/3.5 MB | 49 kBProgress (5): 666 kB | 0.4/4.8 MB | 131/259 kB | 0.2/3.5 MB | 49 kBProgress (5): 666 kB | 0.4/4.8 MB | 131/259 kB | 0.2/3.5 MB | 49 kBProgress (5): 666 kB | 0.4/4.8 MB | 135/259 kB | 0.2/3.5 MB | 49 kBProgress (5): 666 kB | 0.4/4.8 MB | 139/259 kB | 0.2/3.5 MB | 49 kBProgress (5): 666 kB | 0.4/4.8 MB | 143/259 kB | 0.2/3.5 MB | 49 kBProgress (5): 666 kB | 0.4/4.8 MB | 147/259 kB | 0.2/3.5 MB | 49 kBProgress (5): 666 kB | 0.4/4.8 MB | 147/259 kB | 0.2/3.5 MB | 49 kBProgress (5): 666 kB | 0.4/4.8 MB | 147/259 kB | 0.2/3.5 MB | 49 kBProgress (5): 666 kB | 0.4/4.8 MB | 147/259 kB | 0.2/3.5 MB | 49 kBProgress (5): 666 kB | 0.4/4.8 MB | 152/259 kB | 0.2/3.5 MB | 49 kBProgress (5): 666 kB | 0.4/4.8 MB | 156/259 kB | 0.2/3.5 MB | 49 kBProgress (5): 666 kB | 0.4/4.8 MB | 160/259 kB | 0.2/3.5 MB | 49 kBProgress (5): 666 kB | 0.4/4.8 MB | 160/259 kB | 0.2/3.5 MB | 49 kBProgress (5): 666 kB | 0.4/4.8 MB | 164/259 kB | 0.2/3.5 MB | 49 kBProgress (5): 666 kB | 0.5/4.8 MB | 164/259 kB | 0.2/3.5 MB | 49 kBProgress (5): 666 kB | 0.5/4.8 MB | 164/259 kB | 0.2/3.5 MB | 49 kBProgress (5): 666 kB | 0.5/4.8 MB | 164/259 kB | 0.3/3.5 MB | 49 kBProgress (5): 666 kB | 0.5/4.8 MB | 168/259 kB | 0.3/3.5 MB | 49 kBProgress (5): 666 kB | 0.5/4.8 MB | 172/259 kB | 0.3/3.5 MB | 49 kBProgress (5): 666 kB | 0.5/4.8 MB | 176/259 kB | 0.3/3.5 MB | 49 kBProgress (5): 666 kB | 0.5/4.8 MB | 180/259 kB | 0.3/3.5 MB | 49 kBProgress (5): 666 kB | 0.5/4.8 MB | 180/259 kB | 0.3/3.5 MB | 49 kBProgress (5): 666 kB | 0.5/4.8 MB | 180/259 kB | 0.3/3.5 MB | 49 kBProgress (5): 666 kB | 0.5/4.8 MB | 184/259 kB | 0.3/3.5 MB | 49 kBProgress (5): 666 kB | 0.5/4.8 MB | 184/259 kB | 0.3/3.5 MB | 49 kBProgress (5): 666 kB | 0.5/4.8 MB | 188/259 kB | 0.3/3.5 MB | 49 kBProgress (5): 666 kB | 0.5/4.8 MB | 193/259 kB | 0.3/3.5 MB | 49 kBProgress (5): 666 kB | 0.5/4.8 MB | 193/259 kB | 0.3/3.5 MB | 49 kBProgress (5): 666 kB | 0.5/4.8 MB | 197/259 kB | 0.3/3.5 MB | 49 kBProgress (5): 666 kB | 0.5/4.8 MB | 197/259 kB | 0.3/3.5 MB | 49 kBProgress (5): 666 kB | 0.5/4.8 MB | 201/259 kB | 0.3/3.5 MB | 49 kBProgress (5): 666 kB | 0.5/4.8 MB | 205/259 kB | 0.3/3.5 MB | 49 kBProgress (5): 666 kB | 0.5/4.8 MB | 209/259 kB | 0.3/3.5 MB | 49 kBProgress (5): 666 kB | 0.5/4.8 MB | 213/259 kB | 0.3/3.5 MB | 49 kBProgress (5): 666 kB | 0.5/4.8 MB | 213/259 kB | 0.3/3.5 MB | 49 kBProgress (5): 666 kB | 0.5/4.8 MB | 213/259 kB | 0.3/3.5 MB | 49 kBProgress (5): 666 kB | 0.5/4.8 MB | 217/259 kB | 0.3/3.5 MB | 49 kBProgress (5): 666 kB | 0.5/4.8 MB | 221/259 kB | 0.3/3.5 MB | 49 kBProgress (5): 666 kB | 0.5/4.8 MB | 225/259 kB | 0.3/3.5 MB | 49 kBProgress (5): 666 kB | 0.5/4.8 MB | 229/259 kB | 0.3/3.5 MB | 49 kBProgress (5): 666 kB | 0.5/4.8 MB | 229/259 kB | 0.4/3.5 MB | 49 kBProgress (5): 666 kB | 0.5/4.8 MB | 233/259 kB | 0.4/3.5 MB | 49 kBProgress (5): 666 kB | 0.5/4.8 MB | 238/259 kB | 0.4/3.5 MB | 49 kBProgress (5): 666 kB | 0.5/4.8 MB | 242/259 kB | 0.4/3.5 MB | 49 kBProgress (5): 666 kB | 0.5/4.8 MB | 246/259 kB | 0.4/3.5 MB | 49 kBProgress (5): 666 kB | 0.5/4.8 MB | 250/259 kB | 0.4/3.5 MB | 49 kBProgress (5): 666 kB | 0.5/4.8 MB | 254/259 kB | 0.4/3.5 MB | 49 kBProgress (5): 666 kB | 0.5/4.8 MB | 258/259 kB | 0.4/3.5 MB | 49 kBProgress (5): 666 kB | 0.5/4.8 MB | 259 kB | 0.4/3.5 MB | 49 kB    Progress (5): 666 kB | 0.5/4.8 MB | 259 kB | 0.4/3.5 MB | 49 kBProgress (5): 666 kB | 0.6/4.8 MB | 259 kB | 0.4/3.5 MB | 49 kBProgress (5): 666 kB | 0.6/4.8 MB | 259 kB | 0.4/3.5 MB | 49 kBProgress (5): 666 kB | 0.6/4.8 MB | 259 kB | 0.4/3.5 MB | 49 kBProgress (5): 666 kB | 0.6/4.8 MB | 259 kB | 0.4/3.5 MB | 49 kBProgress (5): 666 kB | 0.6/4.8 MB | 259 kB | 0.4/3.5 MB | 49 kBProgress (5): 666 kB | 0.6/4.8 MB | 259 kB | 0.4/3.5 MB | 49 kB                                                               Downloaded from central: https://repo.maven.apache.org/maven2/org/mockito/mockito-core/3.9.0/mockito-core-3.9.0.jar (666 kB at 401 kB/s)
Downloading from central: https://repo.maven.apache.org/maven2/com/fasterxml/jackson/core/jackson-core/2.12.3/jackson-core-2.12.3.jar
Progress (4): 0.6/4.8 MB | 259 kB | 0.4/3.5 MB | 49 kBProgress (4): 0.7/4.8 MB | 259 kB | 0.4/3.5 MB | 49 kBProgress (4): 0.7/4.8 MB | 259 kB | 0.4/3.5 MB | 49 kBProgress (4): 0.7/4.8 MB | 259 kB | 0.4/3.5 MB | 49 kBProgress (4): 0.7/4.8 MB | 259 kB | 0.4/3.5 MB | 49 kBProgress (4): 0.7/4.8 MB | 259 kB | 0.4/3.5 MB | 49 kBProgress (4): 0.7/4.8 MB | 259 kB | 0.4/3.5 MB | 49 kBProgress (4): 0.7/4.8 MB | 259 kB | 0.5/3.5 MB | 49 kBProgress (4): 0.7/4.8 MB | 259 kB | 0.5/3.5 MB | 49 kBProgress (4): 0.8/4.8 MB | 259 kB | 0.5/3.5 MB | 49 kBProgress (4): 0.8/4.8 MB | 259 kB | 0.5/3.5 MB | 49 kBProgress (4): 0.8/4.8 MB | 259 kB | 0.5/3.5 MB | 49 kBProgress (4): 0.8/4.8 MB | 259 kB | 0.5/3.5 MB | 49 kBProgress (4): 0.8/4.8 MB | 259 kB | 0.5/3.5 MB | 49 kBProgress (4): 0.8/4.8 MB | 259 kB | 0.5/3.5 MB | 49 kBProgress (4): 0.8/4.8 MB | 259 kB | 0.5/3.5 MB | 49 kBProgress (4): 0.8/4.8 MB | 259 kB | 0.5/3.5 MB | 49 kBProgress (4): 0.8/4.8 MB | 259 kB | 0.6/3.5 MB | 49 kBProgress (4): 0.8/4.8 MB | 259 kB | 0.6/3.5 MB | 49 kBProgress (4): 0.9/4.8 MB | 259 kB | 0.6/3.5 MB | 49 kB                                                      Downloaded from central: https://repo.maven.apache.org/maven2/org/objenesis/objenesis/3.2/objenesis-3.2.jar (49 kB at 29 kB/s)
Downloading from central: https://repo.maven.apache.org/maven2/com/fasterxml/jackson/core/jackson-databind/2.12.3/jackson-databind-2.12.3.jar
Progress (3): 0.9/4.8 MB | 259 kB | 0.6/3.5 MBProgress (3): 0.9/4.8 MB | 259 kB | 0.6/3.5 MBProgress (3): 0.9/4.8 MB | 259 kB | 0.6/3.5 MBProgress (3): 0.9/4.8 MB | 259 kB | 0.6/3.5 MBProgress (3): 0.9/4.8 MB | 259 kB | 0.6/3.5 MBProgress (3): 0.9/4.8 MB | 259 kB | 0.6/3.5 MBProgress (3): 0.9/4.8 MB | 259 kB | 0.6/3.5 MBProgress (3): 1.0/4.8 MB | 259 kB | 0.6/3.5 MBProgress (3): 1.0/4.8 MB | 259 kB | 0.7/3.5 MBProgress (3): 1.0/4.8 MB | 259 kB | 0.7/3.5 MBProgress (3): 1.0/4.8 MB | 259 kB | 0.7/3.5 MBProgress (3): 1.0/4.8 MB | 259 kB | 0.7/3.5 MBProgress (3): 1.0/4.8 MB | 259 kB | 0.7/3.5 MBProgress (3): 1.0/4.8 MB | 259 kB | 0.7/3.5 MBProgress (3): 1.0/4.8 MB | 259 kB | 0.7/3.5 MBProgress (3): 1.0/4.8 MB | 259 kB | 0.7/3.5 MBProgress (3): 1.1/4.8 MB | 259 kB | 0.7/3.5 MBProgress (3): 1.1/4.8 MB | 259 kB | 0.7/3.5 MBProgress (3): 1.1/4.8 MB | 259 kB | 0.8/3.5 MBProgress (3): 1.1/4.8 MB | 259 kB | 0.8/3.5 MBProgress (3): 1.1/4.8 MB | 259 kB | 0.8/3.5 MBProgress (3): 1.1/4.8 MB | 259 kB | 0.8/3.5 MBProgress (3): 1.1/4.8 MB | 259 kB | 0.8/3.5 MBProgress (3): 1.1/4.8 MB | 259 kB | 0.8/3.5 MBProgress (3): 1.1/4.8 MB | 259 kB | 0.8/3.5 MBProgress (3): 1.2/4.8 MB | 259 kB | 0.8/3.5 MBProgress (3): 1.2/4.8 MB | 259 kB | 0.8/3.5 MBProgress (3): 1.2/4.8 MB | 259 kB | 0.8/3.5 MBProgress (3): 1.2/4.8 MB | 259 kB | 0.8/3.5 MBProgress (3): 1.2/4.8 MB | 259 kB | 0.9/3.5 MBProgress (3): 1.2/4.8 MB | 259 kB | 0.9/3.5 MBProgress (3): 1.2/4.8 MB | 259 kB | 0.9/3.5 MBProgress (3): 1.2/4.8 MB | 259 kB | 0.9/3.5 MBProgress (3): 1.2/4.8 MB | 259 kB | 0.9/3.5 MBProgress (3): 1.3/4.8 MB | 259 kB | 0.9/3.5 MBProgress (3): 1.3/4.8 MB | 259 kB | 0.9/3.5 MB                                              Downloaded from central: https://repo.maven.apache.org/maven2/net/bytebuddy/byte-buddy-agent/1.10.20/byte-buddy-agent-1.10.20.jar (259 kB at 148 kB/s)
Downloading from central: https://repo.maven.apache.org/maven2/com/fasterxml/jackson/core/jackson-annotations/2.12.3/jackson-annotations-2.12.3.jar
Progress (2): 1.3/4.8 MB | 0.9/3.5 MBProgress (2): 1.3/4.8 MB | 0.9/3.5 MBProgress (2): 1.4/4.8 MB | 0.9/3.5 MBProgress (2): 1.4/4.8 MB | 0.9/3.5 MBProgress (2): 1.4/4.8 MB | 0.9/3.5 MBProgress (2): 1.4/4.8 MB | 0.9/3.5 MBProgress (2): 1.4/4.8 MB | 0.9/3.5 MBProgress (2): 1.4/4.8 MB | 0.9/3.5 MBProgress (2): 1.4/4.8 MB | 0.9/3.5 MBProgress (2): 1.5/4.8 MB | 0.9/3.5 MBProgress (2): 1.5/4.8 MB | 1.0/3.5 MBProgress (2): 1.5/4.8 MB | 1.0/3.5 MBProgress (2): 1.5/4.8 MB | 1.0/3.5 MBProgress (2): 1.5/4.8 MB | 1.0/3.5 MBProgress (3): 1.5/4.8 MB | 1.0/3.5 MB | 4.1/365 kBProgress (3): 1.5/4.8 MB | 1.0/3.5 MB | 8.2/365 kBProgress (3): 1.5/4.8 MB | 1.0/3.5 MB | 12/365 kB Progress (3): 1.5/4.8 MB | 1.0/3.5 MB | 16/365 kBProgress (3): 1.5/4.8 MB | 1.0/3.5 MB | 16/365 kBProgress (3): 1.5/4.8 MB | 1.0/3.5 MB | 20/365 kBProgress (3): 1.5/4.8 MB | 1.0/3.5 MB | 25/365 kBProgress (3): 1.5/4.8 MB | 1.0/3.5 MB | 29/365 kBProgress (3): 1.5/4.8 MB | 1.0/3.5 MB | 33/365 kBProgress (3): 1.5/4.8 MB | 1.0/3.5 MB | 37/365 kBProgress (3): 1.5/4.8 MB | 1.0/3.5 MB | 41/365 kBProgress (3): 1.5/4.8 MB | 1.0/3.5 MB | 45/365 kBProgress (3): 1.5/4.8 MB | 1.0/3.5 MB | 49/365 kBProgress (3): 1.5/4.8 MB | 1.0/3.5 MB | 53/365 kBProgress (3): 1.5/4.8 MB | 1.0/3.5 MB | 57/365 kBProgress (3): 1.5/4.8 MB | 1.0/3.5 MB | 61/365 kBProgress (3): 1.5/4.8 MB | 1.0/3.5 MB | 61/365 kBProgress (3): 1.5/4.8 MB | 1.0/3.5 MB | 66/365 kBProgress (3): 1.5/4.8 MB | 1.0/3.5 MB | 66/365 kBProgress (3): 1.5/4.8 MB | 1.0/3.5 MB | 70/365 kBProgress (3): 1.5/4.8 MB | 1.0/3.5 MB | 74/365 kBProgress (3): 1.5/4.8 MB | 1.0/3.5 MB | 74/365 kBProgress (3): 1.5/4.8 MB | 1.0/3.5 MB | 78/365 kBProgress (3): 1.5/4.8 MB | 1.0/3.5 MB | 82/365 kBProgress (3): 1.6/4.8 MB | 1.0/3.5 MB | 82/365 kBProgress (3): 1.6/4.8 MB | 1.0/3.5 MB | 86/365 kBProgress (3): 1.6/4.8 MB | 1.0/3.5 MB | 90/365 kBProgress (3): 1.6/4.8 MB | 1.0/3.5 MB | 94/365 kBProgress (3): 1.6/4.8 MB | 1.0/3.5 MB | 98/365 kBProgress (3): 1.6/4.8 MB | 1.0/3.5 MB | 102/365 kBProgress (3): 1.6/4.8 MB | 1.0/3.5 MB | 106/365 kBProgress (3): 1.6/4.8 MB | 1.0/3.5 MB | 106/365 kBProgress (3): 1.6/4.8 MB | 1.0/3.5 MB | 111/365 kBProgress (3): 1.6/4.8 MB | 1.0/3.5 MB | 115/365 kBProgress (3): 1.6/4.8 MB | 1.0/3.5 MB | 115/365 kBProgress (3): 1.6/4.8 MB | 1.0/3.5 MB | 119/365 kBProgress (3): 1.6/4.8 MB | 1.0/3.5 MB | 123/365 kBProgress (3): 1.6/4.8 MB | 1.0/3.5 MB | 127/365 kBProgress (3): 1.6/4.8 MB | 1.0/3.5 MB | 131/365 kBProgress (3): 1.6/4.8 MB | 1.0/3.5 MB | 135/365 kBProgress (3): 1.6/4.8 MB | 1.0/3.5 MB | 139/365 kBProgress (3): 1.6/4.8 MB | 1.0/3.5 MB | 143/365 kBProgress (3): 1.6/4.8 MB | 1.1/3.5 MB | 143/365 kBProgress (3): 1.6/4.8 MB | 1.1/3.5 MB | 147/365 kBProgress (3): 1.6/4.8 MB | 1.1/3.5 MB | 147/365 kBProgress (3): 1.6/4.8 MB | 1.1/3.5 MB | 152/365 kBProgress (3): 1.6/4.8 MB | 1.1/3.5 MB | 156/365 kBProgress (3): 1.6/4.8 MB | 1.1/3.5 MB | 160/365 kBProgress (3): 1.6/4.8 MB | 1.1/3.5 MB | 160/365 kBProgress (3): 1.6/4.8 MB | 1.1/3.5 MB | 164/365 kBProgress (3): 1.6/4.8 MB | 1.1/3.5 MB | 168/365 kBProgress (3): 1.6/4.8 MB | 1.1/3.5 MB | 172/365 kBProgress (3): 1.6/4.8 MB | 1.1/3.5 MB | 176/365 kBProgress (3): 1.6/4.8 MB | 1.1/3.5 MB | 176/365 kBProgress (3): 1.6/4.8 MB | 1.1/3.5 MB | 180/365 kBProgress (3): 1.6/4.8 MB | 1.1/3.5 MB | 184/365 kBProgress (3): 1.6/4.8 MB | 1.1/3.5 MB | 188/365 kBProgress (3): 1.6/4.8 MB | 1.1/3.5 MB | 193/365 kBProgress (3): 1.6/4.8 MB | 1.1/3.5 MB | 197/365 kBProgress (3): 1.6/4.8 MB | 1.1/3.5 MB | 201/365 kBProgress (3): 1.6/4.8 MB | 1.1/3.5 MB | 201/365 kBProgress (3): 1.6/4.8 MB | 1.1/3.5 MB | 205/365 kBProgress (3): 1.6/4.8 MB | 1.1/3.5 MB | 209/365 kBProgress (3): 1.6/4.8 MB | 1.1/3.5 MB | 213/365 kBProgress (3): 1.6/4.8 MB | 1.1/3.5 MB | 217/365 kBProgress (3): 1.6/4.8 MB | 1.1/3.5 MB | 221/365 kBProgress (3): 1.6/4.8 MB | 1.1/3.5 MB | 221/365 kBProgress (3): 1.6/4.8 MB | 1.1/3.5 MB | 225/365 kBProgress (3): 1.6/4.8 MB | 1.1/3.5 MB | 229/365 kBProgress (3): 1.6/4.8 MB | 1.1/3.5 MB | 229/365 kBProgress (3): 1.6/4.8 MB | 1.1/3.5 MB | 233/365 kBProgress (3): 1.6/4.8 MB | 1.1/3.5 MB | 233/365 kBProgress (3): 1.6/4.8 MB | 1.1/3.5 MB | 238/365 kBProgress (3): 1.6/4.8 MB | 1.1/3.5 MB | 242/365 kBProgress (3): 1.6/4.8 MB | 1.1/3.5 MB | 246/365 kBProgress (3): 1.7/4.8 MB | 1.1/3.5 MB | 246/365 kBProgress (3): 1.7/4.8 MB | 1.2/3.5 MB | 246/365 kBProgress (3): 1.7/4.8 MB | 1.2/3.5 MB | 250/365 kBProgress (3): 1.7/4.8 MB | 1.2/3.5 MB | 254/365 kBProgress (3): 1.7/4.8 MB | 1.2/3.5 MB | 258/365 kBProgress (3): 1.7/4.8 MB | 1.2/3.5 MB | 262/365 kBProgress (3): 1.7/4.8 MB | 1.2/3.5 MB | 266/365 kBProgress (3): 1.7/4.8 MB | 1.2/3.5 MB | 270/365 kBProgress (3): 1.7/4.8 MB | 1.2/3.5 MB | 274/365 kBProgress (3): 1.7/4.8 MB | 1.2/3.5 MB | 279/365 kBProgress (3): 1.7/4.8 MB | 1.2/3.5 MB | 283/365 kBProgress (3): 1.7/4.8 MB | 1.2/3.5 MB | 287/365 kBProgress (3): 1.7/4.8 MB | 1.2/3.5 MB | 291/365 kBProgress (3): 1.7/4.8 MB | 1.2/3.5 MB | 295/365 kBProgress (3): 1.7/4.8 MB | 1.2/3.5 MB | 295/365 kBProgress (3): 1.7/4.8 MB | 1.2/3.5 MB | 299/365 kBProgress (3): 1.7/4.8 MB | 1.2/3.5 MB | 299/365 kBProgress (3): 1.7/4.8 MB | 1.2/3.5 MB | 303/365 kBProgress (3): 1.7/4.8 MB | 1.2/3.5 MB | 307/365 kBProgress (3): 1.7/4.8 MB | 1.2/3.5 MB | 311/365 kBProgress (3): 1.7/4.8 MB | 1.2/3.5 MB | 315/365 kBProgress (3): 1.7/4.8 MB | 1.2/3.5 MB | 319/365 kBProgress (3): 1.7/4.8 MB | 1.2/3.5 MB | 324/365 kBProgress (3): 1.7/4.8 MB | 1.2/3.5 MB | 328/365 kBProgress (3): 1.7/4.8 MB | 1.2/3.5 MB | 332/365 kBProgress (3): 1.7/4.8 MB | 1.2/3.5 MB | 336/365 kBProgress (3): 1.7/4.8 MB | 1.2/3.5 MB | 336/365 kBProgress (3): 1.7/4.8 MB | 1.2/3.5 MB | 340/365 kBProgress (3): 1.7/4.8 MB | 1.2/3.5 MB | 344/365 kBProgress (3): 1.7/4.8 MB | 1.2/3.5 MB | 348/365 kBProgress (3): 1.7/4.8 MB | 1.2/3.5 MB | 352/365 kBProgress (3): 1.7/4.8 MB | 1.2/3.5 MB | 356/365 kBProgress (3): 1.7/4.8 MB | 1.2/3.5 MB | 360/365 kBProgress (3): 1.7/4.8 MB | 1.2/3.5 MB | 365/365 kBProgress (3): 1.7/4.8 MB | 1.2/3.5 MB | 365 kB    Progress (3): 1.7/4.8 MB | 1.2/3.5 MB | 365 kBProgress (3): 1.7/4.8 MB | 1.2/3.5 MB | 365 kBProgress (3): 1.7/4.8 MB | 1.2/3.5 MB | 365 kBProgress (3): 1.7/4.8 MB | 1.2/3.5 MB | 365 kBProgress (3): 1.7/4.8 MB | 1.2/3.5 MB | 365 kBProgress (3): 1.8/4.8 MB | 1.2/3.5 MB | 365 kBProgress (3): 1.8/4.8 MB | 1.2/3.5 MB | 365 kBProgress (3): 1.8/4.8 MB | 1.2/3.5 MB | 365 kBProgress (3): 1.8/4.8 MB | 1.3/3.5 MB | 365 kBProgress (3): 1.8/4.8 MB | 1.3/3.5 MB | 365 kBProgress (3): 1.8/4.8 MB | 1.3/3.5 MB | 365 kBProgress (3): 1.8/4.8 MB | 1.3/3.5 MB | 365 kBProgress (4): 1.8/4.8 MB | 1.3/3.5 MB | 365 kB | 0/1.5 MBProgress (4): 1.8/4.8 MB | 1.3/3.5 MB | 365 kB | 0/1.5 MBProgress (4): 1.8/4.8 MB | 1.3/3.5 MB | 365 kB | 0/1.5 MBProgress (4): 1.8/4.8 MB | 1.3/3.5 MB | 365 kB | 0/1.5 MBProgress (4): 1.9/4.8 MB | 1.3/3.5 MB | 365 kB | 0/1.5 MBProgress (4): 1.9/4.8 MB | 1.3/3.5 MB | 365 kB | 0/1.5 MBProgress (4): 1.9/4.8 MB | 1.3/3.5 MB | 365 kB | 0/1.5 MBProgress (4): 1.9/4.8 MB | 1.3/3.5 MB | 365 kB | 0.1/1.5 MBProgress (4): 1.9/4.8 MB | 1.3/3.5 MB | 365 kB | 0.1/1.5 MBProgress (4): 1.9/4.8 MB | 1.3/3.5 MB | 365 kB | 0.1/1.5 MBProgress (4): 1.9/4.8 MB | 1.3/3.5 MB | 365 kB | 0.1/1.5 MBProgress (4): 1.9/4.8 MB | 1.3/3.5 MB | 365 kB | 0.1/1.5 MBProgress (4): 1.9/4.8 MB | 1.3/3.5 MB | 365 kB | 0.1/1.5 MBProgress (4): 1.9/4.8 MB | 1.3/3.5 MB | 365 kB | 0.1/1.5 MBProgress (4): 1.9/4.8 MB | 1.3/3.5 MB | 365 kB | 0.1/1.5 MBProgress (4): 1.9/4.8 MB | 1.3/3.5 MB | 365 kB | 0.1/1.5 MBProgress (4): 1.9/4.8 MB | 1.3/3.5 MB | 365 kB | 0.1/1.5 MBProgress (4): 1.9/4.8 MB | 1.3/3.5 MB | 365 kB | 0.1/1.5 MBProgress (4): 1.9/4.8 MB | 1.3/3.5 MB | 365 kB | 0.1/1.5 MBProgress (4): 1.9/4.8 MB | 1.3/3.5 MB | 365 kB | 0.1/1.5 MBProgress (4): 1.9/4.8 MB | 1.3/3.5 MB | 365 kB | 0.1/1.5 MBProgress (4): 1.9/4.8 MB | 1.3/3.5 MB | 365 kB | 0.1/1.5 MBProgress (4): 1.9/4.8 MB | 1.3/3.5 MB | 365 kB | 0.2/1.5 MBProgress (4): 1.9/4.8 MB | 1.3/3.5 MB | 365 kB | 0.2/1.5 MBProgress (4): 1.9/4.8 MB | 1.3/3.5 MB | 365 kB | 0.2/1.5 MBProgress (4): 1.9/4.8 MB | 1.3/3.5 MB | 365 kB | 0.2/1.5 MBProgress (4): 1.9/4.8 MB | 1.3/3.5 MB | 365 kB | 0.2/1.5 MBProgress (4): 1.9/4.8 MB | 1.3/3.5 MB | 365 kB | 0.2/1.5 MBProgress (4): 1.9/4.8 MB | 1.3/3.5 MB | 365 kB | 0.2/1.5 MBProgress (4): 1.9/4.8 MB | 1.3/3.5 MB | 365 kB | 0.2/1.5 MBProgress (4): 1.9/4.8 MB | 1.3/3.5 MB | 365 kB | 0.2/1.5 MBProgress (4): 1.9/4.8 MB | 1.3/3.5 MB | 365 kB | 0.2/1.5 MBProgress (4): 1.9/4.8 MB | 1.3/3.5 MB | 365 kB | 0.2/1.5 MBProgress (4): 1.9/4.8 MB | 1.3/3.5 MB | 365 kB | 0.2/1.5 MBProgress (4): 1.9/4.8 MB | 1.3/3.5 MB | 365 kB | 0.2/1.5 MBProgress (4): 1.9/4.8 MB | 1.3/3.5 MB | 365 kB | 0.2/1.5 MBProgress (4): 1.9/4.8 MB | 1.3/3.5 MB | 365 kB | 0.3/1.5 MBProgress (4): 2.0/4.8 MB | 1.3/3.5 MB | 365 kB | 0.3/1.5 MBProgress (4): 2.0/4.8 MB | 1.3/3.5 MB | 365 kB | 0.3/1.5 MBProgress (4): 2.0/4.8 MB | 1.3/3.5 MB | 365 kB | 0.3/1.5 MBProgress (4): 2.0/4.8 MB | 1.3/3.5 MB | 365 kB | 0.3/1.5 MBProgress (4): 2.0/4.8 MB | 1.3/3.5 MB | 365 kB | 0.3/1.5 MBProgress (4): 2.0/4.8 MB | 1.3/3.5 MB | 365 kB | 0.3/1.5 MBProgress (4): 2.0/4.8 MB | 1.3/3.5 MB | 365 kB | 0.3/1.5 MBProgress (4): 2.0/4.8 MB | 1.3/3.5 MB | 365 kB | 0.3/1.5 MBProgress (4): 2.0/4.8 MB | 1.3/3.5 MB | 365 kB | 0.3/1.5 MBProgress (4): 2.0/4.8 MB | 1.3/3.5 MB | 365 kB | 0.3/1.5 MBProgress (4): 2.0/4.8 MB | 1.3/3.5 MB | 365 kB | 0.3/1.5 MBProgress (4): 2.0/4.8 MB | 1.3/3.5 MB | 365 kB | 0.3/1.5 MBProgress (4): 2.0/4.8 MB | 1.3/3.5 MB | 365 kB | 0.3/1.5 MBProgress (4): 2.0/4.8 MB | 1.3/3.5 MB | 365 kB | 0.3/1.5 MBProgress (4): 2.0/4.8 MB | 1.3/3.5 MB | 365 kB | 0.3/1.5 MBProgress (4): 2.0/4.8 MB | 1.3/3.5 MB | 365 kB | 0.4/1.5 MBProgress (4): 2.0/4.8 MB | 1.4/3.5 MB | 365 kB | 0.4/1.5 MBProgress (4): 2.0/4.8 MB | 1.4/3.5 MB | 365 kB | 0.4/1.5 MBProgress (4): 2.0/4.8 MB | 1.4/3.5 MB | 365 kB | 0.4/1.5 MBProgress (4): 2.0/4.8 MB | 1.4/3.5 MB | 365 kB | 0.4/1.5 MBProgress (4): 2.0/4.8 MB | 1.4/3.5 MB | 365 kB | 0.4/1.5 MBProgress (4): 2.0/4.8 MB | 1.4/3.5 MB | 365 kB | 0.4/1.5 MBProgress (4): 2.0/4.8 MB | 1.4/3.5 MB | 365 kB | 0.4/1.5 MBProgress (4): 2.0/4.8 MB | 1.4/3.5 MB | 365 kB | 0.4/1.5 MBProgress (4): 2.0/4.8 MB | 1.4/3.5 MB | 365 kB | 0.4/1.5 MBProgress (4): 2.0/4.8 MB | 1.4/3.5 MB | 365 kB | 0.4/1.5 MBProgress (4): 2.0/4.8 MB | 1.4/3.5 MB | 365 kB | 0.4/1.5 MBProgress (4): 2.0/4.8 MB | 1.4/3.5 MB | 365 kB | 0.4/1.5 MBProgress (4): 2.0/4.8 MB | 1.4/3.5 MB | 365 kB | 0.4/1.5 MBProgress (4): 2.0/4.8 MB | 1.4/3.5 MB | 365 kB | 0.4/1.5 MBProgress (4): 2.0/4.8 MB | 1.4/3.5 MB | 365 kB | 0.4/1.5 MBProgress (4): 2.0/4.8 MB | 1.4/3.5 MB | 365 kB | 0.5/1.5 MBProgress (4): 2.0/4.8 MB | 1.4/3.5 MB | 365 kB | 0.5/1.5 MBProgress (4): 2.0/4.8 MB | 1.4/3.5 MB | 365 kB | 0.5/1.5 MBProgress (4): 2.0/4.8 MB | 1.4/3.5 MB | 365 kB | 0.5/1.5 MBProgress (4): 2.0/4.8 MB | 1.4/3.5 MB | 365 kB | 0.5/1.5 MBProgress (4): 2.1/4.8 MB | 1.4/3.5 MB | 365 kB | 0.5/1.5 MBProgress (4): 2.1/4.8 MB | 1.4/3.5 MB | 365 kB | 0.5/1.5 MBProgress (4): 2.1/4.8 MB | 1.4/3.5 MB | 365 kB | 0.5/1.5 MBProgress (4): 2.1/4.8 MB | 1.4/3.5 MB | 365 kB | 0.5/1.5 MBProgress (4): 2.1/4.8 MB | 1.4/3.5 MB | 365 kB | 0.5/1.5 MBProgress (4): 2.1/4.8 MB | 1.4/3.5 MB | 365 kB | 0.5/1.5 MBProgress (4): 2.1/4.8 MB | 1.4/3.5 MB | 365 kB | 0.5/1.5 MBProgress (4): 2.1/4.8 MB | 1.4/3.5 MB | 365 kB | 0.5/1.5 MBProgress (4): 2.1/4.8 MB | 1.4/3.5 MB | 365 kB | 0.5/1.5 MBProgress (4): 2.1/4.8 MB | 1.4/3.5 MB | 365 kB | 0.6/1.5 MBProgress (4): 2.1/4.8 MB | 1.4/3.5 MB | 365 kB | 0.6/1.5 MBProgress (4): 2.1/4.8 MB | 1.4/3.5 MB | 365 kB | 0.6/1.5 MBProgress (4): 2.1/4.8 MB | 1.4/3.5 MB | 365 kB | 0.6/1.5 MBProgress (4): 2.1/4.8 MB | 1.4/3.5 MB | 365 kB | 0.6/1.5 MBProgress (4): 2.1/4.8 MB | 1.4/3.5 MB | 365 kB | 0.6/1.5 MBProgress (4): 2.1/4.8 MB | 1.4/3.5 MB | 365 kB | 0.6/1.5 MBProgress (4): 2.1/4.8 MB | 1.4/3.5 MB | 365 kB | 0.6/1.5 MBProgress (4): 2.1/4.8 MB | 1.4/3.5 MB | 365 kB | 0.6/1.5 MBProgress (4): 2.1/4.8 MB | 1.4/3.5 MB | 365 kB | 0.6/1.5 MBProgress (4): 2.1/4.8 MB | 1.4/3.5 MB | 365 kB | 0.6/1.5 MBProgress (4): 2.1/4.8 MB | 1.4/3.5 MB | 365 kB | 0.6/1.5 MBProgress (4): 2.1/4.8 MB | 1.4/3.5 MB | 365 kB | 0.6/1.5 MBProgress (4): 2.1/4.8 MB | 1.4/3.5 MB | 365 kB | 0.6/1.5 MBProgress (4): 2.1/4.8 MB | 1.4/3.5 MB | 365 kB | 0.6/1.5 MBProgress (4): 2.1/4.8 MB | 1.4/3.5 MB | 365 kB | 0.7/1.5 MBProgress (4): 2.1/4.8 MB | 1.4/3.5 MB | 365 kB | 0.7/1.5 MBProgress (4): 2.1/4.8 MB | 1.4/3.5 MB | 365 kB | 0.7/1.5 MBProgress (4): 2.1/4.8 MB | 1.4/3.5 MB | 365 kB | 0.7/1.5 MBProgress (4): 2.1/4.8 MB | 1.4/3.5 MB | 365 kB | 0.7/1.5 MBProgress (4): 2.1/4.8 MB | 1.4/3.5 MB | 365 kB | 0.7/1.5 MBProgress (4): 2.1/4.8 MB | 1.4/3.5 MB | 365 kB | 0.7/1.5 MBProgress (4): 2.1/4.8 MB | 1.4/3.5 MB | 365 kB | 0.7/1.5 MBProgress (4): 2.1/4.8 MB | 1.4/3.5 MB | 365 kB | 0.7/1.5 MBProgress (4): 2.1/4.8 MB | 1.4/3.5 MB | 365 kB | 0.7/1.5 MBProgress (4): 2.1/4.8 MB | 1.4/3.5 MB | 365 kB | 0.7/1.5 MBProgress (4): 2.2/4.8 MB | 1.4/3.5 MB | 365 kB | 0.7/1.5 MBProgress (4): 2.2/4.8 MB | 1.4/3.5 MB | 365 kB | 0.7/1.5 MBProgress (4): 2.2/4.8 MB | 1.4/3.5 MB | 365 kB | 0.7/1.5 MBProgress (4): 2.2/4.8 MB | 1.4/3.5 MB | 365 kB | 0.7/1.5 MBProgress (4): 2.2/4.8 MB | 1.4/3.5 MB | 365 kB | 0.7/1.5 MBProgress (4): 2.2/4.8 MB | 1.4/3.5 MB | 365 kB | 0.8/1.5 MBProgress (4): 2.2/4.8 MB | 1.4/3.5 MB | 365 kB | 0.8/1.5 MBProgress (4): 2.2/4.8 MB | 1.4/3.5 MB | 365 kB | 0.8/1.5 MBProgress (4): 2.2/4.8 MB | 1.4/3.5 MB | 365 kB | 0.8/1.5 MBProgress (4): 2.2/4.8 MB | 1.4/3.5 MB | 365 kB | 0.8/1.5 MBProgress (4): 2.2/4.8 MB | 1.4/3.5 MB | 365 kB | 0.8/1.5 MBProgress (4): 2.2/4.8 MB | 1.4/3.5 MB | 365 kB | 0.8/1.5 MBProgress (4): 2.2/4.8 MB | 1.4/3.5 MB | 365 kB | 0.8/1.5 MBProgress (4): 2.2/4.8 MB | 1.4/3.5 MB | 365 kB | 0.8/1.5 MBProgress (4): 2.2/4.8 MB | 1.4/3.5 MB | 365 kB | 0.8/1.5 MBProgress (4): 2.2/4.8 MB | 1.4/3.5 MB | 365 kB | 0.8/1.5 MBProgress (4): 2.2/4.8 MB | 1.4/3.5 MB | 365 kB | 0.8/1.5 MBProgress (4): 2.2/4.8 MB | 1.4/3.5 MB | 365 kB | 0.9/1.5 MBProgress (4): 2.2/4.8 MB | 1.4/3.5 MB | 365 kB | 0.9/1.5 MBProgress (4): 2.2/4.8 MB | 1.4/3.5 MB | 365 kB | 0.9/1.5 MBProgress (4): 2.2/4.8 MB | 1.4/3.5 MB | 365 kB | 0.9/1.5 MBProgress (4): 2.2/4.8 MB | 1.4/3.5 MB | 365 kB | 0.9/1.5 MBProgress (4): 2.2/4.8 MB | 1.4/3.5 MB | 365 kB | 0.9/1.5 MBProgress (4): 2.2/4.8 MB | 1.4/3.5 MB | 365 kB | 0.9/1.5 MBProgress (4): 2.2/4.8 MB | 1.4/3.5 MB | 365 kB | 0.9/1.5 MBProgress (4): 2.2/4.8 MB | 1.4/3.5 MB | 365 kB | 0.9/1.5 MBProgress (4): 2.2/4.8 MB | 1.4/3.5 MB | 365 kB | 0.9/1.5 MBProgress (4): 2.2/4.8 MB | 1.4/3.5 MB | 365 kB | 0.9/1.5 MBProgress (4): 2.2/4.8 MB | 1.4/3.5 MB | 365 kB | 0.9/1.5 MBProgress (4): 2.2/4.8 MB | 1.4/3.5 MB | 365 kB | 1.0/1.5 MBProgress (4): 2.2/4.8 MB | 1.4/3.5 MB | 365 kB | 1.0/1.5 MBProgress (4): 2.2/4.8 MB | 1.4/3.5 MB | 365 kB | 1.0/1.5 MBProgress (4): 2.2/4.8 MB | 1.4/3.5 MB | 365 kB | 1.0/1.5 MBProgress (4): 2.2/4.8 MB | 1.4/3.5 MB | 365 kB | 1.0/1.5 MBProgress (4): 2.2/4.8 MB | 1.4/3.5 MB | 365 kB | 1.0/1.5 MBProgress (4): 2.2/4.8 MB | 1.4/3.5 MB | 365 kB | 1.0/1.5 MBProgress (4): 2.2/4.8 MB | 1.4/3.5 MB | 365 kB | 1.0/1.5 MBProgress (4): 2.2/4.8 MB | 1.4/3.5 MB | 365 kB | 1.0/1.5 MBProgress (4): 2.2/4.8 MB | 1.4/3.5 MB | 365 kB | 1.0/1.5 MBProgress (4): 2.2/4.8 MB | 1.4/3.5 MB | 365 kB | 1.0/1.5 MBProgress (4): 2.2/4.8 MB | 1.4/3.5 MB | 365 kB | 1.0/1.5 MBProgress (4): 2.2/4.8 MB | 1.4/3.5 MB | 365 kB | 1.1/1.5 MBProgress (4): 2.2/4.8 MB | 1.4/3.5 MB | 365 kB | 1.1/1.5 MBProgress (4): 2.2/4.8 MB | 1.4/3.5 MB | 365 kB | 1.1/1.5 MBProgress (4): 2.2/4.8 MB | 1.4/3.5 MB | 365 kB | 1.1/1.5 MBProgress (4): 2.2/4.8 MB | 1.4/3.5 MB | 365 kB | 1.1/1.5 MBProgress (4): 2.2/4.8 MB | 1.4/3.5 MB | 365 kB | 1.1/1.5 MBProgress (4): 2.2/4.8 MB | 1.4/3.5 MB | 365 kB | 1.1/1.5 MBProgress (4): 2.2/4.8 MB | 1.4/3.5 MB | 365 kB | 1.1/1.5 MBProgress (4): 2.2/4.8 MB | 1.4/3.5 MB | 365 kB | 1.1/1.5 MBProgress (4): 2.2/4.8 MB | 1.4/3.5 MB | 365 kB | 1.1/1.5 MBProgress (4): 2.2/4.8 MB | 1.4/3.5 MB | 365 kB | 1.1/1.5 MBProgress (4): 2.2/4.8 MB | 1.4/3.5 MB | 365 kB | 1.1/1.5 MBProgress (4): 2.2/4.8 MB | 1.4/3.5 MB | 365 kB | 1.2/1.5 MBProgress (4): 2.2/4.8 MB | 1.4/3.5 MB | 365 kB | 1.2/1.5 MBProgress (4): 2.2/4.8 MB | 1.4/3.5 MB | 365 kB | 1.2/1.5 MBProgress (4): 2.2/4.8 MB | 1.4/3.5 MB | 365 kB | 1.2/1.5 MBProgress (4): 2.2/4.8 MB | 1.4/3.5 MB | 365 kB | 1.2/1.5 MBProgress (4): 2.2/4.8 MB | 1.4/3.5 MB | 365 kB | 1.2/1.5 MBProgress (4): 2.2/4.8 MB | 1.4/3.5 MB | 365 kB | 1.2/1.5 MBProgress (4): 2.2/4.8 MB | 1.4/3.5 MB | 365 kB | 1.2/1.5 MBProgress (4): 2.2/4.8 MB | 1.4/3.5 MB | 365 kB | 1.2/1.5 MBProgress (4): 2.2/4.8 MB | 1.4/3.5 MB | 365 kB | 1.2/1.5 MBProgress (4): 2.2/4.8 MB | 1.4/3.5 MB | 365 kB | 1.2/1.5 MBProgress (4): 2.2/4.8 MB | 1.4/3.5 MB | 365 kB | 1.2/1.5 MBProgress (4): 2.2/4.8 MB | 1.4/3.5 MB | 365 kB | 1.3/1.5 MBProgress (4): 2.2/4.8 MB | 1.4/3.5 MB | 365 kB | 1.3/1.5 MBProgress (4): 2.2/4.8 MB | 1.4/3.5 MB | 365 kB | 1.3/1.5 MBProgress (4): 2.2/4.8 MB | 1.4/3.5 MB | 365 kB | 1.3/1.5 MBProgress (4): 2.2/4.8 MB | 1.4/3.5 MB | 365 kB | 1.3/1.5 MBProgress (4): 2.2/4.8 MB | 1.4/3.5 MB | 365 kB | 1.3/1.5 MBProgress (4): 2.2/4.8 MB | 1.4/3.5 MB | 365 kB | 1.3/1.5 MBProgress (4): 2.2/4.8 MB | 1.4/3.5 MB | 365 kB | 1.3/1.5 MBProgress (4): 2.2/4.8 MB | 1.4/3.5 MB | 365 kB | 1.3/1.5 MBProgress (4): 2.2/4.8 MB | 1.4/3.5 MB | 365 kB | 1.3/1.5 MBProgress (4): 2.2/4.8 MB | 1.4/3.5 MB | 365 kB | 1.3/1.5 MBProgress (4): 2.2/4.8 MB | 1.4/3.5 MB | 365 kB | 1.3/1.5 MBProgress (4): 2.2/4.8 MB | 1.4/3.5 MB | 365 kB | 1.3/1.5 MBProgress (4): 2.2/4.8 MB | 1.4/3.5 MB | 365 kB | 1.4/1.5 MBProgress (4): 2.2/4.8 MB | 1.4/3.5 MB | 365 kB | 1.4/1.5 MBProgress (4): 2.2/4.8 MB | 1.4/3.5 MB | 365 kB | 1.4/1.5 MBProgress (4): 2.2/4.8 MB | 1.4/3.5 MB | 365 kB | 1.4/1.5 MBProgress (4): 2.2/4.8 MB | 1.4/3.5 MB | 365 kB | 1.4/1.5 MBProgress (4): 2.2/4.8 MB | 1.4/3.5 MB | 365 kB | 1.4/1.5 MBProgress (4): 2.2/4.8 MB | 1.4/3.5 MB | 365 kB | 1.4/1.5 MBProgress (4): 2.2/4.8 MB | 1.4/3.5 MB | 365 kB | 1.4/1.5 MBProgress (4): 2.2/4.8 MB | 1.4/3.5 MB | 365 kB | 1.4/1.5 MBProgress (4): 2.2/4.8 MB | 1.4/3.5 MB | 365 kB | 1.4/1.5 MBProgress (4): 2.2/4.8 MB | 1.4/3.5 MB | 365 kB | 1.4/1.5 MBProgress (4): 2.2/4.8 MB | 1.4/3.5 MB | 365 kB | 1.4/1.5 MBProgress (4): 2.2/4.8 MB | 1.4/3.5 MB | 365 kB | 1.5/1.5 MBProgress (4): 2.2/4.8 MB | 1.4/3.5 MB | 365 kB | 1.5/1.5 MBProgress (4): 2.2/4.8 MB | 1.4/3.5 MB | 365 kB | 1.5/1.5 MBProgress (4): 2.2/4.8 MB | 1.4/3.5 MB | 365 kB | 1.5/1.5 MBProgress (4): 2.2/4.8 MB | 1.4/3.5 MB | 365 kB | 1.5/1.5 MBProgress (4): 2.2/4.8 MB | 1.4/3.5 MB | 365 kB | 1.5/1.5 MBProgress (4): 2.2/4.8 MB | 1.4/3.5 MB | 365 kB | 1.5/1.5 MBProgress (4): 2.2/4.8 MB | 1.4/3.5 MB | 365 kB | 1.5/1.5 MBProgress (4): 2.2/4.8 MB | 1.4/3.5 MB | 365 kB | 1.5 MB    Progress (4): 2.2/4.8 MB | 1.4/3.5 MB | 365 kB | 1.5 MBProgress (4): 2.2/4.8 MB | 1.4/3.5 MB | 365 kB | 1.5 MBProgress (4): 2.2/4.8 MB | 1.4/3.5 MB | 365 kB | 1.5 MBProgress (4): 2.3/4.8 MB | 1.4/3.5 MB | 365 kB | 1.5 MBProgress (4): 2.3/4.8 MB | 1.4/3.5 MB | 365 kB | 1.5 MBProgress (4): 2.3/4.8 MB | 1.4/3.5 MB | 365 kB | 1.5 MBProgress (4): 2.3/4.8 MB | 1.4/3.5 MB | 365 kB | 1.5 MBProgress (4): 2.4/4.8 MB | 1.4/3.5 MB | 365 kB | 1.5 MBProgress (4): 2.4/4.8 MB | 1.4/3.5 MB | 365 kB | 1.5 MBProgress (4): 2.4/4.8 MB | 1.4/3.5 MB | 365 kB | 1.5 MBProgress (4): 2.4/4.8 MB | 1.4/3.5 MB | 365 kB | 1.5 MBProgress (4): 2.4/4.8 MB | 1.4/3.5 MB | 365 kB | 1.5 MBProgress (4): 2.5/4.8 MB | 1.4/3.5 MB | 365 kB | 1.5 MBProgress (4): 2.5/4.8 MB | 1.5/3.5 MB | 365 kB | 1.5 MBProgress (4): 2.5/4.8 MB | 1.5/3.5 MB | 365 kB | 1.5 MBProgress (4): 2.5/4.8 MB | 1.5/3.5 MB | 365 kB | 1.5 MBProgress (4): 2.5/4.8 MB | 1.5/3.5 MB | 365 kB | 1.5 MBProgress (5): 2.5/4.8 MB | 1.5/3.5 MB | 365 kB | 1.5 MB | 4.1/76 kBProgress (5): 2.5/4.8 MB | 1.5/3.5 MB | 365 kB | 1.5 MB | 4.1/76 kBProgress (5): 2.5/4.8 MB | 1.5/3.5 MB | 365 kB | 1.5 MB | 8.2/76 kBProgress (5): 2.6/4.8 MB | 1.5/3.5 MB | 365 kB | 1.5 MB | 8.2/76 kBProgress (5): 2.6/4.8 MB | 1.5/3.5 MB | 365 kB | 1.5 MB | 12/76 kB Progress (5): 2.6/4.8 MB | 1.5/3.5 MB | 365 kB | 1.5 MB | 16/76 kBProgress (5): 2.6/4.8 MB | 1.5/3.5 MB | 365 kB | 1.5 MB | 16/76 kBProgress (5): 2.6/4.8 MB | 1.5/3.5 MB | 365 kB | 1.5 MB | 16/76 kBProgress (5): 2.6/4.8 MB | 1.5/3.5 MB | 365 kB | 1.5 MB | 16/76 kBProgress (5): 2.7/4.8 MB | 1.5/3.5 MB | 365 kB | 1.5 MB | 16/76 kBProgress (5): 2.7/4.8 MB | 1.5/3.5 MB | 365 kB | 1.5 MB | 16/76 kBProgress (5): 2.7/4.8 MB | 1.5/3.5 MB | 365 kB | 1.5 MB | 20/76 kBProgress (5): 2.7/4.8 MB | 1.5/3.5 MB | 365 kB | 1.5 MB | 25/76 kBProgress (5): 2.7/4.8 MB | 1.5/3.5 MB | 365 kB | 1.5 MB | 25/76 kBProgress (5): 2.7/4.8 MB | 1.5/3.5 MB | 365 kB | 1.5 MB | 29/76 kBProgress (5): 2.7/4.8 MB | 1.5/3.5 MB | 365 kB | 1.5 MB | 33/76 kBProgress (5): 2.7/4.8 MB | 1.5/3.5 MB | 365 kB | 1.5 MB | 33/76 kBProgress (5): 2.7/4.8 MB | 1.5/3.5 MB | 365 kB | 1.5 MB | 33/76 kBProgress (5): 2.7/4.8 MB | 1.5/3.5 MB | 365 kB | 1.5 MB | 33/76 kBProgress (5): 2.8/4.8 MB | 1.5/3.5 MB | 365 kB | 1.5 MB | 33/76 kBProgress (5): 2.8/4.8 MB | 1.5/3.5 MB | 365 kB | 1.5 MB | 33/76 kBProgress (5): 2.8/4.8 MB | 1.5/3.5 MB | 365 kB | 1.5 MB | 37/76 kBProgress (5): 2.8/4.8 MB | 1.5/3.5 MB | 365 kB | 1.5 MB | 41/76 kBProgress (5): 2.8/4.8 MB | 1.5/3.5 MB | 365 kB | 1.5 MB | 45/76 kBProgress (5): 2.8/4.8 MB | 1.5/3.5 MB | 365 kB | 1.5 MB | 49/76 kBProgress (5): 2.8/4.8 MB | 1.5/3.5 MB | 365 kB | 1.5 MB | 49/76 kBProgress (5): 2.8/4.8 MB | 1.5/3.5 MB | 365 kB | 1.5 MB | 49/76 kBProgress (5): 2.9/4.8 MB | 1.5/3.5 MB | 365 kB | 1.5 MB | 49/76 kBProgress (5): 2.9/4.8 MB | 1.5/3.5 MB | 365 kB | 1.5 MB | 49/76 kBProgress (5): 2.9/4.8 MB | 1.5/3.5 MB | 365 kB | 1.5 MB | 53/76 kBProgress (5): 2.9/4.8 MB | 1.5/3.5 MB | 365 kB | 1.5 MB | 57/76 kBProgress (5): 2.9/4.8 MB | 1.5/3.5 MB | 365 kB | 1.5 MB | 57/76 kBProgress (5): 2.9/4.8 MB | 1.5/3.5 MB | 365 kB | 1.5 MB | 61/76 kBProgress (5): 2.9/4.8 MB | 1.5/3.5 MB | 365 kB | 1.5 MB | 66/76 kBProgress (5): 2.9/4.8 MB | 1.5/3.5 MB | 365 kB | 1.5 MB | 66/76 kBProgress (5): 2.9/4.8 MB | 1.5/3.5 MB | 365 kB | 1.5 MB | 66/76 kBProgress (5): 3.0/4.8 MB | 1.5/3.5 MB | 365 kB | 1.5 MB | 66/76 kBProgress (5): 3.0/4.8 MB | 1.5/3.5 MB | 365 kB | 1.5 MB | 70/76 kBProgress (5): 3.0/4.8 MB | 1.5/3.5 MB | 365 kB | 1.5 MB | 74/76 kBProgress (5): 3.0/4.8 MB | 1.5/3.5 MB | 365 kB | 1.5 MB | 76 kB   Progress (5): 3.0/4.8 MB | 1.5/3.5 MB | 365 kB | 1.5 MB | 76 kBProgress (5): 3.0/4.8 MB | 1.5/3.5 MB | 365 kB | 1.5 MB | 76 kBProgress (5): 3.0/4.8 MB | 1.5/3.5 MB | 365 kB | 1.5 MB | 76 kBProgress (5): 3.0/4.8 MB | 1.5/3.5 MB | 365 kB | 1.5 MB | 76 kB                                                               Downloaded from central: https://repo.maven.apache.org/maven2/com/fasterxml/jackson/core/jackson-core/2.12.3/jackson-core-2.12.3.jar (365 kB at 187 kB/s)
Progress (4): 3.1/4.8 MB | 1.5/3.5 MB | 1.5 MB | 76 kBProgress (4): 3.1/4.8 MB | 1.6/3.5 MB | 1.5 MB | 76 kBProgress (4): 3.1/4.8 MB | 1.6/3.5 MB | 1.5 MB | 76 kBProgress (4): 3.1/4.8 MB | 1.6/3.5 MB | 1.5 MB | 76 kBProgress (4): 3.1/4.8 MB | 1.6/3.5 MB | 1.5 MB | 76 kBProgress (4): 3.1/4.8 MB | 1.6/3.5 MB | 1.5 MB | 76 kBProgress (4): 3.1/4.8 MB | 1.6/3.5 MB | 1.5 MB | 76 kBProgress (4): 3.2/4.8 MB | 1.6/3.5 MB | 1.5 MB | 76 kBProgress (4): 3.2/4.8 MB | 1.6/3.5 MB | 1.5 MB | 76 kBProgress (4): 3.2/4.8 MB | 1.6/3.5 MB | 1.5 MB | 76 kBProgress (4): 3.2/4.8 MB | 1.6/3.5 MB | 1.5 MB | 76 kBProgress (4): 3.2/4.8 MB | 1.6/3.5 MB | 1.5 MB | 76 kBProgress (4): 3.3/4.8 MB | 1.6/3.5 MB | 1.5 MB | 76 kBProgress (4): 3.3/4.8 MB | 1.6/3.5 MB | 1.5 MB | 76 kBProgress (4): 3.3/4.8 MB | 1.6/3.5 MB | 1.5 MB | 76 kBProgress (4): 3.3/4.8 MB | 1.6/3.5 MB | 1.5 MB | 76 kBProgress (4): 3.3/4.8 MB | 1.6/3.5 MB | 1.5 MB | 76 kBProgress (4): 3.4/4.8 MB | 1.6/3.5 MB | 1.5 MB | 76 kBProgress (4): 3.4/4.8 MB | 1.6/3.5 MB | 1.5 MB | 76 kBProgress (4): 3.4/4.8 MB | 1.6/3.5 MB | 1.5 MB | 76 kBProgress (4): 3.4/4.8 MB | 1.6/3.5 MB | 1.5 MB | 76 kBProgress (4): 3.4/4.8 MB | 1.6/3.5 MB | 1.5 MB | 76 kBProgress (4): 3.5/4.8 MB | 1.6/3.5 MB | 1.5 MB | 76 kBProgress (4): 3.5/4.8 MB | 1.6/3.5 MB | 1.5 MB | 76 kBProgress (4): 3.5/4.8 MB | 1.6/3.5 MB | 1.5 MB | 76 kBProgress (4): 3.5/4.8 MB | 1.6/3.5 MB | 1.5 MB | 76 kBProgress (4): 3.5/4.8 MB | 1.6/3.5 MB | 1.5 MB | 76 kBProgress (4): 3.6/4.8 MB | 1.6/3.5 MB | 1.5 MB | 76 kBProgress (4): 3.6/4.8 MB | 1.7/3.5 MB | 1.5 MB | 76 kBProgress (4): 3.6/4.8 MB | 1.7/3.5 MB | 1.5 MB | 76 kBProgress (4): 3.6/4.8 MB | 1.7/3.5 MB | 1.5 MB | 76 kBProgress (4): 3.6/4.8 MB | 1.7/3.5 MB | 1.5 MB | 76 kBProgress (4): 3.7/4.8 MB | 1.7/3.5 MB | 1.5 MB | 76 kBProgress (4): 3.7/4.8 MB | 1.7/3.5 MB | 1.5 MB | 76 kBProgress (4): 3.7/4.8 MB | 1.7/3.5 MB | 1.5 MB | 76 kBProgress (4): 3.7/4.8 MB | 1.7/3.5 MB | 1.5 MB | 76 kBProgress (4): 3.7/4.8 MB | 1.7/3.5 MB | 1.5 MB | 76 kBProgress (4): 3.7/4.8 MB | 1.7/3.5 MB | 1.5 MB | 76 kBProgress (4): 3.8/4.8 MB | 1.7/3.5 MB | 1.5 MB | 76 kBProgress (4): 3.8/4.8 MB | 1.7/3.5 MB | 1.5 MB | 76 kBProgress (4): 3.8/4.8 MB | 1.7/3.5 MB | 1.5 MB | 76 kBProgress (4): 3.8/4.8 MB | 1.7/3.5 MB | 1.5 MB | 76 kBProgress (4): 3.9/4.8 MB | 1.7/3.5 MB | 1.5 MB | 76 kBProgress (4): 3.9/4.8 MB | 1.7/3.5 MB | 1.5 MB | 76 kBProgress (4): 3.9/4.8 MB | 1.7/3.5 MB | 1.5 MB | 76 kBProgress (4): 3.9/4.8 MB | 1.7/3.5 MB | 1.5 MB | 76 kBProgress (4): 3.9/4.8 MB | 1.7/3.5 MB | 1.5 MB | 76 kBProgress (4): 3.9/4.8 MB | 1.7/3.5 MB | 1.5 MB | 76 kBProgress (4): 4.0/4.8 MB | 1.7/3.5 MB | 1.5 MB | 76 kBProgress (4): 4.0/4.8 MB | 1.7/3.5 MB | 1.5 MB | 76 kBProgress (4): 4.0/4.8 MB | 1.7/3.5 MB | 1.5 MB | 76 kBProgress (4): 4.0/4.8 MB | 1.7/3.5 MB | 1.5 MB | 76 kBProgress (4): 4.1/4.8 MB | 1.7/3.5 MB | 1.5 MB | 76 kBProgress (4): 4.1/4.8 MB | 1.7/3.5 MB | 1.5 MB | 76 kBProgress (4): 4.1/4.8 MB | 1.7/3.5 MB | 1.5 MB | 76 kBProgress (4): 4.1/4.8 MB | 1.7/3.5 MB | 1.5 MB | 76 kBProgress (4): 4.1/4.8 MB | 1.8/3.5 MB | 1.5 MB | 76 kBProgress (4): 4.1/4.8 MB | 1.8/3.5 MB | 1.5 MB | 76 kBProgress (4): 4.2/4.8 MB | 1.8/3.5 MB | 1.5 MB | 76 kBProgress (4): 4.2/4.8 MB | 1.8/3.5 MB | 1.5 MB | 76 kBProgress (4): 4.2/4.8 MB | 1.8/3.5 MB | 1.5 MB | 76 kBProgress (4): 4.2/4.8 MB | 1.8/3.5 MB | 1.5 MB | 76 kBProgress (4): 4.3/4.8 MB | 1.8/3.5 MB | 1.5 MB | 76 kBProgress (4): 4.3/4.8 MB | 1.8/3.5 MB | 1.5 MB | 76 kBProgress (4): 4.3/4.8 MB | 1.8/3.5 MB | 1.5 MB | 76 kBProgress (4): 4.3/4.8 MB | 1.8/3.5 MB | 1.5 MB | 76 kBProgress (4): 4.3/4.8 MB | 1.8/3.5 MB | 1.5 MB | 76 kBProgress (4): 4.3/4.8 MB | 1.8/3.5 MB | 1.5 MB | 76 kBProgress (4): 4.4/4.8 MB | 1.8/3.5 MB | 1.5 MB | 76 kBProgress (4): 4.4/4.8 MB | 1.8/3.5 MB | 1.5 MB | 76 kBProgress (4): 4.4/4.8 MB | 1.8/3.5 MB | 1.5 MB | 76 kBProgress (4): 4.4/4.8 MB | 1.8/3.5 MB | 1.5 MB | 76 kBProgress (4): 4.4/4.8 MB | 1.8/3.5 MB | 1.5 MB | 76 kBProgress (4): 4.4/4.8 MB | 1.8/3.5 MB | 1.5 MB | 76 kBProgress (4): 4.5/4.8 MB | 1.8/3.5 MB | 1.5 MB | 76 kBProgress (4): 4.5/4.8 MB | 1.8/3.5 MB | 1.5 MB | 76 kBProgress (4): 4.5/4.8 MB | 1.8/3.5 MB | 1.5 MB | 76 kBProgress (4): 4.5/4.8 MB | 1.8/3.5 MB | 1.5 MB | 76 kBProgress (4): 4.5/4.8 MB | 1.9/3.5 MB | 1.5 MB | 76 kBProgress (4): 4.5/4.8 MB | 1.9/3.5 MB | 1.5 MB | 76 kBProgress (4): 4.5/4.8 MB | 1.9/3.5 MB | 1.5 MB | 76 kBProgress (4): 4.5/4.8 MB | 1.9/3.5 MB | 1.5 MB | 76 kBProgress (4): 4.5/4.8 MB | 1.9/3.5 MB | 1.5 MB | 76 kBProgress (4): 4.5/4.8 MB | 1.9/3.5 MB | 1.5 MB | 76 kBProgress (4): 4.5/4.8 MB | 2.0/3.5 MB | 1.5 MB | 76 kBProgress (4): 4.5/4.8 MB | 2.0/3.5 MB | 1.5 MB | 76 kBProgress (4): 4.5/4.8 MB | 2.0/3.5 MB | 1.5 MB | 76 kBProgress (4): 4.5/4.8 MB | 2.0/3.5 MB | 1.5 MB | 76 kBProgress (4): 4.5/4.8 MB | 2.0/3.5 MB | 1.5 MB | 76 kBProgress (4): 4.5/4.8 MB | 2.0/3.5 MB | 1.5 MB | 76 kBProgress (4): 4.5/4.8 MB | 2.1/3.5 MB | 1.5 MB | 76 kBProgress (4): 4.5/4.8 MB | 2.1/3.5 MB | 1.5 MB | 76 kB                                                      Downloaded from central: https://repo.maven.apache.org/maven2/com/fasterxml/jackson/core/jackson-databind/2.12.3/jackson-databind-2.12.3.jar (1.5 MB at 737 kB/s)
Progress (3): 4.6/4.8 MB | 2.1/3.5 MB | 76 kBProgress (3): 4.6/4.8 MB | 2.1/3.5 MB | 76 kBProgress (3): 4.6/4.8 MB | 2.1/3.5 MB | 76 kBProgress (3): 4.6/4.8 MB | 2.1/3.5 MB | 76 kBProgress (3): 4.7/4.8 MB | 2.1/3.5 MB | 76 kBProgress (3): 4.7/4.8 MB | 2.1/3.5 MB | 76 kBProgress (3): 4.7/4.8 MB | 2.1/3.5 MB | 76 kBProgress (3): 4.7/4.8 MB | 2.1/3.5 MB | 76 kBProgress (3): 4.7/4.8 MB | 2.1/3.5 MB | 76 kBProgress (3): 4.8/4.8 MB | 2.1/3.5 MB | 76 kBProgress (3): 4.8/4.8 MB | 2.1/3.5 MB | 76 kBProgress (3): 4.8 MB | 2.1/3.5 MB | 76 kB    Progress (3): 4.8 MB | 2.1/3.5 MB | 76 kBProgress (3): 4.8 MB | 2.1/3.5 MB | 76 kBProgress (3): 4.8 MB | 2.1/3.5 MB | 76 kBProgress (3): 4.8 MB | 2.1/3.5 MB | 76 kBProgress (3): 4.8 MB | 2.1/3.5 MB | 76 kBProgress (3): 4.8 MB | 2.1/3.5 MB | 76 kBProgress (3): 4.8 MB | 2.2/3.5 MB | 76 kB                                         Downloaded from central: https://repo.maven.apache.org/maven2/com/fasterxml/jackson/core/jackson-annotations/2.12.3/jackson-annotations-2.12.3.jar (76 kB at 36 kB/s)
Progress (2): 4.8 MB | 2.2/3.5 MBProgress (2): 4.8 MB | 2.2/3.5 MBProgress (2): 4.8 MB | 2.2/3.5 MBProgress (2): 4.8 MB | 2.2/3.5 MBProgress (2): 4.8 MB | 2.2/3.5 MBProgress (2): 4.8 MB | 2.3/3.5 MBProgress (2): 4.8 MB | 2.3/3.5 MBProgress (2): 4.8 MB | 2.3/3.5 MBProgress (2): 4.8 MB | 2.3/3.5 MBProgress (2): 4.8 MB | 2.3/3.5 MBProgress (2): 4.8 MB | 2.4/3.5 MBProgress (2): 4.8 MB | 2.4/3.5 MBProgress (2): 4.8 MB | 2.4/3.5 MBProgress (2): 4.8 MB | 2.4/3.5 MBProgress (2): 4.8 MB | 2.4/3.5 MBProgress (2): 4.8 MB | 2.4/3.5 MBProgress (2): 4.8 MB | 2.4/3.5 MBProgress (2): 4.8 MB | 2.5/3.5 MBProgress (2): 4.8 MB | 2.5/3.5 MBProgress (2): 4.8 MB | 2.5/3.5 MBProgress (2): 4.8 MB | 2.5/3.5 MBProgress (2): 4.8 MB | 2.5/3.5 MBProgress (2): 4.8 MB | 2.6/3.5 MBProgress (2): 4.8 MB | 2.6/3.5 MBProgress (2): 4.8 MB | 2.6/3.5 MBProgress (2): 4.8 MB | 2.6/3.5 MBProgress (2): 4.8 MB | 2.6/3.5 MBProgress (2): 4.8 MB | 2.6/3.5 MBProgress (2): 4.8 MB | 2.7/3.5 MBProgress (2): 4.8 MB | 2.7/3.5 MBProgress (2): 4.8 MB | 2.7/3.5 MBProgress (2): 4.8 MB | 2.7/3.5 MBProgress (2): 4.8 MB | 2.7/3.5 MB                                 Downloaded from central: https://repo.maven.apache.org/maven2/org/assertj/assertj-core/3.19.0/assertj-core-3.19.0.jar (4.8 MB at 2.2 MB/s)
Progress (1): 2.7/3.5 MBProgress (1): 2.8/3.5 MBProgress (1): 2.8/3.5 MBProgress (1): 2.8/3.5 MBProgress (1): 2.8/3.5 MBProgress (1): 2.8/3.5 MBProgress (1): 2.8/3.5 MBProgress (1): 2.8/3.5 MBProgress (1): 2.9/3.5 MBProgress (1): 2.9/3.5 MBProgress (1): 2.9/3.5 MBProgress (1): 2.9/3.5 MBProgress (1): 2.9/3.5 MBProgress (1): 2.9/3.5 MBProgress (1): 3.0/3.5 MBProgress (1): 3.0/3.5 MBProgress (1): 3.0/3.5 MBProgress (1): 3.0/3.5 MBProgress (1): 3.0/3.5 MBProgress (1): 3.0/3.5 MBProgress (1): 3.1/3.5 MBProgress (1): 3.1/3.5 MBProgress (1): 3.1/3.5 MBProgress (1): 3.1/3.5 MBProgress (1): 3.1/3.5 MBProgress (1): 3.1/3.5 MBProgress (1): 3.2/3.5 MBProgress (1): 3.2/3.5 MBProgress (1): 3.2/3.5 MBProgress (1): 3.2/3.5 MBProgress (1): 3.2/3.5 MBProgress (1): 3.2/3.5 MBProgress (1): 3.3/3.5 MBProgress (1): 3.3/3.5 MBProgress (1): 3.3/3.5 MBProgress (1): 3.3/3.5 MBProgress (1): 3.3/3.5 MBProgress (1): 3.3/3.5 MBProgress (1): 3.4/3.5 MBProgress (1): 3.4/3.5 MBProgress (1): 3.4/3.5 MBProgress (1): 3.4/3.5 MBProgress (1): 3.4/3.5 MBProgress (1): 3.4/3.5 MBProgress (1): 3.5/3.5 MBProgress (1): 3.5/3.5 MBProgress (1): 3.5/3.5 MBProgress (1): 3.5 MB                        Downloaded from central: https://repo.maven.apache.org/maven2/net/bytebuddy/byte-buddy/1.10.20/byte-buddy-1.10.20.jar (3.5 MB at 1.4 MB/s)
[INFO] 
[INFO] --- maven-clean-plugin:2.5:clean (default-clean) @ metrics ---
[INFO] 
[INFO] --- maven-resources-plugin:2.6:resources (default-resources) @ metrics ---
[INFO] Using 'UTF-8' encoding to copy filtered resources.
[INFO] Copying 1 resource
[INFO] 
[INFO] --- maven-compiler-plugin:3.8.1:compile (default-compile) @ metrics ---
[INFO] Changes detected - recompiling the module!
[INFO] Compiling 119 source files to /Users/seyoung/data/repo/target/classes
[INFO] /Users/seyoung/data/repo/src/main/java/io/avaje/metrics/core/log4j/Log4JMetricAppender.java: /Users/seyoung/data/repo/src/main/java/io/avaje/metrics/core/log4j/Log4JMetricAppender.java uses or overrides a deprecated API.
[INFO] /Users/seyoung/data/repo/src/main/java/io/avaje/metrics/core/log4j/Log4JMetricAppender.java: Recompile with -Xlint:deprecation for details.
[INFO] /Users/seyoung/data/repo/src/main/java/io/avaje/metrics/core/DefaultMetricManager.java: Some input files use unchecked or unsafe operations.
[INFO] /Users/seyoung/data/repo/src/main/java/io/avaje/metrics/core/DefaultMetricManager.java: Recompile with -Xlint:unchecked for details.
[INFO] 
[INFO] --- maven-resources-plugin:2.6:testResources (default-testResources) @ metrics ---
[INFO] Using 'UTF-8' encoding to copy filtered resources.
[INFO] Copying 14 resources
[INFO] 
[INFO] --- maven-compiler-plugin:3.8.1:testCompile (default-testCompile) @ metrics ---
[INFO] Changes detected - recompiling the module!
[INFO] Compiling 32 source files to /Users/seyoung/data/repo/target/test-classes
[INFO] 
[INFO] --- maven-surefire-plugin:3.0.0-M5:test (default-test) @ metrics ---
Downloading from central: https://repo.maven.apache.org/maven2/org/junit/platform/junit-platform-launcher/1.7.1/junit-platform-launcher-1.7.1.jar
Progress (1): 4.1/137 kBProgress (1): 8.2/137 kBProgress (1): 12/137 kB Progress (1): 16/137 kBProgress (1): 20/137 kBProgress (1): 25/137 kBProgress (1): 29/137 kBProgress (1): 33/137 kBProgress (1): 37/137 kBProgress (1): 41/137 kBProgress (1): 45/137 kBProgress (1): 49/137 kBProgress (1): 53/137 kBProgress (1): 57/137 kBProgress (1): 61/137 kBProgress (1): 66/137 kBProgress (1): 70/137 kBProgress (1): 74/137 kBProgress (1): 78/137 kBProgress (1): 82/137 kBProgress (1): 86/137 kBProgress (1): 90/137 kBProgress (1): 94/137 kBProgress (1): 98/137 kBProgress (1): 102/137 kBProgress (1): 106/137 kBProgress (1): 111/137 kBProgress (1): 115/137 kBProgress (1): 119/137 kBProgress (1): 123/137 kBProgress (1): 127/137 kBProgress (1): 131/137 kBProgress (1): 135/137 kBProgress (1): 137 kB                        Downloaded from central: https://repo.maven.apache.org/maven2/org/junit/platform/junit-platform-launcher/1.7.1/junit-platform-launcher-1.7.1.jar (137 kB at 442 kB/s)
Downloading from central: https://repo.maven.apache.org/maven2/org/junit/platform/junit-platform-launcher/1.7.1/junit-platform-launcher-1.7.1.pom
Progress (1): 3.0 kB                    Downloaded from central: https://repo.maven.apache.org/maven2/org/junit/platform/junit-platform-launcher/1.7.1/junit-platform-launcher-1.7.1.pom (3.0 kB at 9.8 kB/s)
[INFO] 
[INFO] -------------------------------------------------------
[INFO]  T E S T S
[INFO] -------------------------------------------------------
[INFO] Running io.avaje.metrics.core.DisableCollectionTest
[INFO] Tests run: 1, Failures: 0, Errors: 0, Skipped: 0, Time elapsed: 0.017 s - in io.avaje.metrics.core.DisableCollectionTest
[INFO] Running io.avaje.metrics.core.DefaultMetricNameCacheTest
[INFO] Tests run: 1, Failures: 0, Errors: 0, Skipped: 0, Time elapsed: 0.003 s - in io.avaje.metrics.core.DefaultMetricNameCacheTest
[INFO] Running io.avaje.metrics.core.BasicRequestTimingWriterTest
12:07:04  exe:93ms  metric:org.req.Customer.getById
   d:0    p:100  ms:93        us:93324        m:org.req.Customer.getById
   d:1    p:83   ms:78        us:78306           m:org.service.CustomerService.getById
   d:2    p:55   ms:51        us:51368              m:org.data.CustomerDAO.getById


[INFO] Tests run: 2, Failures: 0, Errors: 0, Skipped: 0, Time elapsed: 0.166 s - in io.avaje.metrics.core.BasicRequestTimingWriterTest
[INFO] Running io.avaje.metrics.core.DefaultBucketTimedMetricTest
[INFO] Tests run: 1, Failures: 0, Errors: 0, Skipped: 0, Time elapsed: 0.004 s - in io.avaje.metrics.core.DefaultBucketTimedMetricTest
[INFO] Running io.avaje.metrics.core.JvmGCLoadTest
Duration 929 millis
[jvm.gc.time 533, jvm.gc.count.ps-scavenge 4, jvm.gc.time.ps-scavenge 115, jvm.gc.count.ps-marksweep 2, jvm.gc.time.ps-marksweep 418]
Duration 696 millis
[jvm.gc.time 293, jvm.gc.count.ps-scavenge 3, jvm.gc.time.ps-scavenge 242, jvm.gc.count.ps-marksweep 1, jvm.gc.time.ps-marksweep 51]
Duration 523 millis
[jvm.gc.time 175, jvm.gc.count.ps-scavenge 2, jvm.gc.time.ps-scavenge 175, jvm.gc.count.ps-marksweep 0, jvm.gc.time.ps-marksweep 0]
[INFO] Tests run: 1, Failures: 0, Errors: 0, Skipped: 0, Time elapsed: 2.262 s - in io.avaje.metrics.core.JvmGCLoadTest
[INFO] Running io.avaje.metrics.core.CsvFileReporterTest
[INFO] Tests run: 1, Failures: 0, Errors: 0, Skipped: 0, Time elapsed: 5.993 s - in io.avaje.metrics.core.CsvFileReporterTest
[INFO] Running io.avaje.metrics.core.ValueMetricTest
[INFO] Tests run: 1, Failures: 0, Errors: 0, Skipped: 0, Time elapsed: 0.06 s - in io.avaje.metrics.core.ValueMetricTest
[INFO] Running io.avaje.metrics.core.JvmCGroupCpuMetricGroupTest
[INFO] Tests run: 6, Failures: 0, Errors: 0, Skipped: 0, Time elapsed: 0.008 s - in io.avaje.metrics.core.JvmCGroupCpuMetricGroupTest
[INFO] Running io.avaje.metrics.core.TimedMetricTest
here
here
here
[INFO] Tests run: 5, Failures: 0, Errors: 0, Skipped: 0, Time elapsed: 0.005 s - in io.avaje.metrics.core.TimedMetricTest
[INFO] Running io.avaje.metrics.core.FileLinesTest
12:07:13.254 [main] WARN  io.avaje.metrics.core.FileLines - Error reading metrics file pom.xml.doesNotExist
java.io.FileNotFoundException: pom.xml.doesNotExist (No such file or directory)
	at java.io.FileInputStream.open0(Native Method)
	at java.io.FileInputStream.open(FileInputStream.java:195)
	at java.io.FileInputStream.<init>(FileInputStream.java:138)
	at java.io.FileReader.<init>(FileReader.java:72)
	at io.avaje.metrics.core.FileLines.readLines(FileLines.java:56)
	at io.avaje.metrics.core.FileLinesTest.lines_whenError_expect_emptyList(FileLinesTest.java:38)
	at sun.reflect.NativeMethodAccessorImpl.invoke0(Native Method)
	at sun.reflect.NativeMethodAccessorImpl.invoke(NativeMethodAccessorImpl.java:62)
	at sun.reflect.DelegatingMethodAccessorImpl.invoke(DelegatingMethodAccessorImpl.java:43)
	at java.lang.reflect.Method.invoke(Method.java:498)
	at org.junit.platform.commons.util.ReflectionUtils.invokeMethod(ReflectionUtils.java:688)
	at org.junit.jupiter.engine.execution.MethodInvocation.proceed(MethodInvocation.java:60)
	at org.junit.jupiter.engine.execution.InvocationInterceptorChain$ValidatingInvocation.proceed(InvocationInterceptorChain.java:131)
	at org.junit.jupiter.engine.extension.TimeoutExtension.intercept(TimeoutExtension.java:149)
	at org.junit.jupiter.engine.extension.TimeoutExtension.interceptTestableMethod(TimeoutExtension.java:140)
	at org.junit.jupiter.engine.extension.TimeoutExtension.interceptTestMethod(TimeoutExtension.java:84)
	at org.junit.jupiter.engine.execution.ExecutableInvoker$ReflectiveInterceptorCall.lambda$ofVoidMethod$0(ExecutableInvoker.java:115)
	at org.junit.jupiter.engine.execution.ExecutableInvoker.lambda$invoke$0(ExecutableInvoker.java:105)
	at org.junit.jupiter.engine.execution.InvocationInterceptorChain$InterceptedInvocation.proceed(InvocationInterceptorChain.java:106)
	at org.junit.jupiter.engine.execution.InvocationInterceptorChain.proceed(InvocationInterceptorChain.java:64)
	at org.junit.jupiter.engine.execution.InvocationInterceptorChain.chainAndInvoke(InvocationInterceptorChain.java:45)
	at org.junit.jupiter.engine.execution.InvocationInterceptorChain.invoke(InvocationInterceptorChain.java:37)
	at org.junit.jupiter.engine.execution.ExecutableInvoker.invoke(ExecutableInvoker.java:104)
	at org.junit.jupiter.engine.execution.ExecutableInvoker.invoke(ExecutableInvoker.java:98)
	at org.junit.jupiter.engine.descriptor.TestMethodTestDescriptor.lambda$invokeTestMethod$6(TestMethodTestDescriptor.java:210)
	at org.junit.platform.engine.support.hierarchical.ThrowableCollector.execute(ThrowableCollector.java:73)
	at org.junit.jupiter.engine.descriptor.TestMethodTestDescriptor.invokeTestMethod(TestMethodTestDescriptor.java:206)
	at org.junit.jupiter.engine.descriptor.TestMethodTestDescriptor.execute(TestMethodTestDescriptor.java:131)
	at org.junit.jupiter.engine.descriptor.TestMethodTestDescriptor.execute(TestMethodTestDescriptor.java:65)
	at org.junit.platform.engine.support.hierarchical.NodeTestTask.lambda$executeRecursively$5(NodeTestTask.java:139)
	at org.junit.platform.engine.support.hierarchical.ThrowableCollector.execute(ThrowableCollector.java:73)
	at org.junit.platform.engine.support.hierarchical.NodeTestTask.lambda$executeRecursively$7(NodeTestTask.java:129)
	at org.junit.platform.engine.support.hierarchical.Node.around(Node.java:137)
	at org.junit.platform.engine.support.hierarchical.NodeTestTask.lambda$executeRecursively$8(NodeTestTask.java:127)
	at org.junit.platform.engine.support.hierarchical.ThrowableCollector.execute(ThrowableCollector.java:73)
	at org.junit.platform.engine.support.hierarchical.NodeTestTask.executeRecursively(NodeTestTask.java:126)
	at org.junit.platform.engine.support.hierarchical.NodeTestTask.execute(NodeTestTask.java:84)
	at java.util.ArrayList.forEach(ArrayList.java:1259)
	at org.junit.platform.engine.support.hierarchical.SameThreadHierarchicalTestExecutorService.invokeAll(SameThreadHierarchicalTestExecutorService.java:38)
	at org.junit.platform.engine.support.hierarchical.NodeTestTask.lambda$executeRecursively$5(NodeTestTask.java:143)
	at org.junit.platform.engine.support.hierarchical.ThrowableCollector.execute(ThrowableCollector.java:73)
	at org.junit.platform.engine.support.hierarchical.NodeTestTask.lambda$executeRecursively$7(NodeTestTask.java:129)
	at org.junit.platform.engine.support.hierarchical.Node.around(Node.java:137)
	at org.junit.platform.engine.support.hierarchical.NodeTestTask.lambda$executeRecursively$8(NodeTestTask.java:127)
	at org.junit.platform.engine.support.hierarchical.ThrowableCollector.execute(ThrowableCollector.java:73)
	at org.junit.platform.engine.support.hierarchical.NodeTestTask.executeRecursively(NodeTestTask.java:126)
	at org.junit.platform.engine.support.hierarchical.NodeTestTask.execute(NodeTestTask.java:84)
	at java.util.ArrayList.forEach(ArrayList.java:1259)
	at org.junit.platform.engine.support.hierarchical.SameThreadHierarchicalTestExecutorService.invokeAll(SameThreadHierarchicalTestExecutorService.java:38)
	at org.junit.platform.engine.support.hierarchical.NodeTestTask.lambda$executeRecursively$5(NodeTestTask.java:143)
	at org.junit.platform.engine.support.hierarchical.ThrowableCollector.execute(ThrowableCollector.java:73)
	at org.junit.platform.engine.support.hierarchical.NodeTestTask.lambda$executeRecursively$7(NodeTestTask.java:129)
	at org.junit.platform.engine.support.hierarchical.Node.around(Node.java:137)
	at org.junit.platform.engine.support.hierarchical.NodeTestTask.lambda$executeRecursively$8(NodeTestTask.java:127)
	at org.junit.platform.engine.support.hierarchical.ThrowableCollector.execute(ThrowableCollector.java:73)
	at org.junit.platform.engine.support.hierarchical.NodeTestTask.executeRecursively(NodeTestTask.java:126)
	at org.junit.platform.engine.support.hierarchical.NodeTestTask.execute(NodeTestTask.java:84)
	at org.junit.platform.engine.support.hierarchical.SameThreadHierarchicalTestExecutorService.submit(SameThreadHierarchicalTestExecutorService.java:32)
	at org.junit.platform.engine.support.hierarchical.HierarchicalTestExecutor.execute(HierarchicalTestExecutor.java:57)
	at org.junit.platform.engine.support.hierarchical.HierarchicalTestEngine.execute(HierarchicalTestEngine.java:51)
	at org.junit.platform.launcher.core.EngineExecutionOrchestrator.execute(EngineExecutionOrchestrator.java:108)
	at org.junit.platform.launcher.core.EngineExecutionOrchestrator.execute(EngineExecutionOrchestrator.java:88)
	at org.junit.platform.launcher.core.EngineExecutionOrchestrator.lambda$execute$0(EngineExecutionOrchestrator.java:54)
	at org.junit.platform.launcher.core.EngineExecutionOrchestrator.withInterceptedStreams(EngineExecutionOrchestrator.java:67)
	at org.junit.platform.launcher.core.EngineExecutionOrchestrator.execute(EngineExecutionOrchestrator.java:52)
	at org.junit.platform.launcher.core.DefaultLauncher.execute(DefaultLauncher.java:96)
	at org.junit.platform.launcher.core.DefaultLauncher.execute(DefaultLauncher.java:75)
	at org.apache.maven.surefire.junitplatform.JUnitPlatformProvider.execute(JUnitPlatformProvider.java:188)
	at org.apache.maven.surefire.junitplatform.JUnitPlatformProvider.invokeAllTests(JUnitPlatformProvider.java:154)
	at org.apache.maven.surefire.junitplatform.JUnitPlatformProvider.invoke(JUnitPlatformProvider.java:128)
	at org.apache.maven.surefire.booter.ForkedBooter.runSuitesInProcess(ForkedBooter.java:428)
	at org.apache.maven.surefire.booter.ForkedBooter.execute(ForkedBooter.java:162)
	at org.apache.maven.surefire.booter.ForkedBooter.run(ForkedBooter.java:562)
	at org.apache.maven.surefire.booter.ForkedBooter.main(ForkedBooter.java:548)
[INFO] Tests run: 6, Failures: 0, Errors: 0, Skipped: 0, Time elapsed: 0.006 s - in io.avaje.metrics.core.FileLinesTest
[INFO] Running io.avaje.metrics.core.CsvWriteVisitorTest
[INFO] Tests run: 6, Failures: 0, Errors: 0, Skipped: 0, Time elapsed: 0.008 s - in io.avaje.metrics.core.CsvWriteVisitorTest
[INFO] Running io.avaje.metrics.core.CounterTest
[INFO] Tests run: 1, Failures: 0, Errors: 0, Skipped: 0, Time elapsed: 0 s - in io.avaje.metrics.core.CounterTest
[INFO] Running io.avaje.metrics.core.JvmMemoryMetricGroupTest
[INFO] Tests run: 2, Failures: 0, Errors: 0, Skipped: 0, Time elapsed: 0.004 s - in io.avaje.metrics.core.JvmMemoryMetricGroupTest
[INFO] Running io.avaje.metrics.core.DefaultGaugeDoubleMetricTest
[INFO] Tests run: 2, Failures: 0, Errors: 0, Skipped: 0, Time elapsed: 0.001 s - in io.avaje.metrics.core.DefaultGaugeDoubleMetricTest
[INFO] Running io.avaje.metrics.core.DefaultMetricManagerTest
[INFO] Tests run: 2, Failures: 0, Errors: 0, Skipped: 0, Time elapsed: 0.001 s - in io.avaje.metrics.core.DefaultMetricManagerTest
[INFO] Running io.avaje.metrics.core.MetricReportManagerTest
[INFO] Tests run: 1, Failures: 0, Errors: 0, Skipped: 0, Time elapsed: 30.012 s - in io.avaje.metrics.core.MetricReportManagerTest
[INFO] Running io.avaje.metrics.core.TimedMetricGroupTest
[INFO] Tests run: 1, Failures: 0, Errors: 0, Skipped: 0, Time elapsed: 0.004 s - in io.avaje.metrics.core.TimedMetricGroupTest
[INFO] Running io.avaje.metrics.core.JvmProcessMemoryTest
[INFO] Tests run: 1, Failures: 0, Errors: 0, Skipped: 0, Time elapsed: 0.004 s - in io.avaje.metrics.core.JvmProcessMemoryTest
[INFO] Running io.avaje.metrics.core.JvmCGroupMemoryMetricGroupTest
[INFO] Tests run: 2, Failures: 0, Errors: 0, Skipped: 0, Time elapsed: 0.004 s - in io.avaje.metrics.core.JvmCGroupMemoryMetricGroupTest
[INFO] Running io.avaje.metrics.core.BaseTimingEntryTest
[INFO] Tests run: 2, Failures: 0, Errors: 0, Skipped: 0, Time elapsed: 0.001 s - in io.avaje.metrics.core.BaseTimingEntryTest
[INFO] Running io.avaje.metrics.core.JvmSystemMetricGroupTest
[INFO] Tests run: 1, Failures: 0, Errors: 0, Skipped: 0, Time elapsed: 0.002 s - in io.avaje.metrics.core.JvmSystemMetricGroupTest
[INFO] Running io.avaje.metrics.core.DefaultGaugeLongMetricTest
[INFO] Tests run: 2, Failures: 0, Errors: 0, Skipped: 0, Time elapsed: 0.002 s - in io.avaje.metrics.core.DefaultGaugeLongMetricTest
[INFO] Running io.avaje.metrics.core.CounterMetricTest
[INFO] Tests run: 1, Failures: 0, Errors: 0, Skipped: 0, Time elapsed: 0.001 s - in io.avaje.metrics.core.CounterMetricTest
[INFO] Running io.avaje.metrics.core.JsonWriterTest
---
{"collected":1637982463318,"reported":1637982463318,"app":"app-val","env":"dev","server":"server-val","metrics":[
  {"name":"org.test.ValueFoo.doStuff","count":3,"mean":14,"max":16,"total":42}
 ,{"name":"org.test.GaugeFoo.doStuff","value":24.0}
 ,{"name":"org.test.TimedFoo.doStuff.error","count":2,"mean":210,"max":220,"total":420}
 ,{"name":"org.test.TimedFoo.doStuff","count":3,"mean":120,"max":140,"total":360}
 ,{"name":"org.test.BucketTimedFoo.doStuff;bucket=0-150","count":3,"mean":120000,"max":140000,"total":360000}
 ,{"name":"org.test.BucketTimedFoo.doStuff;bucket=150","count":2,"mean":210000,"max":220000,"total":420000}
 ,{"name":"org.test.BucketTimedFoo.doStuff;bucket=0-150","count":3,"mean":120000,"max":140000,"total":360000}
 ,{"name":"org.test.CounterFoo.doStuff","value":10}
]}
---
[INFO] Tests run: 7, Failures: 0, Errors: 0, Skipped: 0, Time elapsed: 0.098 s - in io.avaje.metrics.core.JsonWriterTest
[INFO] Running io.avaje.metrics.core.ValueCounterTest
[INFO] Tests run: 2, Failures: 0, Errors: 0, Skipped: 0, Time elapsed: 0 s - in io.avaje.metrics.core.ValueCounterTest
[INFO] Running io.avaje.metrics.core.DefaultMetricNameTest
[INFO] Tests run: 5, Failures: 0, Errors: 0, Skipped: 0, Time elapsed: 0.002 s - in io.avaje.metrics.core.DefaultMetricNameTest
[INFO] Running io.avaje.metrics.core.MetricManifestTest
[INFO] Tests run: 2, Failures: 0, Errors: 0, Skipped: 0, Time elapsed: 0.003 s - in io.avaje.metrics.core.MetricManifestTest
[INFO] Running io.avaje.metrics.core.NestedContextTest
[INFO] Tests run: 5, Failures: 0, Errors: 0, Skipped: 0, Time elapsed: 0.004 s - in io.avaje.metrics.core.NestedContextTest
[INFO] Running io.avaje.metrics.util.ProcessHandlerTest
[INFO] Tests run: 1, Failures: 0, Errors: 0, Skipped: 0, Time elapsed: 0 s - in io.avaje.metrics.util.ProcessHandlerTest
[INFO] Running io.avaje.metrics.util.LikeMatcherTest
[INFO] Tests run: 5, Failures: 0, Errors: 0, Skipped: 0, Time elapsed: 0.001 s - in io.avaje.metrics.util.LikeMatcherTest
[INFO] 
[INFO] Results:
[INFO] 
[INFO] Tests run: 76, Failures: 0, Errors: 0, Skipped: 0
[INFO] 
[INFO] ------------------------------------------------------------------------
[INFO] BUILD SUCCESS
[INFO] ------------------------------------------------------------------------
[INFO] Total time:  55.276 s
[INFO] Finished at: 2021-11-27T12:07:43+09:00
[INFO] ------------------------------------------------------------------------
[main][9/14] mvn --file repo/pom.xml --fail-never -Dmaven.clover.generateHtml=false clean clover:setup test clover:aggregate clover:clover
[INFO] Scanning for projects...
[INFO] Inspecting build with total of 1 modules...
[INFO] Installing Nexus Staging features:
[INFO]   ... total of 1 executions of maven-deploy-plugin replaced with nexus-staging-maven-plugin
Downloading from central: https://repo.maven.apache.org/maven2/org/apache/maven/plugins/maven-failsafe-plugin/3.0.0-M5/maven-failsafe-plugin-3.0.0-M5.pom
Downloaded from central: https://repo.maven.apache.org/maven2/org/apache/maven/plugins/maven-failsafe-plugin/3.0.0-M5/maven-failsafe-plugin-3.0.0-M5.pom (0 B at 0 B/s)
Downloading from central: https://repo.maven.apache.org/maven2/org/apache/maven/plugins/maven-failsafe-plugin/3.0.0-M5/maven-failsafe-plugin-3.0.0-M5.jar
Downloaded from central: https://repo.maven.apache.org/maven2/org/apache/maven/plugins/maven-failsafe-plugin/3.0.0-M5/maven-failsafe-plugin-3.0.0-M5.jar (0 B at 0 B/s)
[INFO] 
[INFO] ----------------------< io.avaje.metrics:metrics >----------------------
[INFO] Building metrics 8.7-SNAPSHOT
[INFO] --------------------------------[ jar ]---------------------------------
[INFO] 
[INFO] --- maven-clean-plugin:2.5:clean (default-clean) @ metrics ---
[INFO] Deleting /Users/seyoung/data/repo/target
[INFO] 
[INFO] --- clover-maven-plugin:4.4.1:setup (default-cli) @ metrics ---
[INFO] OpenClover Version 4.4.1, built on October 11 2019 (build-1020)
[INFO] Creating new database at '/Users/seyoung/data/repo/target/clover/clover.db'.
[INFO] Processing files at 1.8 source level.
[INFO] Clover all over. Instrumented 119 files (11 packages).
[INFO] OpenClover Version 4.4.1, built on October 11 2019 (build-1020)
[INFO] Updating existing database at '/Users/seyoung/data/repo/target/clover/clover.db'.
[INFO] Processing files at 1.8 source level.
[INFO] Clover all over. Instrumented 32 files (3 packages).
[INFO] 76 test methods detected.
[INFO] 
[INFO] --- maven-resources-plugin:2.6:resources (default-resources) @ metrics ---
[INFO] Using 'UTF-8' encoding to copy filtered resources.
[INFO] Copying 1 resource
[INFO] Copying 1 resource
[INFO] 
[INFO] --- maven-compiler-plugin:3.8.1:compile (default-compile) @ metrics ---
[INFO] Changes detected - recompiling the module!
[INFO] Compiling 119 source files to /Users/seyoung/data/repo/target/classes
[INFO] /Users/seyoung/data/repo/target/clover/src-instrumented/io/avaje/metrics/core/log4j/Log4JMetricAppender.java: /Users/seyoung/data/repo/target/clover/src-instrumented/io/avaje/metrics/core/log4j/Log4JMetricAppender.java uses or overrides a deprecated API.
[INFO] /Users/seyoung/data/repo/target/clover/src-instrumented/io/avaje/metrics/core/log4j/Log4JMetricAppender.java: Recompile with -Xlint:deprecation for details.
[INFO] /Users/seyoung/data/repo/target/clover/src-instrumented/io/avaje/metrics/core/DefaultMetricManager.java: Some input files use unchecked or unsafe operations.
[INFO] /Users/seyoung/data/repo/target/clover/src-instrumented/io/avaje/metrics/core/DefaultMetricManager.java: Recompile with -Xlint:unchecked for details.
[INFO] 
[INFO] --- maven-resources-plugin:2.6:testResources (default-testResources) @ metrics ---
[INFO] Using 'UTF-8' encoding to copy filtered resources.
[INFO] Copying 14 resources
[INFO] 
[INFO] --- maven-compiler-plugin:3.8.1:testCompile (default-testCompile) @ metrics ---
[INFO] Changes detected - recompiling the module!
[INFO] Compiling 32 source files to /Users/seyoung/data/repo/target/test-classes
[INFO] 
[INFO] --- maven-surefire-plugin:3.0.0-M5:test (default-test) @ metrics ---
[INFO] 
[INFO] -------------------------------------------------------
[INFO]  T E S T S
[INFO] -------------------------------------------------------
[INFO] Running io.avaje.metrics.core.DisableCollectionTest
[INFO] Tests run: 1, Failures: 0, Errors: 0, Skipped: 0, Time elapsed: 0.044 s - in io.avaje.metrics.core.DisableCollectionTest
[INFO] Running io.avaje.metrics.core.DefaultMetricNameCacheTest
[INFO] Tests run: 1, Failures: 0, Errors: 0, Skipped: 0, Time elapsed: 0.009 s - in io.avaje.metrics.core.DefaultMetricNameCacheTest
[INFO] Running io.avaje.metrics.core.BasicRequestTimingWriterTest
12:07:50  exe:101ms  metric:org.req.Customer.getById
   d:0    p:100  ms:101       us:101006       m:org.req.Customer.getById
   d:1    p:86   ms:87        us:87731           m:org.service.CustomerService.getById
   d:2    p:59   ms:60        us:60018              m:org.data.CustomerDAO.getById


[INFO] Tests run: 2, Failures: 0, Errors: 0, Skipped: 0, Time elapsed: 0.175 s - in io.avaje.metrics.core.BasicRequestTimingWriterTest
[INFO] Running io.avaje.metrics.core.DefaultBucketTimedMetricTest
[INFO] Tests run: 1, Failures: 0, Errors: 0, Skipped: 0, Time elapsed: 0.006 s - in io.avaje.metrics.core.DefaultBucketTimedMetricTest
[INFO] Running io.avaje.metrics.core.JvmGCLoadTest
Duration 1353 millis
[jvm.gc.time 921, jvm.gc.count.ps-scavenge 5, jvm.gc.time.ps-scavenge 213, jvm.gc.count.ps-marksweep 3, jvm.gc.time.ps-marksweep 708]
Duration 420 millis
[jvm.gc.time 7, jvm.gc.count.ps-scavenge 1, jvm.gc.time.ps-scavenge 7, jvm.gc.count.ps-marksweep 0, jvm.gc.time.ps-marksweep 0]
Duration 431 millis
[jvm.gc.time 40, jvm.gc.count.ps-scavenge 2, jvm.gc.time.ps-scavenge 40, jvm.gc.count.ps-marksweep 0, jvm.gc.time.ps-marksweep 0]
[INFO] Tests run: 1, Failures: 0, Errors: 0, Skipped: 0, Time elapsed: 2.322 s - in io.avaje.metrics.core.JvmGCLoadTest
[INFO] Running io.avaje.metrics.core.CsvFileReporterTest
[INFO] Tests run: 1, Failures: 0, Errors: 0, Skipped: 0, Time elapsed: 5.947 s - in io.avaje.metrics.core.CsvFileReporterTest
[INFO] Running io.avaje.metrics.core.ValueMetricTest
[INFO] Tests run: 1, Failures: 0, Errors: 0, Skipped: 0, Time elapsed: 0.055 s - in io.avaje.metrics.core.ValueMetricTest
[INFO] Running io.avaje.metrics.core.JvmCGroupCpuMetricGroupTest
[INFO] Tests run: 6, Failures: 0, Errors: 0, Skipped: 0, Time elapsed: 0.013 s - in io.avaje.metrics.core.JvmCGroupCpuMetricGroupTest
[INFO] Running io.avaje.metrics.core.TimedMetricTest
here
here
here
[INFO] Tests run: 5, Failures: 0, Errors: 0, Skipped: 0, Time elapsed: 0.009 s - in io.avaje.metrics.core.TimedMetricTest
[INFO] Running io.avaje.metrics.core.FileLinesTest
12:07:59.368 [main] WARN  io.avaje.metrics.core.FileLines - Error reading metrics file pom.xml.doesNotExist
java.io.FileNotFoundException: pom.xml.doesNotExist (No such file or directory)
	at java.io.FileInputStream.open0(Native Method)
	at java.io.FileInputStream.open(FileInputStream.java:195)
	at java.io.FileInputStream.<init>(FileInputStream.java:138)
	at java.io.FileReader.<init>(FileReader.java:72)
	at io.avaje.metrics.core.FileLines.readLines(FileLines.java:56)
	at io.avaje.metrics.core.FileLinesTest.__CLR4_4_14q18gt2dw(FileLinesTest.java:38)
	at io.avaje.metrics.core.FileLinesTest.lines_whenError_expect_emptyList(FileLinesTest.java:33)
	at sun.reflect.NativeMethodAccessorImpl.invoke0(Native Method)
	at sun.reflect.NativeMethodAccessorImpl.invoke(NativeMethodAccessorImpl.java:62)
	at sun.reflect.DelegatingMethodAccessorImpl.invoke(DelegatingMethodAccessorImpl.java:43)
	at java.lang.reflect.Method.invoke(Method.java:498)
	at org.junit.platform.commons.util.ReflectionUtils.invokeMethod(ReflectionUtils.java:688)
	at org.junit.jupiter.engine.execution.MethodInvocation.proceed(MethodInvocation.java:60)
	at org.junit.jupiter.engine.execution.InvocationInterceptorChain$ValidatingInvocation.proceed(InvocationInterceptorChain.java:131)
	at org.junit.jupiter.engine.extension.TimeoutExtension.intercept(TimeoutExtension.java:149)
	at org.junit.jupiter.engine.extension.TimeoutExtension.interceptTestableMethod(TimeoutExtension.java:140)
	at org.junit.jupiter.engine.extension.TimeoutExtension.interceptTestMethod(TimeoutExtension.java:84)
	at org.junit.jupiter.engine.execution.ExecutableInvoker$ReflectiveInterceptorCall.lambda$ofVoidMethod$0(ExecutableInvoker.java:115)
	at org.junit.jupiter.engine.execution.ExecutableInvoker.lambda$invoke$0(ExecutableInvoker.java:105)
	at org.junit.jupiter.engine.execution.InvocationInterceptorChain$InterceptedInvocation.proceed(InvocationInterceptorChain.java:106)
	at org.junit.jupiter.engine.execution.InvocationInterceptorChain.proceed(InvocationInterceptorChain.java:64)
	at org.junit.jupiter.engine.execution.InvocationInterceptorChain.chainAndInvoke(InvocationInterceptorChain.java:45)
	at org.junit.jupiter.engine.execution.InvocationInterceptorChain.invoke(InvocationInterceptorChain.java:37)
	at org.junit.jupiter.engine.execution.ExecutableInvoker.invoke(ExecutableInvoker.java:104)
	at org.junit.jupiter.engine.execution.ExecutableInvoker.invoke(ExecutableInvoker.java:98)
	at org.junit.jupiter.engine.descriptor.TestMethodTestDescriptor.lambda$invokeTestMethod$6(TestMethodTestDescriptor.java:210)
	at org.junit.platform.engine.support.hierarchical.ThrowableCollector.execute(ThrowableCollector.java:73)
	at org.junit.jupiter.engine.descriptor.TestMethodTestDescriptor.invokeTestMethod(TestMethodTestDescriptor.java:206)
	at org.junit.jupiter.engine.descriptor.TestMethodTestDescriptor.execute(TestMethodTestDescriptor.java:131)
	at org.junit.jupiter.engine.descriptor.TestMethodTestDescriptor.execute(TestMethodTestDescriptor.java:65)
	at org.junit.platform.engine.support.hierarchical.NodeTestTask.lambda$executeRecursively$5(NodeTestTask.java:139)
	at org.junit.platform.engine.support.hierarchical.ThrowableCollector.execute(ThrowableCollector.java:73)
	at org.junit.platform.engine.support.hierarchical.NodeTestTask.lambda$executeRecursively$7(NodeTestTask.java:129)
	at org.junit.platform.engine.support.hierarchical.Node.around(Node.java:137)
	at org.junit.platform.engine.support.hierarchical.NodeTestTask.lambda$executeRecursively$8(NodeTestTask.java:127)
	at org.junit.platform.engine.support.hierarchical.ThrowableCollector.execute(ThrowableCollector.java:73)
	at org.junit.platform.engine.support.hierarchical.NodeTestTask.executeRecursively(NodeTestTask.java:126)
	at org.junit.platform.engine.support.hierarchical.NodeTestTask.execute(NodeTestTask.java:84)
	at java.util.ArrayList.forEach(ArrayList.java:1259)
	at org.junit.platform.engine.support.hierarchical.SameThreadHierarchicalTestExecutorService.invokeAll(SameThreadHierarchicalTestExecutorService.java:38)
	at org.junit.platform.engine.support.hierarchical.NodeTestTask.lambda$executeRecursively$5(NodeTestTask.java:143)
	at org.junit.platform.engine.support.hierarchical.ThrowableCollector.execute(ThrowableCollector.java:73)
	at org.junit.platform.engine.support.hierarchical.NodeTestTask.lambda$executeRecursively$7(NodeTestTask.java:129)
	at org.junit.platform.engine.support.hierarchical.Node.around(Node.java:137)
	at org.junit.platform.engine.support.hierarchical.NodeTestTask.lambda$executeRecursively$8(NodeTestTask.java:127)
	at org.junit.platform.engine.support.hierarchical.ThrowableCollector.execute(ThrowableCollector.java:73)
	at org.junit.platform.engine.support.hierarchical.NodeTestTask.executeRecursively(NodeTestTask.java:126)
	at org.junit.platform.engine.support.hierarchical.NodeTestTask.execute(NodeTestTask.java:84)
	at java.util.ArrayList.forEach(ArrayList.java:1259)
	at org.junit.platform.engine.support.hierarchical.SameThreadHierarchicalTestExecutorService.invokeAll(SameThreadHierarchicalTestExecutorService.java:38)
	at org.junit.platform.engine.support.hierarchical.NodeTestTask.lambda$executeRecursively$5(NodeTestTask.java:143)
	at org.junit.platform.engine.support.hierarchical.ThrowableCollector.execute(ThrowableCollector.java:73)
	at org.junit.platform.engine.support.hierarchical.NodeTestTask.lambda$executeRecursively$7(NodeTestTask.java:129)
	at org.junit.platform.engine.support.hierarchical.Node.around(Node.java:137)
	at org.junit.platform.engine.support.hierarchical.NodeTestTask.lambda$executeRecursively$8(NodeTestTask.java:127)
	at org.junit.platform.engine.support.hierarchical.ThrowableCollector.execute(ThrowableCollector.java:73)
	at org.junit.platform.engine.support.hierarchical.NodeTestTask.executeRecursively(NodeTestTask.java:126)
	at org.junit.platform.engine.support.hierarchical.NodeTestTask.execute(NodeTestTask.java:84)
	at org.junit.platform.engine.support.hierarchical.SameThreadHierarchicalTestExecutorService.submit(SameThreadHierarchicalTestExecutorService.java:32)
	at org.junit.platform.engine.support.hierarchical.HierarchicalTestExecutor.execute(HierarchicalTestExecutor.java:57)
	at org.junit.platform.engine.support.hierarchical.HierarchicalTestEngine.execute(HierarchicalTestEngine.java:51)
	at org.junit.platform.launcher.core.EngineExecutionOrchestrator.execute(EngineExecutionOrchestrator.java:108)
	at org.junit.platform.launcher.core.EngineExecutionOrchestrator.execute(EngineExecutionOrchestrator.java:88)
	at org.junit.platform.launcher.core.EngineExecutionOrchestrator.lambda$execute$0(EngineExecutionOrchestrator.java:54)
	at org.junit.platform.launcher.core.EngineExecutionOrchestrator.withInterceptedStreams(EngineExecutionOrchestrator.java:67)
	at org.junit.platform.launcher.core.EngineExecutionOrchestrator.execute(EngineExecutionOrchestrator.java:52)
	at org.junit.platform.launcher.core.DefaultLauncher.execute(DefaultLauncher.java:96)
	at org.junit.platform.launcher.core.DefaultLauncher.execute(DefaultLauncher.java:75)
	at org.apache.maven.surefire.junitplatform.JUnitPlatformProvider.execute(JUnitPlatformProvider.java:188)
	at org.apache.maven.surefire.junitplatform.JUnitPlatformProvider.invokeAllTests(JUnitPlatformProvider.java:154)
	at org.apache.maven.surefire.junitplatform.JUnitPlatformProvider.invoke(JUnitPlatformProvider.java:128)
	at org.apache.maven.surefire.booter.ForkedBooter.runSuitesInProcess(ForkedBooter.java:428)
	at org.apache.maven.surefire.booter.ForkedBooter.execute(ForkedBooter.java:162)
	at org.apache.maven.surefire.booter.ForkedBooter.run(ForkedBooter.java:562)
	at org.apache.maven.surefire.booter.ForkedBooter.main(ForkedBooter.java:548)
[INFO] Tests run: 6, Failures: 0, Errors: 0, Skipped: 0, Time elapsed: 0.015 s - in io.avaje.metrics.core.FileLinesTest
[INFO] Running io.avaje.metrics.core.CsvWriteVisitorTest
[INFO] Tests run: 6, Failures: 0, Errors: 0, Skipped: 0, Time elapsed: 0.015 s - in io.avaje.metrics.core.CsvWriteVisitorTest
[INFO] Running io.avaje.metrics.core.CounterTest
[INFO] Tests run: 1, Failures: 0, Errors: 0, Skipped: 0, Time elapsed: 0.002 s - in io.avaje.metrics.core.CounterTest
[INFO] Running io.avaje.metrics.core.JvmMemoryMetricGroupTest
[INFO] Tests run: 2, Failures: 0, Errors: 0, Skipped: 0, Time elapsed: 0.01 s - in io.avaje.metrics.core.JvmMemoryMetricGroupTest
[INFO] Running io.avaje.metrics.core.DefaultGaugeDoubleMetricTest
[INFO] Tests run: 2, Failures: 0, Errors: 0, Skipped: 0, Time elapsed: 0.003 s - in io.avaje.metrics.core.DefaultGaugeDoubleMetricTest
[INFO] Running io.avaje.metrics.core.DefaultMetricManagerTest
[INFO] Tests run: 2, Failures: 0, Errors: 0, Skipped: 0, Time elapsed: 0.01 s - in io.avaje.metrics.core.DefaultMetricManagerTest
[INFO] Running io.avaje.metrics.core.MetricReportManagerTest
[INFO] Tests run: 1, Failures: 0, Errors: 0, Skipped: 0, Time elapsed: 30.015 s - in io.avaje.metrics.core.MetricReportManagerTest
[INFO] Running io.avaje.metrics.core.TimedMetricGroupTest
[INFO] Tests run: 1, Failures: 0, Errors: 0, Skipped: 0, Time elapsed: 0.005 s - in io.avaje.metrics.core.TimedMetricGroupTest
[INFO] Running io.avaje.metrics.core.JvmProcessMemoryTest
[INFO] Tests run: 1, Failures: 0, Errors: 0, Skipped: 0, Time elapsed: 0.004 s - in io.avaje.metrics.core.JvmProcessMemoryTest
[INFO] Running io.avaje.metrics.core.JvmCGroupMemoryMetricGroupTest
[INFO] Tests run: 2, Failures: 0, Errors: 0, Skipped: 0, Time elapsed: 0.008 s - in io.avaje.metrics.core.JvmCGroupMemoryMetricGroupTest
[INFO] Running io.avaje.metrics.core.BaseTimingEntryTest
[INFO] Tests run: 2, Failures: 0, Errors: 0, Skipped: 0, Time elapsed: 0.005 s - in io.avaje.metrics.core.BaseTimingEntryTest
[INFO] Running io.avaje.metrics.core.JvmSystemMetricGroupTest
[INFO] Tests run: 1, Failures: 0, Errors: 0, Skipped: 0, Time elapsed: 0.003 s - in io.avaje.metrics.core.JvmSystemMetricGroupTest
[INFO] Running io.avaje.metrics.core.DefaultGaugeLongMetricTest
[INFO] Tests run: 2, Failures: 0, Errors: 0, Skipped: 0, Time elapsed: 0.005 s - in io.avaje.metrics.core.DefaultGaugeLongMetricTest
[INFO] Running io.avaje.metrics.core.CounterMetricTest
[INFO] Tests run: 1, Failures: 0, Errors: 0, Skipped: 0, Time elapsed: 0.003 s - in io.avaje.metrics.core.CounterMetricTest
[INFO] Running io.avaje.metrics.core.JsonWriterTest
---
{"collected":1637982509480,"reported":1637982509481,"app":"app-val","env":"dev","server":"server-val","metrics":[
  {"name":"org.test.ValueFoo.doStuff","count":3,"mean":14,"max":16,"total":42}
 ,{"name":"org.test.GaugeFoo.doStuff","value":24.0}
 ,{"name":"org.test.TimedFoo.doStuff.error","count":2,"mean":210,"max":220,"total":420}
 ,{"name":"org.test.TimedFoo.doStuff","count":3,"mean":120,"max":140,"total":360}
 ,{"name":"org.test.BucketTimedFoo.doStuff;bucket=0-150","count":3,"mean":120000,"max":140000,"total":360000}
 ,{"name":"org.test.BucketTimedFoo.doStuff;bucket=150","count":2,"mean":210000,"max":220000,"total":420000}
 ,{"name":"org.test.BucketTimedFoo.doStuff;bucket=0-150","count":3,"mean":120000,"max":140000,"total":360000}
 ,{"name":"org.test.CounterFoo.doStuff","value":10}
]}
---
[INFO] Tests run: 7, Failures: 0, Errors: 0, Skipped: 0, Time elapsed: 0.088 s - in io.avaje.metrics.core.JsonWriterTest
[INFO] Running io.avaje.metrics.core.ValueCounterTest
[INFO] Tests run: 2, Failures: 0, Errors: 0, Skipped: 0, Time elapsed: 0.002 s - in io.avaje.metrics.core.ValueCounterTest
[INFO] Running io.avaje.metrics.core.DefaultMetricNameTest
[INFO] Tests run: 5, Failures: 0, Errors: 0, Skipped: 0, Time elapsed: 0.004 s - in io.avaje.metrics.core.DefaultMetricNameTest
[INFO] Running io.avaje.metrics.core.MetricManifestTest
[INFO] Tests run: 2, Failures: 0, Errors: 0, Skipped: 0, Time elapsed: 0.004 s - in io.avaje.metrics.core.MetricManifestTest
[INFO] Running io.avaje.metrics.core.NestedContextTest
[INFO] Tests run: 5, Failures: 0, Errors: 0, Skipped: 0, Time elapsed: 0.005 s - in io.avaje.metrics.core.NestedContextTest
[INFO] Running io.avaje.metrics.util.ProcessHandlerTest
[INFO] Tests run: 1, Failures: 0, Errors: 0, Skipped: 0, Time elapsed: 0 s - in io.avaje.metrics.util.ProcessHandlerTest
[INFO] Running io.avaje.metrics.util.LikeMatcherTest
[INFO] Tests run: 5, Failures: 0, Errors: 0, Skipped: 0, Time elapsed: 0.004 s - in io.avaje.metrics.util.LikeMatcherTest
[INFO] 
[INFO] Results:
[INFO] 
[INFO] Tests run: 76, Failures: 0, Errors: 0, Skipped: 0
[INFO] 
[INFO] 
[INFO] ----------------------< io.avaje.metrics:metrics >----------------------
[INFO] Building metrics 8.7-SNAPSHOT
[INFO] --------------------------------[ jar ]---------------------------------
[INFO] 
[INFO] --- clover-maven-plugin:4.4.1:aggregate (default-cli) @ metrics ---
[INFO] 
[INFO] ----------------------< io.avaje.metrics:metrics >----------------------
[INFO] Building metrics 8.7-SNAPSHOT
[INFO] --------------------------------[ jar ]---------------------------------
[INFO] 
[INFO] --- clover-maven-plugin:4.4.1:clover (default-cli) @ metrics ---
[INFO] Using default-clover-report descriptor.
[INFO] Using Clover report descriptor: /var/folders/c3/vd5gtpms4730p559wddlm0zw0000gn/T/mvn1444099925575678221resource
[INFO] OpenClover Version 4.4.1, built on October 11 2019 (build-1020)
[INFO] Clover is enabled with initstring '/Users/seyoung/data/repo/target/clover/clover.db'
[INFO] OpenClover Version 4.4.1, built on October 11 2019 (build-1020)
[INFO] Loading coverage database from: '/Users/seyoung/data/repo/target/clover/clover.db'
[INFO] Writing report to '/Users/seyoung/data/repo/target/site/clover/clover.xml'
[INFO] ------------------------------------------------------------------------
[INFO] BUILD SUCCESS
[INFO] ------------------------------------------------------------------------
[INFO] Total time:  46.891 s
[INFO] Finished at: 2021-11-27T12:08:31+09:00
[INFO] ------------------------------------------------------------------------
[main][10/14] cp repo/target/site/clover/clover.xml ./clover.xml
[main][11/14] python identify_tests.py
Done.
[main][12/14] mkdir -p clover
[main][13/14] bash tests.sh
[test][1/76] io.avaje.metrics.core.BaseTimingEntryTest#testCompareTo
[test][2/76] io.avaje.metrics.core.BaseTimingEntryTest#testCompareToWithSameDepth
[test][3/76] io.avaje.metrics.core.BasicRequestTimingWriterTest#testToMillis
[test][4/76] io.avaje.metrics.core.BasicRequestTimingWriterTest#testWrite
[test][5/76] io.avaje.metrics.core.CounterMetricTest#test
[test][6/76] io.avaje.metrics.core.CounterTest#test
[test][7/76] io.avaje.metrics.core.CsvFileReporterTest#exercise_with_MetricReportManager
[test][8/76] io.avaje.metrics.core.CsvWriteVisitorTest#testBucketTimedMetricFull
[test][9/76] io.avaje.metrics.core.CsvWriteVisitorTest#testBucketTimedMetricPartial
[test][10/76] io.avaje.metrics.core.CsvWriteVisitorTest#testCounter
[test][11/76] io.avaje.metrics.core.CsvWriteVisitorTest#testGaugeMetric
[test][12/76] io.avaje.metrics.core.CsvWriteVisitorTest#testTimedMetric
[test][13/76] io.avaje.metrics.core.CsvWriteVisitorTest#testValueMetric
[test][14/76] io.avaje.metrics.core.DefaultBucketTimedMetricTest#test
[test][15/76] io.avaje.metrics.core.DefaultGaugeDoubleMetricTest#skipCollection_when_unchanged
[test][16/76] io.avaje.metrics.core.DefaultGaugeDoubleMetricTest#test
[test][17/76] io.avaje.metrics.core.DefaultGaugeLongMetricTest#skipCollection_when_unchanged
[test][18/76] io.avaje.metrics.core.DefaultGaugeLongMetricTest#test
[test][19/76] io.avaje.metrics.core.DefaultMetricManagerTest#testGetRequestTimingMetrics
[test][20/76] io.avaje.metrics.core.DefaultMetricManagerTest#testSetCollection
[test][21/76] io.avaje.metrics.core.DefaultMetricNameCacheTest#test
[test][22/76] io.avaje.metrics.core.DefaultMetricNameTest#isError
[test][23/76] io.avaje.metrics.core.DefaultMetricNameTest#partial_onlyOne
[test][24/76] io.avaje.metrics.core.DefaultMetricNameTest#partial_onlyTwo
[test][25/76] io.avaje.metrics.core.DefaultMetricNameTest#startsWith
[test][26/76] io.avaje.metrics.core.DefaultMetricNameTest#testParse
[test][27/76] io.avaje.metrics.core.DisableCollectionTest#test
[test][28/76] io.avaje.metrics.core.FileLinesTest#exists
[test][29/76] io.avaje.metrics.core.FileLinesTest#exists_when_doesNotExist
[test][30/76] io.avaje.metrics.core.FileLinesTest#lines
[test][31/76] io.avaje.metrics.core.FileLinesTest#lines_whenError_expect_emptyList
[test][32/76] io.avaje.metrics.core.FileLinesTest#linux_only_cpuThrottleMicros
[test][33/76] io.avaje.metrics.core.FileLinesTest#linux_only_cpuUsageMicros
[test][34/76] io.avaje.metrics.core.JsonWriterTest#testBucketTimedMetricFull
[test][35/76] io.avaje.metrics.core.JsonWriterTest#testBucketTimedMetricPartial
[test][36/76] io.avaje.metrics.core.JsonWriterTest#testCounter
[test][37/76] io.avaje.metrics.core.JsonWriterTest#testGaugeMetric
[test][38/76] io.avaje.metrics.core.JsonWriterTest#testMetricList
[test][39/76] io.avaje.metrics.core.JsonWriterTest#testTimedMetric
[test][40/76] io.avaje.metrics.core.JsonWriterTest#testValueMetric
[test][41/76] io.avaje.metrics.core.JvmCGroupCpuMetricGroupTest#convertQuotaToLimits
[test][42/76] io.avaje.metrics.core.JvmCGroupCpuMetricGroupTest#convertSharesToRequests
[test][43/76] io.avaje.metrics.core.JvmCGroupCpuMetricGroupTest#cpuThrottleMicros
[test][44/76] io.avaje.metrics.core.JvmCGroupCpuMetricGroupTest#cpuUsageMicros
[test][45/76] io.avaje.metrics.core.JvmCGroupCpuMetricGroupTest#createCGroupCpuLimit
[test][46/76] io.avaje.metrics.core.JvmCGroupCpuMetricGroupTest#createCGroupCpuRequests
[test][47/76] io.avaje.metrics.core.JvmCGroupMemoryMetricGroupTest#memSource
[test][48/76] io.avaje.metrics.core.JvmCGroupMemoryMetricGroupTest#toMegaBytes
[test][49/76] io.avaje.metrics.core.JvmGCLoadTest#test
[test][50/76] io.avaje.metrics.core.JvmMemoryMetricGroupTest#testCreateHeapGroup
[test][51/76] io.avaje.metrics.core.JvmMemoryMetricGroupTest#testCreateNonHeapGroup
[test][52/76] io.avaje.metrics.core.JvmProcessMemoryTest#testGetMetrics
[test][53/76] io.avaje.metrics.core.JvmSystemMetricGroupTest#testToLoad
[test][54/76] io.avaje.metrics.core.MetricManifestTest#testOtherRead
[test][55/76] io.avaje.metrics.core.MetricManifestTest#testRead
[test][56/76] io.avaje.metrics.core.MetricReportManagerTest#test_constructor
[test][57/76] io.avaje.metrics.core.NestedContextTest#testNestedSimple
[test][58/76] io.avaje.metrics.core.NestedContextTest#testReport
[test][59/76] io.avaje.metrics.core.NestedContextTest#testRequestActive
[test][60/76] io.avaje.metrics.core.NestedContextTest#testSkip
[test][61/76] io.avaje.metrics.core.NestedContextTest#testSupplier
[test][62/76] io.avaje.metrics.core.TimedMetricGroupTest#test
[test][63/76] io.avaje.metrics.core.TimedMetricTest#add
[test][64/76] io.avaje.metrics.core.TimedMetricTest#timeCallable_when_error
[test][65/76] io.avaje.metrics.core.TimedMetricTest#timeCallable_when_success
[test][66/76] io.avaje.metrics.core.TimedMetricTest#timeRunnable
[test][67/76] io.avaje.metrics.core.TimedMetricTest#timeRunnable_when_error
[test][68/76] io.avaje.metrics.core.ValueCounterTest#test
[test][69/76] io.avaje.metrics.core.ValueCounterTest#testGetStatisticsWithNoReset
[test][70/76] io.avaje.metrics.core.ValueMetricTest#test
[test][71/76] io.avaje.metrics.util.LikeMatcherTest#testContains
[test][72/76] io.avaje.metrics.util.LikeMatcherTest#testEndsWith
[test][73/76] io.avaje.metrics.util.LikeMatcherTest#testStartsAndContains
[test][74/76] io.avaje.metrics.util.LikeMatcherTest#testStartsContainsEnds
[test][75/76] io.avaje.metrics.util.LikeMatcherTest#testStartsWith
[test][76/76] io.avaje.metrics.util.ProcessHandlerTest#testCommand
[main][14/14] python parse_data.py
  0%|          | 0/76 [00:00<?, ?it/s] 17%|█▋        | 13/76 [00:00<00:00, 124.95it/s] 34%|███▍      | 26/76 [00:00<00:00, 127.11it/s] 51%|█████▏    | 39/76 [00:00<00:00, 119.45it/s] 67%|██████▋   | 51/76 [00:00<00:00, 119.52it/s] 84%|████████▍ | 64/76 [00:00<00:00, 121.11it/s]100%|██████████| 76/76 [00:00<00:00, 122.86it/s]
Done.
