[main][1/14] rm -rf repo clover clover.xml git.log tests.sh
[main][2/14] git clone --depth 1 --recursive https://github.com/danieldk/dictomaton repo
'repo'에 복제합니다...
[main][3/14] java -version
openjdk version "1.8.0_312"
OpenJDK Runtime Environment (Zulu 8.58.0.13-CA-macos-aarch64) (build 1.8.0_312-b07)
OpenJDK 64-Bit Server VM (Zulu 8.58.0.13-CA-macos-aarch64) (build 25.312-b07, mixed mode)
[main][4/14] mvn --version
Apache Maven 3.8.4 (9b656c72d54e5bacbed989b64718c159fe39b537)
Maven home: /opt/homebrew/Cellar/maven/3.8.4/libexec
Java version: 1.8.0_312, vendor: Azul Systems, Inc., runtime: /Library/Java/JavaVirtualMachines/zulu-8.jdk/Contents/Home/jre
Default locale: ko_KR, platform encoding: UTF-8
OS name: "mac os x", version: "11.6", arch: "aarch64", family: "mac"
[main][5/14] git --version
git version 2.33.1
[main][6/14] git --git-dir repo/.git config --get remote.origin.url > git.log
[main][7/14] git --git-dir repo/.git log -n 1 --format=%ct%n%H >> git.log
[main][8/14] mvn --file repo/pom.xml --fail-never clean test
[INFO] Scanning for projects...
[INFO] 
[INFO] -----------------< eu.danieldk.dictomaton:dictomaton >------------------
[INFO] Building dictomaton 1.2.2-SNAPSHOT
[INFO] --------------------------------[ jar ]---------------------------------
Downloading from central: https://repo.maven.apache.org/maven2/org/apache/maven/plugins/maven-compiler-plugin/3.3/maven-compiler-plugin-3.3.pom
Progress (1): 2.7/11 kBProgress (1): 5.5/11 kBProgress (1): 8.2/11 kBProgress (1): 11/11 kB Progress (1): 11 kB                      Downloaded from central: https://repo.maven.apache.org/maven2/org/apache/maven/plugins/maven-compiler-plugin/3.3/maven-compiler-plugin-3.3.pom (11 kB at 12 kB/s)
Downloading from central: https://repo.maven.apache.org/maven2/org/apache/maven/plugins/maven-compiler-plugin/3.3/maven-compiler-plugin-3.3.jar
Progress (1): 2.7/46 kBProgress (1): 5.5/46 kBProgress (1): 8.2/46 kBProgress (1): 11/46 kB Progress (1): 14/46 kBProgress (1): 16/46 kBProgress (1): 19/46 kBProgress (1): 22/46 kBProgress (1): 25/46 kBProgress (1): 27/46 kBProgress (1): 30/46 kBProgress (1): 33/46 kBProgress (1): 36/46 kBProgress (1): 38/46 kBProgress (1): 41/46 kBProgress (1): 44/46 kBProgress (1): 46 kB                      Downloaded from central: https://repo.maven.apache.org/maven2/org/apache/maven/plugins/maven-compiler-plugin/3.3/maven-compiler-plugin-3.3.jar (46 kB at 108 kB/s)
Downloading from central: https://repo.maven.apache.org/maven2/org/apache/maven/plugins/maven-surefire-plugin/2.18.1/maven-surefire-plugin-2.18.1.pom
Progress (1): 2.7/5.7 kBProgress (1): 5.5/5.7 kBProgress (1): 5.7 kB                        Downloaded from central: https://repo.maven.apache.org/maven2/org/apache/maven/plugins/maven-surefire-plugin/2.18.1/maven-surefire-plugin-2.18.1.pom (5.7 kB at 20 kB/s)
Downloading from central: https://repo.maven.apache.org/maven2/org/apache/maven/surefire/surefire/2.18.1/surefire-2.18.1.pom
Progress (1): 4.1/17 kBProgress (1): 8.2/17 kBProgress (1): 12/17 kB Progress (1): 16/17 kBProgress (1): 17 kB                      Downloaded from central: https://repo.maven.apache.org/maven2/org/apache/maven/surefire/surefire/2.18.1/surefire-2.18.1.pom (17 kB at 56 kB/s)
Downloading from central: https://repo.maven.apache.org/maven2/org/apache/maven/plugins/maven-surefire-plugin/2.18.1/maven-surefire-plugin-2.18.1.jar
Progress (1): 4.1/37 kBProgress (1): 8.2/37 kBProgress (1): 12/37 kB Progress (1): 16/37 kBProgress (1): 20/37 kBProgress (1): 25/37 kBProgress (1): 29/37 kBProgress (1): 33/37 kBProgress (1): 37/37 kBProgress (1): 37 kB                      Downloaded from central: https://repo.maven.apache.org/maven2/org/apache/maven/plugins/maven-surefire-plugin/2.18.1/maven-surefire-plugin-2.18.1.jar (37 kB at 119 kB/s)
Downloading from central: https://repo.maven.apache.org/maven2/com/carrotsearch/junit-benchmarks/0.7.2/junit-benchmarks-0.7.2.pom
Progress (1): 4.1/19 kBProgress (1): 8.2/19 kBProgress (1): 12/19 kB Progress (1): 16/19 kBProgress (1): 19 kB                      Downloaded from central: https://repo.maven.apache.org/maven2/com/carrotsearch/junit-benchmarks/0.7.2/junit-benchmarks-0.7.2.pom (19 kB at 63 kB/s)
Downloading from central: https://repo.maven.apache.org/maven2/com/google/guava/guava-testlib/20.0/guava-testlib-20.0.pom
Progress (1): 2.9 kB                    Downloaded from central: https://repo.maven.apache.org/maven2/com/google/guava/guava-testlib/20.0/guava-testlib-20.0.pom (2.9 kB at 9.5 kB/s)
Downloading from central: https://repo.maven.apache.org/maven2/com/google/guava/guava-parent/20.0/guava-parent-20.0.pom
Progress (1): 4.1/9.9 kBProgress (1): 8.2/9.9 kBProgress (1): 9.9 kB                        Downloaded from central: https://repo.maven.apache.org/maven2/com/google/guava/guava-parent/20.0/guava-parent-20.0.pom (9.9 kB at 34 kB/s)
Downloading from central: https://repo.maven.apache.org/maven2/com/google/errorprone/error_prone_annotations/2.0.12/error_prone_annotations-2.0.12.pom
Progress (1): 1.3 kB                    Downloaded from central: https://repo.maven.apache.org/maven2/com/google/errorprone/error_prone_annotations/2.0.12/error_prone_annotations-2.0.12.pom (1.3 kB at 4.6 kB/s)
Downloading from central: https://repo.maven.apache.org/maven2/com/google/errorprone/error_prone_parent/2.0.12/error_prone_parent-2.0.12.pom
Progress (1): 4.1/5.0 kBProgress (1): 5.0 kB                        Downloaded from central: https://repo.maven.apache.org/maven2/com/google/errorprone/error_prone_parent/2.0.12/error_prone_parent-2.0.12.pom (5.0 kB at 17 kB/s)
Downloading from central: https://repo.maven.apache.org/maven2/com/google/guava/guava/20.0/guava-20.0.pom
Progress (1): 4.1/6.8 kBProgress (1): 6.8 kB                        Downloaded from central: https://repo.maven.apache.org/maven2/com/google/guava/guava/20.0/guava-20.0.pom (6.8 kB at 23 kB/s)
Downloading from central: https://repo.maven.apache.org/maven2/com/carrotsearch/junit-benchmarks/0.7.2/junit-benchmarks-0.7.2.jar
Downloading from central: https://repo.maven.apache.org/maven2/com/google/guava/guava-testlib/20.0/guava-testlib-20.0.jar
Downloading from central: https://repo.maven.apache.org/maven2/com/google/errorprone/error_prone_annotations/2.0.12/error_prone_annotations-2.0.12.jar
Downloading from central: https://repo.maven.apache.org/maven2/com/google/guava/guava/20.0/guava-20.0.jar
Progress (1): 4.1/766 kBProgress (1): 8.2/766 kBProgress (1): 12/766 kB Progress (1): 16/766 kBProgress (1): 20/766 kBProgress (1): 25/766 kBProgress (1): 29/766 kBProgress (1): 33/766 kBProgress (1): 37/766 kBProgress (1): 41/766 kBProgress (1): 45/766 kBProgress (1): 49/766 kBProgress (1): 53/766 kBProgress (1): 57/766 kBProgress (1): 61/766 kBProgress (1): 66/766 kBProgress (1): 70/766 kBProgress (1): 74/766 kBProgress (1): 78/766 kBProgress (1): 82/766 kBProgress (1): 86/766 kBProgress (1): 90/766 kBProgress (1): 94/766 kBProgress (1): 98/766 kBProgress (1): 102/766 kBProgress (1): 106/766 kBProgress (1): 111/766 kBProgress (1): 115/766 kBProgress (1): 119/766 kBProgress (1): 123/766 kBProgress (1): 127/766 kBProgress (1): 131/766 kBProgress (1): 135/766 kBProgress (1): 139/766 kBProgress (1): 143/766 kBProgress (1): 147/766 kBProgress (1): 152/766 kBProgress (1): 156/766 kBProgress (1): 160/766 kBProgress (1): 164/766 kBProgress (1): 168/766 kBProgress (1): 172/766 kBProgress (1): 176/766 kBProgress (1): 180/766 kBProgress (1): 184/766 kBProgress (1): 188/766 kBProgress (1): 193/766 kBProgress (1): 197/766 kBProgress (1): 201/766 kBProgress (1): 205/766 kBProgress (1): 209/766 kBProgress (1): 213/766 kBProgress (1): 217/766 kBProgress (1): 221/766 kBProgress (1): 225/766 kBProgress (1): 229/766 kBProgress (1): 233/766 kBProgress (1): 238/766 kBProgress (1): 242/766 kBProgress (1): 246/766 kBProgress (1): 250/766 kBProgress (1): 254/766 kBProgress (1): 258/766 kBProgress (1): 262/766 kBProgress (1): 266/766 kBProgress (1): 270/766 kBProgress (1): 274/766 kBProgress (1): 279/766 kBProgress (2): 279/766 kB | 2.7/10 kBProgress (2): 279/766 kB | 5.5/10 kBProgress (2): 279/766 kB | 8.2/10 kBProgress (2): 279/766 kB | 10 kB    Progress (2): 283/766 kB | 10 kBProgress (2): 287/766 kB | 10 kBProgress (2): 291/766 kB | 10 kBProgress (2): 295/766 kB | 10 kBProgress (3): 295/766 kB | 10 kB | 2.7/79 kBProgress (3): 295/766 kB | 10 kB | 5.5/79 kBProgress (3): 295/766 kB | 10 kB | 8.2/79 kBProgress (3): 295/766 kB | 10 kB | 11/79 kB Progress (3): 295/766 kB | 10 kB | 14/79 kBProgress (3): 299/766 kB | 10 kB | 14/79 kBProgress (3): 303/766 kB | 10 kB | 14/79 kBProgress (3): 307/766 kB | 10 kB | 14/79 kBProgress (3): 311/766 kB | 10 kB | 14/79 kBProgress (3): 311/766 kB | 10 kB | 16/79 kBProgress (3): 315/766 kB | 10 kB | 16/79 kBProgress (4): 315/766 kB | 10 kB | 16/79 kB | 0/2.4 MBProgress (4): 319/766 kB | 10 kB | 16/79 kB | 0/2.4 MBProgress (4): 324/766 kB | 10 kB | 16/79 kB | 0/2.4 MBProgress (4): 328/766 kB | 10 kB | 16/79 kB | 0/2.4 MBProgress (4): 328/766 kB | 10 kB | 19/79 kB | 0/2.4 MBProgress (4): 328/766 kB | 10 kB | 22/79 kB | 0/2.4 MBProgress (4): 332/766 kB | 10 kB | 22/79 kB | 0/2.4 MBProgress (4): 336/766 kB | 10 kB | 22/79 kB | 0/2.4 MBProgress (4): 340/766 kB | 10 kB | 22/79 kB | 0/2.4 MBProgress (4): 344/766 kB | 10 kB | 22/79 kB | 0/2.4 MBProgress (4): 344/766 kB | 10 kB | 25/79 kB | 0/2.4 MBProgress (4): 348/766 kB | 10 kB | 25/79 kB | 0/2.4 MBProgress (4): 352/766 kB | 10 kB | 25/79 kB | 0/2.4 MBProgress (4): 356/766 kB | 10 kB | 25/79 kB | 0/2.4 MBProgress (4): 360/766 kB | 10 kB | 25/79 kB | 0/2.4 MBProgress (4): 360/766 kB | 10 kB | 27/79 kB | 0/2.4 MBProgress (4): 365/766 kB | 10 kB | 27/79 kB | 0/2.4 MBProgress (4): 369/766 kB | 10 kB | 27/79 kB | 0/2.4 MBProgress (4): 373/766 kB | 10 kB | 27/79 kB | 0/2.4 MBProgress (4): 377/766 kB | 10 kB | 27/79 kB | 0/2.4 MBProgress (4): 377/766 kB | 10 kB | 30/79 kB | 0/2.4 MBProgress (4): 377/766 kB | 10 kB | 30/79 kB | 0/2.4 MBProgress (4): 381/766 kB | 10 kB | 30/79 kB | 0/2.4 MBProgress (4): 385/766 kB | 10 kB | 30/79 kB | 0/2.4 MBProgress (4): 389/766 kB | 10 kB | 30/79 kB | 0/2.4 MBProgress (4): 393/766 kB | 10 kB | 30/79 kB | 0/2.4 MBProgress (4): 393/766 kB | 10 kB | 33/79 kB | 0/2.4 MBProgress (4): 393/766 kB | 10 kB | 36/79 kB | 0/2.4 MBProgress (4): 397/766 kB | 10 kB | 36/79 kB | 0/2.4 MBProgress (4): 401/766 kB | 10 kB | 36/79 kB | 0/2.4 MBProgress (4): 406/766 kB | 10 kB | 36/79 kB | 0/2.4 MBProgress (4): 410/766 kB | 10 kB | 36/79 kB | 0/2.4 MBProgress (4): 414/766 kB | 10 kB | 36/79 kB | 0/2.4 MBProgress (4): 418/766 kB | 10 kB | 36/79 kB | 0/2.4 MBProgress (4): 422/766 kB | 10 kB | 36/79 kB | 0/2.4 MBProgress (4): 426/766 kB | 10 kB | 36/79 kB | 0/2.4 MBProgress (4): 426/766 kB | 10 kB | 38/79 kB | 0/2.4 MBProgress (4): 430/766 kB | 10 kB | 38/79 kB | 0/2.4 MBProgress (4): 434/766 kB | 10 kB | 38/79 kB | 0/2.4 MBProgress (4): 438/766 kB | 10 kB | 38/79 kB | 0/2.4 MBProgress (4): 442/766 kB | 10 kB | 38/79 kB | 0/2.4 MBProgress (4): 446/766 kB | 10 kB | 38/79 kB | 0/2.4 MBProgress (4): 451/766 kB | 10 kB | 38/79 kB | 0/2.4 MBProgress (4): 455/766 kB | 10 kB | 38/79 kB | 0/2.4 MBProgress (4): 459/766 kB | 10 kB | 38/79 kB | 0/2.4 MBProgress (4): 459/766 kB | 10 kB | 38/79 kB | 0/2.4 MBProgress (4): 463/766 kB | 10 kB | 38/79 kB | 0/2.4 MBProgress (4): 467/766 kB | 10 kB | 38/79 kB | 0/2.4 MBProgress (4): 471/766 kB | 10 kB | 38/79 kB | 0/2.4 MBProgress (4): 475/766 kB | 10 kB | 38/79 kB | 0/2.4 MBProgress (4): 479/766 kB | 10 kB | 38/79 kB | 0/2.4 MBProgress (4): 483/766 kB | 10 kB | 38/79 kB | 0/2.4 MBProgress (4): 487/766 kB | 10 kB | 38/79 kB | 0/2.4 MBProgress (4): 492/766 kB | 10 kB | 38/79 kB | 0/2.4 MBProgress (4): 496/766 kB | 10 kB | 38/79 kB | 0/2.4 MBProgress (4): 500/766 kB | 10 kB | 38/79 kB | 0/2.4 MBProgress (4): 504/766 kB | 10 kB | 38/79 kB | 0/2.4 MBProgress (4): 508/766 kB | 10 kB | 38/79 kB | 0/2.4 MBProgress (4): 512/766 kB | 10 kB | 38/79 kB | 0/2.4 MBProgress (4): 516/766 kB | 10 kB | 38/79 kB | 0/2.4 MBProgress (4): 520/766 kB | 10 kB | 38/79 kB | 0/2.4 MBProgress (4): 524/766 kB | 10 kB | 38/79 kB | 0/2.4 MBProgress (4): 528/766 kB | 10 kB | 38/79 kB | 0/2.4 MBProgress (4): 532/766 kB | 10 kB | 38/79 kB | 0/2.4 MBProgress (4): 537/766 kB | 10 kB | 38/79 kB | 0/2.4 MBProgress (4): 541/766 kB | 10 kB | 38/79 kB | 0/2.4 MBProgress (4): 545/766 kB | 10 kB | 38/79 kB | 0/2.4 MBProgress (4): 548/766 kB | 10 kB | 38/79 kB | 0/2.4 MBProgress (4): 552/766 kB | 10 kB | 38/79 kB | 0/2.4 MBProgress (4): 556/766 kB | 10 kB | 38/79 kB | 0/2.4 MBProgress (4): 560/766 kB | 10 kB | 38/79 kB | 0/2.4 MBProgress (4): 564/766 kB | 10 kB | 38/79 kB | 0/2.4 MBProgress (4): 568/766 kB | 10 kB | 38/79 kB | 0/2.4 MBProgress (4): 572/766 kB | 10 kB | 38/79 kB | 0/2.4 MBProgress (4): 576/766 kB | 10 kB | 38/79 kB | 0/2.4 MBProgress (4): 580/766 kB | 10 kB | 38/79 kB | 0/2.4 MBProgress (4): 584/766 kB | 10 kB | 38/79 kB | 0/2.4 MBProgress (4): 589/766 kB | 10 kB | 38/79 kB | 0/2.4 MBProgress (4): 593/766 kB | 10 kB | 38/79 kB | 0/2.4 MBProgress (4): 597/766 kB | 10 kB | 38/79 kB | 0/2.4 MBProgress (4): 601/766 kB | 10 kB | 38/79 kB | 0/2.4 MBProgress (4): 605/766 kB | 10 kB | 38/79 kB | 0/2.4 MBProgress (4): 609/766 kB | 10 kB | 38/79 kB | 0/2.4 MBProgress (4): 613/766 kB | 10 kB | 38/79 kB | 0/2.4 MBProgress (4): 617/766 kB | 10 kB | 38/79 kB | 0/2.4 MBProgress (4): 621/766 kB | 10 kB | 38/79 kB | 0/2.4 MBProgress (4): 625/766 kB | 10 kB | 38/79 kB | 0/2.4 MBProgress (4): 630/766 kB | 10 kB | 38/79 kB | 0/2.4 MB                                                      Downloaded from central: https://repo.maven.apache.org/maven2/com/google/errorprone/error_prone_annotations/2.0.12/error_prone_annotations-2.0.12.jar (10 kB at 18 kB/s)
Progress (3): 634/766 kB | 38/79 kB | 0/2.4 MBProgress (3): 638/766 kB | 38/79 kB | 0/2.4 MBProgress (3): 642/766 kB | 38/79 kB | 0/2.4 MBProgress (3): 646/766 kB | 38/79 kB | 0/2.4 MBProgress (3): 650/766 kB | 38/79 kB | 0/2.4 MBProgress (3): 654/766 kB | 38/79 kB | 0/2.4 MBProgress (3): 658/766 kB | 38/79 kB | 0/2.4 MBProgress (3): 662/766 kB | 38/79 kB | 0/2.4 MBProgress (3): 662/766 kB | 41/79 kB | 0/2.4 MBProgress (3): 662/766 kB | 44/79 kB | 0/2.4 MBProgress (3): 666/766 kB | 44/79 kB | 0/2.4 MBProgress (3): 671/766 kB | 44/79 kB | 0/2.4 MBProgress (3): 675/766 kB | 44/79 kB | 0/2.4 MBProgress (3): 679/766 kB | 44/79 kB | 0/2.4 MBProgress (3): 679/766 kB | 47/79 kB | 0/2.4 MBProgress (3): 683/766 kB | 47/79 kB | 0/2.4 MBProgress (3): 687/766 kB | 47/79 kB | 0/2.4 MBProgress (3): 691/766 kB | 47/79 kB | 0/2.4 MBProgress (3): 695/766 kB | 47/79 kB | 0/2.4 MBProgress (3): 695/766 kB | 47/79 kB | 0/2.4 MBProgress (3): 699/766 kB | 47/79 kB | 0/2.4 MBProgress (3): 703/766 kB | 47/79 kB | 0/2.4 MBProgress (3): 707/766 kB | 47/79 kB | 0/2.4 MBProgress (3): 711/766 kB | 47/79 kB | 0/2.4 MBProgress (3): 711/766 kB | 49/79 kB | 0/2.4 MBProgress (3): 716/766 kB | 49/79 kB | 0/2.4 MBProgress (3): 720/766 kB | 49/79 kB | 0/2.4 MBProgress (3): 724/766 kB | 49/79 kB | 0/2.4 MBProgress (3): 728/766 kB | 49/79 kB | 0/2.4 MBProgress (3): 732/766 kB | 49/79 kB | 0/2.4 MBProgress (3): 736/766 kB | 49/79 kB | 0/2.4 MBProgress (3): 740/766 kB | 49/79 kB | 0/2.4 MBProgress (3): 744/766 kB | 49/79 kB | 0/2.4 MBProgress (3): 744/766 kB | 52/79 kB | 0/2.4 MBProgress (3): 748/766 kB | 52/79 kB | 0/2.4 MBProgress (3): 752/766 kB | 52/79 kB | 0/2.4 MBProgress (3): 757/766 kB | 52/79 kB | 0/2.4 MBProgress (3): 761/766 kB | 52/79 kB | 0/2.4 MBProgress (3): 765/766 kB | 52/79 kB | 0/2.4 MBProgress (3): 765/766 kB | 55/79 kB | 0/2.4 MBProgress (3): 766 kB | 55/79 kB | 0/2.4 MB    Progress (3): 766 kB | 58/79 kB | 0/2.4 MBProgress (3): 766 kB | 60/79 kB | 0/2.4 MBProgress (3): 766 kB | 60/79 kB | 0.1/2.4 MBProgress (3): 766 kB | 63/79 kB | 0.1/2.4 MBProgress (3): 766 kB | 66/79 kB | 0.1/2.4 MBProgress (3): 766 kB | 66/79 kB | 0.1/2.4 MBProgress (3): 766 kB | 70/79 kB | 0.1/2.4 MBProgress (3): 766 kB | 70/79 kB | 0.1/2.4 MBProgress (3): 766 kB | 74/79 kB | 0.1/2.4 MBProgress (3): 766 kB | 78/79 kB | 0.1/2.4 MBProgress (3): 766 kB | 79 kB | 0.1/2.4 MB   Progress (3): 766 kB | 79 kB | 0.1/2.4 MBProgress (3): 766 kB | 79 kB | 0.1/2.4 MBProgress (3): 766 kB | 79 kB | 0.1/2.4 MBProgress (3): 766 kB | 79 kB | 0.1/2.4 MB                                         Downloaded from central: https://repo.maven.apache.org/maven2/com/google/guava/guava-testlib/20.0/guava-testlib-20.0.jar (766 kB at 1.0 MB/s)
Progress (2): 79 kB | 0.2/2.4 MBProgress (2): 79 kB | 0.2/2.4 MB                                Downloaded from central: https://repo.maven.apache.org/maven2/com/carrotsearch/junit-benchmarks/0.7.2/junit-benchmarks-0.7.2.jar (79 kB at 103 kB/s)
Progress (1): 0.2/2.4 MBProgress (1): 0.2/2.4 MBProgress (1): 0.2/2.4 MBProgress (1): 0.2/2.4 MBProgress (1): 0.3/2.4 MBProgress (1): 0.3/2.4 MBProgress (1): 0.3/2.4 MBProgress (1): 0.3/2.4 MBProgress (1): 0.3/2.4 MBProgress (1): 0.3/2.4 MBProgress (1): 0.4/2.4 MBProgress (1): 0.4/2.4 MBProgress (1): 0.4/2.4 MBProgress (1): 0.4/2.4 MBProgress (1): 0.4/2.4 MBProgress (1): 0.4/2.4 MBProgress (1): 0.5/2.4 MBProgress (1): 0.5/2.4 MBProgress (1): 0.5/2.4 MBProgress (1): 0.5/2.4 MBProgress (1): 0.5/2.4 MBProgress (1): 0.5/2.4 MBProgress (1): 0.6/2.4 MBProgress (1): 0.6/2.4 MBProgress (1): 0.6/2.4 MBProgress (1): 0.6/2.4 MBProgress (1): 0.6/2.4 MBProgress (1): 0.6/2.4 MBProgress (1): 0.7/2.4 MBProgress (1): 0.7/2.4 MBProgress (1): 0.7/2.4 MBProgress (1): 0.7/2.4 MBProgress (1): 0.7/2.4 MBProgress (1): 0.7/2.4 MBProgress (1): 0.7/2.4 MBProgress (1): 0.8/2.4 MBProgress (1): 0.8/2.4 MBProgress (1): 0.8/2.4 MBProgress (1): 0.8/2.4 MBProgress (1): 0.8/2.4 MBProgress (1): 0.8/2.4 MBProgress (1): 0.9/2.4 MBProgress (1): 0.9/2.4 MBProgress (1): 0.9/2.4 MBProgress (1): 0.9/2.4 MBProgress (1): 0.9/2.4 MBProgress (1): 0.9/2.4 MBProgress (1): 1.0/2.4 MBProgress (1): 1.0/2.4 MBProgress (1): 1.0/2.4 MBProgress (1): 1.0/2.4 MBProgress (1): 1.0/2.4 MBProgress (1): 1.0/2.4 MBProgress (1): 1.1/2.4 MBProgress (1): 1.1/2.4 MBProgress (1): 1.1/2.4 MBProgress (1): 1.1/2.4 MBProgress (1): 1.1/2.4 MBProgress (1): 1.1/2.4 MBProgress (1): 1.2/2.4 MBProgress (1): 1.2/2.4 MBProgress (1): 1.2/2.4 MBProgress (1): 1.2/2.4 MBProgress (1): 1.2/2.4 MBProgress (1): 1.2/2.4 MBProgress (1): 1.3/2.4 MBProgress (1): 1.3/2.4 MBProgress (1): 1.3/2.4 MBProgress (1): 1.3/2.4 MBProgress (1): 1.3/2.4 MBProgress (1): 1.3/2.4 MBProgress (1): 1.4/2.4 MBProgress (1): 1.4/2.4 MBProgress (1): 1.4/2.4 MBProgress (1): 1.4/2.4 MBProgress (1): 1.4/2.4 MBProgress (1): 1.4/2.4 MBProgress (1): 1.5/2.4 MBProgress (1): 1.5/2.4 MBProgress (1): 1.5/2.4 MBProgress (1): 1.5/2.4 MBProgress (1): 1.5/2.4 MBProgress (1): 1.5/2.4 MBProgress (1): 1.6/2.4 MBProgress (1): 1.6/2.4 MBProgress (1): 1.6/2.4 MBProgress (1): 1.6/2.4 MBProgress (1): 1.6/2.4 MBProgress (1): 1.6/2.4 MBProgress (1): 1.6/2.4 MBProgress (1): 1.7/2.4 MBProgress (1): 1.7/2.4 MBProgress (1): 1.7/2.4 MBProgress (1): 1.7/2.4 MBProgress (1): 1.7/2.4 MBProgress (1): 1.7/2.4 MBProgress (1): 1.8/2.4 MBProgress (1): 1.8/2.4 MBProgress (1): 1.8/2.4 MBProgress (1): 1.8/2.4 MBProgress (1): 1.8/2.4 MBProgress (1): 1.8/2.4 MBProgress (1): 1.9/2.4 MBProgress (1): 1.9/2.4 MBProgress (1): 1.9/2.4 MBProgress (1): 1.9/2.4 MBProgress (1): 1.9/2.4 MBProgress (1): 1.9/2.4 MBProgress (1): 2.0/2.4 MBProgress (1): 2.0/2.4 MBProgress (1): 2.0/2.4 MBProgress (1): 2.0/2.4 MBProgress (1): 2.0/2.4 MBProgress (1): 2.0/2.4 MBProgress (1): 2.1/2.4 MBProgress (1): 2.1/2.4 MBProgress (1): 2.1/2.4 MBProgress (1): 2.1/2.4 MBProgress (1): 2.1/2.4 MBProgress (1): 2.1/2.4 MBProgress (1): 2.2/2.4 MBProgress (1): 2.2/2.4 MBProgress (1): 2.2/2.4 MBProgress (1): 2.2/2.4 MBProgress (1): 2.2/2.4 MBProgress (1): 2.2/2.4 MBProgress (1): 2.3/2.4 MBProgress (1): 2.3/2.4 MBProgress (1): 2.3/2.4 MBProgress (1): 2.3/2.4 MBProgress (1): 2.3/2.4 MBProgress (1): 2.3/2.4 MBProgress (1): 2.3/2.4 MBProgress (1): 2.4/2.4 MBProgress (1): 2.4/2.4 MBProgress (1): 2.4/2.4 MBProgress (1): 2.4/2.4 MBProgress (1): 2.4/2.4 MBProgress (1): 2.4 MB                        Downloaded from central: https://repo.maven.apache.org/maven2/com/google/guava/guava/20.0/guava-20.0.jar (2.4 MB at 1.7 MB/s)
[INFO] 
[INFO] --- maven-clean-plugin:2.5:clean (default-clean) @ dictomaton ---
[INFO] 
[INFO] --- maven-enforcer-plugin:1.2:enforce (enforce-maven) @ dictomaton ---
[INFO] 
[INFO] --- maven-resources-plugin:2.6:resources (default-resources) @ dictomaton ---
[INFO] Using 'UTF-8' encoding to copy filtered resources.
[INFO] skip non existing resourceDirectory /Users/seyoung/data/repo/src/main/resources
[INFO] 
[INFO] --- maven-compiler-plugin:3.3:compile (default-compile) @ dictomaton ---
Downloading from central: https://repo.maven.apache.org/maven2/org/codehaus/plexus/plexus-compiler-api/2.5/plexus-compiler-api-2.5.pom
Progress (1): 865 B                   Downloaded from central: https://repo.maven.apache.org/maven2/org/codehaus/plexus/plexus-compiler-api/2.5/plexus-compiler-api-2.5.pom (865 B at 3.0 kB/s)
Downloading from central: https://repo.maven.apache.org/maven2/org/codehaus/plexus/plexus-compiler/2.5/plexus-compiler-2.5.pom
Progress (1): 4.1/5.3 kBProgress (1): 5.3 kB                        Downloaded from central: https://repo.maven.apache.org/maven2/org/codehaus/plexus/plexus-compiler/2.5/plexus-compiler-2.5.pom (5.3 kB at 18 kB/s)
Downloading from central: https://repo.maven.apache.org/maven2/org/codehaus/plexus/plexus-compiler-manager/2.5/plexus-compiler-manager-2.5.pom
Progress (1): 690 B                   Downloaded from central: https://repo.maven.apache.org/maven2/org/codehaus/plexus/plexus-compiler-manager/2.5/plexus-compiler-manager-2.5.pom (690 B at 2.3 kB/s)
Downloading from central: https://repo.maven.apache.org/maven2/org/codehaus/plexus/plexus-compiler-javac/2.5/plexus-compiler-javac-2.5.pom
Progress (1): 769 B                   Downloaded from central: https://repo.maven.apache.org/maven2/org/codehaus/plexus/plexus-compiler-javac/2.5/plexus-compiler-javac-2.5.pom (769 B at 2.6 kB/s)
Downloading from central: https://repo.maven.apache.org/maven2/org/codehaus/plexus/plexus-compilers/2.5/plexus-compilers-2.5.pom
Progress (1): 1.3 kB                    Downloaded from central: https://repo.maven.apache.org/maven2/org/codehaus/plexus/plexus-compilers/2.5/plexus-compilers-2.5.pom (1.3 kB at 4.3 kB/s)
Downloading from central: https://repo.maven.apache.org/maven2/org/codehaus/plexus/plexus-compiler-api/2.5/plexus-compiler-api-2.5.jar
Downloading from central: https://repo.maven.apache.org/maven2/org/codehaus/plexus/plexus-compiler-manager/2.5/plexus-compiler-manager-2.5.jar
Downloading from central: https://repo.maven.apache.org/maven2/org/codehaus/plexus/plexus-compiler-javac/2.5/plexus-compiler-javac-2.5.jar
Progress (1): 4.1/4.6 kBProgress (1): 4.6 kB    Progress (2): 4.6 kB | 4.1/25 kBProgress (2): 4.6 kB | 8.2/25 kBProgress (2): 4.6 kB | 12/25 kB Progress (2): 4.6 kB | 16/25 kBProgress (2): 4.6 kB | 20/25 kBProgress (2): 4.6 kB | 25/25 kBProgress (2): 4.6 kB | 25 kB   Progress (3): 4.6 kB | 25 kB | 4.1/19 kBProgress (3): 4.6 kB | 25 kB | 8.2/19 kBProgress (3): 4.6 kB | 25 kB | 12/19 kB Progress (3): 4.6 kB | 25 kB | 16/19 kBProgress (3): 4.6 kB | 25 kB | 19 kB                                       Downloaded from central: https://repo.maven.apache.org/maven2/org/codehaus/plexus/plexus-compiler-manager/2.5/plexus-compiler-manager-2.5.jar (4.6 kB at 15 kB/s)
Downloaded from central: https://repo.maven.apache.org/maven2/org/codehaus/plexus/plexus-compiler-api/2.5/plexus-compiler-api-2.5.jar (25 kB at 82 kB/s)
Downloaded from central: https://repo.maven.apache.org/maven2/org/codehaus/plexus/plexus-compiler-javac/2.5/plexus-compiler-javac-2.5.jar (19 kB at 61 kB/s)
[INFO] Changes detected - recompiling the module!
[INFO] Compiling 25 source files to /Users/seyoung/data/repo/target/classes
[INFO] 
[INFO] --- maven-resources-plugin:2.6:testResources (default-testResources) @ dictomaton ---
[INFO] Using 'UTF-8' encoding to copy filtered resources.
[INFO] Copying 4 resources
[INFO] 
[INFO] --- maven-compiler-plugin:3.3:testCompile (default-testCompile) @ dictomaton ---
[INFO] Changes detected - recompiling the module!
[INFO] Compiling 20 source files to /Users/seyoung/data/repo/target/test-classes
[INFO] /Users/seyoung/data/repo/src/test/java/eu/danieldk/dictomaton/collections/ImmutableStringObjectMapTest.java: /Users/seyoung/data/repo/src/test/java/eu/danieldk/dictomaton/collections/ImmutableStringObjectMapTest.java uses unchecked or unsafe operations.
[INFO] /Users/seyoung/data/repo/src/test/java/eu/danieldk/dictomaton/collections/ImmutableStringObjectMapTest.java: Recompile with -Xlint:unchecked for details.
[INFO] 
[INFO] --- maven-surefire-plugin:2.18.1:test (default-test) @ dictomaton ---
Downloading from central: https://repo.maven.apache.org/maven2/org/apache/maven/surefire/maven-surefire-common/2.18.1/maven-surefire-common-2.18.1.pom
Progress (1): 4.1/6.3 kBProgress (1): 6.3 kB                        Downloaded from central: https://repo.maven.apache.org/maven2/org/apache/maven/surefire/maven-surefire-common/2.18.1/maven-surefire-common-2.18.1.pom (6.3 kB at 22 kB/s)
Downloading from central: https://repo.maven.apache.org/maven2/org/apache/maven/surefire/surefire-api/2.18.1/surefire-api-2.18.1.pom
Progress (1): 2.3 kB                    Downloaded from central: https://repo.maven.apache.org/maven2/org/apache/maven/surefire/surefire-api/2.18.1/surefire-api-2.18.1.pom (2.3 kB at 8.2 kB/s)
Downloading from central: https://repo.maven.apache.org/maven2/org/apache/maven/surefire/surefire-booter/2.18.1/surefire-booter-2.18.1.pom
Progress (1): 2.9 kB                    Downloaded from central: https://repo.maven.apache.org/maven2/org/apache/maven/surefire/surefire-booter/2.18.1/surefire-booter-2.18.1.pom (2.9 kB at 10 kB/s)
Downloading from central: https://repo.maven.apache.org/maven2/org/apache/maven/surefire/maven-surefire-common/2.18.1/maven-surefire-common-2.18.1.jar
Downloading from central: https://repo.maven.apache.org/maven2/org/apache/maven/surefire/surefire-booter/2.18.1/surefire-booter-2.18.1.jar
Downloading from central: https://repo.maven.apache.org/maven2/org/apache/maven/surefire/surefire-api/2.18.1/surefire-api-2.18.1.jar
Progress (1): 4.1/40 kBProgress (1): 8.2/40 kBProgress (1): 12/40 kB Progress (1): 16/40 kBProgress (2): 16/40 kB | 4.1/148 kBProgress (2): 16/40 kB | 8.2/148 kBProgress (2): 16/40 kB | 12/148 kB Progress (2): 16/40 kB | 16/148 kBProgress (2): 20/40 kB | 16/148 kBProgress (2): 25/40 kB | 16/148 kBProgress (2): 29/40 kB | 16/148 kBProgress (2): 33/40 kB | 16/148 kBProgress (2): 33/40 kB | 20/148 kBProgress (2): 33/40 kB | 25/148 kBProgress (2): 33/40 kB | 29/148 kBProgress (2): 37/40 kB | 29/148 kBProgress (2): 37/40 kB | 33/148 kBProgress (2): 40 kB | 33/148 kB   Progress (2): 40 kB | 37/148 kBProgress (2): 40 kB | 41/148 kBProgress (2): 40 kB | 45/148 kBProgress (2): 40 kB | 49/148 kBProgress (2): 40 kB | 53/148 kBProgress (2): 40 kB | 57/148 kBProgress (2): 40 kB | 61/148 kBProgress (2): 40 kB | 66/148 kBProgress (2): 40 kB | 70/148 kBProgress (2): 40 kB | 74/148 kBProgress (2): 40 kB | 78/148 kBProgress (2): 40 kB | 82/148 kBProgress (2): 40 kB | 86/148 kBProgress (2): 40 kB | 90/148 kBProgress (2): 40 kB | 94/148 kBProgress (2): 40 kB | 98/148 kBProgress (2): 40 kB | 102/148 kBProgress (2): 40 kB | 106/148 kBProgress (2): 40 kB | 111/148 kBProgress (2): 40 kB | 115/148 kBProgress (2): 40 kB | 119/148 kBProgress (2): 40 kB | 123/148 kBProgress (2): 40 kB | 127/148 kBProgress (2): 40 kB | 131/148 kBProgress (2): 40 kB | 135/148 kBProgress (2): 40 kB | 139/148 kBProgress (2): 40 kB | 143/148 kBProgress (2): 40 kB | 147/148 kBProgress (2): 40 kB | 148 kB    Progress (3): 40 kB | 148 kB | 4.1/274 kBProgress (3): 40 kB | 148 kB | 8.2/274 kBProgress (3): 40 kB | 148 kB | 12/274 kB Progress (3): 40 kB | 148 kB | 16/274 kBProgress (3): 40 kB | 148 kB | 20/274 kBProgress (3): 40 kB | 148 kB | 25/274 kBProgress (3): 40 kB | 148 kB | 29/274 kBProgress (3): 40 kB | 148 kB | 33/274 kBProgress (3): 40 kB | 148 kB | 37/274 kBProgress (3): 40 kB | 148 kB | 41/274 kBProgress (3): 40 kB | 148 kB | 45/274 kBProgress (3): 40 kB | 148 kB | 49/274 kBProgress (3): 40 kB | 148 kB | 53/274 kBProgress (3): 40 kB | 148 kB | 57/274 kBProgress (3): 40 kB | 148 kB | 61/274 kBProgress (3): 40 kB | 148 kB | 66/274 kBProgress (3): 40 kB | 148 kB | 70/274 kBProgress (3): 40 kB | 148 kB | 74/274 kBProgress (3): 40 kB | 148 kB | 78/274 kBProgress (3): 40 kB | 148 kB | 82/274 kBProgress (3): 40 kB | 148 kB | 86/274 kBProgress (3): 40 kB | 148 kB | 90/274 kBProgress (3): 40 kB | 148 kB | 94/274 kBProgress (3): 40 kB | 148 kB | 98/274 kBProgress (3): 40 kB | 148 kB | 102/274 kBProgress (3): 40 kB | 148 kB | 106/274 kBProgress (3): 40 kB | 148 kB | 111/274 kBProgress (3): 40 kB | 148 kB | 115/274 kB                                         Downloaded from central: https://repo.maven.apache.org/maven2/org/apache/maven/surefire/surefire-booter/2.18.1/surefire-booter-2.18.1.jar (40 kB at 140 kB/s)
Downloaded from central: https://repo.maven.apache.org/maven2/org/apache/maven/surefire/surefire-api/2.18.1/surefire-api-2.18.1.jar (148 kB at 505 kB/s)
Progress (1): 119/274 kBProgress (1): 123/274 kBProgress (1): 127/274 kBProgress (1): 131/274 kBProgress (1): 135/274 kBProgress (1): 139/274 kBProgress (1): 143/274 kBProgress (1): 147/274 kBProgress (1): 152/274 kBProgress (1): 156/274 kBProgress (1): 160/274 kBProgress (1): 164/274 kBProgress (1): 168/274 kBProgress (1): 172/274 kBProgress (1): 176/274 kBProgress (1): 180/274 kBProgress (1): 184/274 kBProgress (1): 188/274 kBProgress (1): 193/274 kBProgress (1): 197/274 kBProgress (1): 201/274 kBProgress (1): 205/274 kBProgress (1): 209/274 kBProgress (1): 213/274 kBProgress (1): 217/274 kBProgress (1): 221/274 kBProgress (1): 225/274 kBProgress (1): 229/274 kBProgress (1): 233/274 kBProgress (1): 238/274 kBProgress (1): 242/274 kBProgress (1): 246/274 kBProgress (1): 250/274 kBProgress (1): 254/274 kBProgress (1): 258/274 kBProgress (1): 262/274 kBProgress (1): 266/274 kBProgress (1): 270/274 kBProgress (1): 274/274 kBProgress (1): 274 kB                        Downloaded from central: https://repo.maven.apache.org/maven2/org/apache/maven/surefire/maven-surefire-common/2.18.1/maven-surefire-common-2.18.1.jar (274 kB at 473 kB/s)
[INFO] Surefire report directory: /Users/seyoung/data/repo/target/surefire-reports
[INFO] parallel='none', perCoreThreadCount=true, threadCount=0, useUnlimitedThreads=false, threadCountSuites=0, threadCountClasses=0, threadCountMethods=0, parallelOptimized=true
Downloading from central: https://repo.maven.apache.org/maven2/org/apache/maven/surefire/surefire-junit47/2.18.1/surefire-junit47-2.18.1.pom
Progress (1): 4.1/4.4 kBProgress (1): 4.4 kB                        Downloaded from central: https://repo.maven.apache.org/maven2/org/apache/maven/surefire/surefire-junit47/2.18.1/surefire-junit47-2.18.1.pom (4.4 kB at 15 kB/s)
Downloading from central: https://repo.maven.apache.org/maven2/org/apache/maven/surefire/surefire-providers/2.18.1/surefire-providers-2.18.1.pom
Progress (1): 2.5 kB                    Downloaded from central: https://repo.maven.apache.org/maven2/org/apache/maven/surefire/surefire-providers/2.18.1/surefire-providers-2.18.1.pom (2.5 kB at 9.2 kB/s)
Downloading from central: https://repo.maven.apache.org/maven2/com/github/stephenc/jcip/jcip-annotations/1.0-1/jcip-annotations-1.0-1.pom
Progress (1): 4.1/5.4 kBProgress (1): 5.4 kB                        Downloaded from central: https://repo.maven.apache.org/maven2/com/github/stephenc/jcip/jcip-annotations/1.0-1/jcip-annotations-1.0-1.pom (5.4 kB at 19 kB/s)
Downloading from central: https://repo.maven.apache.org/maven2/org/apache/maven/surefire/common-junit48/2.18.1/common-junit48-2.18.1.pom
Progress (1): 3.4 kB                    Downloaded from central: https://repo.maven.apache.org/maven2/org/apache/maven/surefire/common-junit48/2.18.1/common-junit48-2.18.1.pom (3.4 kB at 12 kB/s)
Downloading from central: https://repo.maven.apache.org/maven2/org/apache/maven/surefire/common-junit4/2.18.1/common-junit4-2.18.1.pom
Progress (1): 2.0 kB                    Downloaded from central: https://repo.maven.apache.org/maven2/org/apache/maven/surefire/common-junit4/2.18.1/common-junit4-2.18.1.pom (2.0 kB at 7.2 kB/s)
Downloading from central: https://repo.maven.apache.org/maven2/org/apache/maven/surefire/common-junit3/2.18.1/common-junit3-2.18.1.pom
Progress (1): 1.6 kB                    Downloaded from central: https://repo.maven.apache.org/maven2/org/apache/maven/surefire/common-junit3/2.18.1/common-junit3-2.18.1.pom (1.6 kB at 5.6 kB/s)
Downloading from central: https://repo.maven.apache.org/maven2/org/apache/maven/surefire/common-java5/2.18.1/common-java5-2.18.1.pom
Progress (1): 1.7 kB                    Downloaded from central: https://repo.maven.apache.org/maven2/org/apache/maven/surefire/common-java5/2.18.1/common-java5-2.18.1.pom (1.7 kB at 6.1 kB/s)
Downloading from central: https://repo.maven.apache.org/maven2/org/apache/maven/shared/maven-shared-utils/0.4/maven-shared-utils-0.4.pom
Progress (1): 4.0 kB                    Downloaded from central: https://repo.maven.apache.org/maven2/org/apache/maven/shared/maven-shared-utils/0.4/maven-shared-utils-0.4.pom (4.0 kB at 13 kB/s)
Downloading from central: https://repo.maven.apache.org/maven2/org/apache/maven/surefire/surefire-grouper/2.18.1/surefire-grouper-2.18.1.pom
Progress (1): 2.6 kB                    Downloaded from central: https://repo.maven.apache.org/maven2/org/apache/maven/surefire/surefire-grouper/2.18.1/surefire-grouper-2.18.1.pom (2.6 kB at 9.3 kB/s)
Downloading from central: https://repo.maven.apache.org/maven2/org/apache/maven/surefire/surefire-junit47/2.18.1/surefire-junit47-2.18.1.jar
Downloading from central: https://repo.maven.apache.org/maven2/org/apache/maven/surefire/common-junit4/2.18.1/common-junit4-2.18.1.jar
Downloading from central: https://repo.maven.apache.org/maven2/org/apache/maven/surefire/common-junit48/2.18.1/common-junit48-2.18.1.jar
Downloading from central: https://repo.maven.apache.org/maven2/org/apache/maven/surefire/common-junit3/2.18.1/common-junit3-2.18.1.jar
Downloading from central: https://repo.maven.apache.org/maven2/com/github/stephenc/jcip/jcip-annotations/1.0-1/jcip-annotations-1.0-1.jar
Progress (1): 4.1/11 kBProgress (1): 8.2/11 kBProgress (1): 11 kB    Progress (2): 11 kB | 4.1/19 kBProgress (2): 11 kB | 8.2/19 kBProgress (2): 11 kB | 12/19 kB Progress (2): 11 kB | 16/19 kBProgress (2): 11 kB | 19 kB   Progress (3): 11 kB | 19 kB | 2.7/133 kBProgress (3): 11 kB | 19 kB | 5.5/133 kBProgress (3): 11 kB | 19 kB | 8.2/133 kBProgress (3): 11 kB | 19 kB | 11/133 kB Progress (3): 11 kB | 19 kB | 14/133 kBProgress (3): 11 kB | 19 kB | 16/133 kBProgress (3): 11 kB | 19 kB | 19/133 kBProgress (3): 11 kB | 19 kB | 22/133 kBProgress (3): 11 kB | 19 kB | 25/133 kBProgress (3): 11 kB | 19 kB | 27/133 kBProgress (3): 11 kB | 19 kB | 30/133 kBProgress (3): 11 kB | 19 kB | 33/133 kBProgress (3): 11 kB | 19 kB | 36/133 kBProgress (3): 11 kB | 19 kB | 38/133 kBProgress (3): 11 kB | 19 kB | 41/133 kBProgress (3): 11 kB | 19 kB | 44/133 kBProgress (3): 11 kB | 19 kB | 47/133 kBProgress (3): 11 kB | 19 kB | 49/133 kB                                       Downloaded from central: https://repo.maven.apache.org/maven2/org/apache/maven/surefire/common-junit48/2.18.1/common-junit48-2.18.1.jar (19 kB at 69 kB/s)
Downloaded from central: https://repo.maven.apache.org/maven2/org/apache/maven/surefire/common-junit3/2.18.1/common-junit3-2.18.1.jar (11 kB at 40 kB/s)
Progress (1): 52/133 kB                       Downloading from central: https://repo.maven.apache.org/maven2/org/apache/maven/shared/maven-shared-utils/0.4/maven-shared-utils-0.4.jar
Downloading from central: https://repo.maven.apache.org/maven2/org/apache/maven/surefire/common-java5/2.18.1/common-java5-2.18.1.jar
Progress (1): 55/133 kBProgress (1): 59/133 kBProgress (1): 63/133 kBProgress (1): 67/133 kBProgress (1): 71/133 kBProgress (1): 75/133 kBProgress (1): 79/133 kBProgress (1): 84/133 kBProgress (1): 88/133 kBProgress (2): 88/133 kB | 4.1/19 kBProgress (2): 88/133 kB | 8.2/19 kBProgress (2): 88/133 kB | 12/19 kB Progress (2): 88/133 kB | 16/19 kBProgress (2): 88/133 kB | 19 kB   Progress (3): 88/133 kB | 19 kB | 2.7/4.7 kBProgress (3): 88/133 kB | 19 kB | 4.7 kB    Progress (4): 88/133 kB | 19 kB | 4.7 kB | 4.1/155 kBProgress (4): 88/133 kB | 19 kB | 4.7 kB | 8.2/155 kBProgress (4): 88/133 kB | 19 kB | 4.7 kB | 12/155 kB Progress (4): 88/133 kB | 19 kB | 4.7 kB | 16/155 kBProgress (4): 88/133 kB | 19 kB | 4.7 kB | 20/155 kBProgress (4): 88/133 kB | 19 kB | 4.7 kB | 25/155 kBProgress (4): 88/133 kB | 19 kB | 4.7 kB | 29/155 kBProgress (4): 88/133 kB | 19 kB | 4.7 kB | 33/155 kBProgress (4): 88/133 kB | 19 kB | 4.7 kB | 37/155 kBProgress (4): 88/133 kB | 19 kB | 4.7 kB | 41/155 kBProgress (4): 88/133 kB | 19 kB | 4.7 kB | 45/155 kBProgress (4): 88/133 kB | 19 kB | 4.7 kB | 49/155 kBProgress (4): 88/133 kB | 19 kB | 4.7 kB | 53/155 kBProgress (4): 88/133 kB | 19 kB | 4.7 kB | 57/155 kBProgress (4): 88/133 kB | 19 kB | 4.7 kB | 61/155 kBProgress (4): 88/133 kB | 19 kB | 4.7 kB | 66/155 kBProgress (5): 88/133 kB | 19 kB | 4.7 kB | 66/155 kB | 4.1/37 kBProgress (5): 88/133 kB | 19 kB | 4.7 kB | 66/155 kB | 8.2/37 kBProgress (5): 88/133 kB | 19 kB | 4.7 kB | 66/155 kB | 12/37 kB Progress (5): 88/133 kB | 19 kB | 4.7 kB | 66/155 kB | 16/37 kBProgress (5): 88/133 kB | 19 kB | 4.7 kB | 70/155 kB | 16/37 kBProgress (5): 88/133 kB | 19 kB | 4.7 kB | 74/155 kB | 16/37 kBProgress (5): 88/133 kB | 19 kB | 4.7 kB | 78/155 kB | 16/37 kBProgress (5): 88/133 kB | 19 kB | 4.7 kB | 82/155 kB | 16/37 kBProgress (5): 88/133 kB | 19 kB | 4.7 kB | 86/155 kB | 16/37 kBProgress (5): 88/133 kB | 19 kB | 4.7 kB | 90/155 kB | 16/37 kBProgress (5): 88/133 kB | 19 kB | 4.7 kB | 94/155 kB | 16/37 kBProgress (5): 88/133 kB | 19 kB | 4.7 kB | 98/155 kB | 16/37 kBProgress (5): 88/133 kB | 19 kB | 4.7 kB | 102/155 kB | 16/37 kBProgress (5): 88/133 kB | 19 kB | 4.7 kB | 106/155 kB | 16/37 kBProgress (5): 88/133 kB | 19 kB | 4.7 kB | 111/155 kB | 16/37 kBProgress (5): 88/133 kB | 19 kB | 4.7 kB | 115/155 kB | 16/37 kBProgress (5): 88/133 kB | 19 kB | 4.7 kB | 119/155 kB | 16/37 kBProgress (5): 88/133 kB | 19 kB | 4.7 kB | 123/155 kB | 16/37 kBProgress (5): 88/133 kB | 19 kB | 4.7 kB | 127/155 kB | 16/37 kBProgress (5): 88/133 kB | 19 kB | 4.7 kB | 131/155 kB | 16/37 kBProgress (5): 88/133 kB | 19 kB | 4.7 kB | 135/155 kB | 16/37 kBProgress (5): 88/133 kB | 19 kB | 4.7 kB | 139/155 kB | 16/37 kBProgress (5): 88/133 kB | 19 kB | 4.7 kB | 143/155 kB | 16/37 kBProgress (5): 88/133 kB | 19 kB | 4.7 kB | 147/155 kB | 16/37 kBProgress (5): 88/133 kB | 19 kB | 4.7 kB | 152/155 kB | 16/37 kBProgress (5): 88/133 kB | 19 kB | 4.7 kB | 155 kB | 16/37 kB    Progress (5): 88/133 kB | 19 kB | 4.7 kB | 155 kB | 20/37 kBProgress (5): 88/133 kB | 19 kB | 4.7 kB | 155 kB | 25/37 kBProgress (5): 88/133 kB | 19 kB | 4.7 kB | 155 kB | 29/37 kBProgress (5): 88/133 kB | 19 kB | 4.7 kB | 155 kB | 33/37 kBProgress (5): 88/133 kB | 19 kB | 4.7 kB | 155 kB | 37/37 kBProgress (5): 88/133 kB | 19 kB | 4.7 kB | 155 kB | 37 kB   Progress (5): 92/133 kB | 19 kB | 4.7 kB | 155 kB | 37 kBProgress (5): 96/133 kB | 19 kB | 4.7 kB | 155 kB | 37 kBProgress (5): 100/133 kB | 19 kB | 4.7 kB | 155 kB | 37 kBProgress (5): 104/133 kB | 19 kB | 4.7 kB | 155 kB | 37 kBProgress (5): 108/133 kB | 19 kB | 4.7 kB | 155 kB | 37 kBProgress (5): 112/133 kB | 19 kB | 4.7 kB | 155 kB | 37 kBProgress (5): 116/133 kB | 19 kB | 4.7 kB | 155 kB | 37 kBProgress (5): 120/133 kB | 19 kB | 4.7 kB | 155 kB | 37 kBProgress (5): 124/133 kB | 19 kB | 4.7 kB | 155 kB | 37 kBProgress (5): 129/133 kB | 19 kB | 4.7 kB | 155 kB | 37 kBProgress (5): 133/133 kB | 19 kB | 4.7 kB | 155 kB | 37 kBProgress (5): 133 kB | 19 kB | 4.7 kB | 155 kB | 37 kB                                                          Downloaded from central: https://repo.maven.apache.org/maven2/org/apache/maven/surefire/common-junit4/2.18.1/common-junit4-2.18.1.jar (19 kB at 37 kB/s)
Downloading from central: https://repo.maven.apache.org/maven2/org/apache/maven/surefire/surefire-grouper/2.18.1/surefire-grouper-2.18.1.jar
Downloaded from central: https://repo.maven.apache.org/maven2/com/github/stephenc/jcip/jcip-annotations/1.0-1/jcip-annotations-1.0-1.jar (4.7 kB at 8.6 kB/s)
Downloaded from central: https://repo.maven.apache.org/maven2/org/apache/maven/surefire/common-java5/2.18.1/common-java5-2.18.1.jar (37 kB at 131 kB/s)
Downloaded from central: https://repo.maven.apache.org/maven2/org/apache/maven/shared/maven-shared-utils/0.4/maven-shared-utils-0.4.jar (155 kB at 547 kB/s)
Downloaded from central: https://repo.maven.apache.org/maven2/org/apache/maven/surefire/surefire-junit47/2.18.1/surefire-junit47-2.18.1.jar (133 kB at 214 kB/s)
Progress (1): 4.1/38 kBProgress (1): 8.2/38 kBProgress (1): 12/38 kB Progress (1): 16/38 kBProgress (1): 20/38 kBProgress (1): 25/38 kBProgress (1): 29/38 kBProgress (1): 33/38 kBProgress (1): 37/38 kBProgress (1): 38 kB                      Downloaded from central: https://repo.maven.apache.org/maven2/org/apache/maven/surefire/surefire-grouper/2.18.1/surefire-grouper-2.18.1.jar (38 kB at 133 kB/s)

-------------------------------------------------------
 T E S T S
-------------------------------------------------------
Running eu.danieldk.dictomaton.PerfectHashDictionaryTest
Tests run: 14, Failures: 0, Errors: 0, Skipped: 0, Time elapsed: 0.005 sec - in eu.danieldk.dictomaton.PerfectHashDictionaryTest
Running eu.danieldk.dictomaton.CompactIntArrayTest
Tests run: 4, Failures: 0, Errors: 0, Skipped: 0, Time elapsed: 1.485 sec - in eu.danieldk.dictomaton.CompactIntArrayTest
Running eu.danieldk.dictomaton.DictionaryBuilderTest
Tests run: 5, Failures: 0, Errors: 0, Skipped: 0, Time elapsed: 0.001 sec - in eu.danieldk.dictomaton.DictionaryBuilderTest
Running eu.danieldk.dictomaton.levenshtein.LevenshteinAutomatonTest
Tests run: 2, Failures: 0, Errors: 0, Skipped: 0, Time elapsed: 1.921 sec - in eu.danieldk.dictomaton.levenshtein.LevenshteinAutomatonTest
Running eu.danieldk.dictomaton.DictionaryTest
Tests run: 15, Failures: 0, Errors: 0, Skipped: 0, Time elapsed: 0.004 sec - in eu.danieldk.dictomaton.DictionaryTest
Running eu.danieldk.dictomaton.collections.ImmutableStringStringMapInterfaceTest
Tests run: 56, Failures: 0, Errors: 0, Skipped: 0, Time elapsed: 0.03 sec - in eu.danieldk.dictomaton.collections.ImmutableStringStringMapInterfaceTest
Running eu.danieldk.dictomaton.collections.ImmutableStringIntTest
Tests run: 6, Failures: 0, Errors: 0, Skipped: 0, Time elapsed: 0 sec - in eu.danieldk.dictomaton.collections.ImmutableStringIntTest
Running eu.danieldk.dictomaton.collections.ImmutableStringObjectMapInterfaceTest
Tests run: 56, Failures: 0, Errors: 0, Skipped: 0, Time elapsed: 0.009 sec - in eu.danieldk.dictomaton.collections.ImmutableStringObjectMapInterfaceTest
Running eu.danieldk.dictomaton.collections.ImmutableStringObjectMapTest
Tests run: 5, Failures: 0, Errors: 0, Skipped: 0, Time elapsed: 0.001 sec - in eu.danieldk.dictomaton.collections.ImmutableStringObjectMapTest
Running eu.danieldk.dictomaton.collections.ImmutableStringIntMapInterfaceTest
Tests run: 56, Failures: 0, Errors: 0, Skipped: 0, Time elapsed: 0.006 sec - in eu.danieldk.dictomaton.collections.ImmutableStringIntMapInterfaceTest
Running eu.danieldk.dictomaton.collections.ImmutableStringStringMapTest
Tests run: 2, Failures: 0, Errors: 0, Skipped: 0, Time elapsed: 0 sec - in eu.danieldk.dictomaton.collections.ImmutableStringStringMapTest

Results :

Tests run: 221, Failures: 0, Errors: 0, Skipped: 0

[INFO] ------------------------------------------------------------------------
[INFO] BUILD SUCCESS
[INFO] ------------------------------------------------------------------------
[INFO] Total time:  17.592 s
[INFO] Finished at: 2021-11-27T10:43:36+09:00
[INFO] ------------------------------------------------------------------------
[main][9/14] mvn --file repo/pom.xml --fail-never -Dmaven.clover.generateHtml=false clean clover:setup test clover:aggregate clover:clover
[INFO] Scanning for projects...
[INFO] 
[INFO] -----------------< eu.danieldk.dictomaton:dictomaton >------------------
[INFO] Building dictomaton 1.2.2-SNAPSHOT
[INFO] --------------------------------[ jar ]---------------------------------
[INFO] 
[INFO] --- maven-clean-plugin:2.5:clean (default-clean) @ dictomaton ---
[INFO] Deleting /Users/seyoung/data/repo/target
[INFO] 
[INFO] --- clover-maven-plugin:4.4.1:setup (default-cli) @ dictomaton ---
[INFO] OpenClover Version 4.4.1, built on October 11 2019 (build-1020)
[INFO] Creating new database at '/Users/seyoung/data/repo/target/clover/clover.db'.
[INFO] Processing files at 1.8 source level.
[INFO] Clover all over. Instrumented 25 files (3 packages).
[INFO] OpenClover Version 4.4.1, built on October 11 2019 (build-1020)
[INFO] Updating existing database at '/Users/seyoung/data/repo/target/clover/clover.db'.
[INFO] Processing files at 1.8 source level.
[INFO] Clover all over. Instrumented 20 files (4 packages).
[INFO] 53 test methods detected.
[INFO] 
[INFO] --- maven-enforcer-plugin:1.2:enforce (enforce-maven) @ dictomaton ---
[INFO] 
[INFO] --- maven-resources-plugin:2.6:resources (default-resources) @ dictomaton ---
[INFO] Using 'UTF-8' encoding to copy filtered resources.
[INFO] skip non existing resourceDirectory /Users/seyoung/data/repo/src/main/resources
[INFO] Copying 1 resource
[INFO] 
[INFO] --- maven-compiler-plugin:3.3:compile (default-compile) @ dictomaton ---
[INFO] Changes detected - recompiling the module!
[INFO] Compiling 25 source files to /Users/seyoung/data/repo/target/classes
[INFO] 
[INFO] --- maven-resources-plugin:2.6:testResources (default-testResources) @ dictomaton ---
[INFO] Using 'UTF-8' encoding to copy filtered resources.
[INFO] Copying 4 resources
[INFO] 
[INFO] --- maven-compiler-plugin:3.3:testCompile (default-testCompile) @ dictomaton ---
[INFO] Changes detected - recompiling the module!
[INFO] Compiling 20 source files to /Users/seyoung/data/repo/target/test-classes
[INFO] /Users/seyoung/data/repo/target/clover/src-test-instrumented/eu/danieldk/dictomaton/collections/ImmutableStringObjectMapTest.java: /Users/seyoung/data/repo/target/clover/src-test-instrumented/eu/danieldk/dictomaton/collections/ImmutableStringObjectMapTest.java uses unchecked or unsafe operations.
[INFO] /Users/seyoung/data/repo/target/clover/src-test-instrumented/eu/danieldk/dictomaton/collections/ImmutableStringObjectMapTest.java: Recompile with -Xlint:unchecked for details.
[INFO] 
[INFO] --- maven-surefire-plugin:2.18.1:test (default-test) @ dictomaton ---
[INFO] Surefire report directory: /Users/seyoung/data/repo/target/surefire-reports
[INFO] parallel='none', perCoreThreadCount=true, threadCount=0, useUnlimitedThreads=false, threadCountSuites=0, threadCountClasses=0, threadCountMethods=0, parallelOptimized=true

-------------------------------------------------------
 T E S T S
-------------------------------------------------------
Running eu.danieldk.dictomaton.PerfectHashDictionaryTest
Tests run: 14, Failures: 0, Errors: 0, Skipped: 0, Time elapsed: 0.022 sec - in eu.danieldk.dictomaton.PerfectHashDictionaryTest
Running eu.danieldk.dictomaton.CompactIntArrayTest
Tests run: 4, Failures: 0, Errors: 0, Skipped: 0, Time elapsed: 6.41 sec - in eu.danieldk.dictomaton.CompactIntArrayTest
Running eu.danieldk.dictomaton.DictionaryBuilderTest
Tests run: 5, Failures: 0, Errors: 0, Skipped: 0, Time elapsed: 0.003 sec - in eu.danieldk.dictomaton.DictionaryBuilderTest
Running eu.danieldk.dictomaton.levenshtein.LevenshteinAutomatonTest
Tests run: 2, Failures: 0, Errors: 0, Skipped: 0, Time elapsed: 4.286 sec - in eu.danieldk.dictomaton.levenshtein.LevenshteinAutomatonTest
Running eu.danieldk.dictomaton.DictionaryTest
Tests run: 15, Failures: 0, Errors: 0, Skipped: 0, Time elapsed: 0.008 sec - in eu.danieldk.dictomaton.DictionaryTest
Running eu.danieldk.dictomaton.collections.ImmutableStringStringMapInterfaceTest
Tests run: 56, Failures: 0, Errors: 0, Skipped: 0, Time elapsed: 0.06 sec - in eu.danieldk.dictomaton.collections.ImmutableStringStringMapInterfaceTest
Running eu.danieldk.dictomaton.collections.ImmutableStringIntTest
Tests run: 6, Failures: 0, Errors: 0, Skipped: 0, Time elapsed: 0.008 sec - in eu.danieldk.dictomaton.collections.ImmutableStringIntTest
Running eu.danieldk.dictomaton.collections.ImmutableStringObjectMapInterfaceTest
Tests run: 56, Failures: 0, Errors: 0, Skipped: 0, Time elapsed: 0.039 sec - in eu.danieldk.dictomaton.collections.ImmutableStringObjectMapInterfaceTest
Running eu.danieldk.dictomaton.collections.ImmutableStringObjectMapTest
Tests run: 5, Failures: 0, Errors: 0, Skipped: 0, Time elapsed: 0.002 sec - in eu.danieldk.dictomaton.collections.ImmutableStringObjectMapTest
Running eu.danieldk.dictomaton.collections.ImmutableStringIntMapInterfaceTest
Tests run: 56, Failures: 0, Errors: 0, Skipped: 0, Time elapsed: 0.024 sec - in eu.danieldk.dictomaton.collections.ImmutableStringIntMapInterfaceTest
Running eu.danieldk.dictomaton.collections.ImmutableStringStringMapTest
Tests run: 2, Failures: 0, Errors: 0, Skipped: 0, Time elapsed: 0.001 sec - in eu.danieldk.dictomaton.collections.ImmutableStringStringMapTest

Results :

Tests run: 221, Failures: 0, Errors: 0, Skipped: 0

[INFO] 
[INFO] -----------------< eu.danieldk.dictomaton:dictomaton >------------------
[INFO] Building dictomaton 1.2.2-SNAPSHOT
[INFO] --------------------------------[ jar ]---------------------------------
[INFO] 
[INFO] --- clover-maven-plugin:4.4.1:aggregate (default-cli) @ dictomaton ---
[INFO] 
[INFO] -----------------< eu.danieldk.dictomaton:dictomaton >------------------
[INFO] Building dictomaton 1.2.2-SNAPSHOT
[INFO] --------------------------------[ jar ]---------------------------------
[INFO] 
[INFO] --- clover-maven-plugin:4.4.1:clover (default-cli) @ dictomaton ---
[INFO] Using default-clover-report descriptor.
[INFO] Using Clover report descriptor: /var/folders/c3/vd5gtpms4730p559wddlm0zw0000gn/T/mvn8151860799902772952resource
[INFO] OpenClover Version 4.4.1, built on October 11 2019 (build-1020)
[INFO] Clover is enabled with initstring '/Users/seyoung/data/repo/target/clover/clover.db'
[INFO] OpenClover Version 4.4.1, built on October 11 2019 (build-1020)
[INFO] Loading coverage database from: '/Users/seyoung/data/repo/target/clover/clover.db'
[INFO] Writing report to '/Users/seyoung/data/repo/target/site/clover/clover.xml'
[INFO] ------------------------------------------------------------------------
[INFO] BUILD SUCCESS
[INFO] ------------------------------------------------------------------------
[INFO] Total time:  15.792 s
[INFO] Finished at: 2021-11-27T10:43:52+09:00
[INFO] ------------------------------------------------------------------------
[main][10/14] cp repo/target/site/clover/clover.xml ./clover.xml
[main][11/14] python identify_tests.py
Done.
[main][12/14] mkdir -p clover
[main][13/14] bash tests.sh
[test][1/53] eu.danieldk.dictomaton.CompactIntArrayTest#binarySearchTest
[test][2/53] eu.danieldk.dictomaton.CompactIntArrayTest#fullWidthTest
[test][3/53] eu.danieldk.dictomaton.CompactIntArrayTest#randomizedOverwriteTest
[test][4/53] eu.danieldk.dictomaton.CompactIntArrayTest#randomizedTest
[test][5/53] eu.danieldk.dictomaton.DictionaryBuilderTest#addToFinalizedTest
[test][6/53] eu.danieldk.dictomaton.DictionaryBuilderTest#emptyDictionaryTest
[test][7/53] eu.danieldk.dictomaton.DictionaryBuilderTest#incorrectOrderTest
[test][8/53] eu.danieldk.dictomaton.DictionaryBuilderTest#testCompareCharacterSequences
[test][9/53] eu.danieldk.dictomaton.DictionaryBuilderTest#testDot
[test][10/53] eu.danieldk.dictomaton.DictionaryTest#addAllTest
[test][11/53] eu.danieldk.dictomaton.DictionaryTest#addTest
[test][12/53] eu.danieldk.dictomaton.DictionaryTest#clearTest
[test][13/53] eu.danieldk.dictomaton.DictionaryTest#containsAllTest
[test][14/53] eu.danieldk.dictomaton.DictionaryTest#containsTest
[test][15/53] eu.danieldk.dictomaton.DictionaryTest#doesNotContainWordsTest
[test][16/53] eu.danieldk.dictomaton.DictionaryTest#emptyTest
[test][17/53] eu.danieldk.dictomaton.DictionaryTest#isEmptyTest
[test][18/53] eu.danieldk.dictomaton.DictionaryTest#iterationTest
[test][19/53] eu.danieldk.dictomaton.DictionaryTest#iteratorRemoveTest
[test][20/53] eu.danieldk.dictomaton.DictionaryTest#removeAllTest
[test][21/53] eu.danieldk.dictomaton.DictionaryTest#removeTest
[test][22/53] eu.danieldk.dictomaton.DictionaryTest#retainAllTest
[test][23/53] eu.danieldk.dictomaton.DictionaryTest#sizeTest
[test][24/53] eu.danieldk.dictomaton.DictionaryTest#toArrayTest
[test][25/53] eu.danieldk.dictomaton.PerfectHashDictionaryTest#cycleTest
[test][26/53] eu.danieldk.dictomaton.PerfectHashDictionaryTest#emptyTest
[test][27/53] eu.danieldk.dictomaton.PerfectHashDictionaryTest#sizeTest
[test][28/53] eu.danieldk.dictomaton.PerfectHashDictionaryTest#testResumeTransitionsAfterFinal
[test][29/53] eu.danieldk.dictomaton.PerfectHashDictionaryTest#testResumeTransitionsAfterFinalForCard
[test][30/53] eu.danieldk.dictomaton.PerfectHashDictionaryTest#testResumeTransitionsAfterNonFinal
[test][31/53] eu.danieldk.dictomaton.PerfectHashDictionaryTest#testResumeTransitionsAfterNonFinalForCard
[test][32/53] eu.danieldk.dictomaton.PerfectHashDictionaryTest#testStateInfo
[test][33/53] eu.danieldk.dictomaton.PerfectHashDictionaryTest#testStateInfoForCard
[test][34/53] eu.danieldk.dictomaton.PerfectHashDictionaryTest#toNumberTest
[test][35/53] eu.danieldk.dictomaton.PerfectHashDictionaryTest#toNumberTransitionsTest
[test][36/53] eu.danieldk.dictomaton.PerfectHashDictionaryTest#toWordTest
[test][37/53] eu.danieldk.dictomaton.PerfectHashDictionaryTest#toWordTransitionsTest
[test][38/53] eu.danieldk.dictomaton.PerfectHashDictionaryTest#unknownHashTest
[test][39/53] eu.danieldk.dictomaton.collections.ImmutableStringIntTest#containsOrderedPutTest
[test][40/53] eu.danieldk.dictomaton.collections.ImmutableStringIntTest#containsTest
[test][41/53] eu.danieldk.dictomaton.collections.ImmutableStringIntTest#getOrElseTest
[test][42/53] eu.danieldk.dictomaton.collections.ImmutableStringIntTest#invalidOrderTest
[test][43/53] eu.danieldk.dictomaton.collections.ImmutableStringIntTest#iteratorTest
[test][44/53] eu.danieldk.dictomaton.collections.ImmutableStringIntTest#orderedComparatorTest
[test][45/53] eu.danieldk.dictomaton.collections.ImmutableStringObjectMapTest#containsOrderedPutTest
[test][46/53] eu.danieldk.dictomaton.collections.ImmutableStringObjectMapTest#equalsTest
[test][47/53] eu.danieldk.dictomaton.collections.ImmutableStringObjectMapTest#getTest
[test][48/53] eu.danieldk.dictomaton.collections.ImmutableStringObjectMapTest#invalidOrderTest
[test][49/53] eu.danieldk.dictomaton.collections.ImmutableStringObjectMapTest#orderedComparatorTest
[test][50/53] eu.danieldk.dictomaton.collections.ImmutableStringStringMapTest#equalsTest
[test][51/53] eu.danieldk.dictomaton.collections.ImmutableStringStringMapTest#getTest
[test][52/53] eu.danieldk.dictomaton.levenshtein.LevenshteinAutomatonTest#intersectionLanguage1Test
[test][53/53] eu.danieldk.dictomaton.levenshtein.LevenshteinAutomatonTest#intersectionLanguage2Test
[main][14/14] python parse_data.py
  0%|          | 0/53 [00:00<?, ?it/s] 36%|███▌      | 19/53 [00:00<00:00, 181.57it/s] 72%|███████▏  | 38/53 [00:00<00:00, 180.69it/s]100%|██████████| 53/53 [00:00<00:00, 183.19it/s]
Done.
