[main][1/14] rm -rf repo clover clover.xml git.log tests.sh
[main][2/14] git clone --depth 1 --recursive https://github.com/julman99/gson-fire repo
'repo'에 복제합니다...
[main][3/14] java -version
openjdk version "1.8.0_312"
OpenJDK Runtime Environment (Zulu 8.58.0.13-CA-macos-aarch64) (build 1.8.0_312-b07)
OpenJDK 64-Bit Server VM (Zulu 8.58.0.13-CA-macos-aarch64) (build 25.312-b07, mixed mode)
[main][4/14] mvn --version
Apache Maven 3.8.4 (9b656c72d54e5bacbed989b64718c159fe39b537)
Maven home: /opt/homebrew/Cellar/maven/3.8.4/libexec
Java version: 1.8.0_312, vendor: Azul Systems, Inc., runtime: /Library/Java/JavaVirtualMachines/zulu-8.jdk/Contents/Home/jre
Default locale: ko_KR, platform encoding: UTF-8
OS name: "mac os x", version: "11.6", arch: "aarch64", family: "mac"
[main][5/14] git --version
git version 2.33.1
[main][6/14] git --git-dir repo/.git config --get remote.origin.url > git.log
[main][7/14] git --git-dir repo/.git log -n 1 --format=%ct%n%H >> git.log
[main][8/14] mvn --file repo/pom.xml --fail-never clean test
[INFO] Scanning for projects...
Downloading from central: https://repo.maven.apache.org/maven2/org/sonatype/plugins/nexus-staging-maven-plugin/1.6.2/nexus-staging-maven-plugin-1.6.2.pom
Progress (1): 2.7/12 kBProgress (1): 5.5/12 kBProgress (1): 8.2/12 kBProgress (1): 11/12 kB Progress (1): 12 kB                      Downloaded from central: https://repo.maven.apache.org/maven2/org/sonatype/plugins/nexus-staging-maven-plugin/1.6.2/nexus-staging-maven-plugin-1.6.2.pom (12 kB at 12 kB/s)
Downloading from central: https://repo.maven.apache.org/maven2/org/sonatype/nexus/maven/nexus-staging/1.6.2/nexus-staging-1.6.2.pom
Progress (1): 2.7/2.9 kBProgress (1): 2.9 kB                        Downloaded from central: https://repo.maven.apache.org/maven2/org/sonatype/nexus/maven/nexus-staging/1.6.2/nexus-staging-1.6.2.pom (2.9 kB at 9.9 kB/s)
Downloading from central: https://repo.maven.apache.org/maven2/org/sonatype/nexus/maven/nexus-maven-plugins/1.6.2/nexus-maven-plugins-1.6.2.pom
Progress (1): 2.7/17 kBProgress (1): 5.5/17 kBProgress (1): 8.2/17 kBProgress (1): 11/17 kB Progress (1): 14/17 kBProgress (1): 16/17 kBProgress (1): 17 kB                      Downloaded from central: https://repo.maven.apache.org/maven2/org/sonatype/nexus/maven/nexus-maven-plugins/1.6.2/nexus-maven-plugins-1.6.2.pom (17 kB at 55 kB/s)
Downloading from central: https://repo.maven.apache.org/maven2/org/sonatype/nexus/maven/nexus-common/1.6.2/nexus-common-1.6.2.pom
Progress (1): 2.2 kB                    Downloaded from central: https://repo.maven.apache.org/maven2/org/sonatype/nexus/maven/nexus-common/1.6.2/nexus-common-1.6.2.pom (2.2 kB at 7.7 kB/s)
Downloading from central: https://repo.maven.apache.org/maven2/org/sonatype/nexus/nexus-client-core/2.7.2-01/nexus-client-core-2.7.2-01.pom
Progress (1): 2.7/4.7 kBProgress (1): 4.7 kB                        Downloaded from central: https://repo.maven.apache.org/maven2/org/sonatype/nexus/nexus-client-core/2.7.2-01/nexus-client-core-2.7.2-01.pom (4.7 kB at 16 kB/s)
Downloading from central: https://repo.maven.apache.org/maven2/org/sonatype/nexus/nexus-components/2.7.2-01/nexus-components-2.7.2-01.pom
Progress (1): 2.7 kB                    Downloaded from central: https://repo.maven.apache.org/maven2/org/sonatype/nexus/nexus-components/2.7.2-01/nexus-components-2.7.2-01.pom (2.7 kB at 9.4 kB/s)
Downloading from central: https://repo.maven.apache.org/maven2/org/sonatype/nexus/nexus-oss/2.7.2-01/nexus-oss-2.7.2-01.pom
Progress (1): 2.7/36 kBProgress (1): 5.5/36 kBProgress (1): 8.2/36 kBProgress (1): 11/36 kB Progress (1): 14/36 kBProgress (1): 16/36 kBProgress (1): 21/36 kBProgress (1): 25/36 kBProgress (1): 29/36 kBProgress (1): 33/36 kBProgress (1): 36 kB                      Downloaded from central: https://repo.maven.apache.org/maven2/org/sonatype/nexus/nexus-oss/2.7.2-01/nexus-oss-2.7.2-01.pom (36 kB at 77 kB/s)
Downloading from central: https://repo.maven.apache.org/maven2/org/sonatype/nexus/buildsupport/nexus-buildsupport-all/2.7.2-01/nexus-buildsupport-all-2.7.2-01.pom
Progress (1): 4.1/5.2 kBProgress (1): 5.2 kB                        Downloaded from central: https://repo.maven.apache.org/maven2/org/sonatype/nexus/buildsupport/nexus-buildsupport-all/2.7.2-01/nexus-buildsupport-all-2.7.2-01.pom (5.2 kB at 18 kB/s)
Downloading from central: https://repo.maven.apache.org/maven2/org/sonatype/nexus/buildsupport/nexus-buildsupport/2.7.2-01/nexus-buildsupport-2.7.2-01.pom
Progress (1): 1.9 kB                    Downloaded from central: https://repo.maven.apache.org/maven2/org/sonatype/nexus/buildsupport/nexus-buildsupport/2.7.2-01/nexus-buildsupport-2.7.2-01.pom (1.9 kB at 6.7 kB/s)
Downloading from rso-public-grid: https://repository.sonatype.org/content/groups/sonatype-public-grid/org/sonatype/nexus/buildsupport/nexus-buildsupport-commons/2.7.2-01/nexus-buildsupport-commons-2.7.2-01.pom
Progress (1): 3.0 kB                    Downloaded from rso-public-grid: https://repository.sonatype.org/content/groups/sonatype-public-grid/org/sonatype/nexus/buildsupport/nexus-buildsupport-commons/2.7.2-01/nexus-buildsupport-commons-2.7.2-01.pom (3.0 kB at 1.8 kB/s)
Downloading from rso-public-grid: https://repository.sonatype.org/content/groups/sonatype-public-grid/org/sonatype/nexus/buildsupport/nexus-buildsupport-httpclient/2.7.2-01/nexus-buildsupport-httpclient-2.7.2-01.pom
Progress (1): 2.1 kB                    Downloaded from rso-public-grid: https://repository.sonatype.org/content/groups/sonatype-public-grid/org/sonatype/nexus/buildsupport/nexus-buildsupport-httpclient/2.7.2-01/nexus-buildsupport-httpclient-2.7.2-01.pom (2.1 kB at 5.3 kB/s)
Downloading from rso-public-grid: https://repository.sonatype.org/content/groups/sonatype-public-grid/org/sonatype/nexus/buildsupport/nexus-buildsupport-maven/2.7.2-01/nexus-buildsupport-maven-2.7.2-01.pom
Progress (1): 3.8/6.2 kBProgress (1): 6.2 kB                        Downloaded from rso-public-grid: https://repository.sonatype.org/content/groups/sonatype-public-grid/org/sonatype/nexus/buildsupport/nexus-buildsupport-maven/2.7.2-01/nexus-buildsupport-maven-2.7.2-01.pom (6.2 kB at 14 kB/s)
Downloading from rso-public-grid: https://repository.sonatype.org/content/groups/sonatype-public-grid/org/sonatype/nexus/buildsupport/nexus-buildsupport-shiro/2.7.2-01/nexus-buildsupport-shiro-2.7.2-01.pom
Progress (1): 3.4 kB                    Downloaded from rso-public-grid: https://repository.sonatype.org/content/groups/sonatype-public-grid/org/sonatype/nexus/buildsupport/nexus-buildsupport-shiro/2.7.2-01/nexus-buildsupport-shiro-2.7.2-01.pom (3.4 kB at 8.6 kB/s)
Downloading from rso-public-grid: https://repository.sonatype.org/content/groups/sonatype-public-grid/org/sonatype/nexus/buildsupport/nexus-buildsupport-bouncycastle/2.7.2-01/nexus-buildsupport-bouncycastle-2.7.2-01.pom
Progress (1): 2.1 kB                    Downloaded from rso-public-grid: https://repository.sonatype.org/content/groups/sonatype-public-grid/org/sonatype/nexus/buildsupport/nexus-buildsupport-bouncycastle/2.7.2-01/nexus-buildsupport-bouncycastle-2.7.2-01.pom (2.1 kB at 5.0 kB/s)
Downloading from rso-public-grid: https://repository.sonatype.org/content/groups/sonatype-public-grid/org/sonatype/nexus/buildsupport/nexus-buildsupport-jetty/2.7.2-01/nexus-buildsupport-jetty-2.7.2-01.pom
Progress (1): 4.1/4.5 kBProgress (1): 4.5 kB                        Downloaded from rso-public-grid: https://repository.sonatype.org/content/groups/sonatype-public-grid/org/sonatype/nexus/buildsupport/nexus-buildsupport-jetty/2.7.2-01/nexus-buildsupport-jetty-2.7.2-01.pom (4.5 kB at 11 kB/s)
Downloading from rso-public-grid: https://repository.sonatype.org/content/groups/sonatype-public-grid/org/sonatype/nexus/buildsupport/nexus-buildsupport-goodies/2.7.2-01/nexus-buildsupport-goodies-2.7.2-01.pom
Progress (1): 3.6 kB                    Downloaded from rso-public-grid: https://repository.sonatype.org/content/groups/sonatype-public-grid/org/sonatype/nexus/buildsupport/nexus-buildsupport-goodies/2.7.2-01/nexus-buildsupport-goodies-2.7.2-01.pom (3.6 kB at 8.7 kB/s)
Downloading from rso-public-grid: https://repository.sonatype.org/content/groups/sonatype-public-grid/org/sonatype/nexus/buildsupport/nexus-buildsupport-groovy/2.7.2-01/nexus-buildsupport-groovy-2.7.2-01.pom
Progress (1): 2.6 kB                    Downloaded from rso-public-grid: https://repository.sonatype.org/content/groups/sonatype-public-grid/org/sonatype/nexus/buildsupport/nexus-buildsupport-groovy/2.7.2-01/nexus-buildsupport-groovy-2.7.2-01.pom (2.6 kB at 6.5 kB/s)
Downloading from rso-public-grid: https://repository.sonatype.org/content/groups/sonatype-public-grid/org/sonatype/nexus/buildsupport/nexus-buildsupport-guice/2.7.2-01/nexus-buildsupport-guice-2.7.2-01.pom
Progress (1): 3.4 kB                    Downloaded from rso-public-grid: https://repository.sonatype.org/content/groups/sonatype-public-grid/org/sonatype/nexus/buildsupport/nexus-buildsupport-guice/2.7.2-01/nexus-buildsupport-guice-2.7.2-01.pom (3.4 kB at 8.4 kB/s)
Downloading from rso-public-grid: https://repository.sonatype.org/content/groups/sonatype-public-grid/org/sonatype/nexus/buildsupport/nexus-buildsupport-logging/2.7.2-01/nexus-buildsupport-logging-2.7.2-01.pom
Progress (1): 3.1 kB                    Downloaded from rso-public-grid: https://repository.sonatype.org/content/groups/sonatype-public-grid/org/sonatype/nexus/buildsupport/nexus-buildsupport-logging/2.7.2-01/nexus-buildsupport-logging-2.7.2-01.pom (3.1 kB at 7.7 kB/s)
Downloading from rso-public-grid: https://repository.sonatype.org/content/groups/sonatype-public-grid/org/sonatype/nexus/buildsupport/nexus-buildsupport-other/2.7.2-01/nexus-buildsupport-other-2.7.2-01.pom
Progress (1): 3.8/5.0 kBProgress (1): 5.0 kB                        Downloaded from rso-public-grid: https://repository.sonatype.org/content/groups/sonatype-public-grid/org/sonatype/nexus/buildsupport/nexus-buildsupport-other/2.7.2-01/nexus-buildsupport-other-2.7.2-01.pom (5.0 kB at 12 kB/s)
Downloading from rso-public-grid: https://repository.sonatype.org/content/groups/sonatype-public-grid/org/sonatype/nexus/buildsupport/nexus-buildsupport-plexus/2.7.2-01/nexus-buildsupport-plexus-2.7.2-01.pom
Progress (1): 4.1/4.3 kBProgress (1): 4.3 kB                        Downloaded from rso-public-grid: https://repository.sonatype.org/content/groups/sonatype-public-grid/org/sonatype/nexus/buildsupport/nexus-buildsupport-plexus/2.7.2-01/nexus-buildsupport-plexus-2.7.2-01.pom (4.3 kB at 11 kB/s)
Downloading from rso-public-grid: https://repository.sonatype.org/content/groups/sonatype-public-grid/org/sonatype/nexus/buildsupport/nexus-buildsupport-rest/2.7.2-01/nexus-buildsupport-rest-2.7.2-01.pom
Progress (1): 4.1/4.4 kBProgress (1): 4.4 kB                        Downloaded from rso-public-grid: https://repository.sonatype.org/content/groups/sonatype-public-grid/org/sonatype/nexus/buildsupport/nexus-buildsupport-rest/2.7.2-01/nexus-buildsupport-rest-2.7.2-01.pom (4.4 kB at 11 kB/s)
Downloading from rso-public-grid: https://repository.sonatype.org/content/groups/sonatype-public-grid/org/sonatype/nexus/buildsupport/nexus-buildsupport-testing/2.7.2-01/nexus-buildsupport-testing-2.7.2-01.pom
Progress (1): 3.8/4.5 kBProgress (1): 4.5 kB                        Downloaded from rso-public-grid: https://repository.sonatype.org/content/groups/sonatype-public-grid/org/sonatype/nexus/buildsupport/nexus-buildsupport-testing/2.7.2-01/nexus-buildsupport-testing-2.7.2-01.pom (4.5 kB at 11 kB/s)
Downloading from rso-public-grid: https://repository.sonatype.org/content/groups/sonatype-public-grid/org/sonatype/nexus/buildsupport/nexus-buildsupport-metrics/2.7.2-01/nexus-buildsupport-metrics-2.7.2-01.pom
Progress (1): 3.0 kB                    Downloaded from rso-public-grid: https://repository.sonatype.org/content/groups/sonatype-public-grid/org/sonatype/nexus/buildsupport/nexus-buildsupport-metrics/2.7.2-01/nexus-buildsupport-metrics-2.7.2-01.pom (3.0 kB at 7.4 kB/s)
Downloading from central: https://repo.maven.apache.org/maven2/org/sonatype/nexus/plugins/nexus-restlet1x-model/2.7.2-01/nexus-restlet1x-model-2.7.2-01.pom
Progress (1): 3.5 kB                    Downloaded from central: https://repo.maven.apache.org/maven2/org/sonatype/nexus/plugins/nexus-restlet1x-model/2.7.2-01/nexus-restlet1x-model-2.7.2-01.pom (3.5 kB at 12 kB/s)
Downloading from central: https://repo.maven.apache.org/maven2/org/sonatype/nexus/plugins/nexus-plugins-restlet1x/2.7.2-01/nexus-plugins-restlet1x-2.7.2-01.pom
Progress (1): 4.1/6.0 kBProgress (1): 6.0 kB                        Downloaded from central: https://repo.maven.apache.org/maven2/org/sonatype/nexus/plugins/nexus-plugins-restlet1x/2.7.2-01/nexus-plugins-restlet1x-2.7.2-01.pom (6.0 kB at 20 kB/s)
Downloading from central: https://repo.maven.apache.org/maven2/org/sonatype/nexus/plugins/nexus-plugins/2.7.2-01/nexus-plugins-2.7.2-01.pom
Progress (1): 4.1/25 kBProgress (1): 8.2/25 kBProgress (1): 12/25 kB Progress (1): 16/25 kBProgress (1): 20/25 kBProgress (1): 25/25 kBProgress (1): 25 kB                      Downloaded from central: https://repo.maven.apache.org/maven2/org/sonatype/nexus/plugins/nexus-plugins/2.7.2-01/nexus-plugins-2.7.2-01.pom (25 kB at 84 kB/s)
Downloading from central: https://repo.maven.apache.org/maven2/com/thoughtworks/xstream/xstream/1.4.5/xstream-1.4.5.pom
Progress (1): 4.1/11 kBProgress (1): 8.2/11 kBProgress (1): 11 kB                       Downloaded from central: https://repo.maven.apache.org/maven2/com/thoughtworks/xstream/xstream/1.4.5/xstream-1.4.5.pom (11 kB at 38 kB/s)
Downloading from central: https://repo.maven.apache.org/maven2/com/thoughtworks/xstream/xstream-parent/1.4.5/xstream-parent-1.4.5.pom
Progress (1): 4.1/25 kBProgress (1): 8.2/25 kBProgress (1): 12/25 kB Progress (1): 16/25 kBProgress (1): 20/25 kBProgress (1): 25/25 kBProgress (1): 25 kB                      Downloaded from central: https://repo.maven.apache.org/maven2/com/thoughtworks/xstream/xstream-parent/1.4.5/xstream-parent-1.4.5.pom (25 kB at 79 kB/s)
Downloading from central: https://repo.maven.apache.org/maven2/org/sonatype/sisu/siesta/siesta-client/1.5.2/siesta-client-1.5.2.pom
Progress (1): 1.9 kB                    Downloaded from central: https://repo.maven.apache.org/maven2/org/sonatype/sisu/siesta/siesta-client/1.5.2/siesta-client-1.5.2.pom (1.9 kB at 6.6 kB/s)
Downloading from central: https://repo.maven.apache.org/maven2/org/sonatype/sisu/siesta/siesta/1.5.2/siesta-1.5.2.pom
Progress (1): 4.1/12 kBProgress (1): 8.2/12 kBProgress (1): 12/12 kB Progress (1): 12 kB                      Downloaded from central: https://repo.maven.apache.org/maven2/org/sonatype/sisu/siesta/siesta/1.5.2/siesta-1.5.2.pom (12 kB at 17 kB/s)
Downloading from central: https://repo.maven.apache.org/maven2/org/sonatype/buildsupport/public-parent/3/public-parent-3.pom
Progress (1): 760 B                   Downloaded from central: https://repo.maven.apache.org/maven2/org/sonatype/buildsupport/public-parent/3/public-parent-3.pom (760 B at 2.6 kB/s)
Downloading from central: https://repo.maven.apache.org/maven2/org/sonatype/buildsupport/buildsupport/3/buildsupport-3.pom
Progress (1): 4.1/23 kBProgress (1): 8.2/23 kBProgress (1): 12/23 kB Progress (1): 16/23 kBProgress (1): 20/23 kBProgress (1): 23 kB                      Downloaded from central: https://repo.maven.apache.org/maven2/org/sonatype/buildsupport/buildsupport/3/buildsupport-3.pom (23 kB at 72 kB/s)
Downloading from central: https://repo.maven.apache.org/maven2/org/sonatype/sisu/siesta/siesta-common/1.5.2/siesta-common-1.5.2.pom
Progress (1): 2.1 kB                    Downloaded from central: https://repo.maven.apache.org/maven2/org/sonatype/sisu/siesta/siesta-common/1.5.2/siesta-common-1.5.2.pom (2.1 kB at 7.4 kB/s)
Downloading from central: https://repo.maven.apache.org/maven2/com/sun/jersey/jersey-json/1.17.1/jersey-json-1.17.1.pom
Progress (1): 4.1/10 kBProgress (1): 8.2/10 kBProgress (1): 10 kB                       Downloaded from central: https://repo.maven.apache.org/maven2/com/sun/jersey/jersey-json/1.17.1/jersey-json-1.17.1.pom (10 kB at 35 kB/s)
Downloading from central: https://repo.maven.apache.org/maven2/com/sun/xml/bind/jaxb-impl/2.2.3-1/jaxb-impl-2.2.3-1.pom
Progress (1): 4.1/5.3 kBProgress (1): 5.3 kB                        Downloaded from central: https://repo.maven.apache.org/maven2/com/sun/xml/bind/jaxb-impl/2.2.3-1/jaxb-impl-2.2.3-1.pom (5.3 kB at 18 kB/s)
Downloading from central: https://repo.maven.apache.org/maven2/org/codehaus/jackson/jackson-core-asl/1.9.2/jackson-core-asl-1.9.2.pom
Progress (1): 1.0 kB                    Downloaded from central: https://repo.maven.apache.org/maven2/org/codehaus/jackson/jackson-core-asl/1.9.2/jackson-core-asl-1.9.2.pom (1.0 kB at 3.0 kB/s)
Downloading from central: https://repo.maven.apache.org/maven2/org/codehaus/jackson/jackson-mapper-asl/1.9.2/jackson-mapper-asl-1.9.2.pom
Progress (1): 1.2 kB                    Downloaded from central: https://repo.maven.apache.org/maven2/org/codehaus/jackson/jackson-mapper-asl/1.9.2/jackson-mapper-asl-1.9.2.pom (1.2 kB at 4.0 kB/s)
Downloading from central: https://repo.maven.apache.org/maven2/org/codehaus/jackson/jackson-jaxrs/1.9.2/jackson-jaxrs-1.9.2.pom
Progress (1): 1.6 kB                    Downloaded from central: https://repo.maven.apache.org/maven2/org/codehaus/jackson/jackson-jaxrs/1.9.2/jackson-jaxrs-1.9.2.pom (1.6 kB at 5.7 kB/s)
Downloading from central: https://repo.maven.apache.org/maven2/org/codehaus/jackson/jackson-xc/1.9.2/jackson-xc-1.9.2.pom
Progress (1): 1.6 kB                    Downloaded from central: https://repo.maven.apache.org/maven2/org/codehaus/jackson/jackson-xc/1.9.2/jackson-xc-1.9.2.pom (1.6 kB at 5.7 kB/s)
Downloading from central: https://repo.maven.apache.org/maven2/org/apache/httpcomponents/httpclient/4.2.6/httpclient-4.2.6.pom
Progress (1): 4.1/5.5 kBProgress (1): 5.5 kB                        Downloaded from central: https://repo.maven.apache.org/maven2/org/apache/httpcomponents/httpclient/4.2.6/httpclient-4.2.6.pom (5.5 kB at 19 kB/s)
Downloading from central: https://repo.maven.apache.org/maven2/org/apache/httpcomponents/httpcomponents-client/4.2.6/httpcomponents-client-4.2.6.pom
Progress (1): 4.1/13 kBProgress (1): 8.2/13 kBProgress (1): 12/13 kB Progress (1): 13 kB                      Downloaded from central: https://repo.maven.apache.org/maven2/org/apache/httpcomponents/httpcomponents-client/4.2.6/httpcomponents-client-4.2.6.pom (13 kB at 30 kB/s)
Downloading from central: https://repo.maven.apache.org/maven2/org/apache/httpcomponents/httpcore/4.2.5/httpcore-4.2.5.pom
Progress (1): 4.1/4.9 kBProgress (1): 4.9 kB                        Downloaded from central: https://repo.maven.apache.org/maven2/org/apache/httpcomponents/httpcore/4.2.5/httpcore-4.2.5.pom (4.9 kB at 17 kB/s)
Downloading from central: https://repo.maven.apache.org/maven2/org/apache/httpcomponents/httpcomponents-core/4.2.5/httpcomponents-core-4.2.5.pom
Progress (1): 4.1/9.3 kBProgress (1): 8.2/9.3 kBProgress (1): 9.3 kB                        Downloaded from central: https://repo.maven.apache.org/maven2/org/apache/httpcomponents/httpcomponents-core/4.2.5/httpcomponents-core-4.2.5.pom (9.3 kB at 32 kB/s)
Downloading from central: https://repo.maven.apache.org/maven2/org/slf4j/jcl-over-slf4j/1.7.5/jcl-over-slf4j-1.7.5.pom
Downloaded from central: https://repo.maven.apache.org/maven2/org/slf4j/jcl-over-slf4j/1.7.5/jcl-over-slf4j-1.7.5.pom (0 B at 0 B/s)
Downloading from central: https://repo.maven.apache.org/maven2/org/sonatype/spice/zapper/spice-zapper/1.2/spice-zapper-1.2.pom
Progress (1): 4.1/6.7 kBProgress (1): 6.7 kB                        Downloaded from central: https://repo.maven.apache.org/maven2/org/sonatype/spice/zapper/spice-zapper/1.2/spice-zapper-1.2.pom (6.7 kB at 23 kB/s)
Downloading from central: https://repo.maven.apache.org/maven2/org/sonatype/spice/spice-parent/20/spice-parent-20.pom
Progress (1): 4.1/9.9 kBProgress (1): 8.2/9.9 kBProgress (1): 9.9 kB                        Downloaded from central: https://repo.maven.apache.org/maven2/org/sonatype/spice/spice-parent/20/spice-parent-20.pom (9.9 kB at 34 kB/s)
Downloading from central: https://repo.maven.apache.org/maven2/com/google/protobuf/protobuf-java/2.4.1/protobuf-java-2.4.1.pom
Progress (1): 4.1/7.3 kBProgress (1): 7.3 kB                        Downloaded from central: https://repo.maven.apache.org/maven2/com/google/protobuf/protobuf-java/2.4.1/protobuf-java-2.4.1.pom (7.3 kB at 18 kB/s)
Downloading from central: https://repo.maven.apache.org/maven2/org/sonatype/sisu/sisu-charger/1.1/sisu-charger-1.1.pom
Progress (1): 2.1 kB                    Downloaded from central: https://repo.maven.apache.org/maven2/org/sonatype/sisu/sisu-charger/1.1/sisu-charger-1.1.pom (2.1 kB at 7.6 kB/s)
Downloading from central: https://repo.maven.apache.org/maven2/org/sonatype/spice/spice-parent/18/spice-parent-18.pom
Progress (1): 4.1/6.8 kBProgress (1): 6.8 kB                        Downloaded from central: https://repo.maven.apache.org/maven2/org/sonatype/spice/spice-parent/18/spice-parent-18.pom (6.8 kB at 19 kB/s)
Downloading from central: https://repo.maven.apache.org/maven2/org/sonatype/forge/forge-parent/11/forge-parent-11.pom
Progress (1): 4.1/14 kBProgress (1): 8.2/14 kBProgress (1): 12/14 kB Progress (1): 14 kB                      Downloaded from central: https://repo.maven.apache.org/maven2/org/sonatype/forge/forge-parent/11/forge-parent-11.pom (14 kB at 42 kB/s)
Downloading from central: https://repo.maven.apache.org/maven2/org/slf4j/slf4j-simple/1.7.5/slf4j-simple-1.7.5.pom
Progress (1): 1.5 kB                    Downloaded from central: https://repo.maven.apache.org/maven2/org/slf4j/slf4j-simple/1.7.5/slf4j-simple-1.7.5.pom (1.5 kB at 5.2 kB/s)
Downloading from central: https://repo.maven.apache.org/maven2/org/sonatype/plugins/nexus-staging-maven-plugin/1.6.2/nexus-staging-maven-plugin-1.6.2.jar
Downloading from central: https://repo.maven.apache.org/maven2/org/sonatype/nexus/maven/nexus-common/1.6.2/nexus-common-1.6.2.jar
Downloading from central: https://repo.maven.apache.org/maven2/org/sonatype/nexus/nexus-client-core/2.7.2-01/nexus-client-core-2.7.2-01.jar
Downloading from central: https://repo.maven.apache.org/maven2/org/sonatype/nexus/plugins/nexus-restlet1x-model/2.7.2-01/nexus-restlet1x-model-2.7.2-01.jar
Downloading from central: https://repo.maven.apache.org/maven2/com/thoughtworks/xstream/xstream/1.4.5/xstream-1.4.5.jar
Progress (1): 4.1/248 kBProgress (1): 8.2/248 kBProgress (1): 12/248 kB Progress (1): 16/248 kBProgress (1): 20/248 kBProgress (1): 25/248 kBProgress (1): 29/248 kBProgress (1): 33/248 kBProgress (1): 37/248 kBProgress (1): 41/248 kBProgress (1): 45/248 kBProgress (1): 49/248 kBProgress (1): 53/248 kBProgress (1): 57/248 kBProgress (1): 61/248 kBProgress (1): 66/248 kBProgress (1): 70/248 kBProgress (1): 74/248 kBProgress (1): 78/248 kBProgress (1): 82/248 kBProgress (1): 86/248 kBProgress (1): 90/248 kBProgress (1): 94/248 kBProgress (1): 98/248 kBProgress (1): 102/248 kBProgress (1): 106/248 kBProgress (1): 111/248 kBProgress (1): 115/248 kBProgress (1): 119/248 kBProgress (1): 123/248 kBProgress (1): 127/248 kBProgress (1): 131/248 kBProgress (1): 135/248 kBProgress (1): 139/248 kBProgress (1): 143/248 kBProgress (1): 147/248 kBProgress (1): 152/248 kBProgress (1): 156/248 kBProgress (1): 160/248 kBProgress (1): 164/248 kBProgress (1): 168/248 kBProgress (1): 172/248 kBProgress (1): 176/248 kBProgress (1): 180/248 kBProgress (1): 184/248 kBProgress (1): 188/248 kBProgress (1): 193/248 kBProgress (1): 197/248 kBProgress (1): 201/248 kBProgress (2): 201/248 kB | 2.7/16 kBProgress (2): 205/248 kB | 2.7/16 kBProgress (2): 209/248 kB | 2.7/16 kBProgress (2): 213/248 kB | 2.7/16 kBProgress (2): 213/248 kB | 5.5/16 kBProgress (2): 213/248 kB | 8.2/16 kBProgress (2): 213/248 kB | 11/16 kB Progress (2): 213/248 kB | 14/16 kBProgress (2): 217/248 kB | 14/16 kBProgress (2): 221/248 kB | 14/16 kBProgress (2): 225/248 kB | 14/16 kBProgress (3): 225/248 kB | 14/16 kB | 2.7/160 kBProgress (3): 225/248 kB | 16 kB | 2.7/160 kB   Progress (3): 229/248 kB | 16 kB | 2.7/160 kBProgress (3): 229/248 kB | 16 kB | 5.5/160 kBProgress (3): 229/248 kB | 16 kB | 8.2/160 kBProgress (3): 229/248 kB | 16 kB | 11/160 kB Progress (3): 229/248 kB | 16 kB | 14/160 kBProgress (3): 233/248 kB | 16 kB | 14/160 kBProgress (3): 233/248 kB | 16 kB | 16/160 kBProgress (3): 238/248 kB | 16 kB | 16/160 kBProgress (3): 242/248 kB | 16 kB | 16/160 kBProgress (3): 246/248 kB | 16 kB | 16/160 kBProgress (3): 248 kB | 16 kB | 16/160 kB    Progress (4): 248 kB | 16 kB | 16/160 kB | 2.7/509 kBProgress (4): 248 kB | 16 kB | 19/160 kB | 2.7/509 kBProgress (4): 248 kB | 16 kB | 19/160 kB | 5.5/509 kBProgress (4): 248 kB | 16 kB | 19/160 kB | 8.2/509 kBProgress (4): 248 kB | 16 kB | 19/160 kB | 11/509 kB Progress (4): 248 kB | 16 kB | 19/160 kB | 14/509 kBProgress (4): 248 kB | 16 kB | 22/160 kB | 14/509 kBProgress (5): 248 kB | 16 kB | 22/160 kB | 14/509 kB | 2.7/212 kBProgress (5): 248 kB | 16 kB | 22/160 kB | 14/509 kB | 5.5/212 kBProgress (5): 248 kB | 16 kB | 22/160 kB | 14/509 kB | 8.2/212 kBProgress (5): 248 kB | 16 kB | 22/160 kB | 14/509 kB | 11/212 kB Progress (5): 248 kB | 16 kB | 22/160 kB | 16/509 kB | 11/212 kBProgress (5): 248 kB | 16 kB | 22/160 kB | 16/509 kB | 14/212 kBProgress (5): 248 kB | 16 kB | 25/160 kB | 16/509 kB | 14/212 kBProgress (5): 248 kB | 16 kB | 25/160 kB | 19/509 kB | 14/212 kBProgress (5): 248 kB | 16 kB | 25/160 kB | 19/509 kB | 16/212 kBProgress (5): 248 kB | 16 kB | 27/160 kB | 19/509 kB | 16/212 kBProgress (5): 248 kB | 16 kB | 27/160 kB | 22/509 kB | 16/212 kBProgress (5): 248 kB | 16 kB | 30/160 kB | 22/509 kB | 16/212 kBProgress (5): 248 kB | 16 kB | 30/160 kB | 22/509 kB | 19/212 kBProgress (5): 248 kB | 16 kB | 30/160 kB | 25/509 kB | 19/212 kBProgress (5): 248 kB | 16 kB | 33/160 kB | 25/509 kB | 19/212 kBProgress (5): 248 kB | 16 kB | 33/160 kB | 25/509 kB | 22/212 kBProgress (5): 248 kB | 16 kB | 33/160 kB | 27/509 kB | 22/212 kBProgress (5): 248 kB | 16 kB | 36/160 kB | 27/509 kB | 22/212 kBProgress (5): 248 kB | 16 kB | 36/160 kB | 27/509 kB | 25/212 kBProgress (5): 248 kB | 16 kB | 36/160 kB | 30/509 kB | 25/212 kBProgress (5): 248 kB | 16 kB | 38/160 kB | 30/509 kB | 25/212 kBProgress (5): 248 kB | 16 kB | 38/160 kB | 30/509 kB | 27/212 kBProgress (5): 248 kB | 16 kB | 38/160 kB | 33/509 kB | 27/212 kBProgress (5): 248 kB | 16 kB | 38/160 kB | 33/509 kB | 30/212 kBProgress (5): 248 kB | 16 kB | 38/160 kB | 36/509 kB | 30/212 kBProgress (5): 248 kB | 16 kB | 38/160 kB | 36/509 kB | 33/212 kBProgress (5): 248 kB | 16 kB | 38/160 kB | 38/509 kB | 33/212 kBProgress (5): 248 kB | 16 kB | 38/160 kB | 38/509 kB | 36/212 kBProgress (5): 248 kB | 16 kB | 38/160 kB | 38/509 kB | 38/212 kBProgress (5): 248 kB | 16 kB | 41/160 kB | 38/509 kB | 38/212 kBProgress (5): 248 kB | 16 kB | 44/160 kB | 38/509 kB | 38/212 kBProgress (5): 248 kB | 16 kB | 47/160 kB | 38/509 kB | 38/212 kB                                                                Downloaded from central: https://repo.maven.apache.org/maven2/org/sonatype/nexus/maven/nexus-common/1.6.2/nexus-common-1.6.2.jar (16 kB at 29 kB/s)
Downloading from central: https://repo.maven.apache.org/maven2/org/sonatype/sisu/siesta/siesta-client/1.5.2/siesta-client-1.5.2.jar
Progress (4): 248 kB | 49/160 kB | 38/509 kB | 38/212 kBProgress (4): 248 kB | 49/160 kB | 41/509 kB | 38/212 kBProgress (4): 248 kB | 49/160 kB | 44/509 kB | 38/212 kBProgress (4): 248 kB | 52/160 kB | 44/509 kB | 38/212 kB                                                        Downloaded from central: https://repo.maven.apache.org/maven2/org/sonatype/plugins/nexus-staging-maven-plugin/1.6.2/nexus-staging-maven-plugin-1.6.2.jar (248 kB at 433 kB/s)
Downloading from central: https://repo.maven.apache.org/maven2/org/sonatype/sisu/siesta/siesta-common/1.5.2/siesta-common-1.5.2.jar
Progress (3): 55/160 kB | 44/509 kB | 38/212 kBProgress (3): 55/160 kB | 47/509 kB | 38/212 kBProgress (3): 58/160 kB | 47/509 kB | 38/212 kBProgress (3): 58/160 kB | 47/509 kB | 41/212 kBProgress (3): 60/160 kB | 47/509 kB | 41/212 kBProgress (3): 60/160 kB | 49/509 kB | 41/212 kBProgress (3): 60/160 kB | 49/509 kB | 44/212 kBProgress (3): 63/160 kB | 49/509 kB | 44/212 kBProgress (3): 63/160 kB | 49/509 kB | 47/212 kBProgress (3): 66/160 kB | 49/509 kB | 47/212 kBProgress (3): 66/160 kB | 49/509 kB | 49/212 kBProgress (3): 66/160 kB | 52/509 kB | 49/212 kBProgress (3): 66/160 kB | 55/509 kB | 49/212 kBProgress (3): 66/160 kB | 58/509 kB | 49/212 kBProgress (3): 66/160 kB | 58/509 kB | 52/212 kBProgress (3): 66/160 kB | 60/509 kB | 52/212 kBProgress (3): 66/160 kB | 60/509 kB | 55/212 kBProgress (3): 66/160 kB | 63/509 kB | 55/212 kBProgress (3): 66/160 kB | 63/509 kB | 58/212 kBProgress (3): 66/160 kB | 66/509 kB | 58/212 kBProgress (3): 70/160 kB | 66/509 kB | 58/212 kBProgress (3): 74/160 kB | 66/509 kB | 58/212 kBProgress (3): 78/160 kB | 66/509 kB | 58/212 kBProgress (3): 82/160 kB | 66/509 kB | 58/212 kBProgress (3): 82/160 kB | 66/509 kB | 60/212 kBProgress (3): 82/160 kB | 66/509 kB | 63/212 kBProgress (3): 82/160 kB | 66/509 kB | 66/212 kBProgress (3): 82/160 kB | 70/509 kB | 66/212 kBProgress (3): 82/160 kB | 74/509 kB | 66/212 kBProgress (3): 82/160 kB | 78/509 kB | 66/212 kBProgress (3): 86/160 kB | 78/509 kB | 66/212 kBProgress (3): 86/160 kB | 82/509 kB | 66/212 kBProgress (3): 90/160 kB | 82/509 kB | 66/212 kBProgress (3): 94/160 kB | 82/509 kB | 66/212 kBProgress (3): 99/160 kB | 82/509 kB | 66/212 kBProgress (3): 99/160 kB | 82/509 kB | 70/212 kBProgress (3): 99/160 kB | 82/509 kB | 74/212 kBProgress (3): 99/160 kB | 82/509 kB | 78/212 kBProgress (3): 99/160 kB | 82/509 kB | 82/212 kBProgress (3): 99/160 kB | 86/509 kB | 82/212 kBProgress (3): 103/160 kB | 86/509 kB | 82/212 kBProgress (3): 103/160 kB | 90/509 kB | 82/212 kBProgress (3): 107/160 kB | 90/509 kB | 82/212 kBProgress (3): 107/160 kB | 94/509 kB | 82/212 kBProgress (3): 111/160 kB | 94/509 kB | 82/212 kBProgress (3): 111/160 kB | 99/509 kB | 82/212 kBProgress (3): 115/160 kB | 99/509 kB | 82/212 kBProgress (3): 115/160 kB | 99/509 kB | 86/212 kBProgress (3): 115/160 kB | 99/509 kB | 90/212 kBProgress (3): 115/160 kB | 99/509 kB | 94/212 kBProgress (3): 115/160 kB | 99/509 kB | 99/212 kBProgress (3): 115/160 kB | 103/509 kB | 99/212 kBProgress (3): 115/160 kB | 107/509 kB | 99/212 kBProgress (3): 115/160 kB | 111/509 kB | 99/212 kBProgress (3): 115/160 kB | 115/509 kB | 99/212 kBProgress (3): 115/160 kB | 115/509 kB | 103/212 kBProgress (3): 115/160 kB | 115/509 kB | 107/212 kBProgress (3): 115/160 kB | 115/509 kB | 111/212 kBProgress (3): 115/160 kB | 115/509 kB | 115/212 kBProgress (4): 115/160 kB | 115/509 kB | 115/212 kB | 2.7/20 kBProgress (4): 119/160 kB | 115/509 kB | 115/212 kB | 2.7/20 kBProgress (4): 123/160 kB | 115/509 kB | 115/212 kB | 2.7/20 kBProgress (4): 127/160 kB | 115/509 kB | 115/212 kB | 2.7/20 kBProgress (4): 131/160 kB | 115/509 kB | 115/212 kB | 2.7/20 kBProgress (4): 131/160 kB | 115/509 kB | 115/212 kB | 5.5/20 kBProgress (4): 131/160 kB | 115/509 kB | 115/212 kB | 8.2/20 kBProgress (4): 131/160 kB | 119/509 kB | 115/212 kB | 8.2/20 kBProgress (4): 135/160 kB | 119/509 kB | 115/212 kB | 8.2/20 kBProgress (5): 135/160 kB | 119/509 kB | 115/212 kB | 8.2/20 kB | 4.1/11 kBProgress (5): 135/160 kB | 119/509 kB | 119/212 kB | 8.2/20 kB | 4.1/11 kBProgress (5): 140/160 kB | 119/509 kB | 119/212 kB | 8.2/20 kB | 4.1/11 kBProgress (5): 140/160 kB | 119/509 kB | 119/212 kB | 8.2/20 kB | 8.2/11 kBProgress (5): 140/160 kB | 119/509 kB | 119/212 kB | 11/20 kB | 8.2/11 kB Progress (5): 140/160 kB | 119/509 kB | 123/212 kB | 11/20 kB | 8.2/11 kBProgress (5): 140/160 kB | 123/509 kB | 123/212 kB | 11/20 kB | 8.2/11 kBProgress (5): 140/160 kB | 123/509 kB | 127/212 kB | 11/20 kB | 8.2/11 kBProgress (5): 144/160 kB | 123/509 kB | 127/212 kB | 11/20 kB | 8.2/11 kBProgress (5): 144/160 kB | 123/509 kB | 127/212 kB | 14/20 kB | 8.2/11 kBProgress (5): 144/160 kB | 123/509 kB | 127/212 kB | 14/20 kB | 11 kB    Progress (5): 144/160 kB | 123/509 kB | 131/212 kB | 14/20 kB | 11 kBProgress (5): 144/160 kB | 127/509 kB | 131/212 kB | 14/20 kB | 11 kBProgress (5): 148/160 kB | 127/509 kB | 131/212 kB | 14/20 kB | 11 kBProgress (5): 148/160 kB | 131/509 kB | 131/212 kB | 14/20 kB | 11 kBProgress (5): 148/160 kB | 131/509 kB | 131/212 kB | 16/20 kB | 11 kBProgress (5): 148/160 kB | 131/509 kB | 135/212 kB | 16/20 kB | 11 kBProgress (5): 148/160 kB | 131/509 kB | 135/212 kB | 19/20 kB | 11 kBProgress (5): 148/160 kB | 131/509 kB | 140/212 kB | 19/20 kB | 11 kBProgress (5): 148/160 kB | 131/509 kB | 140/212 kB | 20 kB | 11 kB   Progress (5): 148/160 kB | 131/509 kB | 144/212 kB | 20 kB | 11 kBProgress (5): 148/160 kB | 135/509 kB | 144/212 kB | 20 kB | 11 kBProgress (5): 152/160 kB | 135/509 kB | 144/212 kB | 20 kB | 11 kBProgress (5): 152/160 kB | 140/509 kB | 144/212 kB | 20 kB | 11 kBProgress (5): 152/160 kB | 140/509 kB | 148/212 kB | 20 kB | 11 kBProgress (5): 152/160 kB | 144/509 kB | 148/212 kB | 20 kB | 11 kBProgress (5): 152/160 kB | 148/509 kB | 148/212 kB | 20 kB | 11 kBProgress (5): 156/160 kB | 148/509 kB | 148/212 kB | 20 kB | 11 kBProgress (5): 160/160 kB | 148/509 kB | 148/212 kB | 20 kB | 11 kBProgress (5): 160 kB | 148/509 kB | 148/212 kB | 20 kB | 11 kB    Progress (5): 160 kB | 148/509 kB | 152/212 kB | 20 kB | 11 kBProgress (5): 160 kB | 152/509 kB | 152/212 kB | 20 kB | 11 kBProgress (5): 160 kB | 152/509 kB | 156/212 kB | 20 kB | 11 kBProgress (5): 160 kB | 156/509 kB | 156/212 kB | 20 kB | 11 kBProgress (5): 160 kB | 156/509 kB | 160/212 kB | 20 kB | 11 kBProgress (5): 160 kB | 160/509 kB | 160/212 kB | 20 kB | 11 kBProgress (5): 160 kB | 164/509 kB | 160/212 kB | 20 kB | 11 kBProgress (5): 160 kB | 164/509 kB | 164/212 kB | 20 kB | 11 kBProgress (5): 160 kB | 168/509 kB | 164/212 kB | 20 kB | 11 kBProgress (5): 160 kB | 172/509 kB | 164/212 kB | 20 kB | 11 kBProgress (5): 160 kB | 176/509 kB | 164/212 kB | 20 kB | 11 kBProgress (5): 160 kB | 180/509 kB | 164/212 kB | 20 kB | 11 kBProgress (5): 160 kB | 185/509 kB | 164/212 kB | 20 kB | 11 kBProgress (5): 160 kB | 189/509 kB | 164/212 kB | 20 kB | 11 kBProgress (5): 160 kB | 193/509 kB | 164/212 kB | 20 kB | 11 kBProgress (5): 160 kB | 197/509 kB | 164/212 kB | 20 kB | 11 kBProgress (5): 160 kB | 197/509 kB | 168/212 kB | 20 kB | 11 kBProgress (5): 160 kB | 197/509 kB | 172/212 kB | 20 kB | 11 kBProgress (5): 160 kB | 197/509 kB | 176/212 kB | 20 kB | 11 kBProgress (5): 160 kB | 197/509 kB | 180/212 kB | 20 kB | 11 kBProgress (5): 160 kB | 201/509 kB | 180/212 kB | 20 kB | 11 kBProgress (5): 160 kB | 205/509 kB | 180/212 kB | 20 kB | 11 kBProgress (5): 160 kB | 209/509 kB | 180/212 kB | 20 kB | 11 kBProgress (5): 160 kB | 213/509 kB | 180/212 kB | 20 kB | 11 kBProgress (5): 160 kB | 213/509 kB | 185/212 kB | 20 kB | 11 kBProgress (5): 160 kB | 213/509 kB | 189/212 kB | 20 kB | 11 kBProgress (5): 160 kB | 213/509 kB | 193/212 kB | 20 kB | 11 kBProgress (5): 160 kB | 213/509 kB | 197/212 kB | 20 kB | 11 kBProgress (5): 160 kB | 217/509 kB | 197/212 kB | 20 kB | 11 kBProgress (5): 160 kB | 221/509 kB | 197/212 kB | 20 kB | 11 kBProgress (5): 160 kB | 226/509 kB | 197/212 kB | 20 kB | 11 kBProgress (5): 160 kB | 230/509 kB | 197/212 kB | 20 kB | 11 kBProgress (5): 160 kB | 230/509 kB | 201/212 kB | 20 kB | 11 kBProgress (5): 160 kB | 230/509 kB | 205/212 kB | 20 kB | 11 kBProgress (5): 160 kB | 230/509 kB | 209/212 kB | 20 kB | 11 kBProgress (5): 160 kB | 230/509 kB | 212 kB | 20 kB | 11 kB    Progress (5): 160 kB | 234/509 kB | 212 kB | 20 kB | 11 kBProgress (5): 160 kB | 238/509 kB | 212 kB | 20 kB | 11 kBProgress (5): 160 kB | 242/509 kB | 212 kB | 20 kB | 11 kBProgress (5): 160 kB | 246/509 kB | 212 kB | 20 kB | 11 kBProgress (5): 160 kB | 250/509 kB | 212 kB | 20 kB | 11 kBProgress (5): 160 kB | 254/509 kB | 212 kB | 20 kB | 11 kBProgress (5): 160 kB | 258/509 kB | 212 kB | 20 kB | 11 kBProgress (5): 160 kB | 262/509 kB | 212 kB | 20 kB | 11 kBProgress (5): 160 kB | 267/509 kB | 212 kB | 20 kB | 11 kBProgress (5): 160 kB | 271/509 kB | 212 kB | 20 kB | 11 kBProgress (5): 160 kB | 275/509 kB | 212 kB | 20 kB | 11 kBProgress (5): 160 kB | 279/509 kB | 212 kB | 20 kB | 11 kB                                                          Downloaded from central: https://repo.maven.apache.org/maven2/org/sonatype/sisu/siesta/siesta-common/1.5.2/siesta-common-1.5.2.jar (11 kB at 12 kB/s)
Downloading from central: https://repo.maven.apache.org/maven2/com/sun/jersey/jersey-json/1.17.1/jersey-json-1.17.1.jar
Downloaded from central: https://repo.maven.apache.org/maven2/org/sonatype/sisu/siesta/siesta-client/1.5.2/siesta-client-1.5.2.jar (20 kB at 23 kB/s)
Downloading from central: https://repo.maven.apache.org/maven2/com/sun/xml/bind/jaxb-impl/2.2.3-1/jaxb-impl-2.2.3-1.jar
Downloaded from central: https://repo.maven.apache.org/maven2/org/sonatype/nexus/plugins/nexus-restlet1x-model/2.7.2-01/nexus-restlet1x-model-2.7.2-01.jar (160 kB at 183 kB/s)
Downloading from central: https://repo.maven.apache.org/maven2/org/codehaus/jackson/jackson-core-asl/1.9.2/jackson-core-asl-1.9.2.jar
Downloaded from central: https://repo.maven.apache.org/maven2/org/sonatype/nexus/nexus-client-core/2.7.2-01/nexus-client-core-2.7.2-01.jar (212 kB at 233 kB/s)
Downloading from central: https://repo.maven.apache.org/maven2/org/codehaus/jackson/jackson-mapper-asl/1.9.2/jackson-mapper-asl-1.9.2.jar
Progress (1): 283/509 kBProgress (1): 287/509 kBProgress (1): 291/509 kBProgress (1): 295/509 kBProgress (1): 299/509 kBProgress (1): 303/509 kBProgress (1): 307/509 kBProgress (1): 312/509 kBProgress (1): 316/509 kBProgress (1): 320/509 kBProgress (1): 324/509 kBProgress (1): 328/509 kBProgress (1): 332/509 kBProgress (1): 336/509 kBProgress (1): 340/509 kBProgress (1): 344/509 kBProgress (1): 348/509 kBProgress (1): 353/509 kBProgress (1): 357/509 kBProgress (1): 361/509 kBProgress (1): 365/509 kBProgress (1): 369/509 kBProgress (1): 373/509 kBProgress (1): 377/509 kBProgress (1): 381/509 kBProgress (1): 385/509 kBProgress (1): 389/509 kBProgress (1): 393/509 kBProgress (1): 398/509 kBProgress (1): 402/509 kBProgress (1): 406/509 kBProgress (1): 410/509 kBProgress (1): 414/509 kBProgress (1): 418/509 kBProgress (1): 422/509 kBProgress (1): 426/509 kBProgress (1): 430/509 kBProgress (1): 434/509 kBProgress (1): 439/509 kBProgress (1): 443/509 kBProgress (1): 447/509 kBProgress (1): 451/509 kBProgress (1): 455/509 kBProgress (1): 459/509 kBProgress (1): 463/509 kBProgress (1): 467/509 kBProgress (1): 471/509 kBProgress (1): 475/509 kBProgress (1): 480/509 kBProgress (1): 484/509 kBProgress (1): 488/509 kBProgress (1): 492/509 kBProgress (1): 496/509 kBProgress (1): 500/509 kBProgress (1): 504/509 kBProgress (1): 508/509 kBProgress (1): 509 kB    Progress (2): 509 kB | 2.7/164 kBProgress (2): 509 kB | 5.5/164 kBProgress (2): 509 kB | 8.2/164 kBProgress (3): 509 kB | 8.2/164 kB | 4.1/228 kBProgress (3): 509 kB | 8.2/164 kB | 8.2/228 kBProgress (3): 509 kB | 8.2/164 kB | 12/228 kB Progress (3): 509 kB | 8.2/164 kB | 16/228 kBProgress (3): 509 kB | 11/164 kB | 16/228 kB Progress (3): 509 kB | 11/164 kB | 20/228 kBProgress (4): 509 kB | 11/164 kB | 20/228 kB | 8.2/890 kBProgress (4): 509 kB | 11/164 kB | 25/228 kB | 8.2/890 kBProgress (4): 509 kB | 11/164 kB | 29/228 kB | 8.2/890 kBProgress (4): 509 kB | 11/164 kB | 29/228 kB | 16/890 kB Progress (4): 509 kB | 11/164 kB | 33/228 kB | 16/890 kBProgress (4): 509 kB | 14/164 kB | 33/228 kB | 16/890 kBProgress (4): 509 kB | 14/164 kB | 37/228 kB | 16/890 kBProgress (4): 509 kB | 14/164 kB | 41/228 kB | 16/890 kBProgress (4): 509 kB | 14/164 kB | 45/228 kB | 16/890 kBProgress (4): 509 kB | 14/164 kB | 49/228 kB | 16/890 kBProgress (4): 509 kB | 14/164 kB | 49/228 kB | 25/890 kBProgress (4): 509 kB | 14/164 kB | 49/228 kB | 33/890 kBProgress (4): 509 kB | 16/164 kB | 49/228 kB | 33/890 kBProgress (4): 509 kB | 16/164 kB | 53/228 kB | 33/890 kBProgress (4): 509 kB | 16/164 kB | 57/228 kB | 33/890 kBProgress (4): 509 kB | 16/164 kB | 61/228 kB | 33/890 kBProgress (4): 509 kB | 16/164 kB | 66/228 kB | 33/890 kBProgress (4): 509 kB | 19/164 kB | 66/228 kB | 33/890 kBProgress (4): 509 kB | 19/164 kB | 70/228 kB | 33/890 kBProgress (4): 509 kB | 19/164 kB | 70/228 kB | 41/890 kBProgress (4): 509 kB | 19/164 kB | 74/228 kB | 41/890 kBProgress (4): 509 kB | 19/164 kB | 74/228 kB | 49/890 kBProgress (4): 509 kB | 19/164 kB | 78/228 kB | 49/890 kBProgress (4): 509 kB | 19/164 kB | 82/228 kB | 49/890 kBProgress (4): 509 kB | 19/164 kB | 86/228 kB | 49/890 kBProgress (4): 509 kB | 19/164 kB | 90/228 kB | 49/890 kBProgress (4): 509 kB | 19/164 kB | 94/228 kB | 49/890 kBProgress (4): 509 kB | 19/164 kB | 98/228 kB | 49/890 kBProgress (4): 509 kB | 19/164 kB | 98/228 kB | 57/890 kBProgress (4): 509 kB | 19/164 kB | 98/228 kB | 66/890 kBProgress (4): 509 kB | 22/164 kB | 98/228 kB | 66/890 kBProgress (4): 509 kB | 22/164 kB | 102/228 kB | 66/890 kBProgress (4): 509 kB | 22/164 kB | 106/228 kB | 66/890 kBProgress (4): 509 kB | 22/164 kB | 111/228 kB | 66/890 kBProgress (4): 509 kB | 22/164 kB | 115/228 kB | 66/890 kBProgress (4): 509 kB | 25/164 kB | 115/228 kB | 66/890 kBProgress (4): 509 kB | 25/164 kB | 119/228 kB | 66/890 kBProgress (4): 509 kB | 25/164 kB | 119/228 kB | 74/890 kBProgress (4): 509 kB | 25/164 kB | 123/228 kB | 74/890 kBProgress (4): 509 kB | 25/164 kB | 123/228 kB | 82/890 kBProgress (4): 509 kB | 25/164 kB | 127/228 kB | 82/890 kBProgress (4): 509 kB | 25/164 kB | 131/228 kB | 82/890 kBProgress (4): 509 kB | 27/164 kB | 131/228 kB | 82/890 kBProgress (4): 509 kB | 27/164 kB | 135/228 kB | 82/890 kBProgress (4): 509 kB | 27/164 kB | 139/228 kB | 82/890 kBProgress (4): 509 kB | 27/164 kB | 143/228 kB | 82/890 kBProgress (4): 509 kB | 27/164 kB | 147/228 kB | 82/890 kBProgress (4): 509 kB | 27/164 kB | 147/228 kB | 90/890 kBProgress (4): 509 kB | 27/164 kB | 147/228 kB | 98/890 kBProgress (4): 509 kB | 27/164 kB | 152/228 kB | 98/890 kBProgress (5): 509 kB | 27/164 kB | 152/228 kB | 98/890 kB | 4.1/766 kBProgress (5): 509 kB | 27/164 kB | 156/228 kB | 98/890 kB | 4.1/766 kBProgress (5): 509 kB | 27/164 kB | 160/228 kB | 98/890 kB | 4.1/766 kBProgress (5): 509 kB | 27/164 kB | 160/228 kB | 98/890 kB | 8.2/766 kBProgress (5): 509 kB | 27/164 kB | 164/228 kB | 98/890 kB | 8.2/766 kBProgress (5): 509 kB | 27/164 kB | 164/228 kB | 98/890 kB | 12/766 kB Progress (5): 509 kB | 27/164 kB | 164/228 kB | 98/890 kB | 16/766 kBProgress (5): 509 kB | 27/164 kB | 168/228 kB | 98/890 kB | 16/766 kBProgress (5): 509 kB | 27/164 kB | 168/228 kB | 98/890 kB | 20/766 kBProgress (5): 509 kB | 27/164 kB | 168/228 kB | 106/890 kB | 20/766 kBProgress (5): 509 kB | 27/164 kB | 172/228 kB | 106/890 kB | 20/766 kBProgress (5): 509 kB | 27/164 kB | 172/228 kB | 106/890 kB | 25/766 kBProgress (5): 509 kB | 27/164 kB | 176/228 kB | 106/890 kB | 25/766 kBProgress (5): 509 kB | 27/164 kB | 176/228 kB | 106/890 kB | 29/766 kBProgress (5): 509 kB | 27/164 kB | 180/228 kB | 106/890 kB | 29/766 kBProgress (5): 509 kB | 27/164 kB | 180/228 kB | 106/890 kB | 33/766 kBProgress (5): 509 kB | 27/164 kB | 180/228 kB | 115/890 kB | 33/766 kBProgress (5): 509 kB | 27/164 kB | 184/228 kB | 115/890 kB | 33/766 kBProgress (5): 509 kB | 27/164 kB | 188/228 kB | 115/890 kB | 33/766 kBProgress (5): 509 kB | 27/164 kB | 193/228 kB | 115/890 kB | 33/766 kBProgress (5): 509 kB | 27/164 kB | 197/228 kB | 115/890 kB | 33/766 kBProgress (5): 509 kB | 27/164 kB | 201/228 kB | 115/890 kB | 33/766 kBProgress (5): 509 kB | 27/164 kB | 201/228 kB | 115/890 kB | 37/766 kBProgress (5): 509 kB | 27/164 kB | 201/228 kB | 123/890 kB | 37/766 kBProgress (5): 509 kB | 27/164 kB | 205/228 kB | 123/890 kB | 37/766 kBProgress (5): 509 kB | 27/164 kB | 205/228 kB | 123/890 kB | 41/766 kBProgress (5): 509 kB | 27/164 kB | 205/228 kB | 131/890 kB | 41/766 kBProgress (5): 509 kB | 27/164 kB | 205/228 kB | 131/890 kB | 45/766 kBProgress (5): 509 kB | 27/164 kB | 209/228 kB | 131/890 kB | 45/766 kBProgress (5): 509 kB | 27/164 kB | 209/228 kB | 131/890 kB | 49/766 kBProgress (5): 509 kB | 27/164 kB | 213/228 kB | 131/890 kB | 49/766 kBProgress (5): 509 kB | 27/164 kB | 213/228 kB | 131/890 kB | 53/766 kBProgress (5): 509 kB | 27/164 kB | 213/228 kB | 131/890 kB | 57/766 kBProgress (5): 509 kB | 27/164 kB | 213/228 kB | 131/890 kB | 61/766 kBProgress (5): 509 kB | 27/164 kB | 213/228 kB | 131/890 kB | 66/766 kBProgress (5): 509 kB | 27/164 kB | 217/228 kB | 131/890 kB | 66/766 kBProgress (5): 509 kB | 27/164 kB | 217/228 kB | 139/890 kB | 66/766 kBProgress (5): 509 kB | 27/164 kB | 221/228 kB | 139/890 kB | 66/766 kBProgress (5): 509 kB | 27/164 kB | 221/228 kB | 139/890 kB | 70/766 kBProgress (5): 509 kB | 27/164 kB | 225/228 kB | 139/890 kB | 70/766 kBProgress (5): 509 kB | 27/164 kB | 225/228 kB | 147/890 kB | 70/766 kBProgress (5): 509 kB | 27/164 kB | 225/228 kB | 147/890 kB | 74/766 kBProgress (5): 509 kB | 27/164 kB | 228 kB | 147/890 kB | 74/766 kB    Progress (5): 509 kB | 27/164 kB | 228 kB | 147/890 kB | 78/766 kBProgress (5): 509 kB | 27/164 kB | 228 kB | 147/890 kB | 82/766 kBProgress (5): 509 kB | 27/164 kB | 228 kB | 156/890 kB | 82/766 kBProgress (5): 509 kB | 27/164 kB | 228 kB | 164/890 kB | 82/766 kBProgress (5): 509 kB | 27/164 kB | 228 kB | 164/890 kB | 86/766 kBProgress (5): 509 kB | 27/164 kB | 228 kB | 164/890 kB | 90/766 kBProgress (5): 509 kB | 27/164 kB | 228 kB | 164/890 kB | 94/766 kBProgress (5): 509 kB | 27/164 kB | 228 kB | 164/890 kB | 98/766 kBProgress (5): 509 kB | 27/164 kB | 228 kB | 172/890 kB | 98/766 kBProgress (5): 509 kB | 27/164 kB | 228 kB | 180/890 kB | 98/766 kBProgress (5): 509 kB | 27/164 kB | 228 kB | 180/890 kB | 102/766 kBProgress (5): 509 kB | 27/164 kB | 228 kB | 180/890 kB | 106/766 kBProgress (5): 509 kB | 27/164 kB | 228 kB | 180/890 kB | 111/766 kBProgress (5): 509 kB | 27/164 kB | 228 kB | 180/890 kB | 115/766 kBProgress (5): 509 kB | 27/164 kB | 228 kB | 180/890 kB | 119/766 kBProgress (5): 509 kB | 27/164 kB | 228 kB | 188/890 kB | 119/766 kBProgress (5): 509 kB | 27/164 kB | 228 kB | 188/890 kB | 123/766 kBProgress (5): 509 kB | 27/164 kB | 228 kB | 197/890 kB | 123/766 kBProgress (5): 509 kB | 27/164 kB | 228 kB | 197/890 kB | 127/766 kBProgress (5): 509 kB | 27/164 kB | 228 kB | 197/890 kB | 131/766 kBProgress (5): 509 kB | 27/164 kB | 228 kB | 197/890 kB | 135/766 kBProgress (5): 509 kB | 27/164 kB | 228 kB | 197/890 kB | 139/766 kBProgress (5): 509 kB | 27/164 kB | 228 kB | 197/890 kB | 143/766 kBProgress (5): 509 kB | 27/164 kB | 228 kB | 197/890 kB | 147/766 kBProgress (5): 509 kB | 27/164 kB | 228 kB | 197/890 kB | 152/766 kBProgress (5): 509 kB | 27/164 kB | 228 kB | 197/890 kB | 156/766 kBProgress (5): 509 kB | 27/164 kB | 228 kB | 197/890 kB | 160/766 kBProgress (5): 509 kB | 27/164 kB | 228 kB | 197/890 kB | 164/766 kBProgress (5): 509 kB | 27/164 kB | 228 kB | 197/890 kB | 168/766 kBProgress (5): 509 kB | 27/164 kB | 228 kB | 197/890 kB | 172/766 kBProgress (5): 509 kB | 27/164 kB | 228 kB | 197/890 kB | 176/766 kBProgress (5): 509 kB | 27/164 kB | 228 kB | 197/890 kB | 180/766 kBProgress (5): 509 kB | 27/164 kB | 228 kB | 197/890 kB | 184/766 kBProgress (5): 509 kB | 27/164 kB | 228 kB | 197/890 kB | 188/766 kBProgress (5): 509 kB | 27/164 kB | 228 kB | 197/890 kB | 193/766 kBProgress (5): 509 kB | 27/164 kB | 228 kB | 197/890 kB | 197/766 kBProgress (5): 509 kB | 27/164 kB | 228 kB | 197/890 kB | 201/766 kBProgress (5): 509 kB | 27/164 kB | 228 kB | 197/890 kB | 205/766 kBProgress (5): 509 kB | 27/164 kB | 228 kB | 197/890 kB | 209/766 kBProgress (5): 509 kB | 27/164 kB | 228 kB | 197/890 kB | 213/766 kBProgress (5): 509 kB | 27/164 kB | 228 kB | 197/890 kB | 217/766 kBProgress (5): 509 kB | 27/164 kB | 228 kB | 197/890 kB | 221/766 kBProgress (5): 509 kB | 27/164 kB | 228 kB | 197/890 kB | 225/766 kBProgress (5): 509 kB | 27/164 kB | 228 kB | 197/890 kB | 229/766 kB                                                                   Downloaded from central: https://repo.maven.apache.org/maven2/com/thoughtworks/xstream/xstream/1.4.5/xstream-1.4.5.jar (509 kB at 457 kB/s)
Downloading from central: https://repo.maven.apache.org/maven2/org/codehaus/jackson/jackson-jaxrs/1.9.2/jackson-jaxrs-1.9.2.jar
Progress (4): 32/164 kB | 228 kB | 197/890 kB | 229/766 kBProgress (4): 36/164 kB | 228 kB | 197/890 kB | 229/766 kBProgress (4): 40/164 kB | 228 kB | 197/890 kB | 229/766 kBProgress (4): 44/164 kB | 228 kB | 197/890 kB | 229/766 kBProgress (4): 44/164 kB | 228 kB | 205/890 kB | 229/766 kBProgress (4): 44/164 kB | 228 kB | 213/890 kB | 229/766 kBProgress (4): 48/164 kB | 228 kB | 213/890 kB | 229/766 kBProgress (4): 48/164 kB | 228 kB | 221/890 kB | 229/766 kBProgress (4): 52/164 kB | 228 kB | 221/890 kB | 229/766 kBProgress (4): 52/164 kB | 228 kB | 229/890 kB | 229/766 kBProgress (4): 56/164 kB | 228 kB | 229/890 kB | 229/766 kBProgress (4): 60/164 kB | 228 kB | 229/890 kB | 229/766 kBProgress (4): 60/164 kB | 228 kB | 238/890 kB | 229/766 kBProgress (4): 60/164 kB | 228 kB | 246/890 kB | 229/766 kBProgress (4): 60/164 kB | 228 kB | 254/890 kB | 229/766 kBProgress (4): 60/164 kB | 228 kB | 262/890 kB | 229/766 kBProgress (4): 60/164 kB | 228 kB | 270/890 kB | 229/766 kBProgress (4): 60/164 kB | 228 kB | 279/890 kB | 229/766 kBProgress (4): 64/164 kB | 228 kB | 279/890 kB | 229/766 kBProgress (4): 64/164 kB | 228 kB | 287/890 kB | 229/766 kBProgress (4): 68/164 kB | 228 kB | 287/890 kB | 229/766 kBProgress (4): 72/164 kB | 228 kB | 287/890 kB | 229/766 kBProgress (4): 72/164 kB | 228 kB | 295/890 kB | 229/766 kBProgress (4): 77/164 kB | 228 kB | 295/890 kB | 229/766 kBProgress (4): 77/164 kB | 228 kB | 303/890 kB | 229/766 kBProgress (4): 77/164 kB | 228 kB | 311/890 kB | 229/766 kBProgress (4): 77/164 kB | 228 kB | 311/890 kB | 233/766 kBProgress (4): 77/164 kB | 228 kB | 311/890 kB | 238/766 kBProgress (4): 77/164 kB | 228 kB | 311/890 kB | 242/766 kBProgress (4): 77/164 kB | 228 kB | 311/890 kB | 246/766 kBProgress (4): 77/164 kB | 228 kB | 311/890 kB | 250/766 kBProgress (4): 77/164 kB | 228 kB | 319/890 kB | 250/766 kBProgress (4): 77/164 kB | 228 kB | 319/890 kB | 254/766 kBProgress (4): 77/164 kB | 228 kB | 319/890 kB | 258/766 kBProgress (4): 77/164 kB | 228 kB | 328/890 kB | 258/766 kBProgress (4): 77/164 kB | 228 kB | 328/890 kB | 262/766 kBProgress (4): 77/164 kB | 228 kB | 336/890 kB | 262/766 kBProgress (4): 77/164 kB | 228 kB | 344/890 kB | 262/766 kBProgress (4): 77/164 kB | 228 kB | 344/890 kB | 266/766 kBProgress (4): 77/164 kB | 228 kB | 352/890 kB | 266/766 kBProgress (4): 77/164 kB | 228 kB | 352/890 kB | 270/766 kBProgress (4): 77/164 kB | 228 kB | 352/890 kB | 274/766 kBProgress (4): 77/164 kB | 228 kB | 360/890 kB | 274/766 kBProgress (4): 77/164 kB | 228 kB | 360/890 kB | 279/766 kBProgress (4): 81/164 kB | 228 kB | 360/890 kB | 279/766 kBProgress (4): 85/164 kB | 228 kB | 360/890 kB | 279/766 kBProgress (4): 89/164 kB | 228 kB | 360/890 kB | 279/766 kBProgress (4): 93/164 kB | 228 kB | 360/890 kB | 279/766 kBProgress (4): 93/164 kB | 228 kB | 360/890 kB | 283/766 kBProgress (4): 93/164 kB | 228 kB | 369/890 kB | 283/766 kBProgress (4): 93/164 kB | 228 kB | 369/890 kB | 287/766 kBProgress (4): 93/164 kB | 228 kB | 369/890 kB | 291/766 kBProgress (4): 93/164 kB | 228 kB | 377/890 kB | 291/766 kBProgress (4): 93/164 kB | 228 kB | 377/890 kB | 295/766 kBProgress (4): 93/164 kB | 228 kB | 377/890 kB | 299/766 kBProgress (4): 93/164 kB | 228 kB | 385/890 kB | 299/766 kBProgress (4): 93/164 kB | 228 kB | 385/890 kB | 303/766 kBProgress (4): 93/164 kB | 228 kB | 393/890 kB | 303/766 kBProgress (4): 93/164 kB | 228 kB | 393/890 kB | 307/766 kBProgress (4): 93/164 kB | 228 kB | 393/890 kB | 311/766 kBProgress (4): 93/164 kB | 228 kB | 401/890 kB | 311/766 kBProgress (4): 93/164 kB | 228 kB | 410/890 kB | 311/766 kBProgress (4): 93/164 kB | 228 kB | 410/890 kB | 315/766 kBProgress (4): 93/164 kB | 228 kB | 410/890 kB | 319/766 kBProgress (4): 93/164 kB | 228 kB | 410/890 kB | 324/766 kBProgress (4): 93/164 kB | 228 kB | 410/890 kB | 328/766 kBProgress (4): 93/164 kB | 228 kB | 418/890 kB | 328/766 kBProgress (4): 93/164 kB | 228 kB | 426/890 kB | 328/766 kBProgress (4): 93/164 kB | 228 kB | 434/890 kB | 328/766 kBProgress (4): 93/164 kB | 228 kB | 434/890 kB | 332/766 kBProgress (4): 97/164 kB | 228 kB | 434/890 kB | 332/766 kBProgress (4): 97/164 kB | 228 kB | 434/890 kB | 336/766 kBProgress (4): 101/164 kB | 228 kB | 434/890 kB | 336/766 kBProgress (4): 101/164 kB | 228 kB | 434/890 kB | 340/766 kBProgress (4): 105/164 kB | 228 kB | 434/890 kB | 340/766 kBProgress (4): 105/164 kB | 228 kB | 434/890 kB | 344/766 kBProgress (4): 109/164 kB | 228 kB | 434/890 kB | 344/766 kB                                                           Downloaded from central: https://repo.maven.apache.org/maven2/org/codehaus/jackson/jackson-core-asl/1.9.2/jackson-core-asl-1.9.2.jar (228 kB at 189 kB/s)
Downloading from central: https://repo.maven.apache.org/maven2/org/codehaus/jackson/jackson-xc/1.9.2/jackson-xc-1.9.2.jar
Progress (3): 109/164 kB | 434/890 kB | 348/766 kBProgress (3): 109/164 kB | 442/890 kB | 348/766 kBProgress (3): 109/164 kB | 442/890 kB | 352/766 kBProgress (3): 109/164 kB | 451/890 kB | 352/766 kBProgress (3): 109/164 kB | 451/890 kB | 356/766 kBProgress (3): 109/164 kB | 451/890 kB | 360/766 kBProgress (3): 109/164 kB | 459/890 kB | 360/766 kBProgress (3): 109/164 kB | 467/890 kB | 360/766 kBProgress (3): 109/164 kB | 467/890 kB | 365/766 kBProgress (3): 109/164 kB | 467/890 kB | 369/766 kBProgress (3): 109/164 kB | 467/890 kB | 373/766 kBProgress (3): 109/164 kB | 467/890 kB | 377/766 kBProgress (3): 109/164 kB | 475/890 kB | 377/766 kBProgress (3): 109/164 kB | 483/890 kB | 377/766 kBProgress (3): 109/164 kB | 483/890 kB | 381/766 kBProgress (3): 109/164 kB | 483/890 kB | 385/766 kBProgress (3): 109/164 kB | 483/890 kB | 389/766 kBProgress (3): 109/164 kB | 483/890 kB | 393/766 kBProgress (3): 113/164 kB | 483/890 kB | 393/766 kBProgress (3): 113/164 kB | 483/890 kB | 397/766 kBProgress (3): 113/164 kB | 492/890 kB | 397/766 kBProgress (3): 118/164 kB | 492/890 kB | 397/766 kBProgress (3): 118/164 kB | 492/890 kB | 401/766 kBProgress (3): 122/164 kB | 492/890 kB | 401/766 kBProgress (3): 122/164 kB | 492/890 kB | 406/766 kBProgress (3): 122/164 kB | 500/890 kB | 406/766 kBProgress (3): 126/164 kB | 500/890 kB | 406/766 kBProgress (3): 126/164 kB | 500/890 kB | 410/766 kBProgress (3): 126/164 kB | 500/890 kB | 414/766 kBProgress (3): 126/164 kB | 500/890 kB | 418/766 kBProgress (3): 126/164 kB | 500/890 kB | 422/766 kBProgress (3): 126/164 kB | 500/890 kB | 426/766 kBProgress (3): 126/164 kB | 500/890 kB | 430/766 kBProgress (3): 126/164 kB | 500/890 kB | 434/766 kBProgress (3): 126/164 kB | 500/890 kB | 438/766 kBProgress (3): 126/164 kB | 500/890 kB | 442/766 kBProgress (3): 126/164 kB | 500/890 kB | 446/766 kBProgress (3): 126/164 kB | 500/890 kB | 451/766 kBProgress (3): 126/164 kB | 500/890 kB | 455/766 kBProgress (3): 126/164 kB | 500/890 kB | 459/766 kBProgress (3): 126/164 kB | 500/890 kB | 463/766 kBProgress (3): 126/164 kB | 500/890 kB | 467/766 kBProgress (3): 126/164 kB | 500/890 kB | 471/766 kBProgress (3): 126/164 kB | 500/890 kB | 475/766 kBProgress (3): 126/164 kB | 500/890 kB | 479/766 kBProgress (3): 126/164 kB | 500/890 kB | 483/766 kBProgress (3): 126/164 kB | 500/890 kB | 487/766 kBProgress (3): 126/164 kB | 500/890 kB | 492/766 kBProgress (3): 126/164 kB | 500/890 kB | 496/766 kBProgress (3): 126/164 kB | 500/890 kB | 500/766 kBProgress (3): 126/164 kB | 500/890 kB | 504/766 kBProgress (3): 126/164 kB | 500/890 kB | 508/766 kBProgress (3): 126/164 kB | 500/890 kB | 512/766 kBProgress (3): 126/164 kB | 500/890 kB | 516/766 kBProgress (3): 126/164 kB | 500/890 kB | 520/766 kBProgress (3): 126/164 kB | 500/890 kB | 524/766 kBProgress (3): 126/164 kB | 500/890 kB | 528/766 kBProgress (3): 126/164 kB | 500/890 kB | 532/766 kBProgress (3): 126/164 kB | 500/890 kB | 537/766 kBProgress (3): 126/164 kB | 500/890 kB | 541/766 kBProgress (3): 126/164 kB | 500/890 kB | 545/766 kBProgress (3): 126/164 kB | 500/890 kB | 549/766 kBProgress (3): 126/164 kB | 500/890 kB | 553/766 kBProgress (3): 126/164 kB | 500/890 kB | 557/766 kBProgress (4): 126/164 kB | 500/890 kB | 557/766 kB | 4.1/18 kBProgress (4): 126/164 kB | 500/890 kB | 557/766 kB | 8.2/18 kBProgress (4): 126/164 kB | 500/890 kB | 557/766 kB | 12/18 kB Progress (4): 126/164 kB | 500/890 kB | 557/766 kB | 16/18 kBProgress (4): 126/164 kB | 500/890 kB | 557/766 kB | 18 kB   Progress (4): 130/164 kB | 500/890 kB | 557/766 kB | 18 kBProgress (4): 134/164 kB | 500/890 kB | 557/766 kB | 18 kBProgress (4): 138/164 kB | 500/890 kB | 557/766 kB | 18 kBProgress (4): 142/164 kB | 500/890 kB | 557/766 kB | 18 kBProgress (4): 142/164 kB | 508/890 kB | 557/766 kB | 18 kBProgress (4): 142/164 kB | 516/890 kB | 557/766 kB | 18 kBProgress (4): 142/164 kB | 524/890 kB | 557/766 kB | 18 kBProgress (4): 142/164 kB | 532/890 kB | 557/766 kB | 18 kBProgress (4): 146/164 kB | 532/890 kB | 557/766 kB | 18 kBProgress (4): 146/164 kB | 541/890 kB | 557/766 kB | 18 kBProgress (4): 150/164 kB | 541/890 kB | 557/766 kB | 18 kBProgress (4): 150/164 kB | 549/890 kB | 557/766 kB | 18 kBProgress (4): 154/164 kB | 549/890 kB | 557/766 kB | 18 kBProgress (4): 158/164 kB | 549/890 kB | 557/766 kB | 18 kBProgress (4): 158/164 kB | 557/890 kB | 557/766 kB | 18 kBProgress (4): 158/164 kB | 565/890 kB | 557/766 kB | 18 kBProgress (4): 163/164 kB | 565/890 kB | 557/766 kB | 18 kBProgress (4): 164 kB | 565/890 kB | 557/766 kB | 18 kB    Progress (4): 164 kB | 573/890 kB | 557/766 kB | 18 kBProgress (4): 164 kB | 582/890 kB | 557/766 kB | 18 kBProgress (4): 164 kB | 590/890 kB | 557/766 kB | 18 kBProgress (4): 164 kB | 598/890 kB | 557/766 kB | 18 kBProgress (4): 164 kB | 606/890 kB | 557/766 kB | 18 kBProgress (4): 164 kB | 614/890 kB | 557/766 kB | 18 kBProgress (4): 164 kB | 623/890 kB | 557/766 kB | 18 kBProgress (4): 164 kB | 631/890 kB | 557/766 kB | 18 kBProgress (4): 164 kB | 639/890 kB | 557/766 kB | 18 kBProgress (4): 164 kB | 647/890 kB | 557/766 kB | 18 kBProgress (4): 164 kB | 655/890 kB | 557/766 kB | 18 kBProgress (4): 164 kB | 664/890 kB | 557/766 kB | 18 kBProgress (4): 164 kB | 672/890 kB | 557/766 kB | 18 kBProgress (4): 164 kB | 680/890 kB | 557/766 kB | 18 kBProgress (4): 164 kB | 688/890 kB | 557/766 kB | 18 kBProgress (4): 164 kB | 696/890 kB | 557/766 kB | 18 kBProgress (4): 164 kB | 705/890 kB | 557/766 kB | 18 kBProgress (4): 164 kB | 713/890 kB | 557/766 kB | 18 kBProgress (4): 164 kB | 721/890 kB | 557/766 kB | 18 kBProgress (4): 164 kB | 729/890 kB | 557/766 kB | 18 kBProgress (4): 164 kB | 737/890 kB | 557/766 kB | 18 kBProgress (4): 164 kB | 745/890 kB | 557/766 kB | 18 kBProgress (4): 164 kB | 754/890 kB | 557/766 kB | 18 kBProgress (4): 164 kB | 754/890 kB | 561/766 kB | 18 kBProgress (4): 164 kB | 754/890 kB | 565/766 kB | 18 kBProgress (4): 164 kB | 762/890 kB | 565/766 kB | 18 kBProgress (4): 164 kB | 762/890 kB | 569/766 kB | 18 kBProgress (4): 164 kB | 770/890 kB | 569/766 kB | 18 kBProgress (4): 164 kB | 770/890 kB | 573/766 kB | 18 kBProgress (4): 164 kB | 770/890 kB | 578/766 kB | 18 kBProgress (4): 164 kB | 778/890 kB | 578/766 kB | 18 kBProgress (4): 164 kB | 778/890 kB | 582/766 kB | 18 kBProgress (4): 164 kB | 786/890 kB | 582/766 kB | 18 kBProgress (4): 164 kB | 786/890 kB | 586/766 kB | 18 kBProgress (4): 164 kB | 786/890 kB | 590/766 kB | 18 kBProgress (4): 164 kB | 795/890 kB | 590/766 kB | 18 kBProgress (4): 164 kB | 803/890 kB | 590/766 kB | 18 kBProgress (4): 164 kB | 803/890 kB | 594/766 kB | 18 kBProgress (4): 164 kB | 803/890 kB | 598/766 kB | 18 kBProgress (4): 164 kB | 803/890 kB | 602/766 kB | 18 kBProgress (4): 164 kB | 803/890 kB | 606/766 kB | 18 kBProgress (4): 164 kB | 803/890 kB | 610/766 kB | 18 kBProgress (4): 164 kB | 811/890 kB | 610/766 kB | 18 kBProgress (4): 164 kB | 811/890 kB | 614/766 kB | 18 kBProgress (4): 164 kB | 819/890 kB | 614/766 kB | 18 kBProgress (4): 164 kB | 819/890 kB | 618/766 kB | 18 kBProgress (4): 164 kB | 819/890 kB | 623/766 kB | 18 kBProgress (4): 164 kB | 827/890 kB | 623/766 kB | 18 kBProgress (4): 164 kB | 836/890 kB | 623/766 kB | 18 kBProgress (4): 164 kB | 836/890 kB | 627/766 kB | 18 kBProgress (4): 164 kB | 844/890 kB | 627/766 kB | 18 kBProgress (4): 164 kB | 844/890 kB | 631/766 kB | 18 kBProgress (4): 164 kB | 844/890 kB | 635/766 kB | 18 kBProgress (4): 164 kB | 852/890 kB | 635/766 kB | 18 kBProgress (4): 164 kB | 852/890 kB | 639/766 kB | 18 kBProgress (4): 164 kB | 852/890 kB | 643/766 kB | 18 kBProgress (4): 164 kB | 852/890 kB | 647/766 kB | 18 kBProgress (4): 164 kB | 860/890 kB | 647/766 kB | 18 kBProgress (4): 164 kB | 860/890 kB | 651/766 kB | 18 kBProgress (4): 164 kB | 860/890 kB | 655/766 kB | 18 kBProgress (4): 164 kB | 868/890 kB | 655/766 kB | 18 kBProgress (4): 164 kB | 877/890 kB | 655/766 kB | 18 kBProgress (4): 164 kB | 885/890 kB | 655/766 kB | 18 kBProgress (4): 164 kB | 885/890 kB | 659/766 kB | 18 kBProgress (4): 164 kB | 890 kB | 659/766 kB | 18 kB    Progress (4): 164 kB | 890 kB | 664/766 kB | 18 kBProgress (4): 164 kB | 890 kB | 668/766 kB | 18 kBProgress (4): 164 kB | 890 kB | 672/766 kB | 18 kBProgress (4): 164 kB | 890 kB | 676/766 kB | 18 kBProgress (4): 164 kB | 890 kB | 680/766 kB | 18 kBProgress (4): 164 kB | 890 kB | 684/766 kB | 18 kBProgress (4): 164 kB | 890 kB | 688/766 kB | 18 kBProgress (4): 164 kB | 890 kB | 692/766 kB | 18 kBProgress (4): 164 kB | 890 kB | 696/766 kB | 18 kBProgress (4): 164 kB | 890 kB | 700/766 kB | 18 kBProgress (4): 164 kB | 890 kB | 705/766 kB | 18 kBProgress (4): 164 kB | 890 kB | 709/766 kB | 18 kBProgress (4): 164 kB | 890 kB | 713/766 kB | 18 kBProgress (4): 164 kB | 890 kB | 717/766 kB | 18 kBProgress (4): 164 kB | 890 kB | 721/766 kB | 18 kBProgress (4): 164 kB | 890 kB | 725/766 kB | 18 kBProgress (4): 164 kB | 890 kB | 729/766 kB | 18 kBProgress (4): 164 kB | 890 kB | 733/766 kB | 18 kBProgress (4): 164 kB | 890 kB | 737/766 kB | 18 kBProgress (4): 164 kB | 890 kB | 741/766 kB | 18 kBProgress (4): 164 kB | 890 kB | 745/766 kB | 18 kBProgress (4): 164 kB | 890 kB | 750/766 kB | 18 kBProgress (4): 164 kB | 890 kB | 754/766 kB | 18 kBProgress (4): 164 kB | 890 kB | 758/766 kB | 18 kBProgress (4): 164 kB | 890 kB | 762/766 kB | 18 kBProgress (4): 164 kB | 890 kB | 766 kB | 18 kB    Progress (5): 164 kB | 890 kB | 766 kB | 18 kB | 4.1/27 kBProgress (5): 164 kB | 890 kB | 766 kB | 18 kB | 8.2/27 kBProgress (5): 164 kB | 890 kB | 766 kB | 18 kB | 12/27 kB Progress (5): 164 kB | 890 kB | 766 kB | 18 kB | 16/27 kBProgress (5): 164 kB | 890 kB | 766 kB | 18 kB | 20/27 kBProgress (5): 164 kB | 890 kB | 766 kB | 18 kB | 25/27 kBProgress (5): 164 kB | 890 kB | 766 kB | 18 kB | 27 kB                                                         Downloaded from central: https://repo.maven.apache.org/maven2/org/codehaus/jackson/jackson-jaxrs/1.9.2/jackson-jaxrs-1.9.2.jar (18 kB at 13 kB/s)
Downloading from central: https://repo.maven.apache.org/maven2/org/apache/httpcomponents/httpclient/4.2.6/httpclient-4.2.6.jar
Downloaded from central: https://repo.maven.apache.org/maven2/com/sun/jersey/jersey-json/1.17.1/jersey-json-1.17.1.jar (164 kB at 115 kB/s)
Downloading from central: https://repo.maven.apache.org/maven2/org/apache/httpcomponents/httpcore/4.2.5/httpcore-4.2.5.jar
Downloaded from central: https://repo.maven.apache.org/maven2/com/sun/xml/bind/jaxb-impl/2.2.3-1/jaxb-impl-2.2.3-1.jar (890 kB at 604 kB/s)
Downloading from central: https://repo.maven.apache.org/maven2/org/slf4j/jcl-over-slf4j/1.7.5/jcl-over-slf4j-1.7.5.jar
Downloaded from central: https://repo.maven.apache.org/maven2/org/codehaus/jackson/jackson-xc/1.9.2/jackson-xc-1.9.2.jar (27 kB at 18 kB/s)
Downloading from central: https://repo.maven.apache.org/maven2/org/sonatype/spice/zapper/spice-zapper/1.2/spice-zapper-1.2.jar
Downloaded from central: https://repo.maven.apache.org/maven2/org/codehaus/jackson/jackson-mapper-asl/1.9.2/jackson-mapper-asl-1.9.2.jar (766 kB at 507 kB/s)
Downloading from central: https://repo.maven.apache.org/maven2/com/google/protobuf/protobuf-java/2.4.1/protobuf-java-2.4.1.jar
Progress (1): 4.1/436 kBProgress (1): 8.2/436 kBProgress (1): 12/436 kB Progress (1): 16/436 kBProgress (1): 20/436 kBProgress (1): 25/436 kBProgress (1): 29/436 kBProgress (1): 33/436 kBProgress (1): 37/436 kBProgress (1): 41/436 kBProgress (1): 45/436 kBProgress (1): 49/436 kBProgress (1): 53/436 kBProgress (1): 57/436 kBProgress (1): 61/436 kBProgress (1): 66/436 kBProgress (2): 66/436 kB | 4.1/228 kBProgress (2): 66/436 kB | 8.2/228 kBProgress (2): 66/436 kB | 12/228 kB Progress (2): 66/436 kB | 16/228 kBProgress (2): 70/436 kB | 16/228 kBProgress (2): 74/436 kB | 16/228 kBProgress (2): 78/436 kB | 16/228 kBProgress (2): 82/436 kB | 16/228 kBProgress (2): 82/436 kB | 20/228 kBProgress (2): 82/436 kB | 25/228 kBProgress (2): 82/436 kB | 29/228 kBProgress (2): 82/436 kB | 33/228 kBProgress (2): 82/436 kB | 37/228 kBProgress (2): 86/436 kB | 37/228 kBProgress (2): 86/436 kB | 41/228 kBProgress (2): 90/436 kB | 41/228 kBProgress (2): 90/436 kB | 45/228 kBProgress (2): 94/436 kB | 45/228 kBProgress (2): 94/436 kB | 49/228 kBProgress (2): 98/436 kB | 49/228 kBProgress (2): 98/436 kB | 53/228 kBProgress (2): 98/436 kB | 57/228 kBProgress (2): 98/436 kB | 61/228 kBProgress (2): 98/436 kB | 66/228 kBProgress (2): 102/436 kB | 66/228 kBProgress (2): 106/436 kB | 66/228 kBProgress (2): 111/436 kB | 66/228 kBProgress (2): 115/436 kB | 66/228 kBProgress (2): 115/436 kB | 70/228 kBProgress (2): 115/436 kB | 74/228 kBProgress (2): 115/436 kB | 78/228 kBProgress (2): 115/436 kB | 82/228 kBProgress (2): 115/436 kB | 86/228 kBProgress (2): 115/436 kB | 90/228 kBProgress (2): 115/436 kB | 94/228 kBProgress (2): 115/436 kB | 98/228 kBProgress (2): 119/436 kB | 98/228 kBProgress (2): 123/436 kB | 98/228 kBProgress (2): 127/436 kB | 98/228 kBProgress (2): 131/436 kB | 98/228 kBProgress (2): 131/436 kB | 102/228 kBProgress (2): 131/436 kB | 106/228 kBProgress (2): 131/436 kB | 111/228 kBProgress (2): 131/436 kB | 115/228 kBProgress (2): 135/436 kB | 115/228 kBProgress (2): 139/436 kB | 115/228 kBProgress (2): 143/436 kB | 115/228 kBProgress (2): 147/436 kB | 115/228 kBProgress (2): 147/436 kB | 119/228 kBProgress (2): 147/436 kB | 123/228 kBProgress (2): 147/436 kB | 127/228 kBProgress (2): 147/436 kB | 131/228 kBProgress (2): 152/436 kB | 131/228 kBProgress (2): 152/436 kB | 135/228 kBProgress (2): 156/436 kB | 135/228 kBProgress (2): 160/436 kB | 135/228 kBProgress (2): 164/436 kB | 135/228 kBProgress (2): 164/436 kB | 139/228 kBProgress (2): 164/436 kB | 143/228 kBProgress (2): 164/436 kB | 147/228 kBProgress (2): 164/436 kB | 152/228 kBProgress (2): 164/436 kB | 156/228 kBProgress (2): 164/436 kB | 160/228 kBProgress (2): 164/436 kB | 164/228 kBProgress (2): 168/436 kB | 164/228 kBProgress (2): 168/436 kB | 168/228 kBProgress (2): 168/436 kB | 172/228 kBProgress (2): 172/436 kB | 172/228 kBProgress (2): 172/436 kB | 176/228 kBProgress (2): 176/436 kB | 176/228 kBProgress (2): 176/436 kB | 180/228 kBProgress (2): 180/436 kB | 180/228 kBProgress (2): 180/436 kB | 184/228 kBProgress (2): 180/436 kB | 188/228 kBProgress (2): 180/436 kB | 193/228 kBProgress (2): 180/436 kB | 197/228 kBProgress (2): 184/436 kB | 197/228 kBProgress (2): 188/436 kB | 197/228 kBProgress (2): 193/436 kB | 197/228 kBProgress (2): 197/436 kB | 197/228 kBProgress (2): 201/436 kB | 197/228 kBProgress (2): 205/436 kB | 197/228 kBProgress (2): 209/436 kB | 197/228 kBProgress (2): 213/436 kB | 197/228 kBProgress (3): 213/436 kB | 197/228 kB | 4.1/168 kBProgress (3): 213/436 kB | 197/228 kB | 8.2/168 kBProgress (3): 213/436 kB | 197/228 kB | 12/168 kB Progress (3): 213/436 kB | 197/228 kB | 16/168 kB                                                 Downloaded from central: https://repo.maven.apache.org/maven2/org/slf4j/jcl-over-slf4j/1.7.5/jcl-over-slf4j-1.7.5.jar (0 B at 0 B/s)
Progress (3): 213/436 kB | 197/228 kB | 20/168 kB                                                 Downloading from central: https://repo.maven.apache.org/maven2/org/sonatype/sisu/sisu-charger/1.1/sisu-charger-1.1.jar
Progress (3): 213/436 kB | 197/228 kB | 25/168 kBProgress (3): 213/436 kB | 197/228 kB | 29/168 kBProgress (3): 213/436 kB | 197/228 kB | 33/168 kBProgress (3): 213/436 kB | 197/228 kB | 37/168 kBProgress (3): 213/436 kB | 197/228 kB | 41/168 kBProgress (3): 213/436 kB | 197/228 kB | 45/168 kBProgress (3): 213/436 kB | 197/228 kB | 49/168 kBProgress (3): 213/436 kB | 197/228 kB | 53/168 kBProgress (3): 213/436 kB | 197/228 kB | 57/168 kBProgress (3): 213/436 kB | 197/228 kB | 61/168 kBProgress (3): 213/436 kB | 197/228 kB | 66/168 kBProgress (3): 213/436 kB | 197/228 kB | 70/168 kBProgress (3): 213/436 kB | 197/228 kB | 74/168 kBProgress (3): 213/436 kB | 197/228 kB | 78/168 kBProgress (3): 213/436 kB | 197/228 kB | 82/168 kBProgress (3): 213/436 kB | 197/228 kB | 86/168 kBProgress (3): 213/436 kB | 197/228 kB | 90/168 kBProgress (3): 213/436 kB | 197/228 kB | 94/168 kBProgress (3): 213/436 kB | 197/228 kB | 98/168 kBProgress (3): 213/436 kB | 197/228 kB | 102/168 kBProgress (3): 213/436 kB | 197/228 kB | 106/168 kBProgress (3): 213/436 kB | 197/228 kB | 111/168 kBProgress (3): 213/436 kB | 197/228 kB | 115/168 kBProgress (3): 213/436 kB | 197/228 kB | 119/168 kBProgress (3): 213/436 kB | 197/228 kB | 123/168 kBProgress (3): 213/436 kB | 197/228 kB | 127/168 kBProgress (3): 213/436 kB | 197/228 kB | 131/168 kBProgress (4): 213/436 kB | 197/228 kB | 131/168 kB | 4.1/450 kBProgress (4): 213/436 kB | 197/228 kB | 131/168 kB | 8.2/450 kBProgress (4): 213/436 kB | 197/228 kB | 131/168 kB | 12/450 kB Progress (4): 213/436 kB | 197/228 kB | 131/168 kB | 16/450 kBProgress (4): 213/436 kB | 197/228 kB | 131/168 kB | 20/450 kBProgress (4): 213/436 kB | 197/228 kB | 135/168 kB | 20/450 kBProgress (4): 213/436 kB | 197/228 kB | 135/168 kB | 25/450 kBProgress (4): 213/436 kB | 197/228 kB | 139/168 kB | 25/450 kBProgress (4): 213/436 kB | 197/228 kB | 139/168 kB | 29/450 kBProgress (4): 213/436 kB | 197/228 kB | 143/168 kB | 29/450 kBProgress (4): 213/436 kB | 197/228 kB | 147/168 kB | 29/450 kBProgress (4): 213/436 kB | 197/228 kB | 147/168 kB | 33/450 kBProgress (4): 213/436 kB | 197/228 kB | 147/168 kB | 37/450 kBProgress (4): 213/436 kB | 197/228 kB | 147/168 kB | 41/450 kBProgress (4): 213/436 kB | 197/228 kB | 147/168 kB | 45/450 kBProgress (4): 213/436 kB | 197/228 kB | 147/168 kB | 49/450 kBProgress (4): 213/436 kB | 197/228 kB | 152/168 kB | 49/450 kBProgress (4): 213/436 kB | 197/228 kB | 152/168 kB | 53/450 kBProgress (4): 213/436 kB | 197/228 kB | 156/168 kB | 53/450 kBProgress (4): 213/436 kB | 197/228 kB | 156/168 kB | 57/450 kBProgress (4): 213/436 kB | 197/228 kB | 160/168 kB | 57/450 kBProgress (4): 213/436 kB | 197/228 kB | 160/168 kB | 61/450 kBProgress (4): 213/436 kB | 197/228 kB | 164/168 kB | 61/450 kBProgress (4): 213/436 kB | 197/228 kB | 164/168 kB | 66/450 kBProgress (4): 213/436 kB | 197/228 kB | 168 kB | 66/450 kB    Progress (4): 213/436 kB | 197/228 kB | 168 kB | 70/450 kBProgress (4): 213/436 kB | 197/228 kB | 168 kB | 74/450 kBProgress (4): 213/436 kB | 197/228 kB | 168 kB | 78/450 kBProgress (4): 213/436 kB | 197/228 kB | 168 kB | 82/450 kBProgress (4): 213/436 kB | 197/228 kB | 168 kB | 86/450 kBProgress (4): 213/436 kB | 197/228 kB | 168 kB | 90/450 kBProgress (4): 213/436 kB | 197/228 kB | 168 kB | 94/450 kBProgress (4): 213/436 kB | 197/228 kB | 168 kB | 98/450 kBProgress (4): 213/436 kB | 197/228 kB | 168 kB | 102/450 kBProgress (4): 213/436 kB | 197/228 kB | 168 kB | 106/450 kBProgress (4): 213/436 kB | 197/228 kB | 168 kB | 111/450 kBProgress (4): 213/436 kB | 197/228 kB | 168 kB | 115/450 kBProgress (4): 213/436 kB | 197/228 kB | 168 kB | 119/450 kBProgress (4): 213/436 kB | 197/228 kB | 168 kB | 123/450 kBProgress (4): 213/436 kB | 197/228 kB | 168 kB | 127/450 kBProgress (4): 213/436 kB | 197/228 kB | 168 kB | 131/450 kBProgress (4): 213/436 kB | 197/228 kB | 168 kB | 135/450 kBProgress (4): 213/436 kB | 197/228 kB | 168 kB | 139/450 kBProgress (4): 213/436 kB | 197/228 kB | 168 kB | 143/450 kBProgress (4): 213/436 kB | 197/228 kB | 168 kB | 147/450 kBProgress (4): 213/436 kB | 197/228 kB | 168 kB | 152/450 kBProgress (4): 217/436 kB | 197/228 kB | 168 kB | 152/450 kBProgress (4): 217/436 kB | 197/228 kB | 168 kB | 156/450 kBProgress (4): 221/436 kB | 197/228 kB | 168 kB | 156/450 kBProgress (4): 221/436 kB | 197/228 kB | 168 kB | 160/450 kBProgress (4): 225/436 kB | 197/228 kB | 168 kB | 160/450 kBProgress (4): 225/436 kB | 197/228 kB | 168 kB | 164/450 kBProgress (4): 229/436 kB | 197/228 kB | 168 kB | 164/450 kBProgress (4): 229/436 kB | 197/228 kB | 168 kB | 168/450 kBProgress (4): 229/436 kB | 197/228 kB | 168 kB | 172/450 kBProgress (4): 229/436 kB | 197/228 kB | 168 kB | 176/450 kBProgress (4): 229/436 kB | 197/228 kB | 168 kB | 180/450 kBProgress (4): 229/436 kB | 197/228 kB | 168 kB | 184/450 kBProgress (4): 229/436 kB | 197/228 kB | 168 kB | 188/450 kBProgress (4): 229/436 kB | 197/228 kB | 168 kB | 193/450 kBProgress (4): 229/436 kB | 197/228 kB | 168 kB | 197/450 kBProgress (4): 229/436 kB | 197/228 kB | 168 kB | 201/450 kBProgress (4): 229/436 kB | 197/228 kB | 168 kB | 205/450 kBProgress (4): 229/436 kB | 197/228 kB | 168 kB | 209/450 kBProgress (4): 229/436 kB | 197/228 kB | 168 kB | 213/450 kBProgress (4): 229/436 kB | 197/228 kB | 168 kB | 217/450 kBProgress (4): 229/436 kB | 197/228 kB | 168 kB | 221/450 kBProgress (4): 229/436 kB | 197/228 kB | 168 kB | 225/450 kBProgress (4): 229/436 kB | 197/228 kB | 168 kB | 229/450 kBProgress (4): 229/436 kB | 197/228 kB | 168 kB | 233/450 kBProgress (4): 229/436 kB | 197/228 kB | 168 kB | 238/450 kBProgress (4): 229/436 kB | 197/228 kB | 168 kB | 242/450 kBProgress (4): 229/436 kB | 197/228 kB | 168 kB | 246/450 kBProgress (4): 229/436 kB | 197/228 kB | 168 kB | 250/450 kBProgress (4): 229/436 kB | 197/228 kB | 168 kB | 254/450 kBProgress (4): 229/436 kB | 197/228 kB | 168 kB | 258/450 kBProgress (4): 229/436 kB | 197/228 kB | 168 kB | 262/450 kBProgress (4): 233/436 kB | 197/228 kB | 168 kB | 262/450 kBProgress (4): 233/436 kB | 197/228 kB | 168 kB | 266/450 kBProgress (4): 238/436 kB | 197/228 kB | 168 kB | 266/450 kBProgress (4): 238/436 kB | 197/228 kB | 168 kB | 270/450 kBProgress (4): 238/436 kB | 197/228 kB | 168 kB | 274/450 kBProgress (4): 238/436 kB | 197/228 kB | 168 kB | 279/450 kBProgress (4): 242/436 kB | 197/228 kB | 168 kB | 279/450 kBProgress (4): 246/436 kB | 197/228 kB | 168 kB | 279/450 kBProgress (4): 246/436 kB | 197/228 kB | 168 kB | 283/450 kBProgress (4): 246/436 kB | 197/228 kB | 168 kB | 287/450 kBProgress (4): 246/436 kB | 197/228 kB | 168 kB | 291/450 kBProgress (4): 246/436 kB | 197/228 kB | 168 kB | 295/450 kBProgress (4): 246/436 kB | 197/228 kB | 168 kB | 299/450 kBProgress (4): 246/436 kB | 197/228 kB | 168 kB | 303/450 kBProgress (4): 246/436 kB | 197/228 kB | 168 kB | 307/450 kBProgress (4): 246/436 kB | 197/228 kB | 168 kB | 311/450 kBProgress (4): 246/436 kB | 197/228 kB | 168 kB | 315/450 kBProgress (4): 246/436 kB | 197/228 kB | 168 kB | 319/450 kBProgress (4): 246/436 kB | 197/228 kB | 168 kB | 324/450 kBProgress (4): 246/436 kB | 197/228 kB | 168 kB | 328/450 kBProgress (4): 246/436 kB | 197/228 kB | 168 kB | 332/450 kBProgress (4): 246/436 kB | 197/228 kB | 168 kB | 336/450 kBProgress (4): 246/436 kB | 197/228 kB | 168 kB | 340/450 kBProgress (4): 246/436 kB | 197/228 kB | 168 kB | 344/450 kBProgress (4): 246/436 kB | 197/228 kB | 168 kB | 348/450 kBProgress (4): 246/436 kB | 197/228 kB | 168 kB | 352/450 kBProgress (4): 246/436 kB | 197/228 kB | 168 kB | 356/450 kBProgress (4): 246/436 kB | 197/228 kB | 168 kB | 360/450 kBProgress (4): 246/436 kB | 197/228 kB | 168 kB | 365/450 kBProgress (4): 246/436 kB | 197/228 kB | 168 kB | 369/450 kBProgress (4): 246/436 kB | 197/228 kB | 168 kB | 373/450 kBProgress (4): 246/436 kB | 197/228 kB | 168 kB | 377/450 kBProgress (4): 246/436 kB | 197/228 kB | 168 kB | 381/450 kBProgress (4): 250/436 kB | 197/228 kB | 168 kB | 381/450 kBProgress (4): 254/436 kB | 197/228 kB | 168 kB | 381/450 kBProgress (4): 258/436 kB | 197/228 kB | 168 kB | 381/450 kBProgress (4): 262/436 kB | 197/228 kB | 168 kB | 381/450 kBProgress (4): 262/436 kB | 197/228 kB | 168 kB | 385/450 kBProgress (4): 262/436 kB | 197/228 kB | 168 kB | 389/450 kBProgress (4): 262/436 kB | 197/228 kB | 168 kB | 393/450 kBProgress (4): 262/436 kB | 197/228 kB | 168 kB | 397/450 kBProgress (4): 262/436 kB | 197/228 kB | 168 kB | 401/450 kBProgress (4): 262/436 kB | 197/228 kB | 168 kB | 406/450 kBProgress (4): 262/436 kB | 197/228 kB | 168 kB | 410/450 kBProgress (4): 262/436 kB | 197/228 kB | 168 kB | 414/450 kBProgress (4): 262/436 kB | 197/228 kB | 168 kB | 418/450 kBProgress (4): 262/436 kB | 197/228 kB | 168 kB | 422/450 kBProgress (4): 262/436 kB | 197/228 kB | 168 kB | 426/450 kBProgress (4): 262/436 kB | 197/228 kB | 168 kB | 430/450 kBProgress (4): 262/436 kB | 197/228 kB | 168 kB | 434/450 kBProgress (4): 262/436 kB | 197/228 kB | 168 kB | 438/450 kBProgress (4): 262/436 kB | 197/228 kB | 168 kB | 442/450 kBProgress (4): 262/436 kB | 197/228 kB | 168 kB | 446/450 kBProgress (4): 262/436 kB | 197/228 kB | 168 kB | 450 kB    Progress (4): 266/436 kB | 197/228 kB | 168 kB | 450 kBProgress (4): 270/436 kB | 197/228 kB | 168 kB | 450 kBProgress (4): 274/436 kB | 197/228 kB | 168 kB | 450 kBProgress (4): 279/436 kB | 197/228 kB | 168 kB | 450 kBProgress (4): 279/436 kB | 201/228 kB | 168 kB | 450 kBProgress (4): 279/436 kB | 205/228 kB | 168 kB | 450 kBProgress (4): 279/436 kB | 209/228 kB | 168 kB | 450 kBProgress (4): 279/436 kB | 213/228 kB | 168 kB | 450 kBProgress (4): 279/436 kB | 217/228 kB | 168 kB | 450 kBProgress (4): 279/436 kB | 221/228 kB | 168 kB | 450 kBProgress (4): 279/436 kB | 225/228 kB | 168 kB | 450 kBProgress (4): 283/436 kB | 225/228 kB | 168 kB | 450 kBProgress (4): 283/436 kB | 228 kB | 168 kB | 450 kB    Progress (4): 287/436 kB | 228 kB | 168 kB | 450 kBProgress (4): 291/436 kB | 228 kB | 168 kB | 450 kBProgress (4): 295/436 kB | 228 kB | 168 kB | 450 kBProgress (4): 299/436 kB | 228 kB | 168 kB | 450 kBProgress (4): 303/436 kB | 228 kB | 168 kB | 450 kBProgress (4): 307/436 kB | 228 kB | 168 kB | 450 kBProgress (4): 311/436 kB | 228 kB | 168 kB | 450 kBProgress (4): 315/436 kB | 228 kB | 168 kB | 450 kBProgress (4): 319/436 kB | 228 kB | 168 kB | 450 kBProgress (4): 324/436 kB | 228 kB | 168 kB | 450 kBProgress (4): 328/436 kB | 228 kB | 168 kB | 450 kBProgress (4): 332/436 kB | 228 kB | 168 kB | 450 kBProgress (4): 336/436 kB | 228 kB | 168 kB | 450 kBProgress (4): 340/436 kB | 228 kB | 168 kB | 450 kBProgress (4): 344/436 kB | 228 kB | 168 kB | 450 kBProgress (4): 348/436 kB | 228 kB | 168 kB | 450 kBProgress (4): 352/436 kB | 228 kB | 168 kB | 450 kBProgress (4): 356/436 kB | 228 kB | 168 kB | 450 kBProgress (4): 360/436 kB | 228 kB | 168 kB | 450 kBProgress (4): 365/436 kB | 228 kB | 168 kB | 450 kBProgress (4): 369/436 kB | 228 kB | 168 kB | 450 kBProgress (4): 373/436 kB | 228 kB | 168 kB | 450 kBProgress (4): 377/436 kB | 228 kB | 168 kB | 450 kBProgress (4): 381/436 kB | 228 kB | 168 kB | 450 kBProgress (4): 385/436 kB | 228 kB | 168 kB | 450 kBProgress (4): 389/436 kB | 228 kB | 168 kB | 450 kBProgress (4): 393/436 kB | 228 kB | 168 kB | 450 kBProgress (4): 397/436 kB | 228 kB | 168 kB | 450 kBProgress (4): 401/436 kB | 228 kB | 168 kB | 450 kBProgress (4): 406/436 kB | 228 kB | 168 kB | 450 kBProgress (4): 410/436 kB | 228 kB | 168 kB | 450 kBProgress (4): 414/436 kB | 228 kB | 168 kB | 450 kBProgress (4): 418/436 kB | 228 kB | 168 kB | 450 kBProgress (4): 422/436 kB | 228 kB | 168 kB | 450 kBProgress (4): 426/436 kB | 228 kB | 168 kB | 450 kBProgress (4): 430/436 kB | 228 kB | 168 kB | 450 kBProgress (4): 434/436 kB | 228 kB | 168 kB | 450 kBProgress (4): 436 kB | 228 kB | 168 kB | 450 kB    Progress (5): 436 kB | 228 kB | 168 kB | 450 kB | 4.1/19 kBProgress (5): 436 kB | 228 kB | 168 kB | 450 kB | 8.2/19 kBProgress (5): 436 kB | 228 kB | 168 kB | 450 kB | 12/19 kB Progress (5): 436 kB | 228 kB | 168 kB | 450 kB | 16/19 kBProgress (5): 436 kB | 228 kB | 168 kB | 450 kB | 19 kB                                                          Downloaded from central: https://repo.maven.apache.org/maven2/org/sonatype/spice/zapper/spice-zapper/1.2/spice-zapper-1.2.jar (168 kB at 93 kB/s)
Downloading from central: https://repo.maven.apache.org/maven2/org/slf4j/slf4j-simple/1.7.5/slf4j-simple-1.7.5.jar
Downloaded from central: https://repo.maven.apache.org/maven2/com/google/protobuf/protobuf-java/2.4.1/protobuf-java-2.4.1.jar (450 kB at 246 kB/s)
Downloaded from central: https://repo.maven.apache.org/maven2/org/apache/httpcomponents/httpcore/4.2.5/httpcore-4.2.5.jar (228 kB at 124 kB/s)
Downloaded from central: https://repo.maven.apache.org/maven2/org/apache/httpcomponents/httpclient/4.2.6/httpclient-4.2.6.jar (436 kB at 229 kB/s)
Downloaded from central: https://repo.maven.apache.org/maven2/org/sonatype/sisu/sisu-charger/1.1/sisu-charger-1.1.jar (19 kB at 10.0 kB/s)
Progress (1): 4.1/11 kBProgress (1): 8.2/11 kBProgress (1): 11 kB                       Downloaded from central: https://repo.maven.apache.org/maven2/org/slf4j/slf4j-simple/1.7.5/slf4j-simple-1.7.5.jar (11 kB at 5.1 kB/s)
[WARNING] 
[WARNING] Some problems were encountered while building the effective model for io.gsonfire:gson-fire:jar:1.8.5
[WARNING] 'build.plugins.plugin.version' for biz.aQute.bnd:bnd-maven-plugin is missing. @ line 118, column 21
[WARNING] 
[WARNING] It is highly recommended to fix these problems because they threaten the stability of your build.
[WARNING] 
[WARNING] For this reason, future Maven versions might no longer support building such malformed projects.
[WARNING] 
[INFO] Inspecting build with total of 1 modules...
[INFO] Installing Nexus Staging features:
[INFO]   ... total of 1 executions of maven-deploy-plugin replaced with nexus-staging-maven-plugin
[INFO] 
[INFO] -----------------------< io.gsonfire:gson-fire >------------------------
[INFO] Building Gson on Fire! 1.8.5
[INFO] --------------------------------[ jar ]---------------------------------
Downloading from central: https://repo.maven.apache.org/maven2/biz/aQute/bnd/bnd-maven-plugin/maven-metadata.xml
Progress (1): 987 B                   Downloaded from central: https://repo.maven.apache.org/maven2/biz/aQute/bnd/bnd-maven-plugin/maven-metadata.xml (987 B at 3.3 kB/s)
Downloading from central: https://repo.maven.apache.org/maven2/biz/aQute/bnd/bnd-maven-plugin/6.1.0/bnd-maven-plugin-6.1.0.pom
Progress (1): 4.1/4.4 kBProgress (1): 4.4 kB                        Downloaded from central: https://repo.maven.apache.org/maven2/biz/aQute/bnd/bnd-maven-plugin/6.1.0/bnd-maven-plugin-6.1.0.pom (4.4 kB at 14 kB/s)
Downloading from central: https://repo.maven.apache.org/maven2/biz/aQute/bnd/bnd-maven-plugin/6.1.0/bnd-maven-plugin-6.1.0.jar
Progress (1): 4.1/25 kBProgress (1): 8.2/25 kBProgress (1): 12/25 kB Progress (1): 16/25 kBProgress (1): 20/25 kBProgress (1): 25/25 kBProgress (1): 25 kB                      Downloaded from central: https://repo.maven.apache.org/maven2/biz/aQute/bnd/bnd-maven-plugin/6.1.0/bnd-maven-plugin-6.1.0.jar (25 kB at 82 kB/s)
Downloading from central: https://repo.maven.apache.org/maven2/com/google/code/gson/gson/2.8.6/gson-2.8.6.pom
Progress (1): 2.5 kB                    Downloaded from central: https://repo.maven.apache.org/maven2/com/google/code/gson/gson/2.8.6/gson-2.8.6.pom (2.5 kB at 8.5 kB/s)
Downloading from central: https://repo.maven.apache.org/maven2/com/google/code/gson/gson-parent/2.8.6/gson-parent-2.8.6.pom
Progress (1): 4.1/4.4 kBProgress (1): 4.4 kB                        Downloaded from central: https://repo.maven.apache.org/maven2/com/google/code/gson/gson-parent/2.8.6/gson-parent-2.8.6.pom (4.4 kB at 15 kB/s)
Downloading from central: https://repo.maven.apache.org/maven2/com/google/code/gson/gson/2.8.6/gson-2.8.6.jar
Progress (1): 4.1/240 kBProgress (1): 8.2/240 kBProgress (1): 12/240 kB Progress (1): 16/240 kBProgress (1): 20/240 kBProgress (1): 25/240 kBProgress (1): 29/240 kBProgress (1): 33/240 kBProgress (1): 37/240 kBProgress (1): 41/240 kBProgress (1): 45/240 kBProgress (1): 49/240 kBProgress (1): 53/240 kBProgress (1): 57/240 kBProgress (1): 61/240 kBProgress (1): 66/240 kBProgress (1): 70/240 kBProgress (1): 74/240 kBProgress (1): 78/240 kBProgress (1): 82/240 kBProgress (1): 86/240 kBProgress (1): 90/240 kBProgress (1): 94/240 kBProgress (1): 98/240 kBProgress (1): 102/240 kBProgress (1): 106/240 kBProgress (1): 111/240 kBProgress (1): 115/240 kBProgress (1): 119/240 kBProgress (1): 123/240 kBProgress (1): 127/240 kBProgress (1): 131/240 kBProgress (1): 135/240 kBProgress (1): 139/240 kBProgress (1): 143/240 kBProgress (1): 147/240 kBProgress (1): 152/240 kBProgress (1): 156/240 kBProgress (1): 160/240 kBProgress (1): 164/240 kBProgress (1): 168/240 kBProgress (1): 172/240 kBProgress (1): 176/240 kBProgress (1): 180/240 kBProgress (1): 184/240 kBProgress (1): 188/240 kBProgress (1): 193/240 kBProgress (1): 197/240 kBProgress (1): 201/240 kBProgress (1): 205/240 kBProgress (1): 209/240 kBProgress (1): 213/240 kBProgress (1): 217/240 kBProgress (1): 221/240 kBProgress (1): 225/240 kBProgress (1): 229/240 kBProgress (1): 233/240 kBProgress (1): 238/240 kBProgress (1): 240 kB                        Downloaded from central: https://repo.maven.apache.org/maven2/com/google/code/gson/gson/2.8.6/gson-2.8.6.jar (240 kB at 719 kB/s)
[INFO] 
[INFO] --- maven-clean-plugin:2.5:clean (default-clean) @ gson-fire ---
[INFO] 
[INFO] --- maven-resources-plugin:2.6:resources (default-resources) @ gson-fire ---
[INFO] Using 'UTF-8' encoding to copy filtered resources.
[INFO] skip non existing resourceDirectory /Users/seyoung/data/repo/src/main/resources
[INFO] 
[INFO] --- maven-compiler-plugin:3.1:compile (default-compile) @ gson-fire ---
[INFO] Changes detected - recompiling the module!
[INFO] Compiling 51 source files to /Users/seyoung/data/repo/target/classes
[WARNING] /Users/seyoung/data/repo/src/main/java/io/gsonfire/GsonFireBuilder.java: Some input files use or override a deprecated API.
[WARNING] /Users/seyoung/data/repo/src/main/java/io/gsonfire/GsonFireBuilder.java: Recompile with -Xlint:deprecation for details.
[WARNING] /Users/seyoung/data/repo/src/main/java/io/gsonfire/util/reflection/CachedReflectionFactory.java: Some input files use unchecked or unsafe operations.
[WARNING] /Users/seyoung/data/repo/src/main/java/io/gsonfire/util/reflection/CachedReflectionFactory.java: Recompile with -Xlint:unchecked for details.
[INFO] 
[INFO] --- bnd-maven-plugin:6.1.0:bnd-process (default) @ gson-fire ---
Downloading from central: https://repo.maven.apache.org/maven2/org/apache/maven/shared/maven-mapping/3.0.0/maven-mapping-3.0.0.pom
Progress (1): 4.1/4.1 kBProgress (1): 4.1 kB                        Downloaded from central: https://repo.maven.apache.org/maven2/org/apache/maven/shared/maven-mapping/3.0.0/maven-mapping-3.0.0.pom (4.1 kB at 14 kB/s)
Downloading from central: https://repo.maven.apache.org/maven2/biz/aQute/bnd/biz.aQute.bnd.maven/6.1.0/biz.aQute.bnd.maven-6.1.0.pom
Progress (1): 4.1/6.0 kBProgress (1): 6.0 kB                        Downloaded from central: https://repo.maven.apache.org/maven2/biz/aQute/bnd/biz.aQute.bnd.maven/6.1.0/biz.aQute.bnd.maven-6.1.0.pom (6.0 kB at 21 kB/s)
Downloading from central: https://repo.maven.apache.org/maven2/biz/aQute/bnd/biz.aQute.resolve/6.1.0/biz.aQute.resolve-6.1.0.pom
Progress (1): 4.1/5.4 kBProgress (1): 5.4 kB                        Downloaded from central: https://repo.maven.apache.org/maven2/biz/aQute/bnd/biz.aQute.resolve/6.1.0/biz.aQute.resolve-6.1.0.pom (5.4 kB at 16 kB/s)
Downloading from central: https://repo.maven.apache.org/maven2/org/osgi/org.osgi.service.resolver/1.1.1/org.osgi.service.resolver-1.1.1.pom
Progress (1): 1.8 kB                    Downloaded from central: https://repo.maven.apache.org/maven2/org/osgi/org.osgi.service.resolver/1.1.1/org.osgi.service.resolver-1.1.1.pom (1.8 kB at 6.0 kB/s)
Downloading from central: https://repo.maven.apache.org/maven2/biz/aQute/bnd/biz.aQute.repository/6.1.0/biz.aQute.repository-6.1.0.pom
Progress (1): 4.1/5.1 kBProgress (1): 5.1 kB                        Downloaded from central: https://repo.maven.apache.org/maven2/biz/aQute/bnd/biz.aQute.repository/6.1.0/biz.aQute.repository-6.1.0.pom (5.1 kB at 18 kB/s)
Downloading from central: https://repo.maven.apache.org/maven2/org/osgi/org.osgi.service.coordinator/1.0.2/org.osgi.service.coordinator-1.0.2.pom
Progress (1): 1.3 kB                    Downloaded from central: https://repo.maven.apache.org/maven2/org/osgi/org.osgi.service.coordinator/1.0.2/org.osgi.service.coordinator-1.0.2.pom (1.3 kB at 4.7 kB/s)
Downloading from central: https://repo.maven.apache.org/maven2/org/apache/maven/shared/maven-mapping/3.0.0/maven-mapping-3.0.0.jar
Downloading from central: https://repo.maven.apache.org/maven2/biz/aQute/bnd/biz.aQute.bnd.maven/6.1.0/biz.aQute.bnd.maven-6.1.0.jar
Downloading from central: https://repo.maven.apache.org/maven2/biz/aQute/bnd/biz.aQute.resolve/6.1.0/biz.aQute.resolve-6.1.0.jar
Downloading from central: https://repo.maven.apache.org/maven2/org/osgi/org.osgi.service.resolver/1.1.1/org.osgi.service.resolver-1.1.1.jar
Downloading from central: https://repo.maven.apache.org/maven2/biz/aQute/bnd/biz.aQute.repository/6.1.0/biz.aQute.repository-6.1.0.jar
Progress (1): 4.1/23 kBProgress (1): 8.2/23 kBProgress (1): 12/23 kB Progress (2): 12/23 kB | 4.1/128 kBProgress (2): 16/23 kB | 4.1/128 kBProgress (2): 16/23 kB | 8.2/128 kBProgress (2): 20/23 kB | 8.2/128 kBProgress (2): 20/23 kB | 12/128 kB Progress (2): 23 kB | 12/128 kB   Progress (2): 23 kB | 16/128 kBProgress (2): 23 kB | 20/128 kBProgress (2): 23 kB | 25/128 kBProgress (2): 23 kB | 29/128 kBProgress (2): 23 kB | 33/128 kBProgress (2): 23 kB | 37/128 kBProgress (2): 23 kB | 41/128 kBProgress (2): 23 kB | 45/128 kBProgress (3): 23 kB | 45/128 kB | 4.1/11 kBProgress (3): 23 kB | 49/128 kB | 4.1/11 kBProgress (3): 23 kB | 49/128 kB | 8.2/11 kBProgress (3): 23 kB | 49/128 kB | 11 kB    Progress (3): 23 kB | 53/128 kB | 11 kBProgress (3): 23 kB | 57/128 kB | 11 kBProgress (3): 23 kB | 61/128 kB | 11 kBProgress (3): 23 kB | 66/128 kB | 11 kBProgress (3): 23 kB | 70/128 kB | 11 kBProgress (3): 23 kB | 74/128 kB | 11 kBProgress (3): 23 kB | 78/128 kB | 11 kBProgress (3): 23 kB | 82/128 kB | 11 kBProgress (3): 23 kB | 86/128 kB | 11 kBProgress (3): 23 kB | 90/128 kB | 11 kBProgress (3): 23 kB | 94/128 kB | 11 kBProgress (3): 23 kB | 98/128 kB | 11 kBProgress (3): 23 kB | 102/128 kB | 11 kBProgress (3): 23 kB | 106/128 kB | 11 kBProgress (3): 23 kB | 111/128 kB | 11 kBProgress (3): 23 kB | 115/128 kB | 11 kBProgress (3): 23 kB | 119/128 kB | 11 kBProgress (3): 23 kB | 123/128 kB | 11 kBProgress (3): 23 kB | 127/128 kB | 11 kBProgress (3): 23 kB | 128 kB | 11 kB    Progress (4): 23 kB | 128 kB | 11 kB | 4.1/601 kBProgress (4): 23 kB | 128 kB | 11 kB | 8.2/601 kBProgress (4): 23 kB | 128 kB | 11 kB | 12/601 kB Progress (4): 23 kB | 128 kB | 11 kB | 16/601 kBProgress (4): 23 kB | 128 kB | 11 kB | 20/601 kBProgress (4): 23 kB | 128 kB | 11 kB | 25/601 kBProgress (4): 23 kB | 128 kB | 11 kB | 29/601 kBProgress (4): 23 kB | 128 kB | 11 kB | 33/601 kBProgress (4): 23 kB | 128 kB | 11 kB | 37/601 kBProgress (4): 23 kB | 128 kB | 11 kB | 41/601 kBProgress (4): 23 kB | 128 kB | 11 kB | 45/601 kBProgress (4): 23 kB | 128 kB | 11 kB | 49/601 kBProgress (4): 23 kB | 128 kB | 11 kB | 53/601 kBProgress (4): 23 kB | 128 kB | 11 kB | 57/601 kBProgress (4): 23 kB | 128 kB | 11 kB | 61/601 kBProgress (4): 23 kB | 128 kB | 11 kB | 66/601 kBProgress (4): 23 kB | 128 kB | 11 kB | 70/601 kBProgress (4): 23 kB | 128 kB | 11 kB | 74/601 kBProgress (4): 23 kB | 128 kB | 11 kB | 78/601 kBProgress (4): 23 kB | 128 kB | 11 kB | 82/601 kBProgress (4): 23 kB | 128 kB | 11 kB | 86/601 kBProgress (4): 23 kB | 128 kB | 11 kB | 90/601 kBProgress (4): 23 kB | 128 kB | 11 kB | 94/601 kBProgress (4): 23 kB | 128 kB | 11 kB | 98/601 kBProgress (4): 23 kB | 128 kB | 11 kB | 102/601 kBProgress (4): 23 kB | 128 kB | 11 kB | 106/601 kBProgress (4): 23 kB | 128 kB | 11 kB | 111/601 kBProgress (4): 23 kB | 128 kB | 11 kB | 115/601 kBProgress (4): 23 kB | 128 kB | 11 kB | 119/601 kBProgress (4): 23 kB | 128 kB | 11 kB | 123/601 kBProgress (4): 23 kB | 128 kB | 11 kB | 127/601 kBProgress (4): 23 kB | 128 kB | 11 kB | 131/601 kBProgress (4): 23 kB | 128 kB | 11 kB | 135/601 kBProgress (4): 23 kB | 128 kB | 11 kB | 139/601 kBProgress (4): 23 kB | 128 kB | 11 kB | 143/601 kBProgress (4): 23 kB | 128 kB | 11 kB | 147/601 kBProgress (4): 23 kB | 128 kB | 11 kB | 152/601 kBProgress (4): 23 kB | 128 kB | 11 kB | 156/601 kBProgress (4): 23 kB | 128 kB | 11 kB | 160/601 kBProgress (4): 23 kB | 128 kB | 11 kB | 164/601 kBProgress (5): 23 kB | 128 kB | 11 kB | 164/601 kB | 0/1.0 MBProgress (5): 23 kB | 128 kB | 11 kB | 164/601 kB | 0/1.0 MBProgress (5): 23 kB | 128 kB | 11 kB | 164/601 kB | 0/1.0 MBProgress (5): 23 kB | 128 kB | 11 kB | 164/601 kB | 0/1.0 MBProgress (5): 23 kB | 128 kB | 11 kB | 164/601 kB | 0/1.0 MBProgress (5): 23 kB | 128 kB | 11 kB | 164/601 kB | 0/1.0 MBProgress (5): 23 kB | 128 kB | 11 kB | 168/601 kB | 0/1.0 MBProgress (5): 23 kB | 128 kB | 11 kB | 168/601 kB | 0.1/1.0 MBProgress (5): 23 kB | 128 kB | 11 kB | 172/601 kB | 0.1/1.0 MBProgress (5): 23 kB | 128 kB | 11 kB | 176/601 kB | 0.1/1.0 MBProgress (5): 23 kB | 128 kB | 11 kB | 176/601 kB | 0.1/1.0 MBProgress (5): 23 kB | 128 kB | 11 kB | 180/601 kB | 0.1/1.0 MBProgress (5): 23 kB | 128 kB | 11 kB | 180/601 kB | 0.1/1.0 MBProgress (5): 23 kB | 128 kB | 11 kB | 180/601 kB | 0.1/1.0 MBProgress (5): 23 kB | 128 kB | 11 kB | 180/601 kB | 0.1/1.0 MBProgress (5): 23 kB | 128 kB | 11 kB | 180/601 kB | 0.1/1.0 MBProgress (5): 23 kB | 128 kB | 11 kB | 180/601 kB | 0.1/1.0 MBProgress (5): 23 kB | 128 kB | 11 kB | 180/601 kB | 0.1/1.0 MBProgress (5): 23 kB | 128 kB | 11 kB | 180/601 kB | 0.1/1.0 MBProgress (5): 23 kB | 128 kB | 11 kB | 180/601 kB | 0.1/1.0 MBProgress (5): 23 kB | 128 kB | 11 kB | 180/601 kB | 0.1/1.0 MBProgress (5): 23 kB | 128 kB | 11 kB | 180/601 kB | 0.1/1.0 MBProgress (5): 23 kB | 128 kB | 11 kB | 180/601 kB | 0.2/1.0 MBProgress (5): 23 kB | 128 kB | 11 kB | 180/601 kB | 0.2/1.0 MBProgress (5): 23 kB | 128 kB | 11 kB | 180/601 kB | 0.2/1.0 MBProgress (5): 23 kB | 128 kB | 11 kB | 184/601 kB | 0.2/1.0 MBProgress (5): 23 kB | 128 kB | 11 kB | 184/601 kB | 0.2/1.0 MBProgress (5): 23 kB | 128 kB | 11 kB | 188/601 kB | 0.2/1.0 MBProgress (5): 23 kB | 128 kB | 11 kB | 193/601 kB | 0.2/1.0 MBProgress (5): 23 kB | 128 kB | 11 kB | 197/601 kB | 0.2/1.0 MBProgress (5): 23 kB | 128 kB | 11 kB | 197/601 kB | 0.2/1.0 MBProgress (5): 23 kB | 128 kB | 11 kB | 197/601 kB | 0.2/1.0 MBProgress (5): 23 kB | 128 kB | 11 kB | 197/601 kB | 0.2/1.0 MBProgress (5): 23 kB | 128 kB | 11 kB | 197/601 kB | 0.2/1.0 MBProgress (5): 23 kB | 128 kB | 11 kB | 197/601 kB | 0.2/1.0 MBProgress (5): 23 kB | 128 kB | 11 kB | 197/601 kB | 0.2/1.0 MBProgress (5): 23 kB | 128 kB | 11 kB | 197/601 kB | 0.2/1.0 MBProgress (5): 23 kB | 128 kB | 11 kB | 197/601 kB | 0.2/1.0 MBProgress (5): 23 kB | 128 kB | 11 kB | 197/601 kB | 0.3/1.0 MBProgress (5): 23 kB | 128 kB | 11 kB | 197/601 kB | 0.3/1.0 MBProgress (5): 23 kB | 128 kB | 11 kB | 197/601 kB | 0.3/1.0 MBProgress (5): 23 kB | 128 kB | 11 kB | 197/601 kB | 0.3/1.0 MBProgress (5): 23 kB | 128 kB | 11 kB | 197/601 kB | 0.3/1.0 MBProgress (5): 23 kB | 128 kB | 11 kB | 201/601 kB | 0.3/1.0 MBProgress (5): 23 kB | 128 kB | 11 kB | 201/601 kB | 0.3/1.0 MBProgress (5): 23 kB | 128 kB | 11 kB | 205/601 kB | 0.3/1.0 MBProgress (5): 23 kB | 128 kB | 11 kB | 205/601 kB | 0.3/1.0 MBProgress (5): 23 kB | 128 kB | 11 kB | 209/601 kB | 0.3/1.0 MBProgress (5): 23 kB | 128 kB | 11 kB | 213/601 kB | 0.3/1.0 MBProgress (5): 23 kB | 128 kB | 11 kB | 213/601 kB | 0.3/1.0 MBProgress (5): 23 kB | 128 kB | 11 kB | 213/601 kB | 0.3/1.0 MBProgress (5): 23 kB | 128 kB | 11 kB | 213/601 kB | 0.3/1.0 MBProgress (5): 23 kB | 128 kB | 11 kB | 213/601 kB | 0.3/1.0 MBProgress (5): 23 kB | 128 kB | 11 kB | 213/601 kB | 0.3/1.0 MBProgress (5): 23 kB | 128 kB | 11 kB | 213/601 kB | 0.4/1.0 MBProgress (5): 23 kB | 128 kB | 11 kB | 213/601 kB | 0.4/1.0 MBProgress (5): 23 kB | 128 kB | 11 kB | 213/601 kB | 0.4/1.0 MBProgress (5): 23 kB | 128 kB | 11 kB | 213/601 kB | 0.4/1.0 MBProgress (5): 23 kB | 128 kB | 11 kB | 213/601 kB | 0.4/1.0 MBProgress (5): 23 kB | 128 kB | 11 kB | 217/601 kB | 0.4/1.0 MBProgress (5): 23 kB | 128 kB | 11 kB | 217/601 kB | 0.4/1.0 MBProgress (5): 23 kB | 128 kB | 11 kB | 221/601 kB | 0.4/1.0 MBProgress (5): 23 kB | 128 kB | 11 kB | 221/601 kB | 0.4/1.0 MBProgress (5): 23 kB | 128 kB | 11 kB | 225/601 kB | 0.4/1.0 MBProgress (5): 23 kB | 128 kB | 11 kB | 229/601 kB | 0.4/1.0 MBProgress (5): 23 kB | 128 kB | 11 kB | 229/601 kB | 0.4/1.0 MBProgress (5): 23 kB | 128 kB | 11 kB | 229/601 kB | 0.4/1.0 MBProgress (5): 23 kB | 128 kB | 11 kB | 229/601 kB | 0.4/1.0 MBProgress (5): 23 kB | 128 kB | 11 kB | 229/601 kB | 0.4/1.0 MBProgress (5): 23 kB | 128 kB | 11 kB | 229/601 kB | 0.4/1.0 MBProgress (5): 23 kB | 128 kB | 11 kB | 229/601 kB | 0.5/1.0 MBProgress (5): 23 kB | 128 kB | 11 kB | 229/601 kB | 0.5/1.0 MBProgress (5): 23 kB | 128 kB | 11 kB | 229/601 kB | 0.5/1.0 MBProgress (5): 23 kB | 128 kB | 11 kB | 229/601 kB | 0.5/1.0 MBProgress (5): 23 kB | 128 kB | 11 kB | 229/601 kB | 0.5/1.0 MBProgress (5): 23 kB | 128 kB | 11 kB | 229/601 kB | 0.5/1.0 MBProgress (5): 23 kB | 128 kB | 11 kB | 229/601 kB | 0.5/1.0 MBProgress (5): 23 kB | 128 kB | 11 kB | 229/601 kB | 0.5/1.0 MBProgress (5): 23 kB | 128 kB | 11 kB | 229/601 kB | 0.5/1.0 MBProgress (5): 23 kB | 128 kB | 11 kB | 229/601 kB | 0.5/1.0 MBProgress (5): 23 kB | 128 kB | 11 kB | 229/601 kB | 0.5/1.0 MBProgress (5): 23 kB | 128 kB | 11 kB | 229/601 kB | 0.5/1.0 MBProgress (5): 23 kB | 128 kB | 11 kB | 229/601 kB | 0.5/1.0 MBProgress (5): 23 kB | 128 kB | 11 kB | 229/601 kB | 0.6/1.0 MBProgress (5): 23 kB | 128 kB | 11 kB | 229/601 kB | 0.6/1.0 MBProgress (5): 23 kB | 128 kB | 11 kB | 229/601 kB | 0.6/1.0 MBProgress (5): 23 kB | 128 kB | 11 kB | 229/601 kB | 0.6/1.0 MBProgress (5): 23 kB | 128 kB | 11 kB | 229/601 kB | 0.6/1.0 MB                                                              Downloaded from central: https://repo.maven.apache.org/maven2/org/apache/maven/shared/maven-mapping/3.0.0/maven-mapping-3.0.0.jar (11 kB at 37 kB/s)
Downloading from central: https://repo.maven.apache.org/maven2/org/osgi/org.osgi.service.coordinator/1.0.2/org.osgi.service.coordinator-1.0.2.jar
Progress (4): 23 kB | 128 kB | 229/601 kB | 0.6/1.0 MBProgress (4): 23 kB | 128 kB | 229/601 kB | 0.6/1.0 MBProgress (4): 23 kB | 128 kB | 229/601 kB | 0.6/1.0 MBProgress (4): 23 kB | 128 kB | 229/601 kB | 0.6/1.0 MBProgress (4): 23 kB | 128 kB | 229/601 kB | 0.6/1.0 MBProgress (4): 23 kB | 128 kB | 229/601 kB | 0.6/1.0 MBProgress (4): 23 kB | 128 kB | 229/601 kB | 0.6/1.0 MBProgress (4): 23 kB | 128 kB | 229/601 kB | 0.7/1.0 MBProgress (4): 23 kB | 128 kB | 229/601 kB | 0.7/1.0 MBProgress (4): 23 kB | 128 kB | 229/601 kB | 0.7/1.0 MBProgress (4): 23 kB | 128 kB | 229/601 kB | 0.7/1.0 MBProgress (4): 23 kB | 128 kB | 229/601 kB | 0.7/1.0 MBProgress (4): 23 kB | 128 kB | 229/601 kB | 0.7/1.0 MBProgress (4): 23 kB | 128 kB | 229/601 kB | 0.7/1.0 MBProgress (4): 23 kB | 128 kB | 229/601 kB | 0.7/1.0 MB                                                      Downloaded from central: https://repo.maven.apache.org/maven2/biz/aQute/bnd/biz.aQute.bnd.maven/6.1.0/biz.aQute.bnd.maven-6.1.0.jar (128 kB at 441 kB/s)
Progress (3): 23 kB | 229/601 kB | 0.7/1.0 MBProgress (3): 23 kB | 229/601 kB | 0.7/1.0 MBProgress (3): 23 kB | 229/601 kB | 0.7/1.0 MBProgress (3): 23 kB | 229/601 kB | 0.7/1.0 MBProgress (3): 23 kB | 229/601 kB | 0.8/1.0 MBProgress (3): 23 kB | 229/601 kB | 0.8/1.0 MBProgress (3): 23 kB | 229/601 kB | 0.8/1.0 MBProgress (3): 23 kB | 229/601 kB | 0.8/1.0 MBProgress (3): 23 kB | 229/601 kB | 0.8/1.0 MBProgress (3): 23 kB | 229/601 kB | 0.8/1.0 MBProgress (3): 23 kB | 229/601 kB | 0.8/1.0 MBProgress (3): 23 kB | 229/601 kB | 0.8/1.0 MBProgress (3): 23 kB | 229/601 kB | 0.8/1.0 MBProgress (3): 23 kB | 229/601 kB | 0.8/1.0 MBProgress (3): 23 kB | 233/601 kB | 0.8/1.0 MBProgress (3): 23 kB | 233/601 kB | 0.8/1.0 MBProgress (3): 23 kB | 238/601 kB | 0.8/1.0 MBProgress (3): 23 kB | 242/601 kB | 0.8/1.0 MBProgress (3): 23 kB | 242/601 kB | 0.8/1.0 MBProgress (3): 23 kB | 246/601 kB | 0.8/1.0 MBProgress (3): 23 kB | 246/601 kB | 0.8/1.0 MBProgress (3): 23 kB | 246/601 kB | 0.9/1.0 MBProgress (3): 23 kB | 246/601 kB | 0.9/1.0 MBProgress (3): 23 kB | 246/601 kB | 0.9/1.0 MBProgress (3): 23 kB | 246/601 kB | 0.9/1.0 MBProgress (3): 23 kB | 246/601 kB | 0.9/1.0 MBProgress (3): 23 kB | 246/601 kB | 0.9/1.0 MBProgress (3): 23 kB | 246/601 kB | 0.9/1.0 MBProgress (3): 23 kB | 246/601 kB | 0.9/1.0 MBProgress (3): 23 kB | 246/601 kB | 0.9/1.0 MBProgress (3): 23 kB | 246/601 kB | 0.9/1.0 MBProgress (3): 23 kB | 246/601 kB | 0.9/1.0 MBProgress (3): 23 kB | 246/601 kB | 0.9/1.0 MBProgress (3): 23 kB | 246/601 kB | 1.0/1.0 MBProgress (3): 23 kB | 246/601 kB | 1.0/1.0 MBProgress (3): 23 kB | 246/601 kB | 1.0/1.0 MBProgress (3): 23 kB | 246/601 kB | 1.0/1.0 MBProgress (3): 23 kB | 250/601 kB | 1.0/1.0 MBProgress (3): 23 kB | 250/601 kB | 1.0/1.0 MBProgress (3): 23 kB | 254/601 kB | 1.0/1.0 MBProgress (3): 23 kB | 254/601 kB | 1.0/1.0 MBProgress (3): 23 kB | 258/601 kB | 1.0/1.0 MBProgress (3): 23 kB | 262/601 kB | 1.0/1.0 MBProgress (3): 23 kB | 262/601 kB | 1.0/1.0 MBProgress (3): 23 kB | 262/601 kB | 1.0/1.0 MBProgress (3): 23 kB | 262/601 kB | 1.0 MB    Progress (3): 23 kB | 266/601 kB | 1.0 MBProgress (3): 23 kB | 270/601 kB | 1.0 MBProgress (3): 23 kB | 274/601 kB | 1.0 MBProgress (3): 23 kB | 279/601 kB | 1.0 MBProgress (3): 23 kB | 283/601 kB | 1.0 MBProgress (3): 23 kB | 287/601 kB | 1.0 MBProgress (3): 23 kB | 291/601 kB | 1.0 MBProgress (3): 23 kB | 295/601 kB | 1.0 MBProgress (3): 23 kB | 299/601 kB | 1.0 MBProgress (3): 23 kB | 303/601 kB | 1.0 MBProgress (3): 23 kB | 307/601 kB | 1.0 MBProgress (3): 23 kB | 311/601 kB | 1.0 MBProgress (3): 23 kB | 315/601 kB | 1.0 MBProgress (3): 23 kB | 319/601 kB | 1.0 MBProgress (3): 23 kB | 324/601 kB | 1.0 MBProgress (3): 23 kB | 328/601 kB | 1.0 MBProgress (3): 23 kB | 332/601 kB | 1.0 MBProgress (3): 23 kB | 336/601 kB | 1.0 MBProgress (3): 23 kB | 340/601 kB | 1.0 MBProgress (3): 23 kB | 344/601 kB | 1.0 MBProgress (3): 23 kB | 348/601 kB | 1.0 MBProgress (3): 23 kB | 352/601 kB | 1.0 MBProgress (3): 23 kB | 356/601 kB | 1.0 MBProgress (3): 23 kB | 360/601 kB | 1.0 MBProgress (3): 23 kB | 365/601 kB | 1.0 MBProgress (3): 23 kB | 369/601 kB | 1.0 MBProgress (3): 23 kB | 373/601 kB | 1.0 MBProgress (3): 23 kB | 377/601 kB | 1.0 MBProgress (3): 23 kB | 381/601 kB | 1.0 MBProgress (3): 23 kB | 385/601 kB | 1.0 MBProgress (3): 23 kB | 389/601 kB | 1.0 MBProgress (3): 23 kB | 393/601 kB | 1.0 MBProgress (3): 23 kB | 397/601 kB | 1.0 MBProgress (3): 23 kB | 401/601 kB | 1.0 MBProgress (3): 23 kB | 406/601 kB | 1.0 MBProgress (3): 23 kB | 410/601 kB | 1.0 MBProgress (3): 23 kB | 414/601 kB | 1.0 MBProgress (3): 23 kB | 418/601 kB | 1.0 MBProgress (3): 23 kB | 422/601 kB | 1.0 MBProgress (3): 23 kB | 426/601 kB | 1.0 MB                                         Downloaded from central: https://repo.maven.apache.org/maven2/org/osgi/org.osgi.service.resolver/1.1.1/org.osgi.service.resolver-1.1.1.jar (23 kB at 59 kB/s)
Progress (2): 430/601 kB | 1.0 MBProgress (2): 434/601 kB | 1.0 MBProgress (2): 438/601 kB | 1.0 MBProgress (2): 442/601 kB | 1.0 MBProgress (2): 446/601 kB | 1.0 MBProgress (2): 451/601 kB | 1.0 MBProgress (2): 455/601 kB | 1.0 MBProgress (2): 459/601 kB | 1.0 MBProgress (2): 463/601 kB | 1.0 MBProgress (2): 467/601 kB | 1.0 MBProgress (2): 471/601 kB | 1.0 MBProgress (2): 475/601 kB | 1.0 MBProgress (3): 475/601 kB | 1.0 MB | 4.1/41 kBProgress (3): 475/601 kB | 1.0 MB | 8.2/41 kBProgress (3): 475/601 kB | 1.0 MB | 12/41 kB Progress (3): 475/601 kB | 1.0 MB | 16/41 kBProgress (3): 475/601 kB | 1.0 MB | 20/41 kBProgress (3): 475/601 kB | 1.0 MB | 25/41 kBProgress (3): 475/601 kB | 1.0 MB | 29/41 kBProgress (3): 475/601 kB | 1.0 MB | 33/41 kBProgress (3): 475/601 kB | 1.0 MB | 37/41 kBProgress (3): 475/601 kB | 1.0 MB | 41 kB   Progress (3): 479/601 kB | 1.0 MB | 41 kBProgress (3): 483/601 kB | 1.0 MB | 41 kBProgress (3): 487/601 kB | 1.0 MB | 41 kBProgress (3): 492/601 kB | 1.0 MB | 41 kBProgress (3): 496/601 kB | 1.0 MB | 41 kBProgress (3): 500/601 kB | 1.0 MB | 41 kBProgress (3): 504/601 kB | 1.0 MB | 41 kBProgress (3): 508/601 kB | 1.0 MB | 41 kB                                         Downloaded from central: https://repo.maven.apache.org/maven2/biz/aQute/bnd/biz.aQute.repository/6.1.0/biz.aQute.repository-6.1.0.jar (1.0 MB at 2.3 MB/s)
Progress (2): 512/601 kB | 41 kBProgress (2): 516/601 kB | 41 kBProgress (2): 520/601 kB | 41 kBProgress (2): 524/601 kB | 41 kBProgress (2): 528/601 kB | 41 kBProgress (2): 532/601 kB | 41 kBProgress (2): 537/601 kB | 41 kBProgress (2): 541/601 kB | 41 kBProgress (2): 545/601 kB | 41 kBProgress (2): 549/601 kB | 41 kBProgress (2): 553/601 kB | 41 kBProgress (2): 557/601 kB | 41 kBProgress (2): 561/601 kB | 41 kBProgress (2): 565/601 kB | 41 kBProgress (2): 569/601 kB | 41 kBProgress (2): 573/601 kB | 41 kBProgress (2): 578/601 kB | 41 kBProgress (2): 582/601 kB | 41 kBProgress (2): 586/601 kB | 41 kBProgress (2): 590/601 kB | 41 kBProgress (2): 594/601 kB | 41 kBProgress (2): 598/601 kB | 41 kBProgress (2): 601 kB | 41 kB                                Downloaded from central: https://repo.maven.apache.org/maven2/org/osgi/org.osgi.service.coordinator/1.0.2/org.osgi.service.coordinator-1.0.2.jar (41 kB at 71 kB/s)
Downloaded from central: https://repo.maven.apache.org/maven2/biz/aQute/bnd/biz.aQute.resolve/6.1.0/biz.aQute.resolve-6.1.0.jar (601 kB at 934 kB/s)
[WARNING] Cannot consider developer in line '26' of file '/Users/seyoung/data/repo/pom.xml' for bundle header 'Bundle-Developers' as it does not contain the mandatory id.
[WARNING] /Users/seyoung/data/repo/bnd.bnd [13:52]: No value specified for key: io.gsonfire.annotations. An empty value should be specified as 'io.gsonfire.annotations:' or 'io.gsonfire.annotations=': <<    io.gsonfire.annotations
    io.gsonfire.builders>>
[WARNING] /Users/seyoung/data/repo/bnd.bnd [13:24]: No value specified for key: io.gsonfire.builders. An empty value should be specified as 'io.gsonfire.builders:' or 'io.gsonfire.builders=': <<    io.gsonfire.builders>>
[WARNING] /Users/seyoung/data/repo/bnd.bnd [0:0]: Export io.gsonfire,  has 2,  private references [io.gsonfire.gson, io.gsonfire.util]
[WARNING] /Users/seyoung/data/repo/bnd.bnd [0:0]: No translation found for macro: project.parent.url
[INFO] 
[INFO] --- maven-resources-plugin:2.6:testResources (default-testResources) @ gson-fire ---
[INFO] Using 'UTF-8' encoding to copy filtered resources.
[INFO] skip non existing resourceDirectory /Users/seyoung/data/repo/src/test/resources
[INFO] 
[INFO] --- maven-compiler-plugin:3.1:testCompile (default-testCompile) @ gson-fire ---
[INFO] Changes detected - recompiling the module!
[INFO] Compiling 21 source files to /Users/seyoung/data/repo/target/test-classes
[WARNING] /Users/seyoung/data/repo/src/test/java/io/gsonfire/gson/MergeMapTest.java: Some input files use or override a deprecated API.
[WARNING] /Users/seyoung/data/repo/src/test/java/io/gsonfire/gson/MergeMapTest.java: Recompile with -Xlint:deprecation for details.
[WARNING] /Users/seyoung/data/repo/src/test/java/io/gsonfire/gson/SimpleIterableTest.java: Some input files use unchecked or unsafe operations.
[WARNING] /Users/seyoung/data/repo/src/test/java/io/gsonfire/gson/SimpleIterableTest.java: Recompile with -Xlint:unchecked for details.
[INFO] 
[INFO] --- maven-surefire-plugin:2.12.4:test (default-test) @ gson-fire ---
[INFO] Surefire report directory: /Users/seyoung/data/repo/target/surefire-reports

-------------------------------------------------------
 T E S T S
-------------------------------------------------------
Running io.gsonfire.gson.ExposeMethodResultTest
Tests run: 4, Failures: 0, Errors: 0, Skipped: 0, Time elapsed: 0.074 sec
Running io.gsonfire.gson.DateSerializationTest
Tests run: 19, Failures: 0, Errors: 0, Skipped: 0, Time elapsed: 0.748 sec
Running io.gsonfire.gson.NaNTest
Tests run: 2, Failures: 0, Errors: 0, Skipped: 0, Time elapsed: 0.004 sec
Running io.gsonfire.gson.PreProcessorTest
Tests run: 1, Failures: 0, Errors: 0, Skipped: 0, Time elapsed: 0 sec
Running io.gsonfire.gson.WrapTest
Tests run: 2, Failures: 0, Errors: 0, Skipped: 0, Time elapsed: 0.006 sec
Running io.gsonfire.gson.FireExclusionStrategyTest
Tests run: 1, Failures: 0, Errors: 0, Skipped: 0, Time elapsed: 0 sec
Running io.gsonfire.gson.AnnotationInspectorTest
Tests run: 1, Failures: 0, Errors: 0, Skipped: 0, Time elapsed: 0 sec
Running io.gsonfire.gson.ClassHierarchyTest
Tests run: 2, Failures: 0, Errors: 0, Skipped: 0, Time elapsed: 0 sec
Running io.gsonfire.gson.SimpleIterableTest
Tests run: 4, Failures: 0, Errors: 0, Skipped: 0, Time elapsed: 0.007 sec
Running io.gsonfire.gson.HooksExceptionTest
Tests run: 3, Failures: 0, Errors: 0, Skipped: 0, Time elapsed: 0.005 sec
Running io.gsonfire.gson.HooksTest
Tests run: 6, Failures: 0, Errors: 0, Skipped: 0, Time elapsed: 0.016 sec
Running io.gsonfire.gson.TypeSelectorTest
Tests run: 2, Failures: 0, Errors: 0, Skipped: 0, Time elapsed: 0.001 sec
Running io.gsonfire.gson.MergeMapTest
Tests run: 1, Failures: 0, Errors: 0, Skipped: 0, Time elapsed: 0.002 sec
Running io.gsonfire.gson.ExcludeByValueTest
Tests run: 2, Failures: 0, Errors: 0, Skipped: 0, Time elapsed: 0.001 sec
Running io.gsonfire.gson.LenientPersistTest
Tests run: 2, Failures: 0, Errors: 0, Skipped: 0, Time elapsed: 0 sec
Running io.gsonfire.gson.EnumDefaultValueTest
Tests run: 4, Failures: 0, Errors: 0, Skipped: 0, Time elapsed: 0.005 sec
Running io.gsonfire.gson.PostProcessorTest
Tests run: 1, Failures: 0, Errors: 0, Skipped: 0, Time elapsed: 0 sec
Running io.gsonfire.util.RFC3339DateFormatTest
Tests run: 21, Failures: 0, Errors: 0, Skipped: 0, Time elapsed: 0.004 sec
Running io.gsonfire.util.IterableMapperTest
Tests run: 5, Failures: 0, Errors: 0, Skipped: 0, Time elapsed: 0.005 sec
Running io.gsonfire.util.reflection.CachedReflectionFactoryTest
Tests run: 1, Failures: 0, Errors: 0, Skipped: 0, Time elapsed: 0 sec
Running io.gsonfire.builders.JsonObjectBuilderTest
Tests run: 7, Failures: 0, Errors: 0, Skipped: 0, Time elapsed: 0 sec

Results :

Tests run: 91, Failures: 0, Errors: 0, Skipped: 0

[INFO] ------------------------------------------------------------------------
[INFO] BUILD SUCCESS
[INFO] ------------------------------------------------------------------------
[INFO] Total time:  29.427 s
[INFO] Finished at: 2021-11-27T10:28:51+09:00
[INFO] ------------------------------------------------------------------------
[main][9/14] mvn --file repo/pom.xml --fail-never -Dmaven.clover.generateHtml=false clean clover:setup test clover:aggregate clover:clover
[INFO] Scanning for projects...
[WARNING] 
[WARNING] Some problems were encountered while building the effective model for io.gsonfire:gson-fire:jar:1.8.5
[WARNING] 'build.plugins.plugin.version' for biz.aQute.bnd:bnd-maven-plugin is missing. @ line 118, column 21
[WARNING] 
[WARNING] It is highly recommended to fix these problems because they threaten the stability of your build.
[WARNING] 
[WARNING] For this reason, future Maven versions might no longer support building such malformed projects.
[WARNING] 
[INFO] Inspecting build with total of 1 modules...
[INFO] Installing Nexus Staging features:
[INFO]   ... total of 1 executions of maven-deploy-plugin replaced with nexus-staging-maven-plugin
[INFO] 
[INFO] -----------------------< io.gsonfire:gson-fire >------------------------
[INFO] Building Gson on Fire! 1.8.5
[INFO] --------------------------------[ jar ]---------------------------------
[INFO] 
[INFO] --- maven-clean-plugin:2.5:clean (default-clean) @ gson-fire ---
[INFO] Deleting /Users/seyoung/data/repo/target
[INFO] 
[INFO] --- clover-maven-plugin:4.4.1:setup (default-cli) @ gson-fire ---
[INFO] OpenClover Version 4.4.1, built on October 11 2019 (build-1020)
[INFO] Creating new database at '/Users/seyoung/data/repo/target/clover/clover.db'.
[INFO] Processing files at 1.8 source level.
[INFO] Clover all over. Instrumented 51 files (8 packages).
[INFO] OpenClover Version 4.4.1, built on October 11 2019 (build-1020)
[INFO] Updating existing database at '/Users/seyoung/data/repo/target/clover/clover.db'.
[INFO] Processing files at 1.8 source level.
[INFO] Clover all over. Instrumented 21 files (4 packages).
[INFO] 91 test methods detected.
[INFO] 
[INFO] --- maven-resources-plugin:2.6:resources (default-resources) @ gson-fire ---
[INFO] Using 'UTF-8' encoding to copy filtered resources.
[INFO] skip non existing resourceDirectory /Users/seyoung/data/repo/src/main/resources
[INFO] Copying 1 resource
[INFO] 
[INFO] --- maven-compiler-plugin:3.1:compile (default-compile) @ gson-fire ---
[INFO] Changes detected - recompiling the module!
[INFO] Compiling 51 source files to /Users/seyoung/data/repo/target/classes
[WARNING] /Users/seyoung/data/repo/target/clover/src-instrumented/io/gsonfire/postprocessors/MergeMapPostProcessor.java: Some input files use or override a deprecated API.
[WARNING] /Users/seyoung/data/repo/target/clover/src-instrumented/io/gsonfire/postprocessors/MergeMapPostProcessor.java: Recompile with -Xlint:deprecation for details.
[WARNING] /Users/seyoung/data/repo/target/clover/src-instrumented/io/gsonfire/gson/SimpleIterableTypeAdapter.java: Some input files use unchecked or unsafe operations.
[WARNING] /Users/seyoung/data/repo/target/clover/src-instrumented/io/gsonfire/gson/SimpleIterableTypeAdapter.java: Recompile with -Xlint:unchecked for details.
[INFO] 
[INFO] --- bnd-maven-plugin:6.1.0:bnd-process (default) @ gson-fire ---
[WARNING] Cannot consider developer in line '26' of file '/Users/seyoung/data/repo/pom.xml' for bundle header 'Bundle-Developers' as it does not contain the mandatory id.
[WARNING] /Users/seyoung/data/repo/bnd.bnd [13:52]: No value specified for key: io.gsonfire.annotations. An empty value should be specified as 'io.gsonfire.annotations:' or 'io.gsonfire.annotations=': <<    io.gsonfire.annotations
    io.gsonfire.builders>>
[WARNING] /Users/seyoung/data/repo/bnd.bnd [13:24]: No value specified for key: io.gsonfire.builders. An empty value should be specified as 'io.gsonfire.builders:' or 'io.gsonfire.builders=': <<    io.gsonfire.builders>>
[WARNING] /Users/seyoung/data/repo/bnd.bnd [0:0]: Export io.gsonfire,  has 2,  private references [io.gsonfire.gson, io.gsonfire.util]
[WARNING] /Users/seyoung/data/repo/bnd.bnd [0:0]: No translation found for macro: project.parent.url
[INFO] 
[INFO] --- maven-resources-plugin:2.6:testResources (default-testResources) @ gson-fire ---
[INFO] Using 'UTF-8' encoding to copy filtered resources.
[INFO] skip non existing resourceDirectory /Users/seyoung/data/repo/src/test/resources
[INFO] 
[INFO] --- maven-compiler-plugin:3.1:testCompile (default-testCompile) @ gson-fire ---
[INFO] Changes detected - recompiling the module!
[INFO] Compiling 21 source files to /Users/seyoung/data/repo/target/test-classes
[WARNING] /Users/seyoung/data/repo/target/clover/src-test-instrumented/io/gsonfire/gson/TypeSelectorTest.java: Some input files use or override a deprecated API.
[WARNING] /Users/seyoung/data/repo/target/clover/src-test-instrumented/io/gsonfire/gson/TypeSelectorTest.java: Recompile with -Xlint:deprecation for details.
[WARNING] /Users/seyoung/data/repo/target/clover/src-test-instrumented/io/gsonfire/gson/SimpleIterableTest.java: Some input files use unchecked or unsafe operations.
[WARNING] /Users/seyoung/data/repo/target/clover/src-test-instrumented/io/gsonfire/gson/SimpleIterableTest.java: Recompile with -Xlint:unchecked for details.
[INFO] 
[INFO] --- maven-surefire-plugin:2.12.4:test (default-test) @ gson-fire ---
[INFO] Surefire report directory: /Users/seyoung/data/repo/target/surefire-reports

-------------------------------------------------------
 T E S T S
-------------------------------------------------------
Running io.gsonfire.gson.ExposeMethodResultTest
Tests run: 4, Failures: 0, Errors: 0, Skipped: 0, Time elapsed: 0.082 sec
Running io.gsonfire.gson.DateSerializationTest
Tests run: 19, Failures: 0, Errors: 0, Skipped: 0, Time elapsed: 0.767 sec
Running io.gsonfire.gson.NaNTest
Tests run: 2, Failures: 0, Errors: 0, Skipped: 0, Time elapsed: 0.009 sec
Running io.gsonfire.gson.PreProcessorTest
Tests run: 1, Failures: 0, Errors: 0, Skipped: 0, Time elapsed: 0.001 sec
Running io.gsonfire.gson.WrapTest
Tests run: 2, Failures: 0, Errors: 0, Skipped: 0, Time elapsed: 0.005 sec
Running io.gsonfire.gson.FireExclusionStrategyTest
Tests run: 1, Failures: 0, Errors: 0, Skipped: 0, Time elapsed: 0.002 sec
Running io.gsonfire.gson.AnnotationInspectorTest
Tests run: 1, Failures: 0, Errors: 0, Skipped: 0, Time elapsed: 0.001 sec
Running io.gsonfire.gson.ClassHierarchyTest
Tests run: 2, Failures: 0, Errors: 0, Skipped: 0, Time elapsed: 0.009 sec
Running io.gsonfire.gson.SimpleIterableTest
Tests run: 4, Failures: 0, Errors: 0, Skipped: 0, Time elapsed: 0.01 sec
Running io.gsonfire.gson.HooksExceptionTest
Tests run: 3, Failures: 0, Errors: 0, Skipped: 0, Time elapsed: 0.004 sec
Running io.gsonfire.gson.HooksTest
Tests run: 6, Failures: 0, Errors: 0, Skipped: 0, Time elapsed: 0.019 sec
Running io.gsonfire.gson.TypeSelectorTest
Tests run: 2, Failures: 0, Errors: 0, Skipped: 0, Time elapsed: 0.003 sec
Running io.gsonfire.gson.MergeMapTest
Tests run: 1, Failures: 0, Errors: 0, Skipped: 0, Time elapsed: 0.004 sec
Running io.gsonfire.gson.ExcludeByValueTest
Tests run: 2, Failures: 0, Errors: 0, Skipped: 0, Time elapsed: 0.005 sec
Running io.gsonfire.gson.LenientPersistTest
Tests run: 2, Failures: 0, Errors: 0, Skipped: 0, Time elapsed: 0.001 sec
Running io.gsonfire.gson.EnumDefaultValueTest
Tests run: 4, Failures: 0, Errors: 0, Skipped: 0, Time elapsed: 0.003 sec
Running io.gsonfire.gson.PostProcessorTest
Tests run: 1, Failures: 0, Errors: 0, Skipped: 0, Time elapsed: 0.001 sec
Running io.gsonfire.util.RFC3339DateFormatTest
Tests run: 21, Failures: 0, Errors: 0, Skipped: 0, Time elapsed: 0.018 sec
Running io.gsonfire.util.IterableMapperTest
Tests run: 5, Failures: 0, Errors: 0, Skipped: 0, Time elapsed: 0.004 sec
Running io.gsonfire.util.reflection.CachedReflectionFactoryTest
Tests run: 1, Failures: 0, Errors: 0, Skipped: 0, Time elapsed: 0 sec
Running io.gsonfire.builders.JsonObjectBuilderTest
Tests run: 7, Failures: 0, Errors: 0, Skipped: 0, Time elapsed: 0.003 sec

Results :

Tests run: 91, Failures: 0, Errors: 0, Skipped: 0

[INFO] 
[INFO] -----------------------< io.gsonfire:gson-fire >------------------------
[INFO] Building Gson on Fire! 1.8.5
[INFO] --------------------------------[ jar ]---------------------------------
[INFO] 
[INFO] --- clover-maven-plugin:4.4.1:aggregate (default-cli) @ gson-fire ---
[INFO] 
[INFO] -----------------------< io.gsonfire:gson-fire >------------------------
[INFO] Building Gson on Fire! 1.8.5
[INFO] --------------------------------[ jar ]---------------------------------
[INFO] 
[INFO] --- clover-maven-plugin:4.4.1:clover (default-cli) @ gson-fire ---
[INFO] Using default-clover-report descriptor.
[INFO] Using Clover report descriptor: /var/folders/c3/vd5gtpms4730p559wddlm0zw0000gn/T/mvn7965227541216143273resource
[INFO] OpenClover Version 4.4.1, built on October 11 2019 (build-1020)
[INFO] Clover is enabled with initstring '/Users/seyoung/data/repo/target/clover/clover.db'
[INFO] OpenClover Version 4.4.1, built on October 11 2019 (build-1020)
[INFO] Loading coverage database from: '/Users/seyoung/data/repo/target/clover/clover.db'
[INFO] Writing report to '/Users/seyoung/data/repo/target/site/clover/clover.xml'
[INFO] ------------------------------------------------------------------------
[INFO] BUILD SUCCESS
[INFO] ------------------------------------------------------------------------
[INFO] Total time:  6.501 s
[INFO] Finished at: 2021-11-27T10:28:58+09:00
[INFO] ------------------------------------------------------------------------
[main][10/14] cp repo/target/site/clover/clover.xml ./clover.xml
[main][11/14] python identify_tests.py
Done.
[main][12/14] mkdir -p clover
[main][13/14] bash tests.sh
[test][1/91] io.gsonfire.builders.JsonObjectBuilderTest#merge
[test][2/91] io.gsonfire.builders.JsonObjectBuilderTest#setBoolean
[test][3/91] io.gsonfire.builders.JsonObjectBuilderTest#setBuildImmutable
[test][4/91] io.gsonfire.builders.JsonObjectBuilderTest#setJsonElement
[test][5/91] io.gsonfire.builders.JsonObjectBuilderTest#setNull
[test][6/91] io.gsonfire.builders.JsonObjectBuilderTest#setNumber
[test][7/91] io.gsonfire.builders.JsonObjectBuilderTest#setString
[test][8/91] io.gsonfire.gson.AnnotationInspectorTest#testGetAnnotatedMethods
[test][9/91] io.gsonfire.gson.ClassHierarchyTest#test
[test][10/91] io.gsonfire.gson.ClassHierarchyTest#testTypeSelectorAndHierarchy
[test][11/91] io.gsonfire.gson.DateSerializationTest#testRFC3339_deserialize_CSS
[test][12/91] io.gsonfire.gson.DateSerializationTest#testRFC3339_deserialize_CSS_dot1
[test][13/91] io.gsonfire.gson.DateSerializationTest#testRFC3339_deserialize_CSS_dot10
[test][14/91] io.gsonfire.gson.DateSerializationTest#testRFC3339_deserialize_CSS_round_over_5
[test][15/91] io.gsonfire.gson.DateSerializationTest#testRFC3339_deserialize_CSS_round_under_5
[test][16/91] io.gsonfire.gson.DateSerializationTest#testRFC3339_deserialize_NY
[test][17/91] io.gsonfire.gson.DateSerializationTest#testRFC3339_raceCondition
[test][18/91] io.gsonfire.gson.DateSerializationTest#testRFC3339_serialize_CCS
[test][19/91] io.gsonfire.gson.DateSerializationTest#testRFC3339_serialize_NY
[test][20/91] io.gsonfire.gson.DateSerializationTest#testUnixTimestampMillis_deserialize
[test][21/91] io.gsonfire.gson.DateSerializationTest#testUnixTimestampMillis_serialize
[test][22/91] io.gsonfire.gson.DateSerializationTest#testUnixTimestampMillis_serialize_negative
[test][23/91] io.gsonfire.gson.DateSerializationTest#testUnixTimestampMillis_serialize_no_negative
[test][24/91] io.gsonfire.gson.DateSerializationTest#testUnixTimestampSeconds_deserialize
[test][25/91] io.gsonfire.gson.DateSerializationTest#testUnixTimestampSeconds_serialize
[test][26/91] io.gsonfire.gson.DateSerializationTest#testUnixTimestampSeconds_serialize_negative
[test][27/91] io.gsonfire.gson.DateSerializationTest#testUnixTimestampSeconds_serialize_no_negative
[test][28/91] io.gsonfire.gson.DateSerializationTest#test_nullDeserialize
[test][29/91] io.gsonfire.gson.DateSerializationTest#test_nullSerialize
[test][30/91] io.gsonfire.gson.EnumDefaultValueTest#testNull
[test][31/91] io.gsonfire.gson.EnumDefaultValueTest#testParse
[test][32/91] io.gsonfire.gson.EnumDefaultValueTest#testParseToNull
[test][33/91] io.gsonfire.gson.EnumDefaultValueTest#testSerialize
[test][34/91] io.gsonfire.gson.ExcludeByValueTest#testExclusion
[test][35/91] io.gsonfire.gson.ExcludeByValueTest#testNonExclusion
[test][36/91] io.gsonfire.gson.ExposeMethodResultTest#test
[test][37/91] io.gsonfire.gson.ExposeMethodResultTest#testConflictResolution
[test][38/91] io.gsonfire.gson.ExposeMethodResultTest#testError
[test][39/91] io.gsonfire.gson.ExposeMethodResultTest#testInterfaceMethodsMapping
[test][40/91] io.gsonfire.gson.FireExclusionStrategyTest#testMethodExclusion
[test][41/91] io.gsonfire.gson.HooksExceptionTest#testNonEnabled
[test][42/91] io.gsonfire.gson.HooksExceptionTest#testPostDeserializeException
[test][43/91] io.gsonfire.gson.HooksExceptionTest#testPreSerializeException
[test][44/91] io.gsonfire.gson.HooksTest#testNonEnabled
[test][45/91] io.gsonfire.gson.HooksTest#testNull
[test][46/91] io.gsonfire.gson.HooksTest#testPostDeserialize
[test][47/91] io.gsonfire.gson.HooksTest#testPostDeserializeOrder
[test][48/91] io.gsonfire.gson.HooksTest#testPreSerialize
[test][49/91] io.gsonfire.gson.HooksTest#testRecursion
[test][50/91] io.gsonfire.gson.LenientPersistTest#testLeninentPersist
[test][51/91] io.gsonfire.gson.LenientPersistTest#testNonLeninentPersist
[test][52/91] io.gsonfire.gson.MergeMapTest#testMergeMap
[test][53/91] io.gsonfire.gson.NaNTest#testNanAllow
[test][54/91] io.gsonfire.gson.NaNTest#testNanDisallowSerializing
[test][55/91] io.gsonfire.gson.PostProcessorTest#test
[test][56/91] io.gsonfire.gson.PreProcessorTest#test
[test][57/91] io.gsonfire.gson.SimpleIterableTest#testGenericIterated
[test][58/91] io.gsonfire.gson.SimpleIterableTest#testRecursiveGenericIterated
[test][59/91] io.gsonfire.gson.SimpleIterableTest#testSimpleIterableContainer
[test][60/91] io.gsonfire.gson.SimpleIterableTest#testSimpleIterated
[test][61/91] io.gsonfire.gson.TypeSelectorTest#test
[test][62/91] io.gsonfire.gson.TypeSelectorTest#testNull
[test][63/91] io.gsonfire.gson.WrapTest#testUnwrap
[test][64/91] io.gsonfire.gson.WrapTest#testWrap
[test][65/91] io.gsonfire.util.IterableMapperTest#testEqualsEmpty
[test][66/91] io.gsonfire.util.IterableMapperTest#testEqualsWithNull
[test][67/91] io.gsonfire.util.IterableMapperTest#testEqualsWithValues
[test][68/91] io.gsonfire.util.IterableMapperTest#testMapsCorrectly
[test][69/91] io.gsonfire.util.IterableMapperTest#testMapsWhenIterates
[test][70/91] io.gsonfire.util.RFC3339DateFormatTest#testFormatNoTime
[test][71/91] io.gsonfire.util.RFC3339DateFormatTest#testFormatWithMillis
[test][72/91] io.gsonfire.util.RFC3339DateFormatTest#testFormatWithMillisWithInvisibleTailingZero
[test][73/91] io.gsonfire.util.RFC3339DateFormatTest#testFormatWithMillisWithLeadingZero
[test][74/91] io.gsonfire.util.RFC3339DateFormatTest#testFormatWithMillisWithVisibleTailingZero
[test][75/91] io.gsonfire.util.RFC3339DateFormatTest#testFormatWithMillis_CCS
[test][76/91] io.gsonfire.util.RFC3339DateFormatTest#testFormatWithMillis_NY
[test][77/91] io.gsonfire.util.RFC3339DateFormatTest#testFormatWithZeroMillisNotVisible
[test][78/91] io.gsonfire.util.RFC3339DateFormatTest#testFormatWithZeroMillisVisible
[test][79/91] io.gsonfire.util.RFC3339DateFormatTest#testFormatWithoutMillis
[test][80/91] io.gsonfire.util.RFC3339DateFormatTest#testParseDateTime_NoTime
[test][81/91] io.gsonfire.util.RFC3339DateFormatTest#testParseDate_NoTime
[test][82/91] io.gsonfire.util.RFC3339DateFormatTest#testParseDate_Time
[test][83/91] io.gsonfire.util.RFC3339DateFormatTest#testParseLowerCase
[test][84/91] io.gsonfire.util.RFC3339DateFormatTest#testParseNoTZ
[test][85/91] io.gsonfire.util.RFC3339DateFormatTest#testParseSimple
[test][86/91] io.gsonfire.util.RFC3339DateFormatTest#testParseTimezoneShiftDays
[test][87/91] io.gsonfire.util.RFC3339DateFormatTest#testParseWithMillis
[test][88/91] io.gsonfire.util.RFC3339DateFormatTest#testParseWithMillisAndLeadingZero
[test][89/91] io.gsonfire.util.RFC3339DateFormatTest#testParseWithMillisAndTailingZero
[test][90/91] io.gsonfire.util.RFC3339DateFormatTest#testParseWithMillisAndWithoutTailingZero
[test][91/91] io.gsonfire.util.reflection.CachedReflectionFactoryTest#get
[main][14/14] python parse_data.py
  0%|          | 0/91 [00:00<?, ?it/s] 27%|██▋       | 25/91 [00:00<00:00, 249.28it/s] 56%|█████▌    | 51/91 [00:00<00:00, 255.42it/s] 85%|████████▍ | 77/91 [00:00<00:00, 255.17it/s]100%|██████████| 91/91 [00:00<00:00, 255.62it/s]
Done.
