[main][1/14] rm -rf repo clover clover.xml git.log tests.sh
[main][2/14] git clone --depth 1 --recursive https://github.com/progether/jadventure repo
'repo'에 복제합니다...
[main][3/14] java -version
openjdk version "1.8.0_312"
OpenJDK Runtime Environment (Zulu 8.58.0.13-CA-macos-aarch64) (build 1.8.0_312-b07)
OpenJDK 64-Bit Server VM (Zulu 8.58.0.13-CA-macos-aarch64) (build 25.312-b07, mixed mode)
[main][4/14] mvn --version
Apache Maven 3.8.4 (9b656c72d54e5bacbed989b64718c159fe39b537)
Maven home: /opt/homebrew/Cellar/maven/3.8.4/libexec
Java version: 1.8.0_312, vendor: Azul Systems, Inc., runtime: /Library/Java/JavaVirtualMachines/zulu-8.jdk/Contents/Home/jre
Default locale: ko_KR, platform encoding: UTF-8
OS name: "mac os x", version: "11.6", arch: "aarch64", family: "mac"
[main][5/14] git --version
git version 2.33.1
[main][6/14] git --git-dir repo/.git config --get remote.origin.url > git.log
[main][7/14] git --git-dir repo/.git log -n 1 --format=%ct%n%H >> git.log
[main][8/14] mvn --file repo/pom.xml --fail-never clean test
[INFO] Scanning for projects...
[INFO] 
[INFO] ------------------< com.github.progether:jadventure >-------------------
[INFO] Building Java Text Adventure 0.4.0-SNAPSHOT
[INFO] --------------------------------[ jar ]---------------------------------
Downloading from central: https://repo.maven.apache.org/maven2/org/codehaus/mojo/exec-maven-plugin/1.5.0/exec-maven-plugin-1.5.0.pom
Progress (1): 2.7/12 kBProgress (1): 5.5/12 kBProgress (1): 8.2/12 kBProgress (1): 11/12 kB Progress (1): 12 kB                      Downloaded from central: https://repo.maven.apache.org/maven2/org/codehaus/mojo/exec-maven-plugin/1.5.0/exec-maven-plugin-1.5.0.pom (12 kB at 12 kB/s)
Downloading from central: https://repo.maven.apache.org/maven2/org/codehaus/mojo/exec-maven-plugin/1.5.0/exec-maven-plugin-1.5.0.jar
Progress (1): 2.7/53 kBProgress (1): 5.5/53 kBProgress (1): 8.2/53 kBProgress (1): 11/53 kB Progress (1): 14/53 kBProgress (1): 16/53 kBProgress (1): 19/53 kBProgress (1): 22/53 kBProgress (1): 25/53 kBProgress (1): 27/53 kBProgress (1): 30/53 kBProgress (1): 33/53 kBProgress (1): 36/53 kBProgress (1): 38/53 kBProgress (1): 41/53 kBProgress (1): 44/53 kBProgress (1): 47/53 kBProgress (1): 49/53 kBProgress (1): 52/53 kBProgress (1): 53 kB                      Downloaded from central: https://repo.maven.apache.org/maven2/org/codehaus/mojo/exec-maven-plugin/1.5.0/exec-maven-plugin-1.5.0.jar (53 kB at 104 kB/s)
Downloading from central: https://repo.maven.apache.org/maven2/org/jacoco/jacoco-maven-plugin/0.8.1/jacoco-maven-plugin-0.8.1.pom
Progress (1): 4.1/4.9 kBProgress (1): 4.9 kB                        Downloaded from central: https://repo.maven.apache.org/maven2/org/jacoco/jacoco-maven-plugin/0.8.1/jacoco-maven-plugin-0.8.1.pom (4.9 kB at 17 kB/s)
Downloading from central: https://repo.maven.apache.org/maven2/org/jacoco/org.jacoco.build/0.8.1/org.jacoco.build-0.8.1.pom
Progress (1): 4.1/38 kBProgress (1): 8.2/38 kBProgress (1): 12/38 kB Progress (1): 16/38 kBProgress (1): 20/38 kBProgress (1): 25/38 kBProgress (1): 29/38 kBProgress (1): 33/38 kBProgress (1): 37/38 kBProgress (1): 38 kB                      Downloaded from central: https://repo.maven.apache.org/maven2/org/jacoco/org.jacoco.build/0.8.1/org.jacoco.build-0.8.1.pom (38 kB at 65 kB/s)
Downloading from central: https://repo.maven.apache.org/maven2/org/jacoco/jacoco-maven-plugin/0.8.1/jacoco-maven-plugin-0.8.1.jar
Progress (1): 4.1/54 kBProgress (1): 8.2/54 kBProgress (1): 12/54 kB Progress (1): 16/54 kBProgress (1): 20/54 kBProgress (1): 25/54 kBProgress (1): 29/54 kBProgress (1): 33/54 kBProgress (1): 37/54 kBProgress (1): 41/54 kBProgress (1): 45/54 kBProgress (1): 49/54 kBProgress (1): 53/54 kBProgress (1): 54 kB                      Downloaded from central: https://repo.maven.apache.org/maven2/org/jacoco/jacoco-maven-plugin/0.8.1/jacoco-maven-plugin-0.8.1.jar (54 kB at 163 kB/s)
Downloading from central: https://repo.maven.apache.org/maven2/org/codehaus/mojo/build-helper-maven-plugin/1.9.1/build-helper-maven-plugin-1.9.1.pom
Progress (1): 4.1/6.8 kBProgress (1): 6.8 kB                        Downloaded from central: https://repo.maven.apache.org/maven2/org/codehaus/mojo/build-helper-maven-plugin/1.9.1/build-helper-maven-plugin-1.9.1.pom (6.8 kB at 24 kB/s)
Downloading from central: https://repo.maven.apache.org/maven2/org/codehaus/mojo/mojo-parent/33/mojo-parent-33.pom
Progress (1): 4.1/26 kBProgress (1): 8.2/26 kBProgress (1): 12/26 kB Progress (1): 16/26 kBProgress (1): 20/26 kBProgress (1): 25/26 kBProgress (1): 26 kB                      Downloaded from central: https://repo.maven.apache.org/maven2/org/codehaus/mojo/mojo-parent/33/mojo-parent-33.pom (26 kB at 90 kB/s)
Downloading from central: https://repo.maven.apache.org/maven2/org/codehaus/mojo/build-helper-maven-plugin/1.9.1/build-helper-maven-plugin-1.9.1.jar
Progress (1): 4.1/47 kBProgress (1): 8.2/47 kBProgress (1): 12/47 kB Progress (1): 16/47 kBProgress (1): 20/47 kBProgress (1): 25/47 kBProgress (1): 29/47 kBProgress (1): 33/47 kBProgress (1): 37/47 kBProgress (1): 41/47 kBProgress (1): 45/47 kBProgress (1): 47 kB                      Downloaded from central: https://repo.maven.apache.org/maven2/org/codehaus/mojo/build-helper-maven-plugin/1.9.1/build-helper-maven-plugin-1.9.1.jar (47 kB at 154 kB/s)
Downloading from central: https://repo.maven.apache.org/maven2/org/apache/maven/plugins/maven-surefire-plugin/2.18/maven-surefire-plugin-2.18.pom
Progress (1): 4.1/5.6 kBProgress (1): 5.6 kB                        Downloaded from central: https://repo.maven.apache.org/maven2/org/apache/maven/plugins/maven-surefire-plugin/2.18/maven-surefire-plugin-2.18.pom (5.6 kB at 20 kB/s)
Downloading from central: https://repo.maven.apache.org/maven2/org/apache/maven/surefire/surefire/2.18/surefire-2.18.pom
Progress (1): 4.1/17 kBProgress (1): 8.2/17 kBProgress (1): 12/17 kB Progress (1): 16/17 kBProgress (1): 17 kB                      Downloaded from central: https://repo.maven.apache.org/maven2/org/apache/maven/surefire/surefire/2.18/surefire-2.18.pom (17 kB at 59 kB/s)
Downloading from central: https://repo.maven.apache.org/maven2/org/apache/maven/plugins/maven-surefire-plugin/2.18/maven-surefire-plugin-2.18.jar
Progress (1): 4.1/36 kBProgress (1): 8.2/36 kBProgress (1): 12/36 kB Progress (1): 16/36 kBProgress (1): 20/36 kBProgress (1): 25/36 kBProgress (1): 29/36 kBProgress (1): 33/36 kBProgress (1): 36 kB                      Downloaded from central: https://repo.maven.apache.org/maven2/org/apache/maven/plugins/maven-surefire-plugin/2.18/maven-surefire-plugin-2.18.jar (36 kB at 116 kB/s)
Downloading from central: https://repo.maven.apache.org/maven2/org/hamcrest/hamcrest-all/1.3/hamcrest-all-1.3.pom
Progress (1): 650 B                   Downloaded from central: https://repo.maven.apache.org/maven2/org/hamcrest/hamcrest-all/1.3/hamcrest-all-1.3.pom (650 B at 2.4 kB/s)
Downloading from central: https://repo.maven.apache.org/maven2/info/cukes/cucumber-java/1.2.0/cucumber-java-1.2.0.pom
Progress (1): 4.1/5.1 kBProgress (1): 5.1 kB                        Downloaded from central: https://repo.maven.apache.org/maven2/info/cukes/cucumber-java/1.2.0/cucumber-java-1.2.0.pom (5.1 kB at 18 kB/s)
Downloading from central: https://repo.maven.apache.org/maven2/info/cukes/cucumber-jvm/1.2.0/cucumber-jvm-1.2.0.pom
Progress (1): 4.1/36 kBProgress (1): 8.2/36 kBProgress (1): 12/36 kB Progress (1): 16/36 kBProgress (1): 20/36 kBProgress (1): 25/36 kBProgress (1): 29/36 kBProgress (1): 33/36 kBProgress (1): 36 kB                      Downloaded from central: https://repo.maven.apache.org/maven2/info/cukes/cucumber-jvm/1.2.0/cucumber-jvm-1.2.0.pom (36 kB at 119 kB/s)
Downloading from central: https://repo.maven.apache.org/maven2/info/cukes/cucumber-core/1.2.0/cucumber-core-1.2.0.pom
Progress (1): 3.5 kB                    Downloaded from central: https://repo.maven.apache.org/maven2/info/cukes/cucumber-core/1.2.0/cucumber-core-1.2.0.pom (3.5 kB at 13 kB/s)
Downloading from central: https://repo.maven.apache.org/maven2/info/cukes/cucumber-html/0.2.3/cucumber-html-0.2.3.pom
Progress (1): 3.3 kB                    Downloaded from central: https://repo.maven.apache.org/maven2/info/cukes/cucumber-html/0.2.3/cucumber-html-0.2.3.pom (3.3 kB at 11 kB/s)
Downloading from central: https://repo.maven.apache.org/maven2/info/cukes/cucumber-jvm-deps/1.0.3/cucumber-jvm-deps-1.0.3.pom
Progress (1): 4.1/4.4 kBProgress (1): 4.4 kB                        Downloaded from central: https://repo.maven.apache.org/maven2/info/cukes/cucumber-jvm-deps/1.0.3/cucumber-jvm-deps-1.0.3.pom (4.4 kB at 15 kB/s)
Downloading from central: https://repo.maven.apache.org/maven2/info/cukes/gherkin/2.12.2/gherkin-2.12.2.pom
Progress (1): 4.1/8.9 kBProgress (1): 8.2/8.9 kBProgress (1): 8.9 kB                        Downloaded from central: https://repo.maven.apache.org/maven2/info/cukes/gherkin/2.12.2/gherkin-2.12.2.pom (8.9 kB at 30 kB/s)
Downloading from central: https://repo.maven.apache.org/maven2/info/cukes/cucumber-junit/1.2.0/cucumber-junit-1.2.0.pom
Progress (1): 1.5 kB                    Downloaded from central: https://repo.maven.apache.org/maven2/info/cukes/cucumber-junit/1.2.0/cucumber-junit-1.2.0.pom (1.5 kB at 5.5 kB/s)
Downloading from central: https://repo.maven.apache.org/maven2/org/hamcrest/hamcrest-all/1.3/hamcrest-all-1.3.jar
Downloading from central: https://repo.maven.apache.org/maven2/info/cukes/cucumber-java/1.2.0/cucumber-java-1.2.0.jar
Downloading from central: https://repo.maven.apache.org/maven2/info/cukes/cucumber-core/1.2.0/cucumber-core-1.2.0.jar
Downloading from central: https://repo.maven.apache.org/maven2/info/cukes/cucumber-html/0.2.3/cucumber-html-0.2.3.jar
Downloading from central: https://repo.maven.apache.org/maven2/info/cukes/cucumber-jvm-deps/1.0.3/cucumber-jvm-deps-1.0.3.jar
Progress (1): 4.1/307 kBProgress (1): 8.2/307 kBProgress (1): 12/307 kB Progress (1): 16/307 kBProgress (1): 20/307 kBProgress (1): 25/307 kBProgress (1): 29/307 kBProgress (1): 33/307 kBProgress (1): 37/307 kBProgress (1): 41/307 kBProgress (1): 45/307 kBProgress (1): 49/307 kBProgress (1): 53/307 kBProgress (1): 57/307 kBProgress (1): 61/307 kBProgress (1): 66/307 kBProgress (1): 70/307 kBProgress (1): 74/307 kBProgress (1): 78/307 kBProgress (1): 82/307 kBProgress (1): 86/307 kBProgress (1): 90/307 kBProgress (1): 94/307 kBProgress (1): 98/307 kBProgress (1): 102/307 kBProgress (1): 106/307 kBProgress (1): 111/307 kBProgress (1): 115/307 kBProgress (1): 119/307 kBProgress (1): 123/307 kBProgress (1): 127/307 kBProgress (1): 131/307 kBProgress (1): 135/307 kBProgress (1): 139/307 kBProgress (1): 143/307 kBProgress (1): 147/307 kBProgress (1): 152/307 kBProgress (1): 156/307 kBProgress (1): 160/307 kBProgress (1): 164/307 kBProgress (1): 168/307 kBProgress (1): 172/307 kBProgress (1): 176/307 kBProgress (1): 180/307 kBProgress (1): 184/307 kBProgress (1): 188/307 kBProgress (1): 193/307 kBProgress (1): 197/307 kBProgress (1): 201/307 kBProgress (1): 205/307 kBProgress (1): 209/307 kBProgress (1): 213/307 kBProgress (1): 217/307 kBProgress (1): 221/307 kBProgress (1): 225/307 kBProgress (1): 229/307 kBProgress (1): 233/307 kBProgress (1): 238/307 kBProgress (1): 242/307 kBProgress (1): 246/307 kBProgress (1): 250/307 kBProgress (1): 254/307 kBProgress (1): 258/307 kBProgress (1): 262/307 kBProgress (1): 266/307 kBProgress (1): 270/307 kBProgress (1): 274/307 kBProgress (1): 279/307 kBProgress (1): 283/307 kBProgress (1): 287/307 kBProgress (1): 291/307 kBProgress (1): 295/307 kBProgress (1): 299/307 kBProgress (1): 303/307 kBProgress (1): 307 kB    Progress (2): 307 kB | 2.7/39 kBProgress (2): 307 kB | 5.5/39 kBProgress (2): 307 kB | 8.2/39 kBProgress (2): 307 kB | 11/39 kB Progress (2): 307 kB | 14/39 kBProgress (3): 307 kB | 14/39 kB | 2.7/206 kBProgress (3): 307 kB | 14/39 kB | 5.5/206 kBProgress (3): 307 kB | 14/39 kB | 8.2/206 kBProgress (3): 307 kB | 14/39 kB | 11/206 kB Progress (3): 307 kB | 16/39 kB | 11/206 kBProgress (3): 307 kB | 16/39 kB | 14/206 kBProgress (4): 307 kB | 16/39 kB | 14/206 kB | 2.7/540 kBProgress (4): 307 kB | 16/39 kB | 14/206 kB | 5.5/540 kBProgress (4): 307 kB | 16/39 kB | 14/206 kB | 8.2/540 kBProgress (4): 307 kB | 16/39 kB | 14/206 kB | 11/540 kB Progress (5): 307 kB | 16/39 kB | 14/206 kB | 11/540 kB | 2.7/208 kBProgress (5): 307 kB | 16/39 kB | 16/206 kB | 11/540 kB | 2.7/208 kBProgress (5): 307 kB | 16/39 kB | 16/206 kB | 11/540 kB | 5.5/208 kBProgress (5): 307 kB | 19/39 kB | 16/206 kB | 11/540 kB | 5.5/208 kBProgress (5): 307 kB | 19/39 kB | 16/206 kB | 11/540 kB | 8.2/208 kBProgress (5): 307 kB | 19/39 kB | 16/206 kB | 11/540 kB | 11/208 kB Progress (5): 307 kB | 19/39 kB | 16/206 kB | 14/540 kB | 11/208 kBProgress (5): 307 kB | 19/39 kB | 16/206 kB | 14/540 kB | 14/208 kBProgress (5): 307 kB | 19/39 kB | 19/206 kB | 14/540 kB | 14/208 kBProgress (5): 307 kB | 22/39 kB | 19/206 kB | 14/540 kB | 14/208 kBProgress (5): 307 kB | 22/39 kB | 22/206 kB | 14/540 kB | 14/208 kBProgress (5): 307 kB | 22/39 kB | 22/206 kB | 16/540 kB | 14/208 kBProgress (5): 307 kB | 22/39 kB | 22/206 kB | 16/540 kB | 16/208 kBProgress (5): 307 kB | 25/39 kB | 22/206 kB | 16/540 kB | 16/208 kBProgress (5): 307 kB | 25/39 kB | 25/206 kB | 16/540 kB | 16/208 kBProgress (5): 307 kB | 25/39 kB | 25/206 kB | 19/540 kB | 16/208 kBProgress (5): 307 kB | 25/39 kB | 25/206 kB | 19/540 kB | 19/208 kBProgress (5): 307 kB | 25/39 kB | 27/206 kB | 19/540 kB | 19/208 kBProgress (5): 307 kB | 27/39 kB | 27/206 kB | 19/540 kB | 19/208 kBProgress (5): 307 kB | 27/39 kB | 27/206 kB | 22/540 kB | 19/208 kBProgress (5): 307 kB | 27/39 kB | 30/206 kB | 22/540 kB | 19/208 kBProgress (5): 307 kB | 30/39 kB | 30/206 kB | 22/540 kB | 19/208 kBProgress (5): 307 kB | 30/39 kB | 30/206 kB | 22/540 kB | 22/208 kBProgress (5): 307 kB | 30/39 kB | 30/206 kB | 25/540 kB | 22/208 kBProgress (5): 307 kB | 30/39 kB | 33/206 kB | 25/540 kB | 22/208 kBProgress (5): 307 kB | 30/39 kB | 33/206 kB | 25/540 kB | 25/208 kBProgress (5): 307 kB | 30/39 kB | 36/206 kB | 25/540 kB | 25/208 kBProgress (5): 307 kB | 33/39 kB | 36/206 kB | 25/540 kB | 25/208 kBProgress (5): 307 kB | 33/39 kB | 36/206 kB | 27/540 kB | 25/208 kBProgress (5): 307 kB | 33/39 kB | 38/206 kB | 27/540 kB | 25/208 kBProgress (5): 307 kB | 33/39 kB | 38/206 kB | 27/540 kB | 27/208 kBProgress (5): 307 kB | 36/39 kB | 38/206 kB | 27/540 kB | 27/208 kBProgress (5): 307 kB | 36/39 kB | 38/206 kB | 30/540 kB | 27/208 kBProgress (5): 307 kB | 38/39 kB | 38/206 kB | 30/540 kB | 27/208 kBProgress (5): 307 kB | 38/39 kB | 38/206 kB | 30/540 kB | 30/208 kBProgress (5): 307 kB | 39 kB | 38/206 kB | 30/540 kB | 30/208 kB   Progress (5): 307 kB | 39 kB | 38/206 kB | 33/540 kB | 30/208 kBProgress (5): 307 kB | 39 kB | 38/206 kB | 33/540 kB | 33/208 kBProgress (5): 307 kB | 39 kB | 38/206 kB | 36/540 kB | 33/208 kBProgress (5): 307 kB | 39 kB | 38/206 kB | 36/540 kB | 36/208 kBProgress (5): 307 kB | 39 kB | 38/206 kB | 38/540 kB | 36/208 kBProgress (5): 307 kB | 39 kB | 38/206 kB | 38/540 kB | 38/208 kB                                                                Downloaded from central: https://repo.maven.apache.org/maven2/org/hamcrest/hamcrest-all/1.3/hamcrest-all-1.3.jar (307 kB at 550 kB/s)
Downloading from central: https://repo.maven.apache.org/maven2/info/cukes/gherkin/2.12.2/gherkin-2.12.2.jar
Progress (4): 39 kB | 41/206 kB | 38/540 kB | 38/208 kBProgress (4): 39 kB | 41/206 kB | 41/540 kB | 38/208 kBProgress (4): 39 kB | 41/206 kB | 44/540 kB | 38/208 kBProgress (4): 39 kB | 44/206 kB | 44/540 kB | 38/208 kBProgress (4): 39 kB | 44/206 kB | 44/540 kB | 41/208 kBProgress (4): 39 kB | 47/206 kB | 44/540 kB | 41/208 kBProgress (4): 39 kB | 47/206 kB | 47/540 kB | 41/208 kBProgress (4): 39 kB | 47/206 kB | 47/540 kB | 44/208 kBProgress (4): 39 kB | 49/206 kB | 47/540 kB | 44/208 kBProgress (4): 39 kB | 49/206 kB | 49/540 kB | 44/208 kBProgress (4): 39 kB | 49/206 kB | 49/540 kB | 47/208 kBProgress (4): 39 kB | 52/206 kB | 49/540 kB | 47/208 kBProgress (4): 39 kB | 52/206 kB | 52/540 kB | 47/208 kBProgress (4): 39 kB | 52/206 kB | 52/540 kB | 49/208 kBProgress (4): 39 kB | 55/206 kB | 52/540 kB | 49/208 kBProgress (4): 39 kB | 55/206 kB | 52/540 kB | 52/208 kBProgress (4): 39 kB | 55/206 kB | 55/540 kB | 52/208 kBProgress (4): 39 kB | 58/206 kB | 55/540 kB | 52/208 kBProgress (4): 39 kB | 58/206 kB | 58/540 kB | 52/208 kBProgress (4): 39 kB | 58/206 kB | 58/540 kB | 55/208 kBProgress (4): 39 kB | 60/206 kB | 58/540 kB | 55/208 kBProgress (4): 39 kB | 60/206 kB | 60/540 kB | 55/208 kBProgress (4): 39 kB | 60/206 kB | 60/540 kB | 58/208 kBProgress (4): 39 kB | 60/206 kB | 63/540 kB | 58/208 kBProgress (4): 39 kB | 63/206 kB | 63/540 kB | 58/208 kBProgress (4): 39 kB | 63/206 kB | 63/540 kB | 60/208 kBProgress (4): 39 kB | 66/206 kB | 63/540 kB | 60/208 kBProgress (4): 39 kB | 66/206 kB | 66/540 kB | 60/208 kBProgress (4): 39 kB | 66/206 kB | 66/540 kB | 63/208 kBProgress (4): 39 kB | 66/206 kB | 66/540 kB | 66/208 kB                                                       Downloaded from central: https://repo.maven.apache.org/maven2/info/cukes/cucumber-html/0.2.3/cucumber-html-0.2.3.jar (39 kB at 61 kB/s)
Downloading from central: https://repo.maven.apache.org/maven2/info/cukes/cucumber-junit/1.2.0/cucumber-junit-1.2.0.jar
Progress (3): 66/206 kB | 70/540 kB | 66/208 kBProgress (3): 66/206 kB | 74/540 kB | 66/208 kBProgress (3): 66/206 kB | 78/540 kB | 66/208 kBProgress (3): 66/206 kB | 82/540 kB | 66/208 kBProgress (3): 66/206 kB | 82/540 kB | 70/208 kBProgress (3): 66/206 kB | 82/540 kB | 74/208 kBProgress (3): 66/206 kB | 82/540 kB | 78/208 kBProgress (3): 66/206 kB | 82/540 kB | 82/208 kBProgress (3): 70/206 kB | 82/540 kB | 82/208 kBProgress (3): 74/206 kB | 82/540 kB | 82/208 kBProgress (3): 78/206 kB | 82/540 kB | 82/208 kBProgress (3): 82/206 kB | 82/540 kB | 82/208 kBProgress (3): 82/206 kB | 86/540 kB | 82/208 kBProgress (3): 82/206 kB | 90/540 kB | 82/208 kBProgress (3): 82/206 kB | 94/540 kB | 82/208 kBProgress (3): 82/206 kB | 99/540 kB | 82/208 kBProgress (3): 82/206 kB | 99/540 kB | 86/208 kBProgress (3): 82/206 kB | 99/540 kB | 90/208 kBProgress (3): 82/206 kB | 99/540 kB | 94/208 kBProgress (3): 82/206 kB | 99/540 kB | 99/208 kBProgress (3): 82/206 kB | 103/540 kB | 99/208 kBProgress (3): 82/206 kB | 107/540 kB | 99/208 kBProgress (3): 82/206 kB | 111/540 kB | 99/208 kBProgress (3): 82/206 kB | 115/540 kB | 99/208 kBProgress (3): 86/206 kB | 115/540 kB | 99/208 kBProgress (3): 90/206 kB | 115/540 kB | 99/208 kBProgress (3): 94/206 kB | 115/540 kB | 99/208 kBProgress (3): 99/206 kB | 115/540 kB | 99/208 kBProgress (3): 99/206 kB | 115/540 kB | 103/208 kBProgress (3): 99/206 kB | 115/540 kB | 107/208 kBProgress (3): 99/206 kB | 115/540 kB | 111/208 kBProgress (3): 99/206 kB | 115/540 kB | 115/208 kBProgress (3): 103/206 kB | 115/540 kB | 115/208 kBProgress (3): 107/206 kB | 115/540 kB | 115/208 kBProgress (3): 111/206 kB | 115/540 kB | 115/208 kBProgress (3): 115/206 kB | 115/540 kB | 115/208 kBProgress (4): 115/206 kB | 115/540 kB | 115/208 kB | 0/1.8 MBProgress (4): 115/206 kB | 115/540 kB | 115/208 kB | 0/1.8 MBProgress (4): 115/206 kB | 115/540 kB | 115/208 kB | 0/1.8 MBProgress (4): 115/206 kB | 115/540 kB | 115/208 kB | 0/1.8 MBProgress (4): 115/206 kB | 115/540 kB | 115/208 kB | 0/1.8 MBProgress (4): 115/206 kB | 115/540 kB | 115/208 kB | 0/1.8 MBProgress (4): 115/206 kB | 115/540 kB | 115/208 kB | 0.1/1.8 MBProgress (4): 115/206 kB | 115/540 kB | 115/208 kB | 0.1/1.8 MBProgress (4): 115/206 kB | 115/540 kB | 115/208 kB | 0.1/1.8 MBProgress (4): 115/206 kB | 115/540 kB | 115/208 kB | 0.1/1.8 MBProgress (4): 115/206 kB | 115/540 kB | 115/208 kB | 0.1/1.8 MBProgress (4): 115/206 kB | 115/540 kB | 115/208 kB | 0.1/1.8 MBProgress (4): 115/206 kB | 115/540 kB | 115/208 kB | 0.1/1.8 MBProgress (4): 115/206 kB | 115/540 kB | 115/208 kB | 0.1/1.8 MBProgress (4): 115/206 kB | 115/540 kB | 115/208 kB | 0.1/1.8 MBProgress (4): 115/206 kB | 115/540 kB | 115/208 kB | 0.1/1.8 MBProgress (4): 115/206 kB | 119/540 kB | 115/208 kB | 0.1/1.8 MBProgress (4): 115/206 kB | 119/540 kB | 115/208 kB | 0.1/1.8 MBProgress (4): 115/206 kB | 123/540 kB | 115/208 kB | 0.1/1.8 MBProgress (4): 115/206 kB | 123/540 kB | 115/208 kB | 0.1/1.8 MBProgress (4): 115/206 kB | 127/540 kB | 115/208 kB | 0.1/1.8 MBProgress (4): 115/206 kB | 131/540 kB | 115/208 kB | 0.1/1.8 MBProgress (4): 115/206 kB | 131/540 kB | 115/208 kB | 0.2/1.8 MBProgress (4): 115/206 kB | 131/540 kB | 115/208 kB | 0.2/1.8 MBProgress (4): 115/206 kB | 131/540 kB | 115/208 kB | 0.2/1.8 MBProgress (4): 115/206 kB | 131/540 kB | 115/208 kB | 0.2/1.8 MBProgress (4): 115/206 kB | 131/540 kB | 115/208 kB | 0.2/1.8 MBProgress (4): 115/206 kB | 131/540 kB | 115/208 kB | 0.2/1.8 MBProgress (4): 115/206 kB | 131/540 kB | 119/208 kB | 0.2/1.8 MBProgress (4): 115/206 kB | 131/540 kB | 123/208 kB | 0.2/1.8 MBProgress (4): 115/206 kB | 131/540 kB | 127/208 kB | 0.2/1.8 MBProgress (4): 115/206 kB | 131/540 kB | 131/208 kB | 0.2/1.8 MBProgress (4): 115/206 kB | 135/540 kB | 131/208 kB | 0.2/1.8 MBProgress (4): 115/206 kB | 135/540 kB | 131/208 kB | 0.2/1.8 MBProgress (4): 115/206 kB | 140/540 kB | 131/208 kB | 0.2/1.8 MBProgress (4): 115/206 kB | 144/540 kB | 131/208 kB | 0.2/1.8 MBProgress (4): 115/206 kB | 144/540 kB | 131/208 kB | 0.2/1.8 MBProgress (4): 115/206 kB | 148/540 kB | 131/208 kB | 0.2/1.8 MBProgress (4): 115/206 kB | 148/540 kB | 131/208 kB | 0.2/1.8 MBProgress (4): 115/206 kB | 148/540 kB | 131/208 kB | 0.2/1.8 MBProgress (4): 119/206 kB | 148/540 kB | 131/208 kB | 0.2/1.8 MBProgress (4): 119/206 kB | 148/540 kB | 131/208 kB | 0.2/1.8 MBProgress (4): 123/206 kB | 148/540 kB | 131/208 kB | 0.2/1.8 MBProgress (4): 123/206 kB | 148/540 kB | 131/208 kB | 0.2/1.8 MBProgress (4): 127/206 kB | 148/540 kB | 131/208 kB | 0.2/1.8 MBProgress (4): 131/206 kB | 148/540 kB | 131/208 kB | 0.2/1.8 MBProgress (4): 131/206 kB | 148/540 kB | 131/208 kB | 0.3/1.8 MBProgress (4): 131/206 kB | 148/540 kB | 131/208 kB | 0.3/1.8 MBProgress (4): 131/206 kB | 148/540 kB | 135/208 kB | 0.3/1.8 MBProgress (4): 131/206 kB | 148/540 kB | 140/208 kB | 0.3/1.8 MBProgress (4): 131/206 kB | 148/540 kB | 144/208 kB | 0.3/1.8 MBProgress (4): 131/206 kB | 148/540 kB | 148/208 kB | 0.3/1.8 MBProgress (4): 131/206 kB | 148/540 kB | 148/208 kB | 0.3/1.8 MBProgress (4): 131/206 kB | 148/540 kB | 148/208 kB | 0.3/1.8 MBProgress (4): 131/206 kB | 152/540 kB | 148/208 kB | 0.3/1.8 MBProgress (4): 131/206 kB | 156/540 kB | 148/208 kB | 0.3/1.8 MBProgress (4): 131/206 kB | 160/540 kB | 148/208 kB | 0.3/1.8 MBProgress (4): 131/206 kB | 160/540 kB | 148/208 kB | 0.3/1.8 MBProgress (4): 131/206 kB | 160/540 kB | 148/208 kB | 0.3/1.8 MBProgress (4): 131/206 kB | 164/540 kB | 148/208 kB | 0.3/1.8 MBProgress (4): 131/206 kB | 164/540 kB | 148/208 kB | 0.3/1.8 MBProgress (4): 131/206 kB | 164/540 kB | 148/208 kB | 0.3/1.8 MBProgress (4): 131/206 kB | 164/540 kB | 148/208 kB | 0.3/1.8 MBProgress (4): 131/206 kB | 164/540 kB | 148/208 kB | 0.3/1.8 MBProgress (4): 131/206 kB | 168/540 kB | 148/208 kB | 0.3/1.8 MBProgress (4): 131/206 kB | 172/540 kB | 148/208 kB | 0.3/1.8 MBProgress (4): 131/206 kB | 176/540 kB | 148/208 kB | 0.3/1.8 MBProgress (4): 131/206 kB | 180/540 kB | 148/208 kB | 0.3/1.8 MBProgress (4): 131/206 kB | 180/540 kB | 152/208 kB | 0.3/1.8 MBProgress (4): 131/206 kB | 180/540 kB | 156/208 kB | 0.3/1.8 MBProgress (4): 131/206 kB | 180/540 kB | 160/208 kB | 0.3/1.8 MBProgress (4): 131/206 kB | 180/540 kB | 164/208 kB | 0.3/1.8 MBProgress (4): 131/206 kB | 180/540 kB | 164/208 kB | 0.3/1.8 MBProgress (4): 131/206 kB | 180/540 kB | 164/208 kB | 0.3/1.8 MBProgress (4): 135/206 kB | 180/540 kB | 164/208 kB | 0.3/1.8 MBProgress (4): 140/206 kB | 180/540 kB | 164/208 kB | 0.3/1.8 MBProgress (4): 144/206 kB | 180/540 kB | 164/208 kB | 0.3/1.8 MBProgress (4): 148/206 kB | 180/540 kB | 164/208 kB | 0.3/1.8 MBProgress (4): 148/206 kB | 185/540 kB | 164/208 kB | 0.3/1.8 MBProgress (4): 148/206 kB | 189/540 kB | 164/208 kB | 0.3/1.8 MBProgress (4): 148/206 kB | 193/540 kB | 164/208 kB | 0.3/1.8 MBProgress (4): 148/206 kB | 197/540 kB | 164/208 kB | 0.3/1.8 MBProgress (4): 148/206 kB | 197/540 kB | 168/208 kB | 0.3/1.8 MBProgress (4): 148/206 kB | 197/540 kB | 172/208 kB | 0.3/1.8 MBProgress (4): 148/206 kB | 197/540 kB | 176/208 kB | 0.3/1.8 MBProgress (4): 148/206 kB | 197/540 kB | 180/208 kB | 0.3/1.8 MBProgress (5): 148/206 kB | 197/540 kB | 180/208 kB | 0.3/1.8 MB | 2.7/18 kBProgress (5): 148/206 kB | 197/540 kB | 180/208 kB | 0.3/1.8 MB | 5.5/18 kBProgress (5): 148/206 kB | 197/540 kB | 180/208 kB | 0.3/1.8 MB | 8.2/18 kBProgress (5): 148/206 kB | 201/540 kB | 180/208 kB | 0.3/1.8 MB | 8.2/18 kBProgress (5): 148/206 kB | 205/540 kB | 180/208 kB | 0.3/1.8 MB | 8.2/18 kBProgress (5): 148/206 kB | 209/540 kB | 180/208 kB | 0.3/1.8 MB | 8.2/18 kBProgress (5): 148/206 kB | 213/540 kB | 180/208 kB | 0.3/1.8 MB | 8.2/18 kBProgress (5): 148/206 kB | 213/540 kB | 180/208 kB | 0.3/1.8 MB | 11/18 kB Progress (5): 148/206 kB | 213/540 kB | 180/208 kB | 0.3/1.8 MB | 14/18 kBProgress (5): 148/206 kB | 213/540 kB | 185/208 kB | 0.3/1.8 MB | 14/18 kBProgress (5): 148/206 kB | 213/540 kB | 189/208 kB | 0.3/1.8 MB | 14/18 kBProgress (5): 148/206 kB | 213/540 kB | 193/208 kB | 0.3/1.8 MB | 14/18 kBProgress (5): 148/206 kB | 213/540 kB | 197/208 kB | 0.3/1.8 MB | 14/18 kBProgress (5): 148/206 kB | 213/540 kB | 197/208 kB | 0.3/1.8 MB | 16/18 kBProgress (5): 148/206 kB | 213/540 kB | 197/208 kB | 0.3/1.8 MB | 18 kB   Progress (5): 148/206 kB | 217/540 kB | 197/208 kB | 0.3/1.8 MB | 18 kBProgress (5): 148/206 kB | 221/540 kB | 197/208 kB | 0.3/1.8 MB | 18 kBProgress (5): 148/206 kB | 226/540 kB | 197/208 kB | 0.3/1.8 MB | 18 kBProgress (5): 148/206 kB | 230/540 kB | 197/208 kB | 0.3/1.8 MB | 18 kBProgress (5): 152/206 kB | 230/540 kB | 197/208 kB | 0.3/1.8 MB | 18 kBProgress (5): 156/206 kB | 230/540 kB | 197/208 kB | 0.3/1.8 MB | 18 kBProgress (5): 160/206 kB | 230/540 kB | 197/208 kB | 0.3/1.8 MB | 18 kBProgress (5): 164/206 kB | 230/540 kB | 197/208 kB | 0.3/1.8 MB | 18 kBProgress (5): 164/206 kB | 230/540 kB | 201/208 kB | 0.3/1.8 MB | 18 kBProgress (5): 164/206 kB | 230/540 kB | 205/208 kB | 0.3/1.8 MB | 18 kBProgress (5): 164/206 kB | 230/540 kB | 208 kB | 0.3/1.8 MB | 18 kB    Progress (5): 164/206 kB | 234/540 kB | 208 kB | 0.3/1.8 MB | 18 kBProgress (5): 164/206 kB | 238/540 kB | 208 kB | 0.3/1.8 MB | 18 kBProgress (5): 164/206 kB | 242/540 kB | 208 kB | 0.3/1.8 MB | 18 kBProgress (5): 164/206 kB | 246/540 kB | 208 kB | 0.3/1.8 MB | 18 kBProgress (5): 164/206 kB | 250/540 kB | 208 kB | 0.3/1.8 MB | 18 kBProgress (5): 164/206 kB | 254/540 kB | 208 kB | 0.3/1.8 MB | 18 kBProgress (5): 164/206 kB | 258/540 kB | 208 kB | 0.3/1.8 MB | 18 kBProgress (5): 164/206 kB | 262/540 kB | 208 kB | 0.3/1.8 MB | 18 kBProgress (5): 168/206 kB | 262/540 kB | 208 kB | 0.3/1.8 MB | 18 kBProgress (5): 172/206 kB | 262/540 kB | 208 kB | 0.3/1.8 MB | 18 kBProgress (5): 176/206 kB | 262/540 kB | 208 kB | 0.3/1.8 MB | 18 kBProgress (5): 180/206 kB | 262/540 kB | 208 kB | 0.3/1.8 MB | 18 kBProgress (5): 185/206 kB | 262/540 kB | 208 kB | 0.3/1.8 MB | 18 kBProgress (5): 189/206 kB | 262/540 kB | 208 kB | 0.3/1.8 MB | 18 kBProgress (5): 193/206 kB | 262/540 kB | 208 kB | 0.3/1.8 MB | 18 kBProgress (5): 197/206 kB | 262/540 kB | 208 kB | 0.3/1.8 MB | 18 kBProgress (5): 197/206 kB | 262/540 kB | 208 kB | 0.4/1.8 MB | 18 kBProgress (5): 197/206 kB | 262/540 kB | 208 kB | 0.4/1.8 MB | 18 kBProgress (5): 201/206 kB | 262/540 kB | 208 kB | 0.4/1.8 MB | 18 kBProgress (5): 205/206 kB | 262/540 kB | 208 kB | 0.4/1.8 MB | 18 kBProgress (5): 206 kB | 262/540 kB | 208 kB | 0.4/1.8 MB | 18 kB    Progress (5): 206 kB | 262/540 kB | 208 kB | 0.4/1.8 MB | 18 kBProgress (5): 206 kB | 262/540 kB | 208 kB | 0.4/1.8 MB | 18 kBProgress (5): 206 kB | 262/540 kB | 208 kB | 0.4/1.8 MB | 18 kBProgress (5): 206 kB | 262/540 kB | 208 kB | 0.4/1.8 MB | 18 kBProgress (5): 206 kB | 262/540 kB | 208 kB | 0.4/1.8 MB | 18 kBProgress (5): 206 kB | 262/540 kB | 208 kB | 0.4/1.8 MB | 18 kBProgress (5): 206 kB | 262/540 kB | 208 kB | 0.4/1.8 MB | 18 kBProgress (5): 206 kB | 262/540 kB | 208 kB | 0.4/1.8 MB | 18 kBProgress (5): 206 kB | 262/540 kB | 208 kB | 0.4/1.8 MB | 18 kBProgress (5): 206 kB | 262/540 kB | 208 kB | 0.4/1.8 MB | 18 kBProgress (5): 206 kB | 262/540 kB | 208 kB | 0.5/1.8 MB | 18 kBProgress (5): 206 kB | 262/540 kB | 208 kB | 0.5/1.8 MB | 18 kBProgress (5): 206 kB | 267/540 kB | 208 kB | 0.5/1.8 MB | 18 kBProgress (5): 206 kB | 271/540 kB | 208 kB | 0.5/1.8 MB | 18 kBProgress (5): 206 kB | 275/540 kB | 208 kB | 0.5/1.8 MB | 18 kBProgress (5): 206 kB | 279/540 kB | 208 kB | 0.5/1.8 MB | 18 kBProgress (5): 206 kB | 279/540 kB | 208 kB | 0.5/1.8 MB | 18 kBProgress (5): 206 kB | 279/540 kB | 208 kB | 0.5/1.8 MB | 18 kBProgress (5): 206 kB | 279/540 kB | 208 kB | 0.5/1.8 MB | 18 kBProgress (5): 206 kB | 279/540 kB | 208 kB | 0.5/1.8 MB | 18 kBProgress (5): 206 kB | 279/540 kB | 208 kB | 0.5/1.8 MB | 18 kBProgress (5): 206 kB | 279/540 kB | 208 kB | 0.5/1.8 MB | 18 kBProgress (5): 206 kB | 283/540 kB | 208 kB | 0.5/1.8 MB | 18 kBProgress (5): 206 kB | 283/540 kB | 208 kB | 0.5/1.8 MB | 18 kBProgress (5): 206 kB | 287/540 kB | 208 kB | 0.5/1.8 MB | 18 kBProgress (5): 206 kB | 287/540 kB | 208 kB | 0.5/1.8 MB | 18 kBProgress (5): 206 kB | 291/540 kB | 208 kB | 0.5/1.8 MB | 18 kBProgress (5): 206 kB | 295/540 kB | 208 kB | 0.5/1.8 MB | 18 kBProgress (5): 206 kB | 299/540 kB | 208 kB | 0.5/1.8 MB | 18 kBProgress (5): 206 kB | 299/540 kB | 208 kB | 0.5/1.8 MB | 18 kBProgress (5): 206 kB | 303/540 kB | 208 kB | 0.5/1.8 MB | 18 kBProgress (5): 206 kB | 303/540 kB | 208 kB | 0.5/1.8 MB | 18 kBProgress (5): 206 kB | 307/540 kB | 208 kB | 0.5/1.8 MB | 18 kBProgress (5): 206 kB | 312/540 kB | 208 kB | 0.5/1.8 MB | 18 kBProgress (5): 206 kB | 312/540 kB | 208 kB | 0.5/1.8 MB | 18 kBProgress (5): 206 kB | 312/540 kB | 208 kB | 0.6/1.8 MB | 18 kBProgress (5): 206 kB | 312/540 kB | 208 kB | 0.6/1.8 MB | 18 kBProgress (5): 206 kB | 312/540 kB | 208 kB | 0.6/1.8 MB | 18 kBProgress (5): 206 kB | 312/540 kB | 208 kB | 0.6/1.8 MB | 18 kBProgress (5): 206 kB | 312/540 kB | 208 kB | 0.6/1.8 MB | 18 kBProgress (5): 206 kB | 316/540 kB | 208 kB | 0.6/1.8 MB | 18 kBProgress (5): 206 kB | 316/540 kB | 208 kB | 0.6/1.8 MB | 18 kBProgress (5): 206 kB | 320/540 kB | 208 kB | 0.6/1.8 MB | 18 kBProgress (5): 206 kB | 320/540 kB | 208 kB | 0.6/1.8 MB | 18 kBProgress (5): 206 kB | 324/540 kB | 208 kB | 0.6/1.8 MB | 18 kBProgress (5): 206 kB | 328/540 kB | 208 kB | 0.6/1.8 MB | 18 kBProgress (5): 206 kB | 328/540 kB | 208 kB | 0.6/1.8 MB | 18 kBProgress (5): 206 kB | 328/540 kB | 208 kB | 0.6/1.8 MB | 18 kBProgress (5): 206 kB | 328/540 kB | 208 kB | 0.6/1.8 MB | 18 kBProgress (5): 206 kB | 328/540 kB | 208 kB | 0.6/1.8 MB | 18 kBProgress (5): 206 kB | 328/540 kB | 208 kB | 0.6/1.8 MB | 18 kBProgress (5): 206 kB | 328/540 kB | 208 kB | 0.7/1.8 MB | 18 kBProgress (5): 206 kB | 332/540 kB | 208 kB | 0.7/1.8 MB | 18 kBProgress (5): 206 kB | 332/540 kB | 208 kB | 0.7/1.8 MB | 18 kBProgress (5): 206 kB | 336/540 kB | 208 kB | 0.7/1.8 MB | 18 kBProgress (5): 206 kB | 336/540 kB | 208 kB | 0.7/1.8 MB | 18 kBProgress (5): 206 kB | 340/540 kB | 208 kB | 0.7/1.8 MB | 18 kBProgress (5): 206 kB | 344/540 kB | 208 kB | 0.7/1.8 MB | 18 kBProgress (5): 206 kB | 348/540 kB | 208 kB | 0.7/1.8 MB | 18 kBProgress (5): 206 kB | 348/540 kB | 208 kB | 0.7/1.8 MB | 18 kBProgress (5): 206 kB | 353/540 kB | 208 kB | 0.7/1.8 MB | 18 kBProgress (5): 206 kB | 357/540 kB | 208 kB | 0.7/1.8 MB | 18 kBProgress (5): 206 kB | 357/540 kB | 208 kB | 0.7/1.8 MB | 18 kBProgress (5): 206 kB | 361/540 kB | 208 kB | 0.7/1.8 MB | 18 kBProgress (5): 206 kB | 365/540 kB | 208 kB | 0.7/1.8 MB | 18 kBProgress (5): 206 kB | 365/540 kB | 208 kB | 0.7/1.8 MB | 18 kBProgress (5): 206 kB | 365/540 kB | 208 kB | 0.7/1.8 MB | 18 kBProgress (5): 206 kB | 365/540 kB | 208 kB | 0.7/1.8 MB | 18 kBProgress (5): 206 kB | 365/540 kB | 208 kB | 0.7/1.8 MB | 18 kBProgress (5): 206 kB | 365/540 kB | 208 kB | 0.7/1.8 MB | 18 kBProgress (5): 206 kB | 369/540 kB | 208 kB | 0.7/1.8 MB | 18 kBProgress (5): 206 kB | 369/540 kB | 208 kB | 0.7/1.8 MB | 18 kBProgress (5): 206 kB | 373/540 kB | 208 kB | 0.7/1.8 MB | 18 kBProgress (5): 206 kB | 373/540 kB | 208 kB | 0.7/1.8 MB | 18 kBProgress (5): 206 kB | 377/540 kB | 208 kB | 0.7/1.8 MB | 18 kBProgress (5): 206 kB | 381/540 kB | 208 kB | 0.7/1.8 MB | 18 kBProgress (5): 206 kB | 381/540 kB | 208 kB | 0.8/1.8 MB | 18 kBProgress (5): 206 kB | 381/540 kB | 208 kB | 0.8/1.8 MB | 18 kBProgress (5): 206 kB | 385/540 kB | 208 kB | 0.8/1.8 MB | 18 kBProgress (5): 206 kB | 385/540 kB | 208 kB | 0.8/1.8 MB | 18 kBProgress (5): 206 kB | 389/540 kB | 208 kB | 0.8/1.8 MB | 18 kBProgress (5): 206 kB | 393/540 kB | 208 kB | 0.8/1.8 MB | 18 kBProgress (5): 206 kB | 393/540 kB | 208 kB | 0.8/1.8 MB | 18 kBProgress (5): 206 kB | 398/540 kB | 208 kB | 0.8/1.8 MB | 18 kBProgress (5): 206 kB | 398/540 kB | 208 kB | 0.8/1.8 MB | 18 kBProgress (5): 206 kB | 398/540 kB | 208 kB | 0.8/1.8 MB | 18 kBProgress (5): 206 kB | 402/540 kB | 208 kB | 0.8/1.8 MB | 18 kBProgress (5): 206 kB | 406/540 kB | 208 kB | 0.8/1.8 MB | 18 kBProgress (5): 206 kB | 410/540 kB | 208 kB | 0.8/1.8 MB | 18 kBProgress (5): 206 kB | 414/540 kB | 208 kB | 0.8/1.8 MB | 18 kBProgress (5): 206 kB | 418/540 kB | 208 kB | 0.8/1.8 MB | 18 kBProgress (5): 206 kB | 422/540 kB | 208 kB | 0.8/1.8 MB | 18 kBProgress (5): 206 kB | 426/540 kB | 208 kB | 0.8/1.8 MB | 18 kBProgress (5): 206 kB | 430/540 kB | 208 kB | 0.8/1.8 MB | 18 kBProgress (5): 206 kB | 434/540 kB | 208 kB | 0.8/1.8 MB | 18 kBProgress (5): 206 kB | 439/540 kB | 208 kB | 0.8/1.8 MB | 18 kBProgress (5): 206 kB | 443/540 kB | 208 kB | 0.8/1.8 MB | 18 kBProgress (5): 206 kB | 447/540 kB | 208 kB | 0.8/1.8 MB | 18 kBProgress (5): 206 kB | 451/540 kB | 208 kB | 0.8/1.8 MB | 18 kBProgress (5): 206 kB | 455/540 kB | 208 kB | 0.8/1.8 MB | 18 kBProgress (5): 206 kB | 459/540 kB | 208 kB | 0.8/1.8 MB | 18 kBProgress (5): 206 kB | 463/540 kB | 208 kB | 0.8/1.8 MB | 18 kBProgress (5): 206 kB | 467/540 kB | 208 kB | 0.8/1.8 MB | 18 kBProgress (5): 206 kB | 471/540 kB | 208 kB | 0.8/1.8 MB | 18 kBProgress (5): 206 kB | 475/540 kB | 208 kB | 0.8/1.8 MB | 18 kBProgress (5): 206 kB | 480/540 kB | 208 kB | 0.8/1.8 MB | 18 kBProgress (5): 206 kB | 484/540 kB | 208 kB | 0.8/1.8 MB | 18 kBProgress (5): 206 kB | 488/540 kB | 208 kB | 0.8/1.8 MB | 18 kBProgress (5): 206 kB | 492/540 kB | 208 kB | 0.8/1.8 MB | 18 kBProgress (5): 206 kB | 496/540 kB | 208 kB | 0.8/1.8 MB | 18 kB                                                               Downloaded from central: https://repo.maven.apache.org/maven2/info/cukes/cucumber-junit/1.2.0/cucumber-junit-1.2.0.jar (18 kB at 19 kB/s)
Progress (4): 206 kB | 500/540 kB | 208 kB | 0.8/1.8 MBProgress (4): 206 kB | 504/540 kB | 208 kB | 0.8/1.8 MBProgress (4): 206 kB | 508/540 kB | 208 kB | 0.8/1.8 MBProgress (4): 206 kB | 512/540 kB | 208 kB | 0.8/1.8 MBProgress (4): 206 kB | 516/540 kB | 208 kB | 0.8/1.8 MBProgress (4): 206 kB | 520/540 kB | 208 kB | 0.8/1.8 MBProgress (4): 206 kB | 525/540 kB | 208 kB | 0.8/1.8 MBProgress (4): 206 kB | 529/540 kB | 208 kB | 0.8/1.8 MBProgress (4): 206 kB | 533/540 kB | 208 kB | 0.8/1.8 MBProgress (4): 206 kB | 537/540 kB | 208 kB | 0.8/1.8 MBProgress (4): 206 kB | 540 kB | 208 kB | 0.8/1.8 MB                                                       Downloaded from central: https://repo.maven.apache.org/maven2/info/cukes/cucumber-core/1.2.0/cucumber-core-1.2.0.jar (208 kB at 219 kB/s)
Progress (3): 206 kB | 540 kB | 0.8/1.8 MBProgress (3): 206 kB | 540 kB | 0.8/1.8 MBProgress (3): 206 kB | 540 kB | 0.8/1.8 MBProgress (3): 206 kB | 540 kB | 0.8/1.8 MBProgress (3): 206 kB | 540 kB | 0.8/1.8 MBProgress (3): 206 kB | 540 kB | 0.8/1.8 MBProgress (3): 206 kB | 540 kB | 0.9/1.8 MBProgress (3): 206 kB | 540 kB | 0.9/1.8 MBProgress (3): 206 kB | 540 kB | 0.9/1.8 MBProgress (3): 206 kB | 540 kB | 0.9/1.8 MBProgress (3): 206 kB | 540 kB | 0.9/1.8 MBProgress (3): 206 kB | 540 kB | 0.9/1.8 MBProgress (3): 206 kB | 540 kB | 0.9/1.8 MBProgress (3): 206 kB | 540 kB | 0.9/1.8 MB                                          Downloaded from central: https://repo.maven.apache.org/maven2/info/cukes/cucumber-java/1.2.0/cucumber-java-1.2.0.jar (206 kB at 211 kB/s)
Progress (2): 540 kB | 0.9/1.8 MBProgress (2): 540 kB | 0.9/1.8 MBProgress (2): 540 kB | 0.9/1.8 MBProgress (2): 540 kB | 0.9/1.8 MBProgress (2): 540 kB | 1.0/1.8 MBProgress (2): 540 kB | 1.0/1.8 MBProgress (2): 540 kB | 1.0/1.8 MBProgress (2): 540 kB | 1.0/1.8 MBProgress (2): 540 kB | 1.0/1.8 MBProgress (2): 540 kB | 1.0/1.8 MBProgress (2): 540 kB | 1.0/1.8 MBProgress (2): 540 kB | 1.0/1.8 MBProgress (2): 540 kB | 1.0/1.8 MBProgress (2): 540 kB | 1.0/1.8 MBProgress (2): 540 kB | 1.0/1.8 MBProgress (2): 540 kB | 1.0/1.8 MBProgress (2): 540 kB | 1.0/1.8 MBProgress (2): 540 kB | 1.1/1.8 MBProgress (2): 540 kB | 1.1/1.8 MBProgress (2): 540 kB | 1.1/1.8 MBProgress (2): 540 kB | 1.1/1.8 MBProgress (2): 540 kB | 1.1/1.8 MBProgress (2): 540 kB | 1.1/1.8 MBProgress (2): 540 kB | 1.1/1.8 MBProgress (2): 540 kB | 1.1/1.8 MBProgress (2): 540 kB | 1.1/1.8 MBProgress (2): 540 kB | 1.1/1.8 MBProgress (2): 540 kB | 1.1/1.8 MBProgress (2): 540 kB | 1.1/1.8 MBProgress (2): 540 kB | 1.2/1.8 MBProgress (2): 540 kB | 1.2/1.8 MBProgress (2): 540 kB | 1.2/1.8 MBProgress (2): 540 kB | 1.2/1.8 MBProgress (2): 540 kB | 1.2/1.8 MBProgress (2): 540 kB | 1.2/1.8 MBProgress (2): 540 kB | 1.2/1.8 MBProgress (2): 540 kB | 1.2/1.8 MBProgress (2): 540 kB | 1.2/1.8 MBProgress (2): 540 kB | 1.2/1.8 MBProgress (2): 540 kB | 1.2/1.8 MBProgress (2): 540 kB | 1.3/1.8 MBProgress (2): 540 kB | 1.3/1.8 MBProgress (2): 540 kB | 1.3/1.8 MBProgress (2): 540 kB | 1.3/1.8 MBProgress (2): 540 kB | 1.3/1.8 MBProgress (2): 540 kB | 1.3/1.8 MBProgress (2): 540 kB | 1.3/1.8 MBProgress (2): 540 kB | 1.3/1.8 MBProgress (2): 540 kB | 1.3/1.8 MBProgress (2): 540 kB | 1.3/1.8 MBProgress (2): 540 kB | 1.3/1.8 MBProgress (2): 540 kB | 1.3/1.8 MBProgress (2): 540 kB | 1.3/1.8 MBProgress (2): 540 kB | 1.4/1.8 MBProgress (2): 540 kB | 1.4/1.8 MBProgress (2): 540 kB | 1.4/1.8 MBProgress (2): 540 kB | 1.4/1.8 MBProgress (2): 540 kB | 1.4/1.8 MBProgress (2): 540 kB | 1.4/1.8 MBProgress (2): 540 kB | 1.4/1.8 MBProgress (2): 540 kB | 1.4/1.8 MBProgress (2): 540 kB | 1.4/1.8 MBProgress (2): 540 kB | 1.4/1.8 MBProgress (2): 540 kB | 1.4/1.8 MBProgress (2): 540 kB | 1.5/1.8 MBProgress (2): 540 kB | 1.5/1.8 MBProgress (2): 540 kB | 1.5/1.8 MBProgress (2): 540 kB | 1.5/1.8 MBProgress (2): 540 kB | 1.5/1.8 MBProgress (2): 540 kB | 1.5/1.8 MBProgress (2): 540 kB | 1.5/1.8 MBProgress (2): 540 kB | 1.5/1.8 MBProgress (2): 540 kB | 1.5/1.8 MBProgress (2): 540 kB | 1.5/1.8 MBProgress (2): 540 kB | 1.5/1.8 MBProgress (2): 540 kB | 1.5/1.8 MBProgress (2): 540 kB | 1.6/1.8 MBProgress (2): 540 kB | 1.6/1.8 MBProgress (2): 540 kB | 1.6/1.8 MBProgress (2): 540 kB | 1.6/1.8 MBProgress (2): 540 kB | 1.6/1.8 MBProgress (2): 540 kB | 1.6/1.8 MBProgress (2): 540 kB | 1.6/1.8 MBProgress (2): 540 kB | 1.6/1.8 MBProgress (2): 540 kB | 1.6/1.8 MBProgress (2): 540 kB | 1.6/1.8 MBProgress (2): 540 kB | 1.6/1.8 MBProgress (2): 540 kB | 1.6/1.8 MBProgress (2): 540 kB | 1.7/1.8 MBProgress (2): 540 kB | 1.7/1.8 MBProgress (2): 540 kB | 1.7/1.8 MBProgress (2): 540 kB | 1.7/1.8 MBProgress (2): 540 kB | 1.7/1.8 MBProgress (2): 540 kB | 1.7/1.8 MBProgress (2): 540 kB | 1.7/1.8 MBProgress (2): 540 kB | 1.7/1.8 MBProgress (2): 540 kB | 1.7/1.8 MBProgress (2): 540 kB | 1.7/1.8 MBProgress (2): 540 kB | 1.7/1.8 MBProgress (2): 540 kB | 1.7/1.8 MBProgress (2): 540 kB | 1.8 MB                                 Downloaded from central: https://repo.maven.apache.org/maven2/info/cukes/cucumber-jvm-deps/1.0.3/cucumber-jvm-deps-1.0.3.jar (540 kB at 507 kB/s)
Downloaded from central: https://repo.maven.apache.org/maven2/info/cukes/gherkin/2.12.2/gherkin-2.12.2.jar (1.8 MB at 1.5 MB/s)
[INFO] 
[INFO] --- maven-clean-plugin:2.5:clean (default-clean) @ jadventure ---
[INFO] 
[INFO] --- jacoco-maven-plugin:0.8.1:prepare-agent (jacoco-initialize) @ jadventure ---
[WARNING] The artifact xml-apis:xml-apis:jar:2.0.2 has been relocated to xml-apis:xml-apis:jar:1.0.b2
Downloading from central: https://repo.maven.apache.org/maven2/org/jacoco/org.jacoco.agent/0.8.1/org.jacoco.agent-0.8.1.pom
Progress (1): 3.5 kB                    Downloaded from central: https://repo.maven.apache.org/maven2/org/jacoco/org.jacoco.agent/0.8.1/org.jacoco.agent-0.8.1.pom (3.5 kB at 12 kB/s)
Downloading from central: https://repo.maven.apache.org/maven2/org/jacoco/org.jacoco.core/0.8.1/org.jacoco.core-0.8.1.pom
Progress (1): 2.3 kB                    Downloaded from central: https://repo.maven.apache.org/maven2/org/jacoco/org.jacoco.core/0.8.1/org.jacoco.core-0.8.1.pom (2.3 kB at 5.2 kB/s)
Downloading from central: https://repo.maven.apache.org/maven2/org/ow2/asm/asm/6.0/asm-6.0.pom
Progress (1): 1.9 kB                    Downloaded from central: https://repo.maven.apache.org/maven2/org/ow2/asm/asm/6.0/asm-6.0.pom (1.9 kB at 6.4 kB/s)
Downloading from central: https://repo.maven.apache.org/maven2/org/ow2/asm/asm-parent/6.0/asm-parent-6.0.pom
Progress (1): 4.1/5.5 kBProgress (1): 5.5 kB                        Downloaded from central: https://repo.maven.apache.org/maven2/org/ow2/asm/asm-parent/6.0/asm-parent-6.0.pom (5.5 kB at 18 kB/s)
Downloading from central: https://repo.maven.apache.org/maven2/org/ow2/asm/asm-commons/6.0/asm-commons-6.0.pom
Progress (1): 2.1 kB                    Downloaded from central: https://repo.maven.apache.org/maven2/org/ow2/asm/asm-commons/6.0/asm-commons-6.0.pom (2.1 kB at 7.0 kB/s)
Downloading from central: https://repo.maven.apache.org/maven2/org/ow2/asm/asm-tree/6.0/asm-tree-6.0.pom
Progress (1): 2.1 kB                    Downloaded from central: https://repo.maven.apache.org/maven2/org/ow2/asm/asm-tree/6.0/asm-tree-6.0.pom (2.1 kB at 7.4 kB/s)
Downloading from central: https://repo.maven.apache.org/maven2/org/ow2/asm/asm-analysis/6.0/asm-analysis-6.0.pom
Progress (1): 2.1 kB                    Downloaded from central: https://repo.maven.apache.org/maven2/org/ow2/asm/asm-analysis/6.0/asm-analysis-6.0.pom (2.1 kB at 7.2 kB/s)
Downloading from central: https://repo.maven.apache.org/maven2/org/ow2/asm/asm-util/6.0/asm-util-6.0.pom
Progress (1): 2.1 kB                    Downloaded from central: https://repo.maven.apache.org/maven2/org/ow2/asm/asm-util/6.0/asm-util-6.0.pom (2.1 kB at 7.2 kB/s)
Downloading from central: https://repo.maven.apache.org/maven2/org/jacoco/org.jacoco.report/0.8.1/org.jacoco.report-0.8.1.pom
Progress (1): 1.9 kB                    Downloaded from central: https://repo.maven.apache.org/maven2/org/jacoco/org.jacoco.report/0.8.1/org.jacoco.report-0.8.1.pom (1.9 kB at 6.7 kB/s)
Downloading from central: https://repo.maven.apache.org/maven2/org/jacoco/org.jacoco.agent/0.8.1/org.jacoco.agent-0.8.1-runtime.jar
Downloading from central: https://repo.maven.apache.org/maven2/org/jacoco/org.jacoco.core/0.8.1/org.jacoco.core-0.8.1.jar
Downloading from central: https://repo.maven.apache.org/maven2/org/ow2/asm/asm/6.0/asm-6.0.jar
Downloading from central: https://repo.maven.apache.org/maven2/org/ow2/asm/asm-commons/6.0/asm-commons-6.0.jar
Downloading from central: https://repo.maven.apache.org/maven2/org/ow2/asm/asm-tree/6.0/asm-tree-6.0.jar
Progress (1): 2.7/48 kBProgress (2): 2.7/48 kB | 4.1/249 kBProgress (2): 5.5/48 kB | 4.1/249 kBProgress (3): 5.5/48 kB | 4.1/249 kB | 4.1/95 kBProgress (3): 5.5/48 kB | 4.1/249 kB | 8.2/95 kBProgress (3): 5.5/48 kB | 8.2/249 kB | 8.2/95 kBProgress (3): 5.5/48 kB | 8.2/249 kB | 12/95 kB Progress (3): 5.5/48 kB | 8.2/249 kB | 16/95 kBProgress (3): 5.5/48 kB | 12/249 kB | 16/95 kB Progress (3): 5.5/48 kB | 16/249 kB | 16/95 kBProgress (3): 5.5/48 kB | 16/249 kB | 20/95 kBProgress (3): 5.5/48 kB | 16/249 kB | 25/95 kBProgress (3): 5.5/48 kB | 16/249 kB | 29/95 kBProgress (3): 5.5/48 kB | 16/249 kB | 33/95 kBProgress (3): 5.5/48 kB | 16/249 kB | 37/95 kBProgress (3): 5.5/48 kB | 20/249 kB | 37/95 kBProgress (3): 5.5/48 kB | 20/249 kB | 41/95 kBProgress (3): 5.5/48 kB | 25/249 kB | 41/95 kBProgress (3): 5.5/48 kB | 25/249 kB | 45/95 kBProgress (3): 5.5/48 kB | 29/249 kB | 45/95 kBProgress (3): 5.5/48 kB | 29/249 kB | 49/95 kBProgress (3): 5.5/48 kB | 33/249 kB | 49/95 kBProgress (3): 5.5/48 kB | 33/249 kB | 53/95 kBProgress (3): 5.5/48 kB | 37/249 kB | 53/95 kBProgress (3): 5.5/48 kB | 37/249 kB | 57/95 kBProgress (3): 5.5/48 kB | 41/249 kB | 57/95 kBProgress (3): 5.5/48 kB | 41/249 kB | 61/95 kBProgress (3): 5.5/48 kB | 45/249 kB | 61/95 kBProgress (3): 5.5/48 kB | 45/249 kB | 66/95 kBProgress (3): 5.5/48 kB | 49/249 kB | 66/95 kBProgress (4): 5.5/48 kB | 49/249 kB | 66/95 kB | 4.1/159 kBProgress (4): 5.5/48 kB | 49/249 kB | 66/95 kB | 8.2/159 kBProgress (4): 5.5/48 kB | 49/249 kB | 70/95 kB | 8.2/159 kBProgress (4): 5.5/48 kB | 53/249 kB | 70/95 kB | 8.2/159 kBProgress (4): 5.5/48 kB | 53/249 kB | 70/95 kB | 12/159 kB Progress (4): 5.5/48 kB | 57/249 kB | 70/95 kB | 12/159 kBProgress (4): 5.5/48 kB | 57/249 kB | 74/95 kB | 12/159 kBProgress (4): 5.5/48 kB | 57/249 kB | 74/95 kB | 16/159 kBProgress (4): 5.5/48 kB | 57/249 kB | 78/95 kB | 16/159 kBProgress (4): 5.5/48 kB | 61/249 kB | 78/95 kB | 16/159 kBProgress (4): 5.5/48 kB | 61/249 kB | 82/95 kB | 16/159 kBProgress (4): 5.5/48 kB | 66/249 kB | 82/95 kB | 16/159 kBProgress (4): 5.5/48 kB | 66/249 kB | 82/95 kB | 20/159 kBProgress (4): 5.5/48 kB | 66/249 kB | 86/95 kB | 20/159 kBProgress (4): 5.5/48 kB | 66/249 kB | 86/95 kB | 25/159 kBProgress (4): 5.5/48 kB | 70/249 kB | 86/95 kB | 25/159 kBProgress (4): 5.5/48 kB | 70/249 kB | 90/95 kB | 25/159 kBProgress (4): 5.5/48 kB | 70/249 kB | 90/95 kB | 29/159 kBProgress (4): 5.5/48 kB | 74/249 kB | 90/95 kB | 29/159 kBProgress (4): 5.5/48 kB | 78/249 kB | 90/95 kB | 29/159 kBProgress (4): 5.5/48 kB | 78/249 kB | 90/95 kB | 33/159 kBProgress (4): 5.5/48 kB | 78/249 kB | 94/95 kB | 33/159 kBProgress (4): 5.5/48 kB | 82/249 kB | 94/95 kB | 33/159 kBProgress (4): 5.5/48 kB | 82/249 kB | 95 kB | 33/159 kB   Progress (5): 5.5/48 kB | 82/249 kB | 95 kB | 33/159 kB | 4.1/77 kBProgress (5): 5.5/48 kB | 86/249 kB | 95 kB | 33/159 kB | 4.1/77 kBProgress (5): 5.5/48 kB | 86/249 kB | 95 kB | 33/159 kB | 8.2/77 kBProgress (5): 5.5/48 kB | 90/249 kB | 95 kB | 33/159 kB | 8.2/77 kBProgress (5): 5.5/48 kB | 90/249 kB | 95 kB | 33/159 kB | 12/77 kB Progress (5): 5.5/48 kB | 94/249 kB | 95 kB | 33/159 kB | 12/77 kBProgress (5): 5.5/48 kB | 94/249 kB | 95 kB | 33/159 kB | 16/77 kBProgress (5): 5.5/48 kB | 98/249 kB | 95 kB | 33/159 kB | 16/77 kBProgress (5): 9.6/48 kB | 98/249 kB | 95 kB | 33/159 kB | 16/77 kBProgress (5): 9.6/48 kB | 102/249 kB | 95 kB | 33/159 kB | 16/77 kBProgress (5): 14/48 kB | 102/249 kB | 95 kB | 33/159 kB | 16/77 kB Progress (5): 14/48 kB | 106/249 kB | 95 kB | 33/159 kB | 16/77 kBProgress (5): 18/48 kB | 106/249 kB | 95 kB | 33/159 kB | 16/77 kBProgress (5): 18/48 kB | 111/249 kB | 95 kB | 33/159 kB | 16/77 kBProgress (5): 18/48 kB | 115/249 kB | 95 kB | 33/159 kB | 16/77 kBProgress (5): 22/48 kB | 115/249 kB | 95 kB | 33/159 kB | 16/77 kBProgress (5): 22/48 kB | 119/249 kB | 95 kB | 33/159 kB | 16/77 kBProgress (5): 22/48 kB | 123/249 kB | 95 kB | 33/159 kB | 16/77 kBProgress (5): 22/48 kB | 127/249 kB | 95 kB | 33/159 kB | 16/77 kBProgress (5): 22/48 kB | 131/249 kB | 95 kB | 33/159 kB | 16/77 kBProgress (5): 22/48 kB | 131/249 kB | 95 kB | 37/159 kB | 16/77 kBProgress (5): 22/48 kB | 131/249 kB | 95 kB | 41/159 kB | 16/77 kBProgress (5): 22/48 kB | 131/249 kB | 95 kB | 45/159 kB | 16/77 kBProgress (5): 22/48 kB | 131/249 kB | 95 kB | 49/159 kB | 16/77 kBProgress (5): 22/48 kB | 135/249 kB | 95 kB | 49/159 kB | 16/77 kBProgress (5): 22/48 kB | 139/249 kB | 95 kB | 49/159 kB | 16/77 kBProgress (5): 22/48 kB | 143/249 kB | 95 kB | 49/159 kB | 16/77 kBProgress (5): 22/48 kB | 147/249 kB | 95 kB | 49/159 kB | 16/77 kBProgress (5): 22/48 kB | 152/249 kB | 95 kB | 49/159 kB | 16/77 kBProgress (5): 22/48 kB | 156/249 kB | 95 kB | 49/159 kB | 16/77 kBProgress (5): 22/48 kB | 160/249 kB | 95 kB | 49/159 kB | 16/77 kBProgress (5): 22/48 kB | 164/249 kB | 95 kB | 49/159 kB | 16/77 kBProgress (5): 22/48 kB | 168/249 kB | 95 kB | 49/159 kB | 16/77 kBProgress (5): 22/48 kB | 172/249 kB | 95 kB | 49/159 kB | 16/77 kBProgress (5): 22/48 kB | 176/249 kB | 95 kB | 49/159 kB | 16/77 kBProgress (5): 22/48 kB | 180/249 kB | 95 kB | 49/159 kB | 16/77 kBProgress (5): 22/48 kB | 184/249 kB | 95 kB | 49/159 kB | 16/77 kBProgress (5): 22/48 kB | 188/249 kB | 95 kB | 49/159 kB | 16/77 kBProgress (5): 22/48 kB | 193/249 kB | 95 kB | 49/159 kB | 16/77 kBProgress (5): 22/48 kB | 197/249 kB | 95 kB | 49/159 kB | 16/77 kBProgress (5): 22/48 kB | 197/249 kB | 95 kB | 53/159 kB | 16/77 kBProgress (5): 22/48 kB | 197/249 kB | 95 kB | 53/159 kB | 20/77 kBProgress (5): 22/48 kB | 197/249 kB | 95 kB | 57/159 kB | 20/77 kBProgress (5): 22/48 kB | 197/249 kB | 95 kB | 57/159 kB | 25/77 kBProgress (5): 22/48 kB | 197/249 kB | 95 kB | 61/159 kB | 25/77 kBProgress (5): 22/48 kB | 197/249 kB | 95 kB | 61/159 kB | 29/77 kBProgress (5): 22/48 kB | 197/249 kB | 95 kB | 66/159 kB | 29/77 kBProgress (5): 22/48 kB | 197/249 kB | 95 kB | 66/159 kB | 33/77 kBProgress (5): 22/48 kB | 201/249 kB | 95 kB | 66/159 kB | 33/77 kBProgress (5): 22/48 kB | 205/249 kB | 95 kB | 66/159 kB | 33/77 kBProgress (5): 22/48 kB | 209/249 kB | 95 kB | 66/159 kB | 33/77 kBProgress (5): 22/48 kB | 213/249 kB | 95 kB | 66/159 kB | 33/77 kBProgress (5): 22/48 kB | 217/249 kB | 95 kB | 66/159 kB | 33/77 kBProgress (5): 22/48 kB | 221/249 kB | 95 kB | 66/159 kB | 33/77 kBProgress (5): 22/48 kB | 225/249 kB | 95 kB | 66/159 kB | 33/77 kBProgress (5): 22/48 kB | 229/249 kB | 95 kB | 66/159 kB | 33/77 kBProgress (5): 22/48 kB | 229/249 kB | 95 kB | 70/159 kB | 33/77 kBProgress (5): 22/48 kB | 229/249 kB | 95 kB | 74/159 kB | 33/77 kBProgress (5): 22/48 kB | 229/249 kB | 95 kB | 78/159 kB | 33/77 kBProgress (5): 22/48 kB | 233/249 kB | 95 kB | 78/159 kB | 33/77 kBProgress (5): 22/48 kB | 233/249 kB | 95 kB | 82/159 kB | 33/77 kBProgress (5): 22/48 kB | 238/249 kB | 95 kB | 82/159 kB | 33/77 kBProgress (5): 22/48 kB | 242/249 kB | 95 kB | 82/159 kB | 33/77 kBProgress (5): 22/48 kB | 246/249 kB | 95 kB | 82/159 kB | 33/77 kBProgress (5): 22/48 kB | 249 kB | 95 kB | 82/159 kB | 33/77 kB    Progress (5): 22/48 kB | 249 kB | 95 kB | 82/159 kB | 37/77 kBProgress (5): 22/48 kB | 249 kB | 95 kB | 86/159 kB | 37/77 kBProgress (5): 26/48 kB | 249 kB | 95 kB | 86/159 kB | 37/77 kBProgress (5): 26/48 kB | 249 kB | 95 kB | 86/159 kB | 41/77 kBProgress (5): 26/48 kB | 249 kB | 95 kB | 90/159 kB | 41/77 kBProgress (5): 26/48 kB | 249 kB | 95 kB | 90/159 kB | 45/77 kBProgress (5): 30/48 kB | 249 kB | 95 kB | 90/159 kB | 45/77 kBProgress (5): 30/48 kB | 249 kB | 95 kB | 94/159 kB | 45/77 kBProgress (5): 30/48 kB | 249 kB | 95 kB | 94/159 kB | 49/77 kBProgress (5): 34/48 kB | 249 kB | 95 kB | 94/159 kB | 49/77 kBProgress (5): 34/48 kB | 249 kB | 95 kB | 98/159 kB | 49/77 kBProgress (5): 38/48 kB | 249 kB | 95 kB | 98/159 kB | 49/77 kBProgress (5): 38/48 kB | 249 kB | 95 kB | 102/159 kB | 49/77 kBProgress (5): 38/48 kB | 249 kB | 95 kB | 106/159 kB | 49/77 kBProgress (5): 38/48 kB | 249 kB | 95 kB | 111/159 kB | 49/77 kBProgress (5): 38/48 kB | 249 kB | 95 kB | 115/159 kB | 49/77 kBProgress (5): 42/48 kB | 249 kB | 95 kB | 115/159 kB | 49/77 kBProgress (5): 46/48 kB | 249 kB | 95 kB | 115/159 kB | 49/77 kBProgress (5): 48 kB | 249 kB | 95 kB | 115/159 kB | 49/77 kB   Progress (5): 48 kB | 249 kB | 95 kB | 119/159 kB | 49/77 kBProgress (5): 48 kB | 249 kB | 95 kB | 123/159 kB | 49/77 kBProgress (5): 48 kB | 249 kB | 95 kB | 127/159 kB | 49/77 kBProgress (5): 48 kB | 249 kB | 95 kB | 131/159 kB | 49/77 kBProgress (5): 48 kB | 249 kB | 95 kB | 131/159 kB | 53/77 kBProgress (5): 48 kB | 249 kB | 95 kB | 131/159 kB | 57/77 kBProgress (5): 48 kB | 249 kB | 95 kB | 131/159 kB | 61/77 kBProgress (5): 48 kB | 249 kB | 95 kB | 131/159 kB | 66/77 kBProgress (5): 48 kB | 249 kB | 95 kB | 135/159 kB | 66/77 kBProgress (5): 48 kB | 249 kB | 95 kB | 139/159 kB | 66/77 kBProgress (5): 48 kB | 249 kB | 95 kB | 143/159 kB | 66/77 kBProgress (5): 48 kB | 249 kB | 95 kB | 147/159 kB | 66/77 kBProgress (5): 48 kB | 249 kB | 95 kB | 152/159 kB | 66/77 kBProgress (5): 48 kB | 249 kB | 95 kB | 152/159 kB | 70/77 kBProgress (5): 48 kB | 249 kB | 95 kB | 156/159 kB | 70/77 kBProgress (5): 48 kB | 249 kB | 95 kB | 156/159 kB | 74/77 kBProgress (5): 48 kB | 249 kB | 95 kB | 159 kB | 74/77 kB    Progress (5): 48 kB | 249 kB | 95 kB | 159 kB | 77 kB                                                        Downloaded from central: https://repo.maven.apache.org/maven2/org/ow2/asm/asm/6.0/asm-6.0.jar (95 kB at 327 kB/s)
Downloading from central: https://repo.maven.apache.org/maven2/org/ow2/asm/asm-analysis/6.0/asm-analysis-6.0.jar
Downloaded from central: https://repo.maven.apache.org/maven2/org/ow2/asm/asm-tree/6.0/asm-tree-6.0.jar (48 kB at 153 kB/s)
Downloading from central: https://repo.maven.apache.org/maven2/org/ow2/asm/asm-util/6.0/asm-util-6.0.jar
Downloaded from central: https://repo.maven.apache.org/maven2/org/jacoco/org.jacoco.agent/0.8.1/org.jacoco.agent-0.8.1-runtime.jar (249 kB at 788 kB/s)
Downloading from central: https://repo.maven.apache.org/maven2/org/jacoco/org.jacoco.report/0.8.1/org.jacoco.report-0.8.1.jar
Downloaded from central: https://repo.maven.apache.org/maven2/org/jacoco/org.jacoco.core/0.8.1/org.jacoco.core-0.8.1.jar (159 kB at 488 kB/s)
Downloaded from central: https://repo.maven.apache.org/maven2/org/ow2/asm/asm-commons/6.0/asm-commons-6.0.jar (77 kB at 235 kB/s)
Progress (1): 4.1/31 kBProgress (1): 8.2/31 kBProgress (1): 12/31 kB Progress (1): 16/31 kBProgress (1): 20/31 kBProgress (1): 25/31 kBProgress (1): 29/31 kBProgress (1): 31 kB   Progress (2): 31 kB | 4.1/71 kBProgress (2): 31 kB | 8.2/71 kBProgress (2): 31 kB | 12/71 kB Progress (2): 31 kB | 16/71 kBProgress (2): 31 kB | 20/71 kBProgress (2): 31 kB | 25/71 kBProgress (2): 31 kB | 29/71 kBProgress (2): 31 kB | 33/71 kBProgress (2): 31 kB | 37/71 kBProgress (2): 31 kB | 41/71 kBProgress (2): 31 kB | 45/71 kBProgress (2): 31 kB | 49/71 kBProgress (2): 31 kB | 53/71 kBProgress (2): 31 kB | 57/71 kBProgress (2): 31 kB | 61/71 kBProgress (2): 31 kB | 66/71 kBProgress (2): 31 kB | 70/71 kBProgress (2): 31 kB | 71 kB   Progress (3): 31 kB | 71 kB | 4.1/128 kBProgress (3): 31 kB | 71 kB | 8.2/128 kBProgress (3): 31 kB | 71 kB | 12/128 kB Progress (3): 31 kB | 71 kB | 16/128 kBProgress (3): 31 kB | 71 kB | 20/128 kBProgress (3): 31 kB | 71 kB | 25/128 kBProgress (3): 31 kB | 71 kB | 29/128 kBProgress (3): 31 kB | 71 kB | 33/128 kBProgress (3): 31 kB | 71 kB | 37/128 kBProgress (3): 31 kB | 71 kB | 41/128 kBProgress (3): 31 kB | 71 kB | 45/128 kBProgress (3): 31 kB | 71 kB | 49/128 kBProgress (3): 31 kB | 71 kB | 53/128 kBProgress (3): 31 kB | 71 kB | 57/128 kBProgress (3): 31 kB | 71 kB | 61/128 kBProgress (3): 31 kB | 71 kB | 66/128 kBProgress (3): 31 kB | 71 kB | 70/128 kBProgress (3): 31 kB | 71 kB | 74/128 kBProgress (3): 31 kB | 71 kB | 78/128 kBProgress (3): 31 kB | 71 kB | 82/128 kBProgress (3): 31 kB | 71 kB | 86/128 kBProgress (3): 31 kB | 71 kB | 90/128 kBProgress (3): 31 kB | 71 kB | 94/128 kBProgress (3): 31 kB | 71 kB | 98/128 kB                                       Downloaded from central: https://repo.maven.apache.org/maven2/org/ow2/asm/asm-analysis/6.0/asm-analysis-6.0.jar (31 kB at 55 kB/s)
Progress (2): 71 kB | 102/128 kBProgress (2): 71 kB | 106/128 kBProgress (2): 71 kB | 111/128 kBProgress (2): 71 kB | 115/128 kB                                Downloaded from central: https://repo.maven.apache.org/maven2/org/ow2/asm/asm-util/6.0/asm-util-6.0.jar (71 kB at 120 kB/s)
Progress (1): 119/128 kBProgress (1): 123/128 kBProgress (1): 127/128 kBProgress (1): 128 kB                        Downloaded from central: https://repo.maven.apache.org/maven2/org/jacoco/org.jacoco.report/0.8.1/org.jacoco.report-0.8.1.jar (128 kB at 174 kB/s)
[INFO] argLine set to -javaagent:/Users/seyoung/.m2/repository/org/jacoco/org.jacoco.agent/0.8.1/org.jacoco.agent-0.8.1-runtime.jar=destfile=/Users/seyoung/data/repo/target/jacoco.exec,append=true,output=file
[INFO] 
[INFO] --- maven-resources-plugin:2.6:resources (default-resources) @ jadventure ---
[INFO] Using 'UTF-8' encoding to copy filtered resources.
[INFO] Copying 1 resource
[INFO] 
[INFO] --- maven-compiler-plugin:3.1:compile (default-compile) @ jadventure ---
[INFO] Changes detected - recompiling the module!
[INFO] Compiling 47 source files to /Users/seyoung/data/repo/target/classes
[INFO] 
[INFO] --- build-helper-maven-plugin:1.9.1:add-test-resource (add-source) @ jadventure ---
Downloading from central: https://repo.maven.apache.org/maven2/org/apache/maven/maven-plugin-api/2.0.1/maven-plugin-api-2.0.1.pom
Progress (1): 643 B                   Downloaded from central: https://repo.maven.apache.org/maven2/org/apache/maven/maven-plugin-api/2.0.1/maven-plugin-api-2.0.1.pom (643 B at 2.4 kB/s)
Downloading from central: https://repo.maven.apache.org/maven2/org/apache/maven/maven/2.0.1/maven-2.0.1.pom
Progress (1): 4.1/11 kBProgress (1): 8.2/11 kBProgress (1): 11 kB                       Downloaded from central: https://repo.maven.apache.org/maven2/org/apache/maven/maven/2.0.1/maven-2.0.1.pom (11 kB at 42 kB/s)
[INFO] 
[INFO] --- maven-resources-plugin:2.6:testResources (default-testResources) @ jadventure ---
[INFO] Using 'UTF-8' encoding to copy filtered resources.
[INFO] Copying 1 resource
[INFO] Copying 2 resources to target/test-classes
[INFO] 
[INFO] --- maven-compiler-plugin:3.1:testCompile (default-testCompile) @ jadventure ---
[INFO] Changes detected - recompiling the module!
[INFO] Compiling 15 source files to /Users/seyoung/data/repo/target/test-classes
[INFO] 
[INFO] --- maven-surefire-plugin:2.18:test (default-test) @ jadventure ---
Downloading from central: https://repo.maven.apache.org/maven2/org/apache/maven/surefire/maven-surefire-common/2.18/maven-surefire-common-2.18.pom
Progress (1): 4.1/6.3 kBProgress (1): 6.3 kB                        Downloaded from central: https://repo.maven.apache.org/maven2/org/apache/maven/surefire/maven-surefire-common/2.18/maven-surefire-common-2.18.pom (6.3 kB at 23 kB/s)
Downloading from central: https://repo.maven.apache.org/maven2/org/apache/maven/surefire/surefire-api/2.18/surefire-api-2.18.pom
Progress (1): 2.3 kB                    Downloaded from central: https://repo.maven.apache.org/maven2/org/apache/maven/surefire/surefire-api/2.18/surefire-api-2.18.pom (2.3 kB at 8.2 kB/s)
Downloading from central: https://repo.maven.apache.org/maven2/org/apache/maven/surefire/surefire-booter/2.18/surefire-booter-2.18.pom
Progress (1): 2.8 kB                    Downloaded from central: https://repo.maven.apache.org/maven2/org/apache/maven/surefire/surefire-booter/2.18/surefire-booter-2.18.pom (2.8 kB at 10 kB/s)
Downloading from central: https://repo.maven.apache.org/maven2/org/apache/maven/surefire/maven-surefire-common/2.18/maven-surefire-common-2.18.jar
Downloading from central: https://repo.maven.apache.org/maven2/org/apache/maven/surefire/surefire-booter/2.18/surefire-booter-2.18.jar
Downloading from central: https://repo.maven.apache.org/maven2/org/apache/maven/surefire/surefire-api/2.18/surefire-api-2.18.jar
Progress (1): 4.1/148 kBProgress (1): 8.2/148 kBProgress (1): 12/148 kB Progress (1): 16/148 kBProgress (1): 20/148 kBProgress (1): 25/148 kBProgress (1): 29/148 kBProgress (1): 33/148 kBProgress (1): 37/148 kBProgress (1): 41/148 kBProgress (1): 45/148 kBProgress (1): 49/148 kBProgress (1): 53/148 kBProgress (1): 57/148 kBProgress (1): 61/148 kBProgress (1): 66/148 kBProgress (1): 70/148 kBProgress (1): 74/148 kBProgress (1): 78/148 kBProgress (1): 82/148 kBProgress (1): 86/148 kBProgress (1): 90/148 kBProgress (1): 94/148 kBProgress (1): 98/148 kBProgress (2): 98/148 kB | 4.1/274 kBProgress (2): 102/148 kB | 4.1/274 kBProgress (2): 106/148 kB | 4.1/274 kBProgress (2): 106/148 kB | 8.2/274 kBProgress (2): 111/148 kB | 8.2/274 kBProgress (2): 111/148 kB | 12/274 kB Progress (2): 115/148 kB | 12/274 kBProgress (2): 115/148 kB | 16/274 kBProgress (2): 119/148 kB | 16/274 kBProgress (2): 123/148 kB | 16/274 kBProgress (2): 127/148 kB | 16/274 kBProgress (2): 131/148 kB | 16/274 kBProgress (2): 131/148 kB | 20/274 kBProgress (2): 135/148 kB | 20/274 kBProgress (2): 135/148 kB | 25/274 kBProgress (2): 139/148 kB | 25/274 kBProgress (2): 139/148 kB | 29/274 kBProgress (2): 143/148 kB | 29/274 kBProgress (2): 143/148 kB | 33/274 kBProgress (2): 147/148 kB | 33/274 kBProgress (2): 148 kB | 33/274 kB    Progress (2): 148 kB | 37/274 kBProgress (2): 148 kB | 41/274 kBProgress (2): 148 kB | 45/274 kBProgress (2): 148 kB | 49/274 kBProgress (2): 148 kB | 53/274 kBProgress (2): 148 kB | 57/274 kBProgress (2): 148 kB | 61/274 kBProgress (2): 148 kB | 66/274 kBProgress (2): 148 kB | 70/274 kBProgress (2): 148 kB | 74/274 kBProgress (2): 148 kB | 78/274 kBProgress (2): 148 kB | 82/274 kBProgress (2): 148 kB | 86/274 kBProgress (2): 148 kB | 90/274 kBProgress (2): 148 kB | 94/274 kBProgress (2): 148 kB | 98/274 kBProgress (2): 148 kB | 102/274 kBProgress (2): 148 kB | 106/274 kBProgress (2): 148 kB | 111/274 kBProgress (2): 148 kB | 115/274 kBProgress (2): 148 kB | 119/274 kBProgress (2): 148 kB | 123/274 kBProgress (2): 148 kB | 127/274 kBProgress (2): 148 kB | 131/274 kBProgress (2): 148 kB | 135/274 kBProgress (2): 148 kB | 139/274 kBProgress (2): 148 kB | 143/274 kBProgress (2): 148 kB | 147/274 kBProgress (2): 148 kB | 152/274 kBProgress (2): 148 kB | 156/274 kBProgress (2): 148 kB | 160/274 kBProgress (2): 148 kB | 164/274 kBProgress (2): 148 kB | 168/274 kBProgress (2): 148 kB | 172/274 kBProgress (2): 148 kB | 176/274 kBProgress (2): 148 kB | 180/274 kBProgress (2): 148 kB | 184/274 kBProgress (2): 148 kB | 188/274 kBProgress (2): 148 kB | 193/274 kBProgress (2): 148 kB | 197/274 kBProgress (3): 148 kB | 197/274 kB | 4.1/40 kBProgress (3): 148 kB | 201/274 kB | 4.1/40 kBProgress (3): 148 kB | 205/274 kB | 4.1/40 kBProgress (3): 148 kB | 205/274 kB | 8.2/40 kBProgress (3): 148 kB | 209/274 kB | 8.2/40 kBProgress (3): 148 kB | 209/274 kB | 12/40 kB Progress (3): 148 kB | 213/274 kB | 12/40 kBProgress (3): 148 kB | 213/274 kB | 16/40 kBProgress (3): 148 kB | 213/274 kB | 20/40 kBProgress (3): 148 kB | 213/274 kB | 25/40 kBProgress (3): 148 kB | 213/274 kB | 29/40 kBProgress (3): 148 kB | 213/274 kB | 33/40 kBProgress (3): 148 kB | 213/274 kB | 37/40 kBProgress (3): 148 kB | 213/274 kB | 40 kB   Progress (3): 148 kB | 217/274 kB | 40 kBProgress (3): 148 kB | 221/274 kB | 40 kBProgress (3): 148 kB | 225/274 kB | 40 kBProgress (3): 148 kB | 229/274 kB | 40 kBProgress (3): 148 kB | 233/274 kB | 40 kBProgress (3): 148 kB | 238/274 kB | 40 kBProgress (3): 148 kB | 242/274 kB | 40 kBProgress (3): 148 kB | 246/274 kB | 40 kBProgress (3): 148 kB | 250/274 kB | 40 kBProgress (3): 148 kB | 254/274 kB | 40 kB                                         Downloaded from central: https://repo.maven.apache.org/maven2/org/apache/maven/surefire/surefire-api/2.18/surefire-api-2.18.jar (148 kB at 510 kB/s)
Progress (2): 258/274 kB | 40 kBProgress (2): 262/274 kB | 40 kBProgress (2): 266/274 kB | 40 kBProgress (2): 270/274 kB | 40 kBProgress (2): 274 kB | 40 kB                                Downloaded from central: https://repo.maven.apache.org/maven2/org/apache/maven/surefire/surefire-booter/2.18/surefire-booter-2.18.jar (40 kB at 113 kB/s)
Downloaded from central: https://repo.maven.apache.org/maven2/org/apache/maven/surefire/maven-surefire-common/2.18/maven-surefire-common-2.18.jar (274 kB at 540 kB/s)
[INFO] Surefire report directory: /Users/seyoung/data/repo/target/surefire-reports
Downloading from central: https://repo.maven.apache.org/maven2/org/apache/maven/surefire/surefire-junit4/2.18/surefire-junit4-2.18.pom
Progress (1): 2.5 kB                    Downloaded from central: https://repo.maven.apache.org/maven2/org/apache/maven/surefire/surefire-junit4/2.18/surefire-junit4-2.18.pom (2.5 kB at 9.0 kB/s)
Downloading from central: https://repo.maven.apache.org/maven2/org/apache/maven/surefire/surefire-providers/2.18/surefire-providers-2.18.pom
Progress (1): 2.4 kB                    Downloaded from central: https://repo.maven.apache.org/maven2/org/apache/maven/surefire/surefire-providers/2.18/surefire-providers-2.18.pom (2.4 kB at 8.3 kB/s)
Downloading from central: https://repo.maven.apache.org/maven2/org/apache/maven/surefire/surefire-junit4/2.18/surefire-junit4-2.18.jar
Progress (1): 4.1/68 kBProgress (1): 8.2/68 kBProgress (1): 12/68 kB Progress (1): 16/68 kBProgress (1): 20/68 kBProgress (1): 25/68 kBProgress (1): 29/68 kBProgress (1): 33/68 kBProgress (1): 37/68 kBProgress (1): 41/68 kBProgress (1): 45/68 kBProgress (1): 49/68 kBProgress (1): 53/68 kBProgress (1): 57/68 kBProgress (1): 61/68 kBProgress (1): 66/68 kBProgress (1): 68 kB                      Downloaded from central: https://repo.maven.apache.org/maven2/org/apache/maven/surefire/surefire-junit4/2.18/surefire-junit4-2.18.jar (68 kB at 239 kB/s)

-------------------------------------------------------
 T E S T S
-------------------------------------------------------
Running com.jadventure.game.repository.LocationRepositoryTest
Tests run: 3, Failures: 0, Errors: 0, Skipped: 0, Time elapsed: 0.083 sec - in com.jadventure.game.repository.LocationRepositoryTest
Running com.jadventure.game.repository.ItemRepositoryTest
Tests run: 6, Failures: 0, Errors: 0, Skipped: 0, Time elapsed: 0.009 sec - in com.jadventure.game.repository.ItemRepositoryTest
Running com.jadventure.game.repository.EncounteredNpcRepositoryTest
Tests run: 2, Failures: 0, Errors: 0, Skipped: 0, Time elapsed: 0 sec - in com.jadventure.game.repository.EncounteredNpcRepositoryTest
Running com.jadventure.game.repository.NpcRepositoryTest
Tests run: 6, Failures: 0, Errors: 0, Skipped: 0, Time elapsed: 0 sec - in com.jadventure.game.repository.NpcRepositoryTest
Running com.jadventure.game.navigation.CoordinateTest
Tests run: 2, Failures: 0, Errors: 0, Skipped: 0, Time elapsed: 0 sec - in com.jadventure.game.navigation.CoordinateTest
Running com.jadventure.game.navigation.LocationTest
Tests run: 3, Failures: 0, Errors: 0, Skipped: 0, Time elapsed: 0 sec - in com.jadventure.game.navigation.LocationTest
Running com.jadventure.game.prompts.CommandCollectionTest
Tests run: 8, Failures: 0, Errors: 0, Skipped: 0, Time elapsed: 0.136 sec - in com.jadventure.game.prompts.CommandCollectionTest
Running com.jadventure.game.items.ItemTest
Tests run: 3, Failures: 0, Errors: 0, Skipped: 0, Time elapsed: 0.001 sec - in com.jadventure.game.items.ItemTest
Running com.jadventure.game.items.StorageTest
Tests run: 2, Failures: 0, Errors: 0, Skipped: 0, Time elapsed: 0 sec - in com.jadventure.game.items.StorageTest
Running com.jadventure.game.monsters.MonsterTest
Tests run: 4, Failures: 0, Errors: 0, Skipped: 0, Time elapsed: 0 sec - in com.jadventure.game.monsters.MonsterTest
Running com.jadventure.game.monsters.MonsterFactoryTest
Tests run: 6, Failures: 0, Errors: 0, Skipped: 0, Time elapsed: 0.007 sec - in com.jadventure.game.monsters.MonsterFactoryTest
Running com.jadventure.game.entities.PlayerTest
Tests run: 3, Failures: 0, Errors: 0, Skipped: 0, Time elapsed: 0.006 sec - in com.jadventure.game.entities.PlayerTest
Running com.jadventure.game.entities.EntityTest
Tests run: 14, Failures: 0, Errors: 0, Skipped: 0, Time elapsed: 0.002 sec - in com.jadventure.game.entities.EntityTest
Running com.jadventure.game.conversation.LineTest
Tests run: 1, Failures: 0, Errors: 0, Skipped: 0, Time elapsed: 0.001 sec - in com.jadventure.game.conversation.LineTest
Running com.jadventure.game.conversation.ConversationManagerTest
Tests run: 11, Failures: 0, Errors: 0, Skipped: 0, Time elapsed: 0.002 sec - in com.jadventure.game.conversation.ConversationManagerTest

Results :




Tests run: 74, Failures: 0, Errors: 0, Skipped: 0

[INFO] ------------------------------------------------------------------------
[INFO] BUILD SUCCESS
[INFO] ------------------------------------------------------------------------
[INFO] Total time:  16.593 s
[INFO] Finished at: 2021-11-27T10:55:51+09:00
[INFO] ------------------------------------------------------------------------
[main][9/14] mvn --file repo/pom.xml --fail-never -Dmaven.clover.generateHtml=false clean clover:setup test clover:aggregate clover:clover
[INFO] Scanning for projects...
Downloading from central: https://repo.maven.apache.org/maven2/org/apache/maven/plugins/maven-site-plugin/3.7.1/maven-site-plugin-3.7.1.pom
Progress (1): 2.7/19 kBProgress (1): 5.5/19 kBProgress (1): 8.2/19 kBProgress (1): 11/19 kB Progress (1): 14/19 kBProgress (1): 16/19 kBProgress (1): 19/19 kBProgress (1): 19 kB                      Downloaded from central: https://repo.maven.apache.org/maven2/org/apache/maven/plugins/maven-site-plugin/3.7.1/maven-site-plugin-3.7.1.pom (19 kB at 21 kB/s)
Downloading from central: https://repo.maven.apache.org/maven2/org/apache/maven/plugins/maven-site-plugin/3.7.1/maven-site-plugin-3.7.1.jar
Progress (1): 2.7/135 kBProgress (1): 5.5/135 kBProgress (1): 8.2/135 kBProgress (1): 11/135 kB Progress (1): 14/135 kBProgress (1): 16/135 kBProgress (1): 19/135 kBProgress (1): 22/135 kBProgress (1): 25/135 kBProgress (1): 27/135 kBProgress (1): 30/135 kBProgress (1): 33/135 kBProgress (1): 36/135 kBProgress (1): 38/135 kBProgress (1): 41/135 kBProgress (1): 44/135 kBProgress (1): 48/135 kBProgress (1): 52/135 kBProgress (1): 56/135 kBProgress (1): 60/135 kBProgress (1): 64/135 kBProgress (1): 68/135 kBProgress (1): 73/135 kBProgress (1): 77/135 kBProgress (1): 81/135 kBProgress (1): 85/135 kBProgress (1): 89/135 kBProgress (1): 93/135 kBProgress (1): 97/135 kBProgress (1): 101/135 kBProgress (1): 105/135 kBProgress (1): 109/135 kBProgress (1): 114/135 kBProgress (1): 118/135 kBProgress (1): 122/135 kBProgress (1): 126/135 kBProgress (1): 130/135 kBProgress (1): 134/135 kBProgress (1): 135 kB                        Downloaded from central: https://repo.maven.apache.org/maven2/org/apache/maven/plugins/maven-site-plugin/3.7.1/maven-site-plugin-3.7.1.jar (135 kB at 279 kB/s)
Downloading from central: https://repo.maven.apache.org/maven2/org/apache/maven/plugins/maven-javadoc-plugin/2.10.1/maven-javadoc-plugin-2.10.1.pom
Progress (1): 4.1/17 kBProgress (1): 8.2/17 kBProgress (1): 12/17 kB Progress (1): 16/17 kBProgress (1): 17 kB                      Downloaded from central: https://repo.maven.apache.org/maven2/org/apache/maven/plugins/maven-javadoc-plugin/2.10.1/maven-javadoc-plugin-2.10.1.pom (17 kB at 61 kB/s)
Downloading from central: https://repo.maven.apache.org/maven2/org/apache/maven/plugins/maven-javadoc-plugin/2.10.1/maven-javadoc-plugin-2.10.1.jar
Progress (1): 4.1/410 kBProgress (1): 8.2/410 kBProgress (1): 12/410 kB Progress (1): 16/410 kBProgress (1): 20/410 kBProgress (1): 25/410 kBProgress (1): 29/410 kBProgress (1): 33/410 kBProgress (1): 37/410 kBProgress (1): 41/410 kBProgress (1): 45/410 kBProgress (1): 49/410 kBProgress (1): 53/410 kBProgress (1): 57/410 kBProgress (1): 61/410 kBProgress (1): 66/410 kBProgress (1): 70/410 kBProgress (1): 74/410 kBProgress (1): 78/410 kBProgress (1): 82/410 kBProgress (1): 86/410 kBProgress (1): 90/410 kBProgress (1): 94/410 kBProgress (1): 98/410 kBProgress (1): 102/410 kBProgress (1): 106/410 kBProgress (1): 111/410 kBProgress (1): 115/410 kBProgress (1): 119/410 kBProgress (1): 123/410 kBProgress (1): 127/410 kBProgress (1): 131/410 kBProgress (1): 135/410 kBProgress (1): 139/410 kBProgress (1): 143/410 kBProgress (1): 147/410 kBProgress (1): 152/410 kBProgress (1): 156/410 kBProgress (1): 160/410 kBProgress (1): 164/410 kBProgress (1): 168/410 kBProgress (1): 172/410 kBProgress (1): 176/410 kBProgress (1): 180/410 kBProgress (1): 184/410 kBProgress (1): 188/410 kBProgress (1): 193/410 kBProgress (1): 197/410 kBProgress (1): 201/410 kBProgress (1): 205/410 kBProgress (1): 209/410 kBProgress (1): 213/410 kBProgress (1): 217/410 kBProgress (1): 221/410 kBProgress (1): 225/410 kBProgress (1): 229/410 kBProgress (1): 233/410 kBProgress (1): 238/410 kBProgress (1): 242/410 kBProgress (1): 246/410 kBProgress (1): 250/410 kBProgress (1): 254/410 kBProgress (1): 258/410 kBProgress (1): 262/410 kBProgress (1): 266/410 kBProgress (1): 270/410 kBProgress (1): 274/410 kBProgress (1): 279/410 kBProgress (1): 283/410 kBProgress (1): 287/410 kBProgress (1): 291/410 kBProgress (1): 295/410 kBProgress (1): 299/410 kBProgress (1): 303/410 kBProgress (1): 307/410 kBProgress (1): 311/410 kBProgress (1): 315/410 kBProgress (1): 319/410 kBProgress (1): 324/410 kBProgress (1): 328/410 kBProgress (1): 332/410 kBProgress (1): 336/410 kBProgress (1): 340/410 kBProgress (1): 344/410 kBProgress (1): 348/410 kBProgress (1): 352/410 kBProgress (1): 356/410 kBProgress (1): 360/410 kBProgress (1): 365/410 kBProgress (1): 369/410 kBProgress (1): 373/410 kBProgress (1): 377/410 kBProgress (1): 381/410 kBProgress (1): 385/410 kBProgress (1): 389/410 kBProgress (1): 393/410 kBProgress (1): 397/410 kBProgress (1): 401/410 kBProgress (1): 406/410 kBProgress (1): 410/410 kBProgress (1): 410 kB                        Downloaded from central: https://repo.maven.apache.org/maven2/org/apache/maven/plugins/maven-javadoc-plugin/2.10.1/maven-javadoc-plugin-2.10.1.jar (410 kB at 878 kB/s)
Downloading from central: https://repo.maven.apache.org/maven2/org/apache/maven/plugins/maven-antrun-plugin/1.7/maven-antrun-plugin-1.7.pom
Progress (1): 4.1/4.1 kBProgress (1): 4.1 kB                        Downloaded from central: https://repo.maven.apache.org/maven2/org/apache/maven/plugins/maven-antrun-plugin/1.7/maven-antrun-plugin-1.7.pom (4.1 kB at 15 kB/s)
Downloading from central: https://repo.maven.apache.org/maven2/org/apache/maven/plugins/maven-antrun-plugin/1.7/maven-antrun-plugin-1.7.jar
Progress (1): 4.1/32 kBProgress (1): 8.2/32 kBProgress (1): 12/32 kB Progress (1): 16/32 kBProgress (1): 20/32 kBProgress (1): 25/32 kBProgress (1): 29/32 kBProgress (1): 32 kB                      Downloaded from central: https://repo.maven.apache.org/maven2/org/apache/maven/plugins/maven-antrun-plugin/1.7/maven-antrun-plugin-1.7.jar (32 kB at 111 kB/s)
Downloading from central: https://repo.maven.apache.org/maven2/org/apache/maven/plugins/maven-shade-plugin/3.0.0/maven-shade-plugin-3.0.0.pom
Progress (1): 4.1/8.2 kBProgress (1): 8.2 kB                        Downloaded from central: https://repo.maven.apache.org/maven2/org/apache/maven/plugins/maven-shade-plugin/3.0.0/maven-shade-plugin-3.0.0.pom (8.2 kB at 29 kB/s)
Downloading from central: https://repo.maven.apache.org/maven2/org/apache/maven/plugins/maven-shade-plugin/3.0.0/maven-shade-plugin-3.0.0.jar
Progress (1): 4.1/113 kBProgress (1): 8.2/113 kBProgress (1): 12/113 kB Progress (1): 16/113 kBProgress (1): 20/113 kBProgress (1): 25/113 kBProgress (1): 29/113 kBProgress (1): 33/113 kBProgress (1): 37/113 kBProgress (1): 41/113 kBProgress (1): 45/113 kBProgress (1): 49/113 kBProgress (1): 53/113 kBProgress (1): 57/113 kBProgress (1): 61/113 kBProgress (1): 66/113 kBProgress (1): 70/113 kBProgress (1): 74/113 kBProgress (1): 78/113 kBProgress (1): 82/113 kBProgress (1): 86/113 kBProgress (1): 90/113 kBProgress (1): 94/113 kBProgress (1): 98/113 kBProgress (1): 102/113 kBProgress (1): 106/113 kBProgress (1): 111/113 kBProgress (1): 113 kB                        Downloaded from central: https://repo.maven.apache.org/maven2/org/apache/maven/plugins/maven-shade-plugin/3.0.0/maven-shade-plugin-3.0.0.jar (113 kB at 387 kB/s)
[INFO] 
[INFO] ------------------< com.github.progether:jadventure >-------------------
[INFO] Building Java Text Adventure 0.4.0-SNAPSHOT
[INFO] --------------------------------[ jar ]---------------------------------
[INFO] 
[INFO] --- maven-clean-plugin:2.5:clean (default-clean) @ jadventure ---
[INFO] Deleting /Users/seyoung/data/repo/target
[INFO] 
[INFO] --- clover-maven-plugin:4.4.1:setup (default-cli) @ jadventure ---
[INFO] OpenClover Version 4.4.1, built on October 11 2019 (build-1020)
[INFO] Creating new database at '/Users/seyoung/data/repo/target/clover/clover.db'.
[INFO] Processing files at 1.8 source level.
[INFO] Clover all over. Instrumented 47 files (9 packages).
[INFO] OpenClover Version 4.4.1, built on October 11 2019 (build-1020)
[INFO] Updating existing database at '/Users/seyoung/data/repo/target/clover/clover.db'.
[INFO] Processing files at 1.8 source level.
[INFO] Clover all over. Instrumented 15 files (7 packages).
[INFO] 74 test methods detected.
[INFO] 
[INFO] --- jacoco-maven-plugin:0.8.1:prepare-agent (jacoco-initialize) @ jadventure ---
[WARNING] The artifact xml-apis:xml-apis:jar:2.0.2 has been relocated to xml-apis:xml-apis:jar:1.0.b2
[INFO] argLine set to -javaagent:/Users/seyoung/.m2/repository/org/jacoco/org.jacoco.agent/0.8.1/org.jacoco.agent-0.8.1-runtime.jar=destfile=/Users/seyoung/data/repo/target/jacoco.exec,append=true,output=file
[INFO] 
[INFO] --- maven-resources-plugin:2.6:resources (default-resources) @ jadventure ---
[INFO] Using 'UTF-8' encoding to copy filtered resources.
[INFO] Copying 1 resource
[INFO] Copying 1 resource
[INFO] 
[INFO] --- maven-compiler-plugin:3.1:compile (default-compile) @ jadventure ---
[INFO] Changes detected - recompiling the module!
[INFO] Compiling 47 source files to /Users/seyoung/data/repo/target/classes
[INFO] 
[INFO] --- build-helper-maven-plugin:1.9.1:add-test-resource (add-source) @ jadventure ---
[INFO] 
[INFO] --- maven-resources-plugin:2.6:testResources (default-testResources) @ jadventure ---
[INFO] Using 'UTF-8' encoding to copy filtered resources.
[INFO] Copying 1 resource
[INFO] Copying 2 resources to target/test-classes
[INFO] 
[INFO] --- maven-compiler-plugin:3.1:testCompile (default-testCompile) @ jadventure ---
[INFO] Changes detected - recompiling the module!
[INFO] Compiling 15 source files to /Users/seyoung/data/repo/target/test-classes
[INFO] 
[INFO] --- maven-surefire-plugin:2.18:test (default-test) @ jadventure ---
[INFO] Surefire report directory: /Users/seyoung/data/repo/target/surefire-reports

-------------------------------------------------------
 T E S T S
-------------------------------------------------------
Running com.jadventure.game.repository.LocationRepositoryTest
Tests run: 3, Failures: 0, Errors: 0, Skipped: 0, Time elapsed: 0.109 sec - in com.jadventure.game.repository.LocationRepositoryTest
Running com.jadventure.game.repository.ItemRepositoryTest
Tests run: 6, Failures: 0, Errors: 0, Skipped: 0, Time elapsed: 0.011 sec - in com.jadventure.game.repository.ItemRepositoryTest
Running com.jadventure.game.repository.EncounteredNpcRepositoryTest
Tests run: 2, Failures: 0, Errors: 0, Skipped: 0, Time elapsed: 0.001 sec - in com.jadventure.game.repository.EncounteredNpcRepositoryTest
Running com.jadventure.game.repository.NpcRepositoryTest
Tests run: 6, Failures: 0, Errors: 0, Skipped: 0, Time elapsed: 0.004 sec - in com.jadventure.game.repository.NpcRepositoryTest
Running com.jadventure.game.navigation.CoordinateTest
Tests run: 2, Failures: 0, Errors: 0, Skipped: 0, Time elapsed: 0.001 sec - in com.jadventure.game.navigation.CoordinateTest
Running com.jadventure.game.navigation.LocationTest
Tests run: 3, Failures: 0, Errors: 0, Skipped: 0, Time elapsed: 0.004 sec - in com.jadventure.game.navigation.LocationTest
Running com.jadventure.game.prompts.CommandCollectionTest
Tests run: 8, Failures: 0, Errors: 0, Skipped: 0, Time elapsed: 0.164 sec - in com.jadventure.game.prompts.CommandCollectionTest
Running com.jadventure.game.items.ItemTest
Tests run: 3, Failures: 0, Errors: 0, Skipped: 0, Time elapsed: 0.001 sec - in com.jadventure.game.items.ItemTest
Running com.jadventure.game.items.StorageTest
Tests run: 2, Failures: 0, Errors: 0, Skipped: 0, Time elapsed: 0.001 sec - in com.jadventure.game.items.StorageTest
Running com.jadventure.game.monsters.MonsterTest
Tests run: 4, Failures: 0, Errors: 0, Skipped: 0, Time elapsed: 0.005 sec - in com.jadventure.game.monsters.MonsterTest
Running com.jadventure.game.monsters.MonsterFactoryTest
Tests run: 6, Failures: 0, Errors: 0, Skipped: 0, Time elapsed: 0.009 sec - in com.jadventure.game.monsters.MonsterFactoryTest
Running com.jadventure.game.entities.PlayerTest
Tests run: 3, Failures: 0, Errors: 0, Skipped: 0, Time elapsed: 0.005 sec - in com.jadventure.game.entities.PlayerTest
Running com.jadventure.game.entities.EntityTest
Tests run: 14, Failures: 0, Errors: 0, Skipped: 0, Time elapsed: 0.01 sec - in com.jadventure.game.entities.EntityTest
Running com.jadventure.game.conversation.LineTest
Tests run: 1, Failures: 0, Errors: 0, Skipped: 0, Time elapsed: 0.002 sec - in com.jadventure.game.conversation.LineTest
Running com.jadventure.game.conversation.ConversationManagerTest
Tests run: 11, Failures: 0, Errors: 0, Skipped: 0, Time elapsed: 0.011 sec - in com.jadventure.game.conversation.ConversationManagerTest

Results :




Tests run: 74, Failures: 0, Errors: 0, Skipped: 0

[INFO] 
[INFO] ------------------< com.github.progether:jadventure >-------------------
[INFO] Building Java Text Adventure 0.4.0-SNAPSHOT
[INFO] --------------------------------[ jar ]---------------------------------
[INFO] 
[INFO] --- clover-maven-plugin:4.4.1:aggregate (default-cli) @ jadventure ---
[INFO] 
[INFO] ------------------< com.github.progether:jadventure >-------------------
[INFO] Building Java Text Adventure 0.4.0-SNAPSHOT
[INFO] --------------------------------[ jar ]---------------------------------
[INFO] 
[INFO] --- clover-maven-plugin:4.4.1:clover (default-cli) @ jadventure ---
[INFO] Using default-clover-report descriptor.
[INFO] Using Clover report descriptor: /var/folders/c3/vd5gtpms4730p559wddlm0zw0000gn/T/mvn7451598067263215247resource
[INFO] OpenClover Version 4.4.1, built on October 11 2019 (build-1020)
[INFO] Clover is enabled with initstring '/Users/seyoung/data/repo/target/clover/clover.db'
[INFO] OpenClover Version 4.4.1, built on October 11 2019 (build-1020)
[INFO] Loading coverage database from: '/Users/seyoung/data/repo/target/clover/clover.db'
[INFO] Writing report to '/Users/seyoung/data/repo/target/site/clover/clover.xml'
[INFO] ------------------------------------------------------------------------
[INFO] BUILD SUCCESS
[INFO] ------------------------------------------------------------------------
[INFO] Total time:  8.852 s
[INFO] Finished at: 2021-11-27T10:56:00+09:00
[INFO] ------------------------------------------------------------------------
[main][10/14] cp repo/target/site/clover/clover.xml ./clover.xml
[main][11/14] python identify_tests.py
Done.
[main][12/14] mkdir -p clover
[main][13/14] bash tests.sh
[test][1/74] com.jadventure.game.conversation.ConversationManagerTest#matchConditionShouldMatchCharType
[test][2/74] com.jadventure.game.conversation.ConversationManagerTest#matchConditionShouldMatchItem
[test][3/74] com.jadventure.game.conversation.ConversationManagerTest#matchConditionShouldMatchLevel
[test][4/74] com.jadventure.game.conversation.ConversationManagerTest#matchConditionShouldMatchNotCharType
[test][5/74] com.jadventure.game.conversation.ConversationManagerTest#matchConditionShouldNotMatchItem
[test][6/74] com.jadventure.game.conversation.ConversationManagerTest#matchConditionShouldNotMatchLevel
[test][7/74] com.jadventure.game.conversation.ConversationManagerTest#matchConditionsShouldMatchAlly
[test][8/74] com.jadventure.game.conversation.ConversationManagerTest#matchConditionsShouldMatchEnemy
[test][9/74] com.jadventure.game.conversation.ConversationManagerTest#matchConditionsShouldNotMatchAlly
[test][10/74] com.jadventure.game.conversation.ConversationManagerTest#matchConditionsShouldNotMatchEnemy
[test][11/74] com.jadventure.game.conversation.ConversationManagerTest#testCreation
[test][12/74] com.jadventure.game.conversation.LineTest#createTest
[test][13/74] com.jadventure.game.entities.EntityTest#testCreation
[test][14/74] com.jadventure.game.entities.EntityTest#testEquipItem_ArmourDoubleLocation
[test][15/74] com.jadventure.game.entities.EntityTest#testEquipItem_ArmourSingleLocation
[test][16/74] com.jadventure.game.entities.EntityTest#testEquipItem_ArmourSingleLocationWithDoubleLocationEquip
[test][17/74] com.jadventure.game.entities.EntityTest#testEquipItem_OneHanded
[test][18/74] com.jadventure.game.entities.EntityTest#testEquipItem_OneHandedWithTwoHandedEquip
[test][19/74] com.jadventure.game.entities.EntityTest#testEquipItem_TwoHanded
[test][20/74] com.jadventure.game.entities.EntityTest#testSetters
[test][21/74] com.jadventure.game.entities.EntityTest#testStorage
[test][22/74] com.jadventure.game.entities.EntityTest#testType
[test][23/74] com.jadventure.game.entities.EntityTest#testUnequipItem_ArmourDoubleLocation
[test][24/74] com.jadventure.game.entities.EntityTest#testUnequipItem_ArmourSingleLocation
[test][25/74] com.jadventure.game.entities.EntityTest#testUnequipItem_OneHand
[test][26/74] com.jadventure.game.entities.EntityTest#testUnequipItem_TwoHanded
[test][27/74] com.jadventure.game.entities.PlayerTest#newRecruit
[test][28/74] com.jadventure.game.entities.PlayerTest#newSewerRat
[test][29/74] com.jadventure.game.entities.PlayerTest#oldPlayer
[test][30/74] com.jadventure.game.items.ItemTest#checkEqual
[test][31/74] com.jadventure.game.items.ItemTest#checkNotEqual
[test][32/74] com.jadventure.game.items.ItemTest#createTest
[test][33/74] com.jadventure.game.items.StorageTest#addAndRemoveWiskyAndBook
[test][34/74] com.jadventure.game.items.StorageTest#addWisky
[test][35/74] com.jadventure.game.monsters.MonsterFactoryTest#localizedMonsterGenerationTest_Cave
[test][36/74] com.jadventure.game.monsters.MonsterFactoryTest#localizedMonsterGenerationTest_Forest
[test][37/74] com.jadventure.game.monsters.MonsterFactoryTest#localizedMonsterGenerationTest_Mountains
[test][38/74] com.jadventure.game.monsters.MonsterFactoryTest#localizedMonsterGenerationTest_Plains
[test][39/74] com.jadventure.game.monsters.MonsterFactoryTest#localizedMonsterGenerationTest_Swamp
[test][40/74] com.jadventure.game.monsters.MonsterFactoryTest#monsterGenerationOnNoDangerLocation
[test][41/74] com.jadventure.game.monsters.MonsterTest#XPTest
[test][42/74] com.jadventure.game.monsters.MonsterTest#addRandomItemTest
[test][43/74] com.jadventure.game.monsters.MonsterTest#monsterGenerateTest
[test][44/74] com.jadventure.game.monsters.MonsterTest#monsterTypeCompareTest
[test][45/74] com.jadventure.game.navigation.CoordinateTest#testBorderingCoordinateNorth
[test][46/74] com.jadventure.game.navigation.CoordinateTest#testRawCoordinate
[test][47/74] com.jadventure.game.navigation.LocationTest#newLocation
[test][48/74] com.jadventure.game.navigation.LocationTest#placeItem
[test][49/74] com.jadventure.game.navigation.LocationTest#testRemove_NPC
[test][50/74] com.jadventure.game.prompts.CommandCollectionTest#commandGoTest
[test][51/74] com.jadventure.game.prompts.CommandCollectionTest#commandHelpTest
[test][52/74] com.jadventure.game.prompts.CommandCollectionTest#commandInspectAliasesTest
[test][53/74] com.jadventure.game.prompts.CommandCollectionTest#commandInspectTest
[test][54/74] com.jadventure.game.prompts.CommandCollectionTest#commandMonsterTest
[test][55/74] com.jadventure.game.prompts.CommandCollectionTest#commandPickAliasesTest
[test][56/74] com.jadventure.game.prompts.CommandCollectionTest#commandSaveTest
[test][57/74] com.jadventure.game.prompts.CommandCollectionTest#commandViewTest
[test][58/74] com.jadventure.game.repository.EncounteredNpcRepositoryTest#createRepo
[test][59/74] com.jadventure.game.repository.EncounteredNpcRepositoryTest#getNpc
[test][60/74] com.jadventure.game.repository.ItemRepositoryTest#addItem
[test][61/74] com.jadventure.game.repository.ItemRepositoryTest#addItems
[test][62/74] com.jadventure.game.repository.ItemRepositoryTest#getRandomItemTest
[test][63/74] com.jadventure.game.repository.ItemRepositoryTest#load
[test][64/74] com.jadventure.game.repository.ItemRepositoryTest#retrieveItems
[test][65/74] com.jadventure.game.repository.ItemRepositoryTest#storeItems
[test][66/74] com.jadventure.game.repository.LocationRepositoryTest#getLocationExpectADarkCave
[test][67/74] com.jadventure.game.repository.LocationRepositoryTest#getNonExistingLocation
[test][68/74] com.jadventure.game.repository.LocationRepositoryTest#testGetLocation
[test][69/74] com.jadventure.game.repository.NpcRepositoryTest#getNpc
[test][70/74] com.jadventure.game.repository.NpcRepositoryTest#getNpcThatDoesNotExists
[test][71/74] com.jadventure.game.repository.NpcRepositoryTest#getNpcWithItems
[test][72/74] com.jadventure.game.repository.NpcRepositoryTest#getNpcWithMoreThanZeroGold
[test][73/74] com.jadventure.game.repository.NpcRepositoryTest#getNpcWithNoItems
[test][74/74] com.jadventure.game.repository.NpcRepositoryTest#getNpcWithZeroGold
[main][14/14] python parse_data.py
  0%|          | 0/74 [00:00<?, ?it/s] 23%|██▎       | 17/74 [00:00<00:00, 168.16it/s] 47%|████▋     | 35/74 [00:00<00:00, 170.04it/s] 72%|███████▏  | 53/74 [00:00<00:00, 170.06it/s] 96%|█████████▌| 71/74 [00:00<00:00, 169.45it/s]100%|██████████| 74/74 [00:00<00:00, 169.78it/s]
Done.
