[main][1/14] rm -rf repo clover clover.xml git.log tests.sh
[main][2/14] git clone --depth 1 --recursive https://github.com/square/javapoet repo
'repo'에 복제합니다...
[main][3/14] java -version
openjdk version "1.8.0_312"
OpenJDK Runtime Environment (Zulu 8.58.0.13-CA-macos-aarch64) (build 1.8.0_312-b07)
OpenJDK 64-Bit Server VM (Zulu 8.58.0.13-CA-macos-aarch64) (build 25.312-b07, mixed mode)
[main][4/14] mvn --version
Apache Maven 3.8.4 (9b656c72d54e5bacbed989b64718c159fe39b537)
Maven home: /opt/homebrew/Cellar/maven/3.8.4/libexec
Java version: 1.8.0_312, vendor: Azul Systems, Inc., runtime: /Library/Java/JavaVirtualMachines/zulu-8.jdk/Contents/Home/jre
Default locale: ko_KR, platform encoding: UTF-8
OS name: "mac os x", version: "11.6", arch: "aarch64", family: "mac"
[main][5/14] git --version
git version 2.33.1
[main][6/14] git --git-dir repo/.git config --get remote.origin.url > git.log
[main][7/14] git --git-dir repo/.git log -n 1 --format=%ct%n%H >> git.log
[main][8/14] mvn --file repo/pom.xml --fail-never clean test
[INFO] Scanning for projects...
[INFO] 
[INFO] -----------------------< com.squareup:javapoet >------------------------
[INFO] Building JavaPoet 1.14.0-SNAPSHOT
[INFO] --------------------------------[ jar ]---------------------------------
Downloading from central: https://repo.maven.apache.org/maven2/com/google/truth/truth/0.39/truth-0.39.pom
Progress (1): 2.7/6.7 kBProgress (1): 5.5/6.7 kBProgress (1): 6.7 kB                        Downloaded from central: https://repo.maven.apache.org/maven2/com/google/truth/truth/0.39/truth-0.39.pom (6.7 kB at 6.6 kB/s)
Downloading from central: https://repo.maven.apache.org/maven2/com/google/truth/truth-parent/0.39/truth-parent-0.39.pom
Progress (1): 2.7/5.5 kBProgress (1): 5.5 kB                        Downloaded from central: https://repo.maven.apache.org/maven2/com/google/truth/truth-parent/0.39/truth-parent-0.39.pom (5.5 kB at 16 kB/s)
Downloading from central: https://repo.maven.apache.org/maven2/com/google/guava/guava/23.4-android/guava-23.4-android.pom
Progress (1): 2.7/6.8 kBProgress (1): 5.5/6.8 kBProgress (1): 6.8 kB                        Downloaded from central: https://repo.maven.apache.org/maven2/com/google/guava/guava/23.4-android/guava-23.4-android.pom (6.8 kB at 23 kB/s)
Downloading from central: https://repo.maven.apache.org/maven2/com/google/guava/guava-parent/23.4-android/guava-parent-23.4-android.pom
Progress (1): 2.7/9.8 kBProgress (1): 5.5/9.8 kBProgress (1): 8.2/9.8 kBProgress (1): 9.8 kB                        Downloaded from central: https://repo.maven.apache.org/maven2/com/google/guava/guava-parent/23.4-android/guava-parent-23.4-android.pom (9.8 kB at 31 kB/s)
Downloading from central: https://repo.maven.apache.org/maven2/com/google/errorprone/error_prone_annotations/2.1.3/error_prone_annotations-2.1.3.pom
Progress (1): 1.8 kB                    Downloaded from central: https://repo.maven.apache.org/maven2/com/google/errorprone/error_prone_annotations/2.1.3/error_prone_annotations-2.1.3.pom (1.8 kB at 6.4 kB/s)
Downloading from central: https://repo.maven.apache.org/maven2/com/google/errorprone/error_prone_parent/2.1.3/error_prone_parent-2.1.3.pom
Progress (1): 2.7/5.1 kBProgress (1): 5.1 kB                        Downloaded from central: https://repo.maven.apache.org/maven2/com/google/errorprone/error_prone_parent/2.1.3/error_prone_parent-2.1.3.pom (5.1 kB at 18 kB/s)
Downloading from central: https://repo.maven.apache.org/maven2/com/google/testing/compile/compile-testing/0.15/compile-testing-0.15.pom
Progress (1): 2.7/6.6 kBProgress (1): 5.5/6.6 kBProgress (1): 6.6 kB                        Downloaded from central: https://repo.maven.apache.org/maven2/com/google/testing/compile/compile-testing/0.15/compile-testing-0.15.pom (6.6 kB at 22 kB/s)
Downloading from central: https://repo.maven.apache.org/maven2/com/google/truth/truth/0.37/truth-0.37.pom
Progress (1): 2.7/7.6 kBProgress (1): 5.5/7.6 kBProgress (1): 7.6 kB                        Downloaded from central: https://repo.maven.apache.org/maven2/com/google/truth/truth/0.37/truth-0.37.pom (7.6 kB at 26 kB/s)
Downloading from central: https://repo.maven.apache.org/maven2/com/google/truth/truth-parent/0.37/truth-parent-0.37.pom
Progress (1): 2.7/4.6 kBProgress (1): 4.6 kB                        Downloaded from central: https://repo.maven.apache.org/maven2/com/google/truth/truth-parent/0.37/truth-parent-0.37.pom (4.6 kB at 14 kB/s)
Downloading from central: https://repo.maven.apache.org/maven2/com/google/errorprone/error_prone_annotations/2.0.19/error_prone_annotations-2.0.19.pom
Progress (1): 1.6 kB                    Downloaded from central: https://repo.maven.apache.org/maven2/com/google/errorprone/error_prone_annotations/2.0.19/error_prone_annotations-2.0.19.pom (1.6 kB at 5.9 kB/s)
Downloading from central: https://repo.maven.apache.org/maven2/com/google/errorprone/error_prone_parent/2.0.19/error_prone_parent-2.0.19.pom
Progress (1): 4.1/5.0 kBProgress (1): 5.0 kB                        Downloaded from central: https://repo.maven.apache.org/maven2/com/google/errorprone/error_prone_parent/2.0.19/error_prone_parent-2.0.19.pom (5.0 kB at 17 kB/s)
Downloading from central: https://repo.maven.apache.org/maven2/com/google/truth/extensions/truth-java8-extension/0.37/truth-java8-extension-0.37.pom
Progress (1): 2.0 kB                    Downloaded from central: https://repo.maven.apache.org/maven2/com/google/truth/extensions/truth-java8-extension/0.37/truth-java8-extension-0.37.pom (2.0 kB at 7.2 kB/s)
Downloading from central: https://repo.maven.apache.org/maven2/com/google/truth/extensions/truth-extensions-parent/0.37/truth-extensions-parent-0.37.pom
Progress (1): 1.1 kB                    Downloaded from central: https://repo.maven.apache.org/maven2/com/google/truth/extensions/truth-extensions-parent/0.37/truth-extensions-parent-0.37.pom (1.1 kB at 3.1 kB/s)
Downloading from central: https://repo.maven.apache.org/maven2/com/google/guava/guava/23.5-jre/guava-23.5-jre.pom
Progress (1): 4.1/7.0 kBProgress (1): 7.0 kB                        Downloaded from central: https://repo.maven.apache.org/maven2/com/google/guava/guava/23.5-jre/guava-23.5-jre.pom (7.0 kB at 23 kB/s)
Downloading from central: https://repo.maven.apache.org/maven2/com/google/guava/guava-parent/23.5-jre/guava-parent-23.5-jre.pom
Progress (1): 4.1/10 kBProgress (1): 8.2/10 kBProgress (1): 10 kB                       Downloaded from central: https://repo.maven.apache.org/maven2/com/google/guava/guava-parent/23.5-jre/guava-parent-23.5-jre.pom (10 kB at 35 kB/s)
Downloading from central: https://repo.maven.apache.org/maven2/org/checkerframework/checker-qual/2.0.0/checker-qual-2.0.0.pom
Progress (1): 4.1/4.2 kBProgress (1): 4.2 kB                        Downloaded from central: https://repo.maven.apache.org/maven2/org/checkerframework/checker-qual/2.0.0/checker-qual-2.0.0.pom (4.2 kB at 15 kB/s)
Downloading from central: https://repo.maven.apache.org/maven2/com/google/auto/value/auto-value/1.5.3/auto-value-1.5.3.pom
Progress (1): 4.1/4.8 kBProgress (1): 4.8 kB                        Downloaded from central: https://repo.maven.apache.org/maven2/com/google/auto/value/auto-value/1.5.3/auto-value-1.5.3.pom (4.8 kB at 17 kB/s)
Downloading from central: https://repo.maven.apache.org/maven2/com/google/auto/auto-parent/5/auto-parent-5.pom
Progress (1): 4.1/6.3 kBProgress (1): 6.3 kB                        Downloaded from central: https://repo.maven.apache.org/maven2/com/google/auto/auto-parent/5/auto-parent-5.pom (6.3 kB at 22 kB/s)
Downloading from central: https://repo.maven.apache.org/maven2/com/google/auto/auto-common/0.9/auto-common-0.9.pom
Progress (1): 2.8 kB                    Downloaded from central: https://repo.maven.apache.org/maven2/com/google/auto/auto-common/0.9/auto-common-0.9.pom (2.8 kB at 9.8 kB/s)
Downloading from central: https://repo.maven.apache.org/maven2/com/google/jimfs/jimfs/1.1/jimfs-1.1.pom
Progress (1): 4.1/4.1 kBProgress (1): 4.1 kB                        Downloaded from central: https://repo.maven.apache.org/maven2/com/google/jimfs/jimfs/1.1/jimfs-1.1.pom (4.1 kB at 15 kB/s)
Downloading from central: https://repo.maven.apache.org/maven2/com/google/jimfs/jimfs-parent/1.1/jimfs-parent-1.1.pom
Progress (1): 4.1/7.3 kBProgress (1): 7.3 kB                        Downloaded from central: https://repo.maven.apache.org/maven2/com/google/jimfs/jimfs-parent/1.1/jimfs-parent-1.1.pom (7.3 kB at 25 kB/s)
Downloading from central: https://repo.maven.apache.org/maven2/org/mockito/mockito-core/2.13.0/mockito-core-2.13.0.pom
Progress (1): 4.1/15 kBProgress (1): 8.2/15 kBProgress (1): 12/15 kB Progress (1): 15 kB                      Downloaded from central: https://repo.maven.apache.org/maven2/org/mockito/mockito-core/2.13.0/mockito-core-2.13.0.pom (15 kB at 23 kB/s)
Downloading from central: https://repo.maven.apache.org/maven2/net/bytebuddy/byte-buddy/1.7.9/byte-buddy-1.7.9.pom
Progress (1): 4.1/12 kBProgress (1): 8.2/12 kBProgress (1): 12 kB                       Downloaded from central: https://repo.maven.apache.org/maven2/net/bytebuddy/byte-buddy/1.7.9/byte-buddy-1.7.9.pom (12 kB at 41 kB/s)
Downloading from central: https://repo.maven.apache.org/maven2/net/bytebuddy/byte-buddy-parent/1.7.9/byte-buddy-parent-1.7.9.pom
Progress (1): 4.1/25 kBProgress (1): 8.2/25 kBProgress (1): 12/25 kB Progress (1): 16/25 kBProgress (1): 20/25 kBProgress (1): 25/25 kBProgress (1): 25 kB                      Downloaded from central: https://repo.maven.apache.org/maven2/net/bytebuddy/byte-buddy-parent/1.7.9/byte-buddy-parent-1.7.9.pom (25 kB at 80 kB/s)
Downloading from central: https://repo.maven.apache.org/maven2/net/bytebuddy/byte-buddy-agent/1.7.9/byte-buddy-agent-1.7.9.pom
Progress (1): 4.1/4.9 kBProgress (1): 4.9 kB                        Downloaded from central: https://repo.maven.apache.org/maven2/net/bytebuddy/byte-buddy-agent/1.7.9/byte-buddy-agent-1.7.9.pom (4.9 kB at 17 kB/s)
Downloading from central: https://repo.maven.apache.org/maven2/org/eclipse/jdt/core/compiler/ecj/4.6.1/ecj-4.6.1.pom
Progress (1): 2.2 kB                    Downloaded from central: https://repo.maven.apache.org/maven2/org/eclipse/jdt/core/compiler/ecj/4.6.1/ecj-4.6.1.pom (2.2 kB at 7.5 kB/s)
Downloading from central: https://repo.maven.apache.org/maven2/com/google/truth/truth/0.39/truth-0.39.jar
Downloading from central: https://repo.maven.apache.org/maven2/com/google/guava/guava/23.4-android/guava-23.4-android.jar
Downloading from central: https://repo.maven.apache.org/maven2/com/google/errorprone/error_prone_annotations/2.1.3/error_prone_annotations-2.1.3.jar
Downloading from central: https://repo.maven.apache.org/maven2/com/google/testing/compile/compile-testing/0.15/compile-testing-0.15.jar
Downloading from central: https://repo.maven.apache.org/maven2/com/google/truth/extensions/truth-java8-extension/0.37/truth-java8-extension-0.37.jar
Progress (1): 0/2.5 MBProgress (1): 0/2.5 MBProgress (1): 0/2.5 MBProgress (1): 0.1/2.5 MBProgress (1): 0.1/2.5 MBProgress (1): 0.1/2.5 MBProgress (1): 0.1/2.5 MBProgress (1): 0.1/2.5 MBProgress (1): 0.1/2.5 MBProgress (2): 0.1/2.5 MB | 2.7/17 kBProgress (3): 0.1/2.5 MB | 2.7/17 kB | 2.7/14 kBProgress (4): 0.1/2.5 MB | 2.7/17 kB | 2.7/14 kB | 2.7/135 kBProgress (4): 0.1/2.5 MB | 5.5/17 kB | 2.7/14 kB | 2.7/135 kBProgress (4): 0.1/2.5 MB | 5.5/17 kB | 2.7/14 kB | 5.5/135 kBProgress (4): 0.1/2.5 MB | 5.5/17 kB | 5.5/14 kB | 5.5/135 kBProgress (4): 0.1/2.5 MB | 5.5/17 kB | 5.5/14 kB | 8.2/135 kBProgress (4): 0.1/2.5 MB | 8.2/17 kB | 5.5/14 kB | 8.2/135 kBProgress (4): 0.1/2.5 MB | 8.2/17 kB | 5.5/14 kB | 11/135 kB Progress (4): 0.1/2.5 MB | 8.2/17 kB | 8.2/14 kB | 11/135 kBProgress (4): 0.1/2.5 MB | 8.2/17 kB | 8.2/14 kB | 14/135 kBProgress (4): 0.1/2.5 MB | 11/17 kB | 8.2/14 kB | 14/135 kB Progress (4): 0.1/2.5 MB | 11/17 kB | 11/14 kB | 14/135 kB Progress (4): 0.1/2.5 MB | 14/17 kB | 11/14 kB | 14/135 kBProgress (4): 0.1/2.5 MB | 14/17 kB | 14 kB | 14/135 kB   Progress (4): 0.1/2.5 MB | 14/17 kB | 14 kB | 16/135 kBProgress (4): 0.1/2.5 MB | 16/17 kB | 14 kB | 16/135 kBProgress (4): 0.1/2.5 MB | 17 kB | 14 kB | 16/135 kB   Progress (4): 0.1/2.5 MB | 17 kB | 14 kB | 19/135 kBProgress (5): 0.1/2.5 MB | 17 kB | 14 kB | 19/135 kB | 2.7/181 kBProgress (5): 0.1/2.5 MB | 17 kB | 14 kB | 22/135 kB | 2.7/181 kBProgress (5): 0.1/2.5 MB | 17 kB | 14 kB | 22/135 kB | 5.5/181 kBProgress (5): 0.1/2.5 MB | 17 kB | 14 kB | 22/135 kB | 8.2/181 kBProgress (5): 0.1/2.5 MB | 17 kB | 14 kB | 22/135 kB | 11/181 kB Progress (5): 0.1/2.5 MB | 17 kB | 14 kB | 22/135 kB | 14/181 kBProgress (5): 0.1/2.5 MB | 17 kB | 14 kB | 25/135 kB | 14/181 kBProgress (5): 0.1/2.5 MB | 17 kB | 14 kB | 25/135 kB | 16/181 kBProgress (5): 0.1/2.5 MB | 17 kB | 14 kB | 27/135 kB | 16/181 kBProgress (5): 0.1/2.5 MB | 17 kB | 14 kB | 30/135 kB | 16/181 kBProgress (5): 0.1/2.5 MB | 17 kB | 14 kB | 30/135 kB | 19/181 kBProgress (5): 0.1/2.5 MB | 17 kB | 14 kB | 33/135 kB | 19/181 kBProgress (5): 0.1/2.5 MB | 17 kB | 14 kB | 33/135 kB | 22/181 kBProgress (5): 0.1/2.5 MB | 17 kB | 14 kB | 36/135 kB | 22/181 kBProgress (5): 0.2/2.5 MB | 17 kB | 14 kB | 36/135 kB | 22/181 kBProgress (5): 0.2/2.5 MB | 17 kB | 14 kB | 38/135 kB | 22/181 kBProgress (5): 0.2/2.5 MB | 17 kB | 14 kB | 38/135 kB | 25/181 kBProgress (5): 0.2/2.5 MB | 17 kB | 14 kB | 38/135 kB | 27/181 kBProgress (5): 0.2/2.5 MB | 17 kB | 14 kB | 38/135 kB | 27/181 kBProgress (5): 0.2/2.5 MB | 17 kB | 14 kB | 38/135 kB | 30/181 kBProgress (5): 0.2/2.5 MB | 17 kB | 14 kB | 38/135 kB | 33/181 kBProgress (5): 0.2/2.5 MB | 17 kB | 14 kB | 38/135 kB | 33/181 kBProgress (5): 0.2/2.5 MB | 17 kB | 14 kB | 38/135 kB | 36/181 kBProgress (5): 0.2/2.5 MB | 17 kB | 14 kB | 38/135 kB | 36/181 kBProgress (5): 0.2/2.5 MB | 17 kB | 14 kB | 38/135 kB | 38/181 kBProgress (5): 0.2/2.5 MB | 17 kB | 14 kB | 38/135 kB | 38/181 kBProgress (5): 0.2/2.5 MB | 17 kB | 14 kB | 38/135 kB | 38/181 kBProgress (5): 0.3/2.5 MB | 17 kB | 14 kB | 38/135 kB | 38/181 kBProgress (5): 0.3/2.5 MB | 17 kB | 14 kB | 38/135 kB | 38/181 kBProgress (5): 0.3/2.5 MB | 17 kB | 14 kB | 38/135 kB | 38/181 kBProgress (5): 0.3/2.5 MB | 17 kB | 14 kB | 38/135 kB | 38/181 kBProgress (5): 0.3/2.5 MB | 17 kB | 14 kB | 38/135 kB | 38/181 kBProgress (5): 0.3/2.5 MB | 17 kB | 14 kB | 38/135 kB | 38/181 kBProgress (5): 0.3/2.5 MB | 17 kB | 14 kB | 41/135 kB | 38/181 kBProgress (5): 0.3/2.5 MB | 17 kB | 14 kB | 44/135 kB | 38/181 kBProgress (5): 0.3/2.5 MB | 17 kB | 14 kB | 47/135 kB | 38/181 kBProgress (5): 0.3/2.5 MB | 17 kB | 14 kB | 49/135 kB | 38/181 kB                                                                Downloaded from central: https://repo.maven.apache.org/maven2/com/google/truth/extensions/truth-java8-extension/0.37/truth-java8-extension-0.37.jar (17 kB at 30 kB/s)
Downloading from central: https://repo.maven.apache.org/maven2/com/google/auto/value/auto-value/1.5.3/auto-value-1.5.3.jar
Progress (4): 0.3/2.5 MB | 14 kB | 49/135 kB | 41/181 kBProgress (4): 0.3/2.5 MB | 14 kB | 52/135 kB | 41/181 kBProgress (4): 0.3/2.5 MB | 14 kB | 52/135 kB | 44/181 kBProgress (4): 0.3/2.5 MB | 14 kB | 52/135 kB | 47/181 kBProgress (4): 0.3/2.5 MB | 14 kB | 55/135 kB | 47/181 kBProgress (4): 0.3/2.5 MB | 14 kB | 55/135 kB | 49/181 kBProgress (4): 0.3/2.5 MB | 14 kB | 58/135 kB | 49/181 kB                                                        Downloaded from central: https://repo.maven.apache.org/maven2/com/google/errorprone/error_prone_annotations/2.1.3/error_prone_annotations-2.1.3.jar (14 kB at 23 kB/s)
Downloading from central: https://repo.maven.apache.org/maven2/com/google/auto/auto-common/0.9/auto-common-0.9.jar
Progress (3): 0.3/2.5 MB | 60/135 kB | 49/181 kBProgress (3): 0.3/2.5 MB | 60/135 kB | 52/181 kBProgress (3): 0.3/2.5 MB | 63/135 kB | 52/181 kBProgress (3): 0.3/2.5 MB | 63/135 kB | 55/181 kBProgress (3): 0.3/2.5 MB | 66/135 kB | 55/181 kBProgress (3): 0.3/2.5 MB | 66/135 kB | 58/181 kBProgress (3): 0.4/2.5 MB | 66/135 kB | 58/181 kBProgress (3): 0.4/2.5 MB | 66/135 kB | 60/181 kBProgress (3): 0.4/2.5 MB | 66/135 kB | 63/181 kBProgress (3): 0.4/2.5 MB | 66/135 kB | 63/181 kBProgress (3): 0.4/2.5 MB | 66/135 kB | 66/181 kBProgress (3): 0.4/2.5 MB | 66/135 kB | 66/181 kBProgress (3): 0.4/2.5 MB | 66/135 kB | 66/181 kBProgress (3): 0.4/2.5 MB | 66/135 kB | 66/181 kBProgress (3): 0.4/2.5 MB | 66/135 kB | 66/181 kBProgress (3): 0.4/2.5 MB | 70/135 kB | 66/181 kBProgress (3): 0.4/2.5 MB | 74/135 kB | 66/181 kBProgress (3): 0.4/2.5 MB | 78/135 kB | 66/181 kBProgress (3): 0.4/2.5 MB | 82/135 kB | 66/181 kBProgress (3): 0.4/2.5 MB | 82/135 kB | 70/181 kBProgress (3): 0.5/2.5 MB | 82/135 kB | 70/181 kBProgress (3): 0.5/2.5 MB | 82/135 kB | 74/181 kBProgress (3): 0.5/2.5 MB | 82/135 kB | 78/181 kBProgress (3): 0.5/2.5 MB | 82/135 kB | 82/181 kBProgress (3): 0.5/2.5 MB | 82/135 kB | 82/181 kBProgress (3): 0.5/2.5 MB | 82/135 kB | 82/181 kBProgress (3): 0.5/2.5 MB | 82/135 kB | 82/181 kBProgress (3): 0.5/2.5 MB | 82/135 kB | 86/181 kBProgress (3): 0.5/2.5 MB | 82/135 kB | 90/181 kBProgress (3): 0.5/2.5 MB | 82/135 kB | 94/181 kBProgress (3): 0.5/2.5 MB | 82/135 kB | 99/181 kBProgress (3): 0.5/2.5 MB | 82/135 kB | 99/181 kBProgress (3): 0.5/2.5 MB | 82/135 kB | 99/181 kBProgress (3): 0.5/2.5 MB | 86/135 kB | 99/181 kBProgress (3): 0.5/2.5 MB | 90/135 kB | 99/181 kBProgress (3): 0.5/2.5 MB | 94/135 kB | 99/181 kBProgress (3): 0.5/2.5 MB | 99/135 kB | 99/181 kBProgress (3): 0.6/2.5 MB | 99/135 kB | 99/181 kBProgress (3): 0.6/2.5 MB | 99/135 kB | 99/181 kBProgress (3): 0.6/2.5 MB | 99/135 kB | 103/181 kBProgress (3): 0.6/2.5 MB | 99/135 kB | 107/181 kBProgress (3): 0.6/2.5 MB | 99/135 kB | 111/181 kBProgress (3): 0.6/2.5 MB | 99/135 kB | 115/181 kBProgress (3): 0.6/2.5 MB | 99/135 kB | 115/181 kBProgress (3): 0.6/2.5 MB | 99/135 kB | 115/181 kBProgress (3): 0.6/2.5 MB | 99/135 kB | 115/181 kBProgress (3): 0.6/2.5 MB | 99/135 kB | 115/181 kBProgress (3): 0.6/2.5 MB | 103/135 kB | 115/181 kBProgress (3): 0.7/2.5 MB | 103/135 kB | 115/181 kBProgress (3): 0.7/2.5 MB | 107/135 kB | 115/181 kBProgress (3): 0.7/2.5 MB | 111/135 kB | 115/181 kBProgress (3): 0.7/2.5 MB | 115/135 kB | 115/181 kBProgress (3): 0.7/2.5 MB | 115/135 kB | 115/181 kBProgress (3): 0.7/2.5 MB | 115/135 kB | 115/181 kBProgress (3): 0.7/2.5 MB | 115/135 kB | 115/181 kBProgress (3): 0.7/2.5 MB | 115/135 kB | 115/181 kBProgress (3): 0.7/2.5 MB | 115/135 kB | 115/181 kBProgress (3): 0.7/2.5 MB | 115/135 kB | 115/181 kBProgress (3): 0.8/2.5 MB | 115/135 kB | 115/181 kBProgress (3): 0.8/2.5 MB | 119/135 kB | 115/181 kBProgress (3): 0.8/2.5 MB | 123/135 kB | 115/181 kBProgress (3): 0.8/2.5 MB | 127/135 kB | 115/181 kBProgress (3): 0.8/2.5 MB | 131/135 kB | 115/181 kBProgress (3): 0.8/2.5 MB | 135 kB | 115/181 kB    Progress (3): 0.8/2.5 MB | 135 kB | 119/181 kBProgress (3): 0.8/2.5 MB | 135 kB | 123/181 kBProgress (3): 0.8/2.5 MB | 135 kB | 127/181 kBProgress (3): 0.8/2.5 MB | 135 kB | 131/181 kBProgress (3): 0.8/2.5 MB | 135 kB | 135/181 kBProgress (3): 0.8/2.5 MB | 135 kB | 140/181 kBProgress (3): 0.8/2.5 MB | 135 kB | 144/181 kBProgress (3): 0.8/2.5 MB | 135 kB | 148/181 kBProgress (4): 0.8/2.5 MB | 135 kB | 148/181 kB | 2.7/85 kBProgress (4): 0.8/2.5 MB | 135 kB | 148/181 kB | 5.5/85 kBProgress (4): 0.8/2.5 MB | 135 kB | 148/181 kB | 5.5/85 kBProgress (4): 0.8/2.5 MB | 135 kB | 148/181 kB | 8.2/85 kBProgress (4): 0.8/2.5 MB | 135 kB | 152/181 kB | 8.2/85 kBProgress (4): 0.8/2.5 MB | 135 kB | 152/181 kB | 8.2/85 kBProgress (4): 0.8/2.5 MB | 135 kB | 156/181 kB | 8.2/85 kBProgress (4): 0.8/2.5 MB | 135 kB | 160/181 kB | 8.2/85 kBProgress (4): 0.8/2.5 MB | 135 kB | 164/181 kB | 8.2/85 kBProgress (4): 0.8/2.5 MB | 135 kB | 164/181 kB | 8.2/85 kBProgress (4): 0.8/2.5 MB | 135 kB | 164/181 kB | 8.2/85 kBProgress (4): 0.8/2.5 MB | 135 kB | 164/181 kB | 11/85 kB Progress (4): 0.8/2.5 MB | 135 kB | 164/181 kB | 11/85 kBProgress (4): 0.8/2.5 MB | 135 kB | 164/181 kB | 14/85 kBProgress (4): 0.8/2.5 MB | 135 kB | 168/181 kB | 14/85 kBProgress (4): 0.8/2.5 MB | 135 kB | 172/181 kB | 14/85 kBProgress (4): 0.9/2.5 MB | 135 kB | 172/181 kB | 14/85 kBProgress (4): 0.9/2.5 MB | 135 kB | 176/181 kB | 14/85 kBProgress (4): 0.9/2.5 MB | 135 kB | 180/181 kB | 14/85 kBProgress (4): 0.9/2.5 MB | 135 kB | 180/181 kB | 14/85 kBProgress (4): 0.9/2.5 MB | 135 kB | 181 kB | 14/85 kB    Progress (4): 0.9/2.5 MB | 135 kB | 181 kB | 14/85 kBProgress (4): 0.9/2.5 MB | 135 kB | 181 kB | 16/85 kBProgress (4): 0.9/2.5 MB | 135 kB | 181 kB | 16/85 kBProgress (4): 0.9/2.5 MB | 135 kB | 181 kB | 16/85 kBProgress (4): 0.9/2.5 MB | 135 kB | 181 kB | 16/85 kBProgress (4): 0.9/2.5 MB | 135 kB | 181 kB | 19/85 kBProgress (4): 1.0/2.5 MB | 135 kB | 181 kB | 19/85 kBProgress (4): 1.0/2.5 MB | 135 kB | 181 kB | 19/85 kBProgress (4): 1.0/2.5 MB | 135 kB | 181 kB | 22/85 kBProgress (4): 1.0/2.5 MB | 135 kB | 181 kB | 22/85 kBProgress (4): 1.0/2.5 MB | 135 kB | 181 kB | 22/85 kBProgress (4): 1.0/2.5 MB | 135 kB | 181 kB | 25/85 kBProgress (4): 1.0/2.5 MB | 135 kB | 181 kB | 25/85 kBProgress (4): 1.0/2.5 MB | 135 kB | 181 kB | 25/85 kBProgress (4): 1.1/2.5 MB | 135 kB | 181 kB | 25/85 kBProgress (4): 1.1/2.5 MB | 135 kB | 181 kB | 27/85 kBProgress (4): 1.1/2.5 MB | 135 kB | 181 kB | 27/85 kBProgress (4): 1.1/2.5 MB | 135 kB | 181 kB | 27/85 kBProgress (4): 1.1/2.5 MB | 135 kB | 181 kB | 27/85 kBProgress (4): 1.1/2.5 MB | 135 kB | 181 kB | 30/85 kBProgress (4): 1.1/2.5 MB | 135 kB | 181 kB | 30/85 kBProgress (4): 1.1/2.5 MB | 135 kB | 181 kB | 30/85 kBProgress (4): 1.2/2.5 MB | 135 kB | 181 kB | 30/85 kBProgress (4): 1.2/2.5 MB | 135 kB | 181 kB | 33/85 kBProgress (4): 1.2/2.5 MB | 135 kB | 181 kB | 33/85 kBProgress (4): 1.2/2.5 MB | 135 kB | 181 kB | 33/85 kBProgress (4): 1.2/2.5 MB | 135 kB | 181 kB | 36/85 kBProgress (4): 1.2/2.5 MB | 135 kB | 181 kB | 36/85 kBProgress (4): 1.2/2.5 MB | 135 kB | 181 kB | 36/85 kBProgress (4): 1.2/2.5 MB | 135 kB | 181 kB | 36/85 kBProgress (4): 1.3/2.5 MB | 135 kB | 181 kB | 36/85 kBProgress (4): 1.3/2.5 MB | 135 kB | 181 kB | 38/85 kBProgress (4): 1.3/2.5 MB | 135 kB | 181 kB | 38/85 kBProgress (4): 1.3/2.5 MB | 135 kB | 181 kB | 38/85 kBProgress (4): 1.3/2.5 MB | 135 kB | 181 kB | 38/85 kBProgress (4): 1.3/2.5 MB | 135 kB | 181 kB | 38/85 kBProgress (4): 1.3/2.5 MB | 135 kB | 181 kB | 38/85 kBProgress (4): 1.3/2.5 MB | 135 kB | 181 kB | 38/85 kBProgress (4): 1.4/2.5 MB | 135 kB | 181 kB | 38/85 kBProgress (4): 1.4/2.5 MB | 135 kB | 181 kB | 38/85 kBProgress (4): 1.4/2.5 MB | 135 kB | 181 kB | 38/85 kBProgress (4): 1.4/2.5 MB | 135 kB | 181 kB | 38/85 kBProgress (4): 1.4/2.5 MB | 135 kB | 181 kB | 38/85 kBProgress (4): 1.4/2.5 MB | 135 kB | 181 kB | 38/85 kBProgress (4): 1.5/2.5 MB | 135 kB | 181 kB | 38/85 kBProgress (4): 1.5/2.5 MB | 135 kB | 181 kB | 38/85 kBProgress (4): 1.5/2.5 MB | 135 kB | 181 kB | 38/85 kBProgress (4): 1.5/2.5 MB | 135 kB | 181 kB | 38/85 kBProgress (4): 1.5/2.5 MB | 135 kB | 181 kB | 38/85 kBProgress (4): 1.5/2.5 MB | 135 kB | 181 kB | 38/85 kBProgress (4): 1.6/2.5 MB | 135 kB | 181 kB | 38/85 kB                                                     Downloaded from central: https://repo.maven.apache.org/maven2/com/google/testing/compile/compile-testing/0.15/compile-testing-0.15.jar (135 kB at 158 kB/s)
Downloading from central: https://repo.maven.apache.org/maven2/com/google/jimfs/jimfs/1.1/jimfs-1.1.jar
Progress (3): 1.6/2.5 MB | 181 kB | 41/85 kBProgress (3): 1.6/2.5 MB | 181 kB | 44/85 kBProgress (3): 1.6/2.5 MB | 181 kB | 47/85 kBProgress (3): 1.6/2.5 MB | 181 kB | 47/85 kBProgress (3): 1.6/2.5 MB | 181 kB | 47/85 kBProgress (3): 1.6/2.5 MB | 181 kB | 49/85 kBProgress (3): 1.6/2.5 MB | 181 kB | 49/85 kBProgress (3): 1.6/2.5 MB | 181 kB | 49/85 kBProgress (3): 1.6/2.5 MB | 181 kB | 49/85 kBProgress (3): 1.7/2.5 MB | 181 kB | 49/85 kBProgress (3): 1.7/2.5 MB | 181 kB | 49/85 kBProgress (3): 1.7/2.5 MB | 181 kB | 49/85 kBProgress (3): 1.7/2.5 MB | 181 kB | 49/85 kBProgress (3): 1.7/2.5 MB | 181 kB | 49/85 kBProgress (3): 1.7/2.5 MB | 181 kB | 49/85 kBProgress (3): 1.8/2.5 MB | 181 kB | 49/85 kBProgress (3): 1.8/2.5 MB | 181 kB | 49/85 kBProgress (3): 1.8/2.5 MB | 181 kB | 49/85 kBProgress (3): 1.8/2.5 MB | 181 kB | 49/85 kBProgress (3): 1.8/2.5 MB | 181 kB | 49/85 kBProgress (3): 1.8/2.5 MB | 181 kB | 49/85 kBProgress (3): 1.9/2.5 MB | 181 kB | 49/85 kBProgress (3): 1.9/2.5 MB | 181 kB | 49/85 kBProgress (3): 1.9/2.5 MB | 181 kB | 49/85 kBProgress (3): 1.9/2.5 MB | 181 kB | 49/85 kBProgress (3): 1.9/2.5 MB | 181 kB | 53/85 kBProgress (3): 1.9/2.5 MB | 181 kB | 58/85 kBProgress (3): 1.9/2.5 MB | 181 kB | 58/85 kBProgress (3): 1.9/2.5 MB | 181 kB | 62/85 kBProgress (3): 1.9/2.5 MB | 181 kB | 66/85 kBProgress (3): 1.9/2.5 MB | 181 kB | 66/85 kBProgress (3): 2.0/2.5 MB | 181 kB | 66/85 kBProgress (3): 2.0/2.5 MB | 181 kB | 66/85 kB                                            Downloaded from central: https://repo.maven.apache.org/maven2/com/google/truth/truth/0.39/truth-0.39.jar (181 kB at 200 kB/s)
Downloading from central: https://repo.maven.apache.org/maven2/org/mockito/mockito-core/2.13.0/mockito-core-2.13.0.jar
Progress (2): 2.0/2.5 MB | 66/85 kBProgress (2): 2.0/2.5 MB | 66/85 kBProgress (2): 2.0/2.5 MB | 66/85 kBProgress (2): 2.0/2.5 MB | 66/85 kBProgress (2): 2.0/2.5 MB | 66/85 kBProgress (2): 2.1/2.5 MB | 66/85 kBProgress (2): 2.1/2.5 MB | 66/85 kBProgress (2): 2.1/2.5 MB | 66/85 kBProgress (2): 2.1/2.5 MB | 66/85 kBProgress (2): 2.1/2.5 MB | 66/85 kBProgress (2): 2.1/2.5 MB | 66/85 kBProgress (2): 2.2/2.5 MB | 66/85 kBProgress (2): 2.2/2.5 MB | 66/85 kBProgress (2): 2.2/2.5 MB | 66/85 kBProgress (2): 2.2/2.5 MB | 70/85 kBProgress (2): 2.2/2.5 MB | 74/85 kBProgress (2): 2.2/2.5 MB | 74/85 kBProgress (2): 2.2/2.5 MB | 78/85 kBProgress (2): 2.2/2.5 MB | 82/85 kBProgress (2): 2.2/2.5 MB | 82/85 kBProgress (2): 2.2/2.5 MB | 85 kB   Progress (2): 2.2/2.5 MB | 85 kBProgress (2): 2.3/2.5 MB | 85 kBProgress (2): 2.3/2.5 MB | 85 kBProgress (2): 2.3/2.5 MB | 85 kBProgress (2): 2.3/2.5 MB | 85 kBProgress (2): 2.3/2.5 MB | 85 kBProgress (2): 2.3/2.5 MB | 85 kBProgress (2): 2.4/2.5 MB | 85 kBProgress (2): 2.4/2.5 MB | 85 kBProgress (2): 2.4/2.5 MB | 85 kBProgress (2): 2.4/2.5 MB | 85 kBProgress (2): 2.4/2.5 MB | 85 kBProgress (2): 2.4/2.5 MB | 85 kBProgress (2): 2.5/2.5 MB | 85 kBProgress (2): 2.5/2.5 MB | 85 kBProgress (2): 2.5/2.5 MB | 85 kBProgress (2): 2.5/2.5 MB | 85 kBProgress (2): 2.5/2.5 MB | 85 kBProgress (2): 2.5/2.5 MB | 85 kBProgress (2): 2.5 MB | 85 kB    Progress (3): 2.5 MB | 85 kB | 0/1.7 MBProgress (3): 2.5 MB | 85 kB | 0/1.7 MBProgress (3): 2.5 MB | 85 kB | 0/1.7 MBProgress (4): 2.5 MB | 85 kB | 0/1.7 MB | 4.1/207 kBProgress (4): 2.5 MB | 85 kB | 0/1.7 MB | 8.2/207 kBProgress (4): 2.5 MB | 85 kB | 0/1.7 MB | 12/207 kB Progress (4): 2.5 MB | 85 kB | 0/1.7 MB | 16/207 kBProgress (4): 2.5 MB | 85 kB | 0/1.7 MB | 16/207 kBProgress (4): 2.5 MB | 85 kB | 0/1.7 MB | 20/207 kBProgress (4): 2.5 MB | 85 kB | 0/1.7 MB | 25/207 kBProgress (4): 2.5 MB | 85 kB | 0/1.7 MB | 29/207 kBProgress (4): 2.5 MB | 85 kB | 0/1.7 MB | 33/207 kBProgress (4): 2.5 MB | 85 kB | 0/1.7 MB | 37/207 kBProgress (4): 2.5 MB | 85 kB | 0/1.7 MB | 41/207 kBProgress (4): 2.5 MB | 85 kB | 0/1.7 MB | 45/207 kBProgress (4): 2.5 MB | 85 kB | 0/1.7 MB | 49/207 kBProgress (4): 2.5 MB | 85 kB | 0/1.7 MB | 53/207 kBProgress (4): 2.5 MB | 85 kB | 0/1.7 MB | 57/207 kBProgress (4): 2.5 MB | 85 kB | 0/1.7 MB | 61/207 kBProgress (4): 2.5 MB | 85 kB | 0/1.7 MB | 66/207 kBProgress (4): 2.5 MB | 85 kB | 0/1.7 MB | 70/207 kBProgress (4): 2.5 MB | 85 kB | 0/1.7 MB | 74/207 kBProgress (4): 2.5 MB | 85 kB | 0/1.7 MB | 78/207 kBProgress (4): 2.5 MB | 85 kB | 0/1.7 MB | 82/207 kBProgress (4): 2.5 MB | 85 kB | 0/1.7 MB | 86/207 kBProgress (4): 2.5 MB | 85 kB | 0/1.7 MB | 90/207 kBProgress (4): 2.5 MB | 85 kB | 0/1.7 MB | 94/207 kBProgress (4): 2.5 MB | 85 kB | 0/1.7 MB | 98/207 kBProgress (5): 2.5 MB | 85 kB | 0/1.7 MB | 98/207 kB | 4.1/538 kBProgress (5): 2.5 MB | 85 kB | 0/1.7 MB | 98/207 kB | 8.2/538 kBProgress (5): 2.5 MB | 85 kB | 0/1.7 MB | 98/207 kB | 12/538 kB Progress (5): 2.5 MB | 85 kB | 0/1.7 MB | 98/207 kB | 16/538 kBProgress (5): 2.5 MB | 85 kB | 0/1.7 MB | 102/207 kB | 16/538 kBProgress (5): 2.5 MB | 85 kB | 0/1.7 MB | 102/207 kB | 20/538 kBProgress (5): 2.5 MB | 85 kB | 0/1.7 MB | 106/207 kB | 20/538 kBProgress (5): 2.5 MB | 85 kB | 0/1.7 MB | 106/207 kB | 25/538 kBProgress (5): 2.5 MB | 85 kB | 0/1.7 MB | 111/207 kB | 25/538 kBProgress (5): 2.5 MB | 85 kB | 0/1.7 MB | 111/207 kB | 29/538 kBProgress (5): 2.5 MB | 85 kB | 0/1.7 MB | 115/207 kB | 29/538 kBProgress (5): 2.5 MB | 85 kB | 0/1.7 MB | 115/207 kB | 33/538 kBProgress (5): 2.5 MB | 85 kB | 0/1.7 MB | 115/207 kB | 37/538 kBProgress (5): 2.5 MB | 85 kB | 0/1.7 MB | 115/207 kB | 41/538 kBProgress (5): 2.5 MB | 85 kB | 0/1.7 MB | 115/207 kB | 45/538 kBProgress (5): 2.5 MB | 85 kB | 0/1.7 MB | 115/207 kB | 49/538 kB                                                                Downloaded from central: https://repo.maven.apache.org/maven2/com/google/auto/auto-common/0.9/auto-common-0.9.jar (85 kB at 80 kB/s)
Downloading from central: https://repo.maven.apache.org/maven2/net/bytebuddy/byte-buddy/1.7.9/byte-buddy-1.7.9.jar
Progress (4): 2.5 MB | 0/1.7 MB | 115/207 kB | 53/538 kBProgress (4): 2.5 MB | 0/1.7 MB | 119/207 kB | 53/538 kBProgress (4): 2.5 MB | 0/1.7 MB | 119/207 kB | 57/538 kBProgress (4): 2.5 MB | 0/1.7 MB | 123/207 kB | 57/538 kBProgress (4): 2.5 MB | 0/1.7 MB | 123/207 kB | 61/538 kBProgress (4): 2.5 MB | 0/1.7 MB | 127/207 kB | 61/538 kBProgress (4): 2.5 MB | 0/1.7 MB | 127/207 kB | 66/538 kBProgress (4): 2.5 MB | 0/1.7 MB | 131/207 kB | 66/538 kBProgress (4): 2.5 MB | 0/1.7 MB | 131/207 kB | 70/538 kBProgress (4): 2.5 MB | 0/1.7 MB | 131/207 kB | 74/538 kBProgress (4): 2.5 MB | 0/1.7 MB | 131/207 kB | 78/538 kBProgress (4): 2.5 MB | 0/1.7 MB | 131/207 kB | 82/538 kBProgress (4): 2.5 MB | 0/1.7 MB | 135/207 kB | 82/538 kBProgress (4): 2.5 MB | 0/1.7 MB | 139/207 kB | 82/538 kBProgress (4): 2.5 MB | 0/1.7 MB | 143/207 kB | 82/538 kBProgress (4): 2.5 MB | 0/1.7 MB | 147/207 kB | 82/538 kBProgress (4): 2.5 MB | 0/1.7 MB | 147/207 kB | 86/538 kBProgress (4): 2.5 MB | 0/1.7 MB | 147/207 kB | 90/538 kBProgress (4): 2.5 MB | 0/1.7 MB | 147/207 kB | 94/538 kBProgress (4): 2.5 MB | 0/1.7 MB | 147/207 kB | 98/538 kBProgress (4): 2.5 MB | 0/1.7 MB | 147/207 kB | 102/538 kBProgress (4): 2.5 MB | 0/1.7 MB | 147/207 kB | 106/538 kBProgress (4): 2.5 MB | 0/1.7 MB | 147/207 kB | 111/538 kBProgress (4): 2.5 MB | 0/1.7 MB | 147/207 kB | 115/538 kBProgress (4): 2.5 MB | 0/1.7 MB | 152/207 kB | 115/538 kBProgress (4): 2.5 MB | 0/1.7 MB | 156/207 kB | 115/538 kBProgress (4): 2.5 MB | 0/1.7 MB | 160/207 kB | 115/538 kBProgress (4): 2.5 MB | 0/1.7 MB | 164/207 kB | 115/538 kBProgress (4): 2.5 MB | 0/1.7 MB | 164/207 kB | 115/538 kBProgress (4): 2.5 MB | 0/1.7 MB | 164/207 kB | 119/538 kBProgress (4): 2.5 MB | 0/1.7 MB | 164/207 kB | 123/538 kBProgress (4): 2.5 MB | 0/1.7 MB | 164/207 kB | 127/538 kBProgress (4): 2.5 MB | 0/1.7 MB | 164/207 kB | 131/538 kBProgress (4): 2.5 MB | 0/1.7 MB | 164/207 kB | 135/538 kBProgress (4): 2.5 MB | 0/1.7 MB | 164/207 kB | 139/538 kBProgress (4): 2.5 MB | 0/1.7 MB | 164/207 kB | 143/538 kBProgress (4): 2.5 MB | 0/1.7 MB | 164/207 kB | 147/538 kBProgress (4): 2.5 MB | 0/1.7 MB | 164/207 kB | 152/538 kBProgress (4): 2.5 MB | 0/1.7 MB | 164/207 kB | 156/538 kBProgress (4): 2.5 MB | 0/1.7 MB | 164/207 kB | 160/538 kBProgress (4): 2.5 MB | 0/1.7 MB | 164/207 kB | 164/538 kBProgress (4): 2.5 MB | 0/1.7 MB | 164/207 kB | 168/538 kBProgress (4): 2.5 MB | 0/1.7 MB | 164/207 kB | 172/538 kBProgress (4): 2.5 MB | 0/1.7 MB | 164/207 kB | 176/538 kBProgress (4): 2.5 MB | 0/1.7 MB | 164/207 kB | 180/538 kBProgress (4): 2.5 MB | 0/1.7 MB | 164/207 kB | 184/538 kBProgress (4): 2.5 MB | 0/1.7 MB | 164/207 kB | 188/538 kBProgress (4): 2.5 MB | 0/1.7 MB | 164/207 kB | 193/538 kBProgress (4): 2.5 MB | 0/1.7 MB | 164/207 kB | 197/538 kBProgress (4): 2.5 MB | 0/1.7 MB | 164/207 kB | 201/538 kBProgress (4): 2.5 MB | 0/1.7 MB | 164/207 kB | 205/538 kBProgress (4): 2.5 MB | 0/1.7 MB | 164/207 kB | 209/538 kBProgress (4): 2.5 MB | 0/1.7 MB | 164/207 kB | 213/538 kBProgress (4): 2.5 MB | 0.1/1.7 MB | 164/207 kB | 213/538 kBProgress (4): 2.5 MB | 0.1/1.7 MB | 164/207 kB | 213/538 kBProgress (4): 2.5 MB | 0.1/1.7 MB | 168/207 kB | 213/538 kBProgress (4): 2.5 MB | 0.1/1.7 MB | 172/207 kB | 213/538 kBProgress (4): 2.5 MB | 0.1/1.7 MB | 176/207 kB | 213/538 kBProgress (4): 2.5 MB | 0.1/1.7 MB | 180/207 kB | 213/538 kBProgress (4): 2.5 MB | 0.1/1.7 MB | 180/207 kB | 213/538 kBProgress (4): 2.5 MB | 0.1/1.7 MB | 180/207 kB | 213/538 kB                                                           Downloaded from central: https://repo.maven.apache.org/maven2/com/google/guava/guava/23.4-android/guava-23.4-android.jar (2.5 MB at 2.3 MB/s)
Downloading from central: https://repo.maven.apache.org/maven2/net/bytebuddy/byte-buddy-agent/1.7.9/byte-buddy-agent-1.7.9.jar
Progress (3): 0.1/1.7 MB | 184/207 kB | 213/538 kBProgress (3): 0.1/1.7 MB | 188/207 kB | 213/538 kBProgress (3): 0.1/1.7 MB | 193/207 kB | 213/538 kBProgress (3): 0.1/1.7 MB | 197/207 kB | 213/538 kBProgress (3): 0.1/1.7 MB | 201/207 kB | 213/538 kBProgress (3): 0.1/1.7 MB | 205/207 kB | 213/538 kBProgress (3): 0.1/1.7 MB | 207 kB | 213/538 kB    Progress (3): 0.1/1.7 MB | 207 kB | 213/538 kBProgress (3): 0.1/1.7 MB | 207 kB | 213/538 kBProgress (3): 0.1/1.7 MB | 207 kB | 213/538 kBProgress (3): 0.1/1.7 MB | 207 kB | 213/538 kBProgress (3): 0.1/1.7 MB | 207 kB | 217/538 kBProgress (3): 0.1/1.7 MB | 207 kB | 221/538 kBProgress (3): 0.1/1.7 MB | 207 kB | 225/538 kBProgress (3): 0.1/1.7 MB | 207 kB | 229/538 kBProgress (3): 0.1/1.7 MB | 207 kB | 233/538 kBProgress (3): 0.1/1.7 MB | 207 kB | 238/538 kBProgress (3): 0.1/1.7 MB | 207 kB | 242/538 kBProgress (3): 0.1/1.7 MB | 207 kB | 246/538 kBProgress (3): 0.1/1.7 MB | 207 kB | 250/538 kBProgress (3): 0.1/1.7 MB | 207 kB | 254/538 kBProgress (3): 0.1/1.7 MB | 207 kB | 258/538 kBProgress (3): 0.1/1.7 MB | 207 kB | 262/538 kBProgress (3): 0.1/1.7 MB | 207 kB | 266/538 kBProgress (3): 0.1/1.7 MB | 207 kB | 270/538 kBProgress (3): 0.1/1.7 MB | 207 kB | 274/538 kBProgress (3): 0.1/1.7 MB | 207 kB | 279/538 kBProgress (3): 0.1/1.7 MB | 207 kB | 283/538 kBProgress (3): 0.1/1.7 MB | 207 kB | 287/538 kBProgress (3): 0.1/1.7 MB | 207 kB | 291/538 kBProgress (3): 0.1/1.7 MB | 207 kB | 295/538 kBProgress (3): 0.1/1.7 MB | 207 kB | 299/538 kBProgress (3): 0.1/1.7 MB | 207 kB | 303/538 kBProgress (3): 0.1/1.7 MB | 207 kB | 307/538 kBProgress (3): 0.1/1.7 MB | 207 kB | 311/538 kBProgress (3): 0.1/1.7 MB | 207 kB | 315/538 kBProgress (3): 0.1/1.7 MB | 207 kB | 319/538 kBProgress (3): 0.1/1.7 MB | 207 kB | 324/538 kBProgress (3): 0.1/1.7 MB | 207 kB | 328/538 kBProgress (3): 0.1/1.7 MB | 207 kB | 332/538 kBProgress (3): 0.1/1.7 MB | 207 kB | 336/538 kBProgress (3): 0.1/1.7 MB | 207 kB | 340/538 kBProgress (3): 0.1/1.7 MB | 207 kB | 344/538 kBProgress (3): 0.1/1.7 MB | 207 kB | 348/538 kBProgress (3): 0.1/1.7 MB | 207 kB | 352/538 kBProgress (3): 0.1/1.7 MB | 207 kB | 356/538 kBProgress (3): 0.1/1.7 MB | 207 kB | 360/538 kBProgress (4): 0.1/1.7 MB | 207 kB | 360/538 kB | 0/2.9 MBProgress (4): 0.1/1.7 MB | 207 kB | 365/538 kB | 0/2.9 MBProgress (4): 0.1/1.7 MB | 207 kB | 369/538 kB | 0/2.9 MBProgress (4): 0.1/1.7 MB | 207 kB | 373/538 kB | 0/2.9 MBProgress (4): 0.1/1.7 MB | 207 kB | 377/538 kB | 0/2.9 MBProgress (4): 0.1/1.7 MB | 207 kB | 381/538 kB | 0/2.9 MBProgress (4): 0.1/1.7 MB | 207 kB | 381/538 kB | 0/2.9 MBProgress (4): 0.1/1.7 MB | 207 kB | 385/538 kB | 0/2.9 MBProgress (4): 0.1/1.7 MB | 207 kB | 389/538 kB | 0/2.9 MBProgress (4): 0.1/1.7 MB | 207 kB | 389/538 kB | 0/2.9 MBProgress (4): 0.1/1.7 MB | 207 kB | 393/538 kB | 0/2.9 MBProgress (4): 0.1/1.7 MB | 207 kB | 397/538 kB | 0/2.9 MBProgress (4): 0.1/1.7 MB | 207 kB | 401/538 kB | 0/2.9 MBProgress (4): 0.1/1.7 MB | 207 kB | 406/538 kB | 0/2.9 MBProgress (4): 0.1/1.7 MB | 207 kB | 410/538 kB | 0/2.9 MBProgress (4): 0.1/1.7 MB | 207 kB | 414/538 kB | 0/2.9 MBProgress (4): 0.1/1.7 MB | 207 kB | 418/538 kB | 0/2.9 MBProgress (4): 0.1/1.7 MB | 207 kB | 422/538 kB | 0/2.9 MBProgress (4): 0.1/1.7 MB | 207 kB | 422/538 kB | 0/2.9 MBProgress (4): 0.1/1.7 MB | 207 kB | 426/538 kB | 0/2.9 MBProgress (4): 0.1/1.7 MB | 207 kB | 430/538 kB | 0/2.9 MBProgress (4): 0.1/1.7 MB | 207 kB | 434/538 kB | 0/2.9 MBProgress (4): 0.1/1.7 MB | 207 kB | 438/538 kB | 0/2.9 MBProgress (4): 0.1/1.7 MB | 207 kB | 442/538 kB | 0/2.9 MBProgress (4): 0.1/1.7 MB | 207 kB | 446/538 kB | 0/2.9 MBProgress (4): 0.1/1.7 MB | 207 kB | 451/538 kB | 0/2.9 MBProgress (4): 0.1/1.7 MB | 207 kB | 455/538 kB | 0/2.9 MBProgress (4): 0.1/1.7 MB | 207 kB | 459/538 kB | 0/2.9 MBProgress (4): 0.1/1.7 MB | 207 kB | 459/538 kB | 0/2.9 MBProgress (4): 0.1/1.7 MB | 207 kB | 459/538 kB | 0/2.9 MBProgress (4): 0.1/1.7 MB | 207 kB | 463/538 kB | 0/2.9 MBProgress (4): 0.1/1.7 MB | 207 kB | 467/538 kB | 0/2.9 MBProgress (4): 0.1/1.7 MB | 207 kB | 467/538 kB | 0/2.9 MBProgress (4): 0.1/1.7 MB | 207 kB | 471/538 kB | 0/2.9 MBProgress (4): 0.1/1.7 MB | 207 kB | 475/538 kB | 0/2.9 MBProgress (4): 0.1/1.7 MB | 207 kB | 479/538 kB | 0/2.9 MBProgress (4): 0.1/1.7 MB | 207 kB | 483/538 kB | 0/2.9 MBProgress (4): 0.1/1.7 MB | 207 kB | 487/538 kB | 0/2.9 MBProgress (4): 0.1/1.7 MB | 207 kB | 492/538 kB | 0/2.9 MBProgress (4): 0.1/1.7 MB | 207 kB | 496/538 kB | 0/2.9 MBProgress (4): 0.1/1.7 MB | 207 kB | 500/538 kB | 0/2.9 MBProgress (4): 0.1/1.7 MB | 207 kB | 504/538 kB | 0/2.9 MBProgress (4): 0.1/1.7 MB | 207 kB | 508/538 kB | 0/2.9 MBProgress (4): 0.1/1.7 MB | 207 kB | 512/538 kB | 0/2.9 MBProgress (4): 0.1/1.7 MB | 207 kB | 516/538 kB | 0/2.9 MBProgress (4): 0.1/1.7 MB | 207 kB | 516/538 kB | 0.1/2.9 MBProgress (4): 0.1/1.7 MB | 207 kB | 520/538 kB | 0.1/2.9 MBProgress (4): 0.1/1.7 MB | 207 kB | 524/538 kB | 0.1/2.9 MBProgress (4): 0.2/1.7 MB | 207 kB | 524/538 kB | 0.1/2.9 MBProgress (4): 0.2/1.7 MB | 207 kB | 524/538 kB | 0.1/2.9 MBProgress (4): 0.2/1.7 MB | 207 kB | 524/538 kB | 0.1/2.9 MBProgress (4): 0.2/1.7 MB | 207 kB | 524/538 kB | 0.1/2.9 MBProgress (4): 0.2/1.7 MB | 207 kB | 524/538 kB | 0.1/2.9 MBProgress (4): 0.2/1.7 MB | 207 kB | 524/538 kB | 0.1/2.9 MBProgress (4): 0.2/1.7 MB | 207 kB | 524/538 kB | 0.1/2.9 MBProgress (4): 0.2/1.7 MB | 207 kB | 524/538 kB | 0.1/2.9 MBProgress (5): 0.2/1.7 MB | 207 kB | 524/538 kB | 0.1/2.9 MB | 4.1/43 kBProgress (5): 0.2/1.7 MB | 207 kB | 524/538 kB | 0.1/2.9 MB | 8.2/43 kBProgress (5): 0.2/1.7 MB | 207 kB | 524/538 kB | 0.1/2.9 MB | 12/43 kB Progress (5): 0.2/1.7 MB | 207 kB | 524/538 kB | 0.1/2.9 MB | 16/43 kBProgress (5): 0.2/1.7 MB | 207 kB | 524/538 kB | 0.1/2.9 MB | 20/43 kBProgress (5): 0.2/1.7 MB | 207 kB | 524/538 kB | 0.1/2.9 MB | 25/43 kBProgress (5): 0.2/1.7 MB | 207 kB | 524/538 kB | 0.1/2.9 MB | 29/43 kBProgress (5): 0.2/1.7 MB | 207 kB | 524/538 kB | 0.1/2.9 MB | 33/43 kBProgress (5): 0.2/1.7 MB | 207 kB | 524/538 kB | 0.1/2.9 MB | 37/43 kBProgress (5): 0.2/1.7 MB | 207 kB | 524/538 kB | 0.1/2.9 MB | 41/43 kBProgress (5): 0.2/1.7 MB | 207 kB | 524/538 kB | 0.1/2.9 MB | 43 kB   Progress (5): 0.2/1.7 MB | 207 kB | 524/538 kB | 0.1/2.9 MB | 43 kBProgress (5): 0.2/1.7 MB | 207 kB | 524/538 kB | 0.1/2.9 MB | 43 kB                                                                   Downloaded from central: https://repo.maven.apache.org/maven2/com/google/jimfs/jimfs/1.1/jimfs-1.1.jar (207 kB at 162 kB/s)
Downloading from central: https://repo.maven.apache.org/maven2/org/eclipse/jdt/core/compiler/ecj/4.6.1/ecj-4.6.1.jar
Progress (4): 0.2/1.7 MB | 524/538 kB | 0.1/2.9 MB | 43 kBProgress (4): 0.2/1.7 MB | 524/538 kB | 0.1/2.9 MB | 43 kBProgress (4): 0.2/1.7 MB | 524/538 kB | 0.1/2.9 MB | 43 kBProgress (4): 0.2/1.7 MB | 524/538 kB | 0.1/2.9 MB | 43 kBProgress (4): 0.3/1.7 MB | 524/538 kB | 0.1/2.9 MB | 43 kBProgress (4): 0.3/1.7 MB | 524/538 kB | 0.1/2.9 MB | 43 kBProgress (4): 0.3/1.7 MB | 528/538 kB | 0.1/2.9 MB | 43 kBProgress (4): 0.3/1.7 MB | 528/538 kB | 0.1/2.9 MB | 43 kBProgress (4): 0.3/1.7 MB | 532/538 kB | 0.1/2.9 MB | 43 kBProgress (4): 0.3/1.7 MB | 532/538 kB | 0.1/2.9 MB | 43 kBProgress (4): 0.3/1.7 MB | 537/538 kB | 0.1/2.9 MB | 43 kBProgress (4): 0.3/1.7 MB | 538 kB | 0.1/2.9 MB | 43 kB    Progress (4): 0.3/1.7 MB | 538 kB | 0.1/2.9 MB | 43 kBProgress (4): 0.3/1.7 MB | 538 kB | 0.1/2.9 MB | 43 kBProgress (4): 0.3/1.7 MB | 538 kB | 0.1/2.9 MB | 43 kBProgress (4): 0.3/1.7 MB | 538 kB | 0.1/2.9 MB | 43 kBProgress (4): 0.3/1.7 MB | 538 kB | 0.1/2.9 MB | 43 kBProgress (4): 0.3/1.7 MB | 538 kB | 0.1/2.9 MB | 43 kBProgress (4): 0.3/1.7 MB | 538 kB | 0.1/2.9 MB | 43 kBProgress (4): 0.3/1.7 MB | 538 kB | 0.1/2.9 MB | 43 kBProgress (4): 0.3/1.7 MB | 538 kB | 0.1/2.9 MB | 43 kBProgress (4): 0.3/1.7 MB | 538 kB | 0.2/2.9 MB | 43 kBProgress (4): 0.3/1.7 MB | 538 kB | 0.2/2.9 MB | 43 kBProgress (4): 0.3/1.7 MB | 538 kB | 0.2/2.9 MB | 43 kBProgress (4): 0.4/1.7 MB | 538 kB | 0.2/2.9 MB | 43 kBProgress (4): 0.4/1.7 MB | 538 kB | 0.2/2.9 MB | 43 kBProgress (4): 0.4/1.7 MB | 538 kB | 0.2/2.9 MB | 43 kBProgress (4): 0.4/1.7 MB | 538 kB | 0.2/2.9 MB | 43 kBProgress (4): 0.4/1.7 MB | 538 kB | 0.2/2.9 MB | 43 kBProgress (4): 0.4/1.7 MB | 538 kB | 0.2/2.9 MB | 43 kBProgress (4): 0.4/1.7 MB | 538 kB | 0.2/2.9 MB | 43 kBProgress (4): 0.4/1.7 MB | 538 kB | 0.2/2.9 MB | 43 kBProgress (4): 0.4/1.7 MB | 538 kB | 0.2/2.9 MB | 43 kBProgress (4): 0.4/1.7 MB | 538 kB | 0.2/2.9 MB | 43 kBProgress (4): 0.4/1.7 MB | 538 kB | 0.2/2.9 MB | 43 kBProgress (4): 0.4/1.7 MB | 538 kB | 0.2/2.9 MB | 43 kBProgress (4): 0.4/1.7 MB | 538 kB | 0.2/2.9 MB | 43 kBProgress (4): 0.4/1.7 MB | 538 kB | 0.2/2.9 MB | 43 kBProgress (4): 0.4/1.7 MB | 538 kB | 0.3/2.9 MB | 43 kBProgress (4): 0.4/1.7 MB | 538 kB | 0.3/2.9 MB | 43 kBProgress (4): 0.4/1.7 MB | 538 kB | 0.3/2.9 MB | 43 kBProgress (4): 0.4/1.7 MB | 538 kB | 0.3/2.9 MB | 43 kBProgress (4): 0.5/1.7 MB | 538 kB | 0.3/2.9 MB | 43 kB                                                      Downloaded from central: https://repo.maven.apache.org/maven2/net/bytebuddy/byte-buddy-agent/1.7.9/byte-buddy-agent-1.7.9.jar (43 kB at 31 kB/s)
Progress (3): 0.5/1.7 MB | 538 kB | 0.3/2.9 MBProgress (3): 0.5/1.7 MB | 538 kB | 0.3/2.9 MBProgress (3): 0.5/1.7 MB | 538 kB | 0.3/2.9 MBProgress (3): 0.5/1.7 MB | 538 kB | 0.3/2.9 MBProgress (3): 0.5/1.7 MB | 538 kB | 0.3/2.9 MBProgress (3): 0.5/1.7 MB | 538 kB | 0.3/2.9 MBProgress (3): 0.5/1.7 MB | 538 kB | 0.3/2.9 MBProgress (4): 0.5/1.7 MB | 538 kB | 0.3/2.9 MB | 0/2.4 MBProgress (4): 0.5/1.7 MB | 538 kB | 0.3/2.9 MB | 0/2.4 MBProgress (4): 0.5/1.7 MB | 538 kB | 0.3/2.9 MB | 0/2.4 MBProgress (4): 0.5/1.7 MB | 538 kB | 0.3/2.9 MB | 0/2.4 MBProgress (4): 0.5/1.7 MB | 538 kB | 0.3/2.9 MB | 0/2.4 MBProgress (4): 0.5/1.7 MB | 538 kB | 0.3/2.9 MB | 0/2.4 MBProgress (4): 0.5/1.7 MB | 538 kB | 0.3/2.9 MB | 0/2.4 MBProgress (4): 0.6/1.7 MB | 538 kB | 0.3/2.9 MB | 0/2.4 MBProgress (4): 0.6/1.7 MB | 538 kB | 0.3/2.9 MB | 0/2.4 MBProgress (4): 0.6/1.7 MB | 538 kB | 0.3/2.9 MB | 0/2.4 MBProgress (4): 0.6/1.7 MB | 538 kB | 0.3/2.9 MB | 0.1/2.4 MBProgress (4): 0.6/1.7 MB | 538 kB | 0.3/2.9 MB | 0.1/2.4 MBProgress (4): 0.6/1.7 MB | 538 kB | 0.3/2.9 MB | 0.1/2.4 MBProgress (4): 0.6/1.7 MB | 538 kB | 0.3/2.9 MB | 0.1/2.4 MBProgress (4): 0.6/1.7 MB | 538 kB | 0.3/2.9 MB | 0.1/2.4 MBProgress (4): 0.6/1.7 MB | 538 kB | 0.3/2.9 MB | 0.1/2.4 MB                                                           Downloaded from central: https://repo.maven.apache.org/maven2/org/mockito/mockito-core/2.13.0/mockito-core-2.13.0.jar (538 kB at 371 kB/s)
Progress (3): 0.6/1.7 MB | 0.3/2.9 MB | 0.1/2.4 MBProgress (3): 0.6/1.7 MB | 0.3/2.9 MB | 0.1/2.4 MBProgress (3): 0.6/1.7 MB | 0.3/2.9 MB | 0.2/2.4 MBProgress (3): 0.6/1.7 MB | 0.3/2.9 MB | 0.2/2.4 MBProgress (3): 0.6/1.7 MB | 0.3/2.9 MB | 0.2/2.4 MBProgress (3): 0.6/1.7 MB | 0.3/2.9 MB | 0.2/2.4 MBProgress (3): 0.6/1.7 MB | 0.3/2.9 MB | 0.2/2.4 MBProgress (3): 0.6/1.7 MB | 0.3/2.9 MB | 0.2/2.4 MBProgress (3): 0.6/1.7 MB | 0.3/2.9 MB | 0.2/2.4 MBProgress (3): 0.6/1.7 MB | 0.3/2.9 MB | 0.2/2.4 MBProgress (3): 0.6/1.7 MB | 0.3/2.9 MB | 0.2/2.4 MBProgress (3): 0.6/1.7 MB | 0.3/2.9 MB | 0.2/2.4 MBProgress (3): 0.6/1.7 MB | 0.3/2.9 MB | 0.2/2.4 MBProgress (3): 0.6/1.7 MB | 0.3/2.9 MB | 0.2/2.4 MBProgress (3): 0.6/1.7 MB | 0.3/2.9 MB | 0.2/2.4 MBProgress (3): 0.6/1.7 MB | 0.3/2.9 MB | 0.2/2.4 MBProgress (3): 0.6/1.7 MB | 0.3/2.9 MB | 0.2/2.4 MBProgress (3): 0.6/1.7 MB | 0.3/2.9 MB | 0.2/2.4 MBProgress (3): 0.6/1.7 MB | 0.3/2.9 MB | 0.2/2.4 MBProgress (3): 0.7/1.7 MB | 0.3/2.9 MB | 0.2/2.4 MBProgress (3): 0.7/1.7 MB | 0.3/2.9 MB | 0.3/2.4 MBProgress (3): 0.7/1.7 MB | 0.3/2.9 MB | 0.3/2.4 MBProgress (3): 0.7/1.7 MB | 0.3/2.9 MB | 0.3/2.4 MBProgress (3): 0.7/1.7 MB | 0.3/2.9 MB | 0.3/2.4 MBProgress (3): 0.7/1.7 MB | 0.3/2.9 MB | 0.3/2.4 MBProgress (3): 0.7/1.7 MB | 0.3/2.9 MB | 0.3/2.4 MBProgress (3): 0.7/1.7 MB | 0.3/2.9 MB | 0.3/2.4 MBProgress (3): 0.7/1.7 MB | 0.4/2.9 MB | 0.3/2.4 MBProgress (3): 0.7/1.7 MB | 0.4/2.9 MB | 0.3/2.4 MBProgress (3): 0.7/1.7 MB | 0.4/2.9 MB | 0.3/2.4 MBProgress (3): 0.7/1.7 MB | 0.4/2.9 MB | 0.3/2.4 MBProgress (3): 0.7/1.7 MB | 0.4/2.9 MB | 0.3/2.4 MBProgress (3): 0.7/1.7 MB | 0.4/2.9 MB | 0.3/2.4 MBProgress (3): 0.7/1.7 MB | 0.4/2.9 MB | 0.3/2.4 MBProgress (3): 0.7/1.7 MB | 0.4/2.9 MB | 0.3/2.4 MBProgress (3): 0.7/1.7 MB | 0.4/2.9 MB | 0.3/2.4 MBProgress (3): 0.7/1.7 MB | 0.4/2.9 MB | 0.3/2.4 MBProgress (3): 0.7/1.7 MB | 0.4/2.9 MB | 0.3/2.4 MBProgress (3): 0.7/1.7 MB | 0.4/2.9 MB | 0.3/2.4 MBProgress (3): 0.8/1.7 MB | 0.4/2.9 MB | 0.3/2.4 MBProgress (3): 0.8/1.7 MB | 0.4/2.9 MB | 0.3/2.4 MBProgress (3): 0.8/1.7 MB | 0.4/2.9 MB | 0.3/2.4 MBProgress (3): 0.8/1.7 MB | 0.4/2.9 MB | 0.3/2.4 MBProgress (3): 0.8/1.7 MB | 0.4/2.9 MB | 0.3/2.4 MBProgress (3): 0.8/1.7 MB | 0.4/2.9 MB | 0.3/2.4 MBProgress (3): 0.8/1.7 MB | 0.4/2.9 MB | 0.3/2.4 MBProgress (3): 0.8/1.7 MB | 0.4/2.9 MB | 0.3/2.4 MBProgress (3): 0.8/1.7 MB | 0.4/2.9 MB | 0.3/2.4 MBProgress (3): 0.8/1.7 MB | 0.4/2.9 MB | 0.3/2.4 MBProgress (3): 0.8/1.7 MB | 0.5/2.9 MB | 0.3/2.4 MBProgress (3): 0.8/1.7 MB | 0.5/2.9 MB | 0.3/2.4 MBProgress (3): 0.8/1.7 MB | 0.5/2.9 MB | 0.3/2.4 MBProgress (3): 0.8/1.7 MB | 0.5/2.9 MB | 0.3/2.4 MBProgress (3): 0.8/1.7 MB | 0.5/2.9 MB | 0.3/2.4 MBProgress (3): 0.8/1.7 MB | 0.5/2.9 MB | 0.3/2.4 MBProgress (3): 0.8/1.7 MB | 0.5/2.9 MB | 0.3/2.4 MBProgress (3): 0.8/1.7 MB | 0.5/2.9 MB | 0.3/2.4 MBProgress (3): 0.8/1.7 MB | 0.5/2.9 MB | 0.3/2.4 MBProgress (3): 0.9/1.7 MB | 0.5/2.9 MB | 0.3/2.4 MBProgress (3): 0.9/1.7 MB | 0.5/2.9 MB | 0.3/2.4 MBProgress (3): 0.9/1.7 MB | 0.5/2.9 MB | 0.3/2.4 MBProgress (3): 0.9/1.7 MB | 0.5/2.9 MB | 0.3/2.4 MBProgress (3): 0.9/1.7 MB | 0.5/2.9 MB | 0.3/2.4 MBProgress (3): 0.9/1.7 MB | 0.5/2.9 MB | 0.3/2.4 MBProgress (3): 0.9/1.7 MB | 0.5/2.9 MB | 0.3/2.4 MBProgress (3): 0.9/1.7 MB | 0.5/2.9 MB | 0.3/2.4 MBProgress (3): 0.9/1.7 MB | 0.5/2.9 MB | 0.3/2.4 MBProgress (3): 0.9/1.7 MB | 0.5/2.9 MB | 0.3/2.4 MBProgress (3): 0.9/1.7 MB | 0.6/2.9 MB | 0.3/2.4 MBProgress (3): 0.9/1.7 MB | 0.6/2.9 MB | 0.3/2.4 MBProgress (3): 0.9/1.7 MB | 0.6/2.9 MB | 0.3/2.4 MBProgress (3): 0.9/1.7 MB | 0.6/2.9 MB | 0.3/2.4 MBProgress (3): 0.9/1.7 MB | 0.6/2.9 MB | 0.3/2.4 MBProgress (3): 0.9/1.7 MB | 0.6/2.9 MB | 0.3/2.4 MBProgress (3): 1.0/1.7 MB | 0.6/2.9 MB | 0.3/2.4 MBProgress (3): 1.0/1.7 MB | 0.6/2.9 MB | 0.3/2.4 MBProgress (3): 1.0/1.7 MB | 0.6/2.9 MB | 0.3/2.4 MBProgress (3): 1.0/1.7 MB | 0.6/2.9 MB | 0.3/2.4 MBProgress (3): 1.0/1.7 MB | 0.6/2.9 MB | 0.3/2.4 MBProgress (3): 1.0/1.7 MB | 0.6/2.9 MB | 0.3/2.4 MBProgress (3): 1.0/1.7 MB | 0.6/2.9 MB | 0.3/2.4 MBProgress (3): 1.0/1.7 MB | 0.6/2.9 MB | 0.3/2.4 MBProgress (3): 1.0/1.7 MB | 0.6/2.9 MB | 0.3/2.4 MBProgress (3): 1.0/1.7 MB | 0.6/2.9 MB | 0.3/2.4 MBProgress (3): 1.0/1.7 MB | 0.6/2.9 MB | 0.3/2.4 MBProgress (3): 1.0/1.7 MB | 0.6/2.9 MB | 0.3/2.4 MBProgress (3): 1.0/1.7 MB | 0.6/2.9 MB | 0.3/2.4 MBProgress (3): 1.0/1.7 MB | 0.6/2.9 MB | 0.3/2.4 MBProgress (3): 1.0/1.7 MB | 0.6/2.9 MB | 0.3/2.4 MBProgress (3): 1.0/1.7 MB | 0.6/2.9 MB | 0.3/2.4 MBProgress (3): 1.0/1.7 MB | 0.6/2.9 MB | 0.3/2.4 MBProgress (3): 1.0/1.7 MB | 0.6/2.9 MB | 0.3/2.4 MBProgress (3): 1.1/1.7 MB | 0.6/2.9 MB | 0.3/2.4 MBProgress (3): 1.1/1.7 MB | 0.6/2.9 MB | 0.3/2.4 MBProgress (3): 1.1/1.7 MB | 0.6/2.9 MB | 0.3/2.4 MBProgress (3): 1.1/1.7 MB | 0.6/2.9 MB | 0.3/2.4 MBProgress (3): 1.1/1.7 MB | 0.6/2.9 MB | 0.3/2.4 MBProgress (3): 1.1/1.7 MB | 0.6/2.9 MB | 0.4/2.4 MBProgress (3): 1.1/1.7 MB | 0.6/2.9 MB | 0.4/2.4 MBProgress (3): 1.1/1.7 MB | 0.6/2.9 MB | 0.4/2.4 MBProgress (3): 1.1/1.7 MB | 0.6/2.9 MB | 0.4/2.4 MBProgress (3): 1.1/1.7 MB | 0.6/2.9 MB | 0.4/2.4 MBProgress (3): 1.1/1.7 MB | 0.6/2.9 MB | 0.4/2.4 MBProgress (3): 1.1/1.7 MB | 0.6/2.9 MB | 0.4/2.4 MBProgress (3): 1.1/1.7 MB | 0.6/2.9 MB | 0.4/2.4 MBProgress (3): 1.2/1.7 MB | 0.6/2.9 MB | 0.4/2.4 MBProgress (3): 1.2/1.7 MB | 0.6/2.9 MB | 0.4/2.4 MBProgress (3): 1.2/1.7 MB | 0.6/2.9 MB | 0.4/2.4 MBProgress (3): 1.2/1.7 MB | 0.6/2.9 MB | 0.4/2.4 MBProgress (3): 1.2/1.7 MB | 0.6/2.9 MB | 0.4/2.4 MBProgress (3): 1.2/1.7 MB | 0.6/2.9 MB | 0.4/2.4 MBProgress (3): 1.2/1.7 MB | 0.6/2.9 MB | 0.4/2.4 MBProgress (3): 1.2/1.7 MB | 0.6/2.9 MB | 0.4/2.4 MBProgress (3): 1.2/1.7 MB | 0.6/2.9 MB | 0.4/2.4 MBProgress (3): 1.2/1.7 MB | 0.6/2.9 MB | 0.4/2.4 MBProgress (3): 1.2/1.7 MB | 0.6/2.9 MB | 0.4/2.4 MBProgress (3): 1.2/1.7 MB | 0.6/2.9 MB | 0.4/2.4 MBProgress (3): 1.2/1.7 MB | 0.6/2.9 MB | 0.5/2.4 MBProgress (3): 1.2/1.7 MB | 0.6/2.9 MB | 0.5/2.4 MBProgress (3): 1.2/1.7 MB | 0.6/2.9 MB | 0.5/2.4 MBProgress (3): 1.2/1.7 MB | 0.6/2.9 MB | 0.5/2.4 MBProgress (3): 1.2/1.7 MB | 0.6/2.9 MB | 0.5/2.4 MBProgress (3): 1.2/1.7 MB | 0.6/2.9 MB | 0.5/2.4 MBProgress (3): 1.2/1.7 MB | 0.7/2.9 MB | 0.5/2.4 MBProgress (3): 1.2/1.7 MB | 0.7/2.9 MB | 0.5/2.4 MBProgress (3): 1.2/1.7 MB | 0.7/2.9 MB | 0.5/2.4 MBProgress (3): 1.2/1.7 MB | 0.7/2.9 MB | 0.5/2.4 MBProgress (3): 1.2/1.7 MB | 0.7/2.9 MB | 0.5/2.4 MBProgress (3): 1.3/1.7 MB | 0.7/2.9 MB | 0.5/2.4 MBProgress (3): 1.3/1.7 MB | 0.7/2.9 MB | 0.5/2.4 MBProgress (3): 1.3/1.7 MB | 0.7/2.9 MB | 0.5/2.4 MBProgress (3): 1.3/1.7 MB | 0.7/2.9 MB | 0.5/2.4 MBProgress (3): 1.3/1.7 MB | 0.7/2.9 MB | 0.5/2.4 MBProgress (3): 1.3/1.7 MB | 0.7/2.9 MB | 0.5/2.4 MBProgress (3): 1.3/1.7 MB | 0.7/2.9 MB | 0.6/2.4 MBProgress (3): 1.3/1.7 MB | 0.7/2.9 MB | 0.6/2.4 MBProgress (3): 1.3/1.7 MB | 0.7/2.9 MB | 0.6/2.4 MBProgress (3): 1.3/1.7 MB | 0.7/2.9 MB | 0.6/2.4 MBProgress (3): 1.3/1.7 MB | 0.7/2.9 MB | 0.6/2.4 MBProgress (3): 1.3/1.7 MB | 0.7/2.9 MB | 0.6/2.4 MBProgress (3): 1.3/1.7 MB | 0.7/2.9 MB | 0.6/2.4 MBProgress (3): 1.3/1.7 MB | 0.7/2.9 MB | 0.6/2.4 MBProgress (3): 1.3/1.7 MB | 0.7/2.9 MB | 0.6/2.4 MBProgress (3): 1.3/1.7 MB | 0.7/2.9 MB | 0.6/2.4 MBProgress (3): 1.3/1.7 MB | 0.7/2.9 MB | 0.6/2.4 MBProgress (3): 1.3/1.7 MB | 0.7/2.9 MB | 0.6/2.4 MBProgress (3): 1.4/1.7 MB | 0.7/2.9 MB | 0.6/2.4 MBProgress (3): 1.4/1.7 MB | 0.7/2.9 MB | 0.6/2.4 MBProgress (3): 1.4/1.7 MB | 0.7/2.9 MB | 0.6/2.4 MBProgress (3): 1.4/1.7 MB | 0.7/2.9 MB | 0.6/2.4 MBProgress (3): 1.4/1.7 MB | 0.7/2.9 MB | 0.6/2.4 MBProgress (3): 1.4/1.7 MB | 0.8/2.9 MB | 0.6/2.4 MBProgress (3): 1.4/1.7 MB | 0.8/2.9 MB | 0.6/2.4 MBProgress (3): 1.4/1.7 MB | 0.8/2.9 MB | 0.6/2.4 MBProgress (3): 1.4/1.7 MB | 0.8/2.9 MB | 0.6/2.4 MBProgress (3): 1.4/1.7 MB | 0.8/2.9 MB | 0.6/2.4 MBProgress (3): 1.4/1.7 MB | 0.8/2.9 MB | 0.6/2.4 MBProgress (3): 1.4/1.7 MB | 0.8/2.9 MB | 0.6/2.4 MBProgress (3): 1.4/1.7 MB | 0.8/2.9 MB | 0.6/2.4 MBProgress (3): 1.4/1.7 MB | 0.8/2.9 MB | 0.6/2.4 MBProgress (3): 1.4/1.7 MB | 0.8/2.9 MB | 0.6/2.4 MBProgress (3): 1.4/1.7 MB | 0.8/2.9 MB | 0.6/2.4 MBProgress (3): 1.4/1.7 MB | 0.8/2.9 MB | 0.6/2.4 MBProgress (3): 1.4/1.7 MB | 0.8/2.9 MB | 0.6/2.4 MBProgress (3): 1.4/1.7 MB | 0.8/2.9 MB | 0.6/2.4 MBProgress (3): 1.4/1.7 MB | 0.8/2.9 MB | 0.6/2.4 MBProgress (3): 1.5/1.7 MB | 0.8/2.9 MB | 0.6/2.4 MBProgress (3): 1.5/1.7 MB | 0.8/2.9 MB | 0.6/2.4 MBProgress (3): 1.5/1.7 MB | 0.8/2.9 MB | 0.6/2.4 MBProgress (3): 1.5/1.7 MB | 0.8/2.9 MB | 0.6/2.4 MBProgress (3): 1.5/1.7 MB | 0.8/2.9 MB | 0.6/2.4 MBProgress (3): 1.5/1.7 MB | 0.8/2.9 MB | 0.6/2.4 MBProgress (3): 1.5/1.7 MB | 0.8/2.9 MB | 0.6/2.4 MBProgress (3): 1.5/1.7 MB | 0.8/2.9 MB | 0.6/2.4 MBProgress (3): 1.5/1.7 MB | 0.8/2.9 MB | 0.6/2.4 MBProgress (3): 1.5/1.7 MB | 0.8/2.9 MB | 0.6/2.4 MBProgress (3): 1.5/1.7 MB | 0.8/2.9 MB | 0.6/2.4 MBProgress (3): 1.5/1.7 MB | 0.9/2.9 MB | 0.6/2.4 MBProgress (3): 1.5/1.7 MB | 0.9/2.9 MB | 0.6/2.4 MBProgress (3): 1.5/1.7 MB | 0.9/2.9 MB | 0.6/2.4 MBProgress (3): 1.5/1.7 MB | 0.9/2.9 MB | 0.6/2.4 MBProgress (3): 1.6/1.7 MB | 0.9/2.9 MB | 0.6/2.4 MBProgress (3): 1.6/1.7 MB | 0.9/2.9 MB | 0.7/2.4 MBProgress (3): 1.6/1.7 MB | 0.9/2.9 MB | 0.7/2.4 MBProgress (3): 1.6/1.7 MB | 0.9/2.9 MB | 0.7/2.4 MBProgress (3): 1.6/1.7 MB | 0.9/2.9 MB | 0.7/2.4 MBProgress (3): 1.6/1.7 MB | 0.9/2.9 MB | 0.7/2.4 MBProgress (3): 1.6/1.7 MB | 0.9/2.9 MB | 0.7/2.4 MBProgress (3): 1.6/1.7 MB | 0.9/2.9 MB | 0.7/2.4 MBProgress (3): 1.6/1.7 MB | 0.9/2.9 MB | 0.7/2.4 MBProgress (3): 1.6/1.7 MB | 0.9/2.9 MB | 0.7/2.4 MBProgress (3): 1.6/1.7 MB | 0.9/2.9 MB | 0.7/2.4 MBProgress (3): 1.6/1.7 MB | 0.9/2.9 MB | 0.7/2.4 MBProgress (3): 1.6/1.7 MB | 0.9/2.9 MB | 0.7/2.4 MBProgress (3): 1.6/1.7 MB | 0.9/2.9 MB | 0.7/2.4 MBProgress (3): 1.6/1.7 MB | 0.9/2.9 MB | 0.7/2.4 MBProgress (3): 1.6/1.7 MB | 0.9/2.9 MB | 0.7/2.4 MBProgress (3): 1.6/1.7 MB | 0.9/2.9 MB | 0.7/2.4 MBProgress (3): 1.6/1.7 MB | 0.9/2.9 MB | 0.7/2.4 MBProgress (3): 1.7/1.7 MB | 0.9/2.9 MB | 0.7/2.4 MBProgress (3): 1.7/1.7 MB | 0.9/2.9 MB | 0.7/2.4 MBProgress (3): 1.7/1.7 MB | 0.9/2.9 MB | 0.7/2.4 MBProgress (3): 1.7/1.7 MB | 0.9/2.9 MB | 0.7/2.4 MBProgress (3): 1.7/1.7 MB | 0.9/2.9 MB | 0.7/2.4 MBProgress (3): 1.7/1.7 MB | 0.9/2.9 MB | 0.7/2.4 MBProgress (3): 1.7/1.7 MB | 0.9/2.9 MB | 0.7/2.4 MBProgress (3): 1.7/1.7 MB | 0.9/2.9 MB | 0.7/2.4 MBProgress (3): 1.7/1.7 MB | 0.9/2.9 MB | 0.7/2.4 MBProgress (3): 1.7 MB | 0.9/2.9 MB | 0.7/2.4 MB    Progress (3): 1.7 MB | 0.9/2.9 MB | 0.7/2.4 MBProgress (3): 1.7 MB | 0.9/2.9 MB | 0.7/2.4 MBProgress (3): 1.7 MB | 0.9/2.9 MB | 0.7/2.4 MBProgress (3): 1.7 MB | 1.0/2.9 MB | 0.7/2.4 MBProgress (3): 1.7 MB | 1.0/2.9 MB | 0.7/2.4 MBProgress (3): 1.7 MB | 1.0/2.9 MB | 0.8/2.4 MBProgress (3): 1.7 MB | 1.0/2.9 MB | 0.8/2.4 MBProgress (3): 1.7 MB | 1.0/2.9 MB | 0.8/2.4 MBProgress (3): 1.7 MB | 1.0/2.9 MB | 0.8/2.4 MBProgress (3): 1.7 MB | 1.0/2.9 MB | 0.8/2.4 MBProgress (3): 1.7 MB | 1.0/2.9 MB | 0.8/2.4 MBProgress (3): 1.7 MB | 1.0/2.9 MB | 0.8/2.4 MBProgress (3): 1.7 MB | 1.0/2.9 MB | 0.8/2.4 MBProgress (3): 1.7 MB | 1.0/2.9 MB | 0.8/2.4 MBProgress (3): 1.7 MB | 1.0/2.9 MB | 0.8/2.4 MBProgress (3): 1.7 MB | 1.0/2.9 MB | 0.8/2.4 MBProgress (3): 1.7 MB | 1.1/2.9 MB | 0.8/2.4 MBProgress (3): 1.7 MB | 1.1/2.9 MB | 0.8/2.4 MBProgress (3): 1.7 MB | 1.1/2.9 MB | 0.8/2.4 MBProgress (3): 1.7 MB | 1.1/2.9 MB | 0.8/2.4 MBProgress (3): 1.7 MB | 1.1/2.9 MB | 0.9/2.4 MBProgress (3): 1.7 MB | 1.1/2.9 MB | 0.9/2.4 MBProgress (3): 1.7 MB | 1.1/2.9 MB | 0.9/2.4 MBProgress (3): 1.7 MB | 1.1/2.9 MB | 0.9/2.4 MBProgress (3): 1.7 MB | 1.1/2.9 MB | 0.9/2.4 MBProgress (3): 1.7 MB | 1.1/2.9 MB | 0.9/2.4 MBProgress (3): 1.7 MB | 1.1/2.9 MB | 1.0/2.4 MBProgress (3): 1.7 MB | 1.1/2.9 MB | 1.0/2.4 MBProgress (3): 1.7 MB | 1.1/2.9 MB | 1.0/2.4 MBProgress (3): 1.7 MB | 1.1/2.9 MB | 1.0/2.4 MBProgress (3): 1.7 MB | 1.1/2.9 MB | 1.0/2.4 MBProgress (3): 1.7 MB | 1.1/2.9 MB | 1.0/2.4 MBProgress (3): 1.7 MB | 1.1/2.9 MB | 1.1/2.4 MBProgress (3): 1.7 MB | 1.1/2.9 MB | 1.1/2.4 MBProgress (3): 1.7 MB | 1.1/2.9 MB | 1.1/2.4 MBProgress (3): 1.7 MB | 1.1/2.9 MB | 1.1/2.4 MBProgress (3): 1.7 MB | 1.1/2.9 MB | 1.1/2.4 MBProgress (3): 1.7 MB | 1.1/2.9 MB | 1.1/2.4 MBProgress (3): 1.7 MB | 1.1/2.9 MB | 1.2/2.4 MBProgress (3): 1.7 MB | 1.1/2.9 MB | 1.2/2.4 MBProgress (3): 1.7 MB | 1.1/2.9 MB | 1.2/2.4 MBProgress (3): 1.7 MB | 1.1/2.9 MB | 1.2/2.4 MBProgress (3): 1.7 MB | 1.1/2.9 MB | 1.2/2.4 MBProgress (3): 1.7 MB | 1.1/2.9 MB | 1.2/2.4 MBProgress (3): 1.7 MB | 1.1/2.9 MB | 1.2/2.4 MBProgress (3): 1.7 MB | 1.1/2.9 MB | 1.2/2.4 MBProgress (3): 1.7 MB | 1.1/2.9 MB | 1.2/2.4 MBProgress (3): 1.7 MB | 1.2/2.9 MB | 1.2/2.4 MBProgress (3): 1.7 MB | 1.2/2.9 MB | 1.2/2.4 MBProgress (3): 1.7 MB | 1.2/2.9 MB | 1.2/2.4 MBProgress (3): 1.7 MB | 1.2/2.9 MB | 1.3/2.4 MBProgress (3): 1.7 MB | 1.2/2.9 MB | 1.3/2.4 MBProgress (3): 1.7 MB | 1.2/2.9 MB | 1.3/2.4 MBProgress (3): 1.7 MB | 1.2/2.9 MB | 1.3/2.4 MBProgress (3): 1.7 MB | 1.2/2.9 MB | 1.3/2.4 MBProgress (3): 1.7 MB | 1.2/2.9 MB | 1.3/2.4 MBProgress (3): 1.7 MB | 1.2/2.9 MB | 1.3/2.4 MBProgress (3): 1.7 MB | 1.2/2.9 MB | 1.3/2.4 MBProgress (3): 1.7 MB | 1.3/2.9 MB | 1.3/2.4 MBProgress (3): 1.7 MB | 1.3/2.9 MB | 1.3/2.4 MBProgress (3): 1.7 MB | 1.3/2.9 MB | 1.3/2.4 MBProgress (3): 1.7 MB | 1.3/2.9 MB | 1.3/2.4 MBProgress (3): 1.7 MB | 1.3/2.9 MB | 1.3/2.4 MBProgress (3): 1.7 MB | 1.3/2.9 MB | 1.3/2.4 MBProgress (3): 1.7 MB | 1.3/2.9 MB | 1.3/2.4 MBProgress (3): 1.7 MB | 1.3/2.9 MB | 1.3/2.4 MBProgress (3): 1.7 MB | 1.3/2.9 MB | 1.4/2.4 MBProgress (3): 1.7 MB | 1.4/2.9 MB | 1.4/2.4 MBProgress (3): 1.7 MB | 1.4/2.9 MB | 1.4/2.4 MBProgress (3): 1.7 MB | 1.4/2.9 MB | 1.4/2.4 MBProgress (3): 1.7 MB | 1.4/2.9 MB | 1.4/2.4 MBProgress (3): 1.7 MB | 1.4/2.9 MB | 1.4/2.4 MBProgress (3): 1.7 MB | 1.4/2.9 MB | 1.4/2.4 MBProgress (3): 1.7 MB | 1.4/2.9 MB | 1.4/2.4 MBProgress (3): 1.7 MB | 1.4/2.9 MB | 1.4/2.4 MBProgress (3): 1.7 MB | 1.4/2.9 MB | 1.4/2.4 MBProgress (3): 1.7 MB | 1.5/2.9 MB | 1.4/2.4 MBProgress (3): 1.7 MB | 1.5/2.9 MB | 1.4/2.4 MBProgress (3): 1.7 MB | 1.5/2.9 MB | 1.4/2.4 MBProgress (3): 1.7 MB | 1.5/2.9 MB | 1.4/2.4 MBProgress (3): 1.7 MB | 1.5/2.9 MB | 1.4/2.4 MBProgress (3): 1.7 MB | 1.5/2.9 MB | 1.4/2.4 MBProgress (3): 1.7 MB | 1.5/2.9 MB | 1.4/2.4 MBProgress (3): 1.7 MB | 1.5/2.9 MB | 1.4/2.4 MBProgress (3): 1.7 MB | 1.5/2.9 MB | 1.4/2.4 MBProgress (3): 1.7 MB | 1.6/2.9 MB | 1.4/2.4 MBProgress (3): 1.7 MB | 1.6/2.9 MB | 1.4/2.4 MBProgress (3): 1.7 MB | 1.6/2.9 MB | 1.5/2.4 MBProgress (3): 1.7 MB | 1.6/2.9 MB | 1.5/2.4 MBProgress (3): 1.7 MB | 1.6/2.9 MB | 1.5/2.4 MBProgress (3): 1.7 MB | 1.6/2.9 MB | 1.5/2.4 MBProgress (3): 1.7 MB | 1.6/2.9 MB | 1.5/2.4 MBProgress (3): 1.7 MB | 1.6/2.9 MB | 1.5/2.4 MBProgress (3): 1.7 MB | 1.6/2.9 MB | 1.5/2.4 MBProgress (3): 1.7 MB | 1.7/2.9 MB | 1.5/2.4 MBProgress (3): 1.7 MB | 1.7/2.9 MB | 1.5/2.4 MBProgress (3): 1.7 MB | 1.7/2.9 MB | 1.5/2.4 MBProgress (3): 1.7 MB | 1.7/2.9 MB | 1.5/2.4 MBProgress (3): 1.7 MB | 1.7/2.9 MB | 1.5/2.4 MBProgress (3): 1.7 MB | 1.7/2.9 MB | 1.5/2.4 MBProgress (3): 1.7 MB | 1.7/2.9 MB | 1.5/2.4 MBProgress (3): 1.7 MB | 1.7/2.9 MB | 1.5/2.4 MBProgress (3): 1.7 MB | 1.8/2.9 MB | 1.5/2.4 MBProgress (3): 1.7 MB | 1.8/2.9 MB | 1.5/2.4 MBProgress (3): 1.7 MB | 1.8/2.9 MB | 1.5/2.4 MBProgress (3): 1.7 MB | 1.8/2.9 MB | 1.5/2.4 MBProgress (3): 1.7 MB | 1.8/2.9 MB | 1.6/2.4 MBProgress (3): 1.7 MB | 1.8/2.9 MB | 1.6/2.4 MBProgress (3): 1.7 MB | 1.8/2.9 MB | 1.6/2.4 MBProgress (3): 1.7 MB | 1.8/2.9 MB | 1.6/2.4 MBProgress (3): 1.7 MB | 1.8/2.9 MB | 1.6/2.4 MB                                              Downloaded from central: https://repo.maven.apache.org/maven2/com/google/auto/value/auto-value/1.5.3/auto-value-1.5.3.jar (1.7 MB at 956 kB/s)
Progress (2): 1.9/2.9 MB | 1.6/2.4 MBProgress (2): 1.9/2.9 MB | 1.6/2.4 MBProgress (2): 1.9/2.9 MB | 1.6/2.4 MBProgress (2): 1.9/2.9 MB | 1.6/2.4 MBProgress (2): 1.9/2.9 MB | 1.6/2.4 MBProgress (2): 1.9/2.9 MB | 1.6/2.4 MBProgress (2): 1.9/2.9 MB | 1.6/2.4 MBProgress (2): 1.9/2.9 MB | 1.6/2.4 MBProgress (2): 1.9/2.9 MB | 1.6/2.4 MBProgress (2): 2.0/2.9 MB | 1.6/2.4 MBProgress (2): 2.0/2.9 MB | 1.6/2.4 MBProgress (2): 2.0/2.9 MB | 1.6/2.4 MBProgress (2): 2.0/2.9 MB | 1.6/2.4 MBProgress (2): 2.0/2.9 MB | 1.6/2.4 MBProgress (2): 2.0/2.9 MB | 1.7/2.4 MBProgress (2): 2.0/2.9 MB | 1.7/2.4 MBProgress (2): 2.0/2.9 MB | 1.7/2.4 MBProgress (2): 2.0/2.9 MB | 1.7/2.4 MBProgress (2): 2.1/2.9 MB | 1.7/2.4 MBProgress (2): 2.1/2.9 MB | 1.7/2.4 MBProgress (2): 2.1/2.9 MB | 1.7/2.4 MBProgress (2): 2.1/2.9 MB | 1.7/2.4 MBProgress (2): 2.1/2.9 MB | 1.7/2.4 MBProgress (2): 2.1/2.9 MB | 1.7/2.4 MBProgress (2): 2.1/2.9 MB | 1.7/2.4 MBProgress (2): 2.1/2.9 MB | 1.7/2.4 MBProgress (2): 2.1/2.9 MB | 1.7/2.4 MBProgress (2): 2.1/2.9 MB | 1.7/2.4 MBProgress (2): 2.2/2.9 MB | 1.7/2.4 MBProgress (2): 2.2/2.9 MB | 1.7/2.4 MBProgress (2): 2.2/2.9 MB | 1.8/2.4 MBProgress (2): 2.2/2.9 MB | 1.8/2.4 MBProgress (2): 2.2/2.9 MB | 1.8/2.4 MBProgress (2): 2.2/2.9 MB | 1.8/2.4 MBProgress (2): 2.2/2.9 MB | 1.8/2.4 MBProgress (2): 2.2/2.9 MB | 1.8/2.4 MBProgress (2): 2.2/2.9 MB | 1.8/2.4 MBProgress (2): 2.3/2.9 MB | 1.8/2.4 MBProgress (2): 2.3/2.9 MB | 1.8/2.4 MBProgress (2): 2.3/2.9 MB | 1.8/2.4 MBProgress (2): 2.3/2.9 MB | 1.8/2.4 MBProgress (2): 2.3/2.9 MB | 1.8/2.4 MBProgress (2): 2.3/2.9 MB | 1.8/2.4 MBProgress (2): 2.3/2.9 MB | 1.8/2.4 MBProgress (2): 2.3/2.9 MB | 1.9/2.4 MBProgress (2): 2.3/2.9 MB | 1.9/2.4 MBProgress (2): 2.3/2.9 MB | 1.9/2.4 MBProgress (2): 2.3/2.9 MB | 1.9/2.4 MBProgress (2): 2.3/2.9 MB | 1.9/2.4 MBProgress (2): 2.3/2.9 MB | 1.9/2.4 MBProgress (2): 2.3/2.9 MB | 2.0/2.4 MBProgress (2): 2.3/2.9 MB | 2.0/2.4 MBProgress (2): 2.3/2.9 MB | 2.0/2.4 MBProgress (2): 2.3/2.9 MB | 2.0/2.4 MBProgress (2): 2.3/2.9 MB | 2.0/2.4 MBProgress (2): 2.3/2.9 MB | 2.0/2.4 MBProgress (2): 2.3/2.9 MB | 2.1/2.4 MBProgress (2): 2.3/2.9 MB | 2.1/2.4 MBProgress (2): 2.3/2.9 MB | 2.1/2.4 MBProgress (2): 2.3/2.9 MB | 2.1/2.4 MBProgress (2): 2.3/2.9 MB | 2.1/2.4 MBProgress (2): 2.3/2.9 MB | 2.1/2.4 MBProgress (2): 2.3/2.9 MB | 2.1/2.4 MBProgress (2): 2.3/2.9 MB | 2.2/2.4 MBProgress (2): 2.3/2.9 MB | 2.2/2.4 MBProgress (2): 2.3/2.9 MB | 2.2/2.4 MBProgress (2): 2.3/2.9 MB | 2.2/2.4 MBProgress (2): 2.3/2.9 MB | 2.2/2.4 MBProgress (2): 2.3/2.9 MB | 2.2/2.4 MBProgress (2): 2.3/2.9 MB | 2.3/2.4 MBProgress (2): 2.3/2.9 MB | 2.3/2.4 MBProgress (2): 2.3/2.9 MB | 2.3/2.4 MBProgress (2): 2.3/2.9 MB | 2.3/2.4 MBProgress (2): 2.3/2.9 MB | 2.3/2.4 MBProgress (2): 2.3/2.9 MB | 2.3/2.4 MBProgress (2): 2.3/2.9 MB | 2.4/2.4 MBProgress (2): 2.3/2.9 MB | 2.4/2.4 MBProgress (2): 2.3/2.9 MB | 2.4/2.4 MBProgress (2): 2.3/2.9 MB | 2.4/2.4 MBProgress (2): 2.3/2.9 MB | 2.4/2.4 MBProgress (2): 2.3/2.9 MB | 2.4/2.4 MBProgress (2): 2.3/2.9 MB | 2.4/2.4 MBProgress (2): 2.3/2.9 MB | 2.4 MB    Progress (2): 2.4/2.9 MB | 2.4 MBProgress (2): 2.4/2.9 MB | 2.4 MBProgress (2): 2.4/2.9 MB | 2.4 MBProgress (2): 2.4/2.9 MB | 2.4 MBProgress (2): 2.4/2.9 MB | 2.4 MBProgress (2): 2.4/2.9 MB | 2.4 MBProgress (2): 2.5/2.9 MB | 2.4 MBProgress (2): 2.5/2.9 MB | 2.4 MBProgress (2): 2.5/2.9 MB | 2.4 MBProgress (2): 2.5/2.9 MB | 2.4 MBProgress (2): 2.5/2.9 MB | 2.4 MBProgress (2): 2.5/2.9 MB | 2.4 MBProgress (2): 2.5/2.9 MB | 2.4 MBProgress (2): 2.6/2.9 MB | 2.4 MBProgress (2): 2.6/2.9 MB | 2.4 MBProgress (2): 2.6/2.9 MB | 2.4 MBProgress (2): 2.6/2.9 MB | 2.4 MBProgress (2): 2.6/2.9 MB | 2.4 MBProgress (2): 2.6/2.9 MB | 2.4 MBProgress (2): 2.7/2.9 MB | 2.4 MBProgress (2): 2.7/2.9 MB | 2.4 MBProgress (2): 2.7/2.9 MB | 2.4 MBProgress (2): 2.7/2.9 MB | 2.4 MBProgress (2): 2.7/2.9 MB | 2.4 MBProgress (2): 2.7/2.9 MB | 2.4 MBProgress (2): 2.8/2.9 MB | 2.4 MBProgress (2): 2.8/2.9 MB | 2.4 MBProgress (2): 2.8/2.9 MB | 2.4 MBProgress (2): 2.8/2.9 MB | 2.4 MBProgress (2): 2.8/2.9 MB | 2.4 MBProgress (2): 2.8/2.9 MB | 2.4 MBProgress (2): 2.9/2.9 MB | 2.4 MBProgress (2): 2.9/2.9 MB | 2.4 MBProgress (2): 2.9/2.9 MB | 2.4 MBProgress (2): 2.9/2.9 MB | 2.4 MBProgress (2): 2.9 MB | 2.4 MB                                 Downloaded from central: https://repo.maven.apache.org/maven2/org/eclipse/jdt/core/compiler/ecj/4.6.1/ecj-4.6.1.jar (2.4 MB at 1.2 MB/s)
Downloaded from central: https://repo.maven.apache.org/maven2/net/bytebuddy/byte-buddy/1.7.9/byte-buddy-1.7.9.jar (2.9 MB at 1.4 MB/s)
[INFO] 
[INFO] --- maven-clean-plugin:2.5:clean (default-clean) @ javapoet ---
[INFO] 
[INFO] --- maven-enforcer-plugin:1.0:enforce (enforce-maven) @ javapoet ---
[INFO] 
[INFO] --- maven-resources-plugin:2.6:resources (default-resources) @ javapoet ---
[INFO] Using 'UTF-8' encoding to copy filtered resources.
[INFO] skip non existing resourceDirectory /Users/seyoung/data/repo/src/main/resources
[INFO] 
[INFO] --- maven-compiler-plugin:3.8.0:compile (default-compile) @ javapoet ---
Downloading from central: https://repo.maven.apache.org/maven2/org/codehaus/plexus/plexus-compiler-javac-errorprone/2.8.2/plexus-compiler-javac-errorprone-2.8.2.pom
Progress (1): 1.6 kB                    Downloaded from central: https://repo.maven.apache.org/maven2/org/codehaus/plexus/plexus-compiler-javac-errorprone/2.8.2/plexus-compiler-javac-errorprone-2.8.2.pom (1.6 kB at 5.9 kB/s)
Downloading from central: https://repo.maven.apache.org/maven2/com/google/errorprone/error_prone_core/2.0.13/error_prone_core-2.0.13.pom
Progress (1): 4.1/11 kBProgress (1): 8.2/11 kBProgress (1): 11 kB                       Downloaded from central: https://repo.maven.apache.org/maven2/com/google/errorprone/error_prone_core/2.0.13/error_prone_core-2.0.13.pom (11 kB at 38 kB/s)
Downloading from central: https://repo.maven.apache.org/maven2/com/google/errorprone/error_prone_parent/2.0.13/error_prone_parent-2.0.13.pom
Progress (1): 4.1/5.0 kBProgress (1): 5.0 kB                        Downloaded from central: https://repo.maven.apache.org/maven2/com/google/errorprone/error_prone_parent/2.0.13/error_prone_parent-2.0.13.pom (5.0 kB at 18 kB/s)
Downloading from central: https://repo.maven.apache.org/maven2/com/google/errorprone/error_prone_annotation/2.0.13/error_prone_annotation-2.0.13.pom
Progress (1): 1.5 kB                    Downloaded from central: https://repo.maven.apache.org/maven2/com/google/errorprone/error_prone_annotation/2.0.13/error_prone_annotation-2.0.13.pom (1.5 kB at 4.1 kB/s)
Downloading from central: https://repo.maven.apache.org/maven2/com/google/guava/guava/19.0/guava-19.0.pom
Progress (1): 4.1/6.8 kBProgress (1): 6.8 kB                        Downloaded from central: https://repo.maven.apache.org/maven2/com/google/guava/guava/19.0/guava-19.0.pom (6.8 kB at 24 kB/s)
Downloading from central: https://repo.maven.apache.org/maven2/com/google/guava/guava-parent/19.0/guava-parent-19.0.pom
Progress (1): 4.1/9.9 kBProgress (1): 8.2/9.9 kBProgress (1): 9.9 kB                        Downloaded from central: https://repo.maven.apache.org/maven2/com/google/guava/guava-parent/19.0/guava-parent-19.0.pom (9.9 kB at 34 kB/s)
Downloading from central: https://repo.maven.apache.org/maven2/org/pcollections/pcollections/2.1.2/pcollections-2.1.2.pom
Progress (1): 2.1 kB                    Downloaded from central: https://repo.maven.apache.org/maven2/org/pcollections/pcollections/2.1.2/pcollections-2.1.2.pom (2.1 kB at 7.4 kB/s)
Downloading from central: https://repo.maven.apache.org/maven2/com/google/code/findbugs/jFormatString/3.0.0/jFormatString-3.0.0.pom
Progress (1): 3.8 kB                    Downloaded from central: https://repo.maven.apache.org/maven2/com/google/code/findbugs/jFormatString/3.0.0/jFormatString-3.0.0.pom (3.8 kB at 12 kB/s)
Downloading from central: https://repo.maven.apache.org/maven2/com/google/code/findbugs/jsr305/3.0.0/jsr305-3.0.0.pom
Progress (1): 3.9 kB                    Downloaded from central: https://repo.maven.apache.org/maven2/com/google/code/findbugs/jsr305/3.0.0/jsr305-3.0.0.pom (3.9 kB at 13 kB/s)
Downloading from central: https://repo.maven.apache.org/maven2/org/checkerframework/dataflow/1.8.10/dataflow-1.8.10.pom
Progress (1): 4.1/4.3 kBProgress (1): 4.3 kB                        Downloaded from central: https://repo.maven.apache.org/maven2/org/checkerframework/dataflow/1.8.10/dataflow-1.8.10.pom (4.3 kB at 15 kB/s)
Downloading from central: https://repo.maven.apache.org/maven2/org/checkerframework/javacutil/1.8.10/javacutil-1.8.10.pom
Progress (1): 4.0 kB                    Downloaded from central: https://repo.maven.apache.org/maven2/org/checkerframework/javacutil/1.8.10/javacutil-1.8.10.pom (4.0 kB at 14 kB/s)
Downloading from central: https://repo.maven.apache.org/maven2/com/google/errorprone/javac/1.9.0-dev-r2973-2/javac-1.9.0-dev-r2973-2.pom
Progress (1): 1.2 kB                    Downloaded from central: https://repo.maven.apache.org/maven2/com/google/errorprone/javac/1.9.0-dev-r2973-2/javac-1.9.0-dev-r2973-2.pom (1.2 kB at 4.2 kB/s)
Downloading from central: https://repo.maven.apache.org/maven2/com/google/errorprone/error_prone_annotations/2.0.13/error_prone_annotations-2.0.13.pom
Progress (1): 1.3 kB                    Downloaded from central: https://repo.maven.apache.org/maven2/com/google/errorprone/error_prone_annotations/2.0.13/error_prone_annotations-2.0.13.pom (1.3 kB at 4.6 kB/s)
Downloading from central: https://repo.maven.apache.org/maven2/com/google/errorprone/error_prone_core/2.3.1/error_prone_core-2.3.1.pom
Progress (1): 4.1/13 kBProgress (1): 8.2/13 kBProgress (1): 12/13 kB Progress (1): 13 kB                      Downloaded from central: https://repo.maven.apache.org/maven2/com/google/errorprone/error_prone_core/2.3.1/error_prone_core-2.3.1.pom (13 kB at 44 kB/s)
Downloading from central: https://repo.maven.apache.org/maven2/com/google/errorprone/error_prone_parent/2.3.1/error_prone_parent-2.3.1.pom
Progress (1): 4.1/5.0 kBProgress (1): 5.0 kB                        Downloaded from central: https://repo.maven.apache.org/maven2/com/google/errorprone/error_prone_parent/2.3.1/error_prone_parent-2.3.1.pom (5.0 kB at 17 kB/s)
Downloading from central: https://repo.maven.apache.org/maven2/com/google/errorprone/error_prone_annotation/2.3.1/error_prone_annotation-2.3.1.pom
Progress (1): 1.8 kB                    Downloaded from central: https://repo.maven.apache.org/maven2/com/google/errorprone/error_prone_annotation/2.3.1/error_prone_annotation-2.3.1.pom (1.8 kB at 6.5 kB/s)
Downloading from central: https://repo.maven.apache.org/maven2/com/google/errorprone/error_prone_type_annotations/2.3.1/error_prone_type_annotations-2.3.1.pom
Progress (1): 1.6 kB                    Downloaded from central: https://repo.maven.apache.org/maven2/com/google/errorprone/error_prone_type_annotations/2.3.1/error_prone_type_annotations-2.3.1.pom (1.6 kB at 5.3 kB/s)
Downloading from central: https://repo.maven.apache.org/maven2/com/google/errorprone/error_prone_check_api/2.3.1/error_prone_check_api-2.3.1.pom
Progress (1): 4.1/4.6 kBProgress (1): 4.6 kB                        Downloaded from central: https://repo.maven.apache.org/maven2/com/google/errorprone/error_prone_check_api/2.3.1/error_prone_check_api-2.3.1.pom (4.6 kB at 16 kB/s)
Downloading from central: https://repo.maven.apache.org/maven2/org/checkerframework/dataflow/2.5.0/dataflow-2.5.0.pom
Progress (1): 3.2 kB                    Downloaded from central: https://repo.maven.apache.org/maven2/org/checkerframework/dataflow/2.5.0/dataflow-2.5.0.pom (3.2 kB at 11 kB/s)
Downloading from central: https://repo.maven.apache.org/maven2/org/checkerframework/checker-qual/2.5.0/checker-qual-2.5.0.pom
Progress (1): 2.5 kB                    Downloaded from central: https://repo.maven.apache.org/maven2/org/checkerframework/checker-qual/2.5.0/checker-qual-2.5.0.pom (2.5 kB at 8.4 kB/s)
Downloading from central: https://repo.maven.apache.org/maven2/org/checkerframework/javacutil/2.5.0/javacutil-2.5.0.pom
Progress (1): 2.9 kB                    Downloaded from central: https://repo.maven.apache.org/maven2/org/checkerframework/javacutil/2.5.0/javacutil-2.5.0.pom (2.9 kB at 11 kB/s)
Downloading from central: https://repo.maven.apache.org/maven2/com/google/errorprone/javac/9+181-r4173-1/javac-9+181-r4173-1.pom
Progress (1): 1.2 kB                    Downloaded from central: https://repo.maven.apache.org/maven2/com/google/errorprone/javac/9+181-r4173-1/javac-9+181-r4173-1.pom (1.2 kB at 4.3 kB/s)
Downloading from central: https://repo.maven.apache.org/maven2/com/googlecode/java-diff-utils/diffutils/1.3.0/diffutils-1.3.0.pom
Downloaded from central: https://repo.maven.apache.org/maven2/com/googlecode/java-diff-utils/diffutils/1.3.0/diffutils-1.3.0.pom (0 B at 0 B/s)
Downloading from central: https://repo.maven.apache.org/maven2/com/google/errorprone/error_prone_annotations/2.3.1/error_prone_annotations-2.3.1.pom
Progress (1): 1.8 kB                    Downloaded from central: https://repo.maven.apache.org/maven2/com/google/errorprone/error_prone_annotations/2.3.1/error_prone_annotations-2.3.1.pom (1.8 kB at 6.7 kB/s)
Downloading from central: https://repo.maven.apache.org/maven2/com/github/kevinstern/software-and-algorithms/1.0/software-and-algorithms-1.0.pom
Progress (1): 3.4 kB                    Downloaded from central: https://repo.maven.apache.org/maven2/com/github/kevinstern/software-and-algorithms/1.0/software-and-algorithms-1.0.pom (3.4 kB at 12 kB/s)
Downloading from central: https://repo.maven.apache.org/maven2/com/google/auto/auto-common/0.10/auto-common-0.10.pom
Progress (1): 2.8 kB                    Downloaded from central: https://repo.maven.apache.org/maven2/com/google/auto/auto-common/0.10/auto-common-0.10.pom (2.8 kB at 9.8 kB/s)
Downloading from central: https://repo.maven.apache.org/maven2/com/google/auto/auto-parent/6/auto-parent-6.pom
Progress (1): 4.1/6.3 kBProgress (1): 6.3 kB                        Downloaded from central: https://repo.maven.apache.org/maven2/com/google/auto/auto-parent/6/auto-parent-6.pom (6.3 kB at 23 kB/s)
Downloading from central: https://repo.maven.apache.org/maven2/org/codehaus/plexus/plexus-compiler-javac-errorprone/2.8.2/plexus-compiler-javac-errorprone-2.8.2.jar
Downloading from central: https://repo.maven.apache.org/maven2/com/google/errorprone/error_prone_core/2.3.1/error_prone_core-2.3.1.jar
Downloading from central: https://repo.maven.apache.org/maven2/com/google/errorprone/error_prone_annotation/2.3.1/error_prone_annotation-2.3.1.jar
Downloading from central: https://repo.maven.apache.org/maven2/com/google/errorprone/error_prone_type_annotations/2.3.1/error_prone_type_annotations-2.3.1.jar
Downloading from central: https://repo.maven.apache.org/maven2/com/google/errorprone/error_prone_check_api/2.3.1/error_prone_check_api-2.3.1.jar
Progress (1): 4.1/9.8 kBProgress (1): 8.2/9.8 kBProgress (1): 9.8 kB    Progress (2): 9.8 kB | 3.1 kBProgress (3): 9.8 kB | 3.1 kB | 4.1/541 kBProgress (3): 9.8 kB | 3.1 kB | 8.2/541 kBProgress (3): 9.8 kB | 3.1 kB | 12/541 kB Progress (3): 9.8 kB | 3.1 kB | 16/541 kBProgress (3): 9.8 kB | 3.1 kB | 20/541 kBProgress (3): 9.8 kB | 3.1 kB | 25/541 kBProgress (3): 9.8 kB | 3.1 kB | 29/541 kBProgress (3): 9.8 kB | 3.1 kB | 33/541 kBProgress (3): 9.8 kB | 3.1 kB | 37/541 kBProgress (3): 9.8 kB | 3.1 kB | 41/541 kBProgress (3): 9.8 kB | 3.1 kB | 45/541 kBProgress (3): 9.8 kB | 3.1 kB | 49/541 kBProgress (3): 9.8 kB | 3.1 kB | 53/541 kBProgress (3): 9.8 kB | 3.1 kB | 57/541 kBProgress (3): 9.8 kB | 3.1 kB | 61/541 kBProgress (3): 9.8 kB | 3.1 kB | 66/541 kBProgress (3): 9.8 kB | 3.1 kB | 70/541 kBProgress (3): 9.8 kB | 3.1 kB | 74/541 kBProgress (3): 9.8 kB | 3.1 kB | 78/541 kBProgress (3): 9.8 kB | 3.1 kB | 82/541 kBProgress (3): 9.8 kB | 3.1 kB | 86/541 kBProgress (3): 9.8 kB | 3.1 kB | 90/541 kBProgress (3): 9.8 kB | 3.1 kB | 94/541 kBProgress (3): 9.8 kB | 3.1 kB | 98/541 kBProgress (3): 9.8 kB | 3.1 kB | 102/541 kBProgress (3): 9.8 kB | 3.1 kB | 106/541 kBProgress (3): 9.8 kB | 3.1 kB | 111/541 kBProgress (3): 9.8 kB | 3.1 kB | 115/541 kBProgress (3): 9.8 kB | 3.1 kB | 119/541 kBProgress (3): 9.8 kB | 3.1 kB | 123/541 kBProgress (3): 9.8 kB | 3.1 kB | 127/541 kBProgress (3): 9.8 kB | 3.1 kB | 131/541 kBProgress (3): 9.8 kB | 3.1 kB | 135/541 kBProgress (3): 9.8 kB | 3.1 kB | 139/541 kBProgress (3): 9.8 kB | 3.1 kB | 143/541 kBProgress (3): 9.8 kB | 3.1 kB | 147/541 kBProgress (3): 9.8 kB | 3.1 kB | 152/541 kBProgress (3): 9.8 kB | 3.1 kB | 156/541 kBProgress (3): 9.8 kB | 3.1 kB | 160/541 kBProgress (3): 9.8 kB | 3.1 kB | 164/541 kBProgress (3): 9.8 kB | 3.1 kB | 168/541 kBProgress (3): 9.8 kB | 3.1 kB | 172/541 kBProgress (3): 9.8 kB | 3.1 kB | 176/541 kBProgress (3): 9.8 kB | 3.1 kB | 180/541 kBProgress (3): 9.8 kB | 3.1 kB | 184/541 kBProgress (3): 9.8 kB | 3.1 kB | 188/541 kBProgress (3): 9.8 kB | 3.1 kB | 193/541 kBProgress (3): 9.8 kB | 3.1 kB | 197/541 kBProgress (3): 9.8 kB | 3.1 kB | 201/541 kBProgress (3): 9.8 kB | 3.1 kB | 205/541 kBProgress (3): 9.8 kB | 3.1 kB | 209/541 kBProgress (3): 9.8 kB | 3.1 kB | 213/541 kBProgress (3): 9.8 kB | 3.1 kB | 217/541 kBProgress (3): 9.8 kB | 3.1 kB | 221/541 kBProgress (3): 9.8 kB | 3.1 kB | 225/541 kBProgress (3): 9.8 kB | 3.1 kB | 229/541 kBProgress (3): 9.8 kB | 3.1 kB | 233/541 kBProgress (3): 9.8 kB | 3.1 kB | 238/541 kBProgress (3): 9.8 kB | 3.1 kB | 242/541 kBProgress (3): 9.8 kB | 3.1 kB | 246/541 kBProgress (3): 9.8 kB | 3.1 kB | 250/541 kBProgress (3): 9.8 kB | 3.1 kB | 254/541 kBProgress (3): 9.8 kB | 3.1 kB | 258/541 kBProgress (3): 9.8 kB | 3.1 kB | 262/541 kBProgress (3): 9.8 kB | 3.1 kB | 266/541 kBProgress (3): 9.8 kB | 3.1 kB | 270/541 kBProgress (3): 9.8 kB | 3.1 kB | 274/541 kBProgress (3): 9.8 kB | 3.1 kB | 279/541 kBProgress (3): 9.8 kB | 3.1 kB | 283/541 kBProgress (3): 9.8 kB | 3.1 kB | 287/541 kBProgress (3): 9.8 kB | 3.1 kB | 291/541 kBProgress (3): 9.8 kB | 3.1 kB | 295/541 kBProgress (3): 9.8 kB | 3.1 kB | 299/541 kBProgress (3): 9.8 kB | 3.1 kB | 303/541 kBProgress (3): 9.8 kB | 3.1 kB | 307/541 kBProgress (3): 9.8 kB | 3.1 kB | 311/541 kBProgress (3): 9.8 kB | 3.1 kB | 315/541 kBProgress (3): 9.8 kB | 3.1 kB | 319/541 kBProgress (3): 9.8 kB | 3.1 kB | 324/541 kBProgress (3): 9.8 kB | 3.1 kB | 328/541 kBProgress (3): 9.8 kB | 3.1 kB | 332/541 kBProgress (3): 9.8 kB | 3.1 kB | 336/541 kBProgress (3): 9.8 kB | 3.1 kB | 340/541 kBProgress (3): 9.8 kB | 3.1 kB | 344/541 kBProgress (3): 9.8 kB | 3.1 kB | 348/541 kBProgress (3): 9.8 kB | 3.1 kB | 352/541 kBProgress (3): 9.8 kB | 3.1 kB | 356/541 kBProgress (3): 9.8 kB | 3.1 kB | 360/541 kBProgress (3): 9.8 kB | 3.1 kB | 365/541 kBProgress (3): 9.8 kB | 3.1 kB | 369/541 kBProgress (3): 9.8 kB | 3.1 kB | 373/541 kBProgress (3): 9.8 kB | 3.1 kB | 377/541 kBProgress (3): 9.8 kB | 3.1 kB | 381/541 kBProgress (3): 9.8 kB | 3.1 kB | 385/541 kBProgress (3): 9.8 kB | 3.1 kB | 389/541 kBProgress (3): 9.8 kB | 3.1 kB | 393/541 kBProgress (3): 9.8 kB | 3.1 kB | 397/541 kBProgress (3): 9.8 kB | 3.1 kB | 401/541 kBProgress (3): 9.8 kB | 3.1 kB | 406/541 kBProgress (3): 9.8 kB | 3.1 kB | 410/541 kBProgress (3): 9.8 kB | 3.1 kB | 414/541 kBProgress (3): 9.8 kB | 3.1 kB | 418/541 kBProgress (3): 9.8 kB | 3.1 kB | 422/541 kBProgress (3): 9.8 kB | 3.1 kB | 426/541 kBProgress (3): 9.8 kB | 3.1 kB | 430/541 kBProgress (3): 9.8 kB | 3.1 kB | 434/541 kBProgress (3): 9.8 kB | 3.1 kB | 438/541 kBProgress (3): 9.8 kB | 3.1 kB | 442/541 kBProgress (3): 9.8 kB | 3.1 kB | 446/541 kBProgress (3): 9.8 kB | 3.1 kB | 451/541 kBProgress (3): 9.8 kB | 3.1 kB | 455/541 kBProgress (3): 9.8 kB | 3.1 kB | 459/541 kBProgress (3): 9.8 kB | 3.1 kB | 463/541 kBProgress (3): 9.8 kB | 3.1 kB | 467/541 kBProgress (3): 9.8 kB | 3.1 kB | 471/541 kBProgress (3): 9.8 kB | 3.1 kB | 475/541 kBProgress (3): 9.8 kB | 3.1 kB | 479/541 kBProgress (3): 9.8 kB | 3.1 kB | 483/541 kBProgress (3): 9.8 kB | 3.1 kB | 487/541 kBProgress (3): 9.8 kB | 3.1 kB | 492/541 kBProgress (3): 9.8 kB | 3.1 kB | 496/541 kBProgress (3): 9.8 kB | 3.1 kB | 500/541 kBProgress (3): 9.8 kB | 3.1 kB | 504/541 kBProgress (3): 9.8 kB | 3.1 kB | 508/541 kBProgress (3): 9.8 kB | 3.1 kB | 512/541 kBProgress (3): 9.8 kB | 3.1 kB | 516/541 kBProgress (3): 9.8 kB | 3.1 kB | 520/541 kBProgress (3): 9.8 kB | 3.1 kB | 524/541 kBProgress (3): 9.8 kB | 3.1 kB | 528/541 kBProgress (3): 9.8 kB | 3.1 kB | 532/541 kBProgress (3): 9.8 kB | 3.1 kB | 537/541 kBProgress (3): 9.8 kB | 3.1 kB | 541 kB    Progress (4): 9.8 kB | 3.1 kB | 541 kB | 0/1.7 MBProgress (4): 9.8 kB | 3.1 kB | 541 kB | 0/1.7 MBProgress (4): 9.8 kB | 3.1 kB | 541 kB | 0/1.7 MBProgress (4): 9.8 kB | 3.1 kB | 541 kB | 0/1.7 MBProgress (4): 9.8 kB | 3.1 kB | 541 kB | 0/1.7 MBProgress (4): 9.8 kB | 3.1 kB | 541 kB | 0/1.7 MBProgress (4): 9.8 kB | 3.1 kB | 541 kB | 0.1/1.7 MBProgress (4): 9.8 kB | 3.1 kB | 541 kB | 0.1/1.7 MBProgress (4): 9.8 kB | 3.1 kB | 541 kB | 0.1/1.7 MBProgress (4): 9.8 kB | 3.1 kB | 541 kB | 0.1/1.7 MBProgress (4): 9.8 kB | 3.1 kB | 541 kB | 0.1/1.7 MBProgress (4): 9.8 kB | 3.1 kB | 541 kB | 0.1/1.7 MBProgress (4): 9.8 kB | 3.1 kB | 541 kB | 0.1/1.7 MBProgress (4): 9.8 kB | 3.1 kB | 541 kB | 0.1/1.7 MBProgress (4): 9.8 kB | 3.1 kB | 541 kB | 0.1/1.7 MBProgress (4): 9.8 kB | 3.1 kB | 541 kB | 0.1/1.7 MBProgress (4): 9.8 kB | 3.1 kB | 541 kB | 0.1/1.7 MBProgress (4): 9.8 kB | 3.1 kB | 541 kB | 0.1/1.7 MBProgress (4): 9.8 kB | 3.1 kB | 541 kB | 0.2/1.7 MBProgress (4): 9.8 kB | 3.1 kB | 541 kB | 0.2/1.7 MBProgress (4): 9.8 kB | 3.1 kB | 541 kB | 0.2/1.7 MBProgress (4): 9.8 kB | 3.1 kB | 541 kB | 0.2/1.7 MBProgress (4): 9.8 kB | 3.1 kB | 541 kB | 0.2/1.7 MBProgress (4): 9.8 kB | 3.1 kB | 541 kB | 0.2/1.7 MBProgress (4): 9.8 kB | 3.1 kB | 541 kB | 0.2/1.7 MBProgress (4): 9.8 kB | 3.1 kB | 541 kB | 0.2/1.7 MBProgress (4): 9.8 kB | 3.1 kB | 541 kB | 0.2/1.7 MBProgress (4): 9.8 kB | 3.1 kB | 541 kB | 0.2/1.7 MBProgress (4): 9.8 kB | 3.1 kB | 541 kB | 0.2/1.7 MBProgress (4): 9.8 kB | 3.1 kB | 541 kB | 0.3/1.7 MBProgress (4): 9.8 kB | 3.1 kB | 541 kB | 0.3/1.7 MBProgress (4): 9.8 kB | 3.1 kB | 541 kB | 0.3/1.7 MBProgress (4): 9.8 kB | 3.1 kB | 541 kB | 0.3/1.7 MBProgress (4): 9.8 kB | 3.1 kB | 541 kB | 0.3/1.7 MBProgress (4): 9.8 kB | 3.1 kB | 541 kB | 0.3/1.7 MBProgress (4): 9.8 kB | 3.1 kB | 541 kB | 0.3/1.7 MBProgress (4): 9.8 kB | 3.1 kB | 541 kB | 0.3/1.7 MBProgress (4): 9.8 kB | 3.1 kB | 541 kB | 0.3/1.7 MBProgress (4): 9.8 kB | 3.1 kB | 541 kB | 0.3/1.7 MBProgress (4): 9.8 kB | 3.1 kB | 541 kB | 0.3/1.7 MBProgress (4): 9.8 kB | 3.1 kB | 541 kB | 0.3/1.7 MBProgress (4): 9.8 kB | 3.1 kB | 541 kB | 0.3/1.7 MBProgress (4): 9.8 kB | 3.1 kB | 541 kB | 0.4/1.7 MBProgress (4): 9.8 kB | 3.1 kB | 541 kB | 0.4/1.7 MBProgress (4): 9.8 kB | 3.1 kB | 541 kB | 0.4/1.7 MBProgress (4): 9.8 kB | 3.1 kB | 541 kB | 0.4/1.7 MBProgress (4): 9.8 kB | 3.1 kB | 541 kB | 0.4/1.7 MBProgress (4): 9.8 kB | 3.1 kB | 541 kB | 0.4/1.7 MBProgress (4): 9.8 kB | 3.1 kB | 541 kB | 0.4/1.7 MBProgress (4): 9.8 kB | 3.1 kB | 541 kB | 0.4/1.7 MBProgress (4): 9.8 kB | 3.1 kB | 541 kB | 0.4/1.7 MBProgress (4): 9.8 kB | 3.1 kB | 541 kB | 0.4/1.7 MBProgress (4): 9.8 kB | 3.1 kB | 541 kB | 0.4/1.7 MBProgress (4): 9.8 kB | 3.1 kB | 541 kB | 0.4/1.7 MBProgress (4): 9.8 kB | 3.1 kB | 541 kB | 0.5/1.7 MBProgress (4): 9.8 kB | 3.1 kB | 541 kB | 0.5/1.7 MBProgress (4): 9.8 kB | 3.1 kB | 541 kB | 0.5/1.7 MBProgress (4): 9.8 kB | 3.1 kB | 541 kB | 0.5/1.7 MBProgress (4): 9.8 kB | 3.1 kB | 541 kB | 0.5/1.7 MBProgress (4): 9.8 kB | 3.1 kB | 541 kB | 0.5/1.7 MBProgress (4): 9.8 kB | 3.1 kB | 541 kB | 0.5/1.7 MBProgress (4): 9.8 kB | 3.1 kB | 541 kB | 0.5/1.7 MBProgress (4): 9.8 kB | 3.1 kB | 541 kB | 0.5/1.7 MBProgress (4): 9.8 kB | 3.1 kB | 541 kB | 0.5/1.7 MBProgress (4): 9.8 kB | 3.1 kB | 541 kB | 0.5/1.7 MBProgress (4): 9.8 kB | 3.1 kB | 541 kB | 0.5/1.7 MBProgress (4): 9.8 kB | 3.1 kB | 541 kB | 0.6/1.7 MBProgress (4): 9.8 kB | 3.1 kB | 541 kB | 0.6/1.7 MBProgress (4): 9.8 kB | 3.1 kB | 541 kB | 0.6/1.7 MBProgress (4): 9.8 kB | 3.1 kB | 541 kB | 0.6/1.7 MBProgress (4): 9.8 kB | 3.1 kB | 541 kB | 0.6/1.7 MBProgress (4): 9.8 kB | 3.1 kB | 541 kB | 0.6/1.7 MBProgress (4): 9.8 kB | 3.1 kB | 541 kB | 0.6/1.7 MBProgress (4): 9.8 kB | 3.1 kB | 541 kB | 0.6/1.7 MBProgress (4): 9.8 kB | 3.1 kB | 541 kB | 0.6/1.7 MBProgress (4): 9.8 kB | 3.1 kB | 541 kB | 0.6/1.7 MBProgress (4): 9.8 kB | 3.1 kB | 541 kB | 0.6/1.7 MBProgress (4): 9.8 kB | 3.1 kB | 541 kB | 0.6/1.7 MBProgress (4): 9.8 kB | 3.1 kB | 541 kB | 0.7/1.7 MBProgress (4): 9.8 kB | 3.1 kB | 541 kB | 0.7/1.7 MBProgress (5): 9.8 kB | 3.1 kB | 541 kB | 0.7/1.7 MB | 4.1/10 kBProgress (5): 9.8 kB | 3.1 kB | 541 kB | 0.7/1.7 MB | 8.2/10 kBProgress (5): 9.8 kB | 3.1 kB | 541 kB | 0.7/1.7 MB | 8.2/10 kBProgress (5): 9.8 kB | 3.1 kB | 541 kB | 0.7/1.7 MB | 10 kB    Progress (5): 9.8 kB | 3.1 kB | 541 kB | 0.7/1.7 MB | 10 kBProgress (5): 9.8 kB | 3.1 kB | 541 kB | 0.7/1.7 MB | 10 kBProgress (5): 9.8 kB | 3.1 kB | 541 kB | 0.7/1.7 MB | 10 kBProgress (5): 9.8 kB | 3.1 kB | 541 kB | 0.7/1.7 MB | 10 kBProgress (5): 9.8 kB | 3.1 kB | 541 kB | 0.7/1.7 MB | 10 kBProgress (5): 9.8 kB | 3.1 kB | 541 kB | 0.7/1.7 MB | 10 kBProgress (5): 9.8 kB | 3.1 kB | 541 kB | 0.7/1.7 MB | 10 kBProgress (5): 9.8 kB | 3.1 kB | 541 kB | 0.7/1.7 MB | 10 kBProgress (5): 9.8 kB | 3.1 kB | 541 kB | 0.7/1.7 MB | 10 kBProgress (5): 9.8 kB | 3.1 kB | 541 kB | 0.8/1.7 MB | 10 kBProgress (5): 9.8 kB | 3.1 kB | 541 kB | 0.8/1.7 MB | 10 kBProgress (5): 9.8 kB | 3.1 kB | 541 kB | 0.8/1.7 MB | 10 kBProgress (5): 9.8 kB | 3.1 kB | 541 kB | 0.8/1.7 MB | 10 kBProgress (5): 9.8 kB | 3.1 kB | 541 kB | 0.8/1.7 MB | 10 kBProgress (5): 9.8 kB | 3.1 kB | 541 kB | 0.8/1.7 MB | 10 kBProgress (5): 9.8 kB | 3.1 kB | 541 kB | 0.8/1.7 MB | 10 kBProgress (5): 9.8 kB | 3.1 kB | 541 kB | 0.8/1.7 MB | 10 kBProgress (5): 9.8 kB | 3.1 kB | 541 kB | 0.8/1.7 MB | 10 kBProgress (5): 9.8 kB | 3.1 kB | 541 kB | 0.8/1.7 MB | 10 kB                                                           Downloaded from central: https://repo.maven.apache.org/maven2/org/codehaus/plexus/plexus-compiler-javac-errorprone/2.8.2/plexus-compiler-javac-errorprone-2.8.2.jar (9.8 kB at 36 kB/s)
Downloading from central: https://repo.maven.apache.org/maven2/com/googlecode/java-diff-utils/diffutils/1.3.0/diffutils-1.3.0.jar
Progress (4): 3.1 kB | 541 kB | 0.8/1.7 MB | 10 kBProgress (4): 3.1 kB | 541 kB | 0.8/1.7 MB | 10 kBProgress (4): 3.1 kB | 541 kB | 0.8/1.7 MB | 10 kBProgress (4): 3.1 kB | 541 kB | 0.9/1.7 MB | 10 kBProgress (4): 3.1 kB | 541 kB | 0.9/1.7 MB | 10 kBProgress (4): 3.1 kB | 541 kB | 0.9/1.7 MB | 10 kBProgress (4): 3.1 kB | 541 kB | 0.9/1.7 MB | 10 kBProgress (4): 3.1 kB | 541 kB | 0.9/1.7 MB | 10 kBProgress (4): 3.1 kB | 541 kB | 0.9/1.7 MB | 10 kBProgress (4): 3.1 kB | 541 kB | 0.9/1.7 MB | 10 kBProgress (4): 3.1 kB | 541 kB | 0.9/1.7 MB | 10 kBProgress (4): 3.1 kB | 541 kB | 0.9/1.7 MB | 10 kBProgress (4): 3.1 kB | 541 kB | 0.9/1.7 MB | 10 kBProgress (4): 3.1 kB | 541 kB | 0.9/1.7 MB | 10 kBProgress (4): 3.1 kB | 541 kB | 0.9/1.7 MB | 10 kBProgress (4): 3.1 kB | 541 kB | 1.0/1.7 MB | 10 kBProgress (4): 3.1 kB | 541 kB | 1.0/1.7 MB | 10 kBProgress (4): 3.1 kB | 541 kB | 1.0/1.7 MB | 10 kBProgress (4): 3.1 kB | 541 kB | 1.0/1.7 MB | 10 kBProgress (4): 3.1 kB | 541 kB | 1.0/1.7 MB | 10 kBProgress (4): 3.1 kB | 541 kB | 1.0/1.7 MB | 10 kBProgress (4): 3.1 kB | 541 kB | 1.0/1.7 MB | 10 kBProgress (4): 3.1 kB | 541 kB | 1.0/1.7 MB | 10 kBProgress (4): 3.1 kB | 541 kB | 1.0/1.7 MB | 10 kBProgress (4): 3.1 kB | 541 kB | 1.0/1.7 MB | 10 kBProgress (4): 3.1 kB | 541 kB | 1.0/1.7 MB | 10 kBProgress (4): 3.1 kB | 541 kB | 1.0/1.7 MB | 10 kBProgress (4): 3.1 kB | 541 kB | 1.1/1.7 MB | 10 kBProgress (4): 3.1 kB | 541 kB | 1.1/1.7 MB | 10 kBProgress (4): 3.1 kB | 541 kB | 1.1/1.7 MB | 10 kBProgress (4): 3.1 kB | 541 kB | 1.1/1.7 MB | 10 kB                                                  Downloaded from central: https://repo.maven.apache.org/maven2/com/google/errorprone/error_prone_type_annotations/2.3.1/error_prone_type_annotations-2.3.1.jar (3.1 kB at 11 kB/s)
Downloading from central: https://repo.maven.apache.org/maven2/com/github/kevinstern/software-and-algorithms/1.0/software-and-algorithms-1.0.jar
Progress (3): 541 kB | 1.1/1.7 MB | 10 kBProgress (3): 541 kB | 1.1/1.7 MB | 10 kBProgress (3): 541 kB | 1.1/1.7 MB | 10 kBProgress (3): 541 kB | 1.1/1.7 MB | 10 kBProgress (3): 541 kB | 1.1/1.7 MB | 10 kBProgress (3): 541 kB | 1.1/1.7 MB | 10 kBProgress (3): 541 kB | 1.1/1.7 MB | 10 kBProgress (3): 541 kB | 1.1/1.7 MB | 10 kBProgress (3): 541 kB | 1.2/1.7 MB | 10 kBProgress (3): 541 kB | 1.2/1.7 MB | 10 kBProgress (3): 541 kB | 1.2/1.7 MB | 10 kBProgress (3): 541 kB | 1.2/1.7 MB | 10 kBProgress (3): 541 kB | 1.2/1.7 MB | 10 kBProgress (3): 541 kB | 1.2/1.7 MB | 10 kBProgress (3): 541 kB | 1.2/1.7 MB | 10 kBProgress (3): 541 kB | 1.2/1.7 MB | 10 kBProgress (3): 541 kB | 1.2/1.7 MB | 10 kBProgress (3): 541 kB | 1.2/1.7 MB | 10 kBProgress (3): 541 kB | 1.2/1.7 MB | 10 kBProgress (3): 541 kB | 1.2/1.7 MB | 10 kBProgress (3): 541 kB | 1.3/1.7 MB | 10 kBProgress (3): 541 kB | 1.3/1.7 MB | 10 kBProgress (3): 541 kB | 1.3/1.7 MB | 10 kBProgress (3): 541 kB | 1.3/1.7 MB | 10 kBProgress (3): 541 kB | 1.3/1.7 MB | 10 kBProgress (3): 541 kB | 1.3/1.7 MB | 10 kBProgress (3): 541 kB | 1.3/1.7 MB | 10 kBProgress (3): 541 kB | 1.3/1.7 MB | 10 kBProgress (3): 541 kB | 1.3/1.7 MB | 10 kBProgress (3): 541 kB | 1.3/1.7 MB | 10 kBProgress (3): 541 kB | 1.3/1.7 MB | 10 kBProgress (3): 541 kB | 1.3/1.7 MB | 10 kBProgress (3): 541 kB | 1.3/1.7 MB | 10 kBProgress (3): 541 kB | 1.4/1.7 MB | 10 kBProgress (3): 541 kB | 1.4/1.7 MB | 10 kBProgress (3): 541 kB | 1.4/1.7 MB | 10 kBProgress (3): 541 kB | 1.4/1.7 MB | 10 kBProgress (3): 541 kB | 1.4/1.7 MB | 10 kBProgress (3): 541 kB | 1.4/1.7 MB | 10 kBProgress (3): 541 kB | 1.4/1.7 MB | 10 kBProgress (3): 541 kB | 1.4/1.7 MB | 10 kBProgress (3): 541 kB | 1.4/1.7 MB | 10 kBProgress (3): 541 kB | 1.4/1.7 MB | 10 kBProgress (3): 541 kB | 1.4/1.7 MB | 10 kBProgress (3): 541 kB | 1.4/1.7 MB | 10 kBProgress (3): 541 kB | 1.5/1.7 MB | 10 kBProgress (3): 541 kB | 1.5/1.7 MB | 10 kB                                         Downloaded from central: https://repo.maven.apache.org/maven2/com/google/errorprone/error_prone_check_api/2.3.1/error_prone_check_api-2.3.1.jar (541 kB at 1.8 MB/s)
Downloading from central: https://repo.maven.apache.org/maven2/org/pcollections/pcollections/2.1.2/pcollections-2.1.2.jar
Progress (2): 1.5/1.7 MB | 10 kBProgress (2): 1.5/1.7 MB | 10 kBProgress (2): 1.5/1.7 MB | 10 kBProgress (2): 1.5/1.7 MB | 10 kBProgress (2): 1.5/1.7 MB | 10 kBProgress (2): 1.5/1.7 MB | 10 kBProgress (2): 1.5/1.7 MB | 10 kBProgress (2): 1.5/1.7 MB | 10 kBProgress (2): 1.5/1.7 MB | 10 kBProgress (2): 1.5/1.7 MB | 10 kBProgress (2): 1.6/1.7 MB | 10 kBProgress (2): 1.6/1.7 MB | 10 kBProgress (2): 1.6/1.7 MB | 10 kBProgress (2): 1.6/1.7 MB | 10 kBProgress (2): 1.6/1.7 MB | 10 kBProgress (2): 1.6/1.7 MB | 10 kBProgress (2): 1.6/1.7 MB | 10 kBProgress (2): 1.6/1.7 MB | 10 kBProgress (2): 1.6/1.7 MB | 10 kBProgress (2): 1.6/1.7 MB | 10 kBProgress (2): 1.6/1.7 MB | 10 kBProgress (2): 1.6/1.7 MB | 10 kBProgress (2): 1.7/1.7 MB | 10 kBProgress (2): 1.7/1.7 MB | 10 kBProgress (2): 1.7/1.7 MB | 10 kBProgress (2): 1.7/1.7 MB | 10 kBProgress (2): 1.7/1.7 MB | 10 kBProgress (2): 1.7 MB | 10 kB                                Downloaded from central: https://repo.maven.apache.org/maven2/com/googlecode/java-diff-utils/diffutils/1.3.0/diffutils-1.3.0.jar (0 B at 0 B/s)
Downloading from central: https://repo.maven.apache.org/maven2/com/google/guava/guava/23.5-jre/guava-23.5-jre.jar
Downloaded from central: https://repo.maven.apache.org/maven2/com/google/errorprone/error_prone_annotation/2.3.1/error_prone_annotation-2.3.1.jar (10 kB at 25 kB/s)
Downloading from central: https://repo.maven.apache.org/maven2/org/checkerframework/checker-qual/2.0.0/checker-qual-2.0.0.jar
Progress (2): 1.7 MB | 4.1/64 kBProgress (2): 1.7 MB | 8.2/64 kBProgress (2): 1.7 MB | 12/64 kB Progress (2): 1.7 MB | 16/64 kBProgress (2): 1.7 MB | 20/64 kBProgress (2): 1.7 MB | 25/64 kBProgress (2): 1.7 MB | 29/64 kBProgress (2): 1.7 MB | 33/64 kBProgress (2): 1.7 MB | 37/64 kBProgress (2): 1.7 MB | 41/64 kBProgress (2): 1.7 MB | 45/64 kBProgress (2): 1.7 MB | 49/64 kBProgress (2): 1.7 MB | 53/64 kBProgress (2): 1.7 MB | 57/64 kBProgress (2): 1.7 MB | 61/64 kBProgress (2): 1.7 MB | 64 kB   Progress (3): 1.7 MB | 64 kB | 4.1/39 kBProgress (3): 1.7 MB | 64 kB | 8.2/39 kBProgress (3): 1.7 MB | 64 kB | 12/39 kB Progress (3): 1.7 MB | 64 kB | 16/39 kBProgress (3): 1.7 MB | 64 kB | 20/39 kBProgress (3): 1.7 MB | 64 kB | 25/39 kBProgress (3): 1.7 MB | 64 kB | 29/39 kBProgress (3): 1.7 MB | 64 kB | 33/39 kBProgress (3): 1.7 MB | 64 kB | 37/39 kBProgress (3): 1.7 MB | 64 kB | 39 kB                                       Downloaded from central: https://repo.maven.apache.org/maven2/com/google/errorprone/error_prone_core/2.3.1/error_prone_core-2.3.1.jar (1.7 MB at 3.9 MB/s)
Downloading from central: https://repo.maven.apache.org/maven2/com/google/auto/auto-common/0.10/auto-common-0.10.jar
Progress (3): 64 kB | 39 kB | 4.1/343 kBProgress (3): 64 kB | 39 kB | 8.2/343 kBProgress (3): 64 kB | 39 kB | 12/343 kB Progress (3): 64 kB | 39 kB | 16/343 kBProgress (3): 64 kB | 39 kB | 20/343 kBProgress (3): 64 kB | 39 kB | 25/343 kBProgress (3): 64 kB | 39 kB | 29/343 kBProgress (3): 64 kB | 39 kB | 33/343 kBProgress (3): 64 kB | 39 kB | 37/343 kBProgress (3): 64 kB | 39 kB | 41/343 kBProgress (3): 64 kB | 39 kB | 45/343 kBProgress (3): 64 kB | 39 kB | 49/343 kBProgress (3): 64 kB | 39 kB | 53/343 kBProgress (3): 64 kB | 39 kB | 57/343 kBProgress (3): 64 kB | 39 kB | 61/343 kBProgress (3): 64 kB | 39 kB | 66/343 kBProgress (3): 64 kB | 39 kB | 70/343 kBProgress (3): 64 kB | 39 kB | 74/343 kBProgress (3): 64 kB | 39 kB | 78/343 kBProgress (3): 64 kB | 39 kB | 82/343 kBProgress (3): 64 kB | 39 kB | 86/343 kBProgress (3): 64 kB | 39 kB | 90/343 kBProgress (3): 64 kB | 39 kB | 94/343 kBProgress (3): 64 kB | 39 kB | 98/343 kBProgress (3): 64 kB | 39 kB | 102/343 kBProgress (3): 64 kB | 39 kB | 106/343 kBProgress (3): 64 kB | 39 kB | 111/343 kBProgress (3): 64 kB | 39 kB | 115/343 kBProgress (3): 64 kB | 39 kB | 119/343 kBProgress (3): 64 kB | 39 kB | 123/343 kBProgress (3): 64 kB | 39 kB | 127/343 kBProgress (3): 64 kB | 39 kB | 131/343 kBProgress (3): 64 kB | 39 kB | 135/343 kBProgress (3): 64 kB | 39 kB | 139/343 kBProgress (3): 64 kB | 39 kB | 143/343 kBProgress (3): 64 kB | 39 kB | 147/343 kBProgress (3): 64 kB | 39 kB | 152/343 kBProgress (3): 64 kB | 39 kB | 156/343 kBProgress (3): 64 kB | 39 kB | 160/343 kBProgress (3): 64 kB | 39 kB | 164/343 kBProgress (3): 64 kB | 39 kB | 168/343 kBProgress (3): 64 kB | 39 kB | 172/343 kBProgress (3): 64 kB | 39 kB | 176/343 kBProgress (3): 64 kB | 39 kB | 180/343 kBProgress (3): 64 kB | 39 kB | 184/343 kBProgress (3): 64 kB | 39 kB | 188/343 kBProgress (3): 64 kB | 39 kB | 193/343 kBProgress (3): 64 kB | 39 kB | 197/343 kBProgress (3): 64 kB | 39 kB | 201/343 kBProgress (3): 64 kB | 39 kB | 205/343 kBProgress (3): 64 kB | 39 kB | 209/343 kBProgress (3): 64 kB | 39 kB | 213/343 kBProgress (3): 64 kB | 39 kB | 217/343 kBProgress (3): 64 kB | 39 kB | 221/343 kBProgress (3): 64 kB | 39 kB | 225/343 kBProgress (3): 64 kB | 39 kB | 229/343 kBProgress (3): 64 kB | 39 kB | 233/343 kBProgress (3): 64 kB | 39 kB | 238/343 kBProgress (3): 64 kB | 39 kB | 242/343 kBProgress (3): 64 kB | 39 kB | 246/343 kB                                        Downloaded from central: https://repo.maven.apache.org/maven2/org/pcollections/pcollections/2.1.2/pcollections-2.1.2.jar (39 kB at 69 kB/s)
Downloading from central: https://repo.maven.apache.org/maven2/com/google/code/findbugs/jFormatString/3.0.0/jFormatString-3.0.0.jar
Progress (2): 64 kB | 250/343 kBProgress (2): 64 kB | 254/343 kBProgress (2): 64 kB | 258/343 kBProgress (2): 64 kB | 262/343 kBProgress (2): 64 kB | 266/343 kBProgress (2): 64 kB | 270/343 kBProgress (2): 64 kB | 274/343 kBProgress (2): 64 kB | 279/343 kBProgress (3): 64 kB | 279/343 kB | 4.1/90 kBProgress (3): 64 kB | 283/343 kB | 4.1/90 kBProgress (3): 64 kB | 287/343 kB | 4.1/90 kBProgress (3): 64 kB | 287/343 kB | 8.2/90 kBProgress (3): 64 kB | 291/343 kB | 8.2/90 kBProgress (3): 64 kB | 291/343 kB | 12/90 kB Progress (3): 64 kB | 295/343 kB | 12/90 kBProgress (3): 64 kB | 295/343 kB | 16/90 kBProgress (3): 64 kB | 295/343 kB | 20/90 kBProgress (3): 64 kB | 295/343 kB | 25/90 kBProgress (3): 64 kB | 295/343 kB | 29/90 kBProgress (3): 64 kB | 295/343 kB | 33/90 kBProgress (3): 64 kB | 295/343 kB | 37/90 kBProgress (3): 64 kB | 295/343 kB | 41/90 kBProgress (3): 64 kB | 295/343 kB | 45/90 kBProgress (3): 64 kB | 295/343 kB | 49/90 kBProgress (3): 64 kB | 299/343 kB | 49/90 kBProgress (3): 64 kB | 303/343 kB | 49/90 kBProgress (3): 64 kB | 307/343 kB | 49/90 kBProgress (3): 64 kB | 311/343 kB | 49/90 kBProgress (3): 64 kB | 311/343 kB | 53/90 kBProgress (3): 64 kB | 311/343 kB | 57/90 kBProgress (3): 64 kB | 311/343 kB | 61/90 kBProgress (3): 64 kB | 311/343 kB | 66/90 kBProgress (3): 64 kB | 315/343 kB | 66/90 kBProgress (3): 64 kB | 319/343 kB | 66/90 kBProgress (3): 64 kB | 324/343 kB | 66/90 kBProgress (3): 64 kB | 328/343 kB | 66/90 kBProgress (3): 64 kB | 328/343 kB | 70/90 kBProgress (3): 64 kB | 328/343 kB | 74/90 kBProgress (3): 64 kB | 328/343 kB | 78/90 kBProgress (3): 64 kB | 328/343 kB | 82/90 kBProgress (3): 64 kB | 328/343 kB | 86/90 kBProgress (3): 64 kB | 328/343 kB | 90 kB   Progress (3): 64 kB | 332/343 kB | 90 kBProgress (3): 64 kB | 336/343 kB | 90 kBProgress (3): 64 kB | 340/343 kB | 90 kBProgress (3): 64 kB | 343 kB | 90 kB                                        Downloaded from central: https://repo.maven.apache.org/maven2/com/github/kevinstern/software-and-algorithms/1.0/software-and-algorithms-1.0.jar (64 kB at 107 kB/s)
Downloading from central: https://repo.maven.apache.org/maven2/com/google/code/findbugs/jsr305/3.0.0/jsr305-3.0.0.jar
Progress (3): 343 kB | 90 kB | 4.1/35 kBProgress (3): 343 kB | 90 kB | 8.2/35 kBProgress (3): 343 kB | 90 kB | 12/35 kB Progress (3): 343 kB | 90 kB | 16/35 kBProgress (3): 343 kB | 90 kB | 20/35 kBProgress (3): 343 kB | 90 kB | 25/35 kBProgress (3): 343 kB | 90 kB | 29/35 kBProgress (3): 343 kB | 90 kB | 33/35 kBProgress (3): 343 kB | 90 kB | 35 kB                                       Downloaded from central: https://repo.maven.apache.org/maven2/org/checkerframework/checker-qual/2.0.0/checker-qual-2.0.0.jar (343 kB at 482 kB/s)
Downloading from central: https://repo.maven.apache.org/maven2/org/checkerframework/dataflow/2.5.0/dataflow-2.5.0.jar
Downloaded from central: https://repo.maven.apache.org/maven2/com/google/auto/auto-common/0.10/auto-common-0.10.jar (90 kB at 125 kB/s)
Downloading from central: https://repo.maven.apache.org/maven2/org/checkerframework/javacutil/2.5.0/javacutil-2.5.0.jar
Progress (2): 35 kB | 4.1/33 kBProgress (2): 35 kB | 8.2/33 kBProgress (2): 35 kB | 12/33 kB Progress (2): 35 kB | 16/33 kBProgress (2): 35 kB | 20/33 kBProgress (2): 35 kB | 25/33 kBProgress (2): 35 kB | 29/33 kBProgress (2): 35 kB | 33/33 kBProgress (2): 35 kB | 33 kB                              Downloaded from central: https://repo.maven.apache.org/maven2/com/google/code/findbugs/jFormatString/3.0.0/jFormatString-3.0.0.jar (35 kB at 41 kB/s)
Downloading from central: https://repo.maven.apache.org/maven2/com/google/errorprone/javac/9+181-r4173-1/javac-9+181-r4173-1.jar
Progress (2): 33 kB | 4.1/310 kBProgress (2): 33 kB | 8.2/310 kBProgress (2): 33 kB | 12/310 kB Progress (2): 33 kB | 16/310 kBProgress (3): 33 kB | 16/310 kB | 4.1/88 kBProgress (3): 33 kB | 16/310 kB | 8.2/88 kBProgress (3): 33 kB | 16/310 kB | 12/88 kB Progress (3): 33 kB | 16/310 kB | 16/88 kBProgress (3): 33 kB | 16/310 kB | 20/88 kBProgress (3): 33 kB | 16/310 kB | 25/88 kBProgress (3): 33 kB | 16/310 kB | 29/88 kBProgress (3): 33 kB | 16/310 kB | 33/88 kBProgress (3): 33 kB | 20/310 kB | 33/88 kBProgress (3): 33 kB | 25/310 kB | 33/88 kBProgress (3): 33 kB | 29/310 kB | 33/88 kBProgress (3): 33 kB | 33/310 kB | 33/88 kBProgress (3): 33 kB | 33/310 kB | 37/88 kBProgress (3): 33 kB | 33/310 kB | 41/88 kBProgress (3): 33 kB | 33/310 kB | 45/88 kBProgress (3): 33 kB | 33/310 kB | 49/88 kBProgress (3): 33 kB | 37/310 kB | 49/88 kBProgress (3): 33 kB | 41/310 kB | 49/88 kBProgress (3): 33 kB | 45/310 kB | 49/88 kBProgress (3): 33 kB | 49/310 kB | 49/88 kBProgress (3): 33 kB | 49/310 kB | 53/88 kBProgress (3): 33 kB | 49/310 kB | 57/88 kBProgress (3): 33 kB | 49/310 kB | 61/88 kBProgress (3): 33 kB | 49/310 kB | 66/88 kBProgress (3): 33 kB | 53/310 kB | 66/88 kBProgress (3): 33 kB | 57/310 kB | 66/88 kBProgress (3): 33 kB | 61/310 kB | 66/88 kBProgress (3): 33 kB | 66/310 kB | 66/88 kBProgress (3): 33 kB | 66/310 kB | 70/88 kBProgress (3): 33 kB | 66/310 kB | 74/88 kBProgress (3): 33 kB | 66/310 kB | 78/88 kBProgress (3): 33 kB | 66/310 kB | 82/88 kBProgress (3): 33 kB | 70/310 kB | 82/88 kBProgress (3): 33 kB | 70/310 kB | 86/88 kBProgress (3): 33 kB | 74/310 kB | 86/88 kBProgress (3): 33 kB | 74/310 kB | 88 kB   Progress (3): 33 kB | 78/310 kB | 88 kBProgress (3): 33 kB | 82/310 kB | 88 kBProgress (3): 33 kB | 86/310 kB | 88 kBProgress (3): 33 kB | 90/310 kB | 88 kBProgress (3): 33 kB | 94/310 kB | 88 kBProgress (3): 33 kB | 98/310 kB | 88 kBProgress (3): 33 kB | 102/310 kB | 88 kBProgress (3): 33 kB | 106/310 kB | 88 kBProgress (3): 33 kB | 111/310 kB | 88 kBProgress (3): 33 kB | 115/310 kB | 88 kBProgress (3): 33 kB | 119/310 kB | 88 kBProgress (3): 33 kB | 123/310 kB | 88 kBProgress (3): 33 kB | 127/310 kB | 88 kBProgress (3): 33 kB | 131/310 kB | 88 kBProgress (3): 33 kB | 135/310 kB | 88 kBProgress (3): 33 kB | 139/310 kB | 88 kBProgress (3): 33 kB | 143/310 kB | 88 kBProgress (3): 33 kB | 147/310 kB | 88 kBProgress (3): 33 kB | 152/310 kB | 88 kBProgress (3): 33 kB | 156/310 kB | 88 kBProgress (3): 33 kB | 160/310 kB | 88 kBProgress (3): 33 kB | 164/310 kB | 88 kBProgress (3): 33 kB | 168/310 kB | 88 kBProgress (3): 33 kB | 172/310 kB | 88 kBProgress (3): 33 kB | 176/310 kB | 88 kBProgress (3): 33 kB | 180/310 kB | 88 kBProgress (3): 33 kB | 184/310 kB | 88 kBProgress (3): 33 kB | 188/310 kB | 88 kBProgress (3): 33 kB | 193/310 kB | 88 kBProgress (3): 33 kB | 197/310 kB | 88 kBProgress (3): 33 kB | 201/310 kB | 88 kBProgress (3): 33 kB | 205/310 kB | 88 kBProgress (3): 33 kB | 209/310 kB | 88 kBProgress (3): 33 kB | 213/310 kB | 88 kBProgress (3): 33 kB | 217/310 kB | 88 kBProgress (3): 33 kB | 221/310 kB | 88 kBProgress (3): 33 kB | 225/310 kB | 88 kBProgress (3): 33 kB | 229/310 kB | 88 kBProgress (3): 33 kB | 233/310 kB | 88 kBProgress (3): 33 kB | 238/310 kB | 88 kBProgress (3): 33 kB | 242/310 kB | 88 kBProgress (3): 33 kB | 246/310 kB | 88 kBProgress (3): 33 kB | 250/310 kB | 88 kBProgress (3): 33 kB | 254/310 kB | 88 kBProgress (3): 33 kB | 258/310 kB | 88 kBProgress (3): 33 kB | 262/310 kB | 88 kBProgress (3): 33 kB | 266/310 kB | 88 kBProgress (3): 33 kB | 270/310 kB | 88 kBProgress (3): 33 kB | 274/310 kB | 88 kBProgress (3): 33 kB | 279/310 kB | 88 kBProgress (3): 33 kB | 283/310 kB | 88 kBProgress (3): 33 kB | 287/310 kB | 88 kBProgress (3): 33 kB | 291/310 kB | 88 kBProgress (3): 33 kB | 295/310 kB | 88 kBProgress (3): 33 kB | 299/310 kB | 88 kBProgress (3): 33 kB | 303/310 kB | 88 kBProgress (3): 33 kB | 307/310 kB | 88 kBProgress (3): 33 kB | 310 kB | 88 kB                                        Downloaded from central: https://repo.maven.apache.org/maven2/com/google/code/findbugs/jsr305/3.0.0/jsr305-3.0.0.jar (33 kB at 36 kB/s)
Downloading from central: https://repo.maven.apache.org/maven2/com/google/errorprone/error_prone_annotations/2.3.1/error_prone_annotations-2.3.1.jar
Progress (3): 310 kB | 88 kB | 0/2.7 MBProgress (3): 310 kB | 88 kB | 0/2.7 MBProgress (3): 310 kB | 88 kB | 0/2.7 MBProgress (3): 310 kB | 88 kB | 0.1/2.7 MBProgress (3): 310 kB | 88 kB | 0.1/2.7 MBProgress (3): 310 kB | 88 kB | 0.1/2.7 MBProgress (3): 310 kB | 88 kB | 0.1/2.7 MBProgress (3): 310 kB | 88 kB | 0.1/2.7 MBProgress (4): 310 kB | 88 kB | 0.1/2.7 MB | 0/6.9 MBProgress (4): 310 kB | 88 kB | 0.1/2.7 MB | 0/6.9 MBProgress (4): 310 kB | 88 kB | 0.2/2.7 MB | 0/6.9 MBProgress (4): 310 kB | 88 kB | 0.2/2.7 MB | 0/6.9 MBProgress (4): 310 kB | 88 kB | 0.2/2.7 MB | 0/6.9 MBProgress (4): 310 kB | 88 kB | 0.2/2.7 MB | 0/6.9 MBProgress (4): 310 kB | 88 kB | 0.2/2.7 MB | 0/6.9 MBProgress (4): 310 kB | 88 kB | 0.2/2.7 MB | 0/6.9 MBProgress (4): 310 kB | 88 kB | 0.3/2.7 MB | 0/6.9 MBProgress (4): 310 kB | 88 kB | 0.3/2.7 MB | 0/6.9 MBProgress (4): 310 kB | 88 kB | 0.3/2.7 MB | 0/6.9 MBProgress (4): 310 kB | 88 kB | 0.3/2.7 MB | 0/6.9 MBProgress (4): 310 kB | 88 kB | 0.3/2.7 MB | 0/6.9 MBProgress (4): 310 kB | 88 kB | 0.3/2.7 MB | 0/6.9 MBProgress (4): 310 kB | 88 kB | 0.4/2.7 MB | 0/6.9 MBProgress (4): 310 kB | 88 kB | 0.4/2.7 MB | 0/6.9 MB                                                    Downloaded from central: https://repo.maven.apache.org/maven2/org/checkerframework/javacutil/2.5.0/javacutil-2.5.0.jar (88 kB at 88 kB/s)
Progress (3): 310 kB | 0.4/2.7 MB | 0/6.9 MBProgress (3): 310 kB | 0.4/2.7 MB | 0/6.9 MBProgress (4): 310 kB | 0.4/2.7 MB | 0/6.9 MB | 4.1/13 kBProgress (4): 310 kB | 0.4/2.7 MB | 0/6.9 MB | 8.2/13 kBProgress (4): 310 kB | 0.4/2.7 MB | 0/6.9 MB | 12/13 kB Progress (4): 310 kB | 0.4/2.7 MB | 0/6.9 MB | 13 kB                                                       Downloaded from central: https://repo.maven.apache.org/maven2/org/checkerframework/dataflow/2.5.0/dataflow-2.5.0.jar (310 kB at 287 kB/s)
Progress (3): 0.4/2.7 MB | 0/6.9 MB | 13 kBProgress (3): 0.4/2.7 MB | 0.1/6.9 MB | 13 kBProgress (3): 0.4/2.7 MB | 0.1/6.9 MB | 13 kBProgress (3): 0.5/2.7 MB | 0.1/6.9 MB | 13 kBProgress (3): 0.5/2.7 MB | 0.1/6.9 MB | 13 kBProgress (3): 0.5/2.7 MB | 0.1/6.9 MB | 13 kBProgress (3): 0.5/2.7 MB | 0.1/6.9 MB | 13 kBProgress (3): 0.5/2.7 MB | 0.1/6.9 MB | 13 kBProgress (3): 0.5/2.7 MB | 0.1/6.9 MB | 13 kBProgress (3): 0.5/2.7 MB | 0.1/6.9 MB | 13 kBProgress (3): 0.5/2.7 MB | 0.2/6.9 MB | 13 kBProgress (3): 0.5/2.7 MB | 0.2/6.9 MB | 13 kBProgress (3): 0.6/2.7 MB | 0.2/6.9 MB | 13 kBProgress (3): 0.6/2.7 MB | 0.2/6.9 MB | 13 kBProgress (3): 0.6/2.7 MB | 0.2/6.9 MB | 13 kBProgress (3): 0.6/2.7 MB | 0.2/6.9 MB | 13 kBProgress (3): 0.6/2.7 MB | 0.2/6.9 MB | 13 kBProgress (3): 0.6/2.7 MB | 0.2/6.9 MB | 13 kBProgress (3): 0.6/2.7 MB | 0.2/6.9 MB | 13 kBProgress (3): 0.6/2.7 MB | 0.3/6.9 MB | 13 kBProgress (3): 0.6/2.7 MB | 0.3/6.9 MB | 13 kBProgress (3): 0.7/2.7 MB | 0.3/6.9 MB | 13 kBProgress (3): 0.7/2.7 MB | 0.3/6.9 MB | 13 kBProgress (3): 0.7/2.7 MB | 0.3/6.9 MB | 13 kBProgress (3): 0.7/2.7 MB | 0.3/6.9 MB | 13 kBProgress (3): 0.7/2.7 MB | 0.3/6.9 MB | 13 kBProgress (3): 0.7/2.7 MB | 0.3/6.9 MB | 13 kBProgress (3): 0.7/2.7 MB | 0.4/6.9 MB | 13 kBProgress (3): 0.7/2.7 MB | 0.4/6.9 MB | 13 kBProgress (3): 0.7/2.7 MB | 0.4/6.9 MB | 13 kBProgress (3): 0.7/2.7 MB | 0.4/6.9 MB | 13 kBProgress (3): 0.8/2.7 MB | 0.4/6.9 MB | 13 kBProgress (3): 0.8/2.7 MB | 0.4/6.9 MB | 13 kBProgress (3): 0.8/2.7 MB | 0.4/6.9 MB | 13 kBProgress (3): 0.8/2.7 MB | 0.4/6.9 MB | 13 kBProgress (3): 0.8/2.7 MB | 0.4/6.9 MB | 13 kBProgress (3): 0.8/2.7 MB | 0.5/6.9 MB | 13 kBProgress (3): 0.8/2.7 MB | 0.5/6.9 MB | 13 kBProgress (3): 0.8/2.7 MB | 0.5/6.9 MB | 13 kBProgress (3): 0.8/2.7 MB | 0.5/6.9 MB | 13 kBProgress (3): 0.9/2.7 MB | 0.5/6.9 MB | 13 kBProgress (3): 0.9/2.7 MB | 0.5/6.9 MB | 13 kBProgress (3): 0.9/2.7 MB | 0.5/6.9 MB | 13 kBProgress (3): 0.9/2.7 MB | 0.5/6.9 MB | 13 kBProgress (3): 0.9/2.7 MB | 0.6/6.9 MB | 13 kBProgress (3): 0.9/2.7 MB | 0.6/6.9 MB | 13 kBProgress (3): 0.9/2.7 MB | 0.6/6.9 MB | 13 kBProgress (3): 0.9/2.7 MB | 0.6/6.9 MB | 13 kBProgress (3): 0.9/2.7 MB | 0.6/6.9 MB | 13 kBProgress (3): 1.0/2.7 MB | 0.6/6.9 MB | 13 kBProgress (3): 1.0/2.7 MB | 0.6/6.9 MB | 13 kBProgress (3): 1.0/2.7 MB | 0.6/6.9 MB | 13 kBProgress (3): 1.0/2.7 MB | 0.6/6.9 MB | 13 kBProgress (3): 1.0/2.7 MB | 0.7/6.9 MB | 13 kBProgress (3): 1.0/2.7 MB | 0.7/6.9 MB | 13 kBProgress (3): 1.0/2.7 MB | 0.7/6.9 MB | 13 kBProgress (3): 1.0/2.7 MB | 0.7/6.9 MB | 13 kBProgress (3): 1.0/2.7 MB | 0.7/6.9 MB | 13 kBProgress (3): 1.0/2.7 MB | 0.7/6.9 MB | 13 kBProgress (3): 1.1/2.7 MB | 0.7/6.9 MB | 13 kBProgress (3): 1.1/2.7 MB | 0.7/6.9 MB | 13 kBProgress (3): 1.1/2.7 MB | 0.7/6.9 MB | 13 kBProgress (3): 1.1/2.7 MB | 0.7/6.9 MB | 13 kBProgress (3): 1.1/2.7 MB | 0.7/6.9 MB | 13 kBProgress (3): 1.1/2.7 MB | 0.7/6.9 MB | 13 kBProgress (3): 1.2/2.7 MB | 0.7/6.9 MB | 13 kBProgress (3): 1.2/2.7 MB | 0.7/6.9 MB | 13 kBProgress (3): 1.2/2.7 MB | 0.7/6.9 MB | 13 kBProgress (3): 1.2/2.7 MB | 0.8/6.9 MB | 13 kBProgress (3): 1.2/2.7 MB | 0.8/6.9 MB | 13 kBProgress (3): 1.2/2.7 MB | 0.8/6.9 MB | 13 kBProgress (3): 1.2/2.7 MB | 0.9/6.9 MB | 13 kBProgress (3): 1.2/2.7 MB | 0.9/6.9 MB | 13 kBProgress (3): 1.2/2.7 MB | 0.9/6.9 MB | 13 kBProgress (3): 1.2/2.7 MB | 1.0/6.9 MB | 13 kBProgress (3): 1.2/2.7 MB | 1.0/6.9 MB | 13 kBProgress (3): 1.2/2.7 MB | 1.0/6.9 MB | 13 kBProgress (3): 1.2/2.7 MB | 1.1/6.9 MB | 13 kBProgress (3): 1.2/2.7 MB | 1.1/6.9 MB | 13 kBProgress (3): 1.2/2.7 MB | 1.1/6.9 MB | 13 kBProgress (3): 1.2/2.7 MB | 1.1/6.9 MB | 13 kBProgress (3): 1.2/2.7 MB | 1.2/6.9 MB | 13 kBProgress (3): 1.2/2.7 MB | 1.2/6.9 MB | 13 kBProgress (3): 1.2/2.7 MB | 1.2/6.9 MB | 13 kBProgress (3): 1.2/2.7 MB | 1.3/6.9 MB | 13 kBProgress (3): 1.2/2.7 MB | 1.3/6.9 MB | 13 kBProgress (3): 1.2/2.7 MB | 1.3/6.9 MB | 13 kBProgress (3): 1.2/2.7 MB | 1.3/6.9 MB | 13 kBProgress (3): 1.2/2.7 MB | 1.3/6.9 MB | 13 kBProgress (3): 1.2/2.7 MB | 1.3/6.9 MB | 13 kBProgress (3): 1.2/2.7 MB | 1.3/6.9 MB | 13 kBProgress (3): 1.3/2.7 MB | 1.3/6.9 MB | 13 kBProgress (3): 1.3/2.7 MB | 1.3/6.9 MB | 13 kBProgress (3): 1.3/2.7 MB | 1.3/6.9 MB | 13 kBProgress (3): 1.3/2.7 MB | 1.3/6.9 MB | 13 kBProgress (3): 1.3/2.7 MB | 1.3/6.9 MB | 13 kBProgress (3): 1.3/2.7 MB | 1.3/6.9 MB | 13 kBProgress (3): 1.3/2.7 MB | 1.4/6.9 MB | 13 kBProgress (3): 1.4/2.7 MB | 1.4/6.9 MB | 13 kBProgress (3): 1.4/2.7 MB | 1.4/6.9 MB | 13 kBProgress (3): 1.4/2.7 MB | 1.4/6.9 MB | 13 kBProgress (3): 1.4/2.7 MB | 1.4/6.9 MB | 13 kBProgress (3): 1.4/2.7 MB | 1.4/6.9 MB | 13 kBProgress (3): 1.4/2.7 MB | 1.4/6.9 MB | 13 kBProgress (3): 1.4/2.7 MB | 1.4/6.9 MB | 13 kBProgress (3): 1.4/2.7 MB | 1.4/6.9 MB | 13 kBProgress (3): 1.4/2.7 MB | 1.5/6.9 MB | 13 kBProgress (3): 1.5/2.7 MB | 1.5/6.9 MB | 13 kBProgress (3): 1.5/2.7 MB | 1.5/6.9 MB | 13 kBProgress (3): 1.5/2.7 MB | 1.5/6.9 MB | 13 kBProgress (3): 1.5/2.7 MB | 1.5/6.9 MB | 13 kBProgress (3): 1.5/2.7 MB | 1.5/6.9 MB | 13 kBProgress (3): 1.5/2.7 MB | 1.5/6.9 MB | 13 kBProgress (3): 1.5/2.7 MB | 1.5/6.9 MB | 13 kBProgress (3): 1.5/2.7 MB | 1.5/6.9 MB | 13 kBProgress (3): 1.5/2.7 MB | 1.6/6.9 MB | 13 kBProgress (3): 1.6/2.7 MB | 1.6/6.9 MB | 13 kBProgress (3): 1.6/2.7 MB | 1.6/6.9 MB | 13 kBProgress (3): 1.6/2.7 MB | 1.6/6.9 MB | 13 kBProgress (3): 1.6/2.7 MB | 1.6/6.9 MB | 13 kBProgress (3): 1.6/2.7 MB | 1.6/6.9 MB | 13 kBProgress (3): 1.6/2.7 MB | 1.6/6.9 MB | 13 kBProgress (3): 1.6/2.7 MB | 1.6/6.9 MB | 13 kBProgress (3): 1.6/2.7 MB | 1.6/6.9 MB | 13 kBProgress (3): 1.6/2.7 MB | 1.7/6.9 MB | 13 kBProgress (3): 1.6/2.7 MB | 1.7/6.9 MB | 13 kBProgress (3): 1.7/2.7 MB | 1.7/6.9 MB | 13 kBProgress (3): 1.7/2.7 MB | 1.7/6.9 MB | 13 kBProgress (3): 1.7/2.7 MB | 1.7/6.9 MB | 13 kBProgress (3): 1.7/2.7 MB | 1.7/6.9 MB | 13 kBProgress (3): 1.7/2.7 MB | 1.7/6.9 MB | 13 kBProgress (3): 1.7/2.7 MB | 1.7/6.9 MB | 13 kBProgress (3): 1.7/2.7 MB | 1.7/6.9 MB | 13 kBProgress (3): 1.7/2.7 MB | 1.8/6.9 MB | 13 kBProgress (3): 1.7/2.7 MB | 1.8/6.9 MB | 13 kBProgress (3): 1.8/2.7 MB | 1.8/6.9 MB | 13 kBProgress (3): 1.8/2.7 MB | 1.8/6.9 MB | 13 kBProgress (3): 1.8/2.7 MB | 1.8/6.9 MB | 13 kBProgress (3): 1.8/2.7 MB | 1.8/6.9 MB | 13 kBProgress (3): 1.8/2.7 MB | 1.8/6.9 MB | 13 kBProgress (3): 1.8/2.7 MB | 1.8/6.9 MB | 13 kBProgress (3): 1.8/2.7 MB | 1.8/6.9 MB | 13 kBProgress (3): 1.8/2.7 MB | 1.9/6.9 MB | 13 kBProgress (3): 1.8/2.7 MB | 1.9/6.9 MB | 13 kBProgress (3): 1.9/2.7 MB | 1.9/6.9 MB | 13 kBProgress (3): 1.9/2.7 MB | 1.9/6.9 MB | 13 kBProgress (3): 1.9/2.7 MB | 1.9/6.9 MB | 13 kBProgress (3): 1.9/2.7 MB | 1.9/6.9 MB | 13 kBProgress (3): 1.9/2.7 MB | 1.9/6.9 MB | 13 kBProgress (3): 1.9/2.7 MB | 1.9/6.9 MB | 13 kBProgress (3): 1.9/2.7 MB | 1.9/6.9 MB | 13 kBProgress (3): 1.9/2.7 MB | 2.0/6.9 MB | 13 kBProgress (3): 1.9/2.7 MB | 2.0/6.9 MB | 13 kBProgress (3): 2.0/2.7 MB | 2.0/6.9 MB | 13 kBProgress (3): 2.0/2.7 MB | 2.0/6.9 MB | 13 kBProgress (3): 2.0/2.7 MB | 2.0/6.9 MB | 13 kBProgress (3): 2.0/2.7 MB | 2.0/6.9 MB | 13 kBProgress (3): 2.0/2.7 MB | 2.0/6.9 MB | 13 kBProgress (3): 2.0/2.7 MB | 2.0/6.9 MB | 13 kBProgress (3): 2.0/2.7 MB | 2.0/6.9 MB | 13 kBProgress (3): 2.0/2.7 MB | 2.1/6.9 MB | 13 kBProgress (3): 2.0/2.7 MB | 2.1/6.9 MB | 13 kBProgress (3): 2.0/2.7 MB | 2.1/6.9 MB | 13 kBProgress (3): 2.1/2.7 MB | 2.1/6.9 MB | 13 kBProgress (3): 2.1/2.7 MB | 2.1/6.9 MB | 13 kBProgress (3): 2.1/2.7 MB | 2.1/6.9 MB | 13 kBProgress (3): 2.1/2.7 MB | 2.1/6.9 MB | 13 kBProgress (3): 2.1/2.7 MB | 2.1/6.9 MB | 13 kBProgress (3): 2.1/2.7 MB | 2.1/6.9 MB | 13 kBProgress (3): 2.1/2.7 MB | 2.2/6.9 MB | 13 kBProgress (3): 2.1/2.7 MB | 2.2/6.9 MB | 13 kBProgress (3): 2.2/2.7 MB | 2.2/6.9 MB | 13 kBProgress (3): 2.2/2.7 MB | 2.2/6.9 MB | 13 kBProgress (3): 2.2/2.7 MB | 2.2/6.9 MB | 13 kBProgress (3): 2.2/2.7 MB | 2.2/6.9 MB | 13 kBProgress (3): 2.2/2.7 MB | 2.2/6.9 MB | 13 kBProgress (3): 2.2/2.7 MB | 2.2/6.9 MB | 13 kBProgress (3): 2.2/2.7 MB | 2.3/6.9 MB | 13 kBProgress (3): 2.2/2.7 MB | 2.3/6.9 MB | 13 kBProgress (3): 2.2/2.7 MB | 2.3/6.9 MB | 13 kBProgress (3): 2.2/2.7 MB | 2.3/6.9 MB | 13 kBProgress (3): 2.2/2.7 MB | 2.3/6.9 MB | 13 kBProgress (3): 2.3/2.7 MB | 2.3/6.9 MB | 13 kBProgress (3): 2.3/2.7 MB | 2.3/6.9 MB | 13 kBProgress (3): 2.3/2.7 MB | 2.3/6.9 MB | 13 kBProgress (3): 2.3/2.7 MB | 2.4/6.9 MB | 13 kBProgress (3): 2.3/2.7 MB | 2.4/6.9 MB | 13 kBProgress (3): 2.3/2.7 MB | 2.4/6.9 MB | 13 kBProgress (3): 2.3/2.7 MB | 2.4/6.9 MB | 13 kBProgress (3): 2.3/2.7 MB | 2.4/6.9 MB | 13 kBProgress (3): 2.3/2.7 MB | 2.4/6.9 MB | 13 kBProgress (3): 2.3/2.7 MB | 2.5/6.9 MB | 13 kBProgress (3): 2.3/2.7 MB | 2.5/6.9 MB | 13 kBProgress (3): 2.3/2.7 MB | 2.5/6.9 MB | 13 kBProgress (3): 2.3/2.7 MB | 2.6/6.9 MB | 13 kBProgress (3): 2.3/2.7 MB | 2.6/6.9 MB | 13 kBProgress (3): 2.3/2.7 MB | 2.6/6.9 MB | 13 kBProgress (3): 2.3/2.7 MB | 2.7/6.9 MB | 13 kBProgress (3): 2.3/2.7 MB | 2.7/6.9 MB | 13 kBProgress (3): 2.3/2.7 MB | 2.7/6.9 MB | 13 kBProgress (3): 2.3/2.7 MB | 2.8/6.9 MB | 13 kBProgress (3): 2.3/2.7 MB | 2.8/6.9 MB | 13 kBProgress (3): 2.3/2.7 MB | 2.8/6.9 MB | 13 kBProgress (3): 2.3/2.7 MB | 2.9/6.9 MB | 13 kBProgress (3): 2.3/2.7 MB | 2.9/6.9 MB | 13 kBProgress (3): 2.3/2.7 MB | 2.9/6.9 MB | 13 kBProgress (3): 2.3/2.7 MB | 3.0/6.9 MB | 13 kBProgress (3): 2.3/2.7 MB | 3.0/6.9 MB | 13 kBProgress (3): 2.3/2.7 MB | 3.0/6.9 MB | 13 kBProgress (3): 2.3/2.7 MB | 3.1/6.9 MB | 13 kBProgress (3): 2.3/2.7 MB | 3.1/6.9 MB | 13 kBProgress (3): 2.3/2.7 MB | 3.1/6.9 MB | 13 kBProgress (3): 2.3/2.7 MB | 3.2/6.9 MB | 13 kBProgress (3): 2.3/2.7 MB | 3.2/6.9 MB | 13 kBProgress (3): 2.3/2.7 MB | 3.2/6.9 MB | 13 kBProgress (3): 2.3/2.7 MB | 3.2/6.9 MB | 13 kBProgress (3): 2.4/2.7 MB | 3.2/6.9 MB | 13 kBProgress (3): 2.4/2.7 MB | 3.3/6.9 MB | 13 kBProgress (3): 2.4/2.7 MB | 3.3/6.9 MB | 13 kBProgress (3): 2.4/2.7 MB | 3.3/6.9 MB | 13 kBProgress (3): 2.4/2.7 MB | 3.3/6.9 MB | 13 kBProgress (3): 2.4/2.7 MB | 3.3/6.9 MB | 13 kBProgress (3): 2.4/2.7 MB | 3.3/6.9 MB | 13 kBProgress (3): 2.4/2.7 MB | 3.3/6.9 MB | 13 kBProgress (3): 2.4/2.7 MB | 3.3/6.9 MB | 13 kBProgress (3): 2.5/2.7 MB | 3.3/6.9 MB | 13 kBProgress (3): 2.5/2.7 MB | 3.4/6.9 MB | 13 kBProgress (3): 2.5/2.7 MB | 3.4/6.9 MB | 13 kBProgress (3): 2.5/2.7 MB | 3.4/6.9 MB | 13 kBProgress (3): 2.5/2.7 MB | 3.4/6.9 MB | 13 kBProgress (3): 2.5/2.7 MB | 3.4/6.9 MB | 13 kBProgress (3): 2.5/2.7 MB | 3.4/6.9 MB | 13 kBProgress (3): 2.5/2.7 MB | 3.4/6.9 MB | 13 kBProgress (3): 2.5/2.7 MB | 3.4/6.9 MB | 13 kBProgress (3): 2.6/2.7 MB | 3.4/6.9 MB | 13 kBProgress (3): 2.6/2.7 MB | 3.5/6.9 MB | 13 kBProgress (3): 2.6/2.7 MB | 3.5/6.9 MB | 13 kBProgress (3): 2.6/2.7 MB | 3.5/6.9 MB | 13 kBProgress (3): 2.6/2.7 MB | 3.5/6.9 MB | 13 kBProgress (3): 2.6/2.7 MB | 3.5/6.9 MB | 13 kBProgress (3): 2.6/2.7 MB | 3.5/6.9 MB | 13 kBProgress (3): 2.6/2.7 MB | 3.5/6.9 MB | 13 kBProgress (3): 2.6/2.7 MB | 3.5/6.9 MB | 13 kBProgress (3): 2.7/2.7 MB | 3.5/6.9 MB | 13 kBProgress (3): 2.7 MB | 3.5/6.9 MB | 13 kB    Progress (3): 2.7 MB | 3.6/6.9 MB | 13 kBProgress (3): 2.7 MB | 3.6/6.9 MB | 13 kBProgress (3): 2.7 MB | 3.6/6.9 MB | 13 kBProgress (3): 2.7 MB | 3.7/6.9 MB | 13 kBProgress (3): 2.7 MB | 3.7/6.9 MB | 13 kBProgress (3): 2.7 MB | 3.7/6.9 MB | 13 kBProgress (3): 2.7 MB | 3.8/6.9 MB | 13 kB                                         Downloaded from central: https://repo.maven.apache.org/maven2/com/google/errorprone/error_prone_annotations/2.3.1/error_prone_annotations-2.3.1.jar (13 kB at 10 kB/s)
Progress (2): 2.7 MB | 3.8/6.9 MBProgress (2): 2.7 MB | 3.8/6.9 MBProgress (2): 2.7 MB | 3.9/6.9 MBProgress (2): 2.7 MB | 3.9/6.9 MBProgress (2): 2.7 MB | 3.9/6.9 MBProgress (2): 2.7 MB | 4.0/6.9 MBProgress (2): 2.7 MB | 4.0/6.9 MBProgress (2): 2.7 MB | 4.0/6.9 MBProgress (2): 2.7 MB | 4.1/6.9 MBProgress (2): 2.7 MB | 4.1/6.9 MBProgress (2): 2.7 MB | 4.1/6.9 MBProgress (2): 2.7 MB | 4.2/6.9 MBProgress (2): 2.7 MB | 4.2/6.9 MBProgress (2): 2.7 MB | 4.2/6.9 MBProgress (2): 2.7 MB | 4.3/6.9 MBProgress (2): 2.7 MB | 4.3/6.9 MBProgress (2): 2.7 MB | 4.3/6.9 MBProgress (2): 2.7 MB | 4.4/6.9 MBProgress (2): 2.7 MB | 4.4/6.9 MBProgress (2): 2.7 MB | 4.4/6.9 MBProgress (2): 2.7 MB | 4.5/6.9 MBProgress (2): 2.7 MB | 4.5/6.9 MBProgress (2): 2.7 MB | 4.5/6.9 MBProgress (2): 2.7 MB | 4.6/6.9 MBProgress (2): 2.7 MB | 4.6/6.9 MBProgress (2): 2.7 MB | 4.6/6.9 MBProgress (2): 2.7 MB | 4.7/6.9 MBProgress (2): 2.7 MB | 4.7/6.9 MBProgress (2): 2.7 MB | 4.7/6.9 MBProgress (2): 2.7 MB | 4.7/6.9 MBProgress (2): 2.7 MB | 4.8/6.9 MBProgress (2): 2.7 MB | 4.8/6.9 MBProgress (2): 2.7 MB | 4.8/6.9 MBProgress (2): 2.7 MB | 4.9/6.9 MBProgress (2): 2.7 MB | 4.9/6.9 MBProgress (2): 2.7 MB | 4.9/6.9 MBProgress (2): 2.7 MB | 5.0/6.9 MBProgress (2): 2.7 MB | 5.0/6.9 MBProgress (2): 2.7 MB | 5.0/6.9 MBProgress (2): 2.7 MB | 5.1/6.9 MBProgress (2): 2.7 MB | 5.1/6.9 MBProgress (2): 2.7 MB | 5.1/6.9 MBProgress (2): 2.7 MB | 5.2/6.9 MBProgress (2): 2.7 MB | 5.2/6.9 MBProgress (2): 2.7 MB | 5.2/6.9 MBProgress (2): 2.7 MB | 5.3/6.9 MBProgress (2): 2.7 MB | 5.3/6.9 MBProgress (2): 2.7 MB | 5.3/6.9 MBProgress (2): 2.7 MB | 5.4/6.9 MBProgress (2): 2.7 MB | 5.4/6.9 MBProgress (2): 2.7 MB | 5.4/6.9 MBProgress (2): 2.7 MB | 5.5/6.9 MBProgress (2): 2.7 MB | 5.5/6.9 MBProgress (2): 2.7 MB | 5.5/6.9 MBProgress (2): 2.7 MB | 5.6/6.9 MBProgress (2): 2.7 MB | 5.6/6.9 MBProgress (2): 2.7 MB | 5.6/6.9 MBProgress (2): 2.7 MB | 5.7/6.9 MBProgress (2): 2.7 MB | 5.7/6.9 MBProgress (2): 2.7 MB | 5.7/6.9 MBProgress (2): 2.7 MB | 5.8/6.9 MBProgress (2): 2.7 MB | 5.8/6.9 MBProgress (2): 2.7 MB | 5.8/6.9 MBProgress (2): 2.7 MB | 5.9/6.9 MBProgress (2): 2.7 MB | 5.9/6.9 MBProgress (2): 2.7 MB | 5.9/6.9 MBProgress (2): 2.7 MB | 6.0/6.9 MBProgress (2): 2.7 MB | 6.0/6.9 MBProgress (2): 2.7 MB | 6.0/6.9 MBProgress (2): 2.7 MB | 6.1/6.9 MBProgress (2): 2.7 MB | 6.1/6.9 MBProgress (2): 2.7 MB | 6.1/6.9 MBProgress (2): 2.7 MB | 6.2/6.9 MBProgress (2): 2.7 MB | 6.2/6.9 MBProgress (2): 2.7 MB | 6.2/6.9 MBProgress (2): 2.7 MB | 6.3/6.9 MBProgress (2): 2.7 MB | 6.3/6.9 MBProgress (2): 2.7 MB | 6.3/6.9 MBProgress (2): 2.7 MB | 6.4/6.9 MBProgress (2): 2.7 MB | 6.4/6.9 MBProgress (2): 2.7 MB | 6.4/6.9 MBProgress (2): 2.7 MB | 6.5/6.9 MBProgress (2): 2.7 MB | 6.5/6.9 MBProgress (2): 2.7 MB | 6.5/6.9 MBProgress (2): 2.7 MB | 6.6/6.9 MBProgress (2): 2.7 MB | 6.6/6.9 MBProgress (2): 2.7 MB | 6.6/6.9 MBProgress (2): 2.7 MB | 6.6/6.9 MBProgress (2): 2.7 MB | 6.7/6.9 MBProgress (2): 2.7 MB | 6.7/6.9 MBProgress (2): 2.7 MB | 6.7/6.9 MBProgress (2): 2.7 MB | 6.8/6.9 MB                                 Downloaded from central: https://repo.maven.apache.org/maven2/com/google/guava/guava/23.5-jre/guava-23.5-jre.jar (2.7 MB at 1.9 MB/s)
Progress (1): 6.8/6.9 MBProgress (1): 6.8/6.9 MBProgress (1): 6.9/6.9 MBProgress (1): 6.9 MB                        Downloaded from central: https://repo.maven.apache.org/maven2/com/google/errorprone/javac/9+181-r4173-1/javac-9+181-r4173-1.jar (6.9 MB at 4.4 MB/s)
[INFO] Changes detected - recompiling the module!
[INFO] Compiling 17 source files to /Users/seyoung/data/repo/target/classes
[INFO] 
[INFO] --- maven-resources-plugin:2.6:testResources (default-testResources) @ javapoet ---
[INFO] Using 'UTF-8' encoding to copy filtered resources.
[INFO] skip non existing resourceDirectory /Users/seyoung/data/repo/src/test/resources
[INFO] 
[INFO] --- maven-compiler-plugin:3.8.0:testCompile (default-testCompile) @ javapoet ---
[INFO] Changes detected - recompiling the module!
[INFO] Compiling 22 source files to /Users/seyoung/data/repo/target/test-classes
[INFO] 
[INFO] --- maven-surefire-plugin:2.12.4:test (default-test) @ javapoet ---
[INFO] Surefire report directory: /Users/seyoung/data/repo/target/surefire-reports

-------------------------------------------------------
 T E S T S
-------------------------------------------------------
Running ClassNameNoPackageTest
Tests run: 1, Failures: 0, Errors: 0, Skipped: 0, Time elapsed: 0.042 sec
Running com.squareup.javapoet.UtilTest
Tests run: 2, Failures: 0, Errors: 0, Skipped: 0, Time elapsed: 0.001 sec
Running com.squareup.javapoet.JavaFileTest
Tests run: 41, Failures: 0, Errors: 0, Skipped: 1, Time elapsed: 0.665 sec
Running com.squareup.javapoet.FileWritingTest
Tests run: 12, Failures: 0, Errors: 0, Skipped: 0, Time elapsed: 0.285 sec
Running com.squareup.javapoet.TypeSpecTest
Tests run: 122, Failures: 0, Errors: 0, Skipped: 0, Time elapsed: 0.914 sec
Running com.squareup.javapoet.NameAllocatorTest
Tests run: 11, Failures: 0, Errors: 0, Skipped: 0, Time elapsed: 0 sec
Running com.squareup.javapoet.TypeNameTest
Tests run: 12, Failures: 0, Errors: 0, Skipped: 0, Time elapsed: 0.006 sec
Running com.squareup.javapoet.FieldSpecTest
Tests run: 4, Failures: 0, Errors: 0, Skipped: 0, Time elapsed: 0 sec
Running com.squareup.javapoet.CodeBlockTest
Tests run: 36, Failures: 0, Errors: 0, Skipped: 0, Time elapsed: 0.014 sec
Running com.squareup.javapoet.TypesTest
Tests run: 20, Failures: 0, Errors: 0, Skipped: 0, Time elapsed: 0.19 sec
Running com.squareup.javapoet.FileReadingTest
Tests run: 5, Failures: 0, Errors: 0, Skipped: 0, Time elapsed: 0.09 sec
Running com.squareup.javapoet.CodeWriterTest
Tests run: 1, Failures: 0, Errors: 0, Skipped: 0, Time elapsed: 0 sec
Running com.squareup.javapoet.MethodSpecTest
Tests run: 28, Failures: 0, Errors: 0, Skipped: 0, Time elapsed: 0.233 sec
Running com.squareup.javapoet.AnnotationSpecTest
Tests run: 11, Failures: 0, Errors: 0, Skipped: 0, Time elapsed: 0.081 sec
Running com.squareup.javapoet.AnnotatedTypeNameTest
Tests run: 22, Failures: 0, Errors: 0, Skipped: 0, Time elapsed: 0.003 sec
Running com.squareup.javapoet.ClassNameTest
Tests run: 13, Failures: 0, Errors: 0, Skipped: 0, Time elapsed: 0.316 sec
Running com.squareup.javapoet.TypesEclipseTest
Tests run: 20, Failures: 0, Errors: 0, Skipped: 0, Time elapsed: 3.224 sec
Running com.squareup.javapoet.LineWrapperTest
Tests run: 16, Failures: 0, Errors: 0, Skipped: 0, Time elapsed: 0 sec
Running com.squareup.javapoet.ParameterSpecTest
Tests run: 10, Failures: 0, Errors: 0, Skipped: 0, Time elapsed: 0.082 sec

Results :

Tests run: 387, Failures: 0, Errors: 0, Skipped: 1

[INFO] ------------------------------------------------------------------------
[INFO] BUILD SUCCESS
[INFO] ------------------------------------------------------------------------
[INFO] Total time:  31.395 s
[INFO] Finished at: 2021-11-27T16:34:28+09:00
[INFO] ------------------------------------------------------------------------
[main][9/14] mvn --file repo/pom.xml --fail-never -Dmaven.clover.generateHtml=false clean clover:setup test clover:aggregate clover:clover
[INFO] Scanning for projects...
[INFO] 
[INFO] -----------------------< com.squareup:javapoet >------------------------
[INFO] Building JavaPoet 1.14.0-SNAPSHOT
[INFO] --------------------------------[ jar ]---------------------------------
[INFO] 
[INFO] --- maven-clean-plugin:2.5:clean (default-clean) @ javapoet ---
[INFO] Deleting /Users/seyoung/data/repo/target
[INFO] 
[INFO] --- clover-maven-plugin:4.4.1:setup (default-cli) @ javapoet ---
[INFO] OpenClover Version 4.4.1, built on October 11 2019 (build-1020)
[INFO] Creating new database at '/Users/seyoung/data/repo/target/clover/clover.db'.
[INFO] Processing files at 1.8 source level.
[INFO] Clover all over. Instrumented 17 files (1 package).
[INFO] OpenClover Version 4.4.1, built on October 11 2019 (build-1020)
[INFO] Updating existing database at '/Users/seyoung/data/repo/target/clover/clover.db'.
[INFO] Processing files at 1.8 source level.
[INFO] Clover all over. Instrumented 22 files (2 packages).
[INFO] 366 test methods detected.
[INFO] 
[INFO] --- maven-enforcer-plugin:1.0:enforce (enforce-maven) @ javapoet ---
[INFO] 
[INFO] --- maven-resources-plugin:2.6:resources (default-resources) @ javapoet ---
[INFO] Using 'UTF-8' encoding to copy filtered resources.
[INFO] skip non existing resourceDirectory /Users/seyoung/data/repo/src/main/resources
[INFO] Copying 1 resource
[INFO] 
[INFO] --- maven-compiler-plugin:3.8.0:compile (default-compile) @ javapoet ---
[INFO] Changes detected - recompiling the module!
[INFO] Compiling 17 source files to /Users/seyoung/data/repo/target/classes
[INFO] 
[INFO] --- maven-resources-plugin:2.6:testResources (default-testResources) @ javapoet ---
[INFO] Using 'UTF-8' encoding to copy filtered resources.
[INFO] skip non existing resourceDirectory /Users/seyoung/data/repo/src/test/resources
[INFO] 
[INFO] --- maven-compiler-plugin:3.8.0:testCompile (default-testCompile) @ javapoet ---
[INFO] Changes detected - recompiling the module!
[INFO] Compiling 22 source files to /Users/seyoung/data/repo/target/test-classes
[INFO] 
[INFO] --- maven-surefire-plugin:2.12.4:test (default-test) @ javapoet ---
[INFO] Surefire report directory: /Users/seyoung/data/repo/target/surefire-reports

-------------------------------------------------------
 T E S T S
-------------------------------------------------------
Running ClassNameNoPackageTest
Tests run: 1, Failures: 0, Errors: 0, Skipped: 0, Time elapsed: 0.056 sec
Running com.squareup.javapoet.UtilTest
Tests run: 2, Failures: 0, Errors: 0, Skipped: 0, Time elapsed: 0 sec
Running com.squareup.javapoet.JavaFileTest
Tests run: 41, Failures: 0, Errors: 0, Skipped: 1, Time elapsed: 0.802 sec
Running com.squareup.javapoet.FileWritingTest
Tests run: 12, Failures: 0, Errors: 0, Skipped: 0, Time elapsed: 0.307 sec
Running com.squareup.javapoet.TypeSpecTest
Tests run: 122, Failures: 0, Errors: 0, Skipped: 0, Time elapsed: 1.283 sec
Running com.squareup.javapoet.NameAllocatorTest
Tests run: 11, Failures: 0, Errors: 0, Skipped: 0, Time elapsed: 0.006 sec
Running com.squareup.javapoet.TypeNameTest
Tests run: 12, Failures: 0, Errors: 0, Skipped: 0, Time elapsed: 0.011 sec
Running com.squareup.javapoet.FieldSpecTest
Tests run: 4, Failures: 0, Errors: 0, Skipped: 0, Time elapsed: 0.006 sec
Running com.squareup.javapoet.CodeBlockTest
Tests run: 36, Failures: 0, Errors: 0, Skipped: 0, Time elapsed: 0.024 sec
Running com.squareup.javapoet.TypesTest
Tests run: 20, Failures: 0, Errors: 0, Skipped: 0, Time elapsed: 0.277 sec
Running com.squareup.javapoet.FileReadingTest
Tests run: 5, Failures: 0, Errors: 0, Skipped: 0, Time elapsed: 0.067 sec
Running com.squareup.javapoet.CodeWriterTest
Tests run: 1, Failures: 0, Errors: 0, Skipped: 0, Time elapsed: 0 sec
Running com.squareup.javapoet.MethodSpecTest
Tests run: 28, Failures: 0, Errors: 0, Skipped: 0, Time elapsed: 0.309 sec
Running com.squareup.javapoet.AnnotationSpecTest
Tests run: 11, Failures: 0, Errors: 0, Skipped: 0, Time elapsed: 0.122 sec
Running com.squareup.javapoet.AnnotatedTypeNameTest
Tests run: 22, Failures: 0, Errors: 0, Skipped: 0, Time elapsed: 0.02 sec
Running com.squareup.javapoet.ClassNameTest
Tests run: 13, Failures: 0, Errors: 0, Skipped: 0, Time elapsed: 0.342 sec
Running com.squareup.javapoet.TypesEclipseTest
Tests run: 20, Failures: 0, Errors: 0, Skipped: 0, Time elapsed: 3.335 sec
Running com.squareup.javapoet.LineWrapperTest
Tests run: 16, Failures: 0, Errors: 0, Skipped: 0, Time elapsed: 0.02 sec
Running com.squareup.javapoet.ParameterSpecTest
Tests run: 10, Failures: 0, Errors: 0, Skipped: 0, Time elapsed: 0.064 sec

Results :

Tests run: 387, Failures: 0, Errors: 0, Skipped: 1

[INFO] 
[INFO] -----------------------< com.squareup:javapoet >------------------------
[INFO] Building JavaPoet 1.14.0-SNAPSHOT
[INFO] --------------------------------[ jar ]---------------------------------
[INFO] 
[INFO] --- clover-maven-plugin:4.4.1:aggregate (default-cli) @ javapoet ---
[INFO] 
[INFO] -----------------------< com.squareup:javapoet >------------------------
[INFO] Building JavaPoet 1.14.0-SNAPSHOT
[INFO] --------------------------------[ jar ]---------------------------------
[INFO] 
[INFO] --- clover-maven-plugin:4.4.1:clover (default-cli) @ javapoet ---
[INFO] Using default-clover-report descriptor.
[INFO] Using Clover report descriptor: /var/folders/c3/vd5gtpms4730p559wddlm0zw0000gn/T/mvn8048366827624771042resource
[INFO] OpenClover Version 4.4.1, built on October 11 2019 (build-1020)
[INFO] Clover is enabled with initstring '/Users/seyoung/data/repo/target/clover/clover.db'
[INFO] OpenClover Version 4.4.1, built on October 11 2019 (build-1020)
[INFO] Loading coverage database from: '/Users/seyoung/data/repo/target/clover/clover.db'
[INFO] Writing report to '/Users/seyoung/data/repo/target/site/clover/clover.xml'
[INFO] ------------------------------------------------------------------------
[INFO] BUILD SUCCESS
[INFO] ------------------------------------------------------------------------
[INFO] Total time:  17.301 s
[INFO] Finished at: 2021-11-27T16:34:46+09:00
[INFO] ------------------------------------------------------------------------
[main][10/14] cp repo/target/site/clover/clover.xml ./clover.xml
[main][11/14] python identify_tests.py
Done.
[main][12/14] mkdir -p clover
[main][13/14] bash tests.sh
[test][1/346] com.squareup.javapoet.AnnotatedTypeNameTest#annotated
[test][2/346] com.squareup.javapoet.AnnotatedTypeNameTest#annotatedArgumentOfParameterizedType
[test][3/346] com.squareup.javapoet.AnnotatedTypeNameTest#annotatedArrayElementType
[test][4/346] com.squareup.javapoet.AnnotatedTypeNameTest#annotatedArrayType
[test][5/346] com.squareup.javapoet.AnnotatedTypeNameTest#annotatedArrayTypeInVarargsParameter
[test][6/346] com.squareup.javapoet.AnnotatedTypeNameTest#annotatedArrayTypeVarargsParameter
[test][7/346] com.squareup.javapoet.AnnotatedTypeNameTest#annotatedEnclosingAndNestedType
[test][8/346] com.squareup.javapoet.AnnotatedTypeNameTest#annotatedEquivalence
[test][9/346] com.squareup.javapoet.AnnotatedTypeNameTest#annotatedInnerMultidimensionalArrayType
[test][10/346] com.squareup.javapoet.AnnotatedTypeNameTest#annotatedNestedParameterizedType
[test][11/346] com.squareup.javapoet.AnnotatedTypeNameTest#annotatedNestedType
[test][12/346] com.squareup.javapoet.AnnotatedTypeNameTest#annotatedOuterMultidimensionalArrayType
[test][13/346] com.squareup.javapoet.AnnotatedTypeNameTest#annotatedParameterizedType
[test][14/346] com.squareup.javapoet.AnnotatedTypeNameTest#annotatedTwice
[test][15/346] com.squareup.javapoet.AnnotatedTypeNameTest#annotatedType
[test][16/346] com.squareup.javapoet.AnnotatedTypeNameTest#annotatedWildcardTypeNameWithExtends
[test][17/346] com.squareup.javapoet.AnnotatedTypeNameTest#annotatedWildcardTypeNameWithSuper
[test][18/346] com.squareup.javapoet.AnnotatedTypeNameTest#nullAnnotationArray
[test][19/346] com.squareup.javapoet.AnnotatedTypeNameTest#nullAnnotationList
[test][20/346] com.squareup.javapoet.AnnotatedTypeNameTest#withoutAnnotationsOnAnnotatedEnclosingAndNestedType
[test][21/346] com.squareup.javapoet.AnnotatedTypeNameTest#withoutAnnotationsOnAnnotatedEnclosingType
[test][22/346] com.squareup.javapoet.AnnotatedTypeNameTest#withoutAnnotationsOnAnnotatedNestedType
[test][23/346] com.squareup.javapoet.AnnotationSpecTest#defaultAnnotation
[test][24/346] com.squareup.javapoet.AnnotationSpecTest#defaultAnnotationToBuilder
[test][25/346] com.squareup.javapoet.AnnotationSpecTest#defaultAnnotationWithImport
[test][26/346] com.squareup.javapoet.AnnotationSpecTest#disallowsNullMemberName
[test][27/346] com.squareup.javapoet.AnnotationSpecTest#dynamicArrayOfEnumConstants
[test][28/346] com.squareup.javapoet.AnnotationSpecTest#emptyArray
[test][29/346] com.squareup.javapoet.AnnotationSpecTest#equalsAndHashCode
[test][30/346] com.squareup.javapoet.AnnotationSpecTest#modifyMembers
[test][31/346] com.squareup.javapoet.AnnotationSpecTest#reflectAnnotation
[test][32/346] com.squareup.javapoet.AnnotationSpecTest#reflectAnnotationWithDefaults
[test][33/346] com.squareup.javapoet.AnnotationSpecTest#requiresValidMemberName
[test][34/346] com.squareup.javapoet.ClassNameTest#bestGuessForString_confusingInput
[test][35/346] com.squareup.javapoet.ClassNameTest#bestGuessForString_defaultPackage
[test][36/346] com.squareup.javapoet.ClassNameTest#bestGuessForString_nestedClass
[test][37/346] com.squareup.javapoet.ClassNameTest#bestGuessForString_simpleClass
[test][38/346] com.squareup.javapoet.ClassNameTest#bestGuessNonAscii
[test][39/346] com.squareup.javapoet.ClassNameTest#canonicalName
[test][40/346] com.squareup.javapoet.ClassNameTest#classNameFromClass
[test][41/346] com.squareup.javapoet.ClassNameTest#classNameFromTypeElement
[test][42/346] com.squareup.javapoet.ClassNameTest#classNameFromTypeElementDoesntUseGetKind
[test][43/346] com.squareup.javapoet.ClassNameTest#createNestedClass
[test][44/346] com.squareup.javapoet.ClassNameTest#fromClassRejectionTypes
[test][45/346] com.squareup.javapoet.ClassNameTest#peerClass
[test][46/346] com.squareup.javapoet.ClassNameTest#reflectionName
[test][47/346] com.squareup.javapoet.CodeBlockTest#clear
[test][48/346] com.squareup.javapoet.CodeBlockTest#danglingNamed
[test][49/346] com.squareup.javapoet.CodeBlockTest#deindentCannotBeIndexed
[test][50/346] com.squareup.javapoet.CodeBlockTest#dollarSignEscapeCannotBeIndexed
[test][51/346] com.squareup.javapoet.CodeBlockTest#equalsAndHashCode
[test][52/346] com.squareup.javapoet.CodeBlockTest#formatIndicatorAlone
[test][53/346] com.squareup.javapoet.CodeBlockTest#formatIndicatorWithoutIndexOrFormatType
[test][54/346] com.squareup.javapoet.CodeBlockTest#indentCannotBeIndexed
[test][55/346] com.squareup.javapoet.CodeBlockTest#indexButNoArguments
[test][56/346] com.squareup.javapoet.CodeBlockTest#indexIsNegative
[test][57/346] com.squareup.javapoet.CodeBlockTest#indexIsZero
[test][58/346] com.squareup.javapoet.CodeBlockTest#indexTooHigh
[test][59/346] com.squareup.javapoet.CodeBlockTest#indexWithoutFormatType
[test][60/346] com.squareup.javapoet.CodeBlockTest#indexWithoutFormatTypeNotAtStringEnd
[test][61/346] com.squareup.javapoet.CodeBlockTest#isEmpty
[test][62/346] com.squareup.javapoet.CodeBlockTest#join
[test][63/346] com.squareup.javapoet.CodeBlockTest#joining
[test][64/346] com.squareup.javapoet.CodeBlockTest#joiningSingle
[test][65/346] com.squareup.javapoet.CodeBlockTest#joiningWithPrefixAndSuffix
[test][66/346] com.squareup.javapoet.CodeBlockTest#literalFormatCanBeIndexed
[test][67/346] com.squareup.javapoet.CodeBlockTest#lowerCaseNamed
[test][68/346] com.squareup.javapoet.CodeBlockTest#missingNamedArgument
[test][69/346] com.squareup.javapoet.CodeBlockTest#multipleNamedArguments
[test][70/346] com.squareup.javapoet.CodeBlockTest#nameFormatCanBeIndexed
[test][71/346] com.squareup.javapoet.CodeBlockTest#namedAndNoArgFormat
[test][72/346] com.squareup.javapoet.CodeBlockTest#namedNewline
[test][73/346] com.squareup.javapoet.CodeBlockTest#of
[test][74/346] com.squareup.javapoet.CodeBlockTest#repeatedNamedArgument
[test][75/346] com.squareup.javapoet.CodeBlockTest#sameIndexCanBeUsedWithDifferentFormats
[test][76/346] com.squareup.javapoet.CodeBlockTest#simpleNamedArgument
[test][77/346] com.squareup.javapoet.CodeBlockTest#statementBeginningCannotBeIndexed
[test][78/346] com.squareup.javapoet.CodeBlockTest#statementEndingCannotBeIndexed
[test][79/346] com.squareup.javapoet.CodeBlockTest#statementExitWithoutStatementEnter
[test][80/346] com.squareup.javapoet.CodeBlockTest#stringFormatCanBeIndexed
[test][81/346] com.squareup.javapoet.CodeBlockTest#tooManyStatementEnters
[test][82/346] com.squareup.javapoet.CodeBlockTest#typeFormatCanBeIndexed
[test][83/346] com.squareup.javapoet.CodeWriterTest#emptyLineInJavaDocDosEndings
[test][84/346] com.squareup.javapoet.FieldSpecTest#equalsAndHashCode
[test][85/346] com.squareup.javapoet.FieldSpecTest#modifyAnnotations
[test][86/346] com.squareup.javapoet.FieldSpecTest#modifyModifiers
[test][87/346] com.squareup.javapoet.FieldSpecTest#nullAnnotationsAddition
[test][88/346] com.squareup.javapoet.FileReadingTest#compileJavaFile
[test][89/346] com.squareup.javapoet.FileReadingTest#javaFileObjectCharacterContent
[test][90/346] com.squareup.javapoet.FileReadingTest#javaFileObjectInputStreamIsUtf8
[test][91/346] com.squareup.javapoet.FileReadingTest#javaFileObjectKind
[test][92/346] com.squareup.javapoet.FileReadingTest#javaFileObjectUri
[test][93/346] com.squareup.javapoet.FileWritingTest#fileDefaultPackage
[test][94/346] com.squareup.javapoet.FileWritingTest#fileIsUtf8
[test][95/346] com.squareup.javapoet.FileWritingTest#fileNestedClasses
[test][96/346] com.squareup.javapoet.FileWritingTest#fileNotDirectory
[test][97/346] com.squareup.javapoet.FileWritingTest#filerClassesWithTabIndent
[test][98/346] com.squareup.javapoet.FileWritingTest#filerDefaultPackage
[test][99/346] com.squareup.javapoet.FileWritingTest#filerNestedClasses
[test][100/346] com.squareup.javapoet.FileWritingTest#filerPassesOriginatingElements
[test][101/346] com.squareup.javapoet.FileWritingTest#pathDefaultPackage
[test][102/346] com.squareup.javapoet.FileWritingTest#pathNestedClasses
[test][103/346] com.squareup.javapoet.FileWritingTest#pathNotDirectory
[test][104/346] com.squareup.javapoet.FileWritingTest#writeToPathReturnsPath
[test][105/346] com.squareup.javapoet.JavaFileTest#alwaysQualifySimple
[test][106/346] com.squareup.javapoet.JavaFileTest#alwaysQualifySupersedesJavaLangImports
[test][107/346] com.squareup.javapoet.JavaFileTest#annotatedTypeParam
[test][108/346] com.squareup.javapoet.JavaFileTest#annotationIsNestedClass
[test][109/346] com.squareup.javapoet.JavaFileTest#avoidClashesWithNestedClasses_viaClass
[test][110/346] com.squareup.javapoet.JavaFileTest#avoidClashesWithNestedClasses_viaSuperinterfaceType
[test][111/346] com.squareup.javapoet.JavaFileTest#avoidClashesWithNestedClasses_viaTypeElement
[test][112/346] com.squareup.javapoet.JavaFileTest#avoidClashes_mapEntry
[test][113/346] com.squareup.javapoet.JavaFileTest#avoidClashes_parentChild_superclass_type
[test][114/346] com.squareup.javapoet.JavaFileTest#avoidClashes_parentChild_superclass_typeMirror
[test][115/346] com.squareup.javapoet.JavaFileTest#avoidClashes_parentChild_superinterface_type
[test][116/346] com.squareup.javapoet.JavaFileTest#avoidClashes_parentChild_superinterface_typeMirror
[test][117/346] com.squareup.javapoet.JavaFileTest#classAndSuperclassShareName
[test][118/346] com.squareup.javapoet.JavaFileTest#conflictingAnnotation
[test][119/346] com.squareup.javapoet.JavaFileTest#conflictingAnnotationReferencedClass
[test][120/346] com.squareup.javapoet.JavaFileTest#conflictingChildName
[test][121/346] com.squareup.javapoet.JavaFileTest#conflictingImports
[test][122/346] com.squareup.javapoet.JavaFileTest#conflictingNameOutOfScope
[test][123/346] com.squareup.javapoet.JavaFileTest#conflictingParentName
[test][124/346] com.squareup.javapoet.JavaFileTest#conflictingTypeVariableBound
[test][125/346] com.squareup.javapoet.JavaFileTest#defaultPackage
[test][126/346] com.squareup.javapoet.JavaFileTest#defaultPackageTypesAreNotImported
[test][127/346] com.squareup.javapoet.JavaFileTest#emptyLinesInTopOfFileComment
[test][128/346] com.squareup.javapoet.JavaFileTest#importStaticForCrazyFormatsWorks
[test][129/346] com.squareup.javapoet.JavaFileTest#importStaticMixed
[test][130/346] com.squareup.javapoet.JavaFileTest#importStaticNone
[test][131/346] com.squareup.javapoet.JavaFileTest#importStaticOnce
[test][132/346] com.squareup.javapoet.JavaFileTest#importStaticReadmeExample
[test][133/346] com.squareup.javapoet.JavaFileTest#importStaticTwice
[test][134/346] com.squareup.javapoet.JavaFileTest#importStaticUsingWildcards
[test][135/346] com.squareup.javapoet.JavaFileTest#modifyStaticImports
[test][136/346] com.squareup.javapoet.JavaFileTest#nestedClassAndSuperclassShareName
[test][137/346] com.squareup.javapoet.JavaFileTest#noImports
[test][138/346] com.squareup.javapoet.JavaFileTest#packageClassConflictsWithNestedClass
[test][139/346] com.squareup.javapoet.JavaFileTest#packageClassConflictsWithSuperlass
[test][140/346] com.squareup.javapoet.JavaFileTest#singleImport
[test][141/346] com.squareup.javapoet.JavaFileTest#skipJavaLangImportsWithConflictingClassFirst
[test][142/346] com.squareup.javapoet.JavaFileTest#skipJavaLangImportsWithConflictingClassLast
[test][143/346] com.squareup.javapoet.JavaFileTest#superclassReferencesSelf
[test][144/346] com.squareup.javapoet.JavaFileTest#topOfFileComment
[test][145/346] com.squareup.javapoet.LineWrapperTest#fencepost
[test][146/346] com.squareup.javapoet.LineWrapperTest#fencepostZeroWidth
[test][147/346] com.squareup.javapoet.LineWrapperTest#multipleWrite
[test][148/346] com.squareup.javapoet.LineWrapperTest#noWrap
[test][149/346] com.squareup.javapoet.LineWrapperTest#noWrapEmbeddedNewlines
[test][150/346] com.squareup.javapoet.LineWrapperTest#noWrapEmbeddedNewlines_ZeroWidth
[test][151/346] com.squareup.javapoet.LineWrapperTest#noWrapMultipleNewlines
[test][152/346] com.squareup.javapoet.LineWrapperTest#nospaceWrapMax
[test][153/346] com.squareup.javapoet.LineWrapperTest#overlyLongLinesWithLeadingSpace
[test][154/346] com.squareup.javapoet.LineWrapperTest#overlyLongLinesWithLeadingZeroWidth
[test][155/346] com.squareup.javapoet.LineWrapperTest#overlyLongLinesWithoutLeadingSpace
[test][156/346] com.squareup.javapoet.LineWrapperTest#wrap
[test][157/346] com.squareup.javapoet.LineWrapperTest#wrapEmbeddedNewlines
[test][158/346] com.squareup.javapoet.LineWrapperTest#wrapEmbeddedNewlines_ZeroWidth
[test][159/346] com.squareup.javapoet.LineWrapperTest#wrapMultipleNewlines
[test][160/346] com.squareup.javapoet.LineWrapperTest#zeroWidthNoWrap
[test][161/346] com.squareup.javapoet.MethodSpecTest#addModifiersVarargsShouldNotBeNull
[test][162/346] com.squareup.javapoet.MethodSpecTest#controlFlowWithNamedCodeBlocks
[test][163/346] com.squareup.javapoet.MethodSpecTest#doWhileWithNamedCodeBlocks
[test][164/346] com.squareup.javapoet.MethodSpecTest#duplicateExceptionsIgnored
[test][165/346] com.squareup.javapoet.MethodSpecTest#ensureTrailingNewline
[test][166/346] com.squareup.javapoet.MethodSpecTest#ensureTrailingNewlineWithExistingNewline
[test][167/346] com.squareup.javapoet.MethodSpecTest#equalsAndHashCode
[test][168/346] com.squareup.javapoet.MethodSpecTest#modifyAnnotations
[test][169/346] com.squareup.javapoet.MethodSpecTest#modifyMethodName
[test][170/346] com.squareup.javapoet.MethodSpecTest#modifyModifiers
[test][171/346] com.squareup.javapoet.MethodSpecTest#modifyParameters
[test][172/346] com.squareup.javapoet.MethodSpecTest#modifyTypeVariables
[test][173/346] com.squareup.javapoet.MethodSpecTest#nullAnnotationsAddition
[test][174/346] com.squareup.javapoet.MethodSpecTest#nullExceptionsAddition
[test][175/346] com.squareup.javapoet.MethodSpecTest#nullIsNotAValidMethodName
[test][176/346] com.squareup.javapoet.MethodSpecTest#nullParametersAddition
[test][177/346] com.squareup.javapoet.MethodSpecTest#nullTypeVariablesAddition
[test][178/346] com.squareup.javapoet.MethodSpecTest#overrideDoesNotCopyDefaultModifier
[test][179/346] com.squareup.javapoet.MethodSpecTest#overrideDoesNotCopyOverrideAnnotation
[test][180/346] com.squareup.javapoet.MethodSpecTest#overrideDoesNotCopyParameterAnnotations
[test][181/346] com.squareup.javapoet.MethodSpecTest#overrideEverything
[test][182/346] com.squareup.javapoet.MethodSpecTest#overrideExtendsOthersWorksWithActualTypeParameters
[test][183/346] com.squareup.javapoet.MethodSpecTest#overrideFinalClassMethod
[test][184/346] com.squareup.javapoet.MethodSpecTest#overrideGenerics
[test][185/346] com.squareup.javapoet.MethodSpecTest#overrideInvalidModifiers
[test][186/346] com.squareup.javapoet.MethodSpecTest#withParameterJavaDoc
[test][187/346] com.squareup.javapoet.MethodSpecTest#withParameterJavaDocAndWithoutMethodJavadoc
[test][188/346] com.squareup.javapoet.MethodSpecTest#withoutParameterJavaDoc
[test][189/346] com.squareup.javapoet.NameAllocatorTest#characterMappingInvalidStartButValidPart
[test][190/346] com.squareup.javapoet.NameAllocatorTest#characterMappingInvalidStartIsInvalidPart
[test][191/346] com.squareup.javapoet.NameAllocatorTest#characterMappingSubstitute
[test][192/346] com.squareup.javapoet.NameAllocatorTest#characterMappingSurrogate
[test][193/346] com.squareup.javapoet.NameAllocatorTest#cloneUsage
[test][194/346] com.squareup.javapoet.NameAllocatorTest#javaKeyword
[test][195/346] com.squareup.javapoet.NameAllocatorTest#nameCollision
[test][196/346] com.squareup.javapoet.NameAllocatorTest#nameCollisionWithTag
[test][197/346] com.squareup.javapoet.NameAllocatorTest#tagReuseForbidden
[test][198/346] com.squareup.javapoet.NameAllocatorTest#usage
[test][199/346] com.squareup.javapoet.NameAllocatorTest#useBeforeAllocateForbidden
[test][200/346] com.squareup.javapoet.ParameterSpecTest#addNonFinalModifier
[test][201/346] com.squareup.javapoet.ParameterSpecTest#equalsAndHashCode
[test][202/346] com.squareup.javapoet.ParameterSpecTest#fieldVariableElement
[test][203/346] com.squareup.javapoet.ParameterSpecTest#keywordName
[test][204/346] com.squareup.javapoet.ParameterSpecTest#modifyAnnotations
[test][205/346] com.squareup.javapoet.ParameterSpecTest#modifyModifiers
[test][206/346] com.squareup.javapoet.ParameterSpecTest#nullAnnotationsAddition
[test][207/346] com.squareup.javapoet.ParameterSpecTest#parameterVariableElement
[test][208/346] com.squareup.javapoet.ParameterSpecTest#receiverParameterInstanceMethod
[test][209/346] com.squareup.javapoet.ParameterSpecTest#receiverParameterNestedClass
[test][210/346] com.squareup.javapoet.TypeNameTest#equalsAndHashCodeArrayTypeName
[test][211/346] com.squareup.javapoet.TypeNameTest#equalsAndHashCodeClassName
[test][212/346] com.squareup.javapoet.TypeNameTest#equalsAndHashCodeParameterizedTypeName
[test][213/346] com.squareup.javapoet.TypeNameTest#equalsAndHashCodePrimitive
[test][214/346] com.squareup.javapoet.TypeNameTest#equalsAndHashCodeTypeVariableName
[test][215/346] com.squareup.javapoet.TypeNameTest#equalsAndHashCodeWildcardTypeName
[test][216/346] com.squareup.javapoet.TypeNameTest#genericType
[test][217/346] com.squareup.javapoet.TypeNameTest#innerClassInGenericType
[test][218/346] com.squareup.javapoet.TypeNameTest#innerGenericInGenericType
[test][219/346] com.squareup.javapoet.TypeNameTest#innerStaticInGenericType
[test][220/346] com.squareup.javapoet.TypeNameTest#isBoxedPrimitive
[test][221/346] com.squareup.javapoet.TypeNameTest#isPrimitive
[test][222/346] com.squareup.javapoet.TypeSpecTest#addAnnotationDisallowsNull
[test][223/346] com.squareup.javapoet.TypeSpecTest#annotatedClass
[test][224/346] com.squareup.javapoet.TypeSpecTest#annotatedField
[test][225/346] com.squareup.javapoet.TypeSpecTest#annotatedParameters
[test][226/346] com.squareup.javapoet.TypeSpecTest#annotation
[test][227/346] com.squareup.javapoet.TypeSpecTest#annotationDeclarationToString
[test][228/346] com.squareup.javapoet.TypeSpecTest#annotationToString
[test][229/346] com.squareup.javapoet.TypeSpecTest#annotationWithFields
[test][230/346] com.squareup.javapoet.TypeSpecTest#annotationsAndJavaLangTypes
[test][231/346] com.squareup.javapoet.TypeSpecTest#annotationsInAnnotations
[test][232/346] com.squareup.javapoet.TypeSpecTest#anonymousClassToString
[test][233/346] com.squareup.javapoet.TypeSpecTest#anonymousInnerClass
[test][234/346] com.squareup.javapoet.TypeSpecTest#arrayType
[test][235/346] com.squareup.javapoet.TypeSpecTest#basic
[test][236/346] com.squareup.javapoet.TypeSpecTest#classCannotHaveDefaultMethods
[test][237/346] com.squareup.javapoet.TypeSpecTest#classCannotHaveDefaultValueForMethod
[test][238/346] com.squareup.javapoet.TypeSpecTest#classImplementsExtends
[test][239/346] com.squareup.javapoet.TypeSpecTest#classImplementsNestedClass
[test][240/346] com.squareup.javapoet.TypeSpecTest#classNameFactories
[test][241/346] com.squareup.javapoet.TypeSpecTest#classToString
[test][242/346] com.squareup.javapoet.TypeSpecTest#codeBlockAddStatementOfCodeBlockToString
[test][243/346] com.squareup.javapoet.TypeSpecTest#codeBlockToString
[test][244/346] com.squareup.javapoet.TypeSpecTest#codeBlocks
[test][245/346] com.squareup.javapoet.TypeSpecTest#constructorToString
[test][246/346] com.squareup.javapoet.TypeSpecTest#defaultModifiersForInterfaceMembers
[test][247/346] com.squareup.javapoet.TypeSpecTest#defaultModifiersForMemberInterfacesAndEnums
[test][248/346] com.squareup.javapoet.TypeSpecTest#doWhile
[test][249/346] com.squareup.javapoet.TypeSpecTest#doubleFieldInitialization
[test][250/346] com.squareup.javapoet.TypeSpecTest#elseIf
[test][251/346] com.squareup.javapoet.TypeSpecTest#enumImplements
[test][252/346] com.squareup.javapoet.TypeSpecTest#enumWithAnnotatedValues
[test][253/346] com.squareup.javapoet.TypeSpecTest#enumWithMembersButNoConstructorCall
[test][254/346] com.squareup.javapoet.TypeSpecTest#enumWithSubclassing
[test][255/346] com.squareup.javapoet.TypeSpecTest#enumsMayDefineAbstractMethods
[test][256/346] com.squareup.javapoet.TypeSpecTest#equalsAndHashCode
[test][257/346] com.squareup.javapoet.TypeSpecTest#fieldToString
[test][258/346] com.squareup.javapoet.TypeSpecTest#ifElse
[test][259/346] com.squareup.javapoet.TypeSpecTest#indexedElseIf
[test][260/346] com.squareup.javapoet.TypeSpecTest#initializerBlockInRightPlace
[test][261/346] com.squareup.javapoet.TypeSpecTest#initializerBlockUnsupportedExceptionOnAnnotation
[test][262/346] com.squareup.javapoet.TypeSpecTest#initializerBlockUnsupportedExceptionOnInterface
[test][263/346] com.squareup.javapoet.TypeSpecTest#initializersToBuilder
[test][264/346] com.squareup.javapoet.TypeSpecTest#inlineIndent
[test][265/346] com.squareup.javapoet.TypeSpecTest#innerAnnotationInAnnotationDeclaration
[test][266/346] com.squareup.javapoet.TypeSpecTest#interestingTypes
[test][267/346] com.squareup.javapoet.TypeSpecTest#interfaceClassToString
[test][268/346] com.squareup.javapoet.TypeSpecTest#interfaceDefaultMethods
[test][269/346] com.squareup.javapoet.TypeSpecTest#interfaceExtends
[test][270/346] com.squareup.javapoet.TypeSpecTest#interfacePrivateMethods
[test][271/346] com.squareup.javapoet.TypeSpecTest#interfaceStaticMethods
[test][272/346] com.squareup.javapoet.TypeSpecTest#intersectionType
[test][273/346] com.squareup.javapoet.TypeSpecTest#invalidInterfacePrivateMethods
[test][274/346] com.squareup.javapoet.TypeSpecTest#invalidSuperClass
[test][275/346] com.squareup.javapoet.TypeSpecTest#javadoc
[test][276/346] com.squareup.javapoet.TypeSpecTest#javadocEnsuresTrailingLine
[test][277/346] com.squareup.javapoet.TypeSpecTest#javadocWithTrailingLineDoesNotAddAnother
[test][278/346] com.squareup.javapoet.TypeSpecTest#lineWrapping
[test][279/346] com.squareup.javapoet.TypeSpecTest#lineWrappingWithZeroWidthSpace
[test][280/346] com.squareup.javapoet.TypeSpecTest#literalFromAnything
[test][281/346] com.squareup.javapoet.TypeSpecTest#membersOrdering
[test][282/346] com.squareup.javapoet.TypeSpecTest#methodThrows
[test][283/346] com.squareup.javapoet.TypeSpecTest#methodToString
[test][284/346] com.squareup.javapoet.TypeSpecTest#modifyAnnotations
[test][285/346] com.squareup.javapoet.TypeSpecTest#modifyEnumConstants
[test][286/346] com.squareup.javapoet.TypeSpecTest#modifyFields
[test][287/346] com.squareup.javapoet.TypeSpecTest#modifyMethods
[test][288/346] com.squareup.javapoet.TypeSpecTest#modifyModifiers
[test][289/346] com.squareup.javapoet.TypeSpecTest#modifyOriginatingElements
[test][290/346] com.squareup.javapoet.TypeSpecTest#modifySuperinterfaces
[test][291/346] com.squareup.javapoet.TypeSpecTest#modifyTypeVariables
[test][292/346] com.squareup.javapoet.TypeSpecTest#modifyTypes
[test][293/346] com.squareup.javapoet.TypeSpecTest#multilineStatement
[test][294/346] com.squareup.javapoet.TypeSpecTest#multilineStatementWithAnonymousClass
[test][295/346] com.squareup.javapoet.TypeSpecTest#multilineStrings
[test][296/346] com.squareup.javapoet.TypeSpecTest#multipleAnnotationAddition
[test][297/346] com.squareup.javapoet.TypeSpecTest#multipleFieldAddition
[test][298/346] com.squareup.javapoet.TypeSpecTest#multipleMethodAddition
[test][299/346] com.squareup.javapoet.TypeSpecTest#multipleSuperinterfaceAddition
[test][300/346] com.squareup.javapoet.TypeSpecTest#multipleTypeAddition
[test][301/346] com.squareup.javapoet.TypeSpecTest#multipleTypeVariableAddition
[test][302/346] com.squareup.javapoet.TypeSpecTest#nameFromCharSequence
[test][303/346] com.squareup.javapoet.TypeSpecTest#nameFromField
[test][304/346] com.squareup.javapoet.TypeSpecTest#nameFromMethod
[test][305/346] com.squareup.javapoet.TypeSpecTest#nameFromParameter
[test][306/346] com.squareup.javapoet.TypeSpecTest#nameFromType
[test][307/346] com.squareup.javapoet.TypeSpecTest#nameFromUnsupportedType
[test][308/346] com.squareup.javapoet.TypeSpecTest#nativeMethods
[test][309/346] com.squareup.javapoet.TypeSpecTest#nestedClasses
[test][310/346] com.squareup.javapoet.TypeSpecTest#noEnumConstants
[test][311/346] com.squareup.javapoet.TypeSpecTest#nullAnnotationsAddition
[test][312/346] com.squareup.javapoet.TypeSpecTest#nullFieldsAddition
[test][313/346] com.squareup.javapoet.TypeSpecTest#nullInSuperinterfaceIterableAddition
[test][314/346] com.squareup.javapoet.TypeSpecTest#nullMethodsAddition
[test][315/346] com.squareup.javapoet.TypeSpecTest#nullModifiersAddition
[test][316/346] com.squareup.javapoet.TypeSpecTest#nullSingleSuperinterfaceAddition
[test][317/346] com.squareup.javapoet.TypeSpecTest#nullStringLiteral
[test][318/346] com.squareup.javapoet.TypeSpecTest#nullSuperinterfacesAddition
[test][319/346] com.squareup.javapoet.TypeSpecTest#nullTypeVariablesAddition
[test][320/346] com.squareup.javapoet.TypeSpecTest#nullTypesAddition
[test][321/346] com.squareup.javapoet.TypeSpecTest#onlyEnumsMayHaveEnumConstants
[test][322/346] com.squareup.javapoet.TypeSpecTest#originatingElementsIncludesThoseOfNestedTypes
[test][323/346] com.squareup.javapoet.TypeSpecTest#parameterToString
[test][324/346] com.squareup.javapoet.TypeSpecTest#referencedAndDeclaredSimpleNamesConflict
[test][325/346] com.squareup.javapoet.TypeSpecTest#retrofitStyleInterface
[test][326/346] com.squareup.javapoet.TypeSpecTest#simpleNameConflictsWithTypeVariable
[test][327/346] com.squareup.javapoet.TypeSpecTest#simpleNamesConflictInThisAndOtherPackage
[test][328/346] com.squareup.javapoet.TypeSpecTest#staticCodeBlock
[test][329/346] com.squareup.javapoet.TypeSpecTest#stringFromAnything
[test][330/346] com.squareup.javapoet.TypeSpecTest#stringFromNull
[test][331/346] com.squareup.javapoet.TypeSpecTest#superClassOnlyValidForClasses
[test][332/346] com.squareup.javapoet.TypeSpecTest#tooFewArguments
[test][333/346] com.squareup.javapoet.TypeSpecTest#tryCatch
[test][334/346] com.squareup.javapoet.TypeSpecTest#typeFromReflectType
[test][335/346] com.squareup.javapoet.TypeSpecTest#typeFromTypeElement
[test][336/346] com.squareup.javapoet.TypeSpecTest#typeFromTypeMirror
[test][337/346] com.squareup.javapoet.TypeSpecTest#typeFromTypeName
[test][338/346] com.squareup.javapoet.TypeSpecTest#typeFromUnsupportedType
[test][339/346] com.squareup.javapoet.TypeSpecTest#typeVariableWithBounds
[test][340/346] com.squareup.javapoet.TypeSpecTest#typeVariables
[test][341/346] com.squareup.javapoet.TypeSpecTest#unusedArgumentsIndexed
[test][342/346] com.squareup.javapoet.TypeSpecTest#unusedArgumentsRelative
[test][343/346] com.squareup.javapoet.TypeSpecTest#varargs
[test][344/346] com.squareup.javapoet.UtilTest#characterLiteral
[test][345/346] com.squareup.javapoet.UtilTest#stringLiteral
[test][346/346] default-pkg.ClassNameNoPackageTest#shouldSupportClassInDefaultPackage
[main][14/14] python parse_data.py
  0%|          | 0/346 [00:00<?, ?it/s]  4%|▍         | 13/346 [00:00<00:02, 124.77it/s]  8%|▊         | 26/346 [00:00<00:02, 125.70it/s] 11%|█▏        | 39/346 [00:00<00:02, 126.00it/s] 15%|█▌        | 52/346 [00:00<00:02, 125.41it/s] 19%|█▉        | 65/346 [00:00<00:02, 126.04it/s] 23%|██▎       | 78/346 [00:00<00:02, 125.34it/s] 26%|██▋       | 91/346 [00:00<00:02, 125.53it/s] 30%|███       | 104/346 [00:00<00:01, 125.72it/s] 34%|███▍      | 117/346 [00:00<00:01, 125.38it/s] 38%|███▊      | 130/346 [00:01<00:01, 124.82it/s] 41%|████▏     | 143/346 [00:01<00:01, 122.64it/s] 45%|████▌     | 156/346 [00:01<00:01, 123.34it/s] 49%|████▉     | 169/346 [00:01<00:01, 123.62it/s] 53%|█████▎    | 182/346 [00:01<00:01, 123.45it/s] 56%|█████▋    | 195/346 [00:01<00:01, 123.67it/s] 60%|██████    | 208/346 [00:01<00:01, 123.19it/s] 64%|██████▍   | 221/346 [00:01<00:01, 123.13it/s] 68%|██████▊   | 234/346 [00:01<00:00, 122.61it/s] 71%|███████▏  | 247/346 [00:01<00:00, 122.15it/s] 75%|███████▌  | 260/346 [00:02<00:00, 121.88it/s] 79%|███████▉  | 273/346 [00:02<00:00, 121.27it/s] 83%|████████▎ | 286/346 [00:02<00:00, 121.03it/s] 86%|████████▋ | 299/346 [00:02<00:00, 120.87it/s] 90%|█████████ | 312/346 [00:02<00:00, 121.04it/s] 94%|█████████▍| 325/346 [00:02<00:00, 120.44it/s] 98%|█████████▊| 338/346 [00:02<00:00, 120.09it/s]100%|██████████| 346/346 [00:02<00:00, 122.76it/s]
except: default-pkg.ClassNameNoPackageTest#shouldSupportClassInDefaultPackage
Done.
