[main][1/14] rm -rf repo clover clover.xml git.log tests.sh
[main][2/14] git clone --depth 1 --recursive https://github.com/stateless4j/stateless4j repo
'repo'에 복제합니다...
[main][3/14] java -version
openjdk version "1.8.0_312"
OpenJDK Runtime Environment (Zulu 8.58.0.13-CA-macos-aarch64) (build 1.8.0_312-b07)
OpenJDK 64-Bit Server VM (Zulu 8.58.0.13-CA-macos-aarch64) (build 25.312-b07, mixed mode)
[main][4/14] mvn --version
Apache Maven 3.8.4 (9b656c72d54e5bacbed989b64718c159fe39b537)
Maven home: /opt/homebrew/Cellar/maven/3.8.4/libexec
Java version: 1.8.0_312, vendor: Azul Systems, Inc., runtime: /Library/Java/JavaVirtualMachines/zulu-8.jdk/Contents/Home/jre
Default locale: ko_KR, platform encoding: UTF-8
OS name: "mac os x", version: "11.6", arch: "aarch64", family: "mac"
[main][5/14] git --version
git version 2.33.1
[main][6/14] git --git-dir repo/.git config --get remote.origin.url > git.log
[main][7/14] git --git-dir repo/.git log -n 1 --format=%ct%n%H >> git.log
[main][8/14] mvn --file repo/pom.xml --fail-never clean test
[INFO] Scanning for projects...
Downloading from central: https://repo.maven.apache.org/maven2/org/sonatype/plugins/nexus-staging-maven-plugin/1.6.7/nexus-staging-maven-plugin-1.6.7.pom
Progress (1): 2.7/12 kBProgress (1): 5.5/12 kBProgress (1): 8.2/12 kBProgress (1): 11/12 kB Progress (1): 12 kB                      Downloaded from central: https://repo.maven.apache.org/maven2/org/sonatype/plugins/nexus-staging-maven-plugin/1.6.7/nexus-staging-maven-plugin-1.6.7.pom (12 kB at 13 kB/s)
Downloading from central: https://repo.maven.apache.org/maven2/org/sonatype/nexus/maven/nexus-staging/1.6.7/nexus-staging-1.6.7.pom
Progress (1): 2.7/2.8 kBProgress (1): 2.8 kB                        Downloaded from central: https://repo.maven.apache.org/maven2/org/sonatype/nexus/maven/nexus-staging/1.6.7/nexus-staging-1.6.7.pom (2.8 kB at 7.6 kB/s)
Downloading from central: https://repo.maven.apache.org/maven2/org/sonatype/nexus/maven/nexus-maven-plugins/1.6.7/nexus-maven-plugins-1.6.7.pom
Progress (1): 2.7/18 kBProgress (1): 5.5/18 kBProgress (1): 8.2/18 kBProgress (1): 11/18 kB Progress (1): 14/18 kBProgress (1): 16/18 kBProgress (1): 18 kB                      Downloaded from central: https://repo.maven.apache.org/maven2/org/sonatype/nexus/maven/nexus-maven-plugins/1.6.7/nexus-maven-plugins-1.6.7.pom (18 kB at 59 kB/s)
Downloading from central: https://repo.maven.apache.org/maven2/org/sonatype/nexus/maven/nexus-common/1.6.7/nexus-common-1.6.7.pom
Progress (1): 2.2 kB                    Downloaded from central: https://repo.maven.apache.org/maven2/org/sonatype/nexus/maven/nexus-common/1.6.7/nexus-common-1.6.7.pom (2.2 kB at 6.3 kB/s)
Downloading from central: https://repo.maven.apache.org/maven2/org/sonatype/nexus/nexus-client-core/2.9.1-02/nexus-client-core-2.9.1-02.pom
Progress (1): 2.7/4.9 kBProgress (1): 4.9 kB                        Downloaded from central: https://repo.maven.apache.org/maven2/org/sonatype/nexus/nexus-client-core/2.9.1-02/nexus-client-core-2.9.1-02.pom (4.9 kB at 17 kB/s)
Downloading from central: https://repo.maven.apache.org/maven2/org/sonatype/nexus/nexus-components/2.9.1-02/nexus-components-2.9.1-02.pom
Progress (1): 2.6 kB                    Downloaded from central: https://repo.maven.apache.org/maven2/org/sonatype/nexus/nexus-components/2.9.1-02/nexus-components-2.9.1-02.pom (2.6 kB at 9.4 kB/s)
Downloading from central: https://repo.maven.apache.org/maven2/org/sonatype/nexus/nexus-oss/2.9.1-02/nexus-oss-2.9.1-02.pom
Progress (1): 2.7/37 kBProgress (1): 5.5/37 kBProgress (1): 8.2/37 kBProgress (1): 11/37 kB Progress (1): 14/37 kBProgress (1): 16/37 kBProgress (1): 21/37 kBProgress (1): 25/37 kBProgress (1): 29/37 kBProgress (1): 33/37 kBProgress (1): 37 kB                      Downloaded from central: https://repo.maven.apache.org/maven2/org/sonatype/nexus/nexus-oss/2.9.1-02/nexus-oss-2.9.1-02.pom (37 kB at 110 kB/s)
Downloading from central: https://repo.maven.apache.org/maven2/org/sonatype/nexus/buildsupport/nexus-buildsupport-all/2.9.1-02/nexus-buildsupport-all-2.9.1-02.pom
Progress (1): 4.1/5.7 kBProgress (1): 5.7 kB                        Downloaded from central: https://repo.maven.apache.org/maven2/org/sonatype/nexus/buildsupport/nexus-buildsupport-all/2.9.1-02/nexus-buildsupport-all-2.9.1-02.pom (5.7 kB at 20 kB/s)
Downloading from central: https://repo.maven.apache.org/maven2/org/sonatype/nexus/buildsupport/nexus-buildsupport/2.9.1-02/nexus-buildsupport-2.9.1-02.pom
Progress (1): 2.0 kB                    Downloaded from central: https://repo.maven.apache.org/maven2/org/sonatype/nexus/buildsupport/nexus-buildsupport/2.9.1-02/nexus-buildsupport-2.9.1-02.pom (2.0 kB at 7.2 kB/s)
Downloading from rso-public-grid: https://repository.sonatype.org/content/groups/sonatype-public-grid/org/sonatype/nexus/buildsupport/nexus-buildsupport-commons/2.9.1-02/nexus-buildsupport-commons-2.9.1-02.pom
Progress (1): 3.0 kB                    Downloaded from rso-public-grid: https://repository.sonatype.org/content/groups/sonatype-public-grid/org/sonatype/nexus/buildsupport/nexus-buildsupport-commons/2.9.1-02/nexus-buildsupport-commons-2.9.1-02.pom (3.0 kB at 2.7 kB/s)
Downloading from rso-public-grid: https://repository.sonatype.org/content/groups/sonatype-public-grid/org/sonatype/nexus/buildsupport/nexus-buildsupport-db/2.9.1-02/nexus-buildsupport-db-2.9.1-02.pom
Progress (1): 2.0 kB                    Downloaded from rso-public-grid: https://repository.sonatype.org/content/groups/sonatype-public-grid/org/sonatype/nexus/buildsupport/nexus-buildsupport-db/2.9.1-02/nexus-buildsupport-db-2.9.1-02.pom (2.0 kB at 5.1 kB/s)
Downloading from rso-public-grid: https://repository.sonatype.org/content/groups/sonatype-public-grid/org/sonatype/nexus/buildsupport/nexus-buildsupport-httpclient/2.9.1-02/nexus-buildsupport-httpclient-2.9.1-02.pom
Progress (1): 2.1 kB                    Downloaded from rso-public-grid: https://repository.sonatype.org/content/groups/sonatype-public-grid/org/sonatype/nexus/buildsupport/nexus-buildsupport-httpclient/2.9.1-02/nexus-buildsupport-httpclient-2.9.1-02.pom (2.1 kB at 5.3 kB/s)
Downloading from rso-public-grid: https://repository.sonatype.org/content/groups/sonatype-public-grid/org/sonatype/nexus/buildsupport/nexus-buildsupport-maven/2.9.1-02/nexus-buildsupport-maven-2.9.1-02.pom
Progress (1): 4.1/6.2 kBProgress (1): 6.2 kB                        Downloaded from rso-public-grid: https://repository.sonatype.org/content/groups/sonatype-public-grid/org/sonatype/nexus/buildsupport/nexus-buildsupport-maven/2.9.1-02/nexus-buildsupport-maven-2.9.1-02.pom (6.2 kB at 15 kB/s)
Downloading from rso-public-grid: https://repository.sonatype.org/content/groups/sonatype-public-grid/org/sonatype/nexus/buildsupport/nexus-buildsupport-shiro/2.9.1-02/nexus-buildsupport-shiro-2.9.1-02.pom
Progress (1): 3.4 kB                    Downloaded from rso-public-grid: https://repository.sonatype.org/content/groups/sonatype-public-grid/org/sonatype/nexus/buildsupport/nexus-buildsupport-shiro/2.9.1-02/nexus-buildsupport-shiro-2.9.1-02.pom (3.4 kB at 8.7 kB/s)
Downloading from rso-public-grid: https://repository.sonatype.org/content/groups/sonatype-public-grid/org/sonatype/nexus/buildsupport/nexus-buildsupport-bouncycastle/2.9.1-02/nexus-buildsupport-bouncycastle-2.9.1-02.pom
Progress (1): 2.1 kB                    Downloaded from rso-public-grid: https://repository.sonatype.org/content/groups/sonatype-public-grid/org/sonatype/nexus/buildsupport/nexus-buildsupport-bouncycastle/2.9.1-02/nexus-buildsupport-bouncycastle-2.9.1-02.pom (2.1 kB at 5.3 kB/s)
Downloading from rso-public-grid: https://repository.sonatype.org/content/groups/sonatype-public-grid/org/sonatype/nexus/buildsupport/nexus-buildsupport-jetty/2.9.1-02/nexus-buildsupport-jetty-2.9.1-02.pom
Progress (1): 3.8/4.5 kBProgress (1): 4.5 kB                        Downloaded from rso-public-grid: https://repository.sonatype.org/content/groups/sonatype-public-grid/org/sonatype/nexus/buildsupport/nexus-buildsupport-jetty/2.9.1-02/nexus-buildsupport-jetty-2.9.1-02.pom (4.5 kB at 11 kB/s)
Downloading from rso-public-grid: https://repository.sonatype.org/content/groups/sonatype-public-grid/org/sonatype/nexus/buildsupport/nexus-buildsupport-goodies/2.9.1-02/nexus-buildsupport-goodies-2.9.1-02.pom
Progress (1): 3.6 kB                    Downloaded from rso-public-grid: https://repository.sonatype.org/content/groups/sonatype-public-grid/org/sonatype/nexus/buildsupport/nexus-buildsupport-goodies/2.9.1-02/nexus-buildsupport-goodies-2.9.1-02.pom (3.6 kB at 9.1 kB/s)
Downloading from rso-public-grid: https://repository.sonatype.org/content/groups/sonatype-public-grid/org/sonatype/nexus/buildsupport/nexus-buildsupport-groovy/2.9.1-02/nexus-buildsupport-groovy-2.9.1-02.pom
Progress (1): 2.6 kB                    Downloaded from rso-public-grid: https://repository.sonatype.org/content/groups/sonatype-public-grid/org/sonatype/nexus/buildsupport/nexus-buildsupport-groovy/2.9.1-02/nexus-buildsupport-groovy-2.9.1-02.pom (2.6 kB at 6.7 kB/s)
Downloading from rso-public-grid: https://repository.sonatype.org/content/groups/sonatype-public-grid/org/sonatype/nexus/buildsupport/nexus-buildsupport-guice/2.9.1-02/nexus-buildsupport-guice-2.9.1-02.pom
Progress (1): 3.6 kB                    Downloaded from rso-public-grid: https://repository.sonatype.org/content/groups/sonatype-public-grid/org/sonatype/nexus/buildsupport/nexus-buildsupport-guice/2.9.1-02/nexus-buildsupport-guice-2.9.1-02.pom (3.6 kB at 9.2 kB/s)
Downloading from rso-public-grid: https://repository.sonatype.org/content/groups/sonatype-public-grid/org/sonatype/nexus/buildsupport/nexus-buildsupport-logging/2.9.1-02/nexus-buildsupport-logging-2.9.1-02.pom
Progress (1): 3.3 kB                    Downloaded from rso-public-grid: https://repository.sonatype.org/content/groups/sonatype-public-grid/org/sonatype/nexus/buildsupport/nexus-buildsupport-logging/2.9.1-02/nexus-buildsupport-logging-2.9.1-02.pom (3.3 kB at 8.4 kB/s)
Downloading from rso-public-grid: https://repository.sonatype.org/content/groups/sonatype-public-grid/org/sonatype/nexus/buildsupport/nexus-buildsupport-osgi/2.9.1-02/nexus-buildsupport-osgi-2.9.1-02.pom
Progress (1): 2.0 kB                    Downloaded from rso-public-grid: https://repository.sonatype.org/content/groups/sonatype-public-grid/org/sonatype/nexus/buildsupport/nexus-buildsupport-osgi/2.9.1-02/nexus-buildsupport-osgi-2.9.1-02.pom (2.0 kB at 5.1 kB/s)
Downloading from rso-public-grid: https://repository.sonatype.org/content/groups/sonatype-public-grid/org/sonatype/nexus/buildsupport/nexus-buildsupport-other/2.9.1-02/nexus-buildsupport-other-2.9.1-02.pom
Progress (1): 4.1/4.2 kBProgress (1): 4.2 kB                        Downloaded from rso-public-grid: https://repository.sonatype.org/content/groups/sonatype-public-grid/org/sonatype/nexus/buildsupport/nexus-buildsupport-other/2.9.1-02/nexus-buildsupport-other-2.9.1-02.pom (4.2 kB at 11 kB/s)
Downloading from rso-public-grid: https://repository.sonatype.org/content/groups/sonatype-public-grid/org/sonatype/nexus/buildsupport/nexus-buildsupport-plexus/2.9.1-02/nexus-buildsupport-plexus-2.9.1-02.pom
Progress (1): 3.8/4.3 kBProgress (1): 4.3 kB                        Downloaded from rso-public-grid: https://repository.sonatype.org/content/groups/sonatype-public-grid/org/sonatype/nexus/buildsupport/nexus-buildsupport-plexus/2.9.1-02/nexus-buildsupport-plexus-2.9.1-02.pom (4.3 kB at 11 kB/s)
Downloading from rso-public-grid: https://repository.sonatype.org/content/groups/sonatype-public-grid/org/sonatype/nexus/buildsupport/nexus-buildsupport-rest/2.9.1-02/nexus-buildsupport-rest-2.9.1-02.pom
Progress (1): 3.8/4.5 kBProgress (1): 4.5 kB                        Downloaded from rso-public-grid: https://repository.sonatype.org/content/groups/sonatype-public-grid/org/sonatype/nexus/buildsupport/nexus-buildsupport-rest/2.9.1-02/nexus-buildsupport-rest-2.9.1-02.pom (4.5 kB at 11 kB/s)
Downloading from rso-public-grid: https://repository.sonatype.org/content/groups/sonatype-public-grid/org/sonatype/nexus/buildsupport/nexus-buildsupport-testing/2.9.1-02/nexus-buildsupport-testing-2.9.1-02.pom
Progress (1): 3.8/4.7 kBProgress (1): 4.7 kB                        Downloaded from rso-public-grid: https://repository.sonatype.org/content/groups/sonatype-public-grid/org/sonatype/nexus/buildsupport/nexus-buildsupport-testing/2.9.1-02/nexus-buildsupport-testing-2.9.1-02.pom (4.7 kB at 12 kB/s)
Downloading from rso-public-grid: https://repository.sonatype.org/content/groups/sonatype-public-grid/org/sonatype/nexus/buildsupport/nexus-buildsupport-metrics/2.9.1-02/nexus-buildsupport-metrics-2.9.1-02.pom
Progress (1): 3.0 kB                    Downloaded from rso-public-grid: https://repository.sonatype.org/content/groups/sonatype-public-grid/org/sonatype/nexus/buildsupport/nexus-buildsupport-metrics/2.9.1-02/nexus-buildsupport-metrics-2.9.1-02.pom (3.0 kB at 7.6 kB/s)
Downloading from central: https://repo.maven.apache.org/maven2/org/sonatype/nexus/plugins/nexus-restlet1x-model/2.9.1-02/nexus-restlet1x-model-2.9.1-02.pom
Progress (1): 3.5 kB                    Downloaded from central: https://repo.maven.apache.org/maven2/org/sonatype/nexus/plugins/nexus-restlet1x-model/2.9.1-02/nexus-restlet1x-model-2.9.1-02.pom (3.5 kB at 13 kB/s)
Downloading from central: https://repo.maven.apache.org/maven2/org/sonatype/nexus/plugins/nexus-plugins-restlet1x/2.9.1-02/nexus-plugins-restlet1x-2.9.1-02.pom
Progress (1): 4.1/6.0 kBProgress (1): 6.0 kB                        Downloaded from central: https://repo.maven.apache.org/maven2/org/sonatype/nexus/plugins/nexus-plugins-restlet1x/2.9.1-02/nexus-plugins-restlet1x-2.9.1-02.pom (6.0 kB at 22 kB/s)
Downloading from central: https://repo.maven.apache.org/maven2/org/sonatype/nexus/plugins/nexus-plugins/2.9.1-02/nexus-plugins-2.9.1-02.pom
Progress (1): 4.1/27 kBProgress (1): 8.2/27 kBProgress (1): 12/27 kB Progress (1): 16/27 kBProgress (1): 20/27 kBProgress (1): 25/27 kBProgress (1): 27 kB                      Downloaded from central: https://repo.maven.apache.org/maven2/org/sonatype/nexus/plugins/nexus-plugins/2.9.1-02/nexus-plugins-2.9.1-02.pom (27 kB at 91 kB/s)
Downloading from central: https://repo.maven.apache.org/maven2/org/sonatype/plugins/nexus-staging-maven-plugin/1.6.7/nexus-staging-maven-plugin-1.6.7.jar
Downloading from central: https://repo.maven.apache.org/maven2/org/sonatype/nexus/maven/nexus-common/1.6.7/nexus-common-1.6.7.jar
Downloading from central: https://repo.maven.apache.org/maven2/org/sonatype/nexus/nexus-client-core/2.9.1-02/nexus-client-core-2.9.1-02.jar
Downloading from central: https://repo.maven.apache.org/maven2/org/sonatype/nexus/plugins/nexus-restlet1x-model/2.9.1-02/nexus-restlet1x-model-2.9.1-02.jar
Progress (1): 4.1/250 kBProgress (1): 8.2/250 kBProgress (1): 12/250 kB Progress (1): 16/250 kBProgress (1): 20/250 kBProgress (1): 25/250 kBProgress (1): 29/250 kBProgress (1): 33/250 kBProgress (1): 37/250 kBProgress (1): 41/250 kBProgress (1): 45/250 kBProgress (1): 49/250 kBProgress (1): 53/250 kBProgress (1): 57/250 kBProgress (1): 61/250 kBProgress (1): 66/250 kBProgress (1): 70/250 kBProgress (1): 74/250 kBProgress (1): 78/250 kBProgress (1): 82/250 kBProgress (1): 86/250 kBProgress (1): 90/250 kBProgress (1): 94/250 kBProgress (1): 98/250 kBProgress (1): 102/250 kBProgress (1): 106/250 kBProgress (1): 111/250 kBProgress (1): 115/250 kBProgress (1): 119/250 kBProgress (1): 123/250 kBProgress (1): 127/250 kBProgress (1): 131/250 kBProgress (1): 135/250 kBProgress (1): 139/250 kBProgress (1): 143/250 kBProgress (1): 147/250 kBProgress (1): 152/250 kBProgress (1): 156/250 kBProgress (1): 160/250 kBProgress (1): 164/250 kBProgress (1): 168/250 kBProgress (1): 172/250 kBProgress (1): 176/250 kBProgress (1): 180/250 kBProgress (1): 184/250 kBProgress (1): 188/250 kBProgress (1): 193/250 kBProgress (1): 197/250 kBProgress (1): 201/250 kBProgress (1): 205/250 kBProgress (1): 209/250 kBProgress (1): 213/250 kBProgress (1): 217/250 kBProgress (1): 221/250 kBProgress (1): 225/250 kBProgress (1): 229/250 kBProgress (2): 229/250 kB | 2.7/16 kBProgress (2): 233/250 kB | 2.7/16 kBProgress (2): 238/250 kB | 2.7/16 kBProgress (2): 238/250 kB | 5.5/16 kBProgress (2): 242/250 kB | 5.5/16 kBProgress (2): 246/250 kB | 5.5/16 kBProgress (2): 246/250 kB | 8.2/16 kBProgress (2): 250/250 kB | 8.2/16 kBProgress (2): 250/250 kB | 11/16 kB Progress (2): 250 kB | 11/16 kB    Progress (2): 250 kB | 14/16 kBProgress (3): 250 kB | 14/16 kB | 2.7/160 kBProgress (3): 250 kB | 14/16 kB | 5.5/160 kBProgress (3): 250 kB | 14/16 kB | 8.2/160 kBProgress (3): 250 kB | 14/16 kB | 11/160 kB Progress (4): 250 kB | 14/16 kB | 11/160 kB | 2.7/211 kBProgress (4): 250 kB | 14/16 kB | 11/160 kB | 5.5/211 kBProgress (4): 250 kB | 14/16 kB | 14/160 kB | 5.5/211 kBProgress (4): 250 kB | 14/16 kB | 14/160 kB | 8.2/211 kBProgress (4): 250 kB | 14/16 kB | 14/160 kB | 11/211 kB Progress (4): 250 kB | 16 kB | 14/160 kB | 11/211 kB   Progress (4): 250 kB | 16 kB | 14/160 kB | 14/211 kBProgress (4): 250 kB | 16 kB | 16/160 kB | 14/211 kBProgress (4): 250 kB | 16 kB | 16/160 kB | 16/211 kBProgress (4): 250 kB | 16 kB | 19/160 kB | 16/211 kBProgress (4): 250 kB | 16 kB | 19/160 kB | 19/211 kBProgress (4): 250 kB | 16 kB | 22/160 kB | 19/211 kBProgress (4): 250 kB | 16 kB | 22/160 kB | 22/211 kBProgress (4): 250 kB | 16 kB | 25/160 kB | 22/211 kBProgress (4): 250 kB | 16 kB | 25/160 kB | 25/211 kBProgress (4): 250 kB | 16 kB | 27/160 kB | 25/211 kBProgress (4): 250 kB | 16 kB | 27/160 kB | 27/211 kBProgress (4): 250 kB | 16 kB | 30/160 kB | 27/211 kBProgress (4): 250 kB | 16 kB | 30/160 kB | 30/211 kBProgress (4): 250 kB | 16 kB | 33/160 kB | 30/211 kBProgress (4): 250 kB | 16 kB | 33/160 kB | 33/211 kBProgress (4): 250 kB | 16 kB | 36/160 kB | 33/211 kBProgress (4): 250 kB | 16 kB | 36/160 kB | 36/211 kBProgress (4): 250 kB | 16 kB | 38/160 kB | 36/211 kBProgress (4): 250 kB | 16 kB | 38/160 kB | 38/211 kBProgress (4): 250 kB | 16 kB | 41/160 kB | 38/211 kBProgress (4): 250 kB | 16 kB | 41/160 kB | 41/211 kBProgress (4): 250 kB | 16 kB | 44/160 kB | 41/211 kBProgress (4): 250 kB | 16 kB | 44/160 kB | 44/211 kB                                                    Downloaded from central: https://repo.maven.apache.org/maven2/org/sonatype/plugins/nexus-staging-maven-plugin/1.6.7/nexus-staging-maven-plugin-1.6.7.jar (250 kB at 457 kB/s)
Progress (3): 16 kB | 47/160 kB | 44/211 kB                                           Downloaded from central: https://repo.maven.apache.org/maven2/org/sonatype/nexus/maven/nexus-common/1.6.7/nexus-common-1.6.7.jar (16 kB at 29 kB/s)
Progress (2): 47/160 kB | 47/211 kBProgress (2): 49/160 kB | 47/211 kBProgress (2): 49/160 kB | 49/211 kBProgress (2): 52/160 kB | 49/211 kBProgress (2): 52/160 kB | 52/211 kBProgress (2): 55/160 kB | 52/211 kBProgress (2): 55/160 kB | 55/211 kBProgress (2): 58/160 kB | 55/211 kBProgress (2): 58/160 kB | 58/211 kBProgress (2): 60/160 kB | 58/211 kBProgress (2): 63/160 kB | 58/211 kBProgress (2): 63/160 kB | 60/211 kBProgress (2): 63/160 kB | 63/211 kBProgress (2): 66/160 kB | 63/211 kBProgress (2): 66/160 kB | 66/211 kBProgress (2): 70/160 kB | 66/211 kBProgress (2): 74/160 kB | 66/211 kBProgress (2): 78/160 kB | 66/211 kBProgress (2): 82/160 kB | 66/211 kBProgress (2): 82/160 kB | 70/211 kBProgress (2): 82/160 kB | 74/211 kBProgress (2): 82/160 kB | 78/211 kBProgress (2): 82/160 kB | 82/211 kBProgress (2): 86/160 kB | 82/211 kBProgress (2): 90/160 kB | 82/211 kBProgress (2): 94/160 kB | 82/211 kBProgress (2): 99/160 kB | 82/211 kBProgress (2): 99/160 kB | 86/211 kBProgress (2): 99/160 kB | 90/211 kBProgress (2): 99/160 kB | 94/211 kBProgress (2): 99/160 kB | 99/211 kBProgress (2): 103/160 kB | 99/211 kBProgress (2): 107/160 kB | 99/211 kBProgress (2): 111/160 kB | 99/211 kBProgress (2): 115/160 kB | 99/211 kBProgress (2): 115/160 kB | 103/211 kBProgress (2): 115/160 kB | 107/211 kBProgress (2): 115/160 kB | 111/211 kBProgress (2): 115/160 kB | 115/211 kBProgress (2): 119/160 kB | 115/211 kBProgress (2): 123/160 kB | 115/211 kBProgress (2): 127/160 kB | 115/211 kBProgress (2): 131/160 kB | 115/211 kBProgress (2): 131/160 kB | 119/211 kBProgress (2): 131/160 kB | 123/211 kBProgress (2): 131/160 kB | 127/211 kBProgress (2): 131/160 kB | 131/211 kBProgress (2): 135/160 kB | 131/211 kBProgress (2): 140/160 kB | 131/211 kBProgress (2): 144/160 kB | 131/211 kBProgress (2): 148/160 kB | 131/211 kBProgress (2): 148/160 kB | 135/211 kBProgress (2): 148/160 kB | 140/211 kBProgress (2): 148/160 kB | 144/211 kBProgress (2): 148/160 kB | 148/211 kBProgress (2): 152/160 kB | 148/211 kBProgress (2): 156/160 kB | 148/211 kBProgress (2): 160/160 kB | 148/211 kBProgress (2): 160 kB | 148/211 kB    Progress (2): 160 kB | 152/211 kBProgress (2): 160 kB | 156/211 kBProgress (2): 160 kB | 160/211 kBProgress (2): 160 kB | 164/211 kBProgress (2): 160 kB | 168/211 kBProgress (2): 160 kB | 172/211 kBProgress (2): 160 kB | 176/211 kBProgress (2): 160 kB | 180/211 kBProgress (2): 160 kB | 185/211 kBProgress (2): 160 kB | 189/211 kBProgress (2): 160 kB | 193/211 kBProgress (2): 160 kB | 197/211 kBProgress (2): 160 kB | 201/211 kBProgress (2): 160 kB | 205/211 kBProgress (2): 160 kB | 209/211 kBProgress (2): 160 kB | 211 kB                                 Downloaded from central: https://repo.maven.apache.org/maven2/org/sonatype/nexus/plugins/nexus-restlet1x-model/2.9.1-02/nexus-restlet1x-model-2.9.1-02.jar (160 kB at 190 kB/s)
Downloaded from central: https://repo.maven.apache.org/maven2/org/sonatype/nexus/nexus-client-core/2.9.1-02/nexus-client-core-2.9.1-02.jar (211 kB at 239 kB/s)
[INFO] Inspecting build with total of 1 modules...
[INFO] Installing Nexus Staging features:
[INFO]   ... total of 1 executions of maven-deploy-plugin replaced with nexus-staging-maven-plugin
[INFO] 
[INFO] -----------------< com.github.stateless4j:stateless4j >-----------------
[INFO] Building stateless4j 2.6.0
[INFO] --------------------------------[ jar ]---------------------------------
Downloading from central: https://repo.maven.apache.org/maven2/org/jacoco/jacoco-maven-plugin/0.8.4/jacoco-maven-plugin-0.8.4.pom
Progress (1): 4.1/4.4 kBProgress (1): 4.4 kB                        Downloaded from central: https://repo.maven.apache.org/maven2/org/jacoco/jacoco-maven-plugin/0.8.4/jacoco-maven-plugin-0.8.4.pom (4.4 kB at 16 kB/s)
Downloading from central: https://repo.maven.apache.org/maven2/org/jacoco/org.jacoco.build/0.8.4/org.jacoco.build-0.8.4.pom
Progress (1): 4.1/39 kBProgress (1): 8.2/39 kBProgress (1): 12/39 kB Progress (1): 16/39 kBProgress (1): 20/39 kBProgress (1): 25/39 kBProgress (1): 29/39 kBProgress (1): 33/39 kBProgress (1): 37/39 kBProgress (1): 39 kB                      Downloaded from central: https://repo.maven.apache.org/maven2/org/jacoco/org.jacoco.build/0.8.4/org.jacoco.build-0.8.4.pom (39 kB at 137 kB/s)
Downloading from central: https://repo.maven.apache.org/maven2/org/jacoco/jacoco-maven-plugin/0.8.4/jacoco-maven-plugin-0.8.4.jar
Progress (1): 4.1/53 kBProgress (1): 8.2/53 kBProgress (1): 12/53 kB Progress (1): 16/53 kBProgress (1): 20/53 kBProgress (1): 25/53 kBProgress (1): 29/53 kBProgress (1): 33/53 kBProgress (1): 37/53 kBProgress (1): 41/53 kBProgress (1): 45/53 kBProgress (1): 49/53 kBProgress (1): 53/53 kBProgress (1): 53 kB                      Downloaded from central: https://repo.maven.apache.org/maven2/org/jacoco/jacoco-maven-plugin/0.8.4/jacoco-maven-plugin-0.8.4.jar (53 kB at 181 kB/s)
Downloading from central: https://repo.maven.apache.org/maven2/org/apache/maven/plugins/maven-source-plugin/3.1.0/maven-source-plugin-3.1.0.pom
Progress (1): 4.1/5.5 kBProgress (1): 5.5 kB                        Downloaded from central: https://repo.maven.apache.org/maven2/org/apache/maven/plugins/maven-source-plugin/3.1.0/maven-source-plugin-3.1.0.pom (5.5 kB at 19 kB/s)
Downloading from central: https://repo.maven.apache.org/maven2/org/apache/maven/plugins/maven-source-plugin/3.1.0/maven-source-plugin-3.1.0.jar
Progress (1): 4.1/31 kBProgress (1): 8.2/31 kBProgress (1): 12/31 kB Progress (1): 16/31 kBProgress (1): 20/31 kBProgress (1): 25/31 kBProgress (1): 29/31 kBProgress (1): 31 kB                      Downloaded from central: https://repo.maven.apache.org/maven2/org/apache/maven/plugins/maven-source-plugin/3.1.0/maven-source-plugin-3.1.0.jar (31 kB at 101 kB/s)
Downloading from central: https://repo.maven.apache.org/maven2/org/apache/maven/plugins/maven-javadoc-plugin/3.1.1/maven-javadoc-plugin-3.1.1.pom
Progress (1): 4.1/18 kBProgress (1): 8.2/18 kBProgress (1): 12/18 kB Progress (1): 16/18 kBProgress (1): 18 kB                      Downloaded from central: https://repo.maven.apache.org/maven2/org/apache/maven/plugins/maven-javadoc-plugin/3.1.1/maven-javadoc-plugin-3.1.1.pom (18 kB at 65 kB/s)
Downloading from central: https://repo.maven.apache.org/maven2/org/apache/maven/plugins/maven-javadoc-plugin/3.1.1/maven-javadoc-plugin-3.1.1.jar
Progress (1): 4.1/481 kBProgress (1): 8.2/481 kBProgress (1): 12/481 kB Progress (1): 16/481 kBProgress (1): 20/481 kBProgress (1): 25/481 kBProgress (1): 29/481 kBProgress (1): 33/481 kBProgress (1): 37/481 kBProgress (1): 41/481 kBProgress (1): 45/481 kBProgress (1): 49/481 kBProgress (1): 53/481 kBProgress (1): 57/481 kBProgress (1): 61/481 kBProgress (1): 66/481 kBProgress (1): 70/481 kBProgress (1): 74/481 kBProgress (1): 78/481 kBProgress (1): 82/481 kBProgress (1): 86/481 kBProgress (1): 90/481 kBProgress (1): 94/481 kBProgress (1): 98/481 kBProgress (1): 102/481 kBProgress (1): 106/481 kBProgress (1): 111/481 kBProgress (1): 115/481 kBProgress (1): 119/481 kBProgress (1): 123/481 kBProgress (1): 127/481 kBProgress (1): 131/481 kBProgress (1): 135/481 kBProgress (1): 139/481 kBProgress (1): 143/481 kBProgress (1): 147/481 kBProgress (1): 152/481 kBProgress (1): 156/481 kBProgress (1): 160/481 kBProgress (1): 164/481 kBProgress (1): 168/481 kBProgress (1): 172/481 kBProgress (1): 176/481 kBProgress (1): 180/481 kBProgress (1): 184/481 kBProgress (1): 188/481 kBProgress (1): 193/481 kBProgress (1): 197/481 kBProgress (1): 201/481 kBProgress (1): 205/481 kBProgress (1): 209/481 kBProgress (1): 213/481 kBProgress (1): 217/481 kBProgress (1): 221/481 kBProgress (1): 225/481 kBProgress (1): 229/481 kBProgress (1): 233/481 kBProgress (1): 238/481 kBProgress (1): 242/481 kBProgress (1): 246/481 kBProgress (1): 250/481 kBProgress (1): 254/481 kBProgress (1): 258/481 kBProgress (1): 262/481 kBProgress (1): 266/481 kBProgress (1): 270/481 kBProgress (1): 274/481 kBProgress (1): 279/481 kBProgress (1): 283/481 kBProgress (1): 287/481 kBProgress (1): 291/481 kBProgress (1): 295/481 kBProgress (1): 299/481 kBProgress (1): 303/481 kBProgress (1): 307/481 kBProgress (1): 311/481 kBProgress (1): 315/481 kBProgress (1): 319/481 kBProgress (1): 324/481 kBProgress (1): 328/481 kBProgress (1): 332/481 kBProgress (1): 336/481 kBProgress (1): 340/481 kBProgress (1): 344/481 kBProgress (1): 348/481 kBProgress (1): 352/481 kBProgress (1): 356/481 kBProgress (1): 360/481 kBProgress (1): 365/481 kBProgress (1): 369/481 kBProgress (1): 373/481 kBProgress (1): 377/481 kBProgress (1): 381/481 kBProgress (1): 385/481 kBProgress (1): 389/481 kBProgress (1): 393/481 kBProgress (1): 397/481 kBProgress (1): 401/481 kBProgress (1): 406/481 kBProgress (1): 410/481 kBProgress (1): 414/481 kBProgress (1): 418/481 kBProgress (1): 422/481 kBProgress (1): 426/481 kBProgress (1): 430/481 kBProgress (1): 434/481 kBProgress (1): 438/481 kBProgress (1): 442/481 kBProgress (1): 446/481 kBProgress (1): 450/481 kBProgress (1): 454/481 kBProgress (1): 458/481 kBProgress (1): 463/481 kBProgress (1): 467/481 kBProgress (1): 471/481 kBProgress (1): 475/481 kBProgress (1): 479/481 kBProgress (1): 481 kB                        Downloaded from central: https://repo.maven.apache.org/maven2/org/apache/maven/plugins/maven-javadoc-plugin/3.1.1/maven-javadoc-plugin-3.1.1.jar (481 kB at 1.0 MB/s)
Downloading from central: https://repo.maven.apache.org/maven2/org/apache/maven/plugins/maven-enforcer-plugin/3.0.0-M2/maven-enforcer-plugin-3.0.0-M2.pom
Progress (1): 4.1/6.8 kBProgress (1): 6.8 kB                        Downloaded from central: https://repo.maven.apache.org/maven2/org/apache/maven/plugins/maven-enforcer-plugin/3.0.0-M2/maven-enforcer-plugin-3.0.0-M2.pom (6.8 kB at 25 kB/s)
Downloading from central: https://repo.maven.apache.org/maven2/org/apache/maven/enforcer/enforcer/3.0.0-M2/enforcer-3.0.0-M2.pom
Progress (1): 4.1/7.9 kBProgress (1): 7.9 kB                        Downloaded from central: https://repo.maven.apache.org/maven2/org/apache/maven/enforcer/enforcer/3.0.0-M2/enforcer-3.0.0-M2.pom (7.9 kB at 27 kB/s)
Downloading from central: https://repo.maven.apache.org/maven2/org/apache/maven/plugins/maven-enforcer-plugin/3.0.0-M2/maven-enforcer-plugin-3.0.0-M2.jar
Progress (1): 4.1/26 kBProgress (1): 8.2/26 kBProgress (1): 12/26 kB Progress (1): 16/26 kBProgress (1): 20/26 kBProgress (1): 25/26 kBProgress (1): 26 kB                      Downloaded from central: https://repo.maven.apache.org/maven2/org/apache/maven/plugins/maven-enforcer-plugin/3.0.0-M2/maven-enforcer-plugin-3.0.0-M2.jar (26 kB at 92 kB/s)
Downloading from central: https://repo.maven.apache.org/maven2/org/codehaus/mojo/build-helper-maven-plugin/3.0.0/build-helper-maven-plugin-3.0.0.pom
Progress (1): 4.1/5.8 kBProgress (1): 5.8 kB                        Downloaded from central: https://repo.maven.apache.org/maven2/org/codehaus/mojo/build-helper-maven-plugin/3.0.0/build-helper-maven-plugin-3.0.0.pom (5.8 kB at 20 kB/s)
Downloading from central: https://repo.maven.apache.org/maven2/org/codehaus/mojo/mojo-parent/40/mojo-parent-40.pom
Progress (1): 4.1/34 kBProgress (1): 8.2/34 kBProgress (1): 12/34 kB Progress (1): 16/34 kBProgress (1): 20/34 kBProgress (1): 25/34 kBProgress (1): 29/34 kBProgress (1): 33/34 kBProgress (1): 34 kB                      Downloaded from central: https://repo.maven.apache.org/maven2/org/codehaus/mojo/mojo-parent/40/mojo-parent-40.pom (34 kB at 117 kB/s)
Downloading from central: https://repo.maven.apache.org/maven2/org/codehaus/mojo/build-helper-maven-plugin/3.0.0/build-helper-maven-plugin-3.0.0.jar
Progress (1): 4.1/64 kBProgress (1): 8.2/64 kBProgress (1): 12/64 kB Progress (1): 16/64 kBProgress (1): 20/64 kBProgress (1): 25/64 kBProgress (1): 29/64 kBProgress (1): 33/64 kBProgress (1): 37/64 kBProgress (1): 41/64 kBProgress (1): 45/64 kBProgress (1): 49/64 kBProgress (1): 53/64 kBProgress (1): 57/64 kBProgress (1): 61/64 kBProgress (1): 64 kB                      Downloaded from central: https://repo.maven.apache.org/maven2/org/codehaus/mojo/build-helper-maven-plugin/3.0.0/build-helper-maven-plugin-3.0.0.jar (64 kB at 205 kB/s)
Downloading from central: https://repo.maven.apache.org/maven2/org/apache/maven/plugins/maven-surefire-plugin/3.0.0-M1/maven-surefire-plugin-3.0.0-M1.pom
Progress (1): 4.1/6.4 kBProgress (1): 6.4 kB                        Downloaded from central: https://repo.maven.apache.org/maven2/org/apache/maven/plugins/maven-surefire-plugin/3.0.0-M1/maven-surefire-plugin-3.0.0-M1.pom (6.4 kB at 23 kB/s)
Downloading from central: https://repo.maven.apache.org/maven2/org/apache/maven/surefire/surefire/3.0.0-M1/surefire-3.0.0-M1.pom
Progress (1): 4.1/22 kBProgress (1): 8.2/22 kBProgress (1): 12/22 kB Progress (1): 16/22 kBProgress (1): 20/22 kBProgress (1): 22 kB                      Downloaded from central: https://repo.maven.apache.org/maven2/org/apache/maven/surefire/surefire/3.0.0-M1/surefire-3.0.0-M1.pom (22 kB at 78 kB/s)
Downloading from central: https://repo.maven.apache.org/maven2/org/apache/maven/plugins/maven-surefire-plugin/3.0.0-M1/maven-surefire-plugin-3.0.0-M1.jar
Progress (1): 4.1/40 kBProgress (1): 8.2/40 kBProgress (1): 12/40 kB Progress (1): 16/40 kBProgress (1): 20/40 kBProgress (1): 25/40 kBProgress (1): 29/40 kBProgress (1): 33/40 kBProgress (1): 37/40 kBProgress (1): 40 kB                      Downloaded from central: https://repo.maven.apache.org/maven2/org/apache/maven/plugins/maven-surefire-plugin/3.0.0-M1/maven-surefire-plugin-3.0.0-M1.jar (40 kB at 139 kB/s)
Downloading from central: https://repo.maven.apache.org/maven2/org/mockito/mockito-core/3.0.0/mockito-core-3.0.0.pom
Progress (1): 4.1/20 kBProgress (1): 8.2/20 kBProgress (1): 12/20 kB Progress (1): 16/20 kBProgress (1): 20 kB                      Downloaded from central: https://repo.maven.apache.org/maven2/org/mockito/mockito-core/3.0.0/mockito-core-3.0.0.pom (20 kB at 69 kB/s)
Downloading from central: https://repo.maven.apache.org/maven2/org/mockito/mockito-core/3.0.0/mockito-core-3.0.0.jar
Downloading from central: https://repo.maven.apache.org/maven2/net/bytebuddy/byte-buddy/1.9.10/byte-buddy-1.9.10.jar
Downloading from central: https://repo.maven.apache.org/maven2/net/bytebuddy/byte-buddy-agent/1.9.10/byte-buddy-agent-1.9.10.jar
Progress (1): 2.7/43 kBProgress (1): 5.5/43 kBProgress (2): 5.5/43 kB | 0/3.3 MBProgress (2): 5.5/43 kB | 0/3.3 MBProgress (2): 5.5/43 kB | 0/3.3 MBProgress (2): 8.2/43 kB | 0/3.3 MBProgress (2): 8.2/43 kB | 0.1/3.3 MBProgress (2): 8.2/43 kB | 0.1/3.3 MBProgress (2): 11/43 kB | 0.1/3.3 MB Progress (2): 11/43 kB | 0.1/3.3 MBProgress (2): 11/43 kB | 0.1/3.3 MBProgress (2): 14/43 kB | 0.1/3.3 MBProgress (3): 14/43 kB | 0.1/3.3 MB | 4.1/591 kBProgress (3): 14/43 kB | 0.1/3.3 MB | 4.1/591 kBProgress (3): 14/43 kB | 0.1/3.3 MB | 8.2/591 kBProgress (3): 14/43 kB | 0.1/3.3 MB | 12/591 kB Progress (3): 14/43 kB | 0.1/3.3 MB | 16/591 kBProgress (3): 14/43 kB | 0.1/3.3 MB | 16/591 kBProgress (3): 14/43 kB | 0.1/3.3 MB | 20/591 kBProgress (3): 14/43 kB | 0.1/3.3 MB | 25/591 kBProgress (3): 14/43 kB | 0.2/3.3 MB | 25/591 kBProgress (3): 14/43 kB | 0.2/3.3 MB | 29/591 kBProgress (3): 14/43 kB | 0.2/3.3 MB | 33/591 kBProgress (3): 14/43 kB | 0.2/3.3 MB | 33/591 kBProgress (3): 16/43 kB | 0.2/3.3 MB | 33/591 kBProgress (3): 16/43 kB | 0.2/3.3 MB | 33/591 kBProgress (3): 16/43 kB | 0.2/3.3 MB | 33/591 kBProgress (3): 16/43 kB | 0.2/3.3 MB | 37/591 kBProgress (3): 16/43 kB | 0.2/3.3 MB | 41/591 kBProgress (3): 16/43 kB | 0.2/3.3 MB | 41/591 kBProgress (3): 19/43 kB | 0.2/3.3 MB | 41/591 kBProgress (3): 19/43 kB | 0.2/3.3 MB | 45/591 kBProgress (3): 19/43 kB | 0.2/3.3 MB | 49/591 kBProgress (3): 19/43 kB | 0.2/3.3 MB | 49/591 kBProgress (3): 19/43 kB | 0.2/3.3 MB | 53/591 kBProgress (3): 19/43 kB | 0.3/3.3 MB | 53/591 kBProgress (3): 19/43 kB | 0.3/3.3 MB | 57/591 kBProgress (3): 19/43 kB | 0.3/3.3 MB | 61/591 kBProgress (3): 19/43 kB | 0.3/3.3 MB | 66/591 kBProgress (3): 22/43 kB | 0.3/3.3 MB | 66/591 kBProgress (3): 22/43 kB | 0.3/3.3 MB | 66/591 kBProgress (3): 22/43 kB | 0.3/3.3 MB | 66/591 kBProgress (3): 22/43 kB | 0.3/3.3 MB | 66/591 kBProgress (3): 25/43 kB | 0.3/3.3 MB | 66/591 kBProgress (3): 25/43 kB | 0.3/3.3 MB | 70/591 kBProgress (3): 25/43 kB | 0.3/3.3 MB | 74/591 kBProgress (3): 25/43 kB | 0.3/3.3 MB | 74/591 kBProgress (3): 25/43 kB | 0.3/3.3 MB | 78/591 kBProgress (3): 25/43 kB | 0.3/3.3 MB | 82/591 kBProgress (3): 25/43 kB | 0.3/3.3 MB | 82/591 kBProgress (3): 25/43 kB | 0.4/3.3 MB | 82/591 kBProgress (3): 27/43 kB | 0.4/3.3 MB | 82/591 kBProgress (3): 27/43 kB | 0.4/3.3 MB | 86/591 kBProgress (3): 27/43 kB | 0.4/3.3 MB | 86/591 kBProgress (3): 27/43 kB | 0.4/3.3 MB | 90/591 kBProgress (3): 27/43 kB | 0.4/3.3 MB | 94/591 kBProgress (3): 27/43 kB | 0.4/3.3 MB | 98/591 kBProgress (3): 27/43 kB | 0.4/3.3 MB | 98/591 kBProgress (3): 30/43 kB | 0.4/3.3 MB | 98/591 kBProgress (3): 30/43 kB | 0.4/3.3 MB | 98/591 kBProgress (3): 30/43 kB | 0.4/3.3 MB | 102/591 kBProgress (3): 30/43 kB | 0.4/3.3 MB | 106/591 kBProgress (3): 30/43 kB | 0.4/3.3 MB | 106/591 kBProgress (3): 30/43 kB | 0.4/3.3 MB | 111/591 kBProgress (3): 30/43 kB | 0.4/3.3 MB | 115/591 kBProgress (3): 30/43 kB | 0.4/3.3 MB | 115/591 kBProgress (3): 33/43 kB | 0.4/3.3 MB | 115/591 kBProgress (3): 33/43 kB | 0.5/3.3 MB | 115/591 kBProgress (3): 33/43 kB | 0.5/3.3 MB | 115/591 kBProgress (3): 33/43 kB | 0.5/3.3 MB | 119/591 kBProgress (3): 33/43 kB | 0.5/3.3 MB | 123/591 kBProgress (3): 33/43 kB | 0.5/3.3 MB | 123/591 kBProgress (3): 33/43 kB | 0.5/3.3 MB | 127/591 kBProgress (3): 36/43 kB | 0.5/3.3 MB | 127/591 kBProgress (3): 36/43 kB | 0.5/3.3 MB | 131/591 kBProgress (3): 36/43 kB | 0.5/3.3 MB | 131/591 kBProgress (3): 36/43 kB | 0.5/3.3 MB | 131/591 kBProgress (3): 38/43 kB | 0.5/3.3 MB | 131/591 kBProgress (3): 38/43 kB | 0.5/3.3 MB | 135/591 kBProgress (3): 38/43 kB | 0.5/3.3 MB | 139/591 kBProgress (3): 38/43 kB | 0.5/3.3 MB | 139/591 kBProgress (3): 38/43 kB | 0.5/3.3 MB | 143/591 kBProgress (3): 38/43 kB | 0.5/3.3 MB | 147/591 kBProgress (3): 38/43 kB | 0.6/3.3 MB | 147/591 kBProgress (3): 38/43 kB | 0.6/3.3 MB | 147/591 kBProgress (3): 38/43 kB | 0.6/3.3 MB | 152/591 kBProgress (3): 38/43 kB | 0.6/3.3 MB | 156/591 kBProgress (3): 38/43 kB | 0.6/3.3 MB | 156/591 kBProgress (3): 38/43 kB | 0.6/3.3 MB | 160/591 kBProgress (3): 38/43 kB | 0.6/3.3 MB | 164/591 kBProgress (3): 38/43 kB | 0.6/3.3 MB | 168/591 kBProgress (3): 38/43 kB | 0.6/3.3 MB | 168/591 kBProgress (3): 38/43 kB | 0.6/3.3 MB | 172/591 kBProgress (3): 38/43 kB | 0.6/3.3 MB | 176/591 kBProgress (3): 38/43 kB | 0.6/3.3 MB | 180/591 kBProgress (3): 38/43 kB | 0.6/3.3 MB | 180/591 kBProgress (3): 38/43 kB | 0.6/3.3 MB | 180/591 kBProgress (3): 38/43 kB | 0.6/3.3 MB | 184/591 kBProgress (3): 38/43 kB | 0.6/3.3 MB | 188/591 kBProgress (3): 38/43 kB | 0.6/3.3 MB | 193/591 kBProgress (3): 38/43 kB | 0.6/3.3 MB | 197/591 kBProgress (3): 41/43 kB | 0.6/3.3 MB | 197/591 kBProgress (3): 43 kB | 0.6/3.3 MB | 197/591 kB   Progress (3): 43 kB | 0.7/3.3 MB | 197/591 kBProgress (3): 43 kB | 0.7/3.3 MB | 197/591 kBProgress (3): 43 kB | 0.7/3.3 MB | 201/591 kBProgress (3): 43 kB | 0.7/3.3 MB | 205/591 kBProgress (3): 43 kB | 0.7/3.3 MB | 205/591 kBProgress (3): 43 kB | 0.7/3.3 MB | 209/591 kBProgress (3): 43 kB | 0.7/3.3 MB | 213/591 kBProgress (3): 43 kB | 0.7/3.3 MB | 213/591 kBProgress (3): 43 kB | 0.7/3.3 MB | 213/591 kBProgress (3): 43 kB | 0.7/3.3 MB | 213/591 kBProgress (3): 43 kB | 0.7/3.3 MB | 217/591 kBProgress (3): 43 kB | 0.7/3.3 MB | 221/591 kBProgress (3): 43 kB | 0.8/3.3 MB | 221/591 kBProgress (3): 43 kB | 0.8/3.3 MB | 225/591 kBProgress (3): 43 kB | 0.8/3.3 MB | 229/591 kBProgress (3): 43 kB | 0.8/3.3 MB | 229/591 kBProgress (3): 43 kB | 0.8/3.3 MB | 229/591 kBProgress (3): 43 kB | 0.8/3.3 MB | 233/591 kBProgress (3): 43 kB | 0.8/3.3 MB | 233/591 kBProgress (3): 43 kB | 0.8/3.3 MB | 238/591 kBProgress (3): 43 kB | 0.8/3.3 MB | 242/591 kBProgress (3): 43 kB | 0.8/3.3 MB | 246/591 kBProgress (3): 43 kB | 0.8/3.3 MB | 246/591 kBProgress (3): 43 kB | 0.8/3.3 MB | 246/591 kBProgress (3): 43 kB | 0.8/3.3 MB | 250/591 kBProgress (3): 43 kB | 0.8/3.3 MB | 254/591 kBProgress (3): 43 kB | 0.9/3.3 MB | 254/591 kBProgress (3): 43 kB | 0.9/3.3 MB | 258/591 kBProgress (3): 43 kB | 0.9/3.3 MB | 262/591 kBProgress (3): 43 kB | 0.9/3.3 MB | 262/591 kBProgress (3): 43 kB | 0.9/3.3 MB | 262/591 kBProgress (3): 43 kB | 0.9/3.3 MB | 266/591 kBProgress (3): 43 kB | 0.9/3.3 MB | 270/591 kBProgress (3): 43 kB | 0.9/3.3 MB | 270/591 kBProgress (3): 43 kB | 0.9/3.3 MB | 274/591 kBProgress (3): 43 kB | 0.9/3.3 MB | 279/591 kBProgress (3): 43 kB | 0.9/3.3 MB | 279/591 kBProgress (3): 43 kB | 0.9/3.3 MB | 279/591 kBProgress (3): 43 kB | 0.9/3.3 MB | 279/591 kBProgress (3): 43 kB | 0.9/3.3 MB | 283/591 kBProgress (3): 43 kB | 0.9/3.3 MB | 287/591 kBProgress (3): 43 kB | 1.0/3.3 MB | 287/591 kBProgress (3): 43 kB | 1.0/3.3 MB | 291/591 kBProgress (3): 43 kB | 1.0/3.3 MB | 295/591 kBProgress (3): 43 kB | 1.0/3.3 MB | 295/591 kBProgress (3): 43 kB | 1.0/3.3 MB | 295/591 kBProgress (3): 43 kB | 1.0/3.3 MB | 299/591 kBProgress (3): 43 kB | 1.0/3.3 MB | 303/591 kBProgress (3): 43 kB | 1.0/3.3 MB | 303/591 kBProgress (3): 43 kB | 1.0/3.3 MB | 307/591 kBProgress (3): 43 kB | 1.0/3.3 MB | 311/591 kBProgress (3): 43 kB | 1.0/3.3 MB | 311/591 kBProgress (3): 43 kB | 1.0/3.3 MB | 315/591 kBProgress (3): 43 kB | 1.0/3.3 MB | 319/591 kBProgress (3): 43 kB | 1.0/3.3 MB | 319/591 kBProgress (3): 43 kB | 1.0/3.3 MB | 324/591 kBProgress (3): 43 kB | 1.0/3.3 MB | 328/591 kBProgress (3): 43 kB | 1.1/3.3 MB | 328/591 kBProgress (3): 43 kB | 1.1/3.3 MB | 328/591 kBProgress (3): 43 kB | 1.1/3.3 MB | 328/591 kBProgress (3): 43 kB | 1.1/3.3 MB | 328/591 kBProgress (3): 43 kB | 1.1/3.3 MB | 332/591 kBProgress (3): 43 kB | 1.1/3.3 MB | 336/591 kBProgress (3): 43 kB | 1.1/3.3 MB | 336/591 kBProgress (3): 43 kB | 1.1/3.3 MB | 340/591 kBProgress (3): 43 kB | 1.1/3.3 MB | 344/591 kBProgress (3): 43 kB | 1.1/3.3 MB | 344/591 kBProgress (3): 43 kB | 1.2/3.3 MB | 344/591 kBProgress (3): 43 kB | 1.2/3.3 MB | 348/591 kBProgress (3): 43 kB | 1.2/3.3 MB | 352/591 kBProgress (3): 43 kB | 1.2/3.3 MB | 352/591 kBProgress (3): 43 kB | 1.2/3.3 MB | 356/591 kBProgress (3): 43 kB | 1.2/3.3 MB | 360/591 kBProgress (3): 43 kB | 1.2/3.3 MB | 360/591 kBProgress (3): 43 kB | 1.2/3.3 MB | 360/591 kBProgress (3): 43 kB | 1.2/3.3 MB | 360/591 kBProgress (3): 43 kB | 1.2/3.3 MB | 360/591 kBProgress (3): 43 kB | 1.2/3.3 MB | 365/591 kBProgress (3): 43 kB | 1.2/3.3 MB | 369/591 kBProgress (3): 43 kB | 1.3/3.3 MB | 369/591 kBProgress (3): 43 kB | 1.3/3.3 MB | 373/591 kBProgress (3): 43 kB | 1.3/3.3 MB | 377/591 kBProgress (3): 43 kB | 1.3/3.3 MB | 377/591 kBProgress (3): 43 kB | 1.3/3.3 MB | 381/591 kBProgress (3): 43 kB | 1.3/3.3 MB | 381/591 kBProgress (3): 43 kB | 1.3/3.3 MB | 385/591 kBProgress (3): 43 kB | 1.3/3.3 MB | 389/591 kBProgress (3): 43 kB | 1.3/3.3 MB | 393/591 kBProgress (3): 43 kB | 1.3/3.3 MB | 393/591 kBProgress (3): 43 kB | 1.3/3.3 MB | 393/591 kBProgress (3): 43 kB | 1.3/3.3 MB | 393/591 kBProgress (3): 43 kB | 1.3/3.3 MB | 397/591 kBProgress (3): 43 kB | 1.3/3.3 MB | 401/591 kBProgress (3): 43 kB | 1.3/3.3 MB | 406/591 kBProgress (3): 43 kB | 1.3/3.3 MB | 410/591 kBProgress (3): 43 kB | 1.4/3.3 MB | 410/591 kBProgress (3): 43 kB | 1.4/3.3 MB | 410/591 kBProgress (3): 43 kB | 1.4/3.3 MB | 414/591 kBProgress (3): 43 kB | 1.4/3.3 MB | 418/591 kBProgress (3): 43 kB | 1.4/3.3 MB | 418/591 kBProgress (3): 43 kB | 1.4/3.3 MB | 422/591 kBProgress (3): 43 kB | 1.4/3.3 MB | 426/591 kBProgress (3): 43 kB | 1.4/3.3 MB | 426/591 kBProgress (3): 43 kB | 1.4/3.3 MB | 426/591 kBProgress (3): 43 kB | 1.4/3.3 MB | 426/591 kBProgress (3): 43 kB | 1.4/3.3 MB | 430/591 kBProgress (3): 43 kB | 1.4/3.3 MB | 434/591 kBProgress (3): 43 kB | 1.5/3.3 MB | 434/591 kBProgress (3): 43 kB | 1.5/3.3 MB | 438/591 kBProgress (3): 43 kB | 1.5/3.3 MB | 442/591 kBProgress (3): 43 kB | 1.5/3.3 MB | 442/591 kBProgress (3): 43 kB | 1.5/3.3 MB | 442/591 kBProgress (3): 43 kB | 1.5/3.3 MB | 446/591 kBProgress (3): 43 kB | 1.5/3.3 MB | 446/591 kBProgress (3): 43 kB | 1.5/3.3 MB | 451/591 kBProgress (3): 43 kB | 1.5/3.3 MB | 455/591 kBProgress (3): 43 kB | 1.5/3.3 MB | 459/591 kBProgress (3): 43 kB | 1.5/3.3 MB | 459/591 kBProgress (3): 43 kB | 1.5/3.3 MB | 459/591 kBProgress (3): 43 kB | 1.6/3.3 MB | 459/591 kBProgress (3): 43 kB | 1.6/3.3 MB | 463/591 kBProgress (3): 43 kB | 1.6/3.3 MB | 467/591 kBProgress (3): 43 kB | 1.6/3.3 MB | 467/591 kBProgress (3): 43 kB | 1.6/3.3 MB | 471/591 kBProgress (3): 43 kB | 1.6/3.3 MB | 475/591 kBProgress (3): 43 kB | 1.6/3.3 MB | 475/591 kBProgress (3): 43 kB | 1.6/3.3 MB | 475/591 kBProgress (3): 43 kB | 1.6/3.3 MB | 479/591 kBProgress (3): 43 kB | 1.6/3.3 MB | 479/591 kBProgress (3): 43 kB | 1.6/3.3 MB | 483/591 kBProgress (3): 43 kB | 1.6/3.3 MB | 487/591 kBProgress (3): 43 kB | 1.6/3.3 MB | 492/591 kBProgress (3): 43 kB | 1.6/3.3 MB | 492/591 kBProgress (3): 43 kB | 1.6/3.3 MB | 496/591 kBProgress (3): 43 kB | 1.6/3.3 MB | 500/591 kBProgress (3): 43 kB | 1.7/3.3 MB | 500/591 kBProgress (3): 43 kB | 1.7/3.3 MB | 504/591 kBProgress (3): 43 kB | 1.7/3.3 MB | 508/591 kBProgress (3): 43 kB | 1.7/3.3 MB | 512/591 kBProgress (3): 43 kB | 1.7/3.3 MB | 516/591 kBProgress (3): 43 kB | 1.7/3.3 MB | 520/591 kBProgress (3): 43 kB | 1.7/3.3 MB | 524/591 kB                                             Downloaded from central: https://repo.maven.apache.org/maven2/net/bytebuddy/byte-buddy-agent/1.9.10/byte-buddy-agent-1.9.10.jar (43 kB at 109 kB/s)
Progress (2): 1.7/3.3 MB | 528/591 kBProgress (2): 1.7/3.3 MB | 528/591 kBProgress (2): 1.7/3.3 MB | 532/591 kBProgress (2): 1.7/3.3 MB | 537/591 kBProgress (2): 1.7/3.3 MB | 541/591 kBProgress (2): 1.7/3.3 MB | 541/591 kBProgress (2): 1.7/3.3 MB | 541/591 kBProgress (2): 1.7/3.3 MB | 541/591 kBProgress (2): 1.7/3.3 MB | 541/591 kBProgress (2): 1.7/3.3 MB | 545/591 kBProgress (2): 1.7/3.3 MB | 549/591 kBProgress (2): 1.8/3.3 MB | 549/591 kBProgress (2): 1.8/3.3 MB | 553/591 kBProgress (2): 1.8/3.3 MB | 557/591 kBProgress (2): 1.8/3.3 MB | 557/591 kBProgress (2): 1.8/3.3 MB | 561/591 kBProgress (2): 1.8/3.3 MB | 565/591 kBProgress (2): 1.8/3.3 MB | 565/591 kBProgress (2): 1.8/3.3 MB | 569/591 kBProgress (2): 1.8/3.3 MB | 573/591 kBProgress (2): 1.8/3.3 MB | 573/591 kBProgress (2): 1.8/3.3 MB | 573/591 kBProgress (2): 1.8/3.3 MB | 573/591 kBProgress (2): 1.8/3.3 MB | 578/591 kBProgress (2): 1.8/3.3 MB | 582/591 kBProgress (2): 1.9/3.3 MB | 582/591 kBProgress (2): 1.9/3.3 MB | 586/591 kBProgress (2): 1.9/3.3 MB | 590/591 kBProgress (2): 1.9/3.3 MB | 591 kB    Progress (2): 1.9/3.3 MB | 591 kBProgress (2): 1.9/3.3 MB | 591 kBProgress (2): 1.9/3.3 MB | 591 kBProgress (2): 1.9/3.3 MB | 591 kBProgress (2): 1.9/3.3 MB | 591 kBProgress (2): 1.9/3.3 MB | 591 kBProgress (2): 2.0/3.3 MB | 591 kBProgress (2): 2.0/3.3 MB | 591 kBProgress (2): 2.0/3.3 MB | 591 kBProgress (2): 2.0/3.3 MB | 591 kBProgress (2): 2.0/3.3 MB | 591 kBProgress (2): 2.0/3.3 MB | 591 kBProgress (2): 2.1/3.3 MB | 591 kBProgress (2): 2.1/3.3 MB | 591 kBProgress (2): 2.1/3.3 MB | 591 kBProgress (2): 2.1/3.3 MB | 591 kBProgress (2): 2.1/3.3 MB | 591 kBProgress (2): 2.2/3.3 MB | 591 kBProgress (2): 2.2/3.3 MB | 591 kBProgress (2): 2.2/3.3 MB | 591 kBProgress (2): 2.2/3.3 MB | 591 kBProgress (2): 2.2/3.3 MB | 591 kBProgress (2): 2.2/3.3 MB | 591 kBProgress (2): 2.3/3.3 MB | 591 kBProgress (2): 2.3/3.3 MB | 591 kBProgress (2): 2.3/3.3 MB | 591 kBProgress (2): 2.3/3.3 MB | 591 kBProgress (2): 2.3/3.3 MB | 591 kBProgress (2): 2.3/3.3 MB | 591 kBProgress (2): 2.3/3.3 MB | 591 kBProgress (2): 2.4/3.3 MB | 591 kBProgress (2): 2.4/3.3 MB | 591 kBProgress (2): 2.4/3.3 MB | 591 kBProgress (2): 2.4/3.3 MB | 591 kBProgress (2): 2.4/3.3 MB | 591 kBProgress (2): 2.4/3.3 MB | 591 kBProgress (2): 2.5/3.3 MB | 591 kBProgress (2): 2.5/3.3 MB | 591 kBProgress (2): 2.5/3.3 MB | 591 kBProgress (2): 2.5/3.3 MB | 591 kBProgress (2): 2.5/3.3 MB | 591 kBProgress (2): 2.5/3.3 MB | 591 kBProgress (2): 2.6/3.3 MB | 591 kBProgress (2): 2.6/3.3 MB | 591 kBProgress (2): 2.6/3.3 MB | 591 kBProgress (2): 2.6/3.3 MB | 591 kBProgress (2): 2.6/3.3 MB | 591 kBProgress (2): 2.6/3.3 MB | 591 kBProgress (2): 2.7/3.3 MB | 591 kBProgress (2): 2.7/3.3 MB | 591 kBProgress (2): 2.7/3.3 MB | 591 kBProgress (2): 2.7/3.3 MB | 591 kBProgress (2): 2.7/3.3 MB | 591 kBProgress (2): 2.7/3.3 MB | 591 kBProgress (2): 2.8/3.3 MB | 591 kBProgress (2): 2.8/3.3 MB | 591 kBProgress (2): 2.8/3.3 MB | 591 kBProgress (2): 2.8/3.3 MB | 591 kBProgress (2): 2.8/3.3 MB | 591 kBProgress (2): 2.8/3.3 MB | 591 kBProgress (2): 2.9/3.3 MB | 591 kBProgress (2): 2.9/3.3 MB | 591 kBProgress (2): 2.9/3.3 MB | 591 kBProgress (2): 2.9/3.3 MB | 591 kBProgress (2): 2.9/3.3 MB | 591 kBProgress (2): 2.9/3.3 MB | 591 kBProgress (2): 3.0/3.3 MB | 591 kBProgress (2): 3.0/3.3 MB | 591 kBProgress (2): 3.0/3.3 MB | 591 kBProgress (2): 3.0/3.3 MB | 591 kBProgress (2): 3.0/3.3 MB | 591 kBProgress (2): 3.0/3.3 MB | 591 kBProgress (2): 3.1/3.3 MB | 591 kBProgress (2): 3.1/3.3 MB | 591 kBProgress (2): 3.1/3.3 MB | 591 kBProgress (2): 3.1/3.3 MB | 591 kBProgress (2): 3.1/3.3 MB | 591 kBProgress (2): 3.1/3.3 MB | 591 kBProgress (2): 3.2/3.3 MB | 591 kBProgress (2): 3.2/3.3 MB | 591 kBProgress (2): 3.2/3.3 MB | 591 kBProgress (2): 3.2/3.3 MB | 591 kBProgress (2): 3.2/3.3 MB | 591 kBProgress (2): 3.2/3.3 MB | 591 kBProgress (2): 3.3/3.3 MB | 591 kBProgress (2): 3.3 MB | 591 kB                                 Downloaded from central: https://repo.maven.apache.org/maven2/org/mockito/mockito-core/3.0.0/mockito-core-3.0.0.jar (591 kB at 1.1 MB/s)
Downloaded from central: https://repo.maven.apache.org/maven2/net/bytebuddy/byte-buddy/1.9.10/byte-buddy-1.9.10.jar (3.3 MB at 5.3 MB/s)
[INFO] 
[INFO] --- maven-clean-plugin:2.5:clean (default-clean) @ stateless4j ---
[INFO] 
[INFO] --- maven-enforcer-plugin:3.0.0-M2:enforce (enforce-maven-3) @ stateless4j ---
Downloading from central: https://repo.maven.apache.org/maven2/org/apache/maven/enforcer/enforcer-api/3.0.0-M2/enforcer-api-3.0.0-M2.pom
Progress (1): 2.9 kB                    Downloaded from central: https://repo.maven.apache.org/maven2/org/apache/maven/enforcer/enforcer-api/3.0.0-M2/enforcer-api-3.0.0-M2.pom (2.9 kB at 9.9 kB/s)
Downloading from central: https://repo.maven.apache.org/maven2/org/apache/maven/enforcer/enforcer-rules/3.0.0-M2/enforcer-rules-3.0.0-M2.pom
Progress (1): 3.9 kB                    Downloaded from central: https://repo.maven.apache.org/maven2/org/apache/maven/enforcer/enforcer-rules/3.0.0-M2/enforcer-rules-3.0.0-M2.pom (3.9 kB at 12 kB/s)
Downloading from central: https://repo.maven.apache.org/maven2/org/apache/maven/enforcer/enforcer-api/3.0.0-M2/enforcer-api-3.0.0-M2.jar
Downloading from central: https://repo.maven.apache.org/maven2/org/apache/maven/enforcer/enforcer-rules/3.0.0-M2/enforcer-rules-3.0.0-M2.jar
Progress (1): 4.1/104 kBProgress (1): 8.2/104 kBProgress (1): 12/104 kB Progress (1): 16/104 kBProgress (2): 16/104 kB | 4.1/12 kBProgress (2): 16/104 kB | 8.2/12 kBProgress (2): 16/104 kB | 12 kB    Progress (2): 20/104 kB | 12 kBProgress (2): 25/104 kB | 12 kBProgress (2): 29/104 kB | 12 kBProgress (2): 33/104 kB | 12 kBProgress (2): 37/104 kB | 12 kBProgress (2): 41/104 kB | 12 kBProgress (2): 45/104 kB | 12 kBProgress (2): 49/104 kB | 12 kBProgress (2): 53/104 kB | 12 kBProgress (2): 57/104 kB | 12 kBProgress (2): 61/104 kB | 12 kBProgress (2): 66/104 kB | 12 kBProgress (2): 70/104 kB | 12 kBProgress (2): 74/104 kB | 12 kBProgress (2): 78/104 kB | 12 kBProgress (2): 82/104 kB | 12 kBProgress (2): 86/104 kB | 12 kBProgress (2): 90/104 kB | 12 kBProgress (2): 94/104 kB | 12 kBProgress (2): 98/104 kB | 12 kBProgress (2): 102/104 kB | 12 kBProgress (2): 104 kB | 12 kB                                Downloaded from central: https://repo.maven.apache.org/maven2/org/apache/maven/enforcer/enforcer-api/3.0.0-M2/enforcer-api-3.0.0-M2.jar (12 kB at 40 kB/s)
Downloaded from central: https://repo.maven.apache.org/maven2/org/apache/maven/enforcer/enforcer-rules/3.0.0-M2/enforcer-rules-3.0.0-M2.jar (104 kB at 328 kB/s)
[INFO] 
[INFO] --- jacoco-maven-plugin:0.8.4:prepare-agent (default) @ stateless4j ---
[WARNING] The artifact xml-apis:xml-apis:jar:2.0.2 has been relocated to xml-apis:xml-apis:jar:1.0.b2
Downloading from central: https://repo.maven.apache.org/maven2/org/jacoco/org.jacoco.agent/0.8.4/org.jacoco.agent-0.8.4.pom
Progress (1): 3.5 kB                    Downloaded from central: https://repo.maven.apache.org/maven2/org/jacoco/org.jacoco.agent/0.8.4/org.jacoco.agent-0.8.4.pom (3.5 kB at 12 kB/s)
Downloading from central: https://repo.maven.apache.org/maven2/org/jacoco/org.jacoco.core/0.8.4/org.jacoco.core-0.8.4.pom
Progress (1): 2.1 kB                    Downloaded from central: https://repo.maven.apache.org/maven2/org/jacoco/org.jacoco.core/0.8.4/org.jacoco.core-0.8.4.pom (2.1 kB at 6.6 kB/s)
Downloading from central: https://repo.maven.apache.org/maven2/org/ow2/asm/asm-commons/7.1/asm-commons-7.1.pom
Progress (1): 3.7 kB                    Downloaded from central: https://repo.maven.apache.org/maven2/org/ow2/asm/asm-commons/7.1/asm-commons-7.1.pom (3.7 kB at 12 kB/s)
Downloading from central: https://repo.maven.apache.org/maven2/org/ow2/asm/asm-tree/7.1/asm-tree-7.1.pom
Progress (1): 3.1 kB                    Downloaded from central: https://repo.maven.apache.org/maven2/org/ow2/asm/asm-tree/7.1/asm-tree-7.1.pom (3.1 kB at 11 kB/s)
Downloading from central: https://repo.maven.apache.org/maven2/org/ow2/asm/asm-analysis/7.1/asm-analysis-7.1.pom
Progress (1): 3.2 kB                    Downloaded from central: https://repo.maven.apache.org/maven2/org/ow2/asm/asm-analysis/7.1/asm-analysis-7.1.pom (3.2 kB at 9.4 kB/s)
Downloading from central: https://repo.maven.apache.org/maven2/org/jacoco/org.jacoco.report/0.8.4/org.jacoco.report-0.8.4.pom
Progress (1): 1.9 kB                    Downloaded from central: https://repo.maven.apache.org/maven2/org/jacoco/org.jacoco.report/0.8.4/org.jacoco.report-0.8.4.pom (1.9 kB at 6.1 kB/s)
Downloading from central: https://repo.maven.apache.org/maven2/org/jacoco/org.jacoco.agent/0.8.4/org.jacoco.agent-0.8.4-runtime.jar
Downloading from central: https://repo.maven.apache.org/maven2/org/jacoco/org.jacoco.core/0.8.4/org.jacoco.core-0.8.4.jar
Downloading from central: https://repo.maven.apache.org/maven2/org/ow2/asm/asm-commons/7.1/asm-commons-7.1.jar
Downloading from central: https://repo.maven.apache.org/maven2/org/ow2/asm/asm-analysis/7.1/asm-analysis-7.1.jar
Downloading from central: https://repo.maven.apache.org/maven2/org/ow2/asm/asm-tree/7.1/asm-tree-7.1.jar
Progress (1): 4.1/194 kBProgress (1): 8.2/194 kBProgress (1): 12/194 kB Progress (1): 16/194 kBProgress (1): 20/194 kBProgress (1): 25/194 kBProgress (1): 29/194 kBProgress (1): 33/194 kBProgress (2): 33/194 kB | 2.7/50 kBProgress (3): 33/194 kB | 2.7/50 kB | 4.1/33 kBProgress (3): 37/194 kB | 2.7/50 kB | 4.1/33 kBProgress (3): 37/194 kB | 2.7/50 kB | 8.2/33 kBProgress (3): 41/194 kB | 2.7/50 kB | 8.2/33 kBProgress (3): 41/194 kB | 2.7/50 kB | 12/33 kB Progress (3): 45/194 kB | 2.7/50 kB | 12/33 kBProgress (3): 45/194 kB | 2.7/50 kB | 16/33 kBProgress (3): 49/194 kB | 2.7/50 kB | 16/33 kBProgress (4): 49/194 kB | 2.7/50 kB | 16/33 kB | 4.1/281 kBProgress (4): 49/194 kB | 2.7/50 kB | 20/33 kB | 4.1/281 kBProgress (4): 49/194 kB | 2.7/50 kB | 25/33 kB | 4.1/281 kBProgress (4): 49/194 kB | 2.7/50 kB | 29/33 kB | 4.1/281 kBProgress (4): 49/194 kB | 2.7/50 kB | 29/33 kB | 8.2/281 kBProgress (4): 49/194 kB | 2.7/50 kB | 29/33 kB | 12/281 kB Progress (4): 49/194 kB | 2.7/50 kB | 33/33 kB | 12/281 kBProgress (4): 53/194 kB | 2.7/50 kB | 33/33 kB | 12/281 kBProgress (4): 53/194 kB | 2.7/50 kB | 33/33 kB | 16/281 kBProgress (4): 57/194 kB | 2.7/50 kB | 33/33 kB | 16/281 kBProgress (4): 57/194 kB | 2.7/50 kB | 33 kB | 16/281 kB   Progress (4): 61/194 kB | 2.7/50 kB | 33 kB | 16/281 kBProgress (4): 66/194 kB | 2.7/50 kB | 33 kB | 16/281 kBProgress (4): 66/194 kB | 2.7/50 kB | 33 kB | 20/281 kBProgress (4): 66/194 kB | 2.7/50 kB | 33 kB | 25/281 kBProgress (4): 66/194 kB | 2.7/50 kB | 33 kB | 29/281 kBProgress (4): 70/194 kB | 2.7/50 kB | 33 kB | 29/281 kBProgress (4): 70/194 kB | 2.7/50 kB | 33 kB | 33/281 kBProgress (4): 74/194 kB | 2.7/50 kB | 33 kB | 33/281 kBProgress (4): 78/194 kB | 2.7/50 kB | 33 kB | 33/281 kBProgress (4): 82/194 kB | 2.7/50 kB | 33 kB | 33/281 kBProgress (4): 86/194 kB | 2.7/50 kB | 33 kB | 33/281 kBProgress (4): 90/194 kB | 2.7/50 kB | 33 kB | 33/281 kBProgress (4): 94/194 kB | 2.7/50 kB | 33 kB | 33/281 kBProgress (4): 98/194 kB | 2.7/50 kB | 33 kB | 33/281 kBProgress (4): 102/194 kB | 2.7/50 kB | 33 kB | 33/281 kBProgress (4): 102/194 kB | 2.7/50 kB | 33 kB | 37/281 kBProgress (4): 106/194 kB | 2.7/50 kB | 33 kB | 37/281 kBProgress (4): 106/194 kB | 2.7/50 kB | 33 kB | 41/281 kBProgress (4): 111/194 kB | 2.7/50 kB | 33 kB | 41/281 kBProgress (4): 111/194 kB | 2.7/50 kB | 33 kB | 45/281 kBProgress (4): 115/194 kB | 2.7/50 kB | 33 kB | 45/281 kBProgress (4): 115/194 kB | 2.7/50 kB | 33 kB | 49/281 kBProgress (4): 119/194 kB | 2.7/50 kB | 33 kB | 49/281 kBProgress (4): 123/194 kB | 2.7/50 kB | 33 kB | 49/281 kBProgress (4): 127/194 kB | 2.7/50 kB | 33 kB | 49/281 kBProgress (4): 131/194 kB | 2.7/50 kB | 33 kB | 49/281 kBProgress (4): 135/194 kB | 2.7/50 kB | 33 kB | 49/281 kBProgress (4): 139/194 kB | 2.7/50 kB | 33 kB | 49/281 kBProgress (4): 143/194 kB | 2.7/50 kB | 33 kB | 49/281 kBProgress (4): 147/194 kB | 2.7/50 kB | 33 kB | 49/281 kBProgress (4): 147/194 kB | 2.7/50 kB | 33 kB | 53/281 kBProgress (4): 152/194 kB | 2.7/50 kB | 33 kB | 53/281 kBProgress (4): 152/194 kB | 2.7/50 kB | 33 kB | 57/281 kBProgress (4): 156/194 kB | 2.7/50 kB | 33 kB | 57/281 kBProgress (4): 156/194 kB | 2.7/50 kB | 33 kB | 61/281 kBProgress (4): 160/194 kB | 2.7/50 kB | 33 kB | 61/281 kBProgress (4): 160/194 kB | 2.7/50 kB | 33 kB | 66/281 kBProgress (4): 164/194 kB | 2.7/50 kB | 33 kB | 66/281 kBProgress (4): 164/194 kB | 6.8/50 kB | 33 kB | 66/281 kBProgress (4): 168/194 kB | 6.8/50 kB | 33 kB | 66/281 kBProgress (4): 168/194 kB | 11/50 kB | 33 kB | 66/281 kB Progress (4): 172/194 kB | 11/50 kB | 33 kB | 66/281 kBProgress (4): 172/194 kB | 15/50 kB | 33 kB | 66/281 kBProgress (4): 176/194 kB | 15/50 kB | 33 kB | 66/281 kBProgress (4): 176/194 kB | 19/50 kB | 33 kB | 66/281 kBProgress (4): 180/194 kB | 19/50 kB | 33 kB | 66/281 kBProgress (4): 184/194 kB | 19/50 kB | 33 kB | 66/281 kBProgress (4): 184/194 kB | 19/50 kB | 33 kB | 70/281 kBProgress (4): 188/194 kB | 19/50 kB | 33 kB | 70/281 kBProgress (4): 188/194 kB | 19/50 kB | 33 kB | 74/281 kBProgress (4): 193/194 kB | 19/50 kB | 33 kB | 74/281 kBProgress (4): 193/194 kB | 19/50 kB | 33 kB | 78/281 kBProgress (4): 194 kB | 19/50 kB | 33 kB | 78/281 kB    Progress (4): 194 kB | 19/50 kB | 33 kB | 82/281 kBProgress (4): 194 kB | 19/50 kB | 33 kB | 86/281 kBProgress (4): 194 kB | 19/50 kB | 33 kB | 90/281 kBProgress (4): 194 kB | 19/50 kB | 33 kB | 94/281 kBProgress (4): 194 kB | 19/50 kB | 33 kB | 98/281 kBProgress (4): 194 kB | 19/50 kB | 33 kB | 102/281 kBProgress (4): 194 kB | 19/50 kB | 33 kB | 106/281 kBProgress (4): 194 kB | 19/50 kB | 33 kB | 109/281 kBProgress (4): 194 kB | 19/50 kB | 33 kB | 113/281 kBProgress (4): 194 kB | 23/50 kB | 33 kB | 113/281 kBProgress (4): 194 kB | 23/50 kB | 33 kB | 117/281 kBProgress (4): 194 kB | 27/50 kB | 33 kB | 117/281 kBProgress (4): 194 kB | 27/50 kB | 33 kB | 121/281 kBProgress (4): 194 kB | 31/50 kB | 33 kB | 121/281 kBProgress (4): 194 kB | 31/50 kB | 33 kB | 125/281 kBProgress (4): 194 kB | 36/50 kB | 33 kB | 125/281 kBProgress (4): 194 kB | 36/50 kB | 33 kB | 130/281 kBProgress (4): 194 kB | 36/50 kB | 33 kB | 134/281 kBProgress (4): 194 kB | 36/50 kB | 33 kB | 138/281 kBProgress (4): 194 kB | 36/50 kB | 33 kB | 142/281 kBProgress (4): 194 kB | 36/50 kB | 33 kB | 146/281 kBProgress (4): 194 kB | 36/50 kB | 33 kB | 150/281 kBProgress (4): 194 kB | 36/50 kB | 33 kB | 154/281 kBProgress (4): 194 kB | 36/50 kB | 33 kB | 158/281 kBProgress (4): 194 kB | 40/50 kB | 33 kB | 158/281 kBProgress (4): 194 kB | 40/50 kB | 33 kB | 162/281 kBProgress (4): 194 kB | 44/50 kB | 33 kB | 162/281 kBProgress (4): 194 kB | 44/50 kB | 33 kB | 166/281 kBProgress (4): 194 kB | 48/50 kB | 33 kB | 166/281 kBProgress (4): 194 kB | 50 kB | 33 kB | 166/281 kB   Progress (4): 194 kB | 50 kB | 33 kB | 171/281 kBProgress (4): 194 kB | 50 kB | 33 kB | 175/281 kBProgress (4): 194 kB | 50 kB | 33 kB | 179/281 kBProgress (4): 194 kB | 50 kB | 33 kB | 183/281 kBProgress (4): 194 kB | 50 kB | 33 kB | 187/281 kBProgress (4): 194 kB | 50 kB | 33 kB | 191/281 kBProgress (4): 194 kB | 50 kB | 33 kB | 195/281 kBProgress (4): 194 kB | 50 kB | 33 kB | 199/281 kBProgress (4): 194 kB | 50 kB | 33 kB | 203/281 kBProgress (4): 194 kB | 50 kB | 33 kB | 207/281 kBProgress (4): 194 kB | 50 kB | 33 kB | 211/281 kBProgress (4): 194 kB | 50 kB | 33 kB | 216/281 kBProgress (4): 194 kB | 50 kB | 33 kB | 220/281 kBProgress (4): 194 kB | 50 kB | 33 kB | 224/281 kBProgress (4): 194 kB | 50 kB | 33 kB | 228/281 kBProgress (4): 194 kB | 50 kB | 33 kB | 232/281 kBProgress (4): 194 kB | 50 kB | 33 kB | 236/281 kBProgress (4): 194 kB | 50 kB | 33 kB | 240/281 kBProgress (4): 194 kB | 50 kB | 33 kB | 244/281 kBProgress (4): 194 kB | 50 kB | 33 kB | 248/281 kBProgress (4): 194 kB | 50 kB | 33 kB | 252/281 kBProgress (4): 194 kB | 50 kB | 33 kB | 257/281 kBProgress (4): 194 kB | 50 kB | 33 kB | 261/281 kBProgress (4): 194 kB | 50 kB | 33 kB | 265/281 kBProgress (4): 194 kB | 50 kB | 33 kB | 269/281 kBProgress (4): 194 kB | 50 kB | 33 kB | 273/281 kBProgress (4): 194 kB | 50 kB | 33 kB | 277/281 kBProgress (4): 194 kB | 50 kB | 33 kB | 281/281 kBProgress (4): 194 kB | 50 kB | 33 kB | 281 kB                                                 Downloaded from central: https://repo.maven.apache.org/maven2/org/ow2/asm/asm-analysis/7.1/asm-analysis-7.1.jar (33 kB at 120 kB/s)
Downloading from central: https://repo.maven.apache.org/maven2/org/jacoco/org.jacoco.report/0.8.4/org.jacoco.report-0.8.4.jar
Downloaded from central: https://repo.maven.apache.org/maven2/org/jacoco/org.jacoco.core/0.8.4/org.jacoco.core-0.8.4.jar (194 kB at 675 kB/s)
Downloaded from central: https://repo.maven.apache.org/maven2/org/ow2/asm/asm-tree/7.1/asm-tree-7.1.jar (50 kB at 161 kB/s)
Downloaded from central: https://repo.maven.apache.org/maven2/org/jacoco/org.jacoco.agent/0.8.4/org.jacoco.agent-0.8.4-runtime.jar (281 kB at 858 kB/s)
Progress (1): 4.1/129 kBProgress (1): 8.2/129 kBProgress (1): 12/129 kB Progress (1): 16/129 kBProgress (1): 20/129 kBProgress (1): 25/129 kBProgress (1): 29/129 kBProgress (1): 33/129 kBProgress (1): 37/129 kBProgress (1): 41/129 kBProgress (1): 45/129 kBProgress (1): 49/129 kBProgress (2): 49/129 kB | 2.7/70 kBProgress (2): 53/129 kB | 2.7/70 kBProgress (2): 57/129 kB | 2.7/70 kBProgress (2): 61/129 kB | 2.7/70 kBProgress (2): 61/129 kB | 5.5/70 kBProgress (2): 66/129 kB | 5.5/70 kBProgress (2): 66/129 kB | 8.2/70 kBProgress (2): 66/129 kB | 11/70 kB Progress (2): 70/129 kB | 11/70 kBProgress (2): 74/129 kB | 11/70 kBProgress (2): 78/129 kB | 11/70 kBProgress (2): 82/129 kB | 11/70 kBProgress (2): 82/129 kB | 14/70 kBProgress (2): 86/129 kB | 14/70 kBProgress (2): 90/129 kB | 14/70 kBProgress (2): 94/129 kB | 14/70 kBProgress (2): 98/129 kB | 14/70 kBProgress (2): 102/129 kB | 14/70 kBProgress (2): 106/129 kB | 14/70 kBProgress (2): 111/129 kB | 14/70 kBProgress (2): 115/129 kB | 14/70 kBProgress (2): 119/129 kB | 14/70 kBProgress (2): 123/129 kB | 14/70 kBProgress (2): 127/129 kB | 14/70 kBProgress (2): 129 kB | 14/70 kB    Progress (2): 129 kB | 16/70 kBProgress (2): 129 kB | 19/70 kBProgress (2): 129 kB | 22/70 kBProgress (2): 129 kB | 25/70 kBProgress (2): 129 kB | 27/70 kBProgress (2): 129 kB | 30/70 kBProgress (2): 129 kB | 33/70 kBProgress (2): 129 kB | 36/70 kBProgress (2): 129 kB | 38/70 kBProgress (2): 129 kB | 41/70 kBProgress (2): 129 kB | 44/70 kBProgress (2): 129 kB | 47/70 kBProgress (2): 129 kB | 49/70 kB                               Downloaded from central: https://repo.maven.apache.org/maven2/org/jacoco/org.jacoco.report/0.8.4/org.jacoco.report-0.8.4.jar (129 kB at 229 kB/s)
Progress (1): 52/70 kBProgress (1): 55/70 kBProgress (1): 58/70 kBProgress (1): 60/70 kBProgress (1): 63/70 kBProgress (1): 66/70 kBProgress (1): 70/70 kBProgress (1): 70 kB                      Downloaded from central: https://repo.maven.apache.org/maven2/org/ow2/asm/asm-commons/7.1/asm-commons-7.1.jar (70 kB at 93 kB/s)
[INFO] argLine set to -javaagent:/Users/seyoung/.m2/repository/org/jacoco/org.jacoco.agent/0.8.4/org.jacoco.agent-0.8.4-runtime.jar=destfile=/Users/seyoung/data/repo/target/jacoco.exec
[INFO] 
[INFO] --- build-helper-maven-plugin:3.0.0:add-source (default) @ stateless4j ---
[INFO] Source directory: /Users/seyoung/data/repo/target/filtered-sources/java added.
[INFO] 
[INFO] --- maven-resources-plugin:2.6:resources (default-resources) @ stateless4j ---
[INFO] Using 'UTF-8' encoding to copy filtered resources.
[INFO] skip non existing resourceDirectory /Users/seyoung/data/repo/src/main/resources
[INFO] 
[INFO] --- maven-compiler-plugin:3.8.1:compile (default-compile) @ stateless4j ---
[INFO] Changes detected - recompiling the module!
[INFO] Compiling 26 source files to /Users/seyoung/data/repo/target/classes
[INFO] 
[INFO] --- maven-resources-plugin:2.6:testResources (default-testResources) @ stateless4j ---
[INFO] Using 'UTF-8' encoding to copy filtered resources.
[INFO] skip non existing resourceDirectory /Users/seyoung/data/repo/src/test/resources
[INFO] 
[INFO] --- maven-compiler-plugin:3.8.1:testCompile (default-testCompile) @ stateless4j ---
[INFO] Changes detected - recompiling the module!
[INFO] Compiling 18 source files to /Users/seyoung/data/repo/target/test-classes
[INFO] 
[INFO] --- maven-surefire-plugin:3.0.0-M1:test (default-test) @ stateless4j ---
Downloading from central: https://repo.maven.apache.org/maven2/org/apache/maven/surefire/maven-surefire-common/3.0.0-M1/maven-surefire-common-3.0.0-M1.pom
Progress (1): 4.1/9.7 kBProgress (1): 8.2/9.7 kBProgress (1): 9.7 kB                        Downloaded from central: https://repo.maven.apache.org/maven2/org/apache/maven/surefire/maven-surefire-common/3.0.0-M1/maven-surefire-common-3.0.0-M1.pom (9.7 kB at 34 kB/s)
Downloading from central: https://repo.maven.apache.org/maven2/org/apache/maven/surefire/surefire-api/3.0.0-M1/surefire-api-3.0.0-M1.pom
Progress (1): 3.5 kB                    Downloaded from central: https://repo.maven.apache.org/maven2/org/apache/maven/surefire/surefire-api/3.0.0-M1/surefire-api-3.0.0-M1.pom (3.5 kB at 13 kB/s)
Downloading from central: https://repo.maven.apache.org/maven2/org/apache/maven/surefire/surefire-logger-api/3.0.0-M1/surefire-logger-api-3.0.0-M1.pom
Progress (1): 2.0 kB                    Downloaded from central: https://repo.maven.apache.org/maven2/org/apache/maven/surefire/surefire-logger-api/3.0.0-M1/surefire-logger-api-3.0.0-M1.pom (2.0 kB at 7.0 kB/s)
Downloading from central: https://repo.maven.apache.org/maven2/org/apache/maven/surefire/surefire-booter/3.0.0-M1/surefire-booter-3.0.0-M1.pom
Progress (1): 4.1/7.4 kBProgress (1): 7.4 kB                        Downloaded from central: https://repo.maven.apache.org/maven2/org/apache/maven/surefire/surefire-booter/3.0.0-M1/surefire-booter-3.0.0-M1.pom (7.4 kB at 19 kB/s)
Downloading from central: https://repo.maven.apache.org/maven2/org/codehaus/plexus/plexus-java/0.9.11/plexus-java-0.9.11.pom
Progress (1): 4.1/4.6 kBProgress (1): 4.6 kB                        Downloaded from central: https://repo.maven.apache.org/maven2/org/codehaus/plexus/plexus-java/0.9.11/plexus-java-0.9.11.pom (4.6 kB at 17 kB/s)
Downloading from central: https://repo.maven.apache.org/maven2/org/codehaus/plexus/plexus-languages/0.9.11/plexus-languages-0.9.11.pom
Progress (1): 4.1 kB                    Downloaded from central: https://repo.maven.apache.org/maven2/org/codehaus/plexus/plexus-languages/0.9.11/plexus-languages-0.9.11.pom (4.1 kB at 14 kB/s)
Downloading from central: https://repo.maven.apache.org/maven2/org/ow2/asm/asm/7.0-beta/asm-7.0-beta.pom
Progress (1): 2.9 kB                    Downloaded from central: https://repo.maven.apache.org/maven2/org/ow2/asm/asm/7.0-beta/asm-7.0-beta.pom (2.9 kB at 10 kB/s)
Downloading from central: https://repo.maven.apache.org/maven2/org/apache/maven/surefire/maven-surefire-common/3.0.0-M1/maven-surefire-common-3.0.0-M1.jar
Downloading from central: https://repo.maven.apache.org/maven2/org/apache/maven/surefire/surefire-api/3.0.0-M1/surefire-api-3.0.0-M1.jar
Downloading from central: https://repo.maven.apache.org/maven2/org/apache/maven/surefire/surefire-logger-api/3.0.0-M1/surefire-logger-api-3.0.0-M1.jar
Downloading from central: https://repo.maven.apache.org/maven2/org/apache/maven/surefire/surefire-booter/3.0.0-M1/surefire-booter-3.0.0-M1.jar
Downloading from central: https://repo.maven.apache.org/maven2/org/codehaus/plexus/plexus-java/0.9.11/plexus-java-0.9.11.jar
Progress (1): 4.1/13 kBProgress (2): 4.1/13 kB | 4.1/312 kBProgress (2): 8.2/13 kB | 4.1/312 kBProgress (2): 8.2/13 kB | 8.2/312 kBProgress (2): 12/13 kB | 8.2/312 kB Progress (2): 12/13 kB | 12/312 kB Progress (2): 13 kB | 12/312 kB   Progress (2): 13 kB | 16/312 kBProgress (2): 13 kB | 20/312 kBProgress (3): 13 kB | 20/312 kB | 4.1/178 kBProgress (3): 13 kB | 20/312 kB | 8.2/178 kBProgress (3): 13 kB | 20/312 kB | 12/178 kB Progress (3): 13 kB | 20/312 kB | 16/178 kBProgress (3): 13 kB | 25/312 kB | 16/178 kBProgress (3): 13 kB | 29/312 kB | 16/178 kBProgress (3): 13 kB | 33/312 kB | 16/178 kBProgress (3): 13 kB | 33/312 kB | 20/178 kBProgress (3): 13 kB | 33/312 kB | 25/178 kBProgress (3): 13 kB | 33/312 kB | 29/178 kBProgress (3): 13 kB | 33/312 kB | 33/178 kBProgress (3): 13 kB | 37/312 kB | 33/178 kBProgress (3): 13 kB | 41/312 kB | 33/178 kBProgress (3): 13 kB | 45/312 kB | 33/178 kBProgress (3): 13 kB | 49/312 kB | 33/178 kBProgress (4): 13 kB | 49/312 kB | 33/178 kB | 4.1/50 kBProgress (4): 13 kB | 49/312 kB | 37/178 kB | 4.1/50 kBProgress (4): 13 kB | 49/312 kB | 41/178 kB | 4.1/50 kBProgress (4): 13 kB | 49/312 kB | 41/178 kB | 8.2/50 kBProgress (4): 13 kB | 49/312 kB | 41/178 kB | 12/50 kB Progress (4): 13 kB | 49/312 kB | 41/178 kB | 16/50 kBProgress (4): 13 kB | 53/312 kB | 41/178 kB | 16/50 kBProgress (4): 13 kB | 57/312 kB | 41/178 kB | 16/50 kBProgress (4): 13 kB | 57/312 kB | 45/178 kB | 16/50 kBProgress (4): 13 kB | 61/312 kB | 45/178 kB | 16/50 kBProgress (4): 13 kB | 61/312 kB | 49/178 kB | 16/50 kBProgress (4): 13 kB | 66/312 kB | 49/178 kB | 16/50 kBProgress (4): 13 kB | 66/312 kB | 53/178 kB | 16/50 kBProgress (4): 13 kB | 70/312 kB | 53/178 kB | 16/50 kBProgress (4): 13 kB | 70/312 kB | 57/178 kB | 16/50 kBProgress (4): 13 kB | 74/312 kB | 57/178 kB | 16/50 kBProgress (4): 13 kB | 74/312 kB | 61/178 kB | 16/50 kBProgress (4): 13 kB | 78/312 kB | 61/178 kB | 16/50 kBProgress (4): 13 kB | 78/312 kB | 66/178 kB | 16/50 kBProgress (4): 13 kB | 82/312 kB | 66/178 kB | 16/50 kBProgress (4): 13 kB | 82/312 kB | 70/178 kB | 16/50 kBProgress (4): 13 kB | 86/312 kB | 70/178 kB | 16/50 kBProgress (4): 13 kB | 86/312 kB | 74/178 kB | 16/50 kBProgress (4): 13 kB | 90/312 kB | 74/178 kB | 16/50 kBProgress (5): 13 kB | 90/312 kB | 74/178 kB | 16/50 kB | 4.1/625 kBProgress (5): 13 kB | 94/312 kB | 74/178 kB | 16/50 kB | 4.1/625 kBProgress (5): 13 kB | 94/312 kB | 74/178 kB | 16/50 kB | 8.2/625 kBProgress (5): 13 kB | 94/312 kB | 78/178 kB | 16/50 kB | 8.2/625 kBProgress (5): 13 kB | 94/312 kB | 78/178 kB | 16/50 kB | 12/625 kB Progress (5): 13 kB | 94/312 kB | 82/178 kB | 16/50 kB | 12/625 kBProgress (5): 13 kB | 94/312 kB | 82/178 kB | 16/50 kB | 16/625 kBProgress (5): 13 kB | 98/312 kB | 82/178 kB | 16/50 kB | 16/625 kBProgress (5): 13 kB | 98/312 kB | 86/178 kB | 16/50 kB | 16/625 kBProgress (5): 13 kB | 98/312 kB | 90/178 kB | 16/50 kB | 16/625 kBProgress (5): 13 kB | 98/312 kB | 94/178 kB | 16/50 kB | 16/625 kBProgress (5): 13 kB | 102/312 kB | 94/178 kB | 16/50 kB | 16/625 kBProgress (5): 13 kB | 102/312 kB | 98/178 kB | 16/50 kB | 16/625 kBProgress (5): 13 kB | 106/312 kB | 98/178 kB | 16/50 kB | 16/625 kBProgress (5): 13 kB | 111/312 kB | 98/178 kB | 16/50 kB | 16/625 kBProgress (5): 13 kB | 115/312 kB | 98/178 kB | 16/50 kB | 16/625 kBProgress (5): 13 kB | 115/312 kB | 102/178 kB | 16/50 kB | 16/625 kBProgress (5): 13 kB | 115/312 kB | 106/178 kB | 16/50 kB | 16/625 kBProgress (5): 13 kB | 115/312 kB | 111/178 kB | 16/50 kB | 16/625 kBProgress (5): 13 kB | 115/312 kB | 115/178 kB | 16/50 kB | 16/625 kBProgress (5): 13 kB | 119/312 kB | 115/178 kB | 16/50 kB | 16/625 kBProgress (5): 13 kB | 123/312 kB | 115/178 kB | 16/50 kB | 16/625 kBProgress (5): 13 kB | 127/312 kB | 115/178 kB | 16/50 kB | 16/625 kBProgress (5): 13 kB | 131/312 kB | 115/178 kB | 16/50 kB | 16/625 kBProgress (5): 13 kB | 135/312 kB | 115/178 kB | 16/50 kB | 16/625 kBProgress (5): 13 kB | 139/312 kB | 115/178 kB | 16/50 kB | 16/625 kBProgress (5): 13 kB | 143/312 kB | 115/178 kB | 16/50 kB | 16/625 kBProgress (5): 13 kB | 147/312 kB | 115/178 kB | 16/50 kB | 16/625 kBProgress (5): 13 kB | 147/312 kB | 119/178 kB | 16/50 kB | 16/625 kBProgress (5): 13 kB | 147/312 kB | 119/178 kB | 20/50 kB | 16/625 kBProgress (5): 13 kB | 147/312 kB | 119/178 kB | 25/50 kB | 16/625 kBProgress (5): 13 kB | 147/312 kB | 119/178 kB | 29/50 kB | 16/625 kBProgress (5): 13 kB | 147/312 kB | 123/178 kB | 29/50 kB | 16/625 kBProgress (5): 13 kB | 147/312 kB | 123/178 kB | 33/50 kB | 16/625 kBProgress (5): 13 kB | 147/312 kB | 127/178 kB | 33/50 kB | 16/625 kBProgress (5): 13 kB | 152/312 kB | 127/178 kB | 33/50 kB | 16/625 kBProgress (5): 13 kB | 152/312 kB | 131/178 kB | 33/50 kB | 16/625 kBProgress (5): 13 kB | 156/312 kB | 131/178 kB | 33/50 kB | 16/625 kBProgress (5): 13 kB | 160/312 kB | 131/178 kB | 33/50 kB | 16/625 kBProgress (5): 13 kB | 164/312 kB | 131/178 kB | 33/50 kB | 16/625 kBProgress (5): 13 kB | 168/312 kB | 131/178 kB | 33/50 kB | 16/625 kBProgress (5): 13 kB | 168/312 kB | 135/178 kB | 33/50 kB | 16/625 kBProgress (5): 13 kB | 172/312 kB | 135/178 kB | 33/50 kB | 16/625 kBProgress (5): 13 kB | 172/312 kB | 139/178 kB | 33/50 kB | 16/625 kBProgress (5): 13 kB | 176/312 kB | 139/178 kB | 33/50 kB | 16/625 kBProgress (5): 13 kB | 176/312 kB | 143/178 kB | 33/50 kB | 16/625 kBProgress (5): 13 kB | 180/312 kB | 143/178 kB | 33/50 kB | 16/625 kBProgress (5): 13 kB | 180/312 kB | 147/178 kB | 33/50 kB | 16/625 kBProgress (5): 13 kB | 184/312 kB | 147/178 kB | 33/50 kB | 16/625 kBProgress (5): 13 kB | 188/312 kB | 147/178 kB | 33/50 kB | 16/625 kBProgress (5): 13 kB | 193/312 kB | 147/178 kB | 33/50 kB | 16/625 kBProgress (5): 13 kB | 197/312 kB | 147/178 kB | 33/50 kB | 16/625 kBProgress (5): 13 kB | 197/312 kB | 152/178 kB | 33/50 kB | 16/625 kBProgress (5): 13 kB | 197/312 kB | 156/178 kB | 33/50 kB | 16/625 kBProgress (5): 13 kB | 197/312 kB | 160/178 kB | 33/50 kB | 16/625 kBProgress (5): 13 kB | 197/312 kB | 164/178 kB | 33/50 kB | 16/625 kBProgress (5): 13 kB | 201/312 kB | 164/178 kB | 33/50 kB | 16/625 kBProgress (5): 13 kB | 205/312 kB | 164/178 kB | 33/50 kB | 16/625 kBProgress (5): 13 kB | 209/312 kB | 164/178 kB | 33/50 kB | 16/625 kBProgress (5): 13 kB | 213/312 kB | 164/178 kB | 33/50 kB | 16/625 kBProgress (5): 13 kB | 213/312 kB | 168/178 kB | 33/50 kB | 16/625 kBProgress (5): 13 kB | 213/312 kB | 172/178 kB | 33/50 kB | 16/625 kBProgress (5): 13 kB | 213/312 kB | 176/178 kB | 33/50 kB | 16/625 kBProgress (5): 13 kB | 217/312 kB | 176/178 kB | 33/50 kB | 16/625 kBProgress (5): 13 kB | 217/312 kB | 178 kB | 33/50 kB | 16/625 kB    Progress (5): 13 kB | 221/312 kB | 178 kB | 33/50 kB | 16/625 kBProgress (5): 13 kB | 225/312 kB | 178 kB | 33/50 kB | 16/625 kBProgress (5): 13 kB | 229/312 kB | 178 kB | 33/50 kB | 16/625 kBProgress (5): 13 kB | 233/312 kB | 178 kB | 33/50 kB | 16/625 kBProgress (5): 13 kB | 238/312 kB | 178 kB | 33/50 kB | 16/625 kBProgress (5): 13 kB | 242/312 kB | 178 kB | 33/50 kB | 16/625 kBProgress (5): 13 kB | 246/312 kB | 178 kB | 33/50 kB | 16/625 kBProgress (5): 13 kB | 250/312 kB | 178 kB | 33/50 kB | 16/625 kBProgress (5): 13 kB | 254/312 kB | 178 kB | 33/50 kB | 16/625 kBProgress (5): 13 kB | 254/312 kB | 178 kB | 33/50 kB | 20/625 kBProgress (5): 13 kB | 254/312 kB | 178 kB | 33/50 kB | 25/625 kBProgress (5): 13 kB | 254/312 kB | 178 kB | 33/50 kB | 29/625 kBProgress (5): 13 kB | 254/312 kB | 178 kB | 33/50 kB | 33/625 kBProgress (5): 13 kB | 258/312 kB | 178 kB | 33/50 kB | 33/625 kBProgress (5): 13 kB | 262/312 kB | 178 kB | 33/50 kB | 33/625 kBProgress (5): 13 kB | 266/312 kB | 178 kB | 33/50 kB | 33/625 kBProgress (5): 13 kB | 270/312 kB | 178 kB | 33/50 kB | 33/625 kBProgress (5): 13 kB | 274/312 kB | 178 kB | 33/50 kB | 33/625 kBProgress (5): 13 kB | 279/312 kB | 178 kB | 33/50 kB | 33/625 kBProgress (5): 13 kB | 283/312 kB | 178 kB | 33/50 kB | 33/625 kBProgress (5): 13 kB | 287/312 kB | 178 kB | 33/50 kB | 33/625 kBProgress (5): 13 kB | 287/312 kB | 178 kB | 37/50 kB | 33/625 kBProgress (5): 13 kB | 287/312 kB | 178 kB | 41/50 kB | 33/625 kBProgress (5): 13 kB | 287/312 kB | 178 kB | 45/50 kB | 33/625 kBProgress (5): 13 kB | 287/312 kB | 178 kB | 49/50 kB | 33/625 kBProgress (5): 13 kB | 291/312 kB | 178 kB | 49/50 kB | 33/625 kBProgress (5): 13 kB | 295/312 kB | 178 kB | 49/50 kB | 33/625 kBProgress (5): 13 kB | 295/312 kB | 178 kB | 50 kB | 33/625 kB   Progress (5): 13 kB | 299/312 kB | 178 kB | 50 kB | 33/625 kBProgress (5): 13 kB | 303/312 kB | 178 kB | 50 kB | 33/625 kBProgress (5): 13 kB | 307/312 kB | 178 kB | 50 kB | 33/625 kBProgress (5): 13 kB | 311/312 kB | 178 kB | 50 kB | 33/625 kBProgress (5): 13 kB | 312 kB | 178 kB | 50 kB | 33/625 kB    Progress (5): 13 kB | 312 kB | 178 kB | 50 kB | 37/625 kBProgress (5): 13 kB | 312 kB | 178 kB | 50 kB | 41/625 kBProgress (5): 13 kB | 312 kB | 178 kB | 50 kB | 45/625 kBProgress (5): 13 kB | 312 kB | 178 kB | 50 kB | 49/625 kBProgress (5): 13 kB | 312 kB | 178 kB | 50 kB | 53/625 kBProgress (5): 13 kB | 312 kB | 178 kB | 50 kB | 57/625 kBProgress (5): 13 kB | 312 kB | 178 kB | 50 kB | 61/625 kBProgress (5): 13 kB | 312 kB | 178 kB | 50 kB | 66/625 kBProgress (5): 13 kB | 312 kB | 178 kB | 50 kB | 70/625 kBProgress (5): 13 kB | 312 kB | 178 kB | 50 kB | 74/625 kBProgress (5): 13 kB | 312 kB | 178 kB | 50 kB | 78/625 kBProgress (5): 13 kB | 312 kB | 178 kB | 50 kB | 82/625 kBProgress (5): 13 kB | 312 kB | 178 kB | 50 kB | 86/625 kBProgress (5): 13 kB | 312 kB | 178 kB | 50 kB | 90/625 kBProgress (5): 13 kB | 312 kB | 178 kB | 50 kB | 94/625 kBProgress (5): 13 kB | 312 kB | 178 kB | 50 kB | 98/625 kB                                                         Downloaded from central: https://repo.maven.apache.org/maven2/org/apache/maven/surefire/surefire-logger-api/3.0.0-M1/surefire-logger-api-3.0.0-M1.jar (13 kB at 48 kB/s)
Downloading from central: https://repo.maven.apache.org/maven2/org/ow2/asm/asm/7.0-beta/asm-7.0-beta.jar
Progress (4): 312 kB | 178 kB | 50 kB | 102/625 kBProgress (4): 312 kB | 178 kB | 50 kB | 106/625 kBProgress (4): 312 kB | 178 kB | 50 kB | 111/625 kBProgress (4): 312 kB | 178 kB | 50 kB | 115/625 kBProgress (4): 312 kB | 178 kB | 50 kB | 119/625 kBProgress (4): 312 kB | 178 kB | 50 kB | 123/625 kBProgress (4): 312 kB | 178 kB | 50 kB | 127/625 kBProgress (4): 312 kB | 178 kB | 50 kB | 131/625 kB                                                  Downloaded from central: https://repo.maven.apache.org/maven2/org/apache/maven/surefire/surefire-api/3.0.0-M1/surefire-api-3.0.0-M1.jar (178 kB at 584 kB/s)
Downloaded from central: https://repo.maven.apache.org/maven2/org/apache/maven/surefire/surefire-booter/3.0.0-M1/surefire-booter-3.0.0-M1.jar (312 kB at 1.0 MB/s)
Downloaded from central: https://repo.maven.apache.org/maven2/org/codehaus/plexus/plexus-java/0.9.11/plexus-java-0.9.11.jar (50 kB at 165 kB/s)
Progress (1): 135/625 kBProgress (1): 139/625 kBProgress (1): 143/625 kBProgress (1): 147/625 kBProgress (1): 152/625 kBProgress (1): 156/625 kBProgress (1): 160/625 kBProgress (1): 164/625 kBProgress (1): 168/625 kBProgress (1): 172/625 kBProgress (1): 176/625 kBProgress (1): 180/625 kBProgress (1): 184/625 kBProgress (1): 188/625 kBProgress (1): 193/625 kBProgress (1): 197/625 kBProgress (1): 201/625 kBProgress (1): 205/625 kBProgress (1): 209/625 kBProgress (1): 213/625 kBProgress (1): 217/625 kBProgress (1): 221/625 kBProgress (1): 225/625 kBProgress (1): 229/625 kBProgress (1): 233/625 kBProgress (1): 238/625 kBProgress (1): 242/625 kBProgress (1): 246/625 kBProgress (1): 250/625 kBProgress (1): 254/625 kBProgress (1): 258/625 kBProgress (1): 262/625 kBProgress (2): 262/625 kB | 4.1/114 kBProgress (2): 262/625 kB | 8.2/114 kBProgress (2): 262/625 kB | 12/114 kB Progress (2): 262/625 kB | 16/114 kBProgress (2): 262/625 kB | 20/114 kBProgress (2): 262/625 kB | 25/114 kBProgress (2): 262/625 kB | 29/114 kBProgress (2): 262/625 kB | 33/114 kBProgress (2): 262/625 kB | 37/114 kBProgress (2): 262/625 kB | 41/114 kBProgress (2): 262/625 kB | 45/114 kBProgress (2): 262/625 kB | 49/114 kBProgress (2): 266/625 kB | 49/114 kBProgress (2): 270/625 kB | 49/114 kBProgress (2): 274/625 kB | 49/114 kBProgress (2): 279/625 kB | 49/114 kBProgress (2): 279/625 kB | 53/114 kBProgress (2): 279/625 kB | 57/114 kBProgress (2): 279/625 kB | 61/114 kBProgress (2): 279/625 kB | 66/114 kBProgress (2): 279/625 kB | 70/114 kBProgress (2): 279/625 kB | 74/114 kBProgress (2): 279/625 kB | 78/114 kBProgress (2): 279/625 kB | 82/114 kBProgress (2): 279/625 kB | 86/114 kBProgress (2): 279/625 kB | 90/114 kBProgress (2): 279/625 kB | 94/114 kBProgress (2): 279/625 kB | 98/114 kBProgress (2): 279/625 kB | 102/114 kBProgress (2): 279/625 kB | 106/114 kBProgress (2): 279/625 kB | 111/114 kBProgress (2): 279/625 kB | 114 kB    Progress (2): 283/625 kB | 114 kBProgress (2): 287/625 kB | 114 kBProgress (2): 291/625 kB | 114 kBProgress (2): 295/625 kB | 114 kBProgress (2): 299/625 kB | 114 kBProgress (2): 303/625 kB | 114 kBProgress (2): 307/625 kB | 114 kBProgress (2): 311/625 kB | 114 kBProgress (2): 315/625 kB | 114 kBProgress (2): 319/625 kB | 114 kBProgress (2): 324/625 kB | 114 kBProgress (2): 328/625 kB | 114 kBProgress (2): 332/625 kB | 114 kBProgress (2): 336/625 kB | 114 kBProgress (2): 340/625 kB | 114 kBProgress (2): 344/625 kB | 114 kBProgress (2): 348/625 kB | 114 kBProgress (2): 352/625 kB | 114 kBProgress (2): 356/625 kB | 114 kBProgress (2): 360/625 kB | 114 kBProgress (2): 365/625 kB | 114 kBProgress (2): 369/625 kB | 114 kBProgress (2): 373/625 kB | 114 kBProgress (2): 377/625 kB | 114 kBProgress (2): 381/625 kB | 114 kBProgress (2): 385/625 kB | 114 kBProgress (2): 389/625 kB | 114 kBProgress (2): 393/625 kB | 114 kBProgress (2): 397/625 kB | 114 kBProgress (2): 401/625 kB | 114 kBProgress (2): 406/625 kB | 114 kBProgress (2): 410/625 kB | 114 kBProgress (2): 414/625 kB | 114 kBProgress (2): 418/625 kB | 114 kBProgress (2): 422/625 kB | 114 kBProgress (2): 426/625 kB | 114 kBProgress (2): 430/625 kB | 114 kBProgress (2): 434/625 kB | 114 kBProgress (2): 438/625 kB | 114 kBProgress (2): 442/625 kB | 114 kBProgress (2): 446/625 kB | 114 kBProgress (2): 450/625 kB | 114 kBProgress (2): 454/625 kB | 114 kBProgress (2): 458/625 kB | 114 kBProgress (2): 463/625 kB | 114 kBProgress (2): 467/625 kB | 114 kBProgress (2): 471/625 kB | 114 kBProgress (2): 475/625 kB | 114 kBProgress (2): 479/625 kB | 114 kBProgress (2): 483/625 kB | 114 kBProgress (2): 487/625 kB | 114 kBProgress (2): 491/625 kB | 114 kBProgress (2): 495/625 kB | 114 kBProgress (2): 499/625 kB | 114 kBProgress (2): 504/625 kB | 114 kBProgress (2): 508/625 kB | 114 kBProgress (2): 512/625 kB | 114 kBProgress (2): 516/625 kB | 114 kBProgress (2): 520/625 kB | 114 kBProgress (2): 524/625 kB | 114 kBProgress (2): 528/625 kB | 114 kBProgress (2): 532/625 kB | 114 kBProgress (2): 536/625 kB | 114 kBProgress (2): 540/625 kB | 114 kBProgress (2): 544/625 kB | 114 kBProgress (2): 549/625 kB | 114 kBProgress (2): 553/625 kB | 114 kBProgress (2): 557/625 kB | 114 kBProgress (2): 561/625 kB | 114 kBProgress (2): 565/625 kB | 114 kBProgress (2): 569/625 kB | 114 kBProgress (2): 573/625 kB | 114 kBProgress (2): 577/625 kB | 114 kBProgress (2): 581/625 kB | 114 kBProgress (2): 585/625 kB | 114 kBProgress (2): 590/625 kB | 114 kBProgress (2): 594/625 kB | 114 kBProgress (2): 598/625 kB | 114 kBProgress (2): 602/625 kB | 114 kBProgress (2): 606/625 kB | 114 kBProgress (2): 610/625 kB | 114 kBProgress (2): 614/625 kB | 114 kBProgress (2): 618/625 kB | 114 kBProgress (2): 622/625 kB | 114 kBProgress (2): 625 kB | 114 kB                                 Downloaded from central: https://repo.maven.apache.org/maven2/org/ow2/asm/asm/7.0-beta/asm-7.0-beta.jar (114 kB at 205 kB/s)
Downloaded from central: https://repo.maven.apache.org/maven2/org/apache/maven/surefire/maven-surefire-common/3.0.0-M1/maven-surefire-common-3.0.0-M1.jar (625 kB at 903 kB/s)
Downloading from central: https://repo.maven.apache.org/maven2/org/apache/maven/surefire/surefire-junit4/3.0.0-M1/surefire-junit4-3.0.0-M1.jar
Progress (1): 4.1/17 kBProgress (1): 8.2/17 kBProgress (1): 12/17 kB Progress (1): 16/17 kBProgress (1): 17 kB                      Downloaded from central: https://repo.maven.apache.org/maven2/org/apache/maven/surefire/surefire-junit4/3.0.0-M1/surefire-junit4-3.0.0-M1.jar (17 kB at 61 kB/s)
Downloading from central: https://repo.maven.apache.org/maven2/org/apache/maven/surefire/surefire-junit4/3.0.0-M1/surefire-junit4-3.0.0-M1.pom
Progress (1): 1.7 kB                    Downloaded from central: https://repo.maven.apache.org/maven2/org/apache/maven/surefire/surefire-junit4/3.0.0-M1/surefire-junit4-3.0.0-M1.pom (1.7 kB at 6.4 kB/s)
Downloading from central: https://repo.maven.apache.org/maven2/org/apache/maven/surefire/surefire-providers/3.0.0-M1/surefire-providers-3.0.0-M1.pom
Progress (1): 2.5 kB                    Downloaded from central: https://repo.maven.apache.org/maven2/org/apache/maven/surefire/surefire-providers/3.0.0-M1/surefire-providers-3.0.0-M1.pom (2.5 kB at 8.8 kB/s)
Downloading from central: https://repo.maven.apache.org/maven2/org/apache/maven/surefire/common-junit4/3.0.0-M1/common-junit4-3.0.0-M1.pom
Progress (1): 2.1 kB                    Downloaded from central: https://repo.maven.apache.org/maven2/org/apache/maven/surefire/common-junit4/3.0.0-M1/common-junit4-3.0.0-M1.pom (2.1 kB at 7.4 kB/s)
Downloading from central: https://repo.maven.apache.org/maven2/org/apache/maven/surefire/common-junit3/3.0.0-M1/common-junit3-3.0.0-M1.pom
Progress (1): 1.6 kB                    Downloaded from central: https://repo.maven.apache.org/maven2/org/apache/maven/surefire/common-junit3/3.0.0-M1/common-junit3-3.0.0-M1.pom (1.6 kB at 5.8 kB/s)
Downloading from central: https://repo.maven.apache.org/maven2/org/apache/maven/surefire/common-java5/3.0.0-M1/common-java5-3.0.0-M1.pom
Progress (1): 3.1 kB                    Downloaded from central: https://repo.maven.apache.org/maven2/org/apache/maven/surefire/common-java5/3.0.0-M1/common-java5-3.0.0-M1.pom (3.1 kB at 11 kB/s)
Downloading from central: https://repo.maven.apache.org/maven2/org/apache/maven/surefire/common-junit4/3.0.0-M1/common-junit4-3.0.0-M1.jar
Downloading from central: https://repo.maven.apache.org/maven2/org/apache/maven/surefire/common-junit3/3.0.0-M1/common-junit3-3.0.0-M1.jar
Downloading from central: https://repo.maven.apache.org/maven2/org/apache/maven/surefire/common-java5/3.0.0-M1/common-java5-3.0.0-M1.jar
Progress (1): 4.1/12 kBProgress (2): 4.1/12 kB | 4.1/28 kBProgress (3): 4.1/12 kB | 4.1/28 kB | 4.1/32 kBProgress (3): 8.2/12 kB | 4.1/28 kB | 4.1/32 kBProgress (3): 8.2/12 kB | 4.1/28 kB | 8.2/32 kBProgress (3): 12 kB | 4.1/28 kB | 8.2/32 kB    Progress (3): 12 kB | 4.1/28 kB | 12/32 kB Progress (3): 12 kB | 4.1/28 kB | 16/32 kBProgress (3): 12 kB | 8.2/28 kB | 16/32 kBProgress (3): 12 kB | 12/28 kB | 16/32 kB Progress (3): 12 kB | 16/28 kB | 16/32 kBProgress (3): 12 kB | 16/28 kB | 20/32 kBProgress (3): 12 kB | 20/28 kB | 20/32 kBProgress (3): 12 kB | 20/28 kB | 25/32 kBProgress (3): 12 kB | 25/28 kB | 25/32 kBProgress (3): 12 kB | 25/28 kB | 29/32 kBProgress (3): 12 kB | 28 kB | 29/32 kB   Progress (3): 12 kB | 28 kB | 32 kB                                      Downloaded from central: https://repo.maven.apache.org/maven2/org/apache/maven/surefire/common-java5/3.0.0-M1/common-java5-3.0.0-M1.jar (32 kB at 114 kB/s)
Downloaded from central: https://repo.maven.apache.org/maven2/org/apache/maven/surefire/common-junit3/3.0.0-M1/common-junit3-3.0.0-M1.jar (12 kB at 41 kB/s)
Downloaded from central: https://repo.maven.apache.org/maven2/org/apache/maven/surefire/common-junit4/3.0.0-M1/common-junit4-3.0.0-M1.jar (28 kB at 98 kB/s)
[INFO] 
[INFO] -------------------------------------------------------
[INFO]  T E S T S
[INFO] -------------------------------------------------------
[INFO] Running com.github.oxo42.stateless4j.InitialStateEntryTest
[INFO] Tests run: 4, Failures: 0, Errors: 0, Skipped: 0, Time elapsed: 0.375 s - in com.github.oxo42.stateless4j.InitialStateEntryTest
[INFO] Running com.github.oxo42.stateless4j.DynamicTriggerTests
[INFO] Tests run: 2, Failures: 0, Errors: 0, Skipped: 0, Time elapsed: 0.001 s - in com.github.oxo42.stateless4j.DynamicTriggerTests
[INFO] Running com.github.oxo42.stateless4j.NonEnumTests
[INFO] Tests run: 2, Failures: 0, Errors: 0, Skipped: 0, Time elapsed: 0 s - in com.github.oxo42.stateless4j.NonEnumTests
[INFO] Running com.github.oxo42.stateless4j.StateRepresentationTests
[INFO] Tests run: 26, Failures: 0, Errors: 0, Skipped: 0, Time elapsed: 0.004 s - in com.github.oxo42.stateless4j.StateRepresentationTests
[INFO] Running com.github.oxo42.stateless4j.TraceTests
[INFO] Tests run: 3, Failures: 0, Errors: 0, Skipped: 0, Time elapsed: 0.036 s - in com.github.oxo42.stateless4j.TraceTests
[INFO] Running com.github.oxo42.stateless4j.TransitionTests
[INFO] Tests run: 2, Failures: 0, Errors: 0, Skipped: 0, Time elapsed: 0.002 s - in com.github.oxo42.stateless4j.TransitionTests
[INFO] Running com.github.oxo42.stateless4j.StateMachineTests
[INFO] Tests run: 15, Failures: 0, Errors: 0, Skipped: 0, Time elapsed: 0.002 s - in com.github.oxo42.stateless4j.StateMachineTests
[INFO] Running com.github.oxo42.stateless4j.graphviz.GraphGenerationTests
[INFO] Tests run: 2, Failures: 0, Errors: 0, Skipped: 0, Time elapsed: 0 s - in com.github.oxo42.stateless4j.graphviz.GraphGenerationTests
[INFO] Running com.github.oxo42.stateless4j.InternalTransitionActionTests
[INFO] Tests run: 6, Failures: 0, Errors: 0, Skipped: 0, Time elapsed: 0 s - in com.github.oxo42.stateless4j.InternalTransitionActionTests
[INFO] Running com.github.oxo42.stateless4j.TriggerBehaviourTests
[INFO] Tests run: 3, Failures: 0, Errors: 0, Skipped: 0, Time elapsed: 0 s - in com.github.oxo42.stateless4j.TriggerBehaviourTests
[INFO] Running com.github.oxo42.stateless4j.TransitionActionTests
[INFO] Tests run: 8, Failures: 0, Errors: 0, Skipped: 0, Time elapsed: 0.001 s - in com.github.oxo42.stateless4j.TransitionActionTests
[INFO] Running com.github.oxo42.stateless4j.InternalTriggerBehaviourTests
[INFO] Tests run: 5, Failures: 0, Errors: 0, Skipped: 0, Time elapsed: 0.001 s - in com.github.oxo42.stateless4j.InternalTriggerBehaviourTests
[INFO] Running com.github.oxo42.stateless4j.DynamicTransitionActionTests
[INFO] Tests run: 2, Failures: 0, Errors: 0, Skipped: 0, Time elapsed: 0.004 s - in com.github.oxo42.stateless4j.DynamicTransitionActionTests
[INFO] Running com.github.oxo42.stateless4j.TriggerWithParametersTests
[INFO] Tests run: 6, Failures: 0, Errors: 0, Skipped: 0, Time elapsed: 0 s - in com.github.oxo42.stateless4j.TriggerWithParametersTests
[INFO] Running com.github.oxo42.stateless4j.TransitioningTriggerBehaviourTests
[INFO] Tests run: 2, Failures: 0, Errors: 0, Skipped: 0, Time elapsed: 0 s - in com.github.oxo42.stateless4j.TransitioningTriggerBehaviourTests
[INFO] 
[INFO] Results:
[INFO] 
[INFO] Tests run: 88, Failures: 0, Errors: 0, Skipped: 0
[INFO] 
[INFO] 
[INFO] --- jacoco-maven-plugin:0.8.4:report (generate-code-coverage-report) @ stateless4j ---
[INFO] Loading execution data file /Users/seyoung/data/repo/target/jacoco.exec
[INFO] Analyzed bundle 'stateless4j' with 50 classes
[INFO] ------------------------------------------------------------------------
[INFO] BUILD SUCCESS
[INFO] ------------------------------------------------------------------------
[INFO] Total time:  30.516 s
[INFO] Finished at: 2021-11-27T09:38:41+09:00
[INFO] ------------------------------------------------------------------------
[main][9/14] mvn --file repo/pom.xml --fail-never -Dmaven.clover.generateHtml=false clean clover:setup test clover:aggregate clover:clover
[INFO] Scanning for projects...
[INFO] Inspecting build with total of 1 modules...
[INFO] Installing Nexus Staging features:
[INFO]   ... total of 1 executions of maven-deploy-plugin replaced with nexus-staging-maven-plugin
[INFO] 
[INFO] -----------------< com.github.stateless4j:stateless4j >-----------------
[INFO] Building stateless4j 2.6.0
[INFO] --------------------------------[ jar ]---------------------------------
[INFO] 
[INFO] --- maven-clean-plugin:2.5:clean (default-clean) @ stateless4j ---
[INFO] Deleting /Users/seyoung/data/repo/target
[INFO] 
[INFO] --- clover-maven-plugin:4.4.1:setup (default-cli) @ stateless4j ---
[INFO] OpenClover Version 4.4.1, built on October 11 2019 (build-1020)
[INFO] Creating new database at '/Users/seyoung/data/repo/target/clover/clover.db'.
[INFO] Processing files at 1.8 source level.
[INFO] Clover all over. Instrumented 26 files (5 packages).
[INFO] OpenClover Version 4.4.1, built on October 11 2019 (build-1020)
[INFO] Updating existing database at '/Users/seyoung/data/repo/target/clover/clover.db'.
[INFO] Processing files at 1.8 source level.
[INFO] Clover all over. Instrumented 18 files (3 packages).
[INFO] 88 test methods detected.
[INFO] 
[INFO] --- maven-enforcer-plugin:3.0.0-M2:enforce (enforce-maven-3) @ stateless4j ---
[INFO] 
[INFO] --- jacoco-maven-plugin:0.8.4:prepare-agent (default) @ stateless4j ---
[WARNING] The artifact xml-apis:xml-apis:jar:2.0.2 has been relocated to xml-apis:xml-apis:jar:1.0.b2
[INFO] argLine set to -javaagent:/Users/seyoung/.m2/repository/org/jacoco/org.jacoco.agent/0.8.4/org.jacoco.agent-0.8.4-runtime.jar=destfile=/Users/seyoung/data/repo/target/jacoco.exec
[INFO] 
[INFO] --- build-helper-maven-plugin:3.0.0:add-source (default) @ stateless4j ---
[INFO] Source directory: /Users/seyoung/data/repo/target/filtered-sources/java added.
[INFO] 
[INFO] --- maven-resources-plugin:2.6:resources (default-resources) @ stateless4j ---
[INFO] Using 'UTF-8' encoding to copy filtered resources.
[INFO] skip non existing resourceDirectory /Users/seyoung/data/repo/src/main/resources
[INFO] Copying 1 resource
[INFO] 
[INFO] --- maven-compiler-plugin:3.8.1:compile (default-compile) @ stateless4j ---
[INFO] Changes detected - recompiling the module!
[INFO] Compiling 26 source files to /Users/seyoung/data/repo/target/classes
[INFO] 
[INFO] --- maven-resources-plugin:2.6:testResources (default-testResources) @ stateless4j ---
[INFO] Using 'UTF-8' encoding to copy filtered resources.
[INFO] skip non existing resourceDirectory /Users/seyoung/data/repo/src/test/resources
[INFO] 
[INFO] --- maven-compiler-plugin:3.8.1:testCompile (default-testCompile) @ stateless4j ---
[INFO] Changes detected - recompiling the module!
[INFO] Compiling 18 source files to /Users/seyoung/data/repo/target/test-classes
[INFO] 
[INFO] --- maven-surefire-plugin:3.0.0-M1:test (default-test) @ stateless4j ---
[INFO] 
[INFO] -------------------------------------------------------
[INFO]  T E S T S
[INFO] -------------------------------------------------------
[INFO] Running com.github.oxo42.stateless4j.InitialStateEntryTest
[INFO] Tests run: 4, Failures: 0, Errors: 0, Skipped: 0, Time elapsed: 0.44 s - in com.github.oxo42.stateless4j.InitialStateEntryTest
[INFO] Running com.github.oxo42.stateless4j.DynamicTriggerTests
[INFO] Tests run: 2, Failures: 0, Errors: 0, Skipped: 0, Time elapsed: 0.002 s - in com.github.oxo42.stateless4j.DynamicTriggerTests
[INFO] Running com.github.oxo42.stateless4j.NonEnumTests
[INFO] Tests run: 2, Failures: 0, Errors: 0, Skipped: 0, Time elapsed: 0 s - in com.github.oxo42.stateless4j.NonEnumTests
[INFO] Running com.github.oxo42.stateless4j.StateRepresentationTests
[INFO] Tests run: 26, Failures: 0, Errors: 0, Skipped: 0, Time elapsed: 0.031 s - in com.github.oxo42.stateless4j.StateRepresentationTests
[INFO] Running com.github.oxo42.stateless4j.TraceTests
[INFO] Tests run: 3, Failures: 0, Errors: 0, Skipped: 0, Time elapsed: 0.031 s - in com.github.oxo42.stateless4j.TraceTests
[INFO] Running com.github.oxo42.stateless4j.TransitionTests
[INFO] Tests run: 2, Failures: 0, Errors: 0, Skipped: 0, Time elapsed: 0 s - in com.github.oxo42.stateless4j.TransitionTests
[INFO] Running com.github.oxo42.stateless4j.StateMachineTests
[INFO] Tests run: 15, Failures: 0, Errors: 0, Skipped: 0, Time elapsed: 0.018 s - in com.github.oxo42.stateless4j.StateMachineTests
[INFO] Running com.github.oxo42.stateless4j.graphviz.GraphGenerationTests
[INFO] Tests run: 2, Failures: 0, Errors: 0, Skipped: 0, Time elapsed: 0.001 s - in com.github.oxo42.stateless4j.graphviz.GraphGenerationTests
[INFO] Running com.github.oxo42.stateless4j.InternalTransitionActionTests
[INFO] Tests run: 6, Failures: 0, Errors: 0, Skipped: 0, Time elapsed: 0.005 s - in com.github.oxo42.stateless4j.InternalTransitionActionTests
[INFO] Running com.github.oxo42.stateless4j.TriggerBehaviourTests
[INFO] Tests run: 3, Failures: 0, Errors: 0, Skipped: 0, Time elapsed: 0.003 s - in com.github.oxo42.stateless4j.TriggerBehaviourTests
[INFO] Running com.github.oxo42.stateless4j.TransitionActionTests
[INFO] Tests run: 8, Failures: 0, Errors: 0, Skipped: 0, Time elapsed: 0.004 s - in com.github.oxo42.stateless4j.TransitionActionTests
[INFO] Running com.github.oxo42.stateless4j.InternalTriggerBehaviourTests
[INFO] Tests run: 5, Failures: 0, Errors: 0, Skipped: 0, Time elapsed: 0.001 s - in com.github.oxo42.stateless4j.InternalTriggerBehaviourTests
[INFO] Running com.github.oxo42.stateless4j.DynamicTransitionActionTests
[INFO] Tests run: 2, Failures: 0, Errors: 0, Skipped: 0, Time elapsed: 0.004 s - in com.github.oxo42.stateless4j.DynamicTransitionActionTests
[INFO] Running com.github.oxo42.stateless4j.TriggerWithParametersTests
[INFO] Tests run: 6, Failures: 0, Errors: 0, Skipped: 0, Time elapsed: 0.012 s - in com.github.oxo42.stateless4j.TriggerWithParametersTests
[INFO] Running com.github.oxo42.stateless4j.TransitioningTriggerBehaviourTests
[INFO] Tests run: 2, Failures: 0, Errors: 0, Skipped: 0, Time elapsed: 0 s - in com.github.oxo42.stateless4j.TransitioningTriggerBehaviourTests
[INFO] 
[INFO] Results:
[INFO] 
[INFO] Tests run: 88, Failures: 0, Errors: 0, Skipped: 0
[INFO] 
[INFO] 
[INFO] --- jacoco-maven-plugin:0.8.4:report (generate-code-coverage-report) @ stateless4j ---
[INFO] Loading execution data file /Users/seyoung/data/repo/target/jacoco.exec
[INFO] Analyzed bundle 'stateless4j' with 82 classes
[INFO] 
[INFO] -----------------< com.github.stateless4j:stateless4j >-----------------
[INFO] Building stateless4j 2.6.0
[INFO] --------------------------------[ jar ]---------------------------------
[INFO] 
[INFO] --- clover-maven-plugin:4.4.1:aggregate (default-cli) @ stateless4j ---
[INFO] 
[INFO] -----------------< com.github.stateless4j:stateless4j >-----------------
[INFO] Building stateless4j 2.6.0
[INFO] --------------------------------[ jar ]---------------------------------
[INFO] 
[INFO] --- clover-maven-plugin:4.4.1:clover (default-cli) @ stateless4j ---
[INFO] Using default-clover-report descriptor.
[INFO] Using Clover report descriptor: /var/folders/c3/vd5gtpms4730p559wddlm0zw0000gn/T/mvn7080346714866516305resource
[INFO] OpenClover Version 4.4.1, built on October 11 2019 (build-1020)
[INFO] Clover is enabled with initstring '/Users/seyoung/data/repo/target/clover/clover.db'
[INFO] OpenClover Version 4.4.1, built on October 11 2019 (build-1020)
[INFO] Loading coverage database from: '/Users/seyoung/data/repo/target/clover/clover.db'
[INFO] Writing report to '/Users/seyoung/data/repo/target/site/clover/clover.xml'
[INFO] ------------------------------------------------------------------------
[INFO] BUILD SUCCESS
[INFO] ------------------------------------------------------------------------
[INFO] Total time:  6.652 s
[INFO] Finished at: 2021-11-27T09:38:49+09:00
[INFO] ------------------------------------------------------------------------
[main][10/14] cp repo/target/site/clover/clover.xml ./clover.xml
[main][11/14] python identify_tests.py
Done.
[main][12/14] mkdir -p clover
[main][13/14] bash tests.sh
[test][1/88] com.github.oxo42.stateless4j.DynamicTransitionActionTests#GuardedDynamicTransitionActionsArePerformed
[test][2/88] com.github.oxo42.stateless4j.DynamicTransitionActionTests#UnguardedDynamicTransitionActionsArePerformed
[test][3/88] com.github.oxo42.stateless4j.DynamicTriggerTests#DestinationStateIsCalculatedBasedOnTriggerParameters
[test][4/88] com.github.oxo42.stateless4j.DynamicTriggerTests#DestinationStateIsDynamic
[test][5/88] com.github.oxo42.stateless4j.InitialStateEntryTest#initialStateActionsNotCalledByDefault
[test][6/88] com.github.oxo42.stateless4j.InitialStateEntryTest#initialStateTransition
[test][7/88] com.github.oxo42.stateless4j.InitialStateEntryTest#initialStateTransitionCanBeTriggeredBeforeAnyTrigger
[test][8/88] com.github.oxo42.stateless4j.InitialStateEntryTest#initialStateTransitionCanBeTriggeredOnlyOnce
[test][9/88] com.github.oxo42.stateless4j.InternalTransitionActionTests#ActionWithNegativeGuardIsNotPerformed
[test][10/88] com.github.oxo42.stateless4j.InternalTransitionActionTests#ActionWithPositiveGuardIsPerformed
[test][11/88] com.github.oxo42.stateless4j.InternalTransitionActionTests#ExitAndEntryAreNotPerformed
[test][12/88] com.github.oxo42.stateless4j.InternalTransitionActionTests#MultipleInternalActionsWithDistinctTriggersAreAllowed
[test][13/88] com.github.oxo42.stateless4j.InternalTransitionActionTests#MultipleInternalActionsWithSameTriggerNotAllowed
[test][14/88] com.github.oxo42.stateless4j.InternalTransitionActionTests#UnguardedActionIsPerformed
[test][15/88] com.github.oxo42.stateless4j.InternalTriggerBehaviourTests#ExposesCorrectUnderlyingTrigger
[test][16/88] com.github.oxo42.stateless4j.InternalTriggerBehaviourTests#StateRemainsUnchanged
[test][17/88] com.github.oxo42.stateless4j.InternalTriggerBehaviourTests#TransitionIsInternal
[test][18/88] com.github.oxo42.stateless4j.InternalTriggerBehaviourTests#WhenGuardConditionFalse_IsGuardConditionMetIsFalse
[test][19/88] com.github.oxo42.stateless4j.InternalTriggerBehaviourTests#WhenGuardConditionTrue_IsGuardConditionMetIsTrue
[test][20/88] com.github.oxo42.stateless4j.NonEnumTests#CanUseReferenceTypeMarkers
[test][21/88] com.github.oxo42.stateless4j.NonEnumTests#CanUseValueTypeMarkers
[test][22/88] com.github.oxo42.stateless4j.StateMachineTests#AcceptedTriggersRespectGuards
[test][23/88] com.github.oxo42.stateless4j.StateMachineTests#CanUseReferenceTypeMarkers
[test][24/88] com.github.oxo42.stateless4j.StateMachineTests#CanUseValueTypeMarkers
[test][25/88] com.github.oxo42.stateless4j.StateMachineTests#IfSelfTransitionPermitted_ActionsFire
[test][26/88] com.github.oxo42.stateless4j.StateMachineTests#ImplicitReentryIsDisallowed
[test][27/88] com.github.oxo42.stateless4j.StateMachineTests#InitialStateIsCurrent
[test][28/88] com.github.oxo42.stateless4j.StateMachineTests#ParametersSuppliedToFireArePassedToEntryAction
[test][29/88] com.github.oxo42.stateless4j.StateMachineTests#PermittedTriggersAreDistinctValues
[test][30/88] com.github.oxo42.stateless4j.StateMachineTests#PermittedTriggersIncludeSuperstatePermittedTriggers
[test][31/88] com.github.oxo42.stateless4j.StateMachineTests#SubstateIsIncludedInCurrentState
[test][32/88] com.github.oxo42.stateless4j.StateMachineTests#TriggerParametersAreImmutableOnceSet
[test][33/88] com.github.oxo42.stateless4j.StateMachineTests#WhenDiscriminatedByGuard_ChoosesPermittedTransition
[test][34/88] com.github.oxo42.stateless4j.StateMachineTests#WhenInSubstate_TriggerIgnoredInSuperstate_RemainsInSubstate
[test][35/88] com.github.oxo42.stateless4j.StateMachineTests#WhenTriggerIsIgnored_ActionsNotExecuted
[test][36/88] com.github.oxo42.stateless4j.StateMachineTests#WhenUnhandledTriggerisFired_UnhandledTriggerActionIsCalled
[test][37/88] com.github.oxo42.stateless4j.StateRepresentationTests#DoesNotIncludeSuperstate
[test][38/88] com.github.oxo42.stateless4j.StateRepresentationTests#DoesNotIncludeUnrelatedState
[test][39/88] com.github.oxo42.stateless4j.StateRepresentationTests#EntryActionsExecuteInOrder
[test][40/88] com.github.oxo42.stateless4j.StateRepresentationTests#ExitActionsExecuteInOrder
[test][41/88] com.github.oxo42.stateless4j.StateRepresentationTests#IncludesSubstate
[test][42/88] com.github.oxo42.stateless4j.StateRepresentationTests#IncludesUnderlyingState
[test][43/88] com.github.oxo42.stateless4j.StateRepresentationTests#IsIncludedInSuperstate
[test][44/88] com.github.oxo42.stateless4j.StateRepresentationTests#IsIncludedInUnderlyingState
[test][45/88] com.github.oxo42.stateless4j.StateRepresentationTests#IsNotIncludedInSubstate
[test][46/88] com.github.oxo42.stateless4j.StateRepresentationTests#IsNotIncludedInUnrelatedState
[test][47/88] com.github.oxo42.stateless4j.StateRepresentationTests#UponEntering_EnteringActionsExecuted
[test][48/88] com.github.oxo42.stateless4j.StateRepresentationTests#UponEntering_LeavingActionsNotExecuted
[test][49/88] com.github.oxo42.stateless4j.StateRepresentationTests#UponLeaving_EnteringActionsNotExecuted
[test][50/88] com.github.oxo42.stateless4j.StateRepresentationTests#UponLeaving_LeavingActionsExecuted
[test][51/88] com.github.oxo42.stateless4j.StateRepresentationTests#WhenEnteringSubstate_SuperEntryActionsExecuted
[test][52/88] com.github.oxo42.stateless4j.StateRepresentationTests#WhenEnteringSubstate_SuperstateEntryActionsExecuteBeforeSubstate
[test][53/88] com.github.oxo42.stateless4j.StateRepresentationTests#WhenExitingSubstate_SubstateEntryActionsExecuteBeforeSuperstate
[test][54/88] com.github.oxo42.stateless4j.StateRepresentationTests#WhenLeavingSubstate_SuperExitActionsExecuted
[test][55/88] com.github.oxo42.stateless4j.StateRepresentationTests#WhenTransitionDoesNotExist_TriggerCannotBeFired
[test][56/88] com.github.oxo42.stateless4j.StateRepresentationTests#WhenTransitionExistsButGuardConditionNotMet_TriggerCanBeFired
[test][57/88] com.github.oxo42.stateless4j.StateRepresentationTests#WhenTransitionExistsInSupersate_TriggerCanBeFired
[test][58/88] com.github.oxo42.stateless4j.StateRepresentationTests#WhenTransitionExists_TriggerCanBeFired
[test][59/88] com.github.oxo42.stateless4j.StateRepresentationTests#WhenTransitioningFromSubToSuperstate_SubstateEntryActionsExecuted
[test][60/88] com.github.oxo42.stateless4j.StateRepresentationTests#WhenTransitioningFromSubToSuperstate_SubstateExitActionsExecuted
[test][61/88] com.github.oxo42.stateless4j.StateRepresentationTests#WhenTransitioningFromSuperToSubstate_SuperExitActionsNotExecuted
[test][62/88] com.github.oxo42.stateless4j.StateRepresentationTests#WhenTransitioningToSuperFromSubstate_SuperEntryActionsNotExecuted
[test][63/88] com.github.oxo42.stateless4j.TraceTests#traceDelegateCanBeDisabled
[test][64/88] com.github.oxo42.stateless4j.TraceTests#transitionIsCaptured
[test][65/88] com.github.oxo42.stateless4j.TraceTests#triggerIsCaptured
[test][66/88] com.github.oxo42.stateless4j.TransitionActionTests#ActionWithCorrectGuardIsPerformed
[test][67/88] com.github.oxo42.stateless4j.TransitionActionTests#ActionWithNegativeGuardIsNotPerformed
[test][68/88] com.github.oxo42.stateless4j.TransitionActionTests#ActionWithPositiveGuardIsPerformed
[test][69/88] com.github.oxo42.stateless4j.TransitionActionTests#ActionWithPositiveGuardIsPerformedOnReentry
[test][70/88] com.github.oxo42.stateless4j.TransitionActionTests#ReentryActionIsPerformedBetweenExitAndEntry
[test][71/88] com.github.oxo42.stateless4j.TransitionActionTests#TransitionActionIsPerformedBetweenExitAndEntry
[test][72/88] com.github.oxo42.stateless4j.TransitionActionTests#UnguardedActionIsPerformed
[test][73/88] com.github.oxo42.stateless4j.TransitionActionTests#UnguardedActionIsPerformedOnReentry
[test][74/88] com.github.oxo42.stateless4j.TransitionTests#IdentityTransitionIsNotChange
[test][75/88] com.github.oxo42.stateless4j.TransitionTests#TransitioningTransitionIsChange
[test][76/88] com.github.oxo42.stateless4j.TransitioningTriggerBehaviourTests#TransitionIsExternal
[test][77/88] com.github.oxo42.stateless4j.TransitioningTriggerBehaviourTests#TransitionsToDestinationState
[test][78/88] com.github.oxo42.stateless4j.TriggerBehaviourTests#ExposesCorrectUnderlyingTrigger
[test][79/88] com.github.oxo42.stateless4j.TriggerBehaviourTests#WhenGuardConditionFalse_IsGuardConditionMetIsFalse
[test][80/88] com.github.oxo42.stateless4j.TriggerBehaviourTests#WhenGuardConditionTrue_IsGuardConditionMetIsTrue
[test][81/88] com.github.oxo42.stateless4j.TriggerWithParametersTests#DescribesUnderlyingTrigger
[test][82/88] com.github.oxo42.stateless4j.TriggerWithParametersTests#IncompatibleParametersAreNotValid
[test][83/88] com.github.oxo42.stateless4j.TriggerWithParametersTests#ParametersArePolymorphic
[test][84/88] com.github.oxo42.stateless4j.TriggerWithParametersTests#ParametersOfCorrectTypeAreAccepted
[test][85/88] com.github.oxo42.stateless4j.TriggerWithParametersTests#TooFewParametersDetected
[test][86/88] com.github.oxo42.stateless4j.TriggerWithParametersTests#TooManyParametersDetected
[test][87/88] com.github.oxo42.stateless4j.graphviz.GraphGenerationTests#GeneratesDotFileForGraph
[test][88/88] com.github.oxo42.stateless4j.graphviz.GraphGenerationTests#GeneratesDotFileForGraphWithLabels
[main][14/14] python parse_data.py
  0%|          | 0/88 [00:00<?, ?it/s] 35%|███▌      | 31/88 [00:00<00:00, 303.21it/s] 73%|███████▎  | 64/88 [00:00<00:00, 314.68it/s]100%|██████████| 88/88 [00:00<00:00, 317.52it/s]
Done.
