[main][1/14] rm -rf repo clover clover.xml git.log tests.sh
[main][2/14] git clone --depth 1 --recursive https://github.com/thrau/jarchivelib repo
'repo'에 복제합니다...
[main][3/14] java -version
openjdk version "1.8.0_312"
OpenJDK Runtime Environment (Zulu 8.58.0.13-CA-macos-aarch64) (build 1.8.0_312-b07)
OpenJDK 64-Bit Server VM (Zulu 8.58.0.13-CA-macos-aarch64) (build 25.312-b07, mixed mode)
[main][4/14] mvn --version
Apache Maven 3.8.4 (9b656c72d54e5bacbed989b64718c159fe39b537)
Maven home: /opt/homebrew/Cellar/maven/3.8.4/libexec
Java version: 1.8.0_312, vendor: Azul Systems, Inc., runtime: /Library/Java/JavaVirtualMachines/zulu-8.jdk/Contents/Home/jre
Default locale: ko_KR, platform encoding: UTF-8
OS name: "mac os x", version: "11.6", arch: "aarch64", family: "mac"
[main][5/14] git --version
git version 2.33.1
[main][6/14] git --git-dir repo/.git config --get remote.origin.url > git.log
[main][7/14] git --git-dir repo/.git log -n 1 --format=%ct%n%H >> git.log
[main][8/14] mvn --file repo/pom.xml --fail-never clean test
[INFO] Scanning for projects...
Downloading from central: https://repo.maven.apache.org/maven2/org/rauschig/oss-parent/1/oss-parent-1.pom
Progress (1): 2.7/5.4 kBProgress (1): 5.4 kB                        Downloaded from central: https://repo.maven.apache.org/maven2/org/rauschig/oss-parent/1/oss-parent-1.pom (5.4 kB at 5.4 kB/s)
Downloading from central: https://repo.maven.apache.org/maven2/org/apache/felix/maven-bundle-plugin/2.5.0/maven-bundle-plugin-2.5.0.pom
Progress (1): 2.7/4.7 kBProgress (1): 4.7 kB                        Downloaded from central: https://repo.maven.apache.org/maven2/org/apache/felix/maven-bundle-plugin/2.5.0/maven-bundle-plugin-2.5.0.pom (4.7 kB at 17 kB/s)
Downloading from central: https://repo.maven.apache.org/maven2/org/apache/felix/maven-bundle-plugin/2.5.0/maven-bundle-plugin-2.5.0.jar
Progress (1): 2.7/175 kBProgress (1): 5.5/175 kBProgress (1): 8.2/175 kBProgress (1): 11/175 kB Progress (1): 14/175 kBProgress (1): 16/175 kBProgress (1): 19/175 kBProgress (1): 22/175 kBProgress (1): 25/175 kBProgress (1): 27/175 kBProgress (1): 30/175 kBProgress (1): 33/175 kBProgress (1): 36/175 kBProgress (1): 38/175 kBProgress (1): 41/175 kBProgress (1): 44/175 kBProgress (1): 47/175 kBProgress (1): 49/175 kBProgress (1): 52/175 kBProgress (1): 56/175 kBProgress (1): 60/175 kBProgress (1): 64/175 kBProgress (1): 68/175 kBProgress (1): 73/175 kBProgress (1): 77/175 kBProgress (1): 81/175 kBProgress (1): 85/175 kBProgress (1): 89/175 kBProgress (1): 93/175 kBProgress (1): 97/175 kBProgress (1): 101/175 kBProgress (1): 105/175 kBProgress (1): 109/175 kBProgress (1): 114/175 kBProgress (1): 118/175 kBProgress (1): 122/175 kBProgress (1): 126/175 kBProgress (1): 130/175 kBProgress (1): 134/175 kBProgress (1): 138/175 kBProgress (1): 142/175 kBProgress (1): 146/175 kBProgress (1): 150/175 kBProgress (1): 154/175 kBProgress (1): 159/175 kBProgress (1): 163/175 kBProgress (1): 167/175 kBProgress (1): 171/175 kBProgress (1): 175 kB                        Downloaded from central: https://repo.maven.apache.org/maven2/org/apache/felix/maven-bundle-plugin/2.5.0/maven-bundle-plugin-2.5.0.jar (175 kB at 279 kB/s)
[INFO] 
[INFO] ----------------------< org.rauschig:jarchivelib >----------------------
[INFO] Building Java archiving library 1.3.0-SNAPSHOT
[INFO] -------------------------------[ bundle ]-------------------------------
Downloading from central: https://repo.maven.apache.org/maven2/org/apache/maven/plugins/maven-resources-plugin/maven-metadata.xml
Progress (1): 874 B                   Downloaded from central: https://repo.maven.apache.org/maven2/org/apache/maven/plugins/maven-resources-plugin/maven-metadata.xml (874 B at 3.2 kB/s)
Downloading from central: https://repo.maven.apache.org/maven2/org/apache/maven/plugins/maven-resources-plugin/3.2.0/maven-resources-plugin-3.2.0.pom
Downloaded from central: https://repo.maven.apache.org/maven2/org/apache/maven/plugins/maven-resources-plugin/3.2.0/maven-resources-plugin-3.2.0.pom (0 B at 0 B/s)
Downloading from central: https://repo.maven.apache.org/maven2/org/apache/maven/plugins/maven-resources-plugin/3.2.0/maven-resources-plugin-3.2.0.jar
Downloaded from central: https://repo.maven.apache.org/maven2/org/apache/maven/plugins/maven-resources-plugin/3.2.0/maven-resources-plugin-3.2.0.jar (0 B at 0 B/s)
Downloading from central: https://repo.maven.apache.org/maven2/org/apache/maven/plugins/maven-surefire-plugin/maven-metadata.xml
Progress (1): 1.8 kB                    Downloaded from central: https://repo.maven.apache.org/maven2/org/apache/maven/plugins/maven-surefire-plugin/maven-metadata.xml (1.8 kB at 6.5 kB/s)
Downloading from central: https://repo.maven.apache.org/maven2/org/apache/maven/plugins/maven-install-plugin/maven-metadata.xml
Progress (1): 663 B                   Downloaded from central: https://repo.maven.apache.org/maven2/org/apache/maven/plugins/maven-install-plugin/maven-metadata.xml (663 B at 2.4 kB/s)
Downloading from central: https://repo.maven.apache.org/maven2/org/apache/maven/plugins/maven-deploy-plugin/maven-metadata.xml
Progress (1): 749 B                   Downloaded from central: https://repo.maven.apache.org/maven2/org/apache/maven/plugins/maven-deploy-plugin/maven-metadata.xml (749 B at 2.6 kB/s)
Downloading from central: https://repo.maven.apache.org/maven2/org/apache/maven/plugins/maven-enforcer-plugin/1.2/maven-enforcer-plugin-1.2.pom
Progress (1): 4.1/5.8 kBProgress (1): 5.8 kB                        Downloaded from central: https://repo.maven.apache.org/maven2/org/apache/maven/plugins/maven-enforcer-plugin/1.2/maven-enforcer-plugin-1.2.pom (5.8 kB at 20 kB/s)
Downloading from central: https://repo.maven.apache.org/maven2/org/apache/maven/enforcer/enforcer/1.2/enforcer-1.2.pom
Progress (1): 4.1/11 kBProgress (1): 8.2/11 kBProgress (1): 11 kB                       Downloaded from central: https://repo.maven.apache.org/maven2/org/apache/maven/enforcer/enforcer/1.2/enforcer-1.2.pom (11 kB at 38 kB/s)
Downloading from central: https://repo.maven.apache.org/maven2/org/apache/maven/plugins/maven-enforcer-plugin/1.2/maven-enforcer-plugin-1.2.jar
Progress (1): 4.1/25 kBProgress (1): 8.2/25 kBProgress (1): 12/25 kB Progress (1): 16/25 kBProgress (1): 20/25 kBProgress (1): 25/25 kBProgress (1): 25 kB                      Downloaded from central: https://repo.maven.apache.org/maven2/org/apache/maven/plugins/maven-enforcer-plugin/1.2/maven-enforcer-plugin-1.2.jar (25 kB at 88 kB/s)
Downloading from central: https://repo.maven.apache.org/maven2/com/mycila/maven-license-plugin/maven-license-plugin/1.9.0/maven-license-plugin-1.9.0.pom
Progress (1): 4.1/11 kBProgress (1): 8.2/11 kBProgress (1): 11 kB                       Downloaded from central: https://repo.maven.apache.org/maven2/com/mycila/maven-license-plugin/maven-license-plugin/1.9.0/maven-license-plugin-1.9.0.pom (11 kB at 36 kB/s)
Downloading from central: https://repo.maven.apache.org/maven2/com/mycila/parent-pom/5/parent-pom-5.pom
Progress (1): 4.1/9.0 kBProgress (1): 8.2/9.0 kBProgress (1): 9.0 kB                        Downloaded from central: https://repo.maven.apache.org/maven2/com/mycila/parent-pom/5/parent-pom-5.pom (9.0 kB at 32 kB/s)
Downloading from central: https://repo.maven.apache.org/maven2/com/mycila/maven-license-plugin/maven-license-plugin/1.9.0/maven-license-plugin-1.9.0.jar
Progress (1): 4.1/54 kBProgress (1): 8.2/54 kBProgress (1): 12/54 kB Progress (1): 16/54 kBProgress (1): 20/54 kBProgress (1): 25/54 kBProgress (1): 29/54 kBProgress (1): 33/54 kBProgress (1): 37/54 kBProgress (1): 41/54 kBProgress (1): 45/54 kBProgress (1): 49/54 kBProgress (1): 53/54 kBProgress (1): 54 kB                      Downloaded from central: https://repo.maven.apache.org/maven2/com/mycila/maven-license-plugin/maven-license-plugin/1.9.0/maven-license-plugin-1.9.0.jar (54 kB at 180 kB/s)
Downloading from central: https://repo.maven.apache.org/maven2/org/apache/commons/commons-compress/1.21/commons-compress-1.21.pom
Progress (1): 4.1/20 kBProgress (1): 8.2/20 kBProgress (1): 12/20 kB Progress (1): 16/20 kBProgress (1): 20 kB                      Downloaded from central: https://repo.maven.apache.org/maven2/org/apache/commons/commons-compress/1.21/commons-compress-1.21.pom (20 kB at 68 kB/s)
Downloading from central: https://repo.maven.apache.org/maven2/org/apache/commons/commons-compress/1.21/commons-compress-1.21.jar
Progress (1): 0/1.0 MBProgress (1): 0/1.0 MBProgress (1): 0/1.0 MBProgress (1): 0/1.0 MBProgress (1): 0/1.0 MBProgress (1): 0/1.0 MBProgress (1): 0.1/1.0 MBProgress (1): 0.1/1.0 MBProgress (1): 0.1/1.0 MBProgress (1): 0.1/1.0 MBProgress (1): 0.1/1.0 MBProgress (1): 0.1/1.0 MBProgress (1): 0.1/1.0 MBProgress (1): 0.1/1.0 MBProgress (1): 0.1/1.0 MBProgress (1): 0.1/1.0 MBProgress (1): 0.1/1.0 MBProgress (1): 0.1/1.0 MBProgress (1): 0.2/1.0 MBProgress (1): 0.2/1.0 MBProgress (1): 0.2/1.0 MBProgress (1): 0.2/1.0 MBProgress (1): 0.2/1.0 MBProgress (1): 0.2/1.0 MBProgress (1): 0.2/1.0 MBProgress (1): 0.2/1.0 MBProgress (1): 0.2/1.0 MBProgress (1): 0.2/1.0 MBProgress (1): 0.2/1.0 MBProgress (1): 0.2/1.0 MBProgress (1): 0.3/1.0 MBProgress (1): 0.3/1.0 MBProgress (1): 0.3/1.0 MBProgress (1): 0.3/1.0 MBProgress (1): 0.3/1.0 MBProgress (1): 0.3/1.0 MBProgress (1): 0.3/1.0 MBProgress (1): 0.3/1.0 MBProgress (1): 0.3/1.0 MBProgress (1): 0.3/1.0 MBProgress (1): 0.3/1.0 MBProgress (1): 0.3/1.0 MBProgress (1): 0.3/1.0 MBProgress (1): 0.4/1.0 MBProgress (1): 0.4/1.0 MBProgress (1): 0.4/1.0 MBProgress (1): 0.4/1.0 MBProgress (1): 0.4/1.0 MBProgress (1): 0.4/1.0 MBProgress (1): 0.4/1.0 MBProgress (1): 0.4/1.0 MBProgress (1): 0.4/1.0 MBProgress (1): 0.4/1.0 MBProgress (1): 0.4/1.0 MBProgress (1): 0.4/1.0 MBProgress (1): 0.5/1.0 MBProgress (1): 0.5/1.0 MBProgress (1): 0.5/1.0 MBProgress (1): 0.5/1.0 MBProgress (1): 0.5/1.0 MBProgress (1): 0.5/1.0 MBProgress (1): 0.5/1.0 MBProgress (1): 0.5/1.0 MBProgress (1): 0.5/1.0 MBProgress (1): 0.5/1.0 MBProgress (1): 0.5/1.0 MBProgress (1): 0.5/1.0 MBProgress (1): 0.6/1.0 MBProgress (1): 0.6/1.0 MBProgress (1): 0.6/1.0 MBProgress (1): 0.6/1.0 MBProgress (1): 0.6/1.0 MBProgress (1): 0.6/1.0 MBProgress (1): 0.6/1.0 MBProgress (1): 0.6/1.0 MBProgress (1): 0.6/1.0 MBProgress (1): 0.6/1.0 MBProgress (1): 0.6/1.0 MBProgress (1): 0.6/1.0 MBProgress (1): 0.7/1.0 MBProgress (1): 0.7/1.0 MBProgress (1): 0.7/1.0 MBProgress (1): 0.7/1.0 MBProgress (1): 0.7/1.0 MBProgress (1): 0.7/1.0 MBProgress (1): 0.7/1.0 MBProgress (1): 0.7/1.0 MBProgress (1): 0.7/1.0 MBProgress (1): 0.7/1.0 MBProgress (1): 0.7/1.0 MBProgress (1): 0.7/1.0 MBProgress (1): 0.7/1.0 MBProgress (1): 0.8/1.0 MBProgress (1): 0.8/1.0 MBProgress (1): 0.8/1.0 MBProgress (1): 0.8/1.0 MBProgress (1): 0.8/1.0 MBProgress (1): 0.8/1.0 MBProgress (1): 0.8/1.0 MBProgress (1): 0.8/1.0 MBProgress (1): 0.8/1.0 MBProgress (1): 0.8/1.0 MBProgress (1): 0.8/1.0 MBProgress (1): 0.8/1.0 MBProgress (1): 0.9/1.0 MBProgress (1): 0.9/1.0 MBProgress (1): 0.9/1.0 MBProgress (1): 0.9/1.0 MBProgress (1): 0.9/1.0 MBProgress (1): 0.9/1.0 MBProgress (1): 0.9/1.0 MBProgress (1): 0.9/1.0 MBProgress (1): 0.9/1.0 MBProgress (1): 0.9/1.0 MBProgress (1): 0.9/1.0 MBProgress (1): 0.9/1.0 MBProgress (1): 1.0/1.0 MBProgress (1): 1.0/1.0 MBProgress (1): 1.0/1.0 MBProgress (1): 1.0/1.0 MBProgress (1): 1.0/1.0 MBProgress (1): 1.0/1.0 MBProgress (1): 1.0/1.0 MBProgress (1): 1.0/1.0 MBProgress (1): 1.0/1.0 MBProgress (1): 1.0 MB                        Downloaded from central: https://repo.maven.apache.org/maven2/org/apache/commons/commons-compress/1.21/commons-compress-1.21.jar (1.0 MB at 1.6 MB/s)
[INFO] 
[INFO] --- maven-clean-plugin:2.5:clean (default-clean) @ jarchivelib ---
[INFO] 
[INFO] --- maven-enforcer-plugin:1.2:enforce (enforce-maven) @ jarchivelib ---
Downloading from central: https://repo.maven.apache.org/maven2/org/apache/maven/enforcer/enforcer-api/1.2/enforcer-api-1.2.pom
Progress (1): 2.9 kB                    Downloaded from central: https://repo.maven.apache.org/maven2/org/apache/maven/enforcer/enforcer-api/1.2/enforcer-api-1.2.pom (2.9 kB at 10 kB/s)
Downloading from central: https://repo.maven.apache.org/maven2/org/apache/maven/enforcer/enforcer-rules/1.2/enforcer-rules-1.2.pom
Progress (1): 3.7 kB                    Downloaded from central: https://repo.maven.apache.org/maven2/org/apache/maven/enforcer/enforcer-rules/1.2/enforcer-rules-1.2.pom (3.7 kB at 13 kB/s)
Downloading from central: https://repo.maven.apache.org/maven2/org/apache/maven/shared/maven-dependency-tree/2.0/maven-dependency-tree-2.0.pom
Progress (1): 4.1/4.7 kBProgress (1): 4.7 kB                        Downloaded from central: https://repo.maven.apache.org/maven2/org/apache/maven/shared/maven-dependency-tree/2.0/maven-dependency-tree-2.0.pom (4.7 kB at 17 kB/s)
Downloading from central: https://repo.maven.apache.org/maven2/org/apache/maven/enforcer/enforcer-api/1.2/enforcer-api-1.2.jar
Downloading from central: https://repo.maven.apache.org/maven2/org/apache/maven/enforcer/enforcer-rules/1.2/enforcer-rules-1.2.jar
Downloading from central: https://repo.maven.apache.org/maven2/org/apache/maven/shared/maven-dependency-tree/2.0/maven-dependency-tree-2.0.jar
Progress (1): 4.1/76 kBProgress (1): 8.2/76 kBProgress (1): 12/76 kB Progress (1): 16/76 kBProgress (1): 20/76 kBProgress (1): 25/76 kBProgress (1): 29/76 kBProgress (1): 33/76 kBProgress (1): 37/76 kBProgress (1): 41/76 kBProgress (1): 45/76 kBProgress (1): 49/76 kBProgress (1): 53/76 kBProgress (1): 57/76 kBProgress (1): 61/76 kBProgress (1): 66/76 kBProgress (1): 70/76 kBProgress (1): 74/76 kBProgress (1): 76 kB                      Downloaded from central: https://repo.maven.apache.org/maven2/org/apache/maven/enforcer/enforcer-rules/1.2/enforcer-rules-1.2.jar (76 kB at 252 kB/s)
Progress (1): 2.7/56 kBProgress (1): 5.5/56 kBProgress (2): 5.5/56 kB | 2.7/9.8 kBProgress (2): 8.2/56 kB | 2.7/9.8 kBProgress (2): 8.2/56 kB | 5.5/9.8 kBProgress (2): 11/56 kB | 5.5/9.8 kB Progress (2): 11/56 kB | 8.2/9.8 kBProgress (2): 14/56 kB | 8.2/9.8 kBProgress (2): 14/56 kB | 9.8 kB    Progress (2): 16/56 kB | 9.8 kBProgress (2): 19/56 kB | 9.8 kBProgress (2): 22/56 kB | 9.8 kBProgress (2): 25/56 kB | 9.8 kBProgress (2): 27/56 kB | 9.8 kBProgress (2): 30/56 kB | 9.8 kBProgress (2): 33/56 kB | 9.8 kBProgress (2): 36/56 kB | 9.8 kBProgress (2): 38/56 kB | 9.8 kBProgress (2): 41/56 kB | 9.8 kBProgress (2): 44/56 kB | 9.8 kBProgress (2): 47/56 kB | 9.8 kBProgress (2): 49/56 kB | 9.8 kBProgress (2): 52/56 kB | 9.8 kB                               Downloaded from central: https://repo.maven.apache.org/maven2/org/apache/maven/enforcer/enforcer-api/1.2/enforcer-api-1.2.jar (9.8 kB at 17 kB/s)
Progress (1): 55/56 kBProgress (1): 56 kB                      Downloaded from central: https://repo.maven.apache.org/maven2/org/apache/maven/shared/maven-dependency-tree/2.0/maven-dependency-tree-2.0.jar (56 kB at 77 kB/s)
[INFO] 
[INFO] --- maven-resources-plugin:3.2.0:resources (default-resources) @ jarchivelib ---
Downloading from central: https://repo.maven.apache.org/maven2/org/apache/maven/maven-plugin-api/3.1.0/maven-plugin-api-3.1.0.pom
Downloaded from central: https://repo.maven.apache.org/maven2/org/apache/maven/maven-plugin-api/3.1.0/maven-plugin-api-3.1.0.pom (0 B at 0 B/s)
Downloading from central: https://repo.maven.apache.org/maven2/org/codehaus/plexus/plexus-interpolation/1.26/plexus-interpolation-1.26.pom
Downloaded from central: https://repo.maven.apache.org/maven2/org/codehaus/plexus/plexus-interpolation/1.26/plexus-interpolation-1.26.pom (0 B at 0 B/s)
Downloading from central: https://repo.maven.apache.org/maven2/org/apache/maven/shared/maven-filtering/3.2.0/maven-filtering-3.2.0.pom
Downloaded from central: https://repo.maven.apache.org/maven2/org/apache/maven/shared/maven-filtering/3.2.0/maven-filtering-3.2.0.pom (0 B at 0 B/s)
Downloading from central: https://repo.maven.apache.org/maven2/org/apache/maven/maven-plugin-api/3.1.0/maven-plugin-api-3.1.0.jar
Downloading from central: https://repo.maven.apache.org/maven2/org/apache/maven/maven-artifact/3.1.0/maven-artifact-3.1.0.jar
Downloading from central: https://repo.maven.apache.org/maven2/org/apache/maven/maven-core/3.1.0/maven-core-3.1.0.jar
Downloading from central: https://repo.maven.apache.org/maven2/org/apache/maven/maven-settings/3.1.0/maven-settings-3.1.0.jar
Downloading from central: https://repo.maven.apache.org/maven2/org/apache/maven/maven-settings-builder/3.1.0/maven-settings-builder-3.1.0.jar
Downloaded from central: https://repo.maven.apache.org/maven2/org/apache/maven/maven-artifact/3.1.0/maven-artifact-3.1.0.jar (0 B at 0 B/s)
Downloading from central: https://repo.maven.apache.org/maven2/org/apache/maven/maven-repository-metadata/3.1.0/maven-repository-metadata-3.1.0.jar
Downloaded from central: https://repo.maven.apache.org/maven2/org/apache/maven/maven-core/3.1.0/maven-core-3.1.0.jar (0 B at 0 B/s)
Downloading from central: https://repo.maven.apache.org/maven2/org/apache/maven/maven-model-builder/3.1.0/maven-model-builder-3.1.0.jar
Downloaded from central: https://repo.maven.apache.org/maven2/org/apache/maven/maven-plugin-api/3.1.0/maven-plugin-api-3.1.0.jar (0 B at 0 B/s)
Downloading from central: https://repo.maven.apache.org/maven2/org/apache/maven/maven-aether-provider/3.1.0/maven-aether-provider-3.1.0.jar
Downloaded from central: https://repo.maven.apache.org/maven2/org/apache/maven/maven-repository-metadata/3.1.0/maven-repository-metadata-3.1.0.jar (0 B at 0 B/s)
Downloading from central: https://repo.maven.apache.org/maven2/org/eclipse/aether/aether-spi/0.9.0.M2/aether-spi-0.9.0.M2.jar
Downloaded from central: https://repo.maven.apache.org/maven2/org/apache/maven/maven-model-builder/3.1.0/maven-model-builder-3.1.0.jar (0 B at 0 B/s)
Downloading from central: https://repo.maven.apache.org/maven2/org/eclipse/aether/aether-impl/0.9.0.M2/aether-impl-0.9.0.M2.jar
Downloaded from central: https://repo.maven.apache.org/maven2/org/apache/maven/maven-aether-provider/3.1.0/maven-aether-provider-3.1.0.jar (0 B at 0 B/s)
Downloading from central: https://repo.maven.apache.org/maven2/org/eclipse/aether/aether-api/0.9.0.M2/aether-api-0.9.0.M2.jar
Downloaded from central: https://repo.maven.apache.org/maven2/org/apache/maven/maven-settings-builder/3.1.0/maven-settings-builder-3.1.0.jar (0 B at 0 B/s)
Downloading from central: https://repo.maven.apache.org/maven2/org/codehaus/plexus/plexus-classworlds/2.4.2/plexus-classworlds-2.4.2.jar
Downloaded from central: https://repo.maven.apache.org/maven2/org/eclipse/aether/aether-spi/0.9.0.M2/aether-spi-0.9.0.M2.jar (0 B at 0 B/s)
Downloading from central: https://repo.maven.apache.org/maven2/org/apache/maven/maven-model/3.1.0/maven-model-3.1.0.jar
Downloaded from central: https://repo.maven.apache.org/maven2/org/eclipse/aether/aether-impl/0.9.0.M2/aether-impl-0.9.0.M2.jar (0 B at 0 B/s)
Downloading from central: https://repo.maven.apache.org/maven2/org/codehaus/plexus/plexus-interpolation/1.26/plexus-interpolation-1.26.jar
Downloaded from central: https://repo.maven.apache.org/maven2/org/apache/maven/maven-settings/3.1.0/maven-settings-3.1.0.jar (0 B at 0 B/s)
Downloading from central: https://repo.maven.apache.org/maven2/org/eclipse/sisu/org.eclipse.sisu.plexus/0.0.0.M2a/org.eclipse.sisu.plexus-0.0.0.M2a.jar
Downloaded from central: https://repo.maven.apache.org/maven2/org/eclipse/aether/aether-api/0.9.0.M2/aether-api-0.9.0.M2.jar (0 B at 0 B/s)
Downloading from central: https://repo.maven.apache.org/maven2/com/google/guava/guava/10.0.1/guava-10.0.1.jar
Downloaded from central: https://repo.maven.apache.org/maven2/org/codehaus/plexus/plexus-classworlds/2.4.2/plexus-classworlds-2.4.2.jar (0 B at 0 B/s)
Downloading from central: https://repo.maven.apache.org/maven2/org/eclipse/sisu/org.eclipse.sisu.inject/0.0.0.M2a/org.eclipse.sisu.inject-0.0.0.M2a.jar
Downloaded from central: https://repo.maven.apache.org/maven2/org/apache/maven/maven-model/3.1.0/maven-model-3.1.0.jar (0 B at 0 B/s)
Downloading from central: https://repo.maven.apache.org/maven2/asm/asm/3.3.1/asm-3.3.1.jar
Downloaded from central: https://repo.maven.apache.org/maven2/org/codehaus/plexus/plexus-interpolation/1.26/plexus-interpolation-1.26.jar (0 B at 0 B/s)
Downloading from central: https://repo.maven.apache.org/maven2/org/apache/maven/shared/maven-filtering/3.2.0/maven-filtering-3.2.0.jar
Downloaded from central: https://repo.maven.apache.org/maven2/org/eclipse/sisu/org.eclipse.sisu.plexus/0.0.0.M2a/org.eclipse.sisu.plexus-0.0.0.M2a.jar (0 B at 0 B/s)
Downloaded from central: https://repo.maven.apache.org/maven2/com/google/guava/guava/10.0.1/guava-10.0.1.jar (0 B at 0 B/s)
Downloaded from central: https://repo.maven.apache.org/maven2/asm/asm/3.3.1/asm-3.3.1.jar (0 B at 0 B/s)
Downloaded from central: https://repo.maven.apache.org/maven2/org/apache/maven/shared/maven-filtering/3.2.0/maven-filtering-3.2.0.jar (0 B at 0 B/s)
Downloaded from central: https://repo.maven.apache.org/maven2/org/eclipse/sisu/org.eclipse.sisu.inject/0.0.0.M2a/org.eclipse.sisu.inject-0.0.0.M2a.jar (0 B at 0 B/s)
[INFO] Using 'UTF-8' encoding to copy filtered resources.
[INFO] Using 'UTF-8' encoding to copy filtered properties files.
[INFO] skip non existing resourceDirectory /Users/seyoung/data/repo/src/main/resources
[INFO] 
[INFO] --- maven-compiler-plugin:3.1:compile (default-compile) @ jarchivelib ---
[INFO] Changes detected - recompiling the module!
[INFO] Compiling 20 source files to /Users/seyoung/data/repo/target/classes
[INFO] 
[INFO] --- maven-resources-plugin:3.2.0:testResources (default-testResources) @ jarchivelib ---
[INFO] Using 'UTF-8' encoding to copy filtered resources.
[INFO] Using 'UTF-8' encoding to copy filtered properties files.
[INFO] Copying 21 resources
[INFO] 
[INFO] --- maven-compiler-plugin:3.1:testCompile (default-testCompile) @ jarchivelib ---
[INFO] Changes detected - recompiling the module!
[INFO] Compiling 17 source files to /Users/seyoung/data/repo/target/test-classes
[WARNING] /Users/seyoung/data/repo/src/test/java/org/rauschig/jarchivelib/Archiver7zTest.java: /Users/seyoung/data/repo/src/test/java/org/rauschig/jarchivelib/Archiver7zTest.java uses or overrides a deprecated API.
[WARNING] /Users/seyoung/data/repo/src/test/java/org/rauschig/jarchivelib/Archiver7zTest.java: Recompile with -Xlint:deprecation for details.
[INFO] 
[INFO] --- maven-surefire-plugin:3.0.0-M5:test (default-test) @ jarchivelib ---
Downloading from central: https://repo.maven.apache.org/maven2/org/apache/maven/surefire/surefire-junit4/3.0.0-M5/surefire-junit4-3.0.0-M5.jar
Progress (1): 2.7/17 kBProgress (1): 5.5/17 kBProgress (1): 8.2/17 kBProgress (1): 11/17 kB Progress (1): 14/17 kBProgress (1): 16/17 kBProgress (1): 17 kB                      Downloaded from central: https://repo.maven.apache.org/maven2/org/apache/maven/surefire/surefire-junit4/3.0.0-M5/surefire-junit4-3.0.0-M5.jar (17 kB at 60 kB/s)
Downloading from central: https://repo.maven.apache.org/maven2/org/apache/maven/surefire/surefire-junit4/3.0.0-M5/surefire-junit4-3.0.0-M5.pom
Progress (1): 2.7/2.9 kBProgress (1): 2.9 kB                        Downloaded from central: https://repo.maven.apache.org/maven2/org/apache/maven/surefire/surefire-junit4/3.0.0-M5/surefire-junit4-3.0.0-M5.pom (2.9 kB at 11 kB/s)
Downloading from central: https://repo.maven.apache.org/maven2/junit/junit/4.0/junit-4.0.pom
Progress (1): 210 B                   Downloaded from central: https://repo.maven.apache.org/maven2/junit/junit/4.0/junit-4.0.pom (210 B at 731 B/s)
Downloading from central: https://repo.maven.apache.org/maven2/org/apache/maven/surefire/common-junit4/3.0.0-M5/common-junit4-3.0.0-M5.pom
Progress (1): 2.7/2.9 kBProgress (1): 2.9 kB                        Downloaded from central: https://repo.maven.apache.org/maven2/org/apache/maven/surefire/common-junit4/3.0.0-M5/common-junit4-3.0.0-M5.pom (2.9 kB at 11 kB/s)
Downloading from central: https://repo.maven.apache.org/maven2/org/apache/maven/surefire/common-junit3/3.0.0-M5/common-junit3-3.0.0-M5.pom
Progress (1): 2.6 kB                    Downloaded from central: https://repo.maven.apache.org/maven2/org/apache/maven/surefire/common-junit3/3.0.0-M5/common-junit3-3.0.0-M5.pom (2.6 kB at 9.7 kB/s)
Downloading from central: https://repo.maven.apache.org/maven2/org/apache/maven/surefire/common-junit3/3.0.0-M5/common-junit3-3.0.0-M5.jar
Downloading from central: https://repo.maven.apache.org/maven2/org/apache/maven/surefire/common-junit4/3.0.0-M5/common-junit4-3.0.0-M5.jar
Progress (1): 2.7/12 kBProgress (1): 5.5/12 kBProgress (2): 5.5/12 kB | 2.7/25 kBProgress (2): 8.2/12 kB | 2.7/25 kBProgress (2): 8.2/12 kB | 5.5/25 kBProgress (2): 11/12 kB | 5.5/25 kB Progress (2): 12 kB | 5.5/25 kB   Progress (2): 12 kB | 8.2/25 kBProgress (2): 12 kB | 11/25 kB Progress (2): 12 kB | 14/25 kBProgress (2): 12 kB | 16/25 kBProgress (2): 12 kB | 19/25 kBProgress (2): 12 kB | 22/25 kBProgress (2): 12 kB | 25/25 kBProgress (2): 12 kB | 25 kB                              Downloaded from central: https://repo.maven.apache.org/maven2/org/apache/maven/surefire/common-junit3/3.0.0-M5/common-junit3-3.0.0-M5.jar (12 kB at 41 kB/s)
Downloaded from central: https://repo.maven.apache.org/maven2/org/apache/maven/surefire/common-junit4/3.0.0-M5/common-junit4-3.0.0-M5.jar (25 kB at 79 kB/s)
[INFO] 
[INFO] -------------------------------------------------------
[INFO]  T E S T S
[INFO] -------------------------------------------------------
[INFO] Running org.rauschig.jarchivelib.PosixFilePermissionsMapperTest
[INFO] Tests run: 7, Failures: 0, Errors: 0, Skipped: 0, Time elapsed: 0.026 s - in org.rauschig.jarchivelib.PosixFilePermissionsMapperTest
[INFO] Running org.rauschig.jarchivelib.ArchiverTarTest
[INFO] Tests run: 21, Failures: 0, Errors: 0, Skipped: 0, Time elapsed: 0.086 s - in org.rauschig.jarchivelib.ArchiverTarTest
[INFO] Running org.rauschig.jarchivelib.ArchiverTarGzTest
[INFO] Tests run: 21, Failures: 0, Errors: 0, Skipped: 0, Time elapsed: 0.054 s - in org.rauschig.jarchivelib.ArchiverTarGzTest
[INFO] Running org.rauschig.jarchivelib.FactoryTest
[INFO] Tests run: 15, Failures: 0, Errors: 0, Skipped: 0, Time elapsed: 0.012 s - in org.rauschig.jarchivelib.FactoryTest
[INFO] Running org.rauschig.jarchivelib.FileTypeTest
[INFO] Tests run: 4, Failures: 0, Errors: 0, Skipped: 0, Time elapsed: 0 s - in org.rauschig.jarchivelib.FileTypeTest
[INFO] Running org.rauschig.jarchivelib.ArchiverZipTest
[INFO] Tests run: 20, Failures: 0, Errors: 0, Skipped: 0, Time elapsed: 0.093 s - in org.rauschig.jarchivelib.ArchiverZipTest
[INFO] Running org.rauschig.jarchivelib.ArchiverJarTest
[INFO] Tests run: 20, Failures: 0, Errors: 0, Skipped: 0, Time elapsed: 0.038 s - in org.rauschig.jarchivelib.ArchiverJarTest
[INFO] Running org.rauschig.jarchivelib.ExtractPermissionsTest
[INFO] Tests run: 8, Failures: 0, Errors: 0, Skipped: 0, Time elapsed: 0.025 s - in org.rauschig.jarchivelib.ExtractPermissionsTest
[INFO] Running org.rauschig.jarchivelib.ArchiveTarBzip2Test
[INFO] Tests run: 20, Failures: 0, Errors: 0, Skipped: 0, Time elapsed: 0.068 s - in org.rauschig.jarchivelib.ArchiveTarBzip2Test
[INFO] Running org.rauschig.jarchivelib.ArchiverCpioTest
[INFO] Tests run: 20, Failures: 0, Errors: 0, Skipped: 0, Time elapsed: 0.035 s - in org.rauschig.jarchivelib.ArchiverCpioTest
[INFO] Running org.rauschig.jarchivelib.CompressorGzipTest
[INFO] Tests run: 13, Failures: 0, Errors: 0, Skipped: 0, Time elapsed: 0.012 s - in org.rauschig.jarchivelib.CompressorGzipTest
[INFO] Running org.rauschig.jarchivelib.CompressorBzip2Test
[INFO] Tests run: 13, Failures: 0, Errors: 0, Skipped: 0, Time elapsed: 0.013 s - in org.rauschig.jarchivelib.CompressorBzip2Test
[INFO] Running org.rauschig.jarchivelib.CompressorXzTest
[INFO] Tests run: 13, Failures: 0, Errors: 0, Skipped: 0, Time elapsed: 0.049 s - in org.rauschig.jarchivelib.CompressorXzTest
[INFO] Running org.rauschig.jarchivelib.Archiver7zTest
[INFO] Tests run: 20, Failures: 0, Errors: 0, Skipped: 0, Time elapsed: 0.279 s - in org.rauschig.jarchivelib.Archiver7zTest
[INFO] 
[INFO] Results:
[INFO] 
[INFO] Tests run: 215, Failures: 0, Errors: 0, Skipped: 0
[INFO] 
[INFO] ------------------------------------------------------------------------
[INFO] BUILD SUCCESS
[INFO] ------------------------------------------------------------------------
[INFO] Total time:  13.203 s
[INFO] Finished at: 2021-11-27T09:35:04+09:00
[INFO] ------------------------------------------------------------------------
[main][9/14] mvn --file repo/pom.xml --fail-never -Dmaven.clover.generateHtml=false clean clover:setup test clover:aggregate clover:clover
[INFO] Scanning for projects...
Downloading from central: https://repo.maven.apache.org/maven2/org/apache/maven/plugins/maven-release-plugin/2.5/maven-release-plugin-2.5.pom
Progress (1): 2.7/11 kBProgress (1): 5.5/11 kBProgress (1): 8.2/11 kBProgress (1): 11/11 kB Progress (1): 11 kB                      Downloaded from central: https://repo.maven.apache.org/maven2/org/apache/maven/plugins/maven-release-plugin/2.5/maven-release-plugin-2.5.pom (11 kB at 5.7 kB/s)
Downloading from central: https://repo.maven.apache.org/maven2/org/apache/maven/release/maven-release/2.5/maven-release-2.5.pom
Progress (1): 2.7/4.8 kBProgress (1): 4.8 kB                        Downloaded from central: https://repo.maven.apache.org/maven2/org/apache/maven/release/maven-release/2.5/maven-release-2.5.pom (4.8 kB at 17 kB/s)
Downloading from central: https://repo.maven.apache.org/maven2/org/apache/maven/plugins/maven-release-plugin/2.5/maven-release-plugin-2.5.jar
Progress (1): 2.7/50 kBProgress (1): 5.5/50 kBProgress (1): 8.2/50 kBProgress (1): 11/50 kB Progress (1): 14/50 kBProgress (1): 16/50 kBProgress (1): 19/50 kBProgress (1): 22/50 kBProgress (1): 25/50 kBProgress (1): 27/50 kBProgress (1): 30/50 kBProgress (1): 33/50 kBProgress (1): 36/50 kBProgress (1): 38/50 kBProgress (1): 41/50 kBProgress (1): 44/50 kBProgress (1): 47/50 kBProgress (1): 50 kB                      Downloaded from central: https://repo.maven.apache.org/maven2/org/apache/maven/plugins/maven-release-plugin/2.5/maven-release-plugin-2.5.jar (50 kB at 122 kB/s)
Downloading from central: https://repo.maven.apache.org/maven2/org/apache/maven/plugins/maven-assembly-plugin/2.4/maven-assembly-plugin-2.4.pom
Progress (1): 4.1/17 kBProgress (1): 8.2/17 kBProgress (1): 12/17 kB Progress (1): 16/17 kBProgress (1): 17 kB                      Downloaded from central: https://repo.maven.apache.org/maven2/org/apache/maven/plugins/maven-assembly-plugin/2.4/maven-assembly-plugin-2.4.pom (17 kB at 57 kB/s)
Downloading from central: https://repo.maven.apache.org/maven2/org/apache/maven/plugins/maven-assembly-plugin/2.4/maven-assembly-plugin-2.4.jar
Progress (1): 4.1/226 kBProgress (1): 8.2/226 kBProgress (1): 12/226 kB Progress (1): 16/226 kBProgress (1): 20/226 kBProgress (1): 25/226 kBProgress (1): 29/226 kBProgress (1): 33/226 kBProgress (1): 37/226 kBProgress (1): 41/226 kBProgress (1): 45/226 kBProgress (1): 49/226 kBProgress (1): 53/226 kBProgress (1): 57/226 kBProgress (1): 61/226 kBProgress (1): 66/226 kBProgress (1): 70/226 kBProgress (1): 74/226 kBProgress (1): 78/226 kBProgress (1): 82/226 kBProgress (1): 86/226 kBProgress (1): 90/226 kBProgress (1): 94/226 kBProgress (1): 98/226 kBProgress (1): 102/226 kBProgress (1): 106/226 kBProgress (1): 111/226 kBProgress (1): 115/226 kBProgress (1): 119/226 kBProgress (1): 123/226 kBProgress (1): 127/226 kBProgress (1): 131/226 kBProgress (1): 135/226 kBProgress (1): 139/226 kBProgress (1): 143/226 kBProgress (1): 147/226 kBProgress (1): 152/226 kBProgress (1): 156/226 kBProgress (1): 160/226 kBProgress (1): 164/226 kBProgress (1): 168/226 kBProgress (1): 172/226 kBProgress (1): 176/226 kBProgress (1): 180/226 kBProgress (1): 184/226 kBProgress (1): 188/226 kBProgress (1): 193/226 kBProgress (1): 197/226 kBProgress (1): 201/226 kBProgress (1): 205/226 kBProgress (1): 209/226 kBProgress (1): 213/226 kBProgress (1): 217/226 kBProgress (1): 221/226 kBProgress (1): 225/226 kBProgress (1): 226 kB                        Downloaded from central: https://repo.maven.apache.org/maven2/org/apache/maven/plugins/maven-assembly-plugin/2.4/maven-assembly-plugin-2.4.jar (226 kB at 428 kB/s)
Downloading from central: https://repo.maven.apache.org/maven2/org/eluder/coveralls/coveralls-maven-plugin/3.0.1/coveralls-maven-plugin-3.0.1.pom
Progress (1): 4.1/9.2 kBProgress (1): 8.2/9.2 kBProgress (1): 9.2 kB                        Downloaded from central: https://repo.maven.apache.org/maven2/org/eluder/coveralls/coveralls-maven-plugin/3.0.1/coveralls-maven-plugin-3.0.1.pom (9.2 kB at 33 kB/s)
Downloading from central: https://repo.maven.apache.org/maven2/org/eluder/eluder-parent/5/eluder-parent-5.pom
Progress (1): 4.1/13 kBProgress (1): 8.2/13 kBProgress (1): 12/13 kB Progress (1): 13 kB                      Downloaded from central: https://repo.maven.apache.org/maven2/org/eluder/eluder-parent/5/eluder-parent-5.pom (13 kB at 46 kB/s)
Downloading from central: https://repo.maven.apache.org/maven2/org/eluder/coveralls/coveralls-maven-plugin/3.0.1/coveralls-maven-plugin-3.0.1.jar
Progress (1): 4.1/73 kBProgress (1): 8.2/73 kBProgress (1): 12/73 kB Progress (1): 16/73 kBProgress (1): 20/73 kBProgress (1): 25/73 kBProgress (1): 29/73 kBProgress (1): 33/73 kBProgress (1): 37/73 kBProgress (1): 41/73 kBProgress (1): 45/73 kBProgress (1): 49/73 kBProgress (1): 53/73 kBProgress (1): 57/73 kBProgress (1): 61/73 kBProgress (1): 66/73 kBProgress (1): 70/73 kBProgress (1): 73 kB                      Downloaded from central: https://repo.maven.apache.org/maven2/org/eluder/coveralls/coveralls-maven-plugin/3.0.1/coveralls-maven-plugin-3.0.1.jar (73 kB at 231 kB/s)
Downloading from central: https://repo.maven.apache.org/maven2/org/codehaus/mojo/cobertura-maven-plugin/2.6/cobertura-maven-plugin-2.6.pom
Progress (1): 4.1/8.7 kBProgress (1): 8.2/8.7 kBProgress (1): 8.7 kB                        Downloaded from central: https://repo.maven.apache.org/maven2/org/codehaus/mojo/cobertura-maven-plugin/2.6/cobertura-maven-plugin-2.6.pom (8.7 kB at 31 kB/s)
Downloading from central: https://repo.maven.apache.org/maven2/org/codehaus/mojo/mojo-parent/30/mojo-parent-30.pom
Progress (1): 4.1/27 kBProgress (1): 8.2/27 kBProgress (1): 12/27 kB Progress (1): 16/27 kBProgress (1): 20/27 kBProgress (1): 25/27 kBProgress (1): 27 kB                      Downloaded from central: https://repo.maven.apache.org/maven2/org/codehaus/mojo/mojo-parent/30/mojo-parent-30.pom (27 kB at 92 kB/s)
Downloading from central: https://repo.maven.apache.org/maven2/org/codehaus/mojo/cobertura-maven-plugin/2.6/cobertura-maven-plugin-2.6.jar
Progress (1): 4.1/48 kBProgress (1): 8.2/48 kBProgress (1): 12/48 kB Progress (1): 16/48 kBProgress (1): 20/48 kBProgress (1): 25/48 kBProgress (1): 29/48 kBProgress (1): 33/48 kBProgress (1): 37/48 kBProgress (1): 41/48 kBProgress (1): 45/48 kBProgress (1): 48 kB                      Downloaded from central: https://repo.maven.apache.org/maven2/org/codehaus/mojo/cobertura-maven-plugin/2.6/cobertura-maven-plugin-2.6.jar (48 kB at 163 kB/s)
Downloading from central: https://repo.maven.apache.org/maven2/org/apache/maven/plugins/maven-gpg-plugin/1.5/maven-gpg-plugin-1.5.pom
Progress (1): 4.1/6.6 kBProgress (1): 6.6 kB                        Downloaded from central: https://repo.maven.apache.org/maven2/org/apache/maven/plugins/maven-gpg-plugin/1.5/maven-gpg-plugin-1.5.pom (6.6 kB at 24 kB/s)
Downloading from central: https://repo.maven.apache.org/maven2/org/apache/maven/plugins/maven-gpg-plugin/1.5/maven-gpg-plugin-1.5.jar
Progress (1): 4.1/45 kBProgress (1): 8.2/45 kBProgress (1): 12/45 kB Progress (1): 16/45 kBProgress (1): 20/45 kBProgress (1): 25/45 kBProgress (1): 29/45 kBProgress (1): 33/45 kBProgress (1): 37/45 kBProgress (1): 41/45 kBProgress (1): 45 kB                      Downloaded from central: https://repo.maven.apache.org/maven2/org/apache/maven/plugins/maven-gpg-plugin/1.5/maven-gpg-plugin-1.5.jar (45 kB at 148 kB/s)
Downloading from central: https://repo.maven.apache.org/maven2/org/apache/maven/plugins/maven-jar-plugin/2.5/maven-jar-plugin-2.5.pom
Progress (1): 4.1/7.4 kBProgress (1): 7.4 kB                        Downloaded from central: https://repo.maven.apache.org/maven2/org/apache/maven/plugins/maven-jar-plugin/2.5/maven-jar-plugin-2.5.pom (7.4 kB at 26 kB/s)
Downloading from central: https://repo.maven.apache.org/maven2/org/apache/maven/plugins/maven-jar-plugin/2.5/maven-jar-plugin-2.5.jar
Progress (1): 4.1/25 kBProgress (1): 8.2/25 kBProgress (1): 12/25 kB Progress (1): 16/25 kBProgress (1): 20/25 kBProgress (1): 25/25 kBProgress (1): 25 kB                      Downloaded from central: https://repo.maven.apache.org/maven2/org/apache/maven/plugins/maven-jar-plugin/2.5/maven-jar-plugin-2.5.jar (25 kB at 88 kB/s)
Downloading from central: https://repo.maven.apache.org/maven2/org/apache/maven/plugins/maven-source-plugin/2.3/maven-source-plugin-2.3.pom
Progress (1): 4.1/6.6 kBProgress (1): 6.6 kB                        Downloaded from central: https://repo.maven.apache.org/maven2/org/apache/maven/plugins/maven-source-plugin/2.3/maven-source-plugin-2.3.pom (6.6 kB at 24 kB/s)
Downloading from central: https://repo.maven.apache.org/maven2/org/apache/maven/plugins/maven-source-plugin/2.3/maven-source-plugin-2.3.jar
Progress (1): 4.1/31 kBProgress (1): 8.2/31 kBProgress (1): 12/31 kB Progress (1): 16/31 kBProgress (1): 20/31 kBProgress (1): 25/31 kBProgress (1): 29/31 kBProgress (1): 31 kB                      Downloaded from central: https://repo.maven.apache.org/maven2/org/apache/maven/plugins/maven-source-plugin/2.3/maven-source-plugin-2.3.jar (31 kB at 108 kB/s)
[INFO] 
[INFO] ----------------------< org.rauschig:jarchivelib >----------------------
[INFO] Building Java archiving library 1.3.0-SNAPSHOT
[INFO] -------------------------------[ bundle ]-------------------------------
[INFO] 
[INFO] --- maven-clean-plugin:2.5:clean (default-clean) @ jarchivelib ---
[INFO] Deleting /Users/seyoung/data/repo/target
[INFO] 
[INFO] --- clover-maven-plugin:4.4.1:setup (default-cli) @ jarchivelib ---
[INFO] OpenClover Version 4.4.1, built on October 11 2019 (build-1020)
[INFO] Creating new database at '/Users/seyoung/data/repo/target/clover/clover.db'.
[INFO] Processing files at 1.8 source level.
[INFO] Clover all over. Instrumented 20 files (1 package).
[INFO] OpenClover Version 4.4.1, built on October 11 2019 (build-1020)
[INFO] Updating existing database at '/Users/seyoung/data/repo/target/clover/clover.db'.
[INFO] Processing files at 1.8 source level.
[INFO] Clover all over. Instrumented 17 files (1 package).
[INFO] 66 test methods detected.
[INFO] 
[INFO] --- maven-enforcer-plugin:1.2:enforce (enforce-maven) @ jarchivelib ---
[INFO] 
[INFO] --- maven-resources-plugin:3.2.0:resources (default-resources) @ jarchivelib ---
[INFO] Using 'UTF-8' encoding to copy filtered resources.
[INFO] Using 'UTF-8' encoding to copy filtered properties files.
[INFO] skip non existing resourceDirectory /Users/seyoung/data/repo/src/main/resources
[INFO] Copying 1 resource
[INFO] 
[INFO] --- maven-compiler-plugin:3.1:compile (default-compile) @ jarchivelib ---
[INFO] Changes detected - recompiling the module!
[INFO] Compiling 20 source files to /Users/seyoung/data/repo/target/classes
[INFO] 
[INFO] --- maven-resources-plugin:3.2.0:testResources (default-testResources) @ jarchivelib ---
[INFO] Using 'UTF-8' encoding to copy filtered resources.
[INFO] Using 'UTF-8' encoding to copy filtered properties files.
[INFO] Copying 21 resources
[INFO] 
[INFO] --- maven-compiler-plugin:3.1:testCompile (default-testCompile) @ jarchivelib ---
[INFO] Changes detected - recompiling the module!
[INFO] Compiling 17 source files to /Users/seyoung/data/repo/target/test-classes
[WARNING] /Users/seyoung/data/repo/target/clover/src-test-instrumented/org/rauschig/jarchivelib/Archiver7zTest.java: /Users/seyoung/data/repo/target/clover/src-test-instrumented/org/rauschig/jarchivelib/Archiver7zTest.java uses or overrides a deprecated API.
[WARNING] /Users/seyoung/data/repo/target/clover/src-test-instrumented/org/rauschig/jarchivelib/Archiver7zTest.java: Recompile with -Xlint:deprecation for details.
[INFO] 
[INFO] --- maven-surefire-plugin:3.0.0-M5:test (default-test) @ jarchivelib ---
[INFO] 
[INFO] -------------------------------------------------------
[INFO]  T E S T S
[INFO] -------------------------------------------------------
[INFO] Running org.rauschig.jarchivelib.PosixFilePermissionsMapperTest
[INFO] Tests run: 7, Failures: 0, Errors: 0, Skipped: 0, Time elapsed: 0.035 s - in org.rauschig.jarchivelib.PosixFilePermissionsMapperTest
[INFO] Running org.rauschig.jarchivelib.ArchiverTarTest
[INFO] Tests run: 21, Failures: 0, Errors: 0, Skipped: 0, Time elapsed: 0.109 s - in org.rauschig.jarchivelib.ArchiverTarTest
[INFO] Running org.rauschig.jarchivelib.ArchiverTarGzTest
[INFO] Tests run: 21, Failures: 0, Errors: 0, Skipped: 0, Time elapsed: 0.066 s - in org.rauschig.jarchivelib.ArchiverTarGzTest
[INFO] Running org.rauschig.jarchivelib.FactoryTest
[INFO] Tests run: 15, Failures: 0, Errors: 0, Skipped: 0, Time elapsed: 0.015 s - in org.rauschig.jarchivelib.FactoryTest
[INFO] Running org.rauschig.jarchivelib.FileTypeTest
[INFO] Tests run: 4, Failures: 0, Errors: 0, Skipped: 0, Time elapsed: 0 s - in org.rauschig.jarchivelib.FileTypeTest
[INFO] Running org.rauschig.jarchivelib.ArchiverZipTest
[INFO] Tests run: 20, Failures: 0, Errors: 0, Skipped: 0, Time elapsed: 0.108 s - in org.rauschig.jarchivelib.ArchiverZipTest
[INFO] Running org.rauschig.jarchivelib.ArchiverJarTest
[INFO] Tests run: 20, Failures: 0, Errors: 0, Skipped: 0, Time elapsed: 0.065 s - in org.rauschig.jarchivelib.ArchiverJarTest
[INFO] Running org.rauschig.jarchivelib.ExtractPermissionsTest
[INFO] Tests run: 8, Failures: 0, Errors: 0, Skipped: 0, Time elapsed: 0.033 s - in org.rauschig.jarchivelib.ExtractPermissionsTest
[INFO] Running org.rauschig.jarchivelib.ArchiveTarBzip2Test
[INFO] Tests run: 20, Failures: 0, Errors: 0, Skipped: 0, Time elapsed: 0.08 s - in org.rauschig.jarchivelib.ArchiveTarBzip2Test
[INFO] Running org.rauschig.jarchivelib.ArchiverCpioTest
[INFO] Tests run: 20, Failures: 0, Errors: 0, Skipped: 0, Time elapsed: 0.043 s - in org.rauschig.jarchivelib.ArchiverCpioTest
[INFO] Running org.rauschig.jarchivelib.CompressorGzipTest
[INFO] Tests run: 13, Failures: 0, Errors: 0, Skipped: 0, Time elapsed: 0.015 s - in org.rauschig.jarchivelib.CompressorGzipTest
[INFO] Running org.rauschig.jarchivelib.CompressorBzip2Test
[INFO] Tests run: 13, Failures: 0, Errors: 0, Skipped: 0, Time elapsed: 0.02 s - in org.rauschig.jarchivelib.CompressorBzip2Test
[INFO] Running org.rauschig.jarchivelib.CompressorXzTest
[INFO] Tests run: 13, Failures: 0, Errors: 0, Skipped: 0, Time elapsed: 0.059 s - in org.rauschig.jarchivelib.CompressorXzTest
[INFO] Running org.rauschig.jarchivelib.Archiver7zTest
[INFO] Tests run: 20, Failures: 0, Errors: 0, Skipped: 0, Time elapsed: 0.344 s - in org.rauschig.jarchivelib.Archiver7zTest
[INFO] 
[INFO] Results:
[INFO] 
[INFO] Tests run: 215, Failures: 0, Errors: 0, Skipped: 0
[INFO] 
[INFO] 
[INFO] ----------------------< org.rauschig:jarchivelib >----------------------
[INFO] Building Java archiving library 1.3.0-SNAPSHOT
[INFO] -------------------------------[ bundle ]-------------------------------
[INFO] 
[INFO] --- clover-maven-plugin:4.4.1:aggregate (default-cli) @ jarchivelib ---
[INFO] 
[INFO] ----------------------< org.rauschig:jarchivelib >----------------------
[INFO] Building Java archiving library 1.3.0-SNAPSHOT
[INFO] -------------------------------[ bundle ]-------------------------------
[INFO] 
[INFO] --- clover-maven-plugin:4.4.1:clover (default-cli) @ jarchivelib ---
[INFO] Using default-clover-report descriptor.
[INFO] Using Clover report descriptor: /var/folders/c3/vd5gtpms4730p559wddlm0zw0000gn/T/mvn7026018392516983321resource
[INFO] OpenClover Version 4.4.1, built on October 11 2019 (build-1020)
[INFO] Clover is enabled with initstring '/Users/seyoung/data/repo/target/clover/clover.db'
[INFO] OpenClover Version 4.4.1, built on October 11 2019 (build-1020)
[INFO] Loading coverage database from: '/Users/seyoung/data/repo/target/clover/clover.db'
[INFO] Writing report to '/Users/seyoung/data/repo/target/site/clover/clover.xml'
[INFO] ------------------------------------------------------------------------
[INFO] BUILD SUCCESS
[INFO] ------------------------------------------------------------------------
[INFO] Total time:  12.534 s
[INFO] Finished at: 2021-11-27T09:35:18+09:00
[INFO] ------------------------------------------------------------------------
[main][10/14] cp repo/target/site/clover/clover.xml ./clover.xml
[main][11/14] python identify_tests.py
Done.
[main][12/14] mkdir -p clover
[main][13/14] bash tests.sh
[test][1/33] org.rauschig.jarchivelib.Archiver7zTest#extract_properlyExtractsArchiveStream
[test][2/33] org.rauschig.jarchivelib.ArchiverTarGzTest#getFilenameExtension_targz_returnsCorrectFilenameExtension
[test][3/33] org.rauschig.jarchivelib.ArchiverTarTest#getFilenameExtension_tar_returnsCorrectFilenameExtension
[test][4/33] org.rauschig.jarchivelib.ExtractPermissionsTest#extract_restoresJavaFilePermissions
[test][5/33] org.rauschig.jarchivelib.ExtractPermissionsTest#extract_restoresUnixPermissions
[test][6/33] org.rauschig.jarchivelib.ExtractPermissionsTest#extract_stream_restoresJavaPermissions
[test][7/33] org.rauschig.jarchivelib.ExtractPermissionsTest#extract_stream_restoresUnixPermissions
[test][8/33] org.rauschig.jarchivelib.FactoryTest#createArchiver_fromArchiveFile_returnsCorrectArchiver
[test][9/33] org.rauschig.jarchivelib.FactoryTest#createArchiver_fromCompressedArchiveFile_returnsCorrectArchiver
[test][10/33] org.rauschig.jarchivelib.FactoryTest#createArchiver_fromStringArchiveAndCompressionFormat_returnsCorrectArchiver
[test][11/33] org.rauschig.jarchivelib.FactoryTest#createArchiver_fromStringArchiveFormat_returnsCorrectArchiver
[test][12/33] org.rauschig.jarchivelib.FactoryTest#createArchiver_fromUnknownArchiveType_fails
[test][13/33] org.rauschig.jarchivelib.FactoryTest#createArchiver_fromUnknownFileExtension_fails
[test][14/33] org.rauschig.jarchivelib.FactoryTest#createArchiver_withUnknownArchiveAndCompressionType_fails
[test][15/33] org.rauschig.jarchivelib.FactoryTest#createArchiver_withUnknownArchiveType_fails
[test][16/33] org.rauschig.jarchivelib.FactoryTest#createArchiver_withUnknownCompressionType_fails
[test][17/33] org.rauschig.jarchivelib.FactoryTest#createCompressor_fromFile_returnsCorrectCompressor
[test][18/33] org.rauschig.jarchivelib.FactoryTest#createCompressor_fromStringCompressionFormat_returnsCorrectCompressor
[test][19/33] org.rauschig.jarchivelib.FactoryTest#createCompressor_fromUnknownCompressionType_fails
[test][20/33] org.rauschig.jarchivelib.FactoryTest#createCompressor_fromUnknownFileExtension_fails
[test][21/33] org.rauschig.jarchivelib.FactoryTest#createCompressor_fromUnknownFileType_throwsException
[test][22/33] org.rauschig.jarchivelib.FactoryTest#createCompressor_withUnknownCompressionType_fails
[test][23/33] org.rauschig.jarchivelib.FileTypeTest#get_archive_returnsCorrectFileType
[test][24/33] org.rauschig.jarchivelib.FileTypeTest#get_compressedArchive_returnsCorrectFileType
[test][25/33] org.rauschig.jarchivelib.FileTypeTest#get_compressed_returnsCorrectFileType
[test][26/33] org.rauschig.jarchivelib.FileTypeTest#get_unknownExtension_returnsUnknown
[test][27/33] org.rauschig.jarchivelib.PosixFilePermissionsMapperTest#allPermissions
[test][28/33] org.rauschig.jarchivelib.PosixFilePermissionsMapperTest#groupPermissions
[test][29/33] org.rauschig.jarchivelib.PosixFilePermissionsMapperTest#noPermissions
[test][30/33] org.rauschig.jarchivelib.PosixFilePermissionsMapperTest#othersPermissions
[test][31/33] org.rauschig.jarchivelib.PosixFilePermissionsMapperTest#ownerPermissions
[test][32/33] org.rauschig.jarchivelib.PosixFilePermissionsMapperTest#permissionCombinations
[test][33/33] org.rauschig.jarchivelib.PosixFilePermissionsMapperTest#permissionsSameForAll
[main][14/14] python parse_data.py
  0%|          | 0/33 [00:00<?, ?it/s] 94%|█████████▍| 31/33 [00:00<00:00, 303.15it/s]100%|██████████| 33/33 [00:00<00:00, 305.61it/s]
except: org.rauschig.jarchivelib.ExtractPermissionsTest#extract_restoresJavaFilePermissions
except: org.rauschig.jarchivelib.ExtractPermissionsTest#extract_restoresUnixPermissions
except: org.rauschig.jarchivelib.ExtractPermissionsTest#extract_stream_restoresJavaPermissions
except: org.rauschig.jarchivelib.ExtractPermissionsTest#extract_stream_restoresUnixPermissions
Done.
